[2023-11-22T15:33:51.961+0500] {taskinstance.py:1159} INFO - Dependencies all met for dep_context=non-requeueable deps ti=<TaskInstance: competition.train_model scheduled__2023-11-21T02:00:00+00:00 [queued]>
[2023-11-22T15:33:52.002+0500] {taskinstance.py:1159} INFO - Dependencies all met for dep_context=requeueable deps ti=<TaskInstance: competition.train_model scheduled__2023-11-21T02:00:00+00:00 [queued]>
[2023-11-22T15:33:52.003+0500] {taskinstance.py:1361} INFO - Starting attempt 1 of 2
[2023-11-22T15:33:52.056+0500] {taskinstance.py:1382} INFO - Executing <Task(BashOperator): train_model> on 2023-11-21 02:00:00+00:00
[2023-11-22T15:33:52.072+0500] {standard_task_runner.py:57} INFO - Started process 12066 to run task
[2023-11-22T15:33:52.084+0500] {standard_task_runner.py:84} INFO - Running: ['airflow', 'tasks', 'run', 'competition', 'train_model', 'scheduled__2023-11-21T02:00:00+00:00', '--job-id', '60', '--raw', '--subdir', 'DAGS_FOLDER/competition_score.py', '--cfg-path', '/tmp/tmp64w4uboq']
[2023-11-22T15:33:52.089+0500] {standard_task_runner.py:85} INFO - Job 60: Subtask train_model
[2023-11-22T15:33:52.331+0500] {task_command.py:416} INFO - Running <TaskInstance: competition.train_model scheduled__2023-11-21T02:00:00+00:00 [running]> on host Acer
[2023-11-22T15:33:52.743+0500] {taskinstance.py:1662} INFO - Exporting env vars: AIRFLOW_CTX_DAG_OWNER='makar' AIRFLOW_CTX_DAG_ID='competition' AIRFLOW_CTX_TASK_ID='train_model' AIRFLOW_CTX_EXECUTION_DATE='2023-11-21T02:00:00+00:00' AIRFLOW_CTX_TRY_NUMBER='1' AIRFLOW_CTX_DAG_RUN_ID='scheduled__2023-11-21T02:00:00+00:00'
[2023-11-22T15:33:52.749+0500] {subprocess.py:63} INFO - Tmp dir root location: /tmp
[2023-11-22T15:33:52.752+0500] {subprocess.py:75} INFO - Running command: ['/usr/bin/bash', '-c', 'python3 /home/makar/MLops_3/scripts/train_model.py']
[2023-11-22T15:33:52.794+0500] {subprocess.py:86} INFO - Output:
[2023-11-22T15:34:19.015+0500] {subprocess.py:93} INFO - /home/makar/.local/lib/python3.10/site-packages/_distutils_hack/__init__.py:33: UserWarning: Setuptools is replacing distutils.
[2023-11-22T15:34:19.017+0500] {subprocess.py:93} INFO -   warnings.warn("Setuptools is replacing distutils.")
[2023-11-22T15:34:19.489+0500] {subprocess.py:93} INFO - Registered model 'rf_regressor' already exists. Creating a new version of this model...
[2023-11-22T15:34:19.646+0500] {subprocess.py:93} INFO - Created version '4' of model 'rf_regressor'.
[2023-11-22T15:34:19.797+0500] {subprocess.py:93} INFO - /home/makar/MLops_3/scripts/train_model.py:25: DataConversionWarning: A column-vector y was passed when a 1d array was expected. Please change the shape of y to (n_samples,), for example using ravel().
[2023-11-22T15:34:19.801+0500] {subprocess.py:93} INFO -   rf_regressor.fit(X_train, y_train)
[2023-11-22T15:34:45.793+0500] {subprocess.py:97} INFO - Command exited with return code 0
[2023-11-22T15:34:45.925+0500] {taskinstance.py:1400} INFO - Marking task as SUCCESS. dag_id=competition, task_id=train_model, execution_date=20231121T020000, start_date=20231122T103351, end_date=20231122T103445
[2023-11-22T15:34:46.021+0500] {local_task_job_runner.py:228} INFO - Task exited with return code 0
[2023-11-22T15:34:46.125+0500] {taskinstance.py:2778} INFO - 1 downstream tasks scheduled from follow-on schedule check
