[2023-11-22T15:47:47.269+0500] {taskinstance.py:1159} INFO - Dependencies all met for dep_context=non-requeueable deps ti=<TaskInstance: competition.train_model scheduled__2023-11-21T00:00:00+00:00 [queued]>
[2023-11-22T15:47:47.309+0500] {taskinstance.py:1159} INFO - Dependencies all met for dep_context=requeueable deps ti=<TaskInstance: competition.train_model scheduled__2023-11-21T00:00:00+00:00 [queued]>
[2023-11-22T15:47:47.311+0500] {taskinstance.py:1361} INFO - Starting attempt 1 of 2
[2023-11-22T15:47:47.373+0500] {taskinstance.py:1382} INFO - Executing <Task(BashOperator): train_model> on 2023-11-21 00:00:00+00:00
[2023-11-22T15:47:47.391+0500] {standard_task_runner.py:57} INFO - Started process 15660 to run task
[2023-11-22T15:47:47.402+0500] {standard_task_runner.py:84} INFO - Running: ['airflow', 'tasks', 'run', 'competition', 'train_model', 'scheduled__2023-11-21T00:00:00+00:00', '--job-id', '81', '--raw', '--subdir', 'DAGS_FOLDER/competition_score.py', '--cfg-path', '/tmp/tmpa2qmh84e']
[2023-11-22T15:47:47.407+0500] {standard_task_runner.py:85} INFO - Job 81: Subtask train_model
[2023-11-22T15:47:47.671+0500] {task_command.py:416} INFO - Running <TaskInstance: competition.train_model scheduled__2023-11-21T00:00:00+00:00 [running]> on host Acer
[2023-11-22T15:47:48.072+0500] {taskinstance.py:1662} INFO - Exporting env vars: AIRFLOW_CTX_DAG_OWNER='makar' AIRFLOW_CTX_DAG_ID='competition' AIRFLOW_CTX_TASK_ID='train_model' AIRFLOW_CTX_EXECUTION_DATE='2023-11-21T00:00:00+00:00' AIRFLOW_CTX_TRY_NUMBER='1' AIRFLOW_CTX_DAG_RUN_ID='scheduled__2023-11-21T00:00:00+00:00'
[2023-11-22T15:47:48.078+0500] {subprocess.py:63} INFO - Tmp dir root location: /tmp
[2023-11-22T15:47:48.079+0500] {subprocess.py:75} INFO - Running command: ['/usr/bin/bash', '-c', 'python3 /home/makar/MLops_3/scripts/train_model.py']
[2023-11-22T15:47:48.112+0500] {subprocess.py:86} INFO - Output:
[2023-11-22T15:48:11.142+0500] {subprocess.py:93} INFO - /home/makar/.local/lib/python3.10/site-packages/_distutils_hack/__init__.py:33: UserWarning: Setuptools is replacing distutils.
[2023-11-22T15:48:11.143+0500] {subprocess.py:93} INFO -   warnings.warn("Setuptools is replacing distutils.")
[2023-11-22T15:48:11.429+0500] {subprocess.py:93} INFO - Registered model 'rf_regressor' already exists. Creating a new version of this model...
[2023-11-22T15:48:11.535+0500] {subprocess.py:93} INFO - Created version '7' of model 'rf_regressor'.
[2023-11-22T15:48:11.611+0500] {subprocess.py:93} INFO - /home/makar/MLops_3/scripts/train_model.py:25: DataConversionWarning: A column-vector y was passed when a 1d array was expected. Please change the shape of y to (n_samples,), for example using ravel().
[2023-11-22T15:48:11.612+0500] {subprocess.py:93} INFO -   rf_regressor.fit(X_train, y_train)
[2023-11-22T15:48:36.748+0500] {subprocess.py:97} INFO - Command exited with return code 0
[2023-11-22T15:48:36.923+0500] {taskinstance.py:1400} INFO - Marking task as SUCCESS. dag_id=competition, task_id=train_model, execution_date=20231121T000000, start_date=20231122T104747, end_date=20231122T104836
[2023-11-22T15:48:37.011+0500] {local_task_job_runner.py:228} INFO - Task exited with return code 0
[2023-11-22T15:48:37.202+0500] {taskinstance.py:2778} INFO - 1 downstream tasks scheduled from follow-on schedule check
