[2023-11-22T15:45:25.208+0500] {taskinstance.py:1159} INFO - Dependencies all met for dep_context=non-requeueable deps ti=<TaskInstance: competition.train_model scheduled__2023-11-21T04:00:00+00:00 [queued]>
[2023-11-22T15:45:25.249+0500] {taskinstance.py:1159} INFO - Dependencies all met for dep_context=requeueable deps ti=<TaskInstance: competition.train_model scheduled__2023-11-21T04:00:00+00:00 [queued]>
[2023-11-22T15:45:25.250+0500] {taskinstance.py:1361} INFO - Starting attempt 1 of 2
[2023-11-22T15:45:25.338+0500] {taskinstance.py:1382} INFO - Executing <Task(BashOperator): train_model> on 2023-11-21 04:00:00+00:00
[2023-11-22T15:45:25.358+0500] {standard_task_runner.py:57} INFO - Started process 14975 to run task
[2023-11-22T15:45:25.373+0500] {standard_task_runner.py:84} INFO - Running: ['airflow', 'tasks', 'run', 'competition', 'train_model', 'scheduled__2023-11-21T04:00:00+00:00', '--job-id', '76', '--raw', '--subdir', 'DAGS_FOLDER/competition_score.py', '--cfg-path', '/tmp/tmp6gd32ebf']
[2023-11-22T15:45:25.379+0500] {standard_task_runner.py:85} INFO - Job 76: Subtask train_model
[2023-11-22T15:45:25.603+0500] {task_command.py:416} INFO - Running <TaskInstance: competition.train_model scheduled__2023-11-21T04:00:00+00:00 [running]> on host Acer
[2023-11-22T15:45:26.025+0500] {taskinstance.py:1662} INFO - Exporting env vars: AIRFLOW_CTX_DAG_OWNER='makar' AIRFLOW_CTX_DAG_ID='competition' AIRFLOW_CTX_TASK_ID='train_model' AIRFLOW_CTX_EXECUTION_DATE='2023-11-21T04:00:00+00:00' AIRFLOW_CTX_TRY_NUMBER='1' AIRFLOW_CTX_DAG_RUN_ID='scheduled__2023-11-21T04:00:00+00:00'
[2023-11-22T15:45:26.031+0500] {subprocess.py:63} INFO - Tmp dir root location: /tmp
[2023-11-22T15:45:26.032+0500] {subprocess.py:75} INFO - Running command: ['/usr/bin/bash', '-c', 'python3 /home/makar/MLops_3/scripts/train_model.py']
[2023-11-22T15:45:26.065+0500] {subprocess.py:86} INFO - Output:
[2023-11-22T15:45:50.030+0500] {subprocess.py:93} INFO - /home/makar/.local/lib/python3.10/site-packages/_distutils_hack/__init__.py:33: UserWarning: Setuptools is replacing distutils.
[2023-11-22T15:45:50.031+0500] {subprocess.py:93} INFO -   warnings.warn("Setuptools is replacing distutils.")
[2023-11-22T15:45:50.345+0500] {subprocess.py:93} INFO - Registered model 'rf_regressor' already exists. Creating a new version of this model...
[2023-11-22T15:45:50.439+0500] {subprocess.py:93} INFO - Created version '6' of model 'rf_regressor'.
[2023-11-22T15:45:50.510+0500] {subprocess.py:93} INFO - /home/makar/MLops_3/scripts/train_model.py:25: DataConversionWarning: A column-vector y was passed when a 1d array was expected. Please change the shape of y to (n_samples,), for example using ravel().
[2023-11-22T15:45:50.511+0500] {subprocess.py:93} INFO -   rf_regressor.fit(X_train, y_train)
[2023-11-22T15:46:15.250+0500] {subprocess.py:97} INFO - Command exited with return code 0
[2023-11-22T15:46:15.400+0500] {taskinstance.py:1400} INFO - Marking task as SUCCESS. dag_id=competition, task_id=train_model, execution_date=20231121T040000, start_date=20231122T104525, end_date=20231122T104615
[2023-11-22T15:46:15.475+0500] {local_task_job_runner.py:228} INFO - Task exited with return code 0
[2023-11-22T15:46:15.566+0500] {taskinstance.py:2778} INFO - 1 downstream tasks scheduled from follow-on schedule check
