[2023-11-22T15:27:07.398+0500] {processor.py:157} INFO - Started process (PID=9894) to work on /usr/local/lib/python3.10/dist-packages/airflow/example_dags/subdags/subdag.py
[2023-11-22T15:27:07.400+0500] {processor.py:829} INFO - Processing file /usr/local/lib/python3.10/dist-packages/airflow/example_dags/subdags/subdag.py for tasks to queue
[2023-11-22T15:27:07.403+0500] {logging_mixin.py:154} INFO - [2023-11-22T15:27:07.402+0500] {dagbag.py:536} INFO - Filling up the DagBag from /usr/local/lib/python3.10/dist-packages/airflow/example_dags/subdags/subdag.py
[2023-11-22T15:27:07.409+0500] {processor.py:841} WARNING - No viable dags retrieved from /usr/local/lib/python3.10/dist-packages/airflow/example_dags/subdags/subdag.py
[2023-11-22T15:27:07.472+0500] {processor.py:179} INFO - Processing /usr/local/lib/python3.10/dist-packages/airflow/example_dags/subdags/subdag.py took 0.084 seconds
[2023-11-22T15:27:37.937+0500] {processor.py:157} INFO - Started process (PID=10026) to work on /usr/local/lib/python3.10/dist-packages/airflow/example_dags/subdags/subdag.py
[2023-11-22T15:27:37.954+0500] {processor.py:829} INFO - Processing file /usr/local/lib/python3.10/dist-packages/airflow/example_dags/subdags/subdag.py for tasks to queue
[2023-11-22T15:27:37.957+0500] {logging_mixin.py:154} INFO - [2023-11-22T15:27:37.956+0500] {dagbag.py:536} INFO - Filling up the DagBag from /usr/local/lib/python3.10/dist-packages/airflow/example_dags/subdags/subdag.py
[2023-11-22T15:27:37.963+0500] {processor.py:841} WARNING - No viable dags retrieved from /usr/local/lib/python3.10/dist-packages/airflow/example_dags/subdags/subdag.py
[2023-11-22T15:27:38.027+0500] {processor.py:179} INFO - Processing /usr/local/lib/python3.10/dist-packages/airflow/example_dags/subdags/subdag.py took 0.101 seconds
[2023-11-22T15:28:08.252+0500] {processor.py:157} INFO - Started process (PID=10139) to work on /usr/local/lib/python3.10/dist-packages/airflow/example_dags/subdags/subdag.py
[2023-11-22T15:28:08.255+0500] {processor.py:829} INFO - Processing file /usr/local/lib/python3.10/dist-packages/airflow/example_dags/subdags/subdag.py for tasks to queue
[2023-11-22T15:28:08.258+0500] {logging_mixin.py:154} INFO - [2023-11-22T15:28:08.257+0500] {dagbag.py:536} INFO - Filling up the DagBag from /usr/local/lib/python3.10/dist-packages/airflow/example_dags/subdags/subdag.py
[2023-11-22T15:28:08.264+0500] {processor.py:841} WARNING - No viable dags retrieved from /usr/local/lib/python3.10/dist-packages/airflow/example_dags/subdags/subdag.py
[2023-11-22T15:28:08.328+0500] {processor.py:179} INFO - Processing /usr/local/lib/python3.10/dist-packages/airflow/example_dags/subdags/subdag.py took 0.088 seconds
[2023-11-22T15:28:38.469+0500] {processor.py:157} INFO - Started process (PID=10261) to work on /usr/local/lib/python3.10/dist-packages/airflow/example_dags/subdags/subdag.py
[2023-11-22T15:28:38.472+0500] {processor.py:829} INFO - Processing file /usr/local/lib/python3.10/dist-packages/airflow/example_dags/subdags/subdag.py for tasks to queue
[2023-11-22T15:28:38.475+0500] {logging_mixin.py:154} INFO - [2023-11-22T15:28:38.474+0500] {dagbag.py:536} INFO - Filling up the DagBag from /usr/local/lib/python3.10/dist-packages/airflow/example_dags/subdags/subdag.py
[2023-11-22T15:28:38.482+0500] {processor.py:841} WARNING - No viable dags retrieved from /usr/local/lib/python3.10/dist-packages/airflow/example_dags/subdags/subdag.py
[2023-11-22T15:28:38.564+0500] {processor.py:179} INFO - Processing /usr/local/lib/python3.10/dist-packages/airflow/example_dags/subdags/subdag.py took 0.119 seconds
[2023-11-22T15:29:09.003+0500] {processor.py:157} INFO - Started process (PID=10388) to work on /usr/local/lib/python3.10/dist-packages/airflow/example_dags/subdags/subdag.py
[2023-11-22T15:29:09.006+0500] {processor.py:829} INFO - Processing file /usr/local/lib/python3.10/dist-packages/airflow/example_dags/subdags/subdag.py for tasks to queue
[2023-11-22T15:29:09.008+0500] {logging_mixin.py:154} INFO - [2023-11-22T15:29:09.008+0500] {dagbag.py:536} INFO - Filling up the DagBag from /usr/local/lib/python3.10/dist-packages/airflow/example_dags/subdags/subdag.py
[2023-11-22T15:29:09.015+0500] {processor.py:841} WARNING - No viable dags retrieved from /usr/local/lib/python3.10/dist-packages/airflow/example_dags/subdags/subdag.py
[2023-11-22T15:29:09.075+0500] {processor.py:179} INFO - Processing /usr/local/lib/python3.10/dist-packages/airflow/example_dags/subdags/subdag.py took 0.083 seconds
[2023-11-22T15:29:39.793+0500] {processor.py:157} INFO - Started process (PID=10533) to work on /usr/local/lib/python3.10/dist-packages/airflow/example_dags/subdags/subdag.py
[2023-11-22T15:29:39.799+0500] {processor.py:829} INFO - Processing file /usr/local/lib/python3.10/dist-packages/airflow/example_dags/subdags/subdag.py for tasks to queue
[2023-11-22T15:29:39.801+0500] {logging_mixin.py:154} INFO - [2023-11-22T15:29:39.800+0500] {dagbag.py:536} INFO - Filling up the DagBag from /usr/local/lib/python3.10/dist-packages/airflow/example_dags/subdags/subdag.py
[2023-11-22T15:29:39.809+0500] {processor.py:841} WARNING - No viable dags retrieved from /usr/local/lib/python3.10/dist-packages/airflow/example_dags/subdags/subdag.py
[2023-11-22T15:29:39.888+0500] {processor.py:179} INFO - Processing /usr/local/lib/python3.10/dist-packages/airflow/example_dags/subdags/subdag.py took 0.108 seconds
[2023-11-22T15:30:10.190+0500] {processor.py:157} INFO - Started process (PID=10925) to work on /usr/local/lib/python3.10/dist-packages/airflow/example_dags/subdags/subdag.py
[2023-11-22T15:30:10.193+0500] {processor.py:829} INFO - Processing file /usr/local/lib/python3.10/dist-packages/airflow/example_dags/subdags/subdag.py for tasks to queue
[2023-11-22T15:30:10.196+0500] {logging_mixin.py:154} INFO - [2023-11-22T15:30:10.195+0500] {dagbag.py:536} INFO - Filling up the DagBag from /usr/local/lib/python3.10/dist-packages/airflow/example_dags/subdags/subdag.py
[2023-11-22T15:30:10.204+0500] {processor.py:841} WARNING - No viable dags retrieved from /usr/local/lib/python3.10/dist-packages/airflow/example_dags/subdags/subdag.py
[2023-11-22T15:30:10.271+0500] {processor.py:179} INFO - Processing /usr/local/lib/python3.10/dist-packages/airflow/example_dags/subdags/subdag.py took 0.095 seconds
[2023-11-22T15:30:40.755+0500] {processor.py:157} INFO - Started process (PID=11088) to work on /usr/local/lib/python3.10/dist-packages/airflow/example_dags/subdags/subdag.py
[2023-11-22T15:30:40.767+0500] {processor.py:829} INFO - Processing file /usr/local/lib/python3.10/dist-packages/airflow/example_dags/subdags/subdag.py for tasks to queue
[2023-11-22T15:30:40.770+0500] {logging_mixin.py:154} INFO - [2023-11-22T15:30:40.769+0500] {dagbag.py:536} INFO - Filling up the DagBag from /usr/local/lib/python3.10/dist-packages/airflow/example_dags/subdags/subdag.py
[2023-11-22T15:30:40.782+0500] {processor.py:841} WARNING - No viable dags retrieved from /usr/local/lib/python3.10/dist-packages/airflow/example_dags/subdags/subdag.py
[2023-11-22T15:30:40.861+0500] {processor.py:179} INFO - Processing /usr/local/lib/python3.10/dist-packages/airflow/example_dags/subdags/subdag.py took 0.124 seconds
[2023-11-22T15:31:11.800+0500] {processor.py:157} INFO - Started process (PID=11264) to work on /usr/local/lib/python3.10/dist-packages/airflow/example_dags/subdags/subdag.py
[2023-11-22T15:31:11.819+0500] {processor.py:829} INFO - Processing file /usr/local/lib/python3.10/dist-packages/airflow/example_dags/subdags/subdag.py for tasks to queue
[2023-11-22T15:31:11.822+0500] {logging_mixin.py:154} INFO - [2023-11-22T15:31:11.821+0500] {dagbag.py:536} INFO - Filling up the DagBag from /usr/local/lib/python3.10/dist-packages/airflow/example_dags/subdags/subdag.py
[2023-11-22T15:31:11.831+0500] {processor.py:841} WARNING - No viable dags retrieved from /usr/local/lib/python3.10/dist-packages/airflow/example_dags/subdags/subdag.py
[2023-11-22T15:31:11.907+0500] {processor.py:179} INFO - Processing /usr/local/lib/python3.10/dist-packages/airflow/example_dags/subdags/subdag.py took 0.118 seconds
[2023-11-22T15:31:42.196+0500] {processor.py:157} INFO - Started process (PID=11424) to work on /usr/local/lib/python3.10/dist-packages/airflow/example_dags/subdags/subdag.py
[2023-11-22T15:31:42.198+0500] {processor.py:829} INFO - Processing file /usr/local/lib/python3.10/dist-packages/airflow/example_dags/subdags/subdag.py for tasks to queue
[2023-11-22T15:31:42.200+0500] {logging_mixin.py:154} INFO - [2023-11-22T15:31:42.200+0500] {dagbag.py:536} INFO - Filling up the DagBag from /usr/local/lib/python3.10/dist-packages/airflow/example_dags/subdags/subdag.py
[2023-11-22T15:31:42.208+0500] {processor.py:841} WARNING - No viable dags retrieved from /usr/local/lib/python3.10/dist-packages/airflow/example_dags/subdags/subdag.py
[2023-11-22T15:31:42.278+0500] {processor.py:179} INFO - Processing /usr/local/lib/python3.10/dist-packages/airflow/example_dags/subdags/subdag.py took 0.095 seconds
[2023-11-22T15:32:12.590+0500] {processor.py:157} INFO - Started process (PID=11587) to work on /usr/local/lib/python3.10/dist-packages/airflow/example_dags/subdags/subdag.py
[2023-11-22T15:32:12.596+0500] {processor.py:829} INFO - Processing file /usr/local/lib/python3.10/dist-packages/airflow/example_dags/subdags/subdag.py for tasks to queue
[2023-11-22T15:32:12.599+0500] {logging_mixin.py:154} INFO - [2023-11-22T15:32:12.598+0500] {dagbag.py:536} INFO - Filling up the DagBag from /usr/local/lib/python3.10/dist-packages/airflow/example_dags/subdags/subdag.py
[2023-11-22T15:32:12.606+0500] {processor.py:841} WARNING - No viable dags retrieved from /usr/local/lib/python3.10/dist-packages/airflow/example_dags/subdags/subdag.py
[2023-11-22T15:32:12.679+0500] {processor.py:179} INFO - Processing /usr/local/lib/python3.10/dist-packages/airflow/example_dags/subdags/subdag.py took 0.102 seconds
[2023-11-22T15:32:44.643+0500] {processor.py:157} INFO - Started process (PID=11744) to work on /usr/local/lib/python3.10/dist-packages/airflow/example_dags/subdags/subdag.py
[2023-11-22T15:32:44.646+0500] {processor.py:829} INFO - Processing file /usr/local/lib/python3.10/dist-packages/airflow/example_dags/subdags/subdag.py for tasks to queue
[2023-11-22T15:32:44.649+0500] {logging_mixin.py:154} INFO - [2023-11-22T15:32:44.648+0500] {dagbag.py:536} INFO - Filling up the DagBag from /usr/local/lib/python3.10/dist-packages/airflow/example_dags/subdags/subdag.py
[2023-11-22T15:32:44.656+0500] {processor.py:841} WARNING - No viable dags retrieved from /usr/local/lib/python3.10/dist-packages/airflow/example_dags/subdags/subdag.py
[2023-11-22T15:32:44.730+0500] {processor.py:179} INFO - Processing /usr/local/lib/python3.10/dist-packages/airflow/example_dags/subdags/subdag.py took 0.099 seconds
[2023-11-22T15:33:15.228+0500] {processor.py:157} INFO - Started process (PID=11878) to work on /usr/local/lib/python3.10/dist-packages/airflow/example_dags/subdags/subdag.py
[2023-11-22T15:33:15.230+0500] {processor.py:829} INFO - Processing file /usr/local/lib/python3.10/dist-packages/airflow/example_dags/subdags/subdag.py for tasks to queue
[2023-11-22T15:33:15.233+0500] {logging_mixin.py:154} INFO - [2023-11-22T15:33:15.232+0500] {dagbag.py:536} INFO - Filling up the DagBag from /usr/local/lib/python3.10/dist-packages/airflow/example_dags/subdags/subdag.py
[2023-11-22T15:33:15.240+0500] {processor.py:841} WARNING - No viable dags retrieved from /usr/local/lib/python3.10/dist-packages/airflow/example_dags/subdags/subdag.py
[2023-11-22T15:33:15.308+0500] {processor.py:179} INFO - Processing /usr/local/lib/python3.10/dist-packages/airflow/example_dags/subdags/subdag.py took 0.091 seconds
[2023-11-22T15:33:45.514+0500] {processor.py:157} INFO - Started process (PID=12028) to work on /usr/local/lib/python3.10/dist-packages/airflow/example_dags/subdags/subdag.py
[2023-11-22T15:33:45.520+0500] {processor.py:829} INFO - Processing file /usr/local/lib/python3.10/dist-packages/airflow/example_dags/subdags/subdag.py for tasks to queue
[2023-11-22T15:33:45.524+0500] {logging_mixin.py:154} INFO - [2023-11-22T15:33:45.523+0500] {dagbag.py:536} INFO - Filling up the DagBag from /usr/local/lib/python3.10/dist-packages/airflow/example_dags/subdags/subdag.py
[2023-11-22T15:33:45.535+0500] {processor.py:841} WARNING - No viable dags retrieved from /usr/local/lib/python3.10/dist-packages/airflow/example_dags/subdags/subdag.py
[2023-11-22T15:33:45.606+0500] {processor.py:179} INFO - Processing /usr/local/lib/python3.10/dist-packages/airflow/example_dags/subdags/subdag.py took 0.110 seconds
[2023-11-22T15:34:15.911+0500] {processor.py:157} INFO - Started process (PID=12166) to work on /usr/local/lib/python3.10/dist-packages/airflow/example_dags/subdags/subdag.py
[2023-11-22T15:34:15.916+0500] {processor.py:829} INFO - Processing file /usr/local/lib/python3.10/dist-packages/airflow/example_dags/subdags/subdag.py for tasks to queue
[2023-11-22T15:34:15.926+0500] {logging_mixin.py:154} INFO - [2023-11-22T15:34:15.919+0500] {dagbag.py:536} INFO - Filling up the DagBag from /usr/local/lib/python3.10/dist-packages/airflow/example_dags/subdags/subdag.py
[2023-11-22T15:34:15.943+0500] {processor.py:841} WARNING - No viable dags retrieved from /usr/local/lib/python3.10/dist-packages/airflow/example_dags/subdags/subdag.py
[2023-11-22T15:34:16.052+0500] {processor.py:179} INFO - Processing /usr/local/lib/python3.10/dist-packages/airflow/example_dags/subdags/subdag.py took 0.171 seconds
[2023-11-22T15:34:46.726+0500] {processor.py:157} INFO - Started process (PID=12294) to work on /usr/local/lib/python3.10/dist-packages/airflow/example_dags/subdags/subdag.py
[2023-11-22T15:34:46.729+0500] {processor.py:829} INFO - Processing file /usr/local/lib/python3.10/dist-packages/airflow/example_dags/subdags/subdag.py for tasks to queue
[2023-11-22T15:34:46.732+0500] {logging_mixin.py:154} INFO - [2023-11-22T15:34:46.731+0500] {dagbag.py:536} INFO - Filling up the DagBag from /usr/local/lib/python3.10/dist-packages/airflow/example_dags/subdags/subdag.py
[2023-11-22T15:34:46.748+0500] {processor.py:841} WARNING - No viable dags retrieved from /usr/local/lib/python3.10/dist-packages/airflow/example_dags/subdags/subdag.py
[2023-11-22T15:34:46.825+0500] {processor.py:179} INFO - Processing /usr/local/lib/python3.10/dist-packages/airflow/example_dags/subdags/subdag.py took 0.116 seconds
[2023-11-22T15:35:17.282+0500] {processor.py:157} INFO - Started process (PID=12898) to work on /usr/local/lib/python3.10/dist-packages/airflow/example_dags/subdags/subdag.py
[2023-11-22T15:35:17.285+0500] {processor.py:829} INFO - Processing file /usr/local/lib/python3.10/dist-packages/airflow/example_dags/subdags/subdag.py for tasks to queue
[2023-11-22T15:35:17.288+0500] {logging_mixin.py:154} INFO - [2023-11-22T15:35:17.287+0500] {dagbag.py:536} INFO - Filling up the DagBag from /usr/local/lib/python3.10/dist-packages/airflow/example_dags/subdags/subdag.py
[2023-11-22T15:35:17.296+0500] {processor.py:841} WARNING - No viable dags retrieved from /usr/local/lib/python3.10/dist-packages/airflow/example_dags/subdags/subdag.py
[2023-11-22T15:35:17.431+0500] {processor.py:179} INFO - Processing /usr/local/lib/python3.10/dist-packages/airflow/example_dags/subdags/subdag.py took 0.162 seconds
[2023-11-22T15:40:02.045+0500] {processor.py:157} INFO - Started process (PID=13432) to work on /usr/local/lib/python3.10/dist-packages/airflow/example_dags/subdags/subdag.py
[2023-11-22T15:40:02.052+0500] {processor.py:829} INFO - Processing file /usr/local/lib/python3.10/dist-packages/airflow/example_dags/subdags/subdag.py for tasks to queue
[2023-11-22T15:40:02.055+0500] {logging_mixin.py:154} INFO - [2023-11-22T15:40:02.054+0500] {dagbag.py:536} INFO - Filling up the DagBag from /usr/local/lib/python3.10/dist-packages/airflow/example_dags/subdags/subdag.py
[2023-11-22T15:40:02.070+0500] {processor.py:841} WARNING - No viable dags retrieved from /usr/local/lib/python3.10/dist-packages/airflow/example_dags/subdags/subdag.py
[2023-11-22T15:40:02.167+0500] {processor.py:179} INFO - Processing /usr/local/lib/python3.10/dist-packages/airflow/example_dags/subdags/subdag.py took 0.143 seconds
[2023-11-22T15:40:32.756+0500] {processor.py:157} INFO - Started process (PID=13572) to work on /usr/local/lib/python3.10/dist-packages/airflow/example_dags/subdags/subdag.py
[2023-11-22T15:40:32.759+0500] {processor.py:829} INFO - Processing file /usr/local/lib/python3.10/dist-packages/airflow/example_dags/subdags/subdag.py for tasks to queue
[2023-11-22T15:40:32.762+0500] {logging_mixin.py:154} INFO - [2023-11-22T15:40:32.761+0500] {dagbag.py:536} INFO - Filling up the DagBag from /usr/local/lib/python3.10/dist-packages/airflow/example_dags/subdags/subdag.py
[2023-11-22T15:40:32.769+0500] {processor.py:841} WARNING - No viable dags retrieved from /usr/local/lib/python3.10/dist-packages/airflow/example_dags/subdags/subdag.py
[2023-11-22T15:40:32.834+0500] {processor.py:179} INFO - Processing /usr/local/lib/python3.10/dist-packages/airflow/example_dags/subdags/subdag.py took 0.090 seconds
[2023-11-22T15:41:03.082+0500] {processor.py:157} INFO - Started process (PID=13715) to work on /usr/local/lib/python3.10/dist-packages/airflow/example_dags/subdags/subdag.py
[2023-11-22T15:41:03.087+0500] {processor.py:829} INFO - Processing file /usr/local/lib/python3.10/dist-packages/airflow/example_dags/subdags/subdag.py for tasks to queue
[2023-11-22T15:41:03.091+0500] {logging_mixin.py:154} INFO - [2023-11-22T15:41:03.088+0500] {dagbag.py:536} INFO - Filling up the DagBag from /usr/local/lib/python3.10/dist-packages/airflow/example_dags/subdags/subdag.py
[2023-11-22T15:41:03.102+0500] {processor.py:841} WARNING - No viable dags retrieved from /usr/local/lib/python3.10/dist-packages/airflow/example_dags/subdags/subdag.py
[2023-11-22T15:41:03.183+0500] {processor.py:179} INFO - Processing /usr/local/lib/python3.10/dist-packages/airflow/example_dags/subdags/subdag.py took 0.126 seconds
[2023-11-22T15:41:33.553+0500] {processor.py:157} INFO - Started process (PID=13856) to work on /usr/local/lib/python3.10/dist-packages/airflow/example_dags/subdags/subdag.py
[2023-11-22T15:41:33.559+0500] {processor.py:829} INFO - Processing file /usr/local/lib/python3.10/dist-packages/airflow/example_dags/subdags/subdag.py for tasks to queue
[2023-11-22T15:41:33.562+0500] {logging_mixin.py:154} INFO - [2023-11-22T15:41:33.561+0500] {dagbag.py:536} INFO - Filling up the DagBag from /usr/local/lib/python3.10/dist-packages/airflow/example_dags/subdags/subdag.py
[2023-11-22T15:41:33.569+0500] {processor.py:841} WARNING - No viable dags retrieved from /usr/local/lib/python3.10/dist-packages/airflow/example_dags/subdags/subdag.py
[2023-11-22T15:41:33.647+0500] {processor.py:179} INFO - Processing /usr/local/lib/python3.10/dist-packages/airflow/example_dags/subdags/subdag.py took 0.117 seconds
[2023-11-22T15:42:04.368+0500] {processor.py:157} INFO - Started process (PID=14031) to work on /usr/local/lib/python3.10/dist-packages/airflow/example_dags/subdags/subdag.py
[2023-11-22T15:42:04.375+0500] {processor.py:829} INFO - Processing file /usr/local/lib/python3.10/dist-packages/airflow/example_dags/subdags/subdag.py for tasks to queue
[2023-11-22T15:42:04.378+0500] {logging_mixin.py:154} INFO - [2023-11-22T15:42:04.377+0500] {dagbag.py:536} INFO - Filling up the DagBag from /usr/local/lib/python3.10/dist-packages/airflow/example_dags/subdags/subdag.py
[2023-11-22T15:42:04.385+0500] {processor.py:841} WARNING - No viable dags retrieved from /usr/local/lib/python3.10/dist-packages/airflow/example_dags/subdags/subdag.py
[2023-11-22T15:42:04.453+0500] {processor.py:179} INFO - Processing /usr/local/lib/python3.10/dist-packages/airflow/example_dags/subdags/subdag.py took 0.100 seconds
[2023-11-22T15:42:35.202+0500] {processor.py:157} INFO - Started process (PID=14188) to work on /usr/local/lib/python3.10/dist-packages/airflow/example_dags/subdags/subdag.py
[2023-11-22T15:42:35.207+0500] {processor.py:829} INFO - Processing file /usr/local/lib/python3.10/dist-packages/airflow/example_dags/subdags/subdag.py for tasks to queue
[2023-11-22T15:42:35.210+0500] {logging_mixin.py:154} INFO - [2023-11-22T15:42:35.209+0500] {dagbag.py:536} INFO - Filling up the DagBag from /usr/local/lib/python3.10/dist-packages/airflow/example_dags/subdags/subdag.py
[2023-11-22T15:42:35.216+0500] {processor.py:841} WARNING - No viable dags retrieved from /usr/local/lib/python3.10/dist-packages/airflow/example_dags/subdags/subdag.py
[2023-11-22T15:42:35.284+0500] {processor.py:179} INFO - Processing /usr/local/lib/python3.10/dist-packages/airflow/example_dags/subdags/subdag.py took 0.099 seconds
[2023-11-22T15:43:05.456+0500] {processor.py:157} INFO - Started process (PID=14315) to work on /usr/local/lib/python3.10/dist-packages/airflow/example_dags/subdags/subdag.py
[2023-11-22T15:43:05.462+0500] {processor.py:829} INFO - Processing file /usr/local/lib/python3.10/dist-packages/airflow/example_dags/subdags/subdag.py for tasks to queue
[2023-11-22T15:43:05.465+0500] {logging_mixin.py:154} INFO - [2023-11-22T15:43:05.464+0500] {dagbag.py:536} INFO - Filling up the DagBag from /usr/local/lib/python3.10/dist-packages/airflow/example_dags/subdags/subdag.py
[2023-11-22T15:43:05.472+0500] {processor.py:841} WARNING - No viable dags retrieved from /usr/local/lib/python3.10/dist-packages/airflow/example_dags/subdags/subdag.py
[2023-11-22T15:43:05.547+0500] {processor.py:179} INFO - Processing /usr/local/lib/python3.10/dist-packages/airflow/example_dags/subdags/subdag.py took 0.103 seconds
[2023-11-22T15:43:35.669+0500] {processor.py:157} INFO - Started process (PID=14444) to work on /usr/local/lib/python3.10/dist-packages/airflow/example_dags/subdags/subdag.py
[2023-11-22T15:43:35.675+0500] {processor.py:829} INFO - Processing file /usr/local/lib/python3.10/dist-packages/airflow/example_dags/subdags/subdag.py for tasks to queue
[2023-11-22T15:43:35.678+0500] {logging_mixin.py:154} INFO - [2023-11-22T15:43:35.677+0500] {dagbag.py:536} INFO - Filling up the DagBag from /usr/local/lib/python3.10/dist-packages/airflow/example_dags/subdags/subdag.py
[2023-11-22T15:43:35.685+0500] {processor.py:841} WARNING - No viable dags retrieved from /usr/local/lib/python3.10/dist-packages/airflow/example_dags/subdags/subdag.py
[2023-11-22T15:43:35.754+0500] {processor.py:179} INFO - Processing /usr/local/lib/python3.10/dist-packages/airflow/example_dags/subdags/subdag.py took 0.097 seconds
[2023-11-22T15:44:05.881+0500] {processor.py:157} INFO - Started process (PID=14592) to work on /usr/local/lib/python3.10/dist-packages/airflow/example_dags/subdags/subdag.py
[2023-11-22T15:44:05.883+0500] {processor.py:829} INFO - Processing file /usr/local/lib/python3.10/dist-packages/airflow/example_dags/subdags/subdag.py for tasks to queue
[2023-11-22T15:44:05.885+0500] {logging_mixin.py:154} INFO - [2023-11-22T15:44:05.884+0500] {dagbag.py:536} INFO - Filling up the DagBag from /usr/local/lib/python3.10/dist-packages/airflow/example_dags/subdags/subdag.py
[2023-11-22T15:44:05.893+0500] {processor.py:841} WARNING - No viable dags retrieved from /usr/local/lib/python3.10/dist-packages/airflow/example_dags/subdags/subdag.py
[2023-11-22T15:44:05.976+0500] {processor.py:179} INFO - Processing /usr/local/lib/python3.10/dist-packages/airflow/example_dags/subdags/subdag.py took 0.113 seconds
[2023-11-22T15:44:36.150+0500] {processor.py:157} INFO - Started process (PID=14743) to work on /usr/local/lib/python3.10/dist-packages/airflow/example_dags/subdags/subdag.py
[2023-11-22T15:44:36.153+0500] {processor.py:829} INFO - Processing file /usr/local/lib/python3.10/dist-packages/airflow/example_dags/subdags/subdag.py for tasks to queue
[2023-11-22T15:44:36.155+0500] {logging_mixin.py:154} INFO - [2023-11-22T15:44:36.155+0500] {dagbag.py:536} INFO - Filling up the DagBag from /usr/local/lib/python3.10/dist-packages/airflow/example_dags/subdags/subdag.py
[2023-11-22T15:44:36.162+0500] {processor.py:841} WARNING - No viable dags retrieved from /usr/local/lib/python3.10/dist-packages/airflow/example_dags/subdags/subdag.py
[2023-11-22T15:44:36.227+0500] {processor.py:179} INFO - Processing /usr/local/lib/python3.10/dist-packages/airflow/example_dags/subdags/subdag.py took 0.092 seconds
[2023-11-22T15:45:06.384+0500] {processor.py:157} INFO - Started process (PID=14887) to work on /usr/local/lib/python3.10/dist-packages/airflow/example_dags/subdags/subdag.py
[2023-11-22T15:45:06.387+0500] {processor.py:829} INFO - Processing file /usr/local/lib/python3.10/dist-packages/airflow/example_dags/subdags/subdag.py for tasks to queue
[2023-11-22T15:45:06.392+0500] {logging_mixin.py:154} INFO - [2023-11-22T15:45:06.391+0500] {dagbag.py:536} INFO - Filling up the DagBag from /usr/local/lib/python3.10/dist-packages/airflow/example_dags/subdags/subdag.py
[2023-11-22T15:45:06.399+0500] {processor.py:841} WARNING - No viable dags retrieved from /usr/local/lib/python3.10/dist-packages/airflow/example_dags/subdags/subdag.py
[2023-11-22T15:45:06.479+0500] {processor.py:179} INFO - Processing /usr/local/lib/python3.10/dist-packages/airflow/example_dags/subdags/subdag.py took 0.118 seconds
[2023-11-22T15:45:36.790+0500] {processor.py:157} INFO - Started process (PID=15047) to work on /usr/local/lib/python3.10/dist-packages/airflow/example_dags/subdags/subdag.py
[2023-11-22T15:45:36.795+0500] {processor.py:829} INFO - Processing file /usr/local/lib/python3.10/dist-packages/airflow/example_dags/subdags/subdag.py for tasks to queue
[2023-11-22T15:45:36.798+0500] {logging_mixin.py:154} INFO - [2023-11-22T15:45:36.797+0500] {dagbag.py:536} INFO - Filling up the DagBag from /usr/local/lib/python3.10/dist-packages/airflow/example_dags/subdags/subdag.py
[2023-11-22T15:45:36.804+0500] {processor.py:841} WARNING - No viable dags retrieved from /usr/local/lib/python3.10/dist-packages/airflow/example_dags/subdags/subdag.py
[2023-11-22T15:45:36.890+0500] {processor.py:179} INFO - Processing /usr/local/lib/python3.10/dist-packages/airflow/example_dags/subdags/subdag.py took 0.110 seconds
[2023-11-22T15:46:07.544+0500] {processor.py:157} INFO - Started process (PID=15160) to work on /usr/local/lib/python3.10/dist-packages/airflow/example_dags/subdags/subdag.py
[2023-11-22T15:46:07.548+0500] {processor.py:829} INFO - Processing file /usr/local/lib/python3.10/dist-packages/airflow/example_dags/subdags/subdag.py for tasks to queue
[2023-11-22T15:46:07.551+0500] {logging_mixin.py:154} INFO - [2023-11-22T15:46:07.550+0500] {dagbag.py:536} INFO - Filling up the DagBag from /usr/local/lib/python3.10/dist-packages/airflow/example_dags/subdags/subdag.py
[2023-11-22T15:46:07.558+0500] {processor.py:841} WARNING - No viable dags retrieved from /usr/local/lib/python3.10/dist-packages/airflow/example_dags/subdags/subdag.py
[2023-11-22T15:46:07.641+0500] {processor.py:179} INFO - Processing /usr/local/lib/python3.10/dist-packages/airflow/example_dags/subdags/subdag.py took 0.108 seconds
[2023-11-22T15:46:38.100+0500] {processor.py:157} INFO - Started process (PID=15298) to work on /usr/local/lib/python3.10/dist-packages/airflow/example_dags/subdags/subdag.py
[2023-11-22T15:46:38.103+0500] {processor.py:829} INFO - Processing file /usr/local/lib/python3.10/dist-packages/airflow/example_dags/subdags/subdag.py for tasks to queue
[2023-11-22T15:46:38.105+0500] {logging_mixin.py:154} INFO - [2023-11-22T15:46:38.104+0500] {dagbag.py:536} INFO - Filling up the DagBag from /usr/local/lib/python3.10/dist-packages/airflow/example_dags/subdags/subdag.py
[2023-11-22T15:46:38.114+0500] {processor.py:841} WARNING - No viable dags retrieved from /usr/local/lib/python3.10/dist-packages/airflow/example_dags/subdags/subdag.py
[2023-11-22T15:46:38.183+0500] {processor.py:179} INFO - Processing /usr/local/lib/python3.10/dist-packages/airflow/example_dags/subdags/subdag.py took 0.096 seconds
[2023-11-22T15:47:08.747+0500] {processor.py:157} INFO - Started process (PID=15457) to work on /usr/local/lib/python3.10/dist-packages/airflow/example_dags/subdags/subdag.py
[2023-11-22T15:47:08.762+0500] {processor.py:829} INFO - Processing file /usr/local/lib/python3.10/dist-packages/airflow/example_dags/subdags/subdag.py for tasks to queue
[2023-11-22T15:47:08.767+0500] {logging_mixin.py:154} INFO - [2023-11-22T15:47:08.765+0500] {dagbag.py:536} INFO - Filling up the DagBag from /usr/local/lib/python3.10/dist-packages/airflow/example_dags/subdags/subdag.py
[2023-11-22T15:47:08.774+0500] {processor.py:841} WARNING - No viable dags retrieved from /usr/local/lib/python3.10/dist-packages/airflow/example_dags/subdags/subdag.py
[2023-11-22T15:47:08.840+0500] {processor.py:179} INFO - Processing /usr/local/lib/python3.10/dist-packages/airflow/example_dags/subdags/subdag.py took 0.109 seconds
[2023-11-22T15:47:39.581+0500] {processor.py:157} INFO - Started process (PID=15616) to work on /usr/local/lib/python3.10/dist-packages/airflow/example_dags/subdags/subdag.py
[2023-11-22T15:47:39.584+0500] {processor.py:829} INFO - Processing file /usr/local/lib/python3.10/dist-packages/airflow/example_dags/subdags/subdag.py for tasks to queue
[2023-11-22T15:47:39.587+0500] {logging_mixin.py:154} INFO - [2023-11-22T15:47:39.586+0500] {dagbag.py:536} INFO - Filling up the DagBag from /usr/local/lib/python3.10/dist-packages/airflow/example_dags/subdags/subdag.py
[2023-11-22T15:47:39.597+0500] {processor.py:841} WARNING - No viable dags retrieved from /usr/local/lib/python3.10/dist-packages/airflow/example_dags/subdags/subdag.py
[2023-11-22T15:47:39.662+0500] {processor.py:179} INFO - Processing /usr/local/lib/python3.10/dist-packages/airflow/example_dags/subdags/subdag.py took 0.096 seconds
[2023-11-22T15:48:10.056+0500] {processor.py:157} INFO - Started process (PID=15763) to work on /usr/local/lib/python3.10/dist-packages/airflow/example_dags/subdags/subdag.py
[2023-11-22T15:48:10.058+0500] {processor.py:829} INFO - Processing file /usr/local/lib/python3.10/dist-packages/airflow/example_dags/subdags/subdag.py for tasks to queue
[2023-11-22T15:48:10.061+0500] {logging_mixin.py:154} INFO - [2023-11-22T15:48:10.060+0500] {dagbag.py:536} INFO - Filling up the DagBag from /usr/local/lib/python3.10/dist-packages/airflow/example_dags/subdags/subdag.py
[2023-11-22T15:48:10.068+0500] {processor.py:841} WARNING - No viable dags retrieved from /usr/local/lib/python3.10/dist-packages/airflow/example_dags/subdags/subdag.py
[2023-11-22T15:48:10.132+0500] {processor.py:179} INFO - Processing /usr/local/lib/python3.10/dist-packages/airflow/example_dags/subdags/subdag.py took 0.087 seconds
[2023-11-22T15:48:41.236+0500] {processor.py:157} INFO - Started process (PID=15883) to work on /usr/local/lib/python3.10/dist-packages/airflow/example_dags/subdags/subdag.py
[2023-11-22T15:48:41.239+0500] {processor.py:829} INFO - Processing file /usr/local/lib/python3.10/dist-packages/airflow/example_dags/subdags/subdag.py for tasks to queue
[2023-11-22T15:48:41.242+0500] {logging_mixin.py:154} INFO - [2023-11-22T15:48:41.241+0500] {dagbag.py:536} INFO - Filling up the DagBag from /usr/local/lib/python3.10/dist-packages/airflow/example_dags/subdags/subdag.py
[2023-11-22T15:48:41.250+0500] {processor.py:841} WARNING - No viable dags retrieved from /usr/local/lib/python3.10/dist-packages/airflow/example_dags/subdags/subdag.py
[2023-11-22T15:48:41.314+0500] {processor.py:179} INFO - Processing /usr/local/lib/python3.10/dist-packages/airflow/example_dags/subdags/subdag.py took 0.095 seconds
[2023-11-22T15:49:11.439+0500] {processor.py:157} INFO - Started process (PID=16030) to work on /usr/local/lib/python3.10/dist-packages/airflow/example_dags/subdags/subdag.py
[2023-11-22T15:49:11.441+0500] {processor.py:829} INFO - Processing file /usr/local/lib/python3.10/dist-packages/airflow/example_dags/subdags/subdag.py for tasks to queue
[2023-11-22T15:49:11.444+0500] {logging_mixin.py:154} INFO - [2023-11-22T15:49:11.443+0500] {dagbag.py:536} INFO - Filling up the DagBag from /usr/local/lib/python3.10/dist-packages/airflow/example_dags/subdags/subdag.py
[2023-11-22T15:49:11.451+0500] {processor.py:841} WARNING - No viable dags retrieved from /usr/local/lib/python3.10/dist-packages/airflow/example_dags/subdags/subdag.py
[2023-11-22T15:49:11.518+0500] {processor.py:179} INFO - Processing /usr/local/lib/python3.10/dist-packages/airflow/example_dags/subdags/subdag.py took 0.090 seconds
[2023-11-22T15:49:42.092+0500] {processor.py:157} INFO - Started process (PID=16143) to work on /usr/local/lib/python3.10/dist-packages/airflow/example_dags/subdags/subdag.py
[2023-11-22T15:49:42.099+0500] {processor.py:829} INFO - Processing file /usr/local/lib/python3.10/dist-packages/airflow/example_dags/subdags/subdag.py for tasks to queue
[2023-11-22T15:49:42.110+0500] {logging_mixin.py:154} INFO - [2023-11-22T15:49:42.101+0500] {dagbag.py:536} INFO - Filling up the DagBag from /usr/local/lib/python3.10/dist-packages/airflow/example_dags/subdags/subdag.py
[2023-11-22T15:49:42.120+0500] {processor.py:841} WARNING - No viable dags retrieved from /usr/local/lib/python3.10/dist-packages/airflow/example_dags/subdags/subdag.py
[2023-11-22T15:49:42.205+0500] {processor.py:179} INFO - Processing /usr/local/lib/python3.10/dist-packages/airflow/example_dags/subdags/subdag.py took 0.145 seconds
[2023-11-22T15:50:12.734+0500] {processor.py:157} INFO - Started process (PID=16278) to work on /usr/local/lib/python3.10/dist-packages/airflow/example_dags/subdags/subdag.py
[2023-11-22T15:50:12.737+0500] {processor.py:829} INFO - Processing file /usr/local/lib/python3.10/dist-packages/airflow/example_dags/subdags/subdag.py for tasks to queue
[2023-11-22T15:50:12.741+0500] {logging_mixin.py:154} INFO - [2023-11-22T15:50:12.739+0500] {dagbag.py:536} INFO - Filling up the DagBag from /usr/local/lib/python3.10/dist-packages/airflow/example_dags/subdags/subdag.py
[2023-11-22T15:50:12.749+0500] {processor.py:841} WARNING - No viable dags retrieved from /usr/local/lib/python3.10/dist-packages/airflow/example_dags/subdags/subdag.py
[2023-11-22T15:50:12.851+0500] {processor.py:179} INFO - Processing /usr/local/lib/python3.10/dist-packages/airflow/example_dags/subdags/subdag.py took 0.130 seconds
[2023-11-22T15:50:43.063+0500] {processor.py:157} INFO - Started process (PID=16427) to work on /usr/local/lib/python3.10/dist-packages/airflow/example_dags/subdags/subdag.py
[2023-11-22T15:50:43.079+0500] {processor.py:829} INFO - Processing file /usr/local/lib/python3.10/dist-packages/airflow/example_dags/subdags/subdag.py for tasks to queue
[2023-11-22T15:50:43.082+0500] {logging_mixin.py:154} INFO - [2023-11-22T15:50:43.081+0500] {dagbag.py:536} INFO - Filling up the DagBag from /usr/local/lib/python3.10/dist-packages/airflow/example_dags/subdags/subdag.py
[2023-11-22T15:50:43.091+0500] {processor.py:841} WARNING - No viable dags retrieved from /usr/local/lib/python3.10/dist-packages/airflow/example_dags/subdags/subdag.py
[2023-11-22T15:50:43.186+0500] {processor.py:179} INFO - Processing /usr/local/lib/python3.10/dist-packages/airflow/example_dags/subdags/subdag.py took 0.153 seconds
[2023-11-22T15:51:14.049+0500] {processor.py:157} INFO - Started process (PID=16529) to work on /usr/local/lib/python3.10/dist-packages/airflow/example_dags/subdags/subdag.py
[2023-11-22T15:51:14.054+0500] {processor.py:829} INFO - Processing file /usr/local/lib/python3.10/dist-packages/airflow/example_dags/subdags/subdag.py for tasks to queue
[2023-11-22T15:51:14.057+0500] {logging_mixin.py:154} INFO - [2023-11-22T15:51:14.056+0500] {dagbag.py:536} INFO - Filling up the DagBag from /usr/local/lib/python3.10/dist-packages/airflow/example_dags/subdags/subdag.py
[2023-11-22T15:51:14.066+0500] {processor.py:841} WARNING - No viable dags retrieved from /usr/local/lib/python3.10/dist-packages/airflow/example_dags/subdags/subdag.py
[2023-11-22T15:51:14.143+0500] {processor.py:179} INFO - Processing /usr/local/lib/python3.10/dist-packages/airflow/example_dags/subdags/subdag.py took 0.107 seconds
[2023-11-22T15:51:44.916+0500] {processor.py:157} INFO - Started process (PID=16677) to work on /usr/local/lib/python3.10/dist-packages/airflow/example_dags/subdags/subdag.py
[2023-11-22T15:51:44.919+0500] {processor.py:829} INFO - Processing file /usr/local/lib/python3.10/dist-packages/airflow/example_dags/subdags/subdag.py for tasks to queue
[2023-11-22T15:51:44.922+0500] {logging_mixin.py:154} INFO - [2023-11-22T15:51:44.921+0500] {dagbag.py:536} INFO - Filling up the DagBag from /usr/local/lib/python3.10/dist-packages/airflow/example_dags/subdags/subdag.py
[2023-11-22T15:51:44.929+0500] {processor.py:841} WARNING - No viable dags retrieved from /usr/local/lib/python3.10/dist-packages/airflow/example_dags/subdags/subdag.py
[2023-11-22T15:51:44.996+0500] {processor.py:179} INFO - Processing /usr/local/lib/python3.10/dist-packages/airflow/example_dags/subdags/subdag.py took 0.093 seconds
[2023-11-22T15:52:15.823+0500] {processor.py:157} INFO - Started process (PID=16816) to work on /usr/local/lib/python3.10/dist-packages/airflow/example_dags/subdags/subdag.py
[2023-11-22T15:52:15.826+0500] {processor.py:829} INFO - Processing file /usr/local/lib/python3.10/dist-packages/airflow/example_dags/subdags/subdag.py for tasks to queue
[2023-11-22T15:52:15.838+0500] {logging_mixin.py:154} INFO - [2023-11-22T15:52:15.837+0500] {dagbag.py:536} INFO - Filling up the DagBag from /usr/local/lib/python3.10/dist-packages/airflow/example_dags/subdags/subdag.py
[2023-11-22T15:52:15.854+0500] {processor.py:841} WARNING - No viable dags retrieved from /usr/local/lib/python3.10/dist-packages/airflow/example_dags/subdags/subdag.py
[2023-11-22T15:52:15.937+0500] {processor.py:179} INFO - Processing /usr/local/lib/python3.10/dist-packages/airflow/example_dags/subdags/subdag.py took 0.137 seconds
[2023-11-22T15:52:46.712+0500] {processor.py:157} INFO - Started process (PID=16955) to work on /usr/local/lib/python3.10/dist-packages/airflow/example_dags/subdags/subdag.py
[2023-11-22T15:52:46.715+0500] {processor.py:829} INFO - Processing file /usr/local/lib/python3.10/dist-packages/airflow/example_dags/subdags/subdag.py for tasks to queue
[2023-11-22T15:52:46.718+0500] {logging_mixin.py:154} INFO - [2023-11-22T15:52:46.717+0500] {dagbag.py:536} INFO - Filling up the DagBag from /usr/local/lib/python3.10/dist-packages/airflow/example_dags/subdags/subdag.py
[2023-11-22T15:52:46.726+0500] {processor.py:841} WARNING - No viable dags retrieved from /usr/local/lib/python3.10/dist-packages/airflow/example_dags/subdags/subdag.py
[2023-11-22T15:52:46.797+0500] {processor.py:179} INFO - Processing /usr/local/lib/python3.10/dist-packages/airflow/example_dags/subdags/subdag.py took 0.098 seconds
[2023-11-22T15:53:18.629+0500] {processor.py:157} INFO - Started process (PID=17111) to work on /usr/local/lib/python3.10/dist-packages/airflow/example_dags/subdags/subdag.py
[2023-11-22T15:53:18.632+0500] {processor.py:829} INFO - Processing file /usr/local/lib/python3.10/dist-packages/airflow/example_dags/subdags/subdag.py for tasks to queue
[2023-11-22T15:53:18.635+0500] {logging_mixin.py:154} INFO - [2023-11-22T15:53:18.634+0500] {dagbag.py:536} INFO - Filling up the DagBag from /usr/local/lib/python3.10/dist-packages/airflow/example_dags/subdags/subdag.py
[2023-11-22T15:53:18.642+0500] {processor.py:841} WARNING - No viable dags retrieved from /usr/local/lib/python3.10/dist-packages/airflow/example_dags/subdags/subdag.py
[2023-11-22T15:53:18.706+0500] {processor.py:179} INFO - Processing /usr/local/lib/python3.10/dist-packages/airflow/example_dags/subdags/subdag.py took 0.092 seconds
[2023-11-22T15:53:48.977+0500] {processor.py:157} INFO - Started process (PID=17307) to work on /usr/local/lib/python3.10/dist-packages/airflow/example_dags/subdags/subdag.py
[2023-11-22T15:53:48.979+0500] {processor.py:829} INFO - Processing file /usr/local/lib/python3.10/dist-packages/airflow/example_dags/subdags/subdag.py for tasks to queue
[2023-11-22T15:53:48.982+0500] {logging_mixin.py:154} INFO - [2023-11-22T15:53:48.981+0500] {dagbag.py:536} INFO - Filling up the DagBag from /usr/local/lib/python3.10/dist-packages/airflow/example_dags/subdags/subdag.py
[2023-11-22T15:53:48.990+0500] {processor.py:841} WARNING - No viable dags retrieved from /usr/local/lib/python3.10/dist-packages/airflow/example_dags/subdags/subdag.py
[2023-11-22T15:53:49.082+0500] {processor.py:179} INFO - Processing /usr/local/lib/python3.10/dist-packages/airflow/example_dags/subdags/subdag.py took 0.129 seconds
[2023-11-22T15:54:19.986+0500] {processor.py:157} INFO - Started process (PID=17510) to work on /usr/local/lib/python3.10/dist-packages/airflow/example_dags/subdags/subdag.py
[2023-11-22T15:54:19.999+0500] {processor.py:829} INFO - Processing file /usr/local/lib/python3.10/dist-packages/airflow/example_dags/subdags/subdag.py for tasks to queue
[2023-11-22T15:54:20.003+0500] {logging_mixin.py:154} INFO - [2023-11-22T15:54:20.002+0500] {dagbag.py:536} INFO - Filling up the DagBag from /usr/local/lib/python3.10/dist-packages/airflow/example_dags/subdags/subdag.py
[2023-11-22T15:54:20.017+0500] {processor.py:841} WARNING - No viable dags retrieved from /usr/local/lib/python3.10/dist-packages/airflow/example_dags/subdags/subdag.py
[2023-11-22T15:54:20.082+0500] {processor.py:179} INFO - Processing /usr/local/lib/python3.10/dist-packages/airflow/example_dags/subdags/subdag.py took 0.111 seconds
[2023-11-22T15:54:50.432+0500] {processor.py:157} INFO - Started process (PID=17669) to work on /usr/local/lib/python3.10/dist-packages/airflow/example_dags/subdags/subdag.py
[2023-11-22T15:54:50.455+0500] {processor.py:829} INFO - Processing file /usr/local/lib/python3.10/dist-packages/airflow/example_dags/subdags/subdag.py for tasks to queue
[2023-11-22T15:54:50.458+0500] {logging_mixin.py:154} INFO - [2023-11-22T15:54:50.457+0500] {dagbag.py:536} INFO - Filling up the DagBag from /usr/local/lib/python3.10/dist-packages/airflow/example_dags/subdags/subdag.py
[2023-11-22T15:54:50.465+0500] {processor.py:841} WARNING - No viable dags retrieved from /usr/local/lib/python3.10/dist-packages/airflow/example_dags/subdags/subdag.py
[2023-11-22T15:54:50.530+0500] {processor.py:179} INFO - Processing /usr/local/lib/python3.10/dist-packages/airflow/example_dags/subdags/subdag.py took 0.110 seconds
[2023-11-22T15:55:20.929+0500] {processor.py:157} INFO - Started process (PID=18066) to work on /usr/local/lib/python3.10/dist-packages/airflow/example_dags/subdags/subdag.py
[2023-11-22T15:55:20.932+0500] {processor.py:829} INFO - Processing file /usr/local/lib/python3.10/dist-packages/airflow/example_dags/subdags/subdag.py for tasks to queue
[2023-11-22T15:55:20.935+0500] {logging_mixin.py:154} INFO - [2023-11-22T15:55:20.934+0500] {dagbag.py:536} INFO - Filling up the DagBag from /usr/local/lib/python3.10/dist-packages/airflow/example_dags/subdags/subdag.py
[2023-11-22T15:55:20.943+0500] {processor.py:841} WARNING - No viable dags retrieved from /usr/local/lib/python3.10/dist-packages/airflow/example_dags/subdags/subdag.py
[2023-11-22T15:55:21.007+0500] {processor.py:179} INFO - Processing /usr/local/lib/python3.10/dist-packages/airflow/example_dags/subdags/subdag.py took 0.090 seconds
[2023-11-22T15:55:51.202+0500] {processor.py:157} INFO - Started process (PID=18222) to work on /usr/local/lib/python3.10/dist-packages/airflow/example_dags/subdags/subdag.py
[2023-11-22T15:55:51.219+0500] {processor.py:829} INFO - Processing file /usr/local/lib/python3.10/dist-packages/airflow/example_dags/subdags/subdag.py for tasks to queue
[2023-11-22T15:55:51.222+0500] {logging_mixin.py:154} INFO - [2023-11-22T15:55:51.221+0500] {dagbag.py:536} INFO - Filling up the DagBag from /usr/local/lib/python3.10/dist-packages/airflow/example_dags/subdags/subdag.py
[2023-11-22T15:55:51.232+0500] {processor.py:841} WARNING - No viable dags retrieved from /usr/local/lib/python3.10/dist-packages/airflow/example_dags/subdags/subdag.py
[2023-11-22T15:55:51.301+0500] {processor.py:179} INFO - Processing /usr/local/lib/python3.10/dist-packages/airflow/example_dags/subdags/subdag.py took 0.111 seconds
[2023-11-22T15:56:21.700+0500] {processor.py:157} INFO - Started process (PID=18326) to work on /usr/local/lib/python3.10/dist-packages/airflow/example_dags/subdags/subdag.py
[2023-11-22T15:56:21.703+0500] {processor.py:829} INFO - Processing file /usr/local/lib/python3.10/dist-packages/airflow/example_dags/subdags/subdag.py for tasks to queue
[2023-11-22T15:56:21.706+0500] {logging_mixin.py:154} INFO - [2023-11-22T15:56:21.705+0500] {dagbag.py:536} INFO - Filling up the DagBag from /usr/local/lib/python3.10/dist-packages/airflow/example_dags/subdags/subdag.py
[2023-11-22T15:56:21.713+0500] {processor.py:841} WARNING - No viable dags retrieved from /usr/local/lib/python3.10/dist-packages/airflow/example_dags/subdags/subdag.py
[2023-11-22T15:56:21.784+0500] {processor.py:179} INFO - Processing /usr/local/lib/python3.10/dist-packages/airflow/example_dags/subdags/subdag.py took 0.096 seconds
[2023-11-22T15:56:52.490+0500] {processor.py:157} INFO - Started process (PID=18432) to work on /usr/local/lib/python3.10/dist-packages/airflow/example_dags/subdags/subdag.py
[2023-11-22T15:56:52.493+0500] {processor.py:829} INFO - Processing file /usr/local/lib/python3.10/dist-packages/airflow/example_dags/subdags/subdag.py for tasks to queue
[2023-11-22T15:56:52.496+0500] {logging_mixin.py:154} INFO - [2023-11-22T15:56:52.495+0500] {dagbag.py:536} INFO - Filling up the DagBag from /usr/local/lib/python3.10/dist-packages/airflow/example_dags/subdags/subdag.py
[2023-11-22T15:56:52.503+0500] {processor.py:841} WARNING - No viable dags retrieved from /usr/local/lib/python3.10/dist-packages/airflow/example_dags/subdags/subdag.py
[2023-11-22T15:56:52.569+0500] {processor.py:179} INFO - Processing /usr/local/lib/python3.10/dist-packages/airflow/example_dags/subdags/subdag.py took 0.090 seconds
[2023-11-22T15:57:23.502+0500] {processor.py:157} INFO - Started process (PID=18550) to work on /usr/local/lib/python3.10/dist-packages/airflow/example_dags/subdags/subdag.py
[2023-11-22T15:57:23.505+0500] {processor.py:829} INFO - Processing file /usr/local/lib/python3.10/dist-packages/airflow/example_dags/subdags/subdag.py for tasks to queue
[2023-11-22T15:57:23.508+0500] {logging_mixin.py:154} INFO - [2023-11-22T15:57:23.507+0500] {dagbag.py:536} INFO - Filling up the DagBag from /usr/local/lib/python3.10/dist-packages/airflow/example_dags/subdags/subdag.py
[2023-11-22T15:57:23.515+0500] {processor.py:841} WARNING - No viable dags retrieved from /usr/local/lib/python3.10/dist-packages/airflow/example_dags/subdags/subdag.py
[2023-11-22T15:57:23.578+0500] {processor.py:179} INFO - Processing /usr/local/lib/python3.10/dist-packages/airflow/example_dags/subdags/subdag.py took 0.087 seconds
[2023-11-22T15:57:53.912+0500] {processor.py:157} INFO - Started process (PID=18650) to work on /usr/local/lib/python3.10/dist-packages/airflow/example_dags/subdags/subdag.py
[2023-11-22T15:57:53.914+0500] {processor.py:829} INFO - Processing file /usr/local/lib/python3.10/dist-packages/airflow/example_dags/subdags/subdag.py for tasks to queue
[2023-11-22T15:57:53.917+0500] {logging_mixin.py:154} INFO - [2023-11-22T15:57:53.916+0500] {dagbag.py:536} INFO - Filling up the DagBag from /usr/local/lib/python3.10/dist-packages/airflow/example_dags/subdags/subdag.py
[2023-11-22T15:57:53.924+0500] {processor.py:841} WARNING - No viable dags retrieved from /usr/local/lib/python3.10/dist-packages/airflow/example_dags/subdags/subdag.py
[2023-11-22T15:57:53.986+0500] {processor.py:179} INFO - Processing /usr/local/lib/python3.10/dist-packages/airflow/example_dags/subdags/subdag.py took 0.087 seconds
[2023-11-22T15:58:24.125+0500] {processor.py:157} INFO - Started process (PID=18750) to work on /usr/local/lib/python3.10/dist-packages/airflow/example_dags/subdags/subdag.py
[2023-11-22T15:58:24.128+0500] {processor.py:829} INFO - Processing file /usr/local/lib/python3.10/dist-packages/airflow/example_dags/subdags/subdag.py for tasks to queue
[2023-11-22T15:58:24.131+0500] {logging_mixin.py:154} INFO - [2023-11-22T15:58:24.130+0500] {dagbag.py:536} INFO - Filling up the DagBag from /usr/local/lib/python3.10/dist-packages/airflow/example_dags/subdags/subdag.py
[2023-11-22T15:58:24.139+0500] {processor.py:841} WARNING - No viable dags retrieved from /usr/local/lib/python3.10/dist-packages/airflow/example_dags/subdags/subdag.py
[2023-11-22T15:58:24.200+0500] {processor.py:179} INFO - Processing /usr/local/lib/python3.10/dist-packages/airflow/example_dags/subdags/subdag.py took 0.086 seconds
[2023-11-22T15:58:54.609+0500] {processor.py:157} INFO - Started process (PID=18850) to work on /usr/local/lib/python3.10/dist-packages/airflow/example_dags/subdags/subdag.py
[2023-11-22T15:58:54.611+0500] {processor.py:829} INFO - Processing file /usr/local/lib/python3.10/dist-packages/airflow/example_dags/subdags/subdag.py for tasks to queue
[2023-11-22T15:58:54.615+0500] {logging_mixin.py:154} INFO - [2023-11-22T15:58:54.613+0500] {dagbag.py:536} INFO - Filling up the DagBag from /usr/local/lib/python3.10/dist-packages/airflow/example_dags/subdags/subdag.py
[2023-11-22T15:58:54.625+0500] {processor.py:841} WARNING - No viable dags retrieved from /usr/local/lib/python3.10/dist-packages/airflow/example_dags/subdags/subdag.py
[2023-11-22T15:58:54.700+0500] {processor.py:179} INFO - Processing /usr/local/lib/python3.10/dist-packages/airflow/example_dags/subdags/subdag.py took 0.105 seconds
[2023-11-22T15:59:25.138+0500] {processor.py:157} INFO - Started process (PID=18946) to work on /usr/local/lib/python3.10/dist-packages/airflow/example_dags/subdags/subdag.py
[2023-11-22T15:59:25.157+0500] {processor.py:829} INFO - Processing file /usr/local/lib/python3.10/dist-packages/airflow/example_dags/subdags/subdag.py for tasks to queue
[2023-11-22T15:59:25.160+0500] {logging_mixin.py:154} INFO - [2023-11-22T15:59:25.159+0500] {dagbag.py:536} INFO - Filling up the DagBag from /usr/local/lib/python3.10/dist-packages/airflow/example_dags/subdags/subdag.py
[2023-11-22T15:59:25.168+0500] {processor.py:841} WARNING - No viable dags retrieved from /usr/local/lib/python3.10/dist-packages/airflow/example_dags/subdags/subdag.py
[2023-11-22T15:59:25.259+0500] {processor.py:179} INFO - Processing /usr/local/lib/python3.10/dist-packages/airflow/example_dags/subdags/subdag.py took 0.133 seconds
[2023-11-22T15:59:55.439+0500] {processor.py:157} INFO - Started process (PID=19046) to work on /usr/local/lib/python3.10/dist-packages/airflow/example_dags/subdags/subdag.py
[2023-11-22T15:59:55.442+0500] {processor.py:829} INFO - Processing file /usr/local/lib/python3.10/dist-packages/airflow/example_dags/subdags/subdag.py for tasks to queue
[2023-11-22T15:59:55.445+0500] {logging_mixin.py:154} INFO - [2023-11-22T15:59:55.444+0500] {dagbag.py:536} INFO - Filling up the DagBag from /usr/local/lib/python3.10/dist-packages/airflow/example_dags/subdags/subdag.py
[2023-11-22T15:59:55.452+0500] {processor.py:841} WARNING - No viable dags retrieved from /usr/local/lib/python3.10/dist-packages/airflow/example_dags/subdags/subdag.py
[2023-11-22T15:59:55.523+0500] {processor.py:179} INFO - Processing /usr/local/lib/python3.10/dist-packages/airflow/example_dags/subdags/subdag.py took 0.097 seconds
[2023-11-22T16:00:26.000+0500] {processor.py:157} INFO - Started process (PID=19150) to work on /usr/local/lib/python3.10/dist-packages/airflow/example_dags/subdags/subdag.py
[2023-11-22T16:00:26.002+0500] {processor.py:829} INFO - Processing file /usr/local/lib/python3.10/dist-packages/airflow/example_dags/subdags/subdag.py for tasks to queue
[2023-11-22T16:00:26.005+0500] {logging_mixin.py:154} INFO - [2023-11-22T16:00:26.004+0500] {dagbag.py:536} INFO - Filling up the DagBag from /usr/local/lib/python3.10/dist-packages/airflow/example_dags/subdags/subdag.py
[2023-11-22T16:00:26.012+0500] {processor.py:841} WARNING - No viable dags retrieved from /usr/local/lib/python3.10/dist-packages/airflow/example_dags/subdags/subdag.py
[2023-11-22T16:00:26.077+0500] {processor.py:179} INFO - Processing /usr/local/lib/python3.10/dist-packages/airflow/example_dags/subdags/subdag.py took 0.089 seconds
[2023-11-22T16:00:56.441+0500] {processor.py:157} INFO - Started process (PID=19250) to work on /usr/local/lib/python3.10/dist-packages/airflow/example_dags/subdags/subdag.py
[2023-11-22T16:00:56.444+0500] {processor.py:829} INFO - Processing file /usr/local/lib/python3.10/dist-packages/airflow/example_dags/subdags/subdag.py for tasks to queue
[2023-11-22T16:00:56.447+0500] {logging_mixin.py:154} INFO - [2023-11-22T16:00:56.446+0500] {dagbag.py:536} INFO - Filling up the DagBag from /usr/local/lib/python3.10/dist-packages/airflow/example_dags/subdags/subdag.py
[2023-11-22T16:00:56.454+0500] {processor.py:841} WARNING - No viable dags retrieved from /usr/local/lib/python3.10/dist-packages/airflow/example_dags/subdags/subdag.py
[2023-11-22T16:00:56.521+0500] {processor.py:179} INFO - Processing /usr/local/lib/python3.10/dist-packages/airflow/example_dags/subdags/subdag.py took 0.091 seconds
[2023-11-22T16:01:27.027+0500] {processor.py:157} INFO - Started process (PID=19345) to work on /usr/local/lib/python3.10/dist-packages/airflow/example_dags/subdags/subdag.py
[2023-11-22T16:01:27.030+0500] {processor.py:829} INFO - Processing file /usr/local/lib/python3.10/dist-packages/airflow/example_dags/subdags/subdag.py for tasks to queue
[2023-11-22T16:01:27.033+0500] {logging_mixin.py:154} INFO - [2023-11-22T16:01:27.032+0500] {dagbag.py:536} INFO - Filling up the DagBag from /usr/local/lib/python3.10/dist-packages/airflow/example_dags/subdags/subdag.py
[2023-11-22T16:01:27.039+0500] {processor.py:841} WARNING - No viable dags retrieved from /usr/local/lib/python3.10/dist-packages/airflow/example_dags/subdags/subdag.py
[2023-11-22T16:01:27.103+0500] {processor.py:179} INFO - Processing /usr/local/lib/python3.10/dist-packages/airflow/example_dags/subdags/subdag.py took 0.086 seconds
[2023-11-22T16:01:57.509+0500] {processor.py:157} INFO - Started process (PID=19445) to work on /usr/local/lib/python3.10/dist-packages/airflow/example_dags/subdags/subdag.py
[2023-11-22T16:01:57.511+0500] {processor.py:829} INFO - Processing file /usr/local/lib/python3.10/dist-packages/airflow/example_dags/subdags/subdag.py for tasks to queue
[2023-11-22T16:01:57.515+0500] {logging_mixin.py:154} INFO - [2023-11-22T16:01:57.513+0500] {dagbag.py:536} INFO - Filling up the DagBag from /usr/local/lib/python3.10/dist-packages/airflow/example_dags/subdags/subdag.py
[2023-11-22T16:01:57.522+0500] {processor.py:841} WARNING - No viable dags retrieved from /usr/local/lib/python3.10/dist-packages/airflow/example_dags/subdags/subdag.py
[2023-11-22T16:01:57.588+0500] {processor.py:179} INFO - Processing /usr/local/lib/python3.10/dist-packages/airflow/example_dags/subdags/subdag.py took 0.091 seconds
[2023-11-22T16:02:28.020+0500] {processor.py:157} INFO - Started process (PID=19569) to work on /usr/local/lib/python3.10/dist-packages/airflow/example_dags/subdags/subdag.py
[2023-11-22T16:02:28.023+0500] {processor.py:829} INFO - Processing file /usr/local/lib/python3.10/dist-packages/airflow/example_dags/subdags/subdag.py for tasks to queue
[2023-11-22T16:02:28.026+0500] {logging_mixin.py:154} INFO - [2023-11-22T16:02:28.025+0500] {dagbag.py:536} INFO - Filling up the DagBag from /usr/local/lib/python3.10/dist-packages/airflow/example_dags/subdags/subdag.py
[2023-11-22T16:02:28.032+0500] {processor.py:841} WARNING - No viable dags retrieved from /usr/local/lib/python3.10/dist-packages/airflow/example_dags/subdags/subdag.py
[2023-11-22T16:02:28.097+0500] {processor.py:179} INFO - Processing /usr/local/lib/python3.10/dist-packages/airflow/example_dags/subdags/subdag.py took 0.088 seconds
[2023-11-22T16:02:58.444+0500] {processor.py:157} INFO - Started process (PID=19665) to work on /usr/local/lib/python3.10/dist-packages/airflow/example_dags/subdags/subdag.py
[2023-11-22T16:02:58.447+0500] {processor.py:829} INFO - Processing file /usr/local/lib/python3.10/dist-packages/airflow/example_dags/subdags/subdag.py for tasks to queue
[2023-11-22T16:02:58.451+0500] {logging_mixin.py:154} INFO - [2023-11-22T16:02:58.449+0500] {dagbag.py:536} INFO - Filling up the DagBag from /usr/local/lib/python3.10/dist-packages/airflow/example_dags/subdags/subdag.py
[2023-11-22T16:02:58.459+0500] {processor.py:841} WARNING - No viable dags retrieved from /usr/local/lib/python3.10/dist-packages/airflow/example_dags/subdags/subdag.py
[2023-11-22T16:02:58.531+0500] {processor.py:179} INFO - Processing /usr/local/lib/python3.10/dist-packages/airflow/example_dags/subdags/subdag.py took 0.110 seconds
[2023-11-22T16:03:29.751+0500] {processor.py:157} INFO - Started process (PID=19761) to work on /usr/local/lib/python3.10/dist-packages/airflow/example_dags/subdags/subdag.py
[2023-11-22T16:03:29.754+0500] {processor.py:829} INFO - Processing file /usr/local/lib/python3.10/dist-packages/airflow/example_dags/subdags/subdag.py for tasks to queue
[2023-11-22T16:03:29.757+0500] {logging_mixin.py:154} INFO - [2023-11-22T16:03:29.756+0500] {dagbag.py:536} INFO - Filling up the DagBag from /usr/local/lib/python3.10/dist-packages/airflow/example_dags/subdags/subdag.py
[2023-11-22T16:03:29.765+0500] {processor.py:841} WARNING - No viable dags retrieved from /usr/local/lib/python3.10/dist-packages/airflow/example_dags/subdags/subdag.py
[2023-11-22T16:03:29.830+0500] {processor.py:179} INFO - Processing /usr/local/lib/python3.10/dist-packages/airflow/example_dags/subdags/subdag.py took 0.091 seconds
[2023-11-22T16:04:00.220+0500] {processor.py:157} INFO - Started process (PID=19857) to work on /usr/local/lib/python3.10/dist-packages/airflow/example_dags/subdags/subdag.py
[2023-11-22T16:04:00.223+0500] {processor.py:829} INFO - Processing file /usr/local/lib/python3.10/dist-packages/airflow/example_dags/subdags/subdag.py for tasks to queue
[2023-11-22T16:04:00.226+0500] {logging_mixin.py:154} INFO - [2023-11-22T16:04:00.225+0500] {dagbag.py:536} INFO - Filling up the DagBag from /usr/local/lib/python3.10/dist-packages/airflow/example_dags/subdags/subdag.py
[2023-11-22T16:04:00.234+0500] {processor.py:841} WARNING - No viable dags retrieved from /usr/local/lib/python3.10/dist-packages/airflow/example_dags/subdags/subdag.py
[2023-11-22T16:04:00.306+0500] {processor.py:179} INFO - Processing /usr/local/lib/python3.10/dist-packages/airflow/example_dags/subdags/subdag.py took 0.098 seconds
[2023-11-22T16:04:30.854+0500] {processor.py:157} INFO - Started process (PID=20009) to work on /usr/local/lib/python3.10/dist-packages/airflow/example_dags/subdags/subdag.py
[2023-11-22T16:04:30.857+0500] {processor.py:829} INFO - Processing file /usr/local/lib/python3.10/dist-packages/airflow/example_dags/subdags/subdag.py for tasks to queue
[2023-11-22T16:04:30.860+0500] {logging_mixin.py:154} INFO - [2023-11-22T16:04:30.859+0500] {dagbag.py:536} INFO - Filling up the DagBag from /usr/local/lib/python3.10/dist-packages/airflow/example_dags/subdags/subdag.py
[2023-11-22T16:04:30.866+0500] {processor.py:841} WARNING - No viable dags retrieved from /usr/local/lib/python3.10/dist-packages/airflow/example_dags/subdags/subdag.py
[2023-11-22T16:04:30.933+0500] {processor.py:179} INFO - Processing /usr/local/lib/python3.10/dist-packages/airflow/example_dags/subdags/subdag.py took 0.090 seconds
[2023-11-22T16:05:01.470+0500] {processor.py:157} INFO - Started process (PID=20117) to work on /usr/local/lib/python3.10/dist-packages/airflow/example_dags/subdags/subdag.py
[2023-11-22T16:05:01.472+0500] {processor.py:829} INFO - Processing file /usr/local/lib/python3.10/dist-packages/airflow/example_dags/subdags/subdag.py for tasks to queue
[2023-11-22T16:05:01.475+0500] {logging_mixin.py:154} INFO - [2023-11-22T16:05:01.474+0500] {dagbag.py:536} INFO - Filling up the DagBag from /usr/local/lib/python3.10/dist-packages/airflow/example_dags/subdags/subdag.py
[2023-11-22T16:05:01.482+0500] {processor.py:841} WARNING - No viable dags retrieved from /usr/local/lib/python3.10/dist-packages/airflow/example_dags/subdags/subdag.py
[2023-11-22T16:05:01.545+0500] {processor.py:179} INFO - Processing /usr/local/lib/python3.10/dist-packages/airflow/example_dags/subdags/subdag.py took 0.086 seconds
[2023-11-22T16:05:32.187+0500] {processor.py:157} INFO - Started process (PID=20226) to work on /usr/local/lib/python3.10/dist-packages/airflow/example_dags/subdags/subdag.py
[2023-11-22T16:05:32.190+0500] {processor.py:829} INFO - Processing file /usr/local/lib/python3.10/dist-packages/airflow/example_dags/subdags/subdag.py for tasks to queue
[2023-11-22T16:05:32.192+0500] {logging_mixin.py:154} INFO - [2023-11-22T16:05:32.191+0500] {dagbag.py:536} INFO - Filling up the DagBag from /usr/local/lib/python3.10/dist-packages/airflow/example_dags/subdags/subdag.py
[2023-11-22T16:05:32.199+0500] {processor.py:841} WARNING - No viable dags retrieved from /usr/local/lib/python3.10/dist-packages/airflow/example_dags/subdags/subdag.py
[2023-11-22T16:05:32.265+0500] {processor.py:179} INFO - Processing /usr/local/lib/python3.10/dist-packages/airflow/example_dags/subdags/subdag.py took 0.089 seconds
[2023-11-22T16:06:02.951+0500] {processor.py:157} INFO - Started process (PID=20329) to work on /usr/local/lib/python3.10/dist-packages/airflow/example_dags/subdags/subdag.py
[2023-11-22T16:06:02.953+0500] {processor.py:829} INFO - Processing file /usr/local/lib/python3.10/dist-packages/airflow/example_dags/subdags/subdag.py for tasks to queue
[2023-11-22T16:06:02.956+0500] {logging_mixin.py:154} INFO - [2023-11-22T16:06:02.955+0500] {dagbag.py:536} INFO - Filling up the DagBag from /usr/local/lib/python3.10/dist-packages/airflow/example_dags/subdags/subdag.py
[2023-11-22T16:06:02.963+0500] {processor.py:841} WARNING - No viable dags retrieved from /usr/local/lib/python3.10/dist-packages/airflow/example_dags/subdags/subdag.py
[2023-11-22T16:06:03.028+0500] {processor.py:179} INFO - Processing /usr/local/lib/python3.10/dist-packages/airflow/example_dags/subdags/subdag.py took 0.089 seconds
