[2023-11-22T15:27:17.918+0500] {processor.py:157} INFO - Started process (PID=9981) to work on /usr/local/lib/python3.10/dist-packages/airflow/example_dags/example_dag_decorator.py
[2023-11-22T15:27:17.921+0500] {processor.py:829} INFO - Processing file /usr/local/lib/python3.10/dist-packages/airflow/example_dags/example_dag_decorator.py for tasks to queue
[2023-11-22T15:27:17.923+0500] {logging_mixin.py:154} INFO - [2023-11-22T15:27:17.922+0500] {dagbag.py:536} INFO - Filling up the DagBag from /usr/local/lib/python3.10/dist-packages/airflow/example_dags/example_dag_decorator.py
[2023-11-22T15:27:17.964+0500] {processor.py:839} INFO - DAG(s) dict_keys(['example_dag_decorator']) retrieved from /usr/local/lib/python3.10/dist-packages/airflow/example_dags/example_dag_decorator.py
[2023-11-22T15:27:18.456+0500] {logging_mixin.py:154} INFO - [2023-11-22T15:27:18.456+0500] {dag.py:2941} INFO - Sync 1 DAGs
[2023-11-22T15:27:18.506+0500] {logging_mixin.py:154} INFO - [2023-11-22T15:27:18.506+0500] {dag.py:3722} INFO - Setting next_dagrun for example_dag_decorator to None, run_after=None
[2023-11-22T15:27:18.589+0500] {processor.py:179} INFO - Processing /usr/local/lib/python3.10/dist-packages/airflow/example_dags/example_dag_decorator.py took 0.681 seconds
[2023-11-22T15:27:51.196+0500] {processor.py:157} INFO - Started process (PID=10118) to work on /usr/local/lib/python3.10/dist-packages/airflow/example_dags/example_dag_decorator.py
[2023-11-22T15:27:51.199+0500] {processor.py:829} INFO - Processing file /usr/local/lib/python3.10/dist-packages/airflow/example_dags/example_dag_decorator.py for tasks to queue
[2023-11-22T15:27:51.202+0500] {logging_mixin.py:154} INFO - [2023-11-22T15:27:51.201+0500] {dagbag.py:536} INFO - Filling up the DagBag from /usr/local/lib/python3.10/dist-packages/airflow/example_dags/example_dag_decorator.py
[2023-11-22T15:27:51.244+0500] {processor.py:839} INFO - DAG(s) dict_keys(['example_dag_decorator']) retrieved from /usr/local/lib/python3.10/dist-packages/airflow/example_dags/example_dag_decorator.py
[2023-11-22T15:27:51.870+0500] {logging_mixin.py:154} INFO - [2023-11-22T15:27:51.869+0500] {dag.py:2941} INFO - Sync 1 DAGs
[2023-11-22T15:27:51.964+0500] {logging_mixin.py:154} INFO - [2023-11-22T15:27:51.963+0500] {dag.py:3722} INFO - Setting next_dagrun for example_dag_decorator to None, run_after=None
[2023-11-22T15:27:52.126+0500] {processor.py:179} INFO - Processing /usr/local/lib/python3.10/dist-packages/airflow/example_dags/example_dag_decorator.py took 0.940 seconds
[2023-11-22T15:28:22.519+0500] {processor.py:157} INFO - Started process (PID=10230) to work on /usr/local/lib/python3.10/dist-packages/airflow/example_dags/example_dag_decorator.py
[2023-11-22T15:28:22.522+0500] {processor.py:829} INFO - Processing file /usr/local/lib/python3.10/dist-packages/airflow/example_dags/example_dag_decorator.py for tasks to queue
[2023-11-22T15:28:22.524+0500] {logging_mixin.py:154} INFO - [2023-11-22T15:28:22.523+0500] {dagbag.py:536} INFO - Filling up the DagBag from /usr/local/lib/python3.10/dist-packages/airflow/example_dags/example_dag_decorator.py
[2023-11-22T15:28:22.568+0500] {processor.py:839} INFO - DAG(s) dict_keys(['example_dag_decorator']) retrieved from /usr/local/lib/python3.10/dist-packages/airflow/example_dags/example_dag_decorator.py
[2023-11-22T15:28:23.084+0500] {logging_mixin.py:154} INFO - [2023-11-22T15:28:23.082+0500] {dag.py:2941} INFO - Sync 1 DAGs
[2023-11-22T15:28:23.137+0500] {logging_mixin.py:154} INFO - [2023-11-22T15:28:23.137+0500] {dag.py:3722} INFO - Setting next_dagrun for example_dag_decorator to None, run_after=None
[2023-11-22T15:28:23.220+0500] {processor.py:179} INFO - Processing /usr/local/lib/python3.10/dist-packages/airflow/example_dags/example_dag_decorator.py took 0.713 seconds
[2023-11-22T15:28:54.493+0500] {processor.py:157} INFO - Started process (PID=10367) to work on /usr/local/lib/python3.10/dist-packages/airflow/example_dags/example_dag_decorator.py
[2023-11-22T15:28:54.500+0500] {processor.py:829} INFO - Processing file /usr/local/lib/python3.10/dist-packages/airflow/example_dags/example_dag_decorator.py for tasks to queue
[2023-11-22T15:28:54.504+0500] {logging_mixin.py:154} INFO - [2023-11-22T15:28:54.503+0500] {dagbag.py:536} INFO - Filling up the DagBag from /usr/local/lib/python3.10/dist-packages/airflow/example_dags/example_dag_decorator.py
[2023-11-22T15:28:54.546+0500] {processor.py:839} INFO - DAG(s) dict_keys(['example_dag_decorator']) retrieved from /usr/local/lib/python3.10/dist-packages/airflow/example_dags/example_dag_decorator.py
[2023-11-22T15:28:55.090+0500] {logging_mixin.py:154} INFO - [2023-11-22T15:28:55.089+0500] {dag.py:2941} INFO - Sync 1 DAGs
[2023-11-22T15:28:55.147+0500] {logging_mixin.py:154} INFO - [2023-11-22T15:28:55.147+0500] {dag.py:3722} INFO - Setting next_dagrun for example_dag_decorator to None, run_after=None
[2023-11-22T15:28:55.237+0500] {processor.py:179} INFO - Processing /usr/local/lib/python3.10/dist-packages/airflow/example_dags/example_dag_decorator.py took 0.759 seconds
[2023-11-22T15:29:26.587+0500] {processor.py:157} INFO - Started process (PID=10479) to work on /usr/local/lib/python3.10/dist-packages/airflow/example_dags/example_dag_decorator.py
[2023-11-22T15:29:26.589+0500] {processor.py:829} INFO - Processing file /usr/local/lib/python3.10/dist-packages/airflow/example_dags/example_dag_decorator.py for tasks to queue
[2023-11-22T15:29:26.592+0500] {logging_mixin.py:154} INFO - [2023-11-22T15:29:26.591+0500] {dagbag.py:536} INFO - Filling up the DagBag from /usr/local/lib/python3.10/dist-packages/airflow/example_dags/example_dag_decorator.py
[2023-11-22T15:29:26.639+0500] {processor.py:839} INFO - DAG(s) dict_keys(['example_dag_decorator']) retrieved from /usr/local/lib/python3.10/dist-packages/airflow/example_dags/example_dag_decorator.py
[2023-11-22T15:29:27.219+0500] {logging_mixin.py:154} INFO - [2023-11-22T15:29:27.218+0500] {dag.py:2941} INFO - Sync 1 DAGs
[2023-11-22T15:29:27.278+0500] {logging_mixin.py:154} INFO - [2023-11-22T15:29:27.277+0500] {dag.py:3722} INFO - Setting next_dagrun for example_dag_decorator to None, run_after=None
[2023-11-22T15:29:27.421+0500] {processor.py:179} INFO - Processing /usr/local/lib/python3.10/dist-packages/airflow/example_dags/example_dag_decorator.py took 0.846 seconds
[2023-11-22T15:29:57.890+0500] {processor.py:157} INFO - Started process (PID=10881) to work on /usr/local/lib/python3.10/dist-packages/airflow/example_dags/example_dag_decorator.py
[2023-11-22T15:29:57.892+0500] {processor.py:829} INFO - Processing file /usr/local/lib/python3.10/dist-packages/airflow/example_dags/example_dag_decorator.py for tasks to queue
[2023-11-22T15:29:57.895+0500] {logging_mixin.py:154} INFO - [2023-11-22T15:29:57.894+0500] {dagbag.py:536} INFO - Filling up the DagBag from /usr/local/lib/python3.10/dist-packages/airflow/example_dags/example_dag_decorator.py
[2023-11-22T15:29:57.948+0500] {processor.py:839} INFO - DAG(s) dict_keys(['example_dag_decorator']) retrieved from /usr/local/lib/python3.10/dist-packages/airflow/example_dags/example_dag_decorator.py
[2023-11-22T15:29:58.521+0500] {logging_mixin.py:154} INFO - [2023-11-22T15:29:58.518+0500] {dag.py:2941} INFO - Sync 1 DAGs
[2023-11-22T15:29:58.594+0500] {logging_mixin.py:154} INFO - [2023-11-22T15:29:58.593+0500] {dag.py:3722} INFO - Setting next_dagrun for example_dag_decorator to None, run_after=None
[2023-11-22T15:29:58.701+0500] {processor.py:179} INFO - Processing /usr/local/lib/python3.10/dist-packages/airflow/example_dags/example_dag_decorator.py took 0.826 seconds
[2023-11-22T15:30:31.547+0500] {processor.py:157} INFO - Started process (PID=11031) to work on /usr/local/lib/python3.10/dist-packages/airflow/example_dags/example_dag_decorator.py
[2023-11-22T15:30:31.553+0500] {processor.py:829} INFO - Processing file /usr/local/lib/python3.10/dist-packages/airflow/example_dags/example_dag_decorator.py for tasks to queue
[2023-11-22T15:30:31.557+0500] {logging_mixin.py:154} INFO - [2023-11-22T15:30:31.556+0500] {dagbag.py:536} INFO - Filling up the DagBag from /usr/local/lib/python3.10/dist-packages/airflow/example_dags/example_dag_decorator.py
[2023-11-22T15:30:31.656+0500] {processor.py:839} INFO - DAG(s) dict_keys(['example_dag_decorator']) retrieved from /usr/local/lib/python3.10/dist-packages/airflow/example_dags/example_dag_decorator.py
[2023-11-22T15:30:33.159+0500] {logging_mixin.py:154} INFO - [2023-11-22T15:30:33.158+0500] {dag.py:2941} INFO - Sync 1 DAGs
[2023-11-22T15:30:33.234+0500] {logging_mixin.py:154} INFO - [2023-11-22T15:30:33.233+0500] {dag.py:3722} INFO - Setting next_dagrun for example_dag_decorator to None, run_after=None
[2023-11-22T15:30:33.547+0500] {processor.py:179} INFO - Processing /usr/local/lib/python3.10/dist-packages/airflow/example_dags/example_dag_decorator.py took 2.018 seconds
[2023-11-22T15:31:04.487+0500] {processor.py:157} INFO - Started process (PID=11245) to work on /usr/local/lib/python3.10/dist-packages/airflow/example_dags/example_dag_decorator.py
[2023-11-22T15:31:04.490+0500] {processor.py:829} INFO - Processing file /usr/local/lib/python3.10/dist-packages/airflow/example_dags/example_dag_decorator.py for tasks to queue
[2023-11-22T15:31:04.493+0500] {logging_mixin.py:154} INFO - [2023-11-22T15:31:04.492+0500] {dagbag.py:536} INFO - Filling up the DagBag from /usr/local/lib/python3.10/dist-packages/airflow/example_dags/example_dag_decorator.py
[2023-11-22T15:31:04.540+0500] {processor.py:839} INFO - DAG(s) dict_keys(['example_dag_decorator']) retrieved from /usr/local/lib/python3.10/dist-packages/airflow/example_dags/example_dag_decorator.py
[2023-11-22T15:31:05.143+0500] {logging_mixin.py:154} INFO - [2023-11-22T15:31:05.142+0500] {dag.py:2941} INFO - Sync 1 DAGs
[2023-11-22T15:31:05.217+0500] {logging_mixin.py:154} INFO - [2023-11-22T15:31:05.217+0500] {dag.py:3722} INFO - Setting next_dagrun for example_dag_decorator to None, run_after=None
[2023-11-22T15:31:05.351+0500] {processor.py:179} INFO - Processing /usr/local/lib/python3.10/dist-packages/airflow/example_dags/example_dag_decorator.py took 0.875 seconds
[2023-11-22T15:31:37.095+0500] {processor.py:157} INFO - Started process (PID=11400) to work on /usr/local/lib/python3.10/dist-packages/airflow/example_dags/example_dag_decorator.py
[2023-11-22T15:31:37.099+0500] {processor.py:829} INFO - Processing file /usr/local/lib/python3.10/dist-packages/airflow/example_dags/example_dag_decorator.py for tasks to queue
[2023-11-22T15:31:37.102+0500] {logging_mixin.py:154} INFO - [2023-11-22T15:31:37.101+0500] {dagbag.py:536} INFO - Filling up the DagBag from /usr/local/lib/python3.10/dist-packages/airflow/example_dags/example_dag_decorator.py
[2023-11-22T15:31:37.151+0500] {processor.py:839} INFO - DAG(s) dict_keys(['example_dag_decorator']) retrieved from /usr/local/lib/python3.10/dist-packages/airflow/example_dags/example_dag_decorator.py
[2023-11-22T15:31:37.688+0500] {logging_mixin.py:154} INFO - [2023-11-22T15:31:37.687+0500] {dag.py:2941} INFO - Sync 1 DAGs
[2023-11-22T15:31:37.737+0500] {logging_mixin.py:154} INFO - [2023-11-22T15:31:37.736+0500] {dag.py:3722} INFO - Setting next_dagrun for example_dag_decorator to None, run_after=None
[2023-11-22T15:31:37.821+0500] {processor.py:179} INFO - Processing /usr/local/lib/python3.10/dist-packages/airflow/example_dags/example_dag_decorator.py took 0.742 seconds
[2023-11-22T15:32:08.664+0500] {processor.py:157} INFO - Started process (PID=11571) to work on /usr/local/lib/python3.10/dist-packages/airflow/example_dags/example_dag_decorator.py
[2023-11-22T15:32:08.667+0500] {processor.py:829} INFO - Processing file /usr/local/lib/python3.10/dist-packages/airflow/example_dags/example_dag_decorator.py for tasks to queue
[2023-11-22T15:32:08.671+0500] {logging_mixin.py:154} INFO - [2023-11-22T15:32:08.670+0500] {dagbag.py:536} INFO - Filling up the DagBag from /usr/local/lib/python3.10/dist-packages/airflow/example_dags/example_dag_decorator.py
[2023-11-22T15:32:08.726+0500] {processor.py:839} INFO - DAG(s) dict_keys(['example_dag_decorator']) retrieved from /usr/local/lib/python3.10/dist-packages/airflow/example_dags/example_dag_decorator.py
[2023-11-22T15:32:09.264+0500] {logging_mixin.py:154} INFO - [2023-11-22T15:32:09.263+0500] {dag.py:2941} INFO - Sync 1 DAGs
[2023-11-22T15:32:09.316+0500] {logging_mixin.py:154} INFO - [2023-11-22T15:32:09.315+0500] {dag.py:3722} INFO - Setting next_dagrun for example_dag_decorator to None, run_after=None
[2023-11-22T15:32:09.411+0500] {processor.py:179} INFO - Processing /usr/local/lib/python3.10/dist-packages/airflow/example_dags/example_dag_decorator.py took 0.758 seconds
[2023-11-22T15:32:41.200+0500] {processor.py:157} INFO - Started process (PID=11725) to work on /usr/local/lib/python3.10/dist-packages/airflow/example_dags/example_dag_decorator.py
[2023-11-22T15:32:41.206+0500] {processor.py:829} INFO - Processing file /usr/local/lib/python3.10/dist-packages/airflow/example_dags/example_dag_decorator.py for tasks to queue
[2023-11-22T15:32:41.210+0500] {logging_mixin.py:154} INFO - [2023-11-22T15:32:41.209+0500] {dagbag.py:536} INFO - Filling up the DagBag from /usr/local/lib/python3.10/dist-packages/airflow/example_dags/example_dag_decorator.py
[2023-11-22T15:32:41.281+0500] {processor.py:839} INFO - DAG(s) dict_keys(['example_dag_decorator']) retrieved from /usr/local/lib/python3.10/dist-packages/airflow/example_dags/example_dag_decorator.py
[2023-11-22T15:32:41.885+0500] {logging_mixin.py:154} INFO - [2023-11-22T15:32:41.884+0500] {dag.py:2941} INFO - Sync 1 DAGs
[2023-11-22T15:32:41.949+0500] {logging_mixin.py:154} INFO - [2023-11-22T15:32:41.948+0500] {dag.py:3722} INFO - Setting next_dagrun for example_dag_decorator to None, run_after=None
[2023-11-22T15:32:42.043+0500] {processor.py:179} INFO - Processing /usr/local/lib/python3.10/dist-packages/airflow/example_dags/example_dag_decorator.py took 0.880 seconds
[2023-11-22T15:33:13.042+0500] {processor.py:157} INFO - Started process (PID=11867) to work on /usr/local/lib/python3.10/dist-packages/airflow/example_dags/example_dag_decorator.py
[2023-11-22T15:33:13.044+0500] {processor.py:829} INFO - Processing file /usr/local/lib/python3.10/dist-packages/airflow/example_dags/example_dag_decorator.py for tasks to queue
[2023-11-22T15:33:13.050+0500] {logging_mixin.py:154} INFO - [2023-11-22T15:33:13.049+0500] {dagbag.py:536} INFO - Filling up the DagBag from /usr/local/lib/python3.10/dist-packages/airflow/example_dags/example_dag_decorator.py
[2023-11-22T15:33:13.110+0500] {processor.py:839} INFO - DAG(s) dict_keys(['example_dag_decorator']) retrieved from /usr/local/lib/python3.10/dist-packages/airflow/example_dags/example_dag_decorator.py
[2023-11-22T15:33:13.916+0500] {logging_mixin.py:154} INFO - [2023-11-22T15:33:13.915+0500] {dag.py:2941} INFO - Sync 1 DAGs
[2023-11-22T15:33:13.982+0500] {logging_mixin.py:154} INFO - [2023-11-22T15:33:13.981+0500] {dag.py:3722} INFO - Setting next_dagrun for example_dag_decorator to None, run_after=None
[2023-11-22T15:33:14.120+0500] {processor.py:179} INFO - Processing /usr/local/lib/python3.10/dist-packages/airflow/example_dags/example_dag_decorator.py took 1.096 seconds
[2023-11-22T15:33:44.246+0500] {processor.py:157} INFO - Started process (PID=12019) to work on /usr/local/lib/python3.10/dist-packages/airflow/example_dags/example_dag_decorator.py
[2023-11-22T15:33:44.268+0500] {processor.py:829} INFO - Processing file /usr/local/lib/python3.10/dist-packages/airflow/example_dags/example_dag_decorator.py for tasks to queue
[2023-11-22T15:33:44.275+0500] {logging_mixin.py:154} INFO - [2023-11-22T15:33:44.273+0500] {dagbag.py:536} INFO - Filling up the DagBag from /usr/local/lib/python3.10/dist-packages/airflow/example_dags/example_dag_decorator.py
[2023-11-22T15:33:44.393+0500] {processor.py:839} INFO - DAG(s) dict_keys(['example_dag_decorator']) retrieved from /usr/local/lib/python3.10/dist-packages/airflow/example_dags/example_dag_decorator.py
[2023-11-22T15:33:44.948+0500] {logging_mixin.py:154} INFO - [2023-11-22T15:33:44.947+0500] {dag.py:2941} INFO - Sync 1 DAGs
[2023-11-22T15:33:45.000+0500] {logging_mixin.py:154} INFO - [2023-11-22T15:33:45.000+0500] {dag.py:3722} INFO - Setting next_dagrun for example_dag_decorator to None, run_after=None
[2023-11-22T15:33:45.099+0500] {processor.py:179} INFO - Processing /usr/local/lib/python3.10/dist-packages/airflow/example_dags/example_dag_decorator.py took 0.873 seconds
[2023-11-22T15:34:16.145+0500] {processor.py:157} INFO - Started process (PID=12168) to work on /usr/local/lib/python3.10/dist-packages/airflow/example_dags/example_dag_decorator.py
[2023-11-22T15:34:16.147+0500] {processor.py:829} INFO - Processing file /usr/local/lib/python3.10/dist-packages/airflow/example_dags/example_dag_decorator.py for tasks to queue
[2023-11-22T15:34:16.151+0500] {logging_mixin.py:154} INFO - [2023-11-22T15:34:16.150+0500] {dagbag.py:536} INFO - Filling up the DagBag from /usr/local/lib/python3.10/dist-packages/airflow/example_dags/example_dag_decorator.py
[2023-11-22T15:34:16.289+0500] {processor.py:839} INFO - DAG(s) dict_keys(['example_dag_decorator']) retrieved from /usr/local/lib/python3.10/dist-packages/airflow/example_dags/example_dag_decorator.py
[2023-11-22T15:34:17.694+0500] {logging_mixin.py:154} INFO - [2023-11-22T15:34:17.693+0500] {dag.py:2941} INFO - Sync 1 DAGs
[2023-11-22T15:34:17.815+0500] {logging_mixin.py:154} INFO - [2023-11-22T15:34:17.814+0500] {dag.py:3722} INFO - Setting next_dagrun for example_dag_decorator to None, run_after=None
[2023-11-22T15:34:17.911+0500] {processor.py:179} INFO - Processing /usr/local/lib/python3.10/dist-packages/airflow/example_dags/example_dag_decorator.py took 1.784 seconds
[2023-11-22T15:34:48.816+0500] {processor.py:157} INFO - Started process (PID=12314) to work on /usr/local/lib/python3.10/dist-packages/airflow/example_dags/example_dag_decorator.py
[2023-11-22T15:34:48.819+0500] {processor.py:829} INFO - Processing file /usr/local/lib/python3.10/dist-packages/airflow/example_dags/example_dag_decorator.py for tasks to queue
[2023-11-22T15:34:48.822+0500] {logging_mixin.py:154} INFO - [2023-11-22T15:34:48.821+0500] {dagbag.py:536} INFO - Filling up the DagBag from /usr/local/lib/python3.10/dist-packages/airflow/example_dags/example_dag_decorator.py
[2023-11-22T15:34:48.902+0500] {processor.py:839} INFO - DAG(s) dict_keys(['example_dag_decorator']) retrieved from /usr/local/lib/python3.10/dist-packages/airflow/example_dags/example_dag_decorator.py
[2023-11-22T15:34:49.664+0500] {logging_mixin.py:154} INFO - [2023-11-22T15:34:49.663+0500] {dag.py:2941} INFO - Sync 1 DAGs
[2023-11-22T15:34:49.834+0500] {logging_mixin.py:154} INFO - [2023-11-22T15:34:49.833+0500] {dag.py:3722} INFO - Setting next_dagrun for example_dag_decorator to None, run_after=None
[2023-11-22T15:34:49.932+0500] {processor.py:179} INFO - Processing /usr/local/lib/python3.10/dist-packages/airflow/example_dags/example_dag_decorator.py took 1.132 seconds
[2023-11-22T15:35:20.610+0500] {processor.py:157} INFO - Started process (PID=12907) to work on /usr/local/lib/python3.10/dist-packages/airflow/example_dags/example_dag_decorator.py
[2023-11-22T15:35:20.635+0500] {processor.py:829} INFO - Processing file /usr/local/lib/python3.10/dist-packages/airflow/example_dags/example_dag_decorator.py for tasks to queue
[2023-11-22T15:35:20.641+0500] {logging_mixin.py:154} INFO - [2023-11-22T15:35:20.640+0500] {dagbag.py:536} INFO - Filling up the DagBag from /usr/local/lib/python3.10/dist-packages/airflow/example_dags/example_dag_decorator.py
[2023-11-22T15:35:20.910+0500] {processor.py:839} INFO - DAG(s) dict_keys(['example_dag_decorator']) retrieved from /usr/local/lib/python3.10/dist-packages/airflow/example_dags/example_dag_decorator.py
[2023-11-22T15:35:23.035+0500] {logging_mixin.py:154} INFO - [2023-11-22T15:35:23.034+0500] {dag.py:2941} INFO - Sync 1 DAGs
[2023-11-22T15:35:23.185+0500] {logging_mixin.py:154} INFO - [2023-11-22T15:35:23.182+0500] {dag.py:3722} INFO - Setting next_dagrun for example_dag_decorator to None, run_after=None
[2023-11-22T15:35:23.403+0500] {processor.py:179} INFO - Processing /usr/local/lib/python3.10/dist-packages/airflow/example_dags/example_dag_decorator.py took 2.893 seconds
[2023-11-22T15:40:17.121+0500] {processor.py:157} INFO - Started process (PID=13533) to work on /usr/local/lib/python3.10/dist-packages/airflow/example_dags/example_dag_decorator.py
[2023-11-22T15:40:17.135+0500] {processor.py:829} INFO - Processing file /usr/local/lib/python3.10/dist-packages/airflow/example_dags/example_dag_decorator.py for tasks to queue
[2023-11-22T15:40:17.147+0500] {logging_mixin.py:154} INFO - [2023-11-22T15:40:17.146+0500] {dagbag.py:536} INFO - Filling up the DagBag from /usr/local/lib/python3.10/dist-packages/airflow/example_dags/example_dag_decorator.py
[2023-11-22T15:40:17.346+0500] {processor.py:839} INFO - DAG(s) dict_keys(['example_dag_decorator']) retrieved from /usr/local/lib/python3.10/dist-packages/airflow/example_dags/example_dag_decorator.py
[2023-11-22T15:40:18.606+0500] {logging_mixin.py:154} INFO - [2023-11-22T15:40:18.605+0500] {dag.py:2941} INFO - Sync 1 DAGs
[2023-11-22T15:40:18.777+0500] {logging_mixin.py:154} INFO - [2023-11-22T15:40:18.776+0500] {dag.py:3722} INFO - Setting next_dagrun for example_dag_decorator to None, run_after=None
[2023-11-22T15:40:19.066+0500] {processor.py:179} INFO - Processing /usr/local/lib/python3.10/dist-packages/airflow/example_dags/example_dag_decorator.py took 2.017 seconds
[2023-11-22T15:40:49.249+0500] {processor.py:157} INFO - Started process (PID=13683) to work on /usr/local/lib/python3.10/dist-packages/airflow/example_dags/example_dag_decorator.py
[2023-11-22T15:40:49.268+0500] {processor.py:829} INFO - Processing file /usr/local/lib/python3.10/dist-packages/airflow/example_dags/example_dag_decorator.py for tasks to queue
[2023-11-22T15:40:49.276+0500] {logging_mixin.py:154} INFO - [2023-11-22T15:40:49.273+0500] {dagbag.py:536} INFO - Filling up the DagBag from /usr/local/lib/python3.10/dist-packages/airflow/example_dags/example_dag_decorator.py
[2023-11-22T15:40:49.427+0500] {processor.py:839} INFO - DAG(s) dict_keys(['example_dag_decorator']) retrieved from /usr/local/lib/python3.10/dist-packages/airflow/example_dags/example_dag_decorator.py
[2023-11-22T15:40:50.162+0500] {logging_mixin.py:154} INFO - [2023-11-22T15:40:50.161+0500] {dag.py:2941} INFO - Sync 1 DAGs
[2023-11-22T15:40:50.274+0500] {logging_mixin.py:154} INFO - [2023-11-22T15:40:50.273+0500] {dag.py:3722} INFO - Setting next_dagrun for example_dag_decorator to None, run_after=None
[2023-11-22T15:40:50.367+0500] {processor.py:179} INFO - Processing /usr/local/lib/python3.10/dist-packages/airflow/example_dags/example_dag_decorator.py took 1.143 seconds
[2023-11-22T15:41:20.799+0500] {processor.py:157} INFO - Started process (PID=13824) to work on /usr/local/lib/python3.10/dist-packages/airflow/example_dags/example_dag_decorator.py
[2023-11-22T15:41:20.801+0500] {processor.py:829} INFO - Processing file /usr/local/lib/python3.10/dist-packages/airflow/example_dags/example_dag_decorator.py for tasks to queue
[2023-11-22T15:41:20.805+0500] {logging_mixin.py:154} INFO - [2023-11-22T15:41:20.803+0500] {dagbag.py:536} INFO - Filling up the DagBag from /usr/local/lib/python3.10/dist-packages/airflow/example_dags/example_dag_decorator.py
[2023-11-22T15:41:20.855+0500] {processor.py:839} INFO - DAG(s) dict_keys(['example_dag_decorator']) retrieved from /usr/local/lib/python3.10/dist-packages/airflow/example_dags/example_dag_decorator.py
[2023-11-22T15:41:21.639+0500] {logging_mixin.py:154} INFO - [2023-11-22T15:41:21.638+0500] {dag.py:2941} INFO - Sync 1 DAGs
[2023-11-22T15:41:21.692+0500] {logging_mixin.py:154} INFO - [2023-11-22T15:41:21.691+0500] {dag.py:3722} INFO - Setting next_dagrun for example_dag_decorator to None, run_after=None
[2023-11-22T15:41:21.779+0500] {processor.py:179} INFO - Processing /usr/local/lib/python3.10/dist-packages/airflow/example_dags/example_dag_decorator.py took 0.993 seconds
[2023-11-22T15:41:51.988+0500] {processor.py:157} INFO - Started process (PID=13968) to work on /usr/local/lib/python3.10/dist-packages/airflow/example_dags/example_dag_decorator.py
[2023-11-22T15:41:51.991+0500] {processor.py:829} INFO - Processing file /usr/local/lib/python3.10/dist-packages/airflow/example_dags/example_dag_decorator.py for tasks to queue
[2023-11-22T15:41:52.003+0500] {logging_mixin.py:154} INFO - [2023-11-22T15:41:51.993+0500] {dagbag.py:536} INFO - Filling up the DagBag from /usr/local/lib/python3.10/dist-packages/airflow/example_dags/example_dag_decorator.py
[2023-11-22T15:41:52.053+0500] {processor.py:839} INFO - DAG(s) dict_keys(['example_dag_decorator']) retrieved from /usr/local/lib/python3.10/dist-packages/airflow/example_dags/example_dag_decorator.py
[2023-11-22T15:41:52.691+0500] {logging_mixin.py:154} INFO - [2023-11-22T15:41:52.690+0500] {dag.py:2941} INFO - Sync 1 DAGs
[2023-11-22T15:41:52.752+0500] {logging_mixin.py:154} INFO - [2023-11-22T15:41:52.751+0500] {dag.py:3722} INFO - Setting next_dagrun for example_dag_decorator to None, run_after=None
[2023-11-22T15:41:52.835+0500] {processor.py:179} INFO - Processing /usr/local/lib/python3.10/dist-packages/airflow/example_dags/example_dag_decorator.py took 0.860 seconds
[2023-11-22T15:42:22.969+0500] {processor.py:157} INFO - Started process (PID=14147) to work on /usr/local/lib/python3.10/dist-packages/airflow/example_dags/example_dag_decorator.py
[2023-11-22T15:42:22.971+0500] {processor.py:829} INFO - Processing file /usr/local/lib/python3.10/dist-packages/airflow/example_dags/example_dag_decorator.py for tasks to queue
[2023-11-22T15:42:22.974+0500] {logging_mixin.py:154} INFO - [2023-11-22T15:42:22.973+0500] {dagbag.py:536} INFO - Filling up the DagBag from /usr/local/lib/python3.10/dist-packages/airflow/example_dags/example_dag_decorator.py
[2023-11-22T15:42:23.020+0500] {processor.py:839} INFO - DAG(s) dict_keys(['example_dag_decorator']) retrieved from /usr/local/lib/python3.10/dist-packages/airflow/example_dags/example_dag_decorator.py
[2023-11-22T15:42:23.525+0500] {logging_mixin.py:154} INFO - [2023-11-22T15:42:23.525+0500] {dag.py:2941} INFO - Sync 1 DAGs
[2023-11-22T15:42:23.578+0500] {logging_mixin.py:154} INFO - [2023-11-22T15:42:23.576+0500] {dag.py:3722} INFO - Setting next_dagrun for example_dag_decorator to None, run_after=None
[2023-11-22T15:42:23.660+0500] {processor.py:179} INFO - Processing /usr/local/lib/python3.10/dist-packages/airflow/example_dags/example_dag_decorator.py took 0.702 seconds
[2023-11-22T15:42:53.837+0500] {processor.py:157} INFO - Started process (PID=14293) to work on /usr/local/lib/python3.10/dist-packages/airflow/example_dags/example_dag_decorator.py
[2023-11-22T15:42:53.840+0500] {processor.py:829} INFO - Processing file /usr/local/lib/python3.10/dist-packages/airflow/example_dags/example_dag_decorator.py for tasks to queue
[2023-11-22T15:42:53.843+0500] {logging_mixin.py:154} INFO - [2023-11-22T15:42:53.842+0500] {dagbag.py:536} INFO - Filling up the DagBag from /usr/local/lib/python3.10/dist-packages/airflow/example_dags/example_dag_decorator.py
[2023-11-22T15:42:53.892+0500] {processor.py:839} INFO - DAG(s) dict_keys(['example_dag_decorator']) retrieved from /usr/local/lib/python3.10/dist-packages/airflow/example_dags/example_dag_decorator.py
[2023-11-22T15:42:54.707+0500] {logging_mixin.py:154} INFO - [2023-11-22T15:42:54.706+0500] {dag.py:2941} INFO - Sync 1 DAGs
[2023-11-22T15:42:54.797+0500] {logging_mixin.py:154} INFO - [2023-11-22T15:42:54.797+0500] {dag.py:3722} INFO - Setting next_dagrun for example_dag_decorator to None, run_after=None
[2023-11-22T15:42:54.945+0500] {processor.py:179} INFO - Processing /usr/local/lib/python3.10/dist-packages/airflow/example_dags/example_dag_decorator.py took 1.121 seconds
[2023-11-22T15:43:26.622+0500] {processor.py:157} INFO - Started process (PID=14408) to work on /usr/local/lib/python3.10/dist-packages/airflow/example_dags/example_dag_decorator.py
[2023-11-22T15:43:26.624+0500] {processor.py:829} INFO - Processing file /usr/local/lib/python3.10/dist-packages/airflow/example_dags/example_dag_decorator.py for tasks to queue
[2023-11-22T15:43:26.629+0500] {logging_mixin.py:154} INFO - [2023-11-22T15:43:26.627+0500] {dagbag.py:536} INFO - Filling up the DagBag from /usr/local/lib/python3.10/dist-packages/airflow/example_dags/example_dag_decorator.py
[2023-11-22T15:43:26.699+0500] {processor.py:839} INFO - DAG(s) dict_keys(['example_dag_decorator']) retrieved from /usr/local/lib/python3.10/dist-packages/airflow/example_dags/example_dag_decorator.py
[2023-11-22T15:43:27.297+0500] {logging_mixin.py:154} INFO - [2023-11-22T15:43:27.297+0500] {dag.py:2941} INFO - Sync 1 DAGs
[2023-11-22T15:43:27.353+0500] {logging_mixin.py:154} INFO - [2023-11-22T15:43:27.352+0500] {dag.py:3722} INFO - Setting next_dagrun for example_dag_decorator to None, run_after=None
[2023-11-22T15:43:27.456+0500] {processor.py:179} INFO - Processing /usr/local/lib/python3.10/dist-packages/airflow/example_dags/example_dag_decorator.py took 0.851 seconds
[2023-11-22T15:43:58.631+0500] {processor.py:157} INFO - Started process (PID=14552) to work on /usr/local/lib/python3.10/dist-packages/airflow/example_dags/example_dag_decorator.py
[2023-11-22T15:43:58.634+0500] {processor.py:829} INFO - Processing file /usr/local/lib/python3.10/dist-packages/airflow/example_dags/example_dag_decorator.py for tasks to queue
[2023-11-22T15:43:58.637+0500] {logging_mixin.py:154} INFO - [2023-11-22T15:43:58.636+0500] {dagbag.py:536} INFO - Filling up the DagBag from /usr/local/lib/python3.10/dist-packages/airflow/example_dags/example_dag_decorator.py
[2023-11-22T15:43:58.700+0500] {processor.py:839} INFO - DAG(s) dict_keys(['example_dag_decorator']) retrieved from /usr/local/lib/python3.10/dist-packages/airflow/example_dags/example_dag_decorator.py
[2023-11-22T15:43:59.260+0500] {logging_mixin.py:154} INFO - [2023-11-22T15:43:59.256+0500] {dag.py:2941} INFO - Sync 1 DAGs
[2023-11-22T15:43:59.316+0500] {logging_mixin.py:154} INFO - [2023-11-22T15:43:59.315+0500] {dag.py:3722} INFO - Setting next_dagrun for example_dag_decorator to None, run_after=None
[2023-11-22T15:43:59.439+0500] {processor.py:179} INFO - Processing /usr/local/lib/python3.10/dist-packages/airflow/example_dags/example_dag_decorator.py took 0.823 seconds
[2023-11-22T15:44:29.779+0500] {processor.py:157} INFO - Started process (PID=14699) to work on /usr/local/lib/python3.10/dist-packages/airflow/example_dags/example_dag_decorator.py
[2023-11-22T15:44:29.781+0500] {processor.py:829} INFO - Processing file /usr/local/lib/python3.10/dist-packages/airflow/example_dags/example_dag_decorator.py for tasks to queue
[2023-11-22T15:44:29.785+0500] {logging_mixin.py:154} INFO - [2023-11-22T15:44:29.783+0500] {dagbag.py:536} INFO - Filling up the DagBag from /usr/local/lib/python3.10/dist-packages/airflow/example_dags/example_dag_decorator.py
[2023-11-22T15:44:29.830+0500] {processor.py:839} INFO - DAG(s) dict_keys(['example_dag_decorator']) retrieved from /usr/local/lib/python3.10/dist-packages/airflow/example_dags/example_dag_decorator.py
[2023-11-22T15:44:30.509+0500] {logging_mixin.py:154} INFO - [2023-11-22T15:44:30.508+0500] {dag.py:2941} INFO - Sync 1 DAGs
[2023-11-22T15:44:30.561+0500] {logging_mixin.py:154} INFO - [2023-11-22T15:44:30.560+0500] {dag.py:3722} INFO - Setting next_dagrun for example_dag_decorator to None, run_after=None
[2023-11-22T15:44:30.644+0500] {processor.py:179} INFO - Processing /usr/local/lib/python3.10/dist-packages/airflow/example_dags/example_dag_decorator.py took 0.885 seconds
[2023-11-22T15:45:01.429+0500] {processor.py:157} INFO - Started process (PID=14859) to work on /usr/local/lib/python3.10/dist-packages/airflow/example_dags/example_dag_decorator.py
[2023-11-22T15:45:01.434+0500] {processor.py:829} INFO - Processing file /usr/local/lib/python3.10/dist-packages/airflow/example_dags/example_dag_decorator.py for tasks to queue
[2023-11-22T15:45:01.437+0500] {logging_mixin.py:154} INFO - [2023-11-22T15:45:01.436+0500] {dagbag.py:536} INFO - Filling up the DagBag from /usr/local/lib/python3.10/dist-packages/airflow/example_dags/example_dag_decorator.py
[2023-11-22T15:45:01.488+0500] {processor.py:839} INFO - DAG(s) dict_keys(['example_dag_decorator']) retrieved from /usr/local/lib/python3.10/dist-packages/airflow/example_dags/example_dag_decorator.py
[2023-11-22T15:45:02.104+0500] {logging_mixin.py:154} INFO - [2023-11-22T15:45:02.103+0500] {dag.py:2941} INFO - Sync 1 DAGs
[2023-11-22T15:45:02.174+0500] {logging_mixin.py:154} INFO - [2023-11-22T15:45:02.174+0500] {dag.py:3722} INFO - Setting next_dagrun for example_dag_decorator to None, run_after=None
[2023-11-22T15:45:02.300+0500] {processor.py:179} INFO - Processing /usr/local/lib/python3.10/dist-packages/airflow/example_dags/example_dag_decorator.py took 0.883 seconds
[2023-11-22T15:45:33.448+0500] {processor.py:157} INFO - Started process (PID=15020) to work on /usr/local/lib/python3.10/dist-packages/airflow/example_dags/example_dag_decorator.py
[2023-11-22T15:45:33.451+0500] {processor.py:829} INFO - Processing file /usr/local/lib/python3.10/dist-packages/airflow/example_dags/example_dag_decorator.py for tasks to queue
[2023-11-22T15:45:33.454+0500] {logging_mixin.py:154} INFO - [2023-11-22T15:45:33.453+0500] {dagbag.py:536} INFO - Filling up the DagBag from /usr/local/lib/python3.10/dist-packages/airflow/example_dags/example_dag_decorator.py
[2023-11-22T15:45:33.498+0500] {processor.py:839} INFO - DAG(s) dict_keys(['example_dag_decorator']) retrieved from /usr/local/lib/python3.10/dist-packages/airflow/example_dags/example_dag_decorator.py
[2023-11-22T15:45:34.095+0500] {logging_mixin.py:154} INFO - [2023-11-22T15:45:34.094+0500] {dag.py:2941} INFO - Sync 1 DAGs
[2023-11-22T15:45:34.146+0500] {logging_mixin.py:154} INFO - [2023-11-22T15:45:34.145+0500] {dag.py:3722} INFO - Setting next_dagrun for example_dag_decorator to None, run_after=None
[2023-11-22T15:45:34.238+0500] {processor.py:179} INFO - Processing /usr/local/lib/python3.10/dist-packages/airflow/example_dags/example_dag_decorator.py took 0.801 seconds
[2023-11-22T15:46:04.620+0500] {processor.py:157} INFO - Started process (PID=15144) to work on /usr/local/lib/python3.10/dist-packages/airflow/example_dags/example_dag_decorator.py
[2023-11-22T15:46:04.624+0500] {processor.py:829} INFO - Processing file /usr/local/lib/python3.10/dist-packages/airflow/example_dags/example_dag_decorator.py for tasks to queue
[2023-11-22T15:46:04.627+0500] {logging_mixin.py:154} INFO - [2023-11-22T15:46:04.626+0500] {dagbag.py:536} INFO - Filling up the DagBag from /usr/local/lib/python3.10/dist-packages/airflow/example_dags/example_dag_decorator.py
[2023-11-22T15:46:04.677+0500] {processor.py:839} INFO - DAG(s) dict_keys(['example_dag_decorator']) retrieved from /usr/local/lib/python3.10/dist-packages/airflow/example_dags/example_dag_decorator.py
[2023-11-22T15:46:05.322+0500] {logging_mixin.py:154} INFO - [2023-11-22T15:46:05.321+0500] {dag.py:2941} INFO - Sync 1 DAGs
[2023-11-22T15:46:05.384+0500] {logging_mixin.py:154} INFO - [2023-11-22T15:46:05.383+0500] {dag.py:3722} INFO - Setting next_dagrun for example_dag_decorator to None, run_after=None
[2023-11-22T15:46:05.491+0500] {processor.py:179} INFO - Processing /usr/local/lib/python3.10/dist-packages/airflow/example_dags/example_dag_decorator.py took 0.883 seconds
[2023-11-22T15:46:35.712+0500] {processor.py:157} INFO - Started process (PID=15281) to work on /usr/local/lib/python3.10/dist-packages/airflow/example_dags/example_dag_decorator.py
[2023-11-22T15:46:35.717+0500] {processor.py:829} INFO - Processing file /usr/local/lib/python3.10/dist-packages/airflow/example_dags/example_dag_decorator.py for tasks to queue
[2023-11-22T15:46:35.721+0500] {logging_mixin.py:154} INFO - [2023-11-22T15:46:35.720+0500] {dagbag.py:536} INFO - Filling up the DagBag from /usr/local/lib/python3.10/dist-packages/airflow/example_dags/example_dag_decorator.py
[2023-11-22T15:46:35.769+0500] {processor.py:839} INFO - DAG(s) dict_keys(['example_dag_decorator']) retrieved from /usr/local/lib/python3.10/dist-packages/airflow/example_dags/example_dag_decorator.py
[2023-11-22T15:46:36.268+0500] {logging_mixin.py:154} INFO - [2023-11-22T15:46:36.267+0500] {dag.py:2941} INFO - Sync 1 DAGs
[2023-11-22T15:46:36.330+0500] {logging_mixin.py:154} INFO - [2023-11-22T15:46:36.329+0500] {dag.py:3722} INFO - Setting next_dagrun for example_dag_decorator to None, run_after=None
[2023-11-22T15:46:36.413+0500] {processor.py:179} INFO - Processing /usr/local/lib/python3.10/dist-packages/airflow/example_dags/example_dag_decorator.py took 0.714 seconds
[2023-11-22T15:47:06.579+0500] {processor.py:157} INFO - Started process (PID=15447) to work on /usr/local/lib/python3.10/dist-packages/airflow/example_dags/example_dag_decorator.py
[2023-11-22T15:47:06.584+0500] {processor.py:829} INFO - Processing file /usr/local/lib/python3.10/dist-packages/airflow/example_dags/example_dag_decorator.py for tasks to queue
[2023-11-22T15:47:06.586+0500] {logging_mixin.py:154} INFO - [2023-11-22T15:47:06.585+0500] {dagbag.py:536} INFO - Filling up the DagBag from /usr/local/lib/python3.10/dist-packages/airflow/example_dags/example_dag_decorator.py
[2023-11-22T15:47:06.633+0500] {processor.py:839} INFO - DAG(s) dict_keys(['example_dag_decorator']) retrieved from /usr/local/lib/python3.10/dist-packages/airflow/example_dags/example_dag_decorator.py
[2023-11-22T15:47:07.136+0500] {logging_mixin.py:154} INFO - [2023-11-22T15:47:07.135+0500] {dag.py:2941} INFO - Sync 1 DAGs
[2023-11-22T15:47:07.184+0500] {logging_mixin.py:154} INFO - [2023-11-22T15:47:07.184+0500] {dag.py:3722} INFO - Setting next_dagrun for example_dag_decorator to None, run_after=None
[2023-11-22T15:47:07.259+0500] {processor.py:179} INFO - Processing /usr/local/lib/python3.10/dist-packages/airflow/example_dags/example_dag_decorator.py took 0.691 seconds
[2023-11-22T15:47:37.425+0500] {processor.py:157} INFO - Started process (PID=15610) to work on /usr/local/lib/python3.10/dist-packages/airflow/example_dags/example_dag_decorator.py
[2023-11-22T15:47:37.427+0500] {processor.py:829} INFO - Processing file /usr/local/lib/python3.10/dist-packages/airflow/example_dags/example_dag_decorator.py for tasks to queue
[2023-11-22T15:47:37.429+0500] {logging_mixin.py:154} INFO - [2023-11-22T15:47:37.428+0500] {dagbag.py:536} INFO - Filling up the DagBag from /usr/local/lib/python3.10/dist-packages/airflow/example_dags/example_dag_decorator.py
[2023-11-22T15:47:37.472+0500] {processor.py:839} INFO - DAG(s) dict_keys(['example_dag_decorator']) retrieved from /usr/local/lib/python3.10/dist-packages/airflow/example_dags/example_dag_decorator.py
[2023-11-22T15:47:37.935+0500] {logging_mixin.py:154} INFO - [2023-11-22T15:47:37.935+0500] {dag.py:2941} INFO - Sync 1 DAGs
[2023-11-22T15:47:37.980+0500] {logging_mixin.py:154} INFO - [2023-11-22T15:47:37.979+0500] {dag.py:3722} INFO - Setting next_dagrun for example_dag_decorator to None, run_after=None
[2023-11-22T15:47:38.067+0500] {processor.py:179} INFO - Processing /usr/local/lib/python3.10/dist-packages/airflow/example_dags/example_dag_decorator.py took 0.653 seconds
[2023-11-22T15:48:08.499+0500] {processor.py:157} INFO - Started process (PID=15757) to work on /usr/local/lib/python3.10/dist-packages/airflow/example_dags/example_dag_decorator.py
[2023-11-22T15:48:08.503+0500] {processor.py:829} INFO - Processing file /usr/local/lib/python3.10/dist-packages/airflow/example_dags/example_dag_decorator.py for tasks to queue
[2023-11-22T15:48:08.508+0500] {logging_mixin.py:154} INFO - [2023-11-22T15:48:08.505+0500] {dagbag.py:536} INFO - Filling up the DagBag from /usr/local/lib/python3.10/dist-packages/airflow/example_dags/example_dag_decorator.py
[2023-11-22T15:48:08.587+0500] {processor.py:839} INFO - DAG(s) dict_keys(['example_dag_decorator']) retrieved from /usr/local/lib/python3.10/dist-packages/airflow/example_dags/example_dag_decorator.py
[2023-11-22T15:48:09.427+0500] {logging_mixin.py:154} INFO - [2023-11-22T15:48:09.426+0500] {dag.py:2941} INFO - Sync 1 DAGs
[2023-11-22T15:48:09.491+0500] {logging_mixin.py:154} INFO - [2023-11-22T15:48:09.490+0500] {dag.py:3722} INFO - Setting next_dagrun for example_dag_decorator to None, run_after=None
[2023-11-22T15:48:09.585+0500] {processor.py:179} INFO - Processing /usr/local/lib/python3.10/dist-packages/airflow/example_dags/example_dag_decorator.py took 1.104 seconds
[2023-11-22T15:48:39.989+0500] {processor.py:157} INFO - Started process (PID=15877) to work on /usr/local/lib/python3.10/dist-packages/airflow/example_dags/example_dag_decorator.py
[2023-11-22T15:48:40.075+0500] {processor.py:829} INFO - Processing file /usr/local/lib/python3.10/dist-packages/airflow/example_dags/example_dag_decorator.py for tasks to queue
[2023-11-22T15:48:40.080+0500] {logging_mixin.py:154} INFO - [2023-11-22T15:48:40.077+0500] {dagbag.py:536} INFO - Filling up the DagBag from /usr/local/lib/python3.10/dist-packages/airflow/example_dags/example_dag_decorator.py
[2023-11-22T15:48:40.134+0500] {processor.py:839} INFO - DAG(s) dict_keys(['example_dag_decorator']) retrieved from /usr/local/lib/python3.10/dist-packages/airflow/example_dags/example_dag_decorator.py
[2023-11-22T15:48:40.951+0500] {logging_mixin.py:154} INFO - [2023-11-22T15:48:40.950+0500] {dag.py:2941} INFO - Sync 1 DAGs
[2023-11-22T15:48:41.022+0500] {logging_mixin.py:154} INFO - [2023-11-22T15:48:41.022+0500] {dag.py:3722} INFO - Setting next_dagrun for example_dag_decorator to None, run_after=None
[2023-11-22T15:48:41.162+0500] {processor.py:179} INFO - Processing /usr/local/lib/python3.10/dist-packages/airflow/example_dags/example_dag_decorator.py took 1.192 seconds
[2023-11-22T15:49:11.463+0500] {processor.py:157} INFO - Started process (PID=16031) to work on /usr/local/lib/python3.10/dist-packages/airflow/example_dags/example_dag_decorator.py
[2023-11-22T15:49:11.465+0500] {processor.py:829} INFO - Processing file /usr/local/lib/python3.10/dist-packages/airflow/example_dags/example_dag_decorator.py for tasks to queue
[2023-11-22T15:49:11.468+0500] {logging_mixin.py:154} INFO - [2023-11-22T15:49:11.467+0500] {dagbag.py:536} INFO - Filling up the DagBag from /usr/local/lib/python3.10/dist-packages/airflow/example_dags/example_dag_decorator.py
[2023-11-22T15:49:11.515+0500] {processor.py:839} INFO - DAG(s) dict_keys(['example_dag_decorator']) retrieved from /usr/local/lib/python3.10/dist-packages/airflow/example_dags/example_dag_decorator.py
[2023-11-22T15:49:12.102+0500] {logging_mixin.py:154} INFO - [2023-11-22T15:49:12.101+0500] {dag.py:2941} INFO - Sync 1 DAGs
[2023-11-22T15:49:12.160+0500] {logging_mixin.py:154} INFO - [2023-11-22T15:49:12.160+0500] {dag.py:3722} INFO - Setting next_dagrun for example_dag_decorator to None, run_after=None
[2023-11-22T15:49:12.242+0500] {processor.py:179} INFO - Processing /usr/local/lib/python3.10/dist-packages/airflow/example_dags/example_dag_decorator.py took 0.790 seconds
[2023-11-22T15:49:43.242+0500] {processor.py:157} INFO - Started process (PID=16151) to work on /usr/local/lib/python3.10/dist-packages/airflow/example_dags/example_dag_decorator.py
[2023-11-22T15:49:43.244+0500] {processor.py:829} INFO - Processing file /usr/local/lib/python3.10/dist-packages/airflow/example_dags/example_dag_decorator.py for tasks to queue
[2023-11-22T15:49:43.248+0500] {logging_mixin.py:154} INFO - [2023-11-22T15:49:43.247+0500] {dagbag.py:536} INFO - Filling up the DagBag from /usr/local/lib/python3.10/dist-packages/airflow/example_dags/example_dag_decorator.py
[2023-11-22T15:49:43.315+0500] {processor.py:839} INFO - DAG(s) dict_keys(['example_dag_decorator']) retrieved from /usr/local/lib/python3.10/dist-packages/airflow/example_dags/example_dag_decorator.py
[2023-11-22T15:49:43.942+0500] {logging_mixin.py:154} INFO - [2023-11-22T15:49:43.941+0500] {dag.py:2941} INFO - Sync 1 DAGs
[2023-11-22T15:49:44.000+0500] {logging_mixin.py:154} INFO - [2023-11-22T15:49:43.999+0500] {dag.py:3722} INFO - Setting next_dagrun for example_dag_decorator to None, run_after=None
[2023-11-22T15:49:44.144+0500] {processor.py:179} INFO - Processing /usr/local/lib/python3.10/dist-packages/airflow/example_dags/example_dag_decorator.py took 0.916 seconds
[2023-11-22T15:50:14.641+0500] {processor.py:157} INFO - Started process (PID=16291) to work on /usr/local/lib/python3.10/dist-packages/airflow/example_dags/example_dag_decorator.py
[2023-11-22T15:50:14.644+0500] {processor.py:829} INFO - Processing file /usr/local/lib/python3.10/dist-packages/airflow/example_dags/example_dag_decorator.py for tasks to queue
[2023-11-22T15:50:14.647+0500] {logging_mixin.py:154} INFO - [2023-11-22T15:50:14.646+0500] {dagbag.py:536} INFO - Filling up the DagBag from /usr/local/lib/python3.10/dist-packages/airflow/example_dags/example_dag_decorator.py
[2023-11-22T15:50:14.699+0500] {processor.py:839} INFO - DAG(s) dict_keys(['example_dag_decorator']) retrieved from /usr/local/lib/python3.10/dist-packages/airflow/example_dags/example_dag_decorator.py
[2023-11-22T15:50:15.882+0500] {logging_mixin.py:154} INFO - [2023-11-22T15:50:15.881+0500] {dag.py:2941} INFO - Sync 1 DAGs
[2023-11-22T15:50:16.005+0500] {logging_mixin.py:154} INFO - [2023-11-22T15:50:15.997+0500] {dag.py:3722} INFO - Setting next_dagrun for example_dag_decorator to None, run_after=None
[2023-11-22T15:50:16.190+0500] {processor.py:179} INFO - Processing /usr/local/lib/python3.10/dist-packages/airflow/example_dags/example_dag_decorator.py took 1.563 seconds
[2023-11-22T15:50:46.572+0500] {processor.py:157} INFO - Started process (PID=16439) to work on /usr/local/lib/python3.10/dist-packages/airflow/example_dags/example_dag_decorator.py
[2023-11-22T15:50:46.574+0500] {processor.py:829} INFO - Processing file /usr/local/lib/python3.10/dist-packages/airflow/example_dags/example_dag_decorator.py for tasks to queue
[2023-11-22T15:50:46.577+0500] {logging_mixin.py:154} INFO - [2023-11-22T15:50:46.576+0500] {dagbag.py:536} INFO - Filling up the DagBag from /usr/local/lib/python3.10/dist-packages/airflow/example_dags/example_dag_decorator.py
[2023-11-22T15:50:46.636+0500] {processor.py:839} INFO - DAG(s) dict_keys(['example_dag_decorator']) retrieved from /usr/local/lib/python3.10/dist-packages/airflow/example_dags/example_dag_decorator.py
[2023-11-22T15:50:47.306+0500] {logging_mixin.py:154} INFO - [2023-11-22T15:50:47.305+0500] {dag.py:2941} INFO - Sync 1 DAGs
[2023-11-22T15:50:47.369+0500] {logging_mixin.py:154} INFO - [2023-11-22T15:50:47.368+0500] {dag.py:3722} INFO - Setting next_dagrun for example_dag_decorator to None, run_after=None
[2023-11-22T15:50:47.457+0500] {processor.py:179} INFO - Processing /usr/local/lib/python3.10/dist-packages/airflow/example_dags/example_dag_decorator.py took 0.902 seconds
[2023-11-22T15:51:18.209+0500] {processor.py:157} INFO - Started process (PID=16560) to work on /usr/local/lib/python3.10/dist-packages/airflow/example_dags/example_dag_decorator.py
[2023-11-22T15:51:18.215+0500] {processor.py:829} INFO - Processing file /usr/local/lib/python3.10/dist-packages/airflow/example_dags/example_dag_decorator.py for tasks to queue
[2023-11-22T15:51:18.218+0500] {logging_mixin.py:154} INFO - [2023-11-22T15:51:18.217+0500] {dagbag.py:536} INFO - Filling up the DagBag from /usr/local/lib/python3.10/dist-packages/airflow/example_dags/example_dag_decorator.py
[2023-11-22T15:51:18.311+0500] {processor.py:839} INFO - DAG(s) dict_keys(['example_dag_decorator']) retrieved from /usr/local/lib/python3.10/dist-packages/airflow/example_dags/example_dag_decorator.py
[2023-11-22T15:51:19.020+0500] {logging_mixin.py:154} INFO - [2023-11-22T15:51:19.019+0500] {dag.py:2941} INFO - Sync 1 DAGs
[2023-11-22T15:51:19.116+0500] {logging_mixin.py:154} INFO - [2023-11-22T15:51:19.115+0500] {dag.py:3722} INFO - Setting next_dagrun for example_dag_decorator to None, run_after=None
[2023-11-22T15:51:19.271+0500] {processor.py:179} INFO - Processing /usr/local/lib/python3.10/dist-packages/airflow/example_dags/example_dag_decorator.py took 1.074 seconds
[2023-11-22T15:51:49.731+0500] {processor.py:157} INFO - Started process (PID=16712) to work on /usr/local/lib/python3.10/dist-packages/airflow/example_dags/example_dag_decorator.py
[2023-11-22T15:51:49.733+0500] {processor.py:829} INFO - Processing file /usr/local/lib/python3.10/dist-packages/airflow/example_dags/example_dag_decorator.py for tasks to queue
[2023-11-22T15:51:49.737+0500] {logging_mixin.py:154} INFO - [2023-11-22T15:51:49.735+0500] {dagbag.py:536} INFO - Filling up the DagBag from /usr/local/lib/python3.10/dist-packages/airflow/example_dags/example_dag_decorator.py
[2023-11-22T15:51:49.820+0500] {processor.py:839} INFO - DAG(s) dict_keys(['example_dag_decorator']) retrieved from /usr/local/lib/python3.10/dist-packages/airflow/example_dags/example_dag_decorator.py
[2023-11-22T15:51:50.378+0500] {logging_mixin.py:154} INFO - [2023-11-22T15:51:50.377+0500] {dag.py:2941} INFO - Sync 1 DAGs
[2023-11-22T15:51:50.428+0500] {logging_mixin.py:154} INFO - [2023-11-22T15:51:50.428+0500] {dag.py:3722} INFO - Setting next_dagrun for example_dag_decorator to None, run_after=None
[2023-11-22T15:51:50.509+0500] {processor.py:179} INFO - Processing /usr/local/lib/python3.10/dist-packages/airflow/example_dags/example_dag_decorator.py took 0.792 seconds
[2023-11-22T15:52:21.049+0500] {processor.py:157} INFO - Started process (PID=16852) to work on /usr/local/lib/python3.10/dist-packages/airflow/example_dags/example_dag_decorator.py
[2023-11-22T15:52:21.053+0500] {processor.py:829} INFO - Processing file /usr/local/lib/python3.10/dist-packages/airflow/example_dags/example_dag_decorator.py for tasks to queue
[2023-11-22T15:52:21.056+0500] {logging_mixin.py:154} INFO - [2023-11-22T15:52:21.055+0500] {dagbag.py:536} INFO - Filling up the DagBag from /usr/local/lib/python3.10/dist-packages/airflow/example_dags/example_dag_decorator.py
[2023-11-22T15:52:21.108+0500] {processor.py:839} INFO - DAG(s) dict_keys(['example_dag_decorator']) retrieved from /usr/local/lib/python3.10/dist-packages/airflow/example_dags/example_dag_decorator.py
[2023-11-22T15:52:21.677+0500] {logging_mixin.py:154} INFO - [2023-11-22T15:52:21.677+0500] {dag.py:2941} INFO - Sync 1 DAGs
[2023-11-22T15:52:21.736+0500] {logging_mixin.py:154} INFO - [2023-11-22T15:52:21.734+0500] {dag.py:3722} INFO - Setting next_dagrun for example_dag_decorator to None, run_after=None
[2023-11-22T15:52:21.820+0500] {processor.py:179} INFO - Processing /usr/local/lib/python3.10/dist-packages/airflow/example_dags/example_dag_decorator.py took 0.787 seconds
[2023-11-22T15:52:53.160+0500] {processor.py:157} INFO - Started process (PID=17001) to work on /usr/local/lib/python3.10/dist-packages/airflow/example_dags/example_dag_decorator.py
[2023-11-22T15:52:53.163+0500] {processor.py:829} INFO - Processing file /usr/local/lib/python3.10/dist-packages/airflow/example_dags/example_dag_decorator.py for tasks to queue
[2023-11-22T15:52:53.166+0500] {logging_mixin.py:154} INFO - [2023-11-22T15:52:53.165+0500] {dagbag.py:536} INFO - Filling up the DagBag from /usr/local/lib/python3.10/dist-packages/airflow/example_dags/example_dag_decorator.py
[2023-11-22T15:52:53.230+0500] {processor.py:839} INFO - DAG(s) dict_keys(['example_dag_decorator']) retrieved from /usr/local/lib/python3.10/dist-packages/airflow/example_dags/example_dag_decorator.py
[2023-11-22T15:52:53.911+0500] {logging_mixin.py:154} INFO - [2023-11-22T15:52:53.910+0500] {dag.py:2941} INFO - Sync 1 DAGs
[2023-11-22T15:52:53.980+0500] {logging_mixin.py:154} INFO - [2023-11-22T15:52:53.979+0500] {dag.py:3722} INFO - Setting next_dagrun for example_dag_decorator to None, run_after=None
[2023-11-22T15:52:54.079+0500] {processor.py:179} INFO - Processing /usr/local/lib/python3.10/dist-packages/airflow/example_dags/example_dag_decorator.py took 0.936 seconds
[2023-11-22T15:53:27.281+0500] {processor.py:157} INFO - Started process (PID=17187) to work on /usr/local/lib/python3.10/dist-packages/airflow/example_dags/example_dag_decorator.py
[2023-11-22T15:53:27.284+0500] {processor.py:829} INFO - Processing file /usr/local/lib/python3.10/dist-packages/airflow/example_dags/example_dag_decorator.py for tasks to queue
[2023-11-22T15:53:27.288+0500] {logging_mixin.py:154} INFO - [2023-11-22T15:53:27.286+0500] {dagbag.py:536} INFO - Filling up the DagBag from /usr/local/lib/python3.10/dist-packages/airflow/example_dags/example_dag_decorator.py
[2023-11-22T15:53:27.492+0500] {processor.py:839} INFO - DAG(s) dict_keys(['example_dag_decorator']) retrieved from /usr/local/lib/python3.10/dist-packages/airflow/example_dags/example_dag_decorator.py
[2023-11-22T15:53:28.258+0500] {logging_mixin.py:154} INFO - [2023-11-22T15:53:28.257+0500] {dag.py:2941} INFO - Sync 1 DAGs
[2023-11-22T15:53:28.316+0500] {logging_mixin.py:154} INFO - [2023-11-22T15:53:28.315+0500] {dag.py:3722} INFO - Setting next_dagrun for example_dag_decorator to None, run_after=None
[2023-11-22T15:53:28.407+0500] {processor.py:179} INFO - Processing /usr/local/lib/python3.10/dist-packages/airflow/example_dags/example_dag_decorator.py took 1.142 seconds
[2023-11-22T15:54:00.874+0500] {processor.py:157} INFO - Started process (PID=17369) to work on /usr/local/lib/python3.10/dist-packages/airflow/example_dags/example_dag_decorator.py
[2023-11-22T15:54:00.878+0500] {processor.py:829} INFO - Processing file /usr/local/lib/python3.10/dist-packages/airflow/example_dags/example_dag_decorator.py for tasks to queue
[2023-11-22T15:54:00.899+0500] {logging_mixin.py:154} INFO - [2023-11-22T15:54:00.891+0500] {dagbag.py:536} INFO - Filling up the DagBag from /usr/local/lib/python3.10/dist-packages/airflow/example_dags/example_dag_decorator.py
[2023-11-22T15:54:00.995+0500] {processor.py:839} INFO - DAG(s) dict_keys(['example_dag_decorator']) retrieved from /usr/local/lib/python3.10/dist-packages/airflow/example_dags/example_dag_decorator.py
[2023-11-22T15:54:02.951+0500] {logging_mixin.py:154} INFO - [2023-11-22T15:54:02.944+0500] {dag.py:2941} INFO - Sync 1 DAGs
[2023-11-22T15:54:03.103+0500] {logging_mixin.py:154} INFO - [2023-11-22T15:54:03.102+0500] {dag.py:3722} INFO - Setting next_dagrun for example_dag_decorator to None, run_after=None
[2023-11-22T15:54:03.363+0500] {processor.py:179} INFO - Processing /usr/local/lib/python3.10/dist-packages/airflow/example_dags/example_dag_decorator.py took 2.523 seconds
[2023-11-22T15:54:34.519+0500] {processor.py:157} INFO - Started process (PID=17579) to work on /usr/local/lib/python3.10/dist-packages/airflow/example_dags/example_dag_decorator.py
[2023-11-22T15:54:34.527+0500] {processor.py:829} INFO - Processing file /usr/local/lib/python3.10/dist-packages/airflow/example_dags/example_dag_decorator.py for tasks to queue
[2023-11-22T15:54:34.536+0500] {logging_mixin.py:154} INFO - [2023-11-22T15:54:34.535+0500] {dagbag.py:536} INFO - Filling up the DagBag from /usr/local/lib/python3.10/dist-packages/airflow/example_dags/example_dag_decorator.py
[2023-11-22T15:54:34.625+0500] {processor.py:839} INFO - DAG(s) dict_keys(['example_dag_decorator']) retrieved from /usr/local/lib/python3.10/dist-packages/airflow/example_dags/example_dag_decorator.py
[2023-11-22T15:54:35.364+0500] {logging_mixin.py:154} INFO - [2023-11-22T15:54:35.363+0500] {dag.py:2941} INFO - Sync 1 DAGs
[2023-11-22T15:54:35.450+0500] {logging_mixin.py:154} INFO - [2023-11-22T15:54:35.449+0500] {dag.py:3722} INFO - Setting next_dagrun for example_dag_decorator to None, run_after=None
[2023-11-22T15:54:35.542+0500] {processor.py:179} INFO - Processing /usr/local/lib/python3.10/dist-packages/airflow/example_dags/example_dag_decorator.py took 1.050 seconds
[2023-11-22T15:55:06.888+0500] {processor.py:157} INFO - Started process (PID=17764) to work on /usr/local/lib/python3.10/dist-packages/airflow/example_dags/example_dag_decorator.py
[2023-11-22T15:55:06.891+0500] {processor.py:829} INFO - Processing file /usr/local/lib/python3.10/dist-packages/airflow/example_dags/example_dag_decorator.py for tasks to queue
[2023-11-22T15:55:06.894+0500] {logging_mixin.py:154} INFO - [2023-11-22T15:55:06.893+0500] {dagbag.py:536} INFO - Filling up the DagBag from /usr/local/lib/python3.10/dist-packages/airflow/example_dags/example_dag_decorator.py
[2023-11-22T15:55:06.943+0500] {processor.py:839} INFO - DAG(s) dict_keys(['example_dag_decorator']) retrieved from /usr/local/lib/python3.10/dist-packages/airflow/example_dags/example_dag_decorator.py
[2023-11-22T15:55:07.459+0500] {logging_mixin.py:154} INFO - [2023-11-22T15:55:07.458+0500] {dag.py:2941} INFO - Sync 1 DAGs
[2023-11-22T15:55:07.531+0500] {logging_mixin.py:154} INFO - [2023-11-22T15:55:07.530+0500] {dag.py:3722} INFO - Setting next_dagrun for example_dag_decorator to None, run_after=None
[2023-11-22T15:55:07.617+0500] {processor.py:179} INFO - Processing /usr/local/lib/python3.10/dist-packages/airflow/example_dags/example_dag_decorator.py took 0.742 seconds
[2023-11-22T15:55:38.787+0500] {processor.py:157} INFO - Started process (PID=18185) to work on /usr/local/lib/python3.10/dist-packages/airflow/example_dags/example_dag_decorator.py
[2023-11-22T15:55:38.792+0500] {processor.py:829} INFO - Processing file /usr/local/lib/python3.10/dist-packages/airflow/example_dags/example_dag_decorator.py for tasks to queue
[2023-11-22T15:55:38.803+0500] {logging_mixin.py:154} INFO - [2023-11-22T15:55:38.801+0500] {dagbag.py:536} INFO - Filling up the DagBag from /usr/local/lib/python3.10/dist-packages/airflow/example_dags/example_dag_decorator.py
[2023-11-22T15:55:38.861+0500] {processor.py:839} INFO - DAG(s) dict_keys(['example_dag_decorator']) retrieved from /usr/local/lib/python3.10/dist-packages/airflow/example_dags/example_dag_decorator.py
[2023-11-22T15:55:39.456+0500] {logging_mixin.py:154} INFO - [2023-11-22T15:55:39.454+0500] {dag.py:2941} INFO - Sync 1 DAGs
[2023-11-22T15:55:39.512+0500] {logging_mixin.py:154} INFO - [2023-11-22T15:55:39.512+0500] {dag.py:3722} INFO - Setting next_dagrun for example_dag_decorator to None, run_after=None
[2023-11-22T15:55:39.603+0500] {processor.py:179} INFO - Processing /usr/local/lib/python3.10/dist-packages/airflow/example_dags/example_dag_decorator.py took 0.831 seconds
[2023-11-22T15:56:10.902+0500] {processor.py:157} INFO - Started process (PID=18295) to work on /usr/local/lib/python3.10/dist-packages/airflow/example_dags/example_dag_decorator.py
[2023-11-22T15:56:10.905+0500] {processor.py:829} INFO - Processing file /usr/local/lib/python3.10/dist-packages/airflow/example_dags/example_dag_decorator.py for tasks to queue
[2023-11-22T15:56:10.908+0500] {logging_mixin.py:154} INFO - [2023-11-22T15:56:10.907+0500] {dagbag.py:536} INFO - Filling up the DagBag from /usr/local/lib/python3.10/dist-packages/airflow/example_dags/example_dag_decorator.py
[2023-11-22T15:56:10.955+0500] {processor.py:839} INFO - DAG(s) dict_keys(['example_dag_decorator']) retrieved from /usr/local/lib/python3.10/dist-packages/airflow/example_dags/example_dag_decorator.py
[2023-11-22T15:56:11.483+0500] {logging_mixin.py:154} INFO - [2023-11-22T15:56:11.482+0500] {dag.py:2941} INFO - Sync 1 DAGs
[2023-11-22T15:56:11.544+0500] {logging_mixin.py:154} INFO - [2023-11-22T15:56:11.543+0500] {dag.py:3722} INFO - Setting next_dagrun for example_dag_decorator to None, run_after=None
[2023-11-22T15:56:11.633+0500] {processor.py:179} INFO - Processing /usr/local/lib/python3.10/dist-packages/airflow/example_dags/example_dag_decorator.py took 0.742 seconds
[2023-11-22T15:56:43.388+0500] {processor.py:157} INFO - Started process (PID=18405) to work on /usr/local/lib/python3.10/dist-packages/airflow/example_dags/example_dag_decorator.py
[2023-11-22T15:56:43.391+0500] {processor.py:829} INFO - Processing file /usr/local/lib/python3.10/dist-packages/airflow/example_dags/example_dag_decorator.py for tasks to queue
[2023-11-22T15:56:43.395+0500] {logging_mixin.py:154} INFO - [2023-11-22T15:56:43.394+0500] {dagbag.py:536} INFO - Filling up the DagBag from /usr/local/lib/python3.10/dist-packages/airflow/example_dags/example_dag_decorator.py
[2023-11-22T15:56:43.450+0500] {processor.py:839} INFO - DAG(s) dict_keys(['example_dag_decorator']) retrieved from /usr/local/lib/python3.10/dist-packages/airflow/example_dags/example_dag_decorator.py
[2023-11-22T15:56:43.933+0500] {logging_mixin.py:154} INFO - [2023-11-22T15:56:43.932+0500] {dag.py:2941} INFO - Sync 1 DAGs
[2023-11-22T15:56:43.990+0500] {logging_mixin.py:154} INFO - [2023-11-22T15:56:43.989+0500] {dag.py:3722} INFO - Setting next_dagrun for example_dag_decorator to None, run_after=None
[2023-11-22T15:56:44.065+0500] {processor.py:179} INFO - Processing /usr/local/lib/python3.10/dist-packages/airflow/example_dags/example_dag_decorator.py took 0.690 seconds
[2023-11-22T15:57:14.187+0500] {processor.py:157} INFO - Started process (PID=18522) to work on /usr/local/lib/python3.10/dist-packages/airflow/example_dags/example_dag_decorator.py
[2023-11-22T15:57:14.189+0500] {processor.py:829} INFO - Processing file /usr/local/lib/python3.10/dist-packages/airflow/example_dags/example_dag_decorator.py for tasks to queue
[2023-11-22T15:57:14.192+0500] {logging_mixin.py:154} INFO - [2023-11-22T15:57:14.191+0500] {dagbag.py:536} INFO - Filling up the DagBag from /usr/local/lib/python3.10/dist-packages/airflow/example_dags/example_dag_decorator.py
[2023-11-22T15:57:14.237+0500] {processor.py:839} INFO - DAG(s) dict_keys(['example_dag_decorator']) retrieved from /usr/local/lib/python3.10/dist-packages/airflow/example_dags/example_dag_decorator.py
[2023-11-22T15:57:14.762+0500] {logging_mixin.py:154} INFO - [2023-11-22T15:57:14.761+0500] {dag.py:2941} INFO - Sync 1 DAGs
[2023-11-22T15:57:14.815+0500] {logging_mixin.py:154} INFO - [2023-11-22T15:57:14.814+0500] {dag.py:3722} INFO - Setting next_dagrun for example_dag_decorator to None, run_after=None
[2023-11-22T15:57:14.906+0500] {processor.py:179} INFO - Processing /usr/local/lib/python3.10/dist-packages/airflow/example_dags/example_dag_decorator.py took 0.731 seconds
[2023-11-22T15:57:45.408+0500] {processor.py:157} INFO - Started process (PID=18622) to work on /usr/local/lib/python3.10/dist-packages/airflow/example_dags/example_dag_decorator.py
[2023-11-22T15:57:45.411+0500] {processor.py:829} INFO - Processing file /usr/local/lib/python3.10/dist-packages/airflow/example_dags/example_dag_decorator.py for tasks to queue
[2023-11-22T15:57:45.414+0500] {logging_mixin.py:154} INFO - [2023-11-22T15:57:45.413+0500] {dagbag.py:536} INFO - Filling up the DagBag from /usr/local/lib/python3.10/dist-packages/airflow/example_dags/example_dag_decorator.py
[2023-11-22T15:57:45.465+0500] {processor.py:839} INFO - DAG(s) dict_keys(['example_dag_decorator']) retrieved from /usr/local/lib/python3.10/dist-packages/airflow/example_dags/example_dag_decorator.py
[2023-11-22T15:57:45.948+0500] {logging_mixin.py:154} INFO - [2023-11-22T15:57:45.947+0500] {dag.py:2941} INFO - Sync 1 DAGs
[2023-11-22T15:57:45.994+0500] {logging_mixin.py:154} INFO - [2023-11-22T15:57:45.994+0500] {dag.py:3722} INFO - Setting next_dagrun for example_dag_decorator to None, run_after=None
[2023-11-22T15:57:46.089+0500] {processor.py:179} INFO - Processing /usr/local/lib/python3.10/dist-packages/airflow/example_dags/example_dag_decorator.py took 0.694 seconds
[2023-11-22T15:58:16.154+0500] {processor.py:157} INFO - Started process (PID=18721) to work on /usr/local/lib/python3.10/dist-packages/airflow/example_dags/example_dag_decorator.py
[2023-11-22T15:58:16.157+0500] {processor.py:829} INFO - Processing file /usr/local/lib/python3.10/dist-packages/airflow/example_dags/example_dag_decorator.py for tasks to queue
[2023-11-22T15:58:16.160+0500] {logging_mixin.py:154} INFO - [2023-11-22T15:58:16.159+0500] {dagbag.py:536} INFO - Filling up the DagBag from /usr/local/lib/python3.10/dist-packages/airflow/example_dags/example_dag_decorator.py
[2023-11-22T15:58:16.210+0500] {processor.py:839} INFO - DAG(s) dict_keys(['example_dag_decorator']) retrieved from /usr/local/lib/python3.10/dist-packages/airflow/example_dags/example_dag_decorator.py
[2023-11-22T15:58:16.720+0500] {logging_mixin.py:154} INFO - [2023-11-22T15:58:16.719+0500] {dag.py:2941} INFO - Sync 1 DAGs
[2023-11-22T15:58:16.772+0500] {logging_mixin.py:154} INFO - [2023-11-22T15:58:16.771+0500] {dag.py:3722} INFO - Setting next_dagrun for example_dag_decorator to None, run_after=None
[2023-11-22T15:58:16.848+0500] {processor.py:179} INFO - Processing /usr/local/lib/python3.10/dist-packages/airflow/example_dags/example_dag_decorator.py took 0.707 seconds
[2023-11-22T15:58:48.125+0500] {processor.py:157} INFO - Started process (PID=18825) to work on /usr/local/lib/python3.10/dist-packages/airflow/example_dags/example_dag_decorator.py
[2023-11-22T15:58:48.128+0500] {processor.py:829} INFO - Processing file /usr/local/lib/python3.10/dist-packages/airflow/example_dags/example_dag_decorator.py for tasks to queue
[2023-11-22T15:58:48.131+0500] {logging_mixin.py:154} INFO - [2023-11-22T15:58:48.129+0500] {dagbag.py:536} INFO - Filling up the DagBag from /usr/local/lib/python3.10/dist-packages/airflow/example_dags/example_dag_decorator.py
[2023-11-22T15:58:48.179+0500] {processor.py:839} INFO - DAG(s) dict_keys(['example_dag_decorator']) retrieved from /usr/local/lib/python3.10/dist-packages/airflow/example_dags/example_dag_decorator.py
[2023-11-22T15:58:48.712+0500] {logging_mixin.py:154} INFO - [2023-11-22T15:58:48.711+0500] {dag.py:2941} INFO - Sync 1 DAGs
[2023-11-22T15:58:48.764+0500] {logging_mixin.py:154} INFO - [2023-11-22T15:58:48.763+0500] {dag.py:3722} INFO - Setting next_dagrun for example_dag_decorator to None, run_after=None
[2023-11-22T15:58:48.846+0500] {processor.py:179} INFO - Processing /usr/local/lib/python3.10/dist-packages/airflow/example_dags/example_dag_decorator.py took 0.733 seconds
[2023-11-22T15:59:19.228+0500] {processor.py:157} INFO - Started process (PID=18925) to work on /usr/local/lib/python3.10/dist-packages/airflow/example_dags/example_dag_decorator.py
[2023-11-22T15:59:19.231+0500] {processor.py:829} INFO - Processing file /usr/local/lib/python3.10/dist-packages/airflow/example_dags/example_dag_decorator.py for tasks to queue
[2023-11-22T15:59:19.235+0500] {logging_mixin.py:154} INFO - [2023-11-22T15:59:19.234+0500] {dagbag.py:536} INFO - Filling up the DagBag from /usr/local/lib/python3.10/dist-packages/airflow/example_dags/example_dag_decorator.py
[2023-11-22T15:59:19.286+0500] {processor.py:839} INFO - DAG(s) dict_keys(['example_dag_decorator']) retrieved from /usr/local/lib/python3.10/dist-packages/airflow/example_dags/example_dag_decorator.py
[2023-11-22T15:59:19.855+0500] {logging_mixin.py:154} INFO - [2023-11-22T15:59:19.854+0500] {dag.py:2941} INFO - Sync 1 DAGs
[2023-11-22T15:59:19.905+0500] {logging_mixin.py:154} INFO - [2023-11-22T15:59:19.904+0500] {dag.py:3722} INFO - Setting next_dagrun for example_dag_decorator to None, run_after=None
[2023-11-22T15:59:19.983+0500] {processor.py:179} INFO - Processing /usr/local/lib/python3.10/dist-packages/airflow/example_dags/example_dag_decorator.py took 0.770 seconds
[2023-11-22T15:59:50.610+0500] {processor.py:157} INFO - Started process (PID=19024) to work on /usr/local/lib/python3.10/dist-packages/airflow/example_dags/example_dag_decorator.py
[2023-11-22T15:59:50.613+0500] {processor.py:829} INFO - Processing file /usr/local/lib/python3.10/dist-packages/airflow/example_dags/example_dag_decorator.py for tasks to queue
[2023-11-22T15:59:50.615+0500] {logging_mixin.py:154} INFO - [2023-11-22T15:59:50.614+0500] {dagbag.py:536} INFO - Filling up the DagBag from /usr/local/lib/python3.10/dist-packages/airflow/example_dags/example_dag_decorator.py
[2023-11-22T15:59:50.661+0500] {processor.py:839} INFO - DAG(s) dict_keys(['example_dag_decorator']) retrieved from /usr/local/lib/python3.10/dist-packages/airflow/example_dags/example_dag_decorator.py
[2023-11-22T15:59:51.223+0500] {logging_mixin.py:154} INFO - [2023-11-22T15:59:51.222+0500] {dag.py:2941} INFO - Sync 1 DAGs
[2023-11-22T15:59:51.271+0500] {logging_mixin.py:154} INFO - [2023-11-22T15:59:51.271+0500] {dag.py:3722} INFO - Setting next_dagrun for example_dag_decorator to None, run_after=None
[2023-11-22T15:59:51.440+0500] {processor.py:179} INFO - Processing /usr/local/lib/python3.10/dist-packages/airflow/example_dags/example_dag_decorator.py took 0.841 seconds
[2023-11-22T16:00:22.100+0500] {processor.py:157} INFO - Started process (PID=19126) to work on /usr/local/lib/python3.10/dist-packages/airflow/example_dags/example_dag_decorator.py
[2023-11-22T16:00:22.102+0500] {processor.py:829} INFO - Processing file /usr/local/lib/python3.10/dist-packages/airflow/example_dags/example_dag_decorator.py for tasks to queue
[2023-11-22T16:00:22.105+0500] {logging_mixin.py:154} INFO - [2023-11-22T16:00:22.104+0500] {dagbag.py:536} INFO - Filling up the DagBag from /usr/local/lib/python3.10/dist-packages/airflow/example_dags/example_dag_decorator.py
[2023-11-22T16:00:22.152+0500] {processor.py:839} INFO - DAG(s) dict_keys(['example_dag_decorator']) retrieved from /usr/local/lib/python3.10/dist-packages/airflow/example_dags/example_dag_decorator.py
[2023-11-22T16:00:22.671+0500] {logging_mixin.py:154} INFO - [2023-11-22T16:00:22.670+0500] {dag.py:2941} INFO - Sync 1 DAGs
[2023-11-22T16:00:22.750+0500] {logging_mixin.py:154} INFO - [2023-11-22T16:00:22.749+0500] {dag.py:3722} INFO - Setting next_dagrun for example_dag_decorator to None, run_after=None
[2023-11-22T16:00:22.827+0500] {processor.py:179} INFO - Processing /usr/local/lib/python3.10/dist-packages/airflow/example_dags/example_dag_decorator.py took 0.739 seconds
[2023-11-22T16:00:53.809+0500] {processor.py:157} INFO - Started process (PID=19229) to work on /usr/local/lib/python3.10/dist-packages/airflow/example_dags/example_dag_decorator.py
[2023-11-22T16:00:53.813+0500] {processor.py:829} INFO - Processing file /usr/local/lib/python3.10/dist-packages/airflow/example_dags/example_dag_decorator.py for tasks to queue
[2023-11-22T16:00:53.816+0500] {logging_mixin.py:154} INFO - [2023-11-22T16:00:53.815+0500] {dagbag.py:536} INFO - Filling up the DagBag from /usr/local/lib/python3.10/dist-packages/airflow/example_dags/example_dag_decorator.py
[2023-11-22T16:00:53.866+0500] {processor.py:839} INFO - DAG(s) dict_keys(['example_dag_decorator']) retrieved from /usr/local/lib/python3.10/dist-packages/airflow/example_dags/example_dag_decorator.py
[2023-11-22T16:00:54.000+0500] {logging_mixin.py:154} INFO - [2023-11-22T16:00:54.000+0500] {dag.py:2941} INFO - Sync 1 DAGs
[2023-11-22T16:00:54.057+0500] {logging_mixin.py:154} INFO - [2023-11-22T16:00:54.056+0500] {dag.py:3722} INFO - Setting next_dagrun for example_dag_decorator to None, run_after=None
[2023-11-22T16:00:54.130+0500] {processor.py:179} INFO - Processing /usr/local/lib/python3.10/dist-packages/airflow/example_dags/example_dag_decorator.py took 0.333 seconds
[2023-11-22T16:01:24.449+0500] {processor.py:157} INFO - Started process (PID=19329) to work on /usr/local/lib/python3.10/dist-packages/airflow/example_dags/example_dag_decorator.py
[2023-11-22T16:01:24.452+0500] {processor.py:829} INFO - Processing file /usr/local/lib/python3.10/dist-packages/airflow/example_dags/example_dag_decorator.py for tasks to queue
[2023-11-22T16:01:24.455+0500] {logging_mixin.py:154} INFO - [2023-11-22T16:01:24.453+0500] {dagbag.py:536} INFO - Filling up the DagBag from /usr/local/lib/python3.10/dist-packages/airflow/example_dags/example_dag_decorator.py
[2023-11-22T16:01:24.500+0500] {processor.py:839} INFO - DAG(s) dict_keys(['example_dag_decorator']) retrieved from /usr/local/lib/python3.10/dist-packages/airflow/example_dags/example_dag_decorator.py
[2023-11-22T16:01:24.972+0500] {logging_mixin.py:154} INFO - [2023-11-22T16:01:24.971+0500] {dag.py:2941} INFO - Sync 1 DAGs
[2023-11-22T16:01:25.022+0500] {logging_mixin.py:154} INFO - [2023-11-22T16:01:25.021+0500] {dag.py:3722} INFO - Setting next_dagrun for example_dag_decorator to None, run_after=None
[2023-11-22T16:01:25.400+0500] {processor.py:179} INFO - Processing /usr/local/lib/python3.10/dist-packages/airflow/example_dags/example_dag_decorator.py took 0.962 seconds
[2023-11-22T16:01:55.513+0500] {processor.py:157} INFO - Started process (PID=19432) to work on /usr/local/lib/python3.10/dist-packages/airflow/example_dags/example_dag_decorator.py
[2023-11-22T16:01:55.516+0500] {processor.py:829} INFO - Processing file /usr/local/lib/python3.10/dist-packages/airflow/example_dags/example_dag_decorator.py for tasks to queue
[2023-11-22T16:01:55.520+0500] {logging_mixin.py:154} INFO - [2023-11-22T16:01:55.518+0500] {dagbag.py:536} INFO - Filling up the DagBag from /usr/local/lib/python3.10/dist-packages/airflow/example_dags/example_dag_decorator.py
[2023-11-22T16:01:55.573+0500] {processor.py:839} INFO - DAG(s) dict_keys(['example_dag_decorator']) retrieved from /usr/local/lib/python3.10/dist-packages/airflow/example_dags/example_dag_decorator.py
[2023-11-22T16:01:56.117+0500] {logging_mixin.py:154} INFO - [2023-11-22T16:01:56.116+0500] {dag.py:2941} INFO - Sync 1 DAGs
[2023-11-22T16:01:56.167+0500] {logging_mixin.py:154} INFO - [2023-11-22T16:01:56.166+0500] {dag.py:3722} INFO - Setting next_dagrun for example_dag_decorator to None, run_after=None
[2023-11-22T16:01:56.249+0500] {processor.py:179} INFO - Processing /usr/local/lib/python3.10/dist-packages/airflow/example_dags/example_dag_decorator.py took 0.750 seconds
[2023-11-22T16:02:26.338+0500] {processor.py:157} INFO - Started process (PID=19555) to work on /usr/local/lib/python3.10/dist-packages/airflow/example_dags/example_dag_decorator.py
[2023-11-22T16:02:26.341+0500] {processor.py:829} INFO - Processing file /usr/local/lib/python3.10/dist-packages/airflow/example_dags/example_dag_decorator.py for tasks to queue
[2023-11-22T16:02:26.344+0500] {logging_mixin.py:154} INFO - [2023-11-22T16:02:26.343+0500] {dagbag.py:536} INFO - Filling up the DagBag from /usr/local/lib/python3.10/dist-packages/airflow/example_dags/example_dag_decorator.py
[2023-11-22T16:02:26.394+0500] {processor.py:839} INFO - DAG(s) dict_keys(['example_dag_decorator']) retrieved from /usr/local/lib/python3.10/dist-packages/airflow/example_dags/example_dag_decorator.py
[2023-11-22T16:02:26.924+0500] {logging_mixin.py:154} INFO - [2023-11-22T16:02:26.923+0500] {dag.py:2941} INFO - Sync 1 DAGs
[2023-11-22T16:02:27.321+0500] {logging_mixin.py:154} INFO - [2023-11-22T16:02:27.321+0500] {dag.py:3722} INFO - Setting next_dagrun for example_dag_decorator to None, run_after=None
[2023-11-22T16:02:27.400+0500] {processor.py:179} INFO - Processing /usr/local/lib/python3.10/dist-packages/airflow/example_dags/example_dag_decorator.py took 1.075 seconds
[2023-11-22T16:02:58.045+0500] {processor.py:157} INFO - Started process (PID=19662) to work on /usr/local/lib/python3.10/dist-packages/airflow/example_dags/example_dag_decorator.py
[2023-11-22T16:02:58.048+0500] {processor.py:829} INFO - Processing file /usr/local/lib/python3.10/dist-packages/airflow/example_dags/example_dag_decorator.py for tasks to queue
[2023-11-22T16:02:58.051+0500] {logging_mixin.py:154} INFO - [2023-11-22T16:02:58.050+0500] {dagbag.py:536} INFO - Filling up the DagBag from /usr/local/lib/python3.10/dist-packages/airflow/example_dags/example_dag_decorator.py
[2023-11-22T16:02:58.107+0500] {processor.py:839} INFO - DAG(s) dict_keys(['example_dag_decorator']) retrieved from /usr/local/lib/python3.10/dist-packages/airflow/example_dags/example_dag_decorator.py
[2023-11-22T16:02:58.648+0500] {logging_mixin.py:154} INFO - [2023-11-22T16:02:58.647+0500] {dag.py:2941} INFO - Sync 1 DAGs
[2023-11-22T16:02:58.698+0500] {logging_mixin.py:154} INFO - [2023-11-22T16:02:58.697+0500] {dag.py:3722} INFO - Setting next_dagrun for example_dag_decorator to None, run_after=None
[2023-11-22T16:02:58.781+0500] {processor.py:179} INFO - Processing /usr/local/lib/python3.10/dist-packages/airflow/example_dags/example_dag_decorator.py took 0.749 seconds
[2023-11-22T16:03:30.037+0500] {processor.py:157} INFO - Started process (PID=19767) to work on /usr/local/lib/python3.10/dist-packages/airflow/example_dags/example_dag_decorator.py
[2023-11-22T16:03:30.040+0500] {processor.py:829} INFO - Processing file /usr/local/lib/python3.10/dist-packages/airflow/example_dags/example_dag_decorator.py for tasks to queue
[2023-11-22T16:03:30.043+0500] {logging_mixin.py:154} INFO - [2023-11-22T16:03:30.042+0500] {dagbag.py:536} INFO - Filling up the DagBag from /usr/local/lib/python3.10/dist-packages/airflow/example_dags/example_dag_decorator.py
[2023-11-22T16:03:30.097+0500] {processor.py:839} INFO - DAG(s) dict_keys(['example_dag_decorator']) retrieved from /usr/local/lib/python3.10/dist-packages/airflow/example_dags/example_dag_decorator.py
[2023-11-22T16:03:30.647+0500] {logging_mixin.py:154} INFO - [2023-11-22T16:03:30.646+0500] {dag.py:2941} INFO - Sync 1 DAGs
[2023-11-22T16:03:30.697+0500] {logging_mixin.py:154} INFO - [2023-11-22T16:03:30.696+0500] {dag.py:3722} INFO - Setting next_dagrun for example_dag_decorator to None, run_after=None
[2023-11-22T16:03:30.774+0500] {processor.py:179} INFO - Processing /usr/local/lib/python3.10/dist-packages/airflow/example_dags/example_dag_decorator.py took 0.750 seconds
[2023-11-22T16:04:01.982+0500] {processor.py:157} INFO - Started process (PID=19867) to work on /usr/local/lib/python3.10/dist-packages/airflow/example_dags/example_dag_decorator.py
[2023-11-22T16:04:01.985+0500] {processor.py:829} INFO - Processing file /usr/local/lib/python3.10/dist-packages/airflow/example_dags/example_dag_decorator.py for tasks to queue
[2023-11-22T16:04:01.989+0500] {logging_mixin.py:154} INFO - [2023-11-22T16:04:01.988+0500] {dagbag.py:536} INFO - Filling up the DagBag from /usr/local/lib/python3.10/dist-packages/airflow/example_dags/example_dag_decorator.py
[2023-11-22T16:04:02.038+0500] {processor.py:839} INFO - DAG(s) dict_keys(['example_dag_decorator']) retrieved from /usr/local/lib/python3.10/dist-packages/airflow/example_dags/example_dag_decorator.py
[2023-11-22T16:04:02.695+0500] {logging_mixin.py:154} INFO - [2023-11-22T16:04:02.693+0500] {dag.py:2941} INFO - Sync 1 DAGs
[2023-11-22T16:04:03.195+0500] {logging_mixin.py:154} INFO - [2023-11-22T16:04:03.194+0500] {dag.py:3722} INFO - Setting next_dagrun for example_dag_decorator to None, run_after=None
[2023-11-22T16:04:03.319+0500] {processor.py:179} INFO - Processing /usr/local/lib/python3.10/dist-packages/airflow/example_dags/example_dag_decorator.py took 1.350 seconds
[2023-11-22T16:04:33.432+0500] {processor.py:157} INFO - Started process (PID=20021) to work on /usr/local/lib/python3.10/dist-packages/airflow/example_dags/example_dag_decorator.py
[2023-11-22T16:04:33.435+0500] {processor.py:829} INFO - Processing file /usr/local/lib/python3.10/dist-packages/airflow/example_dags/example_dag_decorator.py for tasks to queue
[2023-11-22T16:04:33.438+0500] {logging_mixin.py:154} INFO - [2023-11-22T16:04:33.436+0500] {dagbag.py:536} INFO - Filling up the DagBag from /usr/local/lib/python3.10/dist-packages/airflow/example_dags/example_dag_decorator.py
[2023-11-22T16:04:33.483+0500] {processor.py:839} INFO - DAG(s) dict_keys(['example_dag_decorator']) retrieved from /usr/local/lib/python3.10/dist-packages/airflow/example_dags/example_dag_decorator.py
[2023-11-22T16:04:33.966+0500] {logging_mixin.py:154} INFO - [2023-11-22T16:04:33.965+0500] {dag.py:2941} INFO - Sync 1 DAGs
[2023-11-22T16:04:34.014+0500] {logging_mixin.py:154} INFO - [2023-11-22T16:04:34.013+0500] {dag.py:3722} INFO - Setting next_dagrun for example_dag_decorator to None, run_after=None
[2023-11-22T16:04:34.089+0500] {processor.py:179} INFO - Processing /usr/local/lib/python3.10/dist-packages/airflow/example_dags/example_dag_decorator.py took 0.669 seconds
[2023-11-22T16:05:05.019+0500] {processor.py:157} INFO - Started process (PID=20137) to work on /usr/local/lib/python3.10/dist-packages/airflow/example_dags/example_dag_decorator.py
[2023-11-22T16:05:05.021+0500] {processor.py:829} INFO - Processing file /usr/local/lib/python3.10/dist-packages/airflow/example_dags/example_dag_decorator.py for tasks to queue
[2023-11-22T16:05:05.024+0500] {logging_mixin.py:154} INFO - [2023-11-22T16:05:05.023+0500] {dagbag.py:536} INFO - Filling up the DagBag from /usr/local/lib/python3.10/dist-packages/airflow/example_dags/example_dag_decorator.py
[2023-11-22T16:05:05.072+0500] {processor.py:839} INFO - DAG(s) dict_keys(['example_dag_decorator']) retrieved from /usr/local/lib/python3.10/dist-packages/airflow/example_dags/example_dag_decorator.py
[2023-11-22T16:05:05.882+0500] {logging_mixin.py:154} INFO - [2023-11-22T16:05:05.881+0500] {dag.py:2941} INFO - Sync 1 DAGs
[2023-11-22T16:05:05.950+0500] {logging_mixin.py:154} INFO - [2023-11-22T16:05:05.950+0500] {dag.py:3722} INFO - Setting next_dagrun for example_dag_decorator to None, run_after=None
[2023-11-22T16:05:06.060+0500] {processor.py:179} INFO - Processing /usr/local/lib/python3.10/dist-packages/airflow/example_dags/example_dag_decorator.py took 1.053 seconds
[2023-11-22T16:05:36.591+0500] {processor.py:157} INFO - Started process (PID=20246) to work on /usr/local/lib/python3.10/dist-packages/airflow/example_dags/example_dag_decorator.py
[2023-11-22T16:05:36.594+0500] {processor.py:829} INFO - Processing file /usr/local/lib/python3.10/dist-packages/airflow/example_dags/example_dag_decorator.py for tasks to queue
[2023-11-22T16:05:36.597+0500] {logging_mixin.py:154} INFO - [2023-11-22T16:05:36.596+0500] {dagbag.py:536} INFO - Filling up the DagBag from /usr/local/lib/python3.10/dist-packages/airflow/example_dags/example_dag_decorator.py
[2023-11-22T16:05:36.643+0500] {processor.py:839} INFO - DAG(s) dict_keys(['example_dag_decorator']) retrieved from /usr/local/lib/python3.10/dist-packages/airflow/example_dags/example_dag_decorator.py
[2023-11-22T16:05:37.145+0500] {logging_mixin.py:154} INFO - [2023-11-22T16:05:37.144+0500] {dag.py:2941} INFO - Sync 1 DAGs
[2023-11-22T16:05:37.485+0500] {logging_mixin.py:154} INFO - [2023-11-22T16:05:37.485+0500] {dag.py:3722} INFO - Setting next_dagrun for example_dag_decorator to None, run_after=None
[2023-11-22T16:05:37.556+0500] {processor.py:179} INFO - Processing /usr/local/lib/python3.10/dist-packages/airflow/example_dags/example_dag_decorator.py took 0.977 seconds
[2023-11-22T16:06:08.011+0500] {processor.py:157} INFO - Started process (PID=20351) to work on /usr/local/lib/python3.10/dist-packages/airflow/example_dags/example_dag_decorator.py
[2023-11-22T16:06:08.013+0500] {processor.py:829} INFO - Processing file /usr/local/lib/python3.10/dist-packages/airflow/example_dags/example_dag_decorator.py for tasks to queue
[2023-11-22T16:06:08.016+0500] {logging_mixin.py:154} INFO - [2023-11-22T16:06:08.015+0500] {dagbag.py:536} INFO - Filling up the DagBag from /usr/local/lib/python3.10/dist-packages/airflow/example_dags/example_dag_decorator.py
[2023-11-22T16:06:08.061+0500] {processor.py:839} INFO - DAG(s) dict_keys(['example_dag_decorator']) retrieved from /usr/local/lib/python3.10/dist-packages/airflow/example_dags/example_dag_decorator.py
[2023-11-22T16:06:08.567+0500] {logging_mixin.py:154} INFO - [2023-11-22T16:06:08.567+0500] {dag.py:2941} INFO - Sync 1 DAGs
[2023-11-22T16:06:08.617+0500] {logging_mixin.py:154} INFO - [2023-11-22T16:06:08.616+0500] {dag.py:3722} INFO - Setting next_dagrun for example_dag_decorator to None, run_after=None
[2023-11-22T16:06:08.697+0500] {processor.py:179} INFO - Processing /usr/local/lib/python3.10/dist-packages/airflow/example_dags/example_dag_decorator.py took 0.698 seconds
