[2023-11-22T15:27:18.467+0500] {processor.py:157} INFO - Started process (PID=9987) to work on /usr/local/lib/python3.10/dist-packages/airflow/example_dags/example_branch_operator_decorator.py
[2023-11-22T15:27:18.469+0500] {processor.py:829} INFO - Processing file /usr/local/lib/python3.10/dist-packages/airflow/example_dags/example_branch_operator_decorator.py for tasks to queue
[2023-11-22T15:27:18.472+0500] {logging_mixin.py:154} INFO - [2023-11-22T15:27:18.471+0500] {dagbag.py:536} INFO - Filling up the DagBag from /usr/local/lib/python3.10/dist-packages/airflow/example_dags/example_branch_operator_decorator.py
[2023-11-22T15:27:18.511+0500] {processor.py:839} INFO - DAG(s) dict_keys(['example_branch_python_operator_decorator']) retrieved from /usr/local/lib/python3.10/dist-packages/airflow/example_dags/example_branch_operator_decorator.py
[2023-11-22T15:27:18.631+0500] {logging_mixin.py:154} INFO - [2023-11-22T15:27:18.631+0500] {dag.py:2941} INFO - Sync 1 DAGs
[2023-11-22T15:27:18.733+0500] {logging_mixin.py:154} INFO - [2023-11-22T15:27:18.732+0500] {dag.py:3722} INFO - Setting next_dagrun for example_branch_python_operator_decorator to 2023-11-21T00:00:00+00:00, run_after=2023-11-22T00:00:00+00:00
[2023-11-22T15:27:18.809+0500] {processor.py:179} INFO - Processing /usr/local/lib/python3.10/dist-packages/airflow/example_dags/example_branch_operator_decorator.py took 0.353 seconds
[2023-11-22T15:27:51.333+0500] {processor.py:157} INFO - Started process (PID=10120) to work on /usr/local/lib/python3.10/dist-packages/airflow/example_dags/example_branch_operator_decorator.py
[2023-11-22T15:27:51.336+0500] {processor.py:829} INFO - Processing file /usr/local/lib/python3.10/dist-packages/airflow/example_dags/example_branch_operator_decorator.py for tasks to queue
[2023-11-22T15:27:51.339+0500] {logging_mixin.py:154} INFO - [2023-11-22T15:27:51.337+0500] {dagbag.py:536} INFO - Filling up the DagBag from /usr/local/lib/python3.10/dist-packages/airflow/example_dags/example_branch_operator_decorator.py
[2023-11-22T15:27:51.380+0500] {processor.py:839} INFO - DAG(s) dict_keys(['example_branch_python_operator_decorator']) retrieved from /usr/local/lib/python3.10/dist-packages/airflow/example_dags/example_branch_operator_decorator.py
[2023-11-22T15:27:51.500+0500] {logging_mixin.py:154} INFO - [2023-11-22T15:27:51.499+0500] {dag.py:2941} INFO - Sync 1 DAGs
[2023-11-22T15:27:51.661+0500] {logging_mixin.py:154} INFO - [2023-11-22T15:27:51.659+0500] {dag.py:3722} INFO - Setting next_dagrun for example_branch_python_operator_decorator to 2023-11-21T00:00:00+00:00, run_after=2023-11-22T00:00:00+00:00
[2023-11-22T15:27:51.853+0500] {processor.py:179} INFO - Processing /usr/local/lib/python3.10/dist-packages/airflow/example_dags/example_branch_operator_decorator.py took 0.531 seconds
[2023-11-22T15:28:22.700+0500] {processor.py:157} INFO - Started process (PID=10232) to work on /usr/local/lib/python3.10/dist-packages/airflow/example_dags/example_branch_operator_decorator.py
[2023-11-22T15:28:22.703+0500] {processor.py:829} INFO - Processing file /usr/local/lib/python3.10/dist-packages/airflow/example_dags/example_branch_operator_decorator.py for tasks to queue
[2023-11-22T15:28:22.706+0500] {logging_mixin.py:154} INFO - [2023-11-22T15:28:22.705+0500] {dagbag.py:536} INFO - Filling up the DagBag from /usr/local/lib/python3.10/dist-packages/airflow/example_dags/example_branch_operator_decorator.py
[2023-11-22T15:28:22.745+0500] {processor.py:839} INFO - DAG(s) dict_keys(['example_branch_python_operator_decorator']) retrieved from /usr/local/lib/python3.10/dist-packages/airflow/example_dags/example_branch_operator_decorator.py
[2023-11-22T15:28:22.861+0500] {logging_mixin.py:154} INFO - [2023-11-22T15:28:22.860+0500] {dag.py:2941} INFO - Sync 1 DAGs
[2023-11-22T15:28:22.972+0500] {logging_mixin.py:154} INFO - [2023-11-22T15:28:22.972+0500] {dag.py:3722} INFO - Setting next_dagrun for example_branch_python_operator_decorator to 2023-11-21T00:00:00+00:00, run_after=2023-11-22T00:00:00+00:00
[2023-11-22T15:28:23.046+0500] {processor.py:179} INFO - Processing /usr/local/lib/python3.10/dist-packages/airflow/example_dags/example_branch_operator_decorator.py took 0.357 seconds
[2023-11-22T15:28:55.054+0500] {processor.py:157} INFO - Started process (PID=10371) to work on /usr/local/lib/python3.10/dist-packages/airflow/example_dags/example_branch_operator_decorator.py
[2023-11-22T15:28:55.056+0500] {processor.py:829} INFO - Processing file /usr/local/lib/python3.10/dist-packages/airflow/example_dags/example_branch_operator_decorator.py for tasks to queue
[2023-11-22T15:28:55.062+0500] {logging_mixin.py:154} INFO - [2023-11-22T15:28:55.061+0500] {dagbag.py:536} INFO - Filling up the DagBag from /usr/local/lib/python3.10/dist-packages/airflow/example_dags/example_branch_operator_decorator.py
[2023-11-22T15:28:55.105+0500] {processor.py:839} INFO - DAG(s) dict_keys(['example_branch_python_operator_decorator']) retrieved from /usr/local/lib/python3.10/dist-packages/airflow/example_dags/example_branch_operator_decorator.py
[2023-11-22T15:28:55.219+0500] {logging_mixin.py:154} INFO - [2023-11-22T15:28:55.218+0500] {dag.py:2941} INFO - Sync 1 DAGs
[2023-11-22T15:28:55.329+0500] {logging_mixin.py:154} INFO - [2023-11-22T15:28:55.328+0500] {dag.py:3722} INFO - Setting next_dagrun for example_branch_python_operator_decorator to 2023-11-21T00:00:00+00:00, run_after=2023-11-22T00:00:00+00:00
[2023-11-22T15:28:55.406+0500] {processor.py:179} INFO - Processing /usr/local/lib/python3.10/dist-packages/airflow/example_dags/example_branch_operator_decorator.py took 0.366 seconds
[2023-11-22T15:29:27.223+0500] {processor.py:157} INFO - Started process (PID=10483) to work on /usr/local/lib/python3.10/dist-packages/airflow/example_dags/example_branch_operator_decorator.py
[2023-11-22T15:29:27.230+0500] {processor.py:829} INFO - Processing file /usr/local/lib/python3.10/dist-packages/airflow/example_dags/example_branch_operator_decorator.py for tasks to queue
[2023-11-22T15:29:27.233+0500] {logging_mixin.py:154} INFO - [2023-11-22T15:29:27.232+0500] {dagbag.py:536} INFO - Filling up the DagBag from /usr/local/lib/python3.10/dist-packages/airflow/example_dags/example_branch_operator_decorator.py
[2023-11-22T15:29:27.310+0500] {processor.py:839} INFO - DAG(s) dict_keys(['example_branch_python_operator_decorator']) retrieved from /usr/local/lib/python3.10/dist-packages/airflow/example_dags/example_branch_operator_decorator.py
[2023-11-22T15:29:27.439+0500] {logging_mixin.py:154} INFO - [2023-11-22T15:29:27.438+0500] {dag.py:2941} INFO - Sync 1 DAGs
[2023-11-22T15:29:27.571+0500] {logging_mixin.py:154} INFO - [2023-11-22T15:29:27.570+0500] {dag.py:3722} INFO - Setting next_dagrun for example_branch_python_operator_decorator to 2023-11-21T00:00:00+00:00, run_after=2023-11-22T00:00:00+00:00
[2023-11-22T15:29:27.648+0500] {processor.py:179} INFO - Processing /usr/local/lib/python3.10/dist-packages/airflow/example_dags/example_branch_operator_decorator.py took 0.444 seconds
[2023-11-22T15:29:58.776+0500] {processor.py:157} INFO - Started process (PID=10884) to work on /usr/local/lib/python3.10/dist-packages/airflow/example_dags/example_branch_operator_decorator.py
[2023-11-22T15:29:58.779+0500] {processor.py:829} INFO - Processing file /usr/local/lib/python3.10/dist-packages/airflow/example_dags/example_branch_operator_decorator.py for tasks to queue
[2023-11-22T15:29:58.782+0500] {logging_mixin.py:154} INFO - [2023-11-22T15:29:58.780+0500] {dagbag.py:536} INFO - Filling up the DagBag from /usr/local/lib/python3.10/dist-packages/airflow/example_dags/example_branch_operator_decorator.py
[2023-11-22T15:29:58.823+0500] {processor.py:839} INFO - DAG(s) dict_keys(['example_branch_python_operator_decorator']) retrieved from /usr/local/lib/python3.10/dist-packages/airflow/example_dags/example_branch_operator_decorator.py
[2023-11-22T15:29:58.943+0500] {logging_mixin.py:154} INFO - [2023-11-22T15:29:58.943+0500] {dag.py:2941} INFO - Sync 1 DAGs
[2023-11-22T15:29:59.064+0500] {logging_mixin.py:154} INFO - [2023-11-22T15:29:59.063+0500] {dag.py:3722} INFO - Setting next_dagrun for example_branch_python_operator_decorator to 2023-11-21T00:00:00+00:00, run_after=2023-11-22T00:00:00+00:00
[2023-11-22T15:29:59.172+0500] {processor.py:179} INFO - Processing /usr/local/lib/python3.10/dist-packages/airflow/example_dags/example_branch_operator_decorator.py took 0.408 seconds
[2023-11-22T15:30:32.909+0500] {processor.py:157} INFO - Started process (PID=11037) to work on /usr/local/lib/python3.10/dist-packages/airflow/example_dags/example_branch_operator_decorator.py
[2023-11-22T15:30:32.920+0500] {processor.py:829} INFO - Processing file /usr/local/lib/python3.10/dist-packages/airflow/example_dags/example_branch_operator_decorator.py for tasks to queue
[2023-11-22T15:30:32.923+0500] {logging_mixin.py:154} INFO - [2023-11-22T15:30:32.922+0500] {dagbag.py:536} INFO - Filling up the DagBag from /usr/local/lib/python3.10/dist-packages/airflow/example_dags/example_branch_operator_decorator.py
[2023-11-22T15:30:33.019+0500] {processor.py:839} INFO - DAG(s) dict_keys(['example_branch_python_operator_decorator']) retrieved from /usr/local/lib/python3.10/dist-packages/airflow/example_dags/example_branch_operator_decorator.py
[2023-11-22T15:30:33.232+0500] {logging_mixin.py:154} INFO - [2023-11-22T15:30:33.231+0500] {dag.py:2941} INFO - Sync 1 DAGs
[2023-11-22T15:30:33.408+0500] {logging_mixin.py:154} INFO - [2023-11-22T15:30:33.407+0500] {dag.py:3722} INFO - Setting next_dagrun for example_branch_python_operator_decorator to 2023-11-21T00:00:00+00:00, run_after=2023-11-22T00:00:00+00:00
[2023-11-22T15:30:33.598+0500] {processor.py:179} INFO - Processing /usr/local/lib/python3.10/dist-packages/airflow/example_dags/example_branch_operator_decorator.py took 0.710 seconds
[2023-11-22T15:31:04.545+0500] {processor.py:157} INFO - Started process (PID=11246) to work on /usr/local/lib/python3.10/dist-packages/airflow/example_dags/example_branch_operator_decorator.py
[2023-11-22T15:31:04.549+0500] {processor.py:829} INFO - Processing file /usr/local/lib/python3.10/dist-packages/airflow/example_dags/example_branch_operator_decorator.py for tasks to queue
[2023-11-22T15:31:04.552+0500] {logging_mixin.py:154} INFO - [2023-11-22T15:31:04.551+0500] {dagbag.py:536} INFO - Filling up the DagBag from /usr/local/lib/python3.10/dist-packages/airflow/example_dags/example_branch_operator_decorator.py
[2023-11-22T15:31:04.603+0500] {processor.py:839} INFO - DAG(s) dict_keys(['example_branch_python_operator_decorator']) retrieved from /usr/local/lib/python3.10/dist-packages/airflow/example_dags/example_branch_operator_decorator.py
[2023-11-22T15:31:04.720+0500] {logging_mixin.py:154} INFO - [2023-11-22T15:31:04.719+0500] {dag.py:2941} INFO - Sync 1 DAGs
[2023-11-22T15:31:04.840+0500] {logging_mixin.py:154} INFO - [2023-11-22T15:31:04.839+0500] {dag.py:3722} INFO - Setting next_dagrun for example_branch_python_operator_decorator to 2023-11-21T00:00:00+00:00, run_after=2023-11-22T00:00:00+00:00
[2023-11-22T15:31:04.928+0500] {processor.py:179} INFO - Processing /usr/local/lib/python3.10/dist-packages/airflow/example_dags/example_branch_operator_decorator.py took 0.395 seconds
[2023-11-22T15:31:36.536+0500] {processor.py:157} INFO - Started process (PID=11393) to work on /usr/local/lib/python3.10/dist-packages/airflow/example_dags/example_branch_operator_decorator.py
[2023-11-22T15:31:36.540+0500] {processor.py:829} INFO - Processing file /usr/local/lib/python3.10/dist-packages/airflow/example_dags/example_branch_operator_decorator.py for tasks to queue
[2023-11-22T15:31:36.544+0500] {logging_mixin.py:154} INFO - [2023-11-22T15:31:36.542+0500] {dagbag.py:536} INFO - Filling up the DagBag from /usr/local/lib/python3.10/dist-packages/airflow/example_dags/example_branch_operator_decorator.py
[2023-11-22T15:31:36.618+0500] {processor.py:839} INFO - DAG(s) dict_keys(['example_branch_python_operator_decorator']) retrieved from /usr/local/lib/python3.10/dist-packages/airflow/example_dags/example_branch_operator_decorator.py
[2023-11-22T15:31:36.769+0500] {logging_mixin.py:154} INFO - [2023-11-22T15:31:36.768+0500] {dag.py:2941} INFO - Sync 1 DAGs
[2023-11-22T15:31:36.932+0500] {logging_mixin.py:154} INFO - [2023-11-22T15:31:36.931+0500] {dag.py:3722} INFO - Setting next_dagrun for example_branch_python_operator_decorator to 2023-11-21T00:00:00+00:00, run_after=2023-11-22T00:00:00+00:00
[2023-11-22T15:31:37.033+0500] {processor.py:179} INFO - Processing /usr/local/lib/python3.10/dist-packages/airflow/example_dags/example_branch_operator_decorator.py took 0.533 seconds
[2023-11-22T15:32:09.537+0500] {processor.py:157} INFO - Started process (PID=11573) to work on /usr/local/lib/python3.10/dist-packages/airflow/example_dags/example_branch_operator_decorator.py
[2023-11-22T15:32:09.543+0500] {processor.py:829} INFO - Processing file /usr/local/lib/python3.10/dist-packages/airflow/example_dags/example_branch_operator_decorator.py for tasks to queue
[2023-11-22T15:32:09.546+0500] {logging_mixin.py:154} INFO - [2023-11-22T15:32:09.545+0500] {dagbag.py:536} INFO - Filling up the DagBag from /usr/local/lib/python3.10/dist-packages/airflow/example_dags/example_branch_operator_decorator.py
[2023-11-22T15:32:09.656+0500] {processor.py:839} INFO - DAG(s) dict_keys(['example_branch_python_operator_decorator']) retrieved from /usr/local/lib/python3.10/dist-packages/airflow/example_dags/example_branch_operator_decorator.py
[2023-11-22T15:32:09.890+0500] {logging_mixin.py:154} INFO - [2023-11-22T15:32:09.888+0500] {dag.py:2941} INFO - Sync 1 DAGs
[2023-11-22T15:32:10.035+0500] {logging_mixin.py:154} INFO - [2023-11-22T15:32:10.034+0500] {dag.py:3722} INFO - Setting next_dagrun for example_branch_python_operator_decorator to 2023-11-21T00:00:00+00:00, run_after=2023-11-22T00:00:00+00:00
[2023-11-22T15:32:10.166+0500] {processor.py:179} INFO - Processing /usr/local/lib/python3.10/dist-packages/airflow/example_dags/example_branch_operator_decorator.py took 0.643 seconds
[2023-11-22T15:32:42.228+0500] {processor.py:157} INFO - Started process (PID=11731) to work on /usr/local/lib/python3.10/dist-packages/airflow/example_dags/example_branch_operator_decorator.py
[2023-11-22T15:32:42.231+0500] {processor.py:829} INFO - Processing file /usr/local/lib/python3.10/dist-packages/airflow/example_dags/example_branch_operator_decorator.py for tasks to queue
[2023-11-22T15:32:42.237+0500] {logging_mixin.py:154} INFO - [2023-11-22T15:32:42.236+0500] {dagbag.py:536} INFO - Filling up the DagBag from /usr/local/lib/python3.10/dist-packages/airflow/example_dags/example_branch_operator_decorator.py
[2023-11-22T15:32:42.283+0500] {processor.py:839} INFO - DAG(s) dict_keys(['example_branch_python_operator_decorator']) retrieved from /usr/local/lib/python3.10/dist-packages/airflow/example_dags/example_branch_operator_decorator.py
[2023-11-22T15:32:42.407+0500] {logging_mixin.py:154} INFO - [2023-11-22T15:32:42.406+0500] {dag.py:2941} INFO - Sync 1 DAGs
[2023-11-22T15:32:42.545+0500] {logging_mixin.py:154} INFO - [2023-11-22T15:32:42.544+0500] {dag.py:3722} INFO - Setting next_dagrun for example_branch_python_operator_decorator to 2023-11-21T00:00:00+00:00, run_after=2023-11-22T00:00:00+00:00
[2023-11-22T15:32:42.637+0500] {processor.py:179} INFO - Processing /usr/local/lib/python3.10/dist-packages/airflow/example_dags/example_branch_operator_decorator.py took 0.425 seconds
[2023-11-22T15:33:14.821+0500] {processor.py:157} INFO - Started process (PID=11875) to work on /usr/local/lib/python3.10/dist-packages/airflow/example_dags/example_branch_operator_decorator.py
[2023-11-22T15:33:14.824+0500] {processor.py:829} INFO - Processing file /usr/local/lib/python3.10/dist-packages/airflow/example_dags/example_branch_operator_decorator.py for tasks to queue
[2023-11-22T15:33:14.827+0500] {logging_mixin.py:154} INFO - [2023-11-22T15:33:14.826+0500] {dagbag.py:536} INFO - Filling up the DagBag from /usr/local/lib/python3.10/dist-packages/airflow/example_dags/example_branch_operator_decorator.py
[2023-11-22T15:33:14.868+0500] {processor.py:839} INFO - DAG(s) dict_keys(['example_branch_python_operator_decorator']) retrieved from /usr/local/lib/python3.10/dist-packages/airflow/example_dags/example_branch_operator_decorator.py
[2023-11-22T15:33:14.982+0500] {logging_mixin.py:154} INFO - [2023-11-22T15:33:14.981+0500] {dag.py:2941} INFO - Sync 1 DAGs
[2023-11-22T15:33:15.095+0500] {logging_mixin.py:154} INFO - [2023-11-22T15:33:15.094+0500] {dag.py:3722} INFO - Setting next_dagrun for example_branch_python_operator_decorator to 2023-11-21T00:00:00+00:00, run_after=2023-11-22T00:00:00+00:00
[2023-11-22T15:33:15.172+0500] {processor.py:179} INFO - Processing /usr/local/lib/python3.10/dist-packages/airflow/example_dags/example_branch_operator_decorator.py took 0.363 seconds
[2023-11-22T15:33:45.687+0500] {processor.py:157} INFO - Started process (PID=12030) to work on /usr/local/lib/python3.10/dist-packages/airflow/example_dags/example_branch_operator_decorator.py
[2023-11-22T15:33:45.690+0500] {processor.py:829} INFO - Processing file /usr/local/lib/python3.10/dist-packages/airflow/example_dags/example_branch_operator_decorator.py for tasks to queue
[2023-11-22T15:33:45.695+0500] {logging_mixin.py:154} INFO - [2023-11-22T15:33:45.694+0500] {dagbag.py:536} INFO - Filling up the DagBag from /usr/local/lib/python3.10/dist-packages/airflow/example_dags/example_branch_operator_decorator.py
[2023-11-22T15:33:45.749+0500] {processor.py:839} INFO - DAG(s) dict_keys(['example_branch_python_operator_decorator']) retrieved from /usr/local/lib/python3.10/dist-packages/airflow/example_dags/example_branch_operator_decorator.py
[2023-11-22T15:33:45.893+0500] {logging_mixin.py:154} INFO - [2023-11-22T15:33:45.891+0500] {dag.py:2941} INFO - Sync 1 DAGs
[2023-11-22T15:33:46.041+0500] {logging_mixin.py:154} INFO - [2023-11-22T15:33:46.040+0500] {dag.py:3722} INFO - Setting next_dagrun for example_branch_python_operator_decorator to 2023-11-21T00:00:00+00:00, run_after=2023-11-22T00:00:00+00:00
[2023-11-22T15:33:46.144+0500] {processor.py:179} INFO - Processing /usr/local/lib/python3.10/dist-packages/airflow/example_dags/example_branch_operator_decorator.py took 0.472 seconds
[2023-11-22T15:34:19.086+0500] {processor.py:157} INFO - Started process (PID=12185) to work on /usr/local/lib/python3.10/dist-packages/airflow/example_dags/example_branch_operator_decorator.py
[2023-11-22T15:34:19.089+0500] {processor.py:829} INFO - Processing file /usr/local/lib/python3.10/dist-packages/airflow/example_dags/example_branch_operator_decorator.py for tasks to queue
[2023-11-22T15:34:19.092+0500] {logging_mixin.py:154} INFO - [2023-11-22T15:34:19.091+0500] {dagbag.py:536} INFO - Filling up the DagBag from /usr/local/lib/python3.10/dist-packages/airflow/example_dags/example_branch_operator_decorator.py
[2023-11-22T15:34:19.138+0500] {processor.py:839} INFO - DAG(s) dict_keys(['example_branch_python_operator_decorator']) retrieved from /usr/local/lib/python3.10/dist-packages/airflow/example_dags/example_branch_operator_decorator.py
[2023-11-22T15:34:19.279+0500] {logging_mixin.py:154} INFO - [2023-11-22T15:34:19.278+0500] {dag.py:2941} INFO - Sync 1 DAGs
[2023-11-22T15:34:19.504+0500] {logging_mixin.py:154} INFO - [2023-11-22T15:34:19.503+0500] {dag.py:3722} INFO - Setting next_dagrun for example_branch_python_operator_decorator to 2023-11-21T00:00:00+00:00, run_after=2023-11-22T00:00:00+00:00
[2023-11-22T15:34:19.642+0500] {processor.py:179} INFO - Processing /usr/local/lib/python3.10/dist-packages/airflow/example_dags/example_branch_operator_decorator.py took 0.569 seconds
[2023-11-22T15:34:50.992+0500] {processor.py:157} INFO - Started process (PID=12338) to work on /usr/local/lib/python3.10/dist-packages/airflow/example_dags/example_branch_operator_decorator.py
[2023-11-22T15:34:51.005+0500] {processor.py:829} INFO - Processing file /usr/local/lib/python3.10/dist-packages/airflow/example_dags/example_branch_operator_decorator.py for tasks to queue
[2023-11-22T15:34:51.012+0500] {logging_mixin.py:154} INFO - [2023-11-22T15:34:51.011+0500] {dagbag.py:536} INFO - Filling up the DagBag from /usr/local/lib/python3.10/dist-packages/airflow/example_dags/example_branch_operator_decorator.py
[2023-11-22T15:34:51.152+0500] {processor.py:839} INFO - DAG(s) dict_keys(['example_branch_python_operator_decorator']) retrieved from /usr/local/lib/python3.10/dist-packages/airflow/example_dags/example_branch_operator_decorator.py
[2023-11-22T15:34:51.346+0500] {logging_mixin.py:154} INFO - [2023-11-22T15:34:51.345+0500] {dag.py:2941} INFO - Sync 1 DAGs
[2023-11-22T15:34:51.565+0500] {logging_mixin.py:154} INFO - [2023-11-22T15:34:51.565+0500] {dag.py:3722} INFO - Setting next_dagrun for example_branch_python_operator_decorator to 2023-11-21T00:00:00+00:00, run_after=2023-11-22T00:00:00+00:00
[2023-11-22T15:34:51.712+0500] {processor.py:179} INFO - Processing /usr/local/lib/python3.10/dist-packages/airflow/example_dags/example_branch_operator_decorator.py took 0.753 seconds
[2023-11-22T15:35:23.553+0500] {processor.py:157} INFO - Started process (PID=12917) to work on /usr/local/lib/python3.10/dist-packages/airflow/example_dags/example_branch_operator_decorator.py
[2023-11-22T15:35:23.559+0500] {processor.py:829} INFO - Processing file /usr/local/lib/python3.10/dist-packages/airflow/example_dags/example_branch_operator_decorator.py for tasks to queue
[2023-11-22T15:35:23.564+0500] {logging_mixin.py:154} INFO - [2023-11-22T15:35:23.561+0500] {dagbag.py:536} INFO - Filling up the DagBag from /usr/local/lib/python3.10/dist-packages/airflow/example_dags/example_branch_operator_decorator.py
[2023-11-22T15:35:23.669+0500] {processor.py:839} INFO - DAG(s) dict_keys(['example_branch_python_operator_decorator']) retrieved from /usr/local/lib/python3.10/dist-packages/airflow/example_dags/example_branch_operator_decorator.py
[2023-11-22T15:35:23.900+0500] {logging_mixin.py:154} INFO - [2023-11-22T15:35:23.899+0500] {dag.py:2941} INFO - Sync 1 DAGs
[2023-11-22T15:35:24.149+0500] {logging_mixin.py:154} INFO - [2023-11-22T15:35:24.149+0500] {dag.py:3722} INFO - Setting next_dagrun for example_branch_python_operator_decorator to 2023-11-21T00:00:00+00:00, run_after=2023-11-22T00:00:00+00:00
[2023-11-22T15:35:24.358+0500] {processor.py:179} INFO - Processing /usr/local/lib/python3.10/dist-packages/airflow/example_dags/example_branch_operator_decorator.py took 0.818 seconds
[2023-11-22T15:40:18.158+0500] {processor.py:157} INFO - Started process (PID=13542) to work on /usr/local/lib/python3.10/dist-packages/airflow/example_dags/example_branch_operator_decorator.py
[2023-11-22T15:40:18.163+0500] {processor.py:829} INFO - Processing file /usr/local/lib/python3.10/dist-packages/airflow/example_dags/example_branch_operator_decorator.py for tasks to queue
[2023-11-22T15:40:18.166+0500] {logging_mixin.py:154} INFO - [2023-11-22T15:40:18.165+0500] {dagbag.py:536} INFO - Filling up the DagBag from /usr/local/lib/python3.10/dist-packages/airflow/example_dags/example_branch_operator_decorator.py
[2023-11-22T15:40:18.307+0500] {processor.py:839} INFO - DAG(s) dict_keys(['example_branch_python_operator_decorator']) retrieved from /usr/local/lib/python3.10/dist-packages/airflow/example_dags/example_branch_operator_decorator.py
[2023-11-22T15:40:18.538+0500] {logging_mixin.py:154} INFO - [2023-11-22T15:40:18.537+0500] {dag.py:2941} INFO - Sync 1 DAGs
[2023-11-22T15:40:18.793+0500] {logging_mixin.py:154} INFO - [2023-11-22T15:40:18.792+0500] {dag.py:3722} INFO - Setting next_dagrun for example_branch_python_operator_decorator to 2023-11-21T00:00:00+00:00, run_after=2023-11-22T00:00:00+00:00
[2023-11-22T15:40:18.922+0500] {processor.py:179} INFO - Processing /usr/local/lib/python3.10/dist-packages/airflow/example_dags/example_branch_operator_decorator.py took 0.777 seconds
[2023-11-22T15:40:49.858+0500] {processor.py:157} INFO - Started process (PID=13686) to work on /usr/local/lib/python3.10/dist-packages/airflow/example_dags/example_branch_operator_decorator.py
[2023-11-22T15:40:49.861+0500] {processor.py:829} INFO - Processing file /usr/local/lib/python3.10/dist-packages/airflow/example_dags/example_branch_operator_decorator.py for tasks to queue
[2023-11-22T15:40:49.864+0500] {logging_mixin.py:154} INFO - [2023-11-22T15:40:49.863+0500] {dagbag.py:536} INFO - Filling up the DagBag from /usr/local/lib/python3.10/dist-packages/airflow/example_dags/example_branch_operator_decorator.py
[2023-11-22T15:40:49.969+0500] {processor.py:839} INFO - DAG(s) dict_keys(['example_branch_python_operator_decorator']) retrieved from /usr/local/lib/python3.10/dist-packages/airflow/example_dags/example_branch_operator_decorator.py
[2023-11-22T15:40:50.160+0500] {logging_mixin.py:154} INFO - [2023-11-22T15:40:50.160+0500] {dag.py:2941} INFO - Sync 1 DAGs
[2023-11-22T15:40:50.354+0500] {logging_mixin.py:154} INFO - [2023-11-22T15:40:50.351+0500] {dag.py:3722} INFO - Setting next_dagrun for example_branch_python_operator_decorator to 2023-11-21T00:00:00+00:00, run_after=2023-11-22T00:00:00+00:00
[2023-11-22T15:40:50.447+0500] {processor.py:179} INFO - Processing /usr/local/lib/python3.10/dist-packages/airflow/example_dags/example_branch_operator_decorator.py took 0.600 seconds
[2023-11-22T15:41:21.858+0500] {processor.py:157} INFO - Started process (PID=13830) to work on /usr/local/lib/python3.10/dist-packages/airflow/example_dags/example_branch_operator_decorator.py
[2023-11-22T15:41:21.861+0500] {processor.py:829} INFO - Processing file /usr/local/lib/python3.10/dist-packages/airflow/example_dags/example_branch_operator_decorator.py for tasks to queue
[2023-11-22T15:41:21.865+0500] {logging_mixin.py:154} INFO - [2023-11-22T15:41:21.863+0500] {dagbag.py:536} INFO - Filling up the DagBag from /usr/local/lib/python3.10/dist-packages/airflow/example_dags/example_branch_operator_decorator.py
[2023-11-22T15:41:21.917+0500] {processor.py:839} INFO - DAG(s) dict_keys(['example_branch_python_operator_decorator']) retrieved from /usr/local/lib/python3.10/dist-packages/airflow/example_dags/example_branch_operator_decorator.py
[2023-11-22T15:41:22.043+0500] {logging_mixin.py:154} INFO - [2023-11-22T15:41:22.042+0500] {dag.py:2941} INFO - Sync 1 DAGs
[2023-11-22T15:41:22.204+0500] {logging_mixin.py:154} INFO - [2023-11-22T15:41:22.203+0500] {dag.py:3722} INFO - Setting next_dagrun for example_branch_python_operator_decorator to 2023-11-21T00:00:00+00:00, run_after=2023-11-22T00:00:00+00:00
[2023-11-22T15:41:22.319+0500] {processor.py:179} INFO - Processing /usr/local/lib/python3.10/dist-packages/airflow/example_dags/example_branch_operator_decorator.py took 0.478 seconds
[2023-11-22T15:41:52.924+0500] {processor.py:157} INFO - Started process (PID=13973) to work on /usr/local/lib/python3.10/dist-packages/airflow/example_dags/example_branch_operator_decorator.py
[2023-11-22T15:41:52.926+0500] {processor.py:829} INFO - Processing file /usr/local/lib/python3.10/dist-packages/airflow/example_dags/example_branch_operator_decorator.py for tasks to queue
[2023-11-22T15:41:52.929+0500] {logging_mixin.py:154} INFO - [2023-11-22T15:41:52.928+0500] {dagbag.py:536} INFO - Filling up the DagBag from /usr/local/lib/python3.10/dist-packages/airflow/example_dags/example_branch_operator_decorator.py
[2023-11-22T15:41:52.978+0500] {processor.py:839} INFO - DAG(s) dict_keys(['example_branch_python_operator_decorator']) retrieved from /usr/local/lib/python3.10/dist-packages/airflow/example_dags/example_branch_operator_decorator.py
[2023-11-22T15:41:53.111+0500] {logging_mixin.py:154} INFO - [2023-11-22T15:41:53.110+0500] {dag.py:2941} INFO - Sync 1 DAGs
[2023-11-22T15:41:53.281+0500] {logging_mixin.py:154} INFO - [2023-11-22T15:41:53.280+0500] {dag.py:3722} INFO - Setting next_dagrun for example_branch_python_operator_decorator to 2023-11-21T00:00:00+00:00, run_after=2023-11-22T00:00:00+00:00
[2023-11-22T15:41:53.381+0500] {processor.py:179} INFO - Processing /usr/local/lib/python3.10/dist-packages/airflow/example_dags/example_branch_operator_decorator.py took 0.480 seconds
[2023-11-22T15:42:23.732+0500] {processor.py:157} INFO - Started process (PID=14149) to work on /usr/local/lib/python3.10/dist-packages/airflow/example_dags/example_branch_operator_decorator.py
[2023-11-22T15:42:23.734+0500] {processor.py:829} INFO - Processing file /usr/local/lib/python3.10/dist-packages/airflow/example_dags/example_branch_operator_decorator.py for tasks to queue
[2023-11-22T15:42:23.737+0500] {logging_mixin.py:154} INFO - [2023-11-22T15:42:23.736+0500] {dagbag.py:536} INFO - Filling up the DagBag from /usr/local/lib/python3.10/dist-packages/airflow/example_dags/example_branch_operator_decorator.py
[2023-11-22T15:42:23.777+0500] {processor.py:839} INFO - DAG(s) dict_keys(['example_branch_python_operator_decorator']) retrieved from /usr/local/lib/python3.10/dist-packages/airflow/example_dags/example_branch_operator_decorator.py
[2023-11-22T15:42:23.889+0500] {logging_mixin.py:154} INFO - [2023-11-22T15:42:23.888+0500] {dag.py:2941} INFO - Sync 1 DAGs
[2023-11-22T15:42:24.004+0500] {logging_mixin.py:154} INFO - [2023-11-22T15:42:24.004+0500] {dag.py:3722} INFO - Setting next_dagrun for example_branch_python_operator_decorator to 2023-11-21T00:00:00+00:00, run_after=2023-11-22T00:00:00+00:00
[2023-11-22T15:42:24.111+0500] {processor.py:179} INFO - Processing /usr/local/lib/python3.10/dist-packages/airflow/example_dags/example_branch_operator_decorator.py took 0.392 seconds
[2023-11-22T15:42:55.030+0500] {processor.py:157} INFO - Started process (PID=14295) to work on /usr/local/lib/python3.10/dist-packages/airflow/example_dags/example_branch_operator_decorator.py
[2023-11-22T15:42:55.033+0500] {processor.py:829} INFO - Processing file /usr/local/lib/python3.10/dist-packages/airflow/example_dags/example_branch_operator_decorator.py for tasks to queue
[2023-11-22T15:42:55.036+0500] {logging_mixin.py:154} INFO - [2023-11-22T15:42:55.035+0500] {dagbag.py:536} INFO - Filling up the DagBag from /usr/local/lib/python3.10/dist-packages/airflow/example_dags/example_branch_operator_decorator.py
[2023-11-22T15:42:55.088+0500] {processor.py:839} INFO - DAG(s) dict_keys(['example_branch_python_operator_decorator']) retrieved from /usr/local/lib/python3.10/dist-packages/airflow/example_dags/example_branch_operator_decorator.py
[2023-11-22T15:42:55.264+0500] {logging_mixin.py:154} INFO - [2023-11-22T15:42:55.262+0500] {dag.py:2941} INFO - Sync 1 DAGs
[2023-11-22T15:42:55.455+0500] {logging_mixin.py:154} INFO - [2023-11-22T15:42:55.453+0500] {dag.py:3722} INFO - Setting next_dagrun for example_branch_python_operator_decorator to 2023-11-21T00:00:00+00:00, run_after=2023-11-22T00:00:00+00:00
[2023-11-22T15:42:55.541+0500] {processor.py:179} INFO - Processing /usr/local/lib/python3.10/dist-packages/airflow/example_dags/example_branch_operator_decorator.py took 0.525 seconds
[2023-11-22T15:43:27.537+0500] {processor.py:157} INFO - Started process (PID=14410) to work on /usr/local/lib/python3.10/dist-packages/airflow/example_dags/example_branch_operator_decorator.py
[2023-11-22T15:43:27.540+0500] {processor.py:829} INFO - Processing file /usr/local/lib/python3.10/dist-packages/airflow/example_dags/example_branch_operator_decorator.py for tasks to queue
[2023-11-22T15:43:27.547+0500] {logging_mixin.py:154} INFO - [2023-11-22T15:43:27.542+0500] {dagbag.py:536} INFO - Filling up the DagBag from /usr/local/lib/python3.10/dist-packages/airflow/example_dags/example_branch_operator_decorator.py
[2023-11-22T15:43:27.600+0500] {processor.py:839} INFO - DAG(s) dict_keys(['example_branch_python_operator_decorator']) retrieved from /usr/local/lib/python3.10/dist-packages/airflow/example_dags/example_branch_operator_decorator.py
[2023-11-22T15:43:27.719+0500] {logging_mixin.py:154} INFO - [2023-11-22T15:43:27.719+0500] {dag.py:2941} INFO - Sync 1 DAGs
[2023-11-22T15:43:27.837+0500] {logging_mixin.py:154} INFO - [2023-11-22T15:43:27.836+0500] {dag.py:3722} INFO - Setting next_dagrun for example_branch_python_operator_decorator to 2023-11-21T00:00:00+00:00, run_after=2023-11-22T00:00:00+00:00
[2023-11-22T15:43:27.919+0500] {processor.py:179} INFO - Processing /usr/local/lib/python3.10/dist-packages/airflow/example_dags/example_branch_operator_decorator.py took 0.400 seconds
[2023-11-22T15:43:59.528+0500] {processor.py:157} INFO - Started process (PID=14558) to work on /usr/local/lib/python3.10/dist-packages/airflow/example_dags/example_branch_operator_decorator.py
[2023-11-22T15:43:59.531+0500] {processor.py:829} INFO - Processing file /usr/local/lib/python3.10/dist-packages/airflow/example_dags/example_branch_operator_decorator.py for tasks to queue
[2023-11-22T15:43:59.537+0500] {logging_mixin.py:154} INFO - [2023-11-22T15:43:59.536+0500] {dagbag.py:536} INFO - Filling up the DagBag from /usr/local/lib/python3.10/dist-packages/airflow/example_dags/example_branch_operator_decorator.py
[2023-11-22T15:43:59.602+0500] {processor.py:839} INFO - DAG(s) dict_keys(['example_branch_python_operator_decorator']) retrieved from /usr/local/lib/python3.10/dist-packages/airflow/example_dags/example_branch_operator_decorator.py
[2023-11-22T15:43:59.743+0500] {logging_mixin.py:154} INFO - [2023-11-22T15:43:59.742+0500] {dag.py:2941} INFO - Sync 1 DAGs
[2023-11-22T15:43:59.876+0500] {logging_mixin.py:154} INFO - [2023-11-22T15:43:59.874+0500] {dag.py:3722} INFO - Setting next_dagrun for example_branch_python_operator_decorator to 2023-11-21T00:00:00+00:00, run_after=2023-11-22T00:00:00+00:00
[2023-11-22T15:43:59.991+0500] {processor.py:179} INFO - Processing /usr/local/lib/python3.10/dist-packages/airflow/example_dags/example_branch_operator_decorator.py took 0.475 seconds
[2023-11-22T15:44:31.259+0500] {processor.py:157} INFO - Started process (PID=14709) to work on /usr/local/lib/python3.10/dist-packages/airflow/example_dags/example_branch_operator_decorator.py
[2023-11-22T15:44:31.277+0500] {processor.py:829} INFO - Processing file /usr/local/lib/python3.10/dist-packages/airflow/example_dags/example_branch_operator_decorator.py for tasks to queue
[2023-11-22T15:44:31.281+0500] {logging_mixin.py:154} INFO - [2023-11-22T15:44:31.279+0500] {dagbag.py:536} INFO - Filling up the DagBag from /usr/local/lib/python3.10/dist-packages/airflow/example_dags/example_branch_operator_decorator.py
[2023-11-22T15:44:31.347+0500] {processor.py:839} INFO - DAG(s) dict_keys(['example_branch_python_operator_decorator']) retrieved from /usr/local/lib/python3.10/dist-packages/airflow/example_dags/example_branch_operator_decorator.py
[2023-11-22T15:44:31.475+0500] {logging_mixin.py:154} INFO - [2023-11-22T15:44:31.475+0500] {dag.py:2941} INFO - Sync 1 DAGs
[2023-11-22T15:44:31.592+0500] {logging_mixin.py:154} INFO - [2023-11-22T15:44:31.591+0500] {dag.py:3722} INFO - Setting next_dagrun for example_branch_python_operator_decorator to 2023-11-21T00:00:00+00:00, run_after=2023-11-22T00:00:00+00:00
[2023-11-22T15:44:31.675+0500] {processor.py:179} INFO - Processing /usr/local/lib/python3.10/dist-packages/airflow/example_dags/example_branch_operator_decorator.py took 0.437 seconds
[2023-11-22T15:45:02.642+0500] {processor.py:157} INFO - Started process (PID=14868) to work on /usr/local/lib/python3.10/dist-packages/airflow/example_dags/example_branch_operator_decorator.py
[2023-11-22T15:45:02.645+0500] {processor.py:829} INFO - Processing file /usr/local/lib/python3.10/dist-packages/airflow/example_dags/example_branch_operator_decorator.py for tasks to queue
[2023-11-22T15:45:02.648+0500] {logging_mixin.py:154} INFO - [2023-11-22T15:45:02.647+0500] {dagbag.py:536} INFO - Filling up the DagBag from /usr/local/lib/python3.10/dist-packages/airflow/example_dags/example_branch_operator_decorator.py
[2023-11-22T15:45:02.694+0500] {processor.py:839} INFO - DAG(s) dict_keys(['example_branch_python_operator_decorator']) retrieved from /usr/local/lib/python3.10/dist-packages/airflow/example_dags/example_branch_operator_decorator.py
[2023-11-22T15:45:02.883+0500] {logging_mixin.py:154} INFO - [2023-11-22T15:45:02.882+0500] {dag.py:2941} INFO - Sync 1 DAGs
[2023-11-22T15:45:03.049+0500] {logging_mixin.py:154} INFO - [2023-11-22T15:45:03.048+0500] {dag.py:3722} INFO - Setting next_dagrun for example_branch_python_operator_decorator to 2023-11-21T00:00:00+00:00, run_after=2023-11-22T00:00:00+00:00
[2023-11-22T15:45:03.131+0500] {processor.py:179} INFO - Processing /usr/local/lib/python3.10/dist-packages/airflow/example_dags/example_branch_operator_decorator.py took 0.502 seconds
[2023-11-22T15:45:34.378+0500] {processor.py:157} INFO - Started process (PID=15027) to work on /usr/local/lib/python3.10/dist-packages/airflow/example_dags/example_branch_operator_decorator.py
[2023-11-22T15:45:34.381+0500] {processor.py:829} INFO - Processing file /usr/local/lib/python3.10/dist-packages/airflow/example_dags/example_branch_operator_decorator.py for tasks to queue
[2023-11-22T15:45:34.384+0500] {logging_mixin.py:154} INFO - [2023-11-22T15:45:34.383+0500] {dagbag.py:536} INFO - Filling up the DagBag from /usr/local/lib/python3.10/dist-packages/airflow/example_dags/example_branch_operator_decorator.py
[2023-11-22T15:45:34.429+0500] {processor.py:839} INFO - DAG(s) dict_keys(['example_branch_python_operator_decorator']) retrieved from /usr/local/lib/python3.10/dist-packages/airflow/example_dags/example_branch_operator_decorator.py
[2023-11-22T15:45:34.550+0500] {logging_mixin.py:154} INFO - [2023-11-22T15:45:34.549+0500] {dag.py:2941} INFO - Sync 1 DAGs
[2023-11-22T15:45:34.668+0500] {logging_mixin.py:154} INFO - [2023-11-22T15:45:34.667+0500] {dag.py:3722} INFO - Setting next_dagrun for example_branch_python_operator_decorator to 2023-11-21T00:00:00+00:00, run_after=2023-11-22T00:00:00+00:00
[2023-11-22T15:45:34.754+0500] {processor.py:179} INFO - Processing /usr/local/lib/python3.10/dist-packages/airflow/example_dags/example_branch_operator_decorator.py took 0.388 seconds
[2023-11-22T15:46:06.018+0500] {processor.py:157} INFO - Started process (PID=15152) to work on /usr/local/lib/python3.10/dist-packages/airflow/example_dags/example_branch_operator_decorator.py
[2023-11-22T15:46:06.021+0500] {processor.py:829} INFO - Processing file /usr/local/lib/python3.10/dist-packages/airflow/example_dags/example_branch_operator_decorator.py for tasks to queue
[2023-11-22T15:46:06.024+0500] {logging_mixin.py:154} INFO - [2023-11-22T15:46:06.023+0500] {dagbag.py:536} INFO - Filling up the DagBag from /usr/local/lib/python3.10/dist-packages/airflow/example_dags/example_branch_operator_decorator.py
[2023-11-22T15:46:06.114+0500] {processor.py:839} INFO - DAG(s) dict_keys(['example_branch_python_operator_decorator']) retrieved from /usr/local/lib/python3.10/dist-packages/airflow/example_dags/example_branch_operator_decorator.py
[2023-11-22T15:46:06.411+0500] {logging_mixin.py:154} INFO - [2023-11-22T15:46:06.410+0500] {dag.py:2941} INFO - Sync 1 DAGs
[2023-11-22T15:46:06.612+0500] {logging_mixin.py:154} INFO - [2023-11-22T15:46:06.611+0500] {dag.py:3722} INFO - Setting next_dagrun for example_branch_python_operator_decorator to 2023-11-21T00:00:00+00:00, run_after=2023-11-22T00:00:00+00:00
[2023-11-22T15:46:06.711+0500] {processor.py:179} INFO - Processing /usr/local/lib/python3.10/dist-packages/airflow/example_dags/example_branch_operator_decorator.py took 0.704 seconds
[2023-11-22T15:46:37.041+0500] {processor.py:157} INFO - Started process (PID=15285) to work on /usr/local/lib/python3.10/dist-packages/airflow/example_dags/example_branch_operator_decorator.py
[2023-11-22T15:46:37.044+0500] {processor.py:829} INFO - Processing file /usr/local/lib/python3.10/dist-packages/airflow/example_dags/example_branch_operator_decorator.py for tasks to queue
[2023-11-22T15:46:37.047+0500] {logging_mixin.py:154} INFO - [2023-11-22T15:46:37.046+0500] {dagbag.py:536} INFO - Filling up the DagBag from /usr/local/lib/python3.10/dist-packages/airflow/example_dags/example_branch_operator_decorator.py
[2023-11-22T15:46:37.096+0500] {processor.py:839} INFO - DAG(s) dict_keys(['example_branch_python_operator_decorator']) retrieved from /usr/local/lib/python3.10/dist-packages/airflow/example_dags/example_branch_operator_decorator.py
[2023-11-22T15:46:37.219+0500] {logging_mixin.py:154} INFO - [2023-11-22T15:46:37.218+0500] {dag.py:2941} INFO - Sync 1 DAGs
[2023-11-22T15:46:37.338+0500] {logging_mixin.py:154} INFO - [2023-11-22T15:46:37.337+0500] {dag.py:3722} INFO - Setting next_dagrun for example_branch_python_operator_decorator to 2023-11-21T00:00:00+00:00, run_after=2023-11-22T00:00:00+00:00
[2023-11-22T15:46:37.427+0500] {processor.py:179} INFO - Processing /usr/local/lib/python3.10/dist-packages/airflow/example_dags/example_branch_operator_decorator.py took 0.413 seconds
[2023-11-22T15:47:07.712+0500] {processor.py:157} INFO - Started process (PID=15451) to work on /usr/local/lib/python3.10/dist-packages/airflow/example_dags/example_branch_operator_decorator.py
[2023-11-22T15:47:07.715+0500] {processor.py:829} INFO - Processing file /usr/local/lib/python3.10/dist-packages/airflow/example_dags/example_branch_operator_decorator.py for tasks to queue
[2023-11-22T15:47:07.718+0500] {logging_mixin.py:154} INFO - [2023-11-22T15:47:07.717+0500] {dagbag.py:536} INFO - Filling up the DagBag from /usr/local/lib/python3.10/dist-packages/airflow/example_dags/example_branch_operator_decorator.py
[2023-11-22T15:47:07.756+0500] {processor.py:839} INFO - DAG(s) dict_keys(['example_branch_python_operator_decorator']) retrieved from /usr/local/lib/python3.10/dist-packages/airflow/example_dags/example_branch_operator_decorator.py
[2023-11-22T15:47:07.875+0500] {logging_mixin.py:154} INFO - [2023-11-22T15:47:07.874+0500] {dag.py:2941} INFO - Sync 1 DAGs
[2023-11-22T15:47:07.977+0500] {logging_mixin.py:154} INFO - [2023-11-22T15:47:07.976+0500] {dag.py:3722} INFO - Setting next_dagrun for example_branch_python_operator_decorator to 2023-11-21T00:00:00+00:00, run_after=2023-11-22T00:00:00+00:00
[2023-11-22T15:47:08.048+0500] {processor.py:179} INFO - Processing /usr/local/lib/python3.10/dist-packages/airflow/example_dags/example_branch_operator_decorator.py took 0.346 seconds
[2023-11-22T15:47:38.148+0500] {processor.py:157} INFO - Started process (PID=15613) to work on /usr/local/lib/python3.10/dist-packages/airflow/example_dags/example_branch_operator_decorator.py
[2023-11-22T15:47:38.151+0500] {processor.py:829} INFO - Processing file /usr/local/lib/python3.10/dist-packages/airflow/example_dags/example_branch_operator_decorator.py for tasks to queue
[2023-11-22T15:47:38.153+0500] {logging_mixin.py:154} INFO - [2023-11-22T15:47:38.152+0500] {dagbag.py:536} INFO - Filling up the DagBag from /usr/local/lib/python3.10/dist-packages/airflow/example_dags/example_branch_operator_decorator.py
[2023-11-22T15:47:38.196+0500] {processor.py:839} INFO - DAG(s) dict_keys(['example_branch_python_operator_decorator']) retrieved from /usr/local/lib/python3.10/dist-packages/airflow/example_dags/example_branch_operator_decorator.py
[2023-11-22T15:47:38.309+0500] {logging_mixin.py:154} INFO - [2023-11-22T15:47:38.309+0500] {dag.py:2941} INFO - Sync 1 DAGs
[2023-11-22T15:47:38.438+0500] {logging_mixin.py:154} INFO - [2023-11-22T15:47:38.436+0500] {dag.py:3722} INFO - Setting next_dagrun for example_branch_python_operator_decorator to 2023-11-21T00:00:00+00:00, run_after=2023-11-22T00:00:00+00:00
[2023-11-22T15:47:38.555+0500] {processor.py:179} INFO - Processing /usr/local/lib/python3.10/dist-packages/airflow/example_dags/example_branch_operator_decorator.py took 0.418 seconds
[2023-11-22T15:48:09.672+0500] {processor.py:157} INFO - Started process (PID=15761) to work on /usr/local/lib/python3.10/dist-packages/airflow/example_dags/example_branch_operator_decorator.py
[2023-11-22T15:48:09.675+0500] {processor.py:829} INFO - Processing file /usr/local/lib/python3.10/dist-packages/airflow/example_dags/example_branch_operator_decorator.py for tasks to queue
[2023-11-22T15:48:09.678+0500] {logging_mixin.py:154} INFO - [2023-11-22T15:48:09.677+0500] {dagbag.py:536} INFO - Filling up the DagBag from /usr/local/lib/python3.10/dist-packages/airflow/example_dags/example_branch_operator_decorator.py
[2023-11-22T15:48:09.716+0500] {processor.py:839} INFO - DAG(s) dict_keys(['example_branch_python_operator_decorator']) retrieved from /usr/local/lib/python3.10/dist-packages/airflow/example_dags/example_branch_operator_decorator.py
[2023-11-22T15:48:09.819+0500] {logging_mixin.py:154} INFO - [2023-11-22T15:48:09.819+0500] {dag.py:2941} INFO - Sync 1 DAGs
[2023-11-22T15:48:09.918+0500] {logging_mixin.py:154} INFO - [2023-11-22T15:48:09.917+0500] {dag.py:3722} INFO - Setting next_dagrun for example_branch_python_operator_decorator to 2023-11-21T00:00:00+00:00, run_after=2023-11-22T00:00:00+00:00
[2023-11-22T15:48:09.992+0500] {processor.py:179} INFO - Processing /usr/local/lib/python3.10/dist-packages/airflow/example_dags/example_branch_operator_decorator.py took 0.332 seconds
[2023-11-22T15:48:40.645+0500] {processor.py:157} INFO - Started process (PID=15881) to work on /usr/local/lib/python3.10/dist-packages/airflow/example_dags/example_branch_operator_decorator.py
[2023-11-22T15:48:40.648+0500] {processor.py:829} INFO - Processing file /usr/local/lib/python3.10/dist-packages/airflow/example_dags/example_branch_operator_decorator.py for tasks to queue
[2023-11-22T15:48:40.652+0500] {logging_mixin.py:154} INFO - [2023-11-22T15:48:40.650+0500] {dagbag.py:536} INFO - Filling up the DagBag from /usr/local/lib/python3.10/dist-packages/airflow/example_dags/example_branch_operator_decorator.py
[2023-11-22T15:48:40.696+0500] {processor.py:839} INFO - DAG(s) dict_keys(['example_branch_python_operator_decorator']) retrieved from /usr/local/lib/python3.10/dist-packages/airflow/example_dags/example_branch_operator_decorator.py
[2023-11-22T15:48:40.824+0500] {logging_mixin.py:154} INFO - [2023-11-22T15:48:40.823+0500] {dag.py:2941} INFO - Sync 1 DAGs
[2023-11-22T15:48:40.951+0500] {logging_mixin.py:154} INFO - [2023-11-22T15:48:40.951+0500] {dag.py:3722} INFO - Setting next_dagrun for example_branch_python_operator_decorator to 2023-11-21T00:00:00+00:00, run_after=2023-11-22T00:00:00+00:00
[2023-11-22T15:48:41.155+0500] {processor.py:179} INFO - Processing /usr/local/lib/python3.10/dist-packages/airflow/example_dags/example_branch_operator_decorator.py took 0.522 seconds
[2023-11-22T15:49:11.597+0500] {processor.py:157} INFO - Started process (PID=16034) to work on /usr/local/lib/python3.10/dist-packages/airflow/example_dags/example_branch_operator_decorator.py
[2023-11-22T15:49:11.599+0500] {processor.py:829} INFO - Processing file /usr/local/lib/python3.10/dist-packages/airflow/example_dags/example_branch_operator_decorator.py for tasks to queue
[2023-11-22T15:49:11.602+0500] {logging_mixin.py:154} INFO - [2023-11-22T15:49:11.601+0500] {dagbag.py:536} INFO - Filling up the DagBag from /usr/local/lib/python3.10/dist-packages/airflow/example_dags/example_branch_operator_decorator.py
[2023-11-22T15:49:11.644+0500] {processor.py:839} INFO - DAG(s) dict_keys(['example_branch_python_operator_decorator']) retrieved from /usr/local/lib/python3.10/dist-packages/airflow/example_dags/example_branch_operator_decorator.py
[2023-11-22T15:49:11.776+0500] {logging_mixin.py:154} INFO - [2023-11-22T15:49:11.776+0500] {dag.py:2941} INFO - Sync 1 DAGs
[2023-11-22T15:49:11.880+0500] {logging_mixin.py:154} INFO - [2023-11-22T15:49:11.880+0500] {dag.py:3722} INFO - Setting next_dagrun for example_branch_python_operator_decorator to 2023-11-21T00:00:00+00:00, run_after=2023-11-22T00:00:00+00:00
[2023-11-22T15:49:11.962+0500] {processor.py:179} INFO - Processing /usr/local/lib/python3.10/dist-packages/airflow/example_dags/example_branch_operator_decorator.py took 0.377 seconds
[2023-11-22T15:49:44.242+0500] {processor.py:157} INFO - Started process (PID=16153) to work on /usr/local/lib/python3.10/dist-packages/airflow/example_dags/example_branch_operator_decorator.py
[2023-11-22T15:49:44.268+0500] {processor.py:829} INFO - Processing file /usr/local/lib/python3.10/dist-packages/airflow/example_dags/example_branch_operator_decorator.py for tasks to queue
[2023-11-22T15:49:44.292+0500] {logging_mixin.py:154} INFO - [2023-11-22T15:49:44.275+0500] {dagbag.py:536} INFO - Filling up the DagBag from /usr/local/lib/python3.10/dist-packages/airflow/example_dags/example_branch_operator_decorator.py
[2023-11-22T15:49:44.455+0500] {processor.py:839} INFO - DAG(s) dict_keys(['example_branch_python_operator_decorator']) retrieved from /usr/local/lib/python3.10/dist-packages/airflow/example_dags/example_branch_operator_decorator.py
[2023-11-22T15:49:44.609+0500] {logging_mixin.py:154} INFO - [2023-11-22T15:49:44.608+0500] {dag.py:2941} INFO - Sync 1 DAGs
[2023-11-22T15:49:44.739+0500] {logging_mixin.py:154} INFO - [2023-11-22T15:49:44.738+0500] {dag.py:3722} INFO - Setting next_dagrun for example_branch_python_operator_decorator to 2023-11-21T00:00:00+00:00, run_after=2023-11-22T00:00:00+00:00
[2023-11-22T15:49:44.891+0500] {processor.py:179} INFO - Processing /usr/local/lib/python3.10/dist-packages/airflow/example_dags/example_branch_operator_decorator.py took 0.706 seconds
[2023-11-22T15:50:15.789+0500] {processor.py:157} INFO - Started process (PID=16293) to work on /usr/local/lib/python3.10/dist-packages/airflow/example_dags/example_branch_operator_decorator.py
[2023-11-22T15:50:15.793+0500] {processor.py:829} INFO - Processing file /usr/local/lib/python3.10/dist-packages/airflow/example_dags/example_branch_operator_decorator.py for tasks to queue
[2023-11-22T15:50:15.797+0500] {logging_mixin.py:154} INFO - [2023-11-22T15:50:15.796+0500] {dagbag.py:536} INFO - Filling up the DagBag from /usr/local/lib/python3.10/dist-packages/airflow/example_dags/example_branch_operator_decorator.py
[2023-11-22T15:50:15.964+0500] {processor.py:839} INFO - DAG(s) dict_keys(['example_branch_python_operator_decorator']) retrieved from /usr/local/lib/python3.10/dist-packages/airflow/example_dags/example_branch_operator_decorator.py
[2023-11-22T15:50:16.117+0500] {logging_mixin.py:154} INFO - [2023-11-22T15:50:16.116+0500] {dag.py:2941} INFO - Sync 1 DAGs
[2023-11-22T15:50:16.486+0500] {logging_mixin.py:154} INFO - [2023-11-22T15:50:16.485+0500] {dag.py:3722} INFO - Setting next_dagrun for example_branch_python_operator_decorator to 2023-11-21T00:00:00+00:00, run_after=2023-11-22T00:00:00+00:00
[2023-11-22T15:50:16.604+0500] {processor.py:179} INFO - Processing /usr/local/lib/python3.10/dist-packages/airflow/example_dags/example_branch_operator_decorator.py took 0.844 seconds
[2023-11-22T15:50:46.958+0500] {processor.py:157} INFO - Started process (PID=16443) to work on /usr/local/lib/python3.10/dist-packages/airflow/example_dags/example_branch_operator_decorator.py
[2023-11-22T15:50:46.961+0500] {processor.py:829} INFO - Processing file /usr/local/lib/python3.10/dist-packages/airflow/example_dags/example_branch_operator_decorator.py for tasks to queue
[2023-11-22T15:50:46.964+0500] {logging_mixin.py:154} INFO - [2023-11-22T15:50:46.963+0500] {dagbag.py:536} INFO - Filling up the DagBag from /usr/local/lib/python3.10/dist-packages/airflow/example_dags/example_branch_operator_decorator.py
[2023-11-22T15:50:47.014+0500] {processor.py:839} INFO - DAG(s) dict_keys(['example_branch_python_operator_decorator']) retrieved from /usr/local/lib/python3.10/dist-packages/airflow/example_dags/example_branch_operator_decorator.py
[2023-11-22T15:50:47.153+0500] {logging_mixin.py:154} INFO - [2023-11-22T15:50:47.153+0500] {dag.py:2941} INFO - Sync 1 DAGs
[2023-11-22T15:50:47.301+0500] {logging_mixin.py:154} INFO - [2023-11-22T15:50:47.300+0500] {dag.py:3722} INFO - Setting next_dagrun for example_branch_python_operator_decorator to 2023-11-21T00:00:00+00:00, run_after=2023-11-22T00:00:00+00:00
[2023-11-22T15:50:47.394+0500] {processor.py:179} INFO - Processing /usr/local/lib/python3.10/dist-packages/airflow/example_dags/example_branch_operator_decorator.py took 0.450 seconds
[2023-11-22T15:51:18.573+0500] {processor.py:157} INFO - Started process (PID=16563) to work on /usr/local/lib/python3.10/dist-packages/airflow/example_dags/example_branch_operator_decorator.py
[2023-11-22T15:51:18.577+0500] {processor.py:829} INFO - Processing file /usr/local/lib/python3.10/dist-packages/airflow/example_dags/example_branch_operator_decorator.py for tasks to queue
[2023-11-22T15:51:18.581+0500] {logging_mixin.py:154} INFO - [2023-11-22T15:51:18.580+0500] {dagbag.py:536} INFO - Filling up the DagBag from /usr/local/lib/python3.10/dist-packages/airflow/example_dags/example_branch_operator_decorator.py
[2023-11-22T15:51:18.636+0500] {processor.py:839} INFO - DAG(s) dict_keys(['example_branch_python_operator_decorator']) retrieved from /usr/local/lib/python3.10/dist-packages/airflow/example_dags/example_branch_operator_decorator.py
[2023-11-22T15:51:18.759+0500] {logging_mixin.py:154} INFO - [2023-11-22T15:51:18.757+0500] {dag.py:2941} INFO - Sync 1 DAGs
[2023-11-22T15:51:18.983+0500] {logging_mixin.py:154} INFO - [2023-11-22T15:51:18.982+0500] {dag.py:3722} INFO - Setting next_dagrun for example_branch_python_operator_decorator to 2023-11-21T00:00:00+00:00, run_after=2023-11-22T00:00:00+00:00
[2023-11-22T15:51:19.219+0500] {processor.py:179} INFO - Processing /usr/local/lib/python3.10/dist-packages/airflow/example_dags/example_branch_operator_decorator.py took 0.658 seconds
[2023-11-22T15:51:49.752+0500] {processor.py:157} INFO - Started process (PID=16713) to work on /usr/local/lib/python3.10/dist-packages/airflow/example_dags/example_branch_operator_decorator.py
[2023-11-22T15:51:49.754+0500] {processor.py:829} INFO - Processing file /usr/local/lib/python3.10/dist-packages/airflow/example_dags/example_branch_operator_decorator.py for tasks to queue
[2023-11-22T15:51:49.757+0500] {logging_mixin.py:154} INFO - [2023-11-22T15:51:49.756+0500] {dagbag.py:536} INFO - Filling up the DagBag from /usr/local/lib/python3.10/dist-packages/airflow/example_dags/example_branch_operator_decorator.py
[2023-11-22T15:51:49.807+0500] {processor.py:839} INFO - DAG(s) dict_keys(['example_branch_python_operator_decorator']) retrieved from /usr/local/lib/python3.10/dist-packages/airflow/example_dags/example_branch_operator_decorator.py
[2023-11-22T15:51:49.921+0500] {logging_mixin.py:154} INFO - [2023-11-22T15:51:49.920+0500] {dag.py:2941} INFO - Sync 1 DAGs
[2023-11-22T15:51:50.030+0500] {logging_mixin.py:154} INFO - [2023-11-22T15:51:50.029+0500] {dag.py:3722} INFO - Setting next_dagrun for example_branch_python_operator_decorator to 2023-11-21T00:00:00+00:00, run_after=2023-11-22T00:00:00+00:00
[2023-11-22T15:51:50.111+0500] {processor.py:179} INFO - Processing /usr/local/lib/python3.10/dist-packages/airflow/example_dags/example_branch_operator_decorator.py took 0.372 seconds
[2023-11-22T15:52:20.535+0500] {processor.py:157} INFO - Started process (PID=16850) to work on /usr/local/lib/python3.10/dist-packages/airflow/example_dags/example_branch_operator_decorator.py
[2023-11-22T15:52:20.539+0500] {processor.py:829} INFO - Processing file /usr/local/lib/python3.10/dist-packages/airflow/example_dags/example_branch_operator_decorator.py for tasks to queue
[2023-11-22T15:52:20.542+0500] {logging_mixin.py:154} INFO - [2023-11-22T15:52:20.541+0500] {dagbag.py:536} INFO - Filling up the DagBag from /usr/local/lib/python3.10/dist-packages/airflow/example_dags/example_branch_operator_decorator.py
[2023-11-22T15:52:20.594+0500] {processor.py:839} INFO - DAG(s) dict_keys(['example_branch_python_operator_decorator']) retrieved from /usr/local/lib/python3.10/dist-packages/airflow/example_dags/example_branch_operator_decorator.py
[2023-11-22T15:52:20.765+0500] {logging_mixin.py:154} INFO - [2023-11-22T15:52:20.764+0500] {dag.py:2941} INFO - Sync 1 DAGs
[2023-11-22T15:52:20.892+0500] {logging_mixin.py:154} INFO - [2023-11-22T15:52:20.891+0500] {dag.py:3722} INFO - Setting next_dagrun for example_branch_python_operator_decorator to 2023-11-21T00:00:00+00:00, run_after=2023-11-22T00:00:00+00:00
[2023-11-22T15:52:20.977+0500] {processor.py:179} INFO - Processing /usr/local/lib/python3.10/dist-packages/airflow/example_dags/example_branch_operator_decorator.py took 0.458 seconds
[2023-11-22T15:52:52.684+0500] {processor.py:157} INFO - Started process (PID=16997) to work on /usr/local/lib/python3.10/dist-packages/airflow/example_dags/example_branch_operator_decorator.py
[2023-11-22T15:52:52.686+0500] {processor.py:829} INFO - Processing file /usr/local/lib/python3.10/dist-packages/airflow/example_dags/example_branch_operator_decorator.py for tasks to queue
[2023-11-22T15:52:52.689+0500] {logging_mixin.py:154} INFO - [2023-11-22T15:52:52.688+0500] {dagbag.py:536} INFO - Filling up the DagBag from /usr/local/lib/python3.10/dist-packages/airflow/example_dags/example_branch_operator_decorator.py
[2023-11-22T15:52:52.733+0500] {processor.py:839} INFO - DAG(s) dict_keys(['example_branch_python_operator_decorator']) retrieved from /usr/local/lib/python3.10/dist-packages/airflow/example_dags/example_branch_operator_decorator.py
[2023-11-22T15:52:52.857+0500] {logging_mixin.py:154} INFO - [2023-11-22T15:52:52.856+0500] {dag.py:2941} INFO - Sync 1 DAGs
[2023-11-22T15:52:52.977+0500] {logging_mixin.py:154} INFO - [2023-11-22T15:52:52.976+0500] {dag.py:3722} INFO - Setting next_dagrun for example_branch_python_operator_decorator to 2023-11-21T00:00:00+00:00, run_after=2023-11-22T00:00:00+00:00
[2023-11-22T15:52:53.062+0500] {processor.py:179} INFO - Processing /usr/local/lib/python3.10/dist-packages/airflow/example_dags/example_branch_operator_decorator.py took 0.391 seconds
[2023-11-22T15:53:28.487+0500] {processor.py:157} INFO - Started process (PID=17193) to work on /usr/local/lib/python3.10/dist-packages/airflow/example_dags/example_branch_operator_decorator.py
[2023-11-22T15:53:28.489+0500] {processor.py:829} INFO - Processing file /usr/local/lib/python3.10/dist-packages/airflow/example_dags/example_branch_operator_decorator.py for tasks to queue
[2023-11-22T15:53:28.492+0500] {logging_mixin.py:154} INFO - [2023-11-22T15:53:28.491+0500] {dagbag.py:536} INFO - Filling up the DagBag from /usr/local/lib/python3.10/dist-packages/airflow/example_dags/example_branch_operator_decorator.py
[2023-11-22T15:53:28.540+0500] {processor.py:839} INFO - DAG(s) dict_keys(['example_branch_python_operator_decorator']) retrieved from /usr/local/lib/python3.10/dist-packages/airflow/example_dags/example_branch_operator_decorator.py
[2023-11-22T15:53:28.683+0500] {logging_mixin.py:154} INFO - [2023-11-22T15:53:28.683+0500] {dag.py:2941} INFO - Sync 1 DAGs
[2023-11-22T15:53:28.809+0500] {logging_mixin.py:154} INFO - [2023-11-22T15:53:28.808+0500] {dag.py:3722} INFO - Setting next_dagrun for example_branch_python_operator_decorator to 2023-11-21T00:00:00+00:00, run_after=2023-11-22T00:00:00+00:00
[2023-11-22T15:53:28.938+0500] {processor.py:179} INFO - Processing /usr/local/lib/python3.10/dist-packages/airflow/example_dags/example_branch_operator_decorator.py took 0.464 seconds
[2023-11-22T15:54:02.646+0500] {processor.py:157} INFO - Started process (PID=17389) to work on /usr/local/lib/python3.10/dist-packages/airflow/example_dags/example_branch_operator_decorator.py
[2023-11-22T15:54:02.649+0500] {processor.py:829} INFO - Processing file /usr/local/lib/python3.10/dist-packages/airflow/example_dags/example_branch_operator_decorator.py for tasks to queue
[2023-11-22T15:54:02.653+0500] {logging_mixin.py:154} INFO - [2023-11-22T15:54:02.651+0500] {dagbag.py:536} INFO - Filling up the DagBag from /usr/local/lib/python3.10/dist-packages/airflow/example_dags/example_branch_operator_decorator.py
[2023-11-22T15:54:02.702+0500] {processor.py:839} INFO - DAG(s) dict_keys(['example_branch_python_operator_decorator']) retrieved from /usr/local/lib/python3.10/dist-packages/airflow/example_dags/example_branch_operator_decorator.py
[2023-11-22T15:54:03.026+0500] {logging_mixin.py:154} INFO - [2023-11-22T15:54:03.025+0500] {dag.py:2941} INFO - Sync 1 DAGs
[2023-11-22T15:54:03.384+0500] {logging_mixin.py:154} INFO - [2023-11-22T15:54:03.383+0500] {dag.py:3722} INFO - Setting next_dagrun for example_branch_python_operator_decorator to 2023-11-21T00:00:00+00:00, run_after=2023-11-22T00:00:00+00:00
[2023-11-22T15:54:03.684+0500] {processor.py:179} INFO - Processing /usr/local/lib/python3.10/dist-packages/airflow/example_dags/example_branch_operator_decorator.py took 1.058 seconds
[2023-11-22T15:54:35.451+0500] {processor.py:157} INFO - Started process (PID=17586) to work on /usr/local/lib/python3.10/dist-packages/airflow/example_dags/example_branch_operator_decorator.py
[2023-11-22T15:54:35.454+0500] {processor.py:829} INFO - Processing file /usr/local/lib/python3.10/dist-packages/airflow/example_dags/example_branch_operator_decorator.py for tasks to queue
[2023-11-22T15:54:35.458+0500] {logging_mixin.py:154} INFO - [2023-11-22T15:54:35.456+0500] {dagbag.py:536} INFO - Filling up the DagBag from /usr/local/lib/python3.10/dist-packages/airflow/example_dags/example_branch_operator_decorator.py
[2023-11-22T15:54:35.511+0500] {processor.py:839} INFO - DAG(s) dict_keys(['example_branch_python_operator_decorator']) retrieved from /usr/local/lib/python3.10/dist-packages/airflow/example_dags/example_branch_operator_decorator.py
[2023-11-22T15:54:35.676+0500] {logging_mixin.py:154} INFO - [2023-11-22T15:54:35.675+0500] {dag.py:2941} INFO - Sync 1 DAGs
[2023-11-22T15:54:35.788+0500] {logging_mixin.py:154} INFO - [2023-11-22T15:54:35.788+0500] {dag.py:3722} INFO - Setting next_dagrun for example_branch_python_operator_decorator to 2023-11-21T00:00:00+00:00, run_after=2023-11-22T00:00:00+00:00
[2023-11-22T15:54:35.863+0500] {processor.py:179} INFO - Processing /usr/local/lib/python3.10/dist-packages/airflow/example_dags/example_branch_operator_decorator.py took 0.426 seconds
[2023-11-22T15:55:07.031+0500] {processor.py:157} INFO - Started process (PID=17766) to work on /usr/local/lib/python3.10/dist-packages/airflow/example_dags/example_branch_operator_decorator.py
[2023-11-22T15:55:07.034+0500] {processor.py:829} INFO - Processing file /usr/local/lib/python3.10/dist-packages/airflow/example_dags/example_branch_operator_decorator.py for tasks to queue
[2023-11-22T15:55:07.038+0500] {logging_mixin.py:154} INFO - [2023-11-22T15:55:07.036+0500] {dagbag.py:536} INFO - Filling up the DagBag from /usr/local/lib/python3.10/dist-packages/airflow/example_dags/example_branch_operator_decorator.py
[2023-11-22T15:55:07.082+0500] {processor.py:839} INFO - DAG(s) dict_keys(['example_branch_python_operator_decorator']) retrieved from /usr/local/lib/python3.10/dist-packages/airflow/example_dags/example_branch_operator_decorator.py
[2023-11-22T15:55:07.199+0500] {logging_mixin.py:154} INFO - [2023-11-22T15:55:07.198+0500] {dag.py:2941} INFO - Sync 1 DAGs
[2023-11-22T15:55:07.318+0500] {logging_mixin.py:154} INFO - [2023-11-22T15:55:07.317+0500] {dag.py:3722} INFO - Setting next_dagrun for example_branch_python_operator_decorator to 2023-11-21T00:00:00+00:00, run_after=2023-11-22T00:00:00+00:00
[2023-11-22T15:55:07.398+0500] {processor.py:179} INFO - Processing /usr/local/lib/python3.10/dist-packages/airflow/example_dags/example_branch_operator_decorator.py took 0.379 seconds
[2023-11-22T15:55:38.875+0500] {processor.py:157} INFO - Started process (PID=18186) to work on /usr/local/lib/python3.10/dist-packages/airflow/example_dags/example_branch_operator_decorator.py
[2023-11-22T15:55:38.878+0500] {processor.py:829} INFO - Processing file /usr/local/lib/python3.10/dist-packages/airflow/example_dags/example_branch_operator_decorator.py for tasks to queue
[2023-11-22T15:55:38.881+0500] {logging_mixin.py:154} INFO - [2023-11-22T15:55:38.880+0500] {dagbag.py:536} INFO - Filling up the DagBag from /usr/local/lib/python3.10/dist-packages/airflow/example_dags/example_branch_operator_decorator.py
[2023-11-22T15:55:38.926+0500] {processor.py:839} INFO - DAG(s) dict_keys(['example_branch_python_operator_decorator']) retrieved from /usr/local/lib/python3.10/dist-packages/airflow/example_dags/example_branch_operator_decorator.py
[2023-11-22T15:55:39.041+0500] {logging_mixin.py:154} INFO - [2023-11-22T15:55:39.040+0500] {dag.py:2941} INFO - Sync 1 DAGs
[2023-11-22T15:55:39.148+0500] {logging_mixin.py:154} INFO - [2023-11-22T15:55:39.147+0500] {dag.py:3722} INFO - Setting next_dagrun for example_branch_python_operator_decorator to 2023-11-21T00:00:00+00:00, run_after=2023-11-22T00:00:00+00:00
[2023-11-22T15:55:39.238+0500] {processor.py:179} INFO - Processing /usr/local/lib/python3.10/dist-packages/airflow/example_dags/example_branch_operator_decorator.py took 0.380 seconds
[2023-11-22T15:56:10.012+0500] {processor.py:157} INFO - Started process (PID=18288) to work on /usr/local/lib/python3.10/dist-packages/airflow/example_dags/example_branch_operator_decorator.py
[2023-11-22T15:56:10.015+0500] {processor.py:829} INFO - Processing file /usr/local/lib/python3.10/dist-packages/airflow/example_dags/example_branch_operator_decorator.py for tasks to queue
[2023-11-22T15:56:10.018+0500] {logging_mixin.py:154} INFO - [2023-11-22T15:56:10.017+0500] {dagbag.py:536} INFO - Filling up the DagBag from /usr/local/lib/python3.10/dist-packages/airflow/example_dags/example_branch_operator_decorator.py
[2023-11-22T15:56:10.062+0500] {processor.py:839} INFO - DAG(s) dict_keys(['example_branch_python_operator_decorator']) retrieved from /usr/local/lib/python3.10/dist-packages/airflow/example_dags/example_branch_operator_decorator.py
[2023-11-22T15:56:10.184+0500] {logging_mixin.py:154} INFO - [2023-11-22T15:56:10.183+0500] {dag.py:2941} INFO - Sync 1 DAGs
[2023-11-22T15:56:10.313+0500] {logging_mixin.py:154} INFO - [2023-11-22T15:56:10.312+0500] {dag.py:3722} INFO - Setting next_dagrun for example_branch_python_operator_decorator to 2023-11-21T00:00:00+00:00, run_after=2023-11-22T00:00:00+00:00
[2023-11-22T15:56:10.402+0500] {processor.py:179} INFO - Processing /usr/local/lib/python3.10/dist-packages/airflow/example_dags/example_branch_operator_decorator.py took 0.402 seconds
[2023-11-22T15:56:42.460+0500] {processor.py:157} INFO - Started process (PID=18398) to work on /usr/local/lib/python3.10/dist-packages/airflow/example_dags/example_branch_operator_decorator.py
[2023-11-22T15:56:42.462+0500] {processor.py:829} INFO - Processing file /usr/local/lib/python3.10/dist-packages/airflow/example_dags/example_branch_operator_decorator.py for tasks to queue
[2023-11-22T15:56:42.465+0500] {logging_mixin.py:154} INFO - [2023-11-22T15:56:42.464+0500] {dagbag.py:536} INFO - Filling up the DagBag from /usr/local/lib/python3.10/dist-packages/airflow/example_dags/example_branch_operator_decorator.py
[2023-11-22T15:56:42.506+0500] {processor.py:839} INFO - DAG(s) dict_keys(['example_branch_python_operator_decorator']) retrieved from /usr/local/lib/python3.10/dist-packages/airflow/example_dags/example_branch_operator_decorator.py
[2023-11-22T15:56:42.613+0500] {logging_mixin.py:154} INFO - [2023-11-22T15:56:42.613+0500] {dag.py:2941} INFO - Sync 1 DAGs
[2023-11-22T15:56:42.715+0500] {logging_mixin.py:154} INFO - [2023-11-22T15:56:42.714+0500] {dag.py:3722} INFO - Setting next_dagrun for example_branch_python_operator_decorator to 2023-11-21T00:00:00+00:00, run_after=2023-11-22T00:00:00+00:00
[2023-11-22T15:56:42.791+0500] {processor.py:179} INFO - Processing /usr/local/lib/python3.10/dist-packages/airflow/example_dags/example_branch_operator_decorator.py took 0.343 seconds
[2023-11-22T15:57:12.981+0500] {processor.py:157} INFO - Started process (PID=18515) to work on /usr/local/lib/python3.10/dist-packages/airflow/example_dags/example_branch_operator_decorator.py
[2023-11-22T15:57:12.983+0500] {processor.py:829} INFO - Processing file /usr/local/lib/python3.10/dist-packages/airflow/example_dags/example_branch_operator_decorator.py for tasks to queue
[2023-11-22T15:57:12.986+0500] {logging_mixin.py:154} INFO - [2023-11-22T15:57:12.985+0500] {dagbag.py:536} INFO - Filling up the DagBag from /usr/local/lib/python3.10/dist-packages/airflow/example_dags/example_branch_operator_decorator.py
[2023-11-22T15:57:13.028+0500] {processor.py:839} INFO - DAG(s) dict_keys(['example_branch_python_operator_decorator']) retrieved from /usr/local/lib/python3.10/dist-packages/airflow/example_dags/example_branch_operator_decorator.py
[2023-11-22T15:57:13.137+0500] {logging_mixin.py:154} INFO - [2023-11-22T15:57:13.137+0500] {dag.py:2941} INFO - Sync 1 DAGs
[2023-11-22T15:57:13.244+0500] {logging_mixin.py:154} INFO - [2023-11-22T15:57:13.243+0500] {dag.py:3722} INFO - Setting next_dagrun for example_branch_python_operator_decorator to 2023-11-21T00:00:00+00:00, run_after=2023-11-22T00:00:00+00:00
[2023-11-22T15:57:13.318+0500] {processor.py:179} INFO - Processing /usr/local/lib/python3.10/dist-packages/airflow/example_dags/example_branch_operator_decorator.py took 0.350 seconds
[2023-11-22T15:57:44.951+0500] {processor.py:157} INFO - Started process (PID=18619) to work on /usr/local/lib/python3.10/dist-packages/airflow/example_dags/example_branch_operator_decorator.py
[2023-11-22T15:57:44.953+0500] {processor.py:829} INFO - Processing file /usr/local/lib/python3.10/dist-packages/airflow/example_dags/example_branch_operator_decorator.py for tasks to queue
[2023-11-22T15:57:44.957+0500] {logging_mixin.py:154} INFO - [2023-11-22T15:57:44.956+0500] {dagbag.py:536} INFO - Filling up the DagBag from /usr/local/lib/python3.10/dist-packages/airflow/example_dags/example_branch_operator_decorator.py
[2023-11-22T15:57:45.007+0500] {processor.py:839} INFO - DAG(s) dict_keys(['example_branch_python_operator_decorator']) retrieved from /usr/local/lib/python3.10/dist-packages/airflow/example_dags/example_branch_operator_decorator.py
[2023-11-22T15:57:45.127+0500] {logging_mixin.py:154} INFO - [2023-11-22T15:57:45.126+0500] {dag.py:2941} INFO - Sync 1 DAGs
[2023-11-22T15:57:45.253+0500] {logging_mixin.py:154} INFO - [2023-11-22T15:57:45.252+0500] {dag.py:3722} INFO - Setting next_dagrun for example_branch_python_operator_decorator to 2023-11-21T00:00:00+00:00, run_after=2023-11-22T00:00:00+00:00
[2023-11-22T15:57:45.339+0500] {processor.py:179} INFO - Processing /usr/local/lib/python3.10/dist-packages/airflow/example_dags/example_branch_operator_decorator.py took 0.401 seconds
[2023-11-22T15:58:16.040+0500] {processor.py:157} INFO - Started process (PID=18719) to work on /usr/local/lib/python3.10/dist-packages/airflow/example_dags/example_branch_operator_decorator.py
[2023-11-22T15:58:16.043+0500] {processor.py:829} INFO - Processing file /usr/local/lib/python3.10/dist-packages/airflow/example_dags/example_branch_operator_decorator.py for tasks to queue
[2023-11-22T15:58:16.046+0500] {logging_mixin.py:154} INFO - [2023-11-22T15:58:16.045+0500] {dagbag.py:536} INFO - Filling up the DagBag from /usr/local/lib/python3.10/dist-packages/airflow/example_dags/example_branch_operator_decorator.py
[2023-11-22T15:58:16.092+0500] {processor.py:839} INFO - DAG(s) dict_keys(['example_branch_python_operator_decorator']) retrieved from /usr/local/lib/python3.10/dist-packages/airflow/example_dags/example_branch_operator_decorator.py
[2023-11-22T15:58:16.212+0500] {logging_mixin.py:154} INFO - [2023-11-22T15:58:16.211+0500] {dag.py:2941} INFO - Sync 1 DAGs
[2023-11-22T15:58:16.336+0500] {logging_mixin.py:154} INFO - [2023-11-22T15:58:16.335+0500] {dag.py:3722} INFO - Setting next_dagrun for example_branch_python_operator_decorator to 2023-11-21T00:00:00+00:00, run_after=2023-11-22T00:00:00+00:00
[2023-11-22T15:58:16.426+0500] {processor.py:179} INFO - Processing /usr/local/lib/python3.10/dist-packages/airflow/example_dags/example_branch_operator_decorator.py took 0.399 seconds
[2023-11-22T15:58:47.537+0500] {processor.py:157} INFO - Started process (PID=18818) to work on /usr/local/lib/python3.10/dist-packages/airflow/example_dags/example_branch_operator_decorator.py
[2023-11-22T15:58:47.540+0500] {processor.py:829} INFO - Processing file /usr/local/lib/python3.10/dist-packages/airflow/example_dags/example_branch_operator_decorator.py for tasks to queue
[2023-11-22T15:58:47.543+0500] {logging_mixin.py:154} INFO - [2023-11-22T15:58:47.542+0500] {dagbag.py:536} INFO - Filling up the DagBag from /usr/local/lib/python3.10/dist-packages/airflow/example_dags/example_branch_operator_decorator.py
[2023-11-22T15:58:47.587+0500] {processor.py:839} INFO - DAG(s) dict_keys(['example_branch_python_operator_decorator']) retrieved from /usr/local/lib/python3.10/dist-packages/airflow/example_dags/example_branch_operator_decorator.py
[2023-11-22T15:58:47.703+0500] {logging_mixin.py:154} INFO - [2023-11-22T15:58:47.702+0500] {dag.py:2941} INFO - Sync 1 DAGs
[2023-11-22T15:58:47.811+0500] {logging_mixin.py:154} INFO - [2023-11-22T15:58:47.810+0500] {dag.py:3722} INFO - Setting next_dagrun for example_branch_python_operator_decorator to 2023-11-21T00:00:00+00:00, run_after=2023-11-22T00:00:00+00:00
[2023-11-22T15:58:47.889+0500] {processor.py:179} INFO - Processing /usr/local/lib/python3.10/dist-packages/airflow/example_dags/example_branch_operator_decorator.py took 0.364 seconds
[2023-11-22T15:59:18.037+0500] {processor.py:157} INFO - Started process (PID=18914) to work on /usr/local/lib/python3.10/dist-packages/airflow/example_dags/example_branch_operator_decorator.py
[2023-11-22T15:59:18.039+0500] {processor.py:829} INFO - Processing file /usr/local/lib/python3.10/dist-packages/airflow/example_dags/example_branch_operator_decorator.py for tasks to queue
[2023-11-22T15:59:18.042+0500] {logging_mixin.py:154} INFO - [2023-11-22T15:59:18.041+0500] {dagbag.py:536} INFO - Filling up the DagBag from /usr/local/lib/python3.10/dist-packages/airflow/example_dags/example_branch_operator_decorator.py
[2023-11-22T15:59:18.082+0500] {processor.py:839} INFO - DAG(s) dict_keys(['example_branch_python_operator_decorator']) retrieved from /usr/local/lib/python3.10/dist-packages/airflow/example_dags/example_branch_operator_decorator.py
[2023-11-22T15:59:18.202+0500] {logging_mixin.py:154} INFO - [2023-11-22T15:59:18.201+0500] {dag.py:2941} INFO - Sync 1 DAGs
[2023-11-22T15:59:18.314+0500] {logging_mixin.py:154} INFO - [2023-11-22T15:59:18.313+0500] {dag.py:3722} INFO - Setting next_dagrun for example_branch_python_operator_decorator to 2023-11-21T00:00:00+00:00, run_after=2023-11-22T00:00:00+00:00
[2023-11-22T15:59:18.400+0500] {processor.py:179} INFO - Processing /usr/local/lib/python3.10/dist-packages/airflow/example_dags/example_branch_operator_decorator.py took 0.375 seconds
[2023-11-22T15:59:48.818+0500] {processor.py:157} INFO - Started process (PID=19015) to work on /usr/local/lib/python3.10/dist-packages/airflow/example_dags/example_branch_operator_decorator.py
[2023-11-22T15:59:48.821+0500] {processor.py:829} INFO - Processing file /usr/local/lib/python3.10/dist-packages/airflow/example_dags/example_branch_operator_decorator.py for tasks to queue
[2023-11-22T15:59:48.824+0500] {logging_mixin.py:154} INFO - [2023-11-22T15:59:48.822+0500] {dagbag.py:536} INFO - Filling up the DagBag from /usr/local/lib/python3.10/dist-packages/airflow/example_dags/example_branch_operator_decorator.py
[2023-11-22T15:59:48.866+0500] {processor.py:839} INFO - DAG(s) dict_keys(['example_branch_python_operator_decorator']) retrieved from /usr/local/lib/python3.10/dist-packages/airflow/example_dags/example_branch_operator_decorator.py
[2023-11-22T15:59:48.973+0500] {logging_mixin.py:154} INFO - [2023-11-22T15:59:48.972+0500] {dag.py:2941} INFO - Sync 1 DAGs
[2023-11-22T15:59:49.074+0500] {logging_mixin.py:154} INFO - [2023-11-22T15:59:49.073+0500] {dag.py:3722} INFO - Setting next_dagrun for example_branch_python_operator_decorator to 2023-11-21T00:00:00+00:00, run_after=2023-11-22T00:00:00+00:00
[2023-11-22T15:59:49.148+0500] {processor.py:179} INFO - Processing /usr/local/lib/python3.10/dist-packages/airflow/example_dags/example_branch_operator_decorator.py took 0.341 seconds
[2023-11-22T16:00:19.649+0500] {processor.py:157} INFO - Started process (PID=19121) to work on /usr/local/lib/python3.10/dist-packages/airflow/example_dags/example_branch_operator_decorator.py
[2023-11-22T16:00:19.653+0500] {processor.py:829} INFO - Processing file /usr/local/lib/python3.10/dist-packages/airflow/example_dags/example_branch_operator_decorator.py for tasks to queue
[2023-11-22T16:00:19.656+0500] {logging_mixin.py:154} INFO - [2023-11-22T16:00:19.655+0500] {dagbag.py:536} INFO - Filling up the DagBag from /usr/local/lib/python3.10/dist-packages/airflow/example_dags/example_branch_operator_decorator.py
[2023-11-22T16:00:19.704+0500] {processor.py:839} INFO - DAG(s) dict_keys(['example_branch_python_operator_decorator']) retrieved from /usr/local/lib/python3.10/dist-packages/airflow/example_dags/example_branch_operator_decorator.py
[2023-11-22T16:00:19.820+0500] {logging_mixin.py:154} INFO - [2023-11-22T16:00:19.819+0500] {dag.py:2941} INFO - Sync 1 DAGs
[2023-11-22T16:00:19.920+0500] {logging_mixin.py:154} INFO - [2023-11-22T16:00:19.920+0500] {dag.py:3722} INFO - Setting next_dagrun for example_branch_python_operator_decorator to 2023-11-21T00:00:00+00:00, run_after=2023-11-22T00:00:00+00:00
[2023-11-22T16:00:19.995+0500] {processor.py:179} INFO - Processing /usr/local/lib/python3.10/dist-packages/airflow/example_dags/example_branch_operator_decorator.py took 0.358 seconds
[2023-11-22T16:00:51.012+0500] {processor.py:157} INFO - Started process (PID=19222) to work on /usr/local/lib/python3.10/dist-packages/airflow/example_dags/example_branch_operator_decorator.py
[2023-11-22T16:00:51.014+0500] {processor.py:829} INFO - Processing file /usr/local/lib/python3.10/dist-packages/airflow/example_dags/example_branch_operator_decorator.py for tasks to queue
[2023-11-22T16:00:51.017+0500] {logging_mixin.py:154} INFO - [2023-11-22T16:00:51.016+0500] {dagbag.py:536} INFO - Filling up the DagBag from /usr/local/lib/python3.10/dist-packages/airflow/example_dags/example_branch_operator_decorator.py
[2023-11-22T16:00:51.059+0500] {processor.py:839} INFO - DAG(s) dict_keys(['example_branch_python_operator_decorator']) retrieved from /usr/local/lib/python3.10/dist-packages/airflow/example_dags/example_branch_operator_decorator.py
[2023-11-22T16:00:51.172+0500] {logging_mixin.py:154} INFO - [2023-11-22T16:00:51.172+0500] {dag.py:2941} INFO - Sync 1 DAGs
[2023-11-22T16:00:51.283+0500] {logging_mixin.py:154} INFO - [2023-11-22T16:00:51.282+0500] {dag.py:3722} INFO - Setting next_dagrun for example_branch_python_operator_decorator to 2023-11-21T00:00:00+00:00, run_after=2023-11-22T00:00:00+00:00
[2023-11-22T16:00:51.367+0500] {processor.py:179} INFO - Processing /usr/local/lib/python3.10/dist-packages/airflow/example_dags/example_branch_operator_decorator.py took 0.367 seconds
[2023-11-22T16:01:22.678+0500] {processor.py:157} INFO - Started process (PID=19325) to work on /usr/local/lib/python3.10/dist-packages/airflow/example_dags/example_branch_operator_decorator.py
[2023-11-22T16:01:22.680+0500] {processor.py:829} INFO - Processing file /usr/local/lib/python3.10/dist-packages/airflow/example_dags/example_branch_operator_decorator.py for tasks to queue
[2023-11-22T16:01:22.683+0500] {logging_mixin.py:154} INFO - [2023-11-22T16:01:22.682+0500] {dagbag.py:536} INFO - Filling up the DagBag from /usr/local/lib/python3.10/dist-packages/airflow/example_dags/example_branch_operator_decorator.py
[2023-11-22T16:01:22.726+0500] {processor.py:839} INFO - DAG(s) dict_keys(['example_branch_python_operator_decorator']) retrieved from /usr/local/lib/python3.10/dist-packages/airflow/example_dags/example_branch_operator_decorator.py
[2023-11-22T16:01:22.834+0500] {logging_mixin.py:154} INFO - [2023-11-22T16:01:22.834+0500] {dag.py:2941} INFO - Sync 1 DAGs
[2023-11-22T16:01:22.934+0500] {logging_mixin.py:154} INFO - [2023-11-22T16:01:22.934+0500] {dag.py:3722} INFO - Setting next_dagrun for example_branch_python_operator_decorator to 2023-11-21T00:00:00+00:00, run_after=2023-11-22T00:00:00+00:00
[2023-11-22T16:01:23.011+0500] {processor.py:179} INFO - Processing /usr/local/lib/python3.10/dist-packages/airflow/example_dags/example_branch_operator_decorator.py took 0.345 seconds
[2023-11-22T16:01:54.020+0500] {processor.py:157} INFO - Started process (PID=19427) to work on /usr/local/lib/python3.10/dist-packages/airflow/example_dags/example_branch_operator_decorator.py
[2023-11-22T16:01:54.022+0500] {processor.py:829} INFO - Processing file /usr/local/lib/python3.10/dist-packages/airflow/example_dags/example_branch_operator_decorator.py for tasks to queue
[2023-11-22T16:01:54.025+0500] {logging_mixin.py:154} INFO - [2023-11-22T16:01:54.024+0500] {dagbag.py:536} INFO - Filling up the DagBag from /usr/local/lib/python3.10/dist-packages/airflow/example_dags/example_branch_operator_decorator.py
[2023-11-22T16:01:54.065+0500] {processor.py:839} INFO - DAG(s) dict_keys(['example_branch_python_operator_decorator']) retrieved from /usr/local/lib/python3.10/dist-packages/airflow/example_dags/example_branch_operator_decorator.py
[2023-11-22T16:01:54.174+0500] {logging_mixin.py:154} INFO - [2023-11-22T16:01:54.173+0500] {dag.py:2941} INFO - Sync 1 DAGs
[2023-11-22T16:01:54.277+0500] {logging_mixin.py:154} INFO - [2023-11-22T16:01:54.277+0500] {dag.py:3722} INFO - Setting next_dagrun for example_branch_python_operator_decorator to 2023-11-21T00:00:00+00:00, run_after=2023-11-22T00:00:00+00:00
[2023-11-22T16:01:54.359+0500] {processor.py:179} INFO - Processing /usr/local/lib/python3.10/dist-packages/airflow/example_dags/example_branch_operator_decorator.py took 0.353 seconds
[2023-11-22T16:02:24.685+0500] {processor.py:157} INFO - Started process (PID=19548) to work on /usr/local/lib/python3.10/dist-packages/airflow/example_dags/example_branch_operator_decorator.py
[2023-11-22T16:02:24.688+0500] {processor.py:829} INFO - Processing file /usr/local/lib/python3.10/dist-packages/airflow/example_dags/example_branch_operator_decorator.py for tasks to queue
[2023-11-22T16:02:24.692+0500] {logging_mixin.py:154} INFO - [2023-11-22T16:02:24.690+0500] {dagbag.py:536} INFO - Filling up the DagBag from /usr/local/lib/python3.10/dist-packages/airflow/example_dags/example_branch_operator_decorator.py
[2023-11-22T16:02:24.737+0500] {processor.py:839} INFO - DAG(s) dict_keys(['example_branch_python_operator_decorator']) retrieved from /usr/local/lib/python3.10/dist-packages/airflow/example_dags/example_branch_operator_decorator.py
[2023-11-22T16:02:24.859+0500] {logging_mixin.py:154} INFO - [2023-11-22T16:02:24.858+0500] {dag.py:2941} INFO - Sync 1 DAGs
[2023-11-22T16:02:24.972+0500] {logging_mixin.py:154} INFO - [2023-11-22T16:02:24.972+0500] {dag.py:3722} INFO - Setting next_dagrun for example_branch_python_operator_decorator to 2023-11-21T00:00:00+00:00, run_after=2023-11-22T00:00:00+00:00
[2023-11-22T16:02:25.048+0500] {processor.py:179} INFO - Processing /usr/local/lib/python3.10/dist-packages/airflow/example_dags/example_branch_operator_decorator.py took 0.375 seconds
[2023-11-22T16:02:55.859+0500] {processor.py:157} INFO - Started process (PID=19649) to work on /usr/local/lib/python3.10/dist-packages/airflow/example_dags/example_branch_operator_decorator.py
[2023-11-22T16:02:55.861+0500] {processor.py:829} INFO - Processing file /usr/local/lib/python3.10/dist-packages/airflow/example_dags/example_branch_operator_decorator.py for tasks to queue
[2023-11-22T16:02:55.864+0500] {logging_mixin.py:154} INFO - [2023-11-22T16:02:55.863+0500] {dagbag.py:536} INFO - Filling up the DagBag from /usr/local/lib/python3.10/dist-packages/airflow/example_dags/example_branch_operator_decorator.py
[2023-11-22T16:02:55.907+0500] {processor.py:839} INFO - DAG(s) dict_keys(['example_branch_python_operator_decorator']) retrieved from /usr/local/lib/python3.10/dist-packages/airflow/example_dags/example_branch_operator_decorator.py
[2023-11-22T16:02:56.017+0500] {logging_mixin.py:154} INFO - [2023-11-22T16:02:56.016+0500] {dag.py:2941} INFO - Sync 1 DAGs
[2023-11-22T16:02:56.123+0500] {logging_mixin.py:154} INFO - [2023-11-22T16:02:56.122+0500] {dag.py:3722} INFO - Setting next_dagrun for example_branch_python_operator_decorator to 2023-11-21T00:00:00+00:00, run_after=2023-11-22T00:00:00+00:00
[2023-11-22T16:02:56.195+0500] {processor.py:179} INFO - Processing /usr/local/lib/python3.10/dist-packages/airflow/example_dags/example_branch_operator_decorator.py took 0.348 seconds
[2023-11-22T16:03:26.609+0500] {processor.py:157} INFO - Started process (PID=19749) to work on /usr/local/lib/python3.10/dist-packages/airflow/example_dags/example_branch_operator_decorator.py
[2023-11-22T16:03:26.612+0500] {processor.py:829} INFO - Processing file /usr/local/lib/python3.10/dist-packages/airflow/example_dags/example_branch_operator_decorator.py for tasks to queue
[2023-11-22T16:03:26.615+0500] {logging_mixin.py:154} INFO - [2023-11-22T16:03:26.614+0500] {dagbag.py:536} INFO - Filling up the DagBag from /usr/local/lib/python3.10/dist-packages/airflow/example_dags/example_branch_operator_decorator.py
[2023-11-22T16:03:26.656+0500] {processor.py:839} INFO - DAG(s) dict_keys(['example_branch_python_operator_decorator']) retrieved from /usr/local/lib/python3.10/dist-packages/airflow/example_dags/example_branch_operator_decorator.py
[2023-11-22T16:03:26.763+0500] {logging_mixin.py:154} INFO - [2023-11-22T16:03:26.763+0500] {dag.py:2941} INFO - Sync 1 DAGs
[2023-11-22T16:03:26.868+0500] {logging_mixin.py:154} INFO - [2023-11-22T16:03:26.867+0500] {dag.py:3722} INFO - Setting next_dagrun for example_branch_python_operator_decorator to 2023-11-21T00:00:00+00:00, run_after=2023-11-22T00:00:00+00:00
[2023-11-22T16:03:26.943+0500] {processor.py:179} INFO - Processing /usr/local/lib/python3.10/dist-packages/airflow/example_dags/example_branch_operator_decorator.py took 0.345 seconds
[2023-11-22T16:03:57.353+0500] {processor.py:157} INFO - Started process (PID=19849) to work on /usr/local/lib/python3.10/dist-packages/airflow/example_dags/example_branch_operator_decorator.py
[2023-11-22T16:03:57.356+0500] {processor.py:829} INFO - Processing file /usr/local/lib/python3.10/dist-packages/airflow/example_dags/example_branch_operator_decorator.py for tasks to queue
[2023-11-22T16:03:57.359+0500] {logging_mixin.py:154} INFO - [2023-11-22T16:03:57.358+0500] {dagbag.py:536} INFO - Filling up the DagBag from /usr/local/lib/python3.10/dist-packages/airflow/example_dags/example_branch_operator_decorator.py
[2023-11-22T16:03:57.400+0500] {processor.py:839} INFO - DAG(s) dict_keys(['example_branch_python_operator_decorator']) retrieved from /usr/local/lib/python3.10/dist-packages/airflow/example_dags/example_branch_operator_decorator.py
[2023-11-22T16:03:57.509+0500] {logging_mixin.py:154} INFO - [2023-11-22T16:03:57.508+0500] {dag.py:2941} INFO - Sync 1 DAGs
[2023-11-22T16:03:57.612+0500] {logging_mixin.py:154} INFO - [2023-11-22T16:03:57.611+0500] {dag.py:3722} INFO - Setting next_dagrun for example_branch_python_operator_decorator to 2023-11-21T00:00:00+00:00, run_after=2023-11-22T00:00:00+00:00
[2023-11-22T16:03:57.689+0500] {processor.py:179} INFO - Processing /usr/local/lib/python3.10/dist-packages/airflow/example_dags/example_branch_operator_decorator.py took 0.348 seconds
[2023-11-22T16:04:27.996+0500] {processor.py:157} INFO - Started process (PID=20001) to work on /usr/local/lib/python3.10/dist-packages/airflow/example_dags/example_branch_operator_decorator.py
[2023-11-22T16:04:27.998+0500] {processor.py:829} INFO - Processing file /usr/local/lib/python3.10/dist-packages/airflow/example_dags/example_branch_operator_decorator.py for tasks to queue
[2023-11-22T16:04:28.001+0500] {logging_mixin.py:154} INFO - [2023-11-22T16:04:28.000+0500] {dagbag.py:536} INFO - Filling up the DagBag from /usr/local/lib/python3.10/dist-packages/airflow/example_dags/example_branch_operator_decorator.py
[2023-11-22T16:04:28.041+0500] {processor.py:839} INFO - DAG(s) dict_keys(['example_branch_python_operator_decorator']) retrieved from /usr/local/lib/python3.10/dist-packages/airflow/example_dags/example_branch_operator_decorator.py
[2023-11-22T16:04:28.148+0500] {logging_mixin.py:154} INFO - [2023-11-22T16:04:28.147+0500] {dag.py:2941} INFO - Sync 1 DAGs
[2023-11-22T16:04:28.249+0500] {logging_mixin.py:154} INFO - [2023-11-22T16:04:28.249+0500] {dag.py:3722} INFO - Setting next_dagrun for example_branch_python_operator_decorator to 2023-11-21T00:00:00+00:00, run_after=2023-11-22T00:00:00+00:00
[2023-11-22T16:04:28.327+0500] {processor.py:179} INFO - Processing /usr/local/lib/python3.10/dist-packages/airflow/example_dags/example_branch_operator_decorator.py took 0.342 seconds
[2023-11-22T16:04:58.621+0500] {processor.py:157} INFO - Started process (PID=20109) to work on /usr/local/lib/python3.10/dist-packages/airflow/example_dags/example_branch_operator_decorator.py
[2023-11-22T16:04:58.624+0500] {processor.py:829} INFO - Processing file /usr/local/lib/python3.10/dist-packages/airflow/example_dags/example_branch_operator_decorator.py for tasks to queue
[2023-11-22T16:04:58.627+0500] {logging_mixin.py:154} INFO - [2023-11-22T16:04:58.626+0500] {dagbag.py:536} INFO - Filling up the DagBag from /usr/local/lib/python3.10/dist-packages/airflow/example_dags/example_branch_operator_decorator.py
[2023-11-22T16:04:58.677+0500] {processor.py:839} INFO - DAG(s) dict_keys(['example_branch_python_operator_decorator']) retrieved from /usr/local/lib/python3.10/dist-packages/airflow/example_dags/example_branch_operator_decorator.py
[2023-11-22T16:04:58.786+0500] {logging_mixin.py:154} INFO - [2023-11-22T16:04:58.785+0500] {dag.py:2941} INFO - Sync 1 DAGs
[2023-11-22T16:04:58.888+0500] {logging_mixin.py:154} INFO - [2023-11-22T16:04:58.887+0500] {dag.py:3722} INFO - Setting next_dagrun for example_branch_python_operator_decorator to 2023-11-21T00:00:00+00:00, run_after=2023-11-22T00:00:00+00:00
[2023-11-22T16:04:58.958+0500] {processor.py:179} INFO - Processing /usr/local/lib/python3.10/dist-packages/airflow/example_dags/example_branch_operator_decorator.py took 0.348 seconds
[2023-11-22T16:05:29.274+0500] {processor.py:157} INFO - Started process (PID=20218) to work on /usr/local/lib/python3.10/dist-packages/airflow/example_dags/example_branch_operator_decorator.py
[2023-11-22T16:05:29.282+0500] {processor.py:829} INFO - Processing file /usr/local/lib/python3.10/dist-packages/airflow/example_dags/example_branch_operator_decorator.py for tasks to queue
[2023-11-22T16:05:29.284+0500] {logging_mixin.py:154} INFO - [2023-11-22T16:05:29.283+0500] {dagbag.py:536} INFO - Filling up the DagBag from /usr/local/lib/python3.10/dist-packages/airflow/example_dags/example_branch_operator_decorator.py
[2023-11-22T16:05:29.324+0500] {processor.py:839} INFO - DAG(s) dict_keys(['example_branch_python_operator_decorator']) retrieved from /usr/local/lib/python3.10/dist-packages/airflow/example_dags/example_branch_operator_decorator.py
[2023-11-22T16:05:29.446+0500] {logging_mixin.py:154} INFO - [2023-11-22T16:05:29.445+0500] {dag.py:2941} INFO - Sync 1 DAGs
[2023-11-22T16:05:29.558+0500] {logging_mixin.py:154} INFO - [2023-11-22T16:05:29.557+0500] {dag.py:3722} INFO - Setting next_dagrun for example_branch_python_operator_decorator to 2023-11-21T00:00:00+00:00, run_after=2023-11-22T00:00:00+00:00
[2023-11-22T16:05:29.641+0500] {processor.py:179} INFO - Processing /usr/local/lib/python3.10/dist-packages/airflow/example_dags/example_branch_operator_decorator.py took 0.379 seconds
[2023-11-22T16:06:00.499+0500] {processor.py:157} INFO - Started process (PID=20321) to work on /usr/local/lib/python3.10/dist-packages/airflow/example_dags/example_branch_operator_decorator.py
[2023-11-22T16:06:00.502+0500] {processor.py:829} INFO - Processing file /usr/local/lib/python3.10/dist-packages/airflow/example_dags/example_branch_operator_decorator.py for tasks to queue
[2023-11-22T16:06:00.505+0500] {logging_mixin.py:154} INFO - [2023-11-22T16:06:00.504+0500] {dagbag.py:536} INFO - Filling up the DagBag from /usr/local/lib/python3.10/dist-packages/airflow/example_dags/example_branch_operator_decorator.py
[2023-11-22T16:06:00.546+0500] {processor.py:839} INFO - DAG(s) dict_keys(['example_branch_python_operator_decorator']) retrieved from /usr/local/lib/python3.10/dist-packages/airflow/example_dags/example_branch_operator_decorator.py
[2023-11-22T16:06:00.655+0500] {logging_mixin.py:154} INFO - [2023-11-22T16:06:00.654+0500] {dag.py:2941} INFO - Sync 1 DAGs
[2023-11-22T16:06:00.755+0500] {logging_mixin.py:154} INFO - [2023-11-22T16:06:00.755+0500] {dag.py:3722} INFO - Setting next_dagrun for example_branch_python_operator_decorator to 2023-11-21T00:00:00+00:00, run_after=2023-11-22T00:00:00+00:00
[2023-11-22T16:06:00.834+0500] {processor.py:179} INFO - Processing /usr/local/lib/python3.10/dist-packages/airflow/example_dags/example_branch_operator_decorator.py took 0.346 seconds
