[2023-11-22T15:27:17.634+0500] {processor.py:157} INFO - Started process (PID=9979) to work on /usr/local/lib/python3.10/dist-packages/airflow/example_dags/example_complex.py
[2023-11-22T15:27:17.639+0500] {processor.py:829} INFO - Processing file /usr/local/lib/python3.10/dist-packages/airflow/example_dags/example_complex.py for tasks to queue
[2023-11-22T15:27:17.642+0500] {logging_mixin.py:154} INFO - [2023-11-22T15:27:17.641+0500] {dagbag.py:536} INFO - Filling up the DagBag from /usr/local/lib/python3.10/dist-packages/airflow/example_dags/example_complex.py
[2023-11-22T15:27:17.690+0500] {processor.py:839} INFO - DAG(s) dict_keys(['example_complex']) retrieved from /usr/local/lib/python3.10/dist-packages/airflow/example_dags/example_complex.py
[2023-11-22T15:27:17.865+0500] {logging_mixin.py:154} INFO - [2023-11-22T15:27:17.864+0500] {dag.py:2941} INFO - Sync 1 DAGs
[2023-11-22T15:27:17.917+0500] {logging_mixin.py:154} INFO - [2023-11-22T15:27:17.917+0500] {dag.py:3722} INFO - Setting next_dagrun for example_complex to None, run_after=None
[2023-11-22T15:27:17.992+0500] {processor.py:179} INFO - Processing /usr/local/lib/python3.10/dist-packages/airflow/example_dags/example_complex.py took 0.369 seconds
[2023-11-22T15:27:50.713+0500] {processor.py:157} INFO - Started process (PID=10114) to work on /usr/local/lib/python3.10/dist-packages/airflow/example_dags/example_complex.py
[2023-11-22T15:27:50.717+0500] {processor.py:829} INFO - Processing file /usr/local/lib/python3.10/dist-packages/airflow/example_dags/example_complex.py for tasks to queue
[2023-11-22T15:27:50.720+0500] {logging_mixin.py:154} INFO - [2023-11-22T15:27:50.719+0500] {dagbag.py:536} INFO - Filling up the DagBag from /usr/local/lib/python3.10/dist-packages/airflow/example_dags/example_complex.py
[2023-11-22T15:27:50.799+0500] {processor.py:839} INFO - DAG(s) dict_keys(['example_complex']) retrieved from /usr/local/lib/python3.10/dist-packages/airflow/example_dags/example_complex.py
[2023-11-22T15:27:50.992+0500] {logging_mixin.py:154} INFO - [2023-11-22T15:27:50.991+0500] {dag.py:2941} INFO - Sync 1 DAGs
[2023-11-22T15:27:51.046+0500] {logging_mixin.py:154} INFO - [2023-11-22T15:27:51.045+0500] {dag.py:3722} INFO - Setting next_dagrun for example_complex to None, run_after=None
[2023-11-22T15:27:51.125+0500] {processor.py:179} INFO - Processing /usr/local/lib/python3.10/dist-packages/airflow/example_dags/example_complex.py took 0.423 seconds
[2023-11-22T15:28:22.096+0500] {processor.py:157} INFO - Started process (PID=10226) to work on /usr/local/lib/python3.10/dist-packages/airflow/example_dags/example_complex.py
[2023-11-22T15:28:22.099+0500] {processor.py:829} INFO - Processing file /usr/local/lib/python3.10/dist-packages/airflow/example_dags/example_complex.py for tasks to queue
[2023-11-22T15:28:22.102+0500] {logging_mixin.py:154} INFO - [2023-11-22T15:28:22.101+0500] {dagbag.py:536} INFO - Filling up the DagBag from /usr/local/lib/python3.10/dist-packages/airflow/example_dags/example_complex.py
[2023-11-22T15:28:22.152+0500] {processor.py:839} INFO - DAG(s) dict_keys(['example_complex']) retrieved from /usr/local/lib/python3.10/dist-packages/airflow/example_dags/example_complex.py
[2023-11-22T15:28:22.315+0500] {logging_mixin.py:154} INFO - [2023-11-22T15:28:22.314+0500] {dag.py:2941} INFO - Sync 1 DAGs
[2023-11-22T15:28:22.372+0500] {logging_mixin.py:154} INFO - [2023-11-22T15:28:22.371+0500] {dag.py:3722} INFO - Setting next_dagrun for example_complex to None, run_after=None
[2023-11-22T15:28:22.446+0500] {processor.py:179} INFO - Processing /usr/local/lib/python3.10/dist-packages/airflow/example_dags/example_complex.py took 0.362 seconds
[2023-11-22T15:28:54.200+0500] {processor.py:157} INFO - Started process (PID=10365) to work on /usr/local/lib/python3.10/dist-packages/airflow/example_dags/example_complex.py
[2023-11-22T15:28:54.203+0500] {processor.py:829} INFO - Processing file /usr/local/lib/python3.10/dist-packages/airflow/example_dags/example_complex.py for tasks to queue
[2023-11-22T15:28:54.205+0500] {logging_mixin.py:154} INFO - [2023-11-22T15:28:54.204+0500] {dagbag.py:536} INFO - Filling up the DagBag from /usr/local/lib/python3.10/dist-packages/airflow/example_dags/example_complex.py
[2023-11-22T15:28:54.257+0500] {processor.py:839} INFO - DAG(s) dict_keys(['example_complex']) retrieved from /usr/local/lib/python3.10/dist-packages/airflow/example_dags/example_complex.py
[2023-11-22T15:28:54.432+0500] {logging_mixin.py:154} INFO - [2023-11-22T15:28:54.432+0500] {dag.py:2941} INFO - Sync 1 DAGs
[2023-11-22T15:28:54.493+0500] {logging_mixin.py:154} INFO - [2023-11-22T15:28:54.492+0500] {dag.py:3722} INFO - Setting next_dagrun for example_complex to None, run_after=None
[2023-11-22T15:28:54.576+0500] {processor.py:179} INFO - Processing /usr/local/lib/python3.10/dist-packages/airflow/example_dags/example_complex.py took 0.389 seconds
[2023-11-22T15:29:25.584+0500] {processor.py:157} INFO - Started process (PID=10476) to work on /usr/local/lib/python3.10/dist-packages/airflow/example_dags/example_complex.py
[2023-11-22T15:29:25.594+0500] {processor.py:829} INFO - Processing file /usr/local/lib/python3.10/dist-packages/airflow/example_dags/example_complex.py for tasks to queue
[2023-11-22T15:29:25.597+0500] {logging_mixin.py:154} INFO - [2023-11-22T15:29:25.596+0500] {dagbag.py:536} INFO - Filling up the DagBag from /usr/local/lib/python3.10/dist-packages/airflow/example_dags/example_complex.py
[2023-11-22T15:29:25.742+0500] {processor.py:839} INFO - DAG(s) dict_keys(['example_complex']) retrieved from /usr/local/lib/python3.10/dist-packages/airflow/example_dags/example_complex.py
[2023-11-22T15:29:26.104+0500] {logging_mixin.py:154} INFO - [2023-11-22T15:29:26.104+0500] {dag.py:2941} INFO - Sync 1 DAGs
[2023-11-22T15:29:26.321+0500] {logging_mixin.py:154} INFO - [2023-11-22T15:29:26.318+0500] {dag.py:3722} INFO - Setting next_dagrun for example_complex to None, run_after=None
[2023-11-22T15:29:26.499+0500] {processor.py:179} INFO - Processing /usr/local/lib/python3.10/dist-packages/airflow/example_dags/example_complex.py took 0.983 seconds
[2023-11-22T15:29:56.752+0500] {processor.py:157} INFO - Started process (PID=10876) to work on /usr/local/lib/python3.10/dist-packages/airflow/example_dags/example_complex.py
[2023-11-22T15:29:56.756+0500] {processor.py:829} INFO - Processing file /usr/local/lib/python3.10/dist-packages/airflow/example_dags/example_complex.py for tasks to queue
[2023-11-22T15:29:56.759+0500] {logging_mixin.py:154} INFO - [2023-11-22T15:29:56.757+0500] {dagbag.py:536} INFO - Filling up the DagBag from /usr/local/lib/python3.10/dist-packages/airflow/example_dags/example_complex.py
[2023-11-22T15:29:56.858+0500] {processor.py:839} INFO - DAG(s) dict_keys(['example_complex']) retrieved from /usr/local/lib/python3.10/dist-packages/airflow/example_dags/example_complex.py
[2023-11-22T15:29:57.080+0500] {logging_mixin.py:154} INFO - [2023-11-22T15:29:57.079+0500] {dag.py:2941} INFO - Sync 1 DAGs
[2023-11-22T15:29:57.142+0500] {logging_mixin.py:154} INFO - [2023-11-22T15:29:57.141+0500] {dag.py:3722} INFO - Setting next_dagrun for example_complex to None, run_after=None
[2023-11-22T15:29:57.236+0500] {processor.py:179} INFO - Processing /usr/local/lib/python3.10/dist-packages/airflow/example_dags/example_complex.py took 0.498 seconds
[2023-11-22T15:30:29.083+0500] {processor.py:157} INFO - Started process (PID=11020) to work on /usr/local/lib/python3.10/dist-packages/airflow/example_dags/example_complex.py
[2023-11-22T15:30:29.087+0500] {processor.py:829} INFO - Processing file /usr/local/lib/python3.10/dist-packages/airflow/example_dags/example_complex.py for tasks to queue
[2023-11-22T15:30:29.090+0500] {logging_mixin.py:154} INFO - [2023-11-22T15:30:29.089+0500] {dagbag.py:536} INFO - Filling up the DagBag from /usr/local/lib/python3.10/dist-packages/airflow/example_dags/example_complex.py
[2023-11-22T15:30:29.146+0500] {processor.py:839} INFO - DAG(s) dict_keys(['example_complex']) retrieved from /usr/local/lib/python3.10/dist-packages/airflow/example_dags/example_complex.py
[2023-11-22T15:30:29.329+0500] {logging_mixin.py:154} INFO - [2023-11-22T15:30:29.328+0500] {dag.py:2941} INFO - Sync 1 DAGs
[2023-11-22T15:30:29.394+0500] {logging_mixin.py:154} INFO - [2023-11-22T15:30:29.393+0500] {dag.py:3722} INFO - Setting next_dagrun for example_complex to None, run_after=None
[2023-11-22T15:30:29.478+0500] {processor.py:179} INFO - Processing /usr/local/lib/python3.10/dist-packages/airflow/example_dags/example_complex.py took 0.409 seconds
[2023-11-22T15:31:01.624+0500] {processor.py:157} INFO - Started process (PID=11236) to work on /usr/local/lib/python3.10/dist-packages/airflow/example_dags/example_complex.py
[2023-11-22T15:31:01.627+0500] {processor.py:829} INFO - Processing file /usr/local/lib/python3.10/dist-packages/airflow/example_dags/example_complex.py for tasks to queue
[2023-11-22T15:31:01.630+0500] {logging_mixin.py:154} INFO - [2023-11-22T15:31:01.629+0500] {dagbag.py:536} INFO - Filling up the DagBag from /usr/local/lib/python3.10/dist-packages/airflow/example_dags/example_complex.py
[2023-11-22T15:31:01.686+0500] {processor.py:839} INFO - DAG(s) dict_keys(['example_complex']) retrieved from /usr/local/lib/python3.10/dist-packages/airflow/example_dags/example_complex.py
[2023-11-22T15:31:01.845+0500] {logging_mixin.py:154} INFO - [2023-11-22T15:31:01.845+0500] {dag.py:2941} INFO - Sync 1 DAGs
[2023-11-22T15:31:01.907+0500] {logging_mixin.py:154} INFO - [2023-11-22T15:31:01.906+0500] {dag.py:3722} INFO - Setting next_dagrun for example_complex to None, run_after=None
[2023-11-22T15:31:02.007+0500] {processor.py:179} INFO - Processing /usr/local/lib/python3.10/dist-packages/airflow/example_dags/example_complex.py took 0.395 seconds
[2023-11-22T15:31:33.567+0500] {processor.py:157} INFO - Started process (PID=11376) to work on /usr/local/lib/python3.10/dist-packages/airflow/example_dags/example_complex.py
[2023-11-22T15:31:33.569+0500] {processor.py:829} INFO - Processing file /usr/local/lib/python3.10/dist-packages/airflow/example_dags/example_complex.py for tasks to queue
[2023-11-22T15:31:33.572+0500] {logging_mixin.py:154} INFO - [2023-11-22T15:31:33.571+0500] {dagbag.py:536} INFO - Filling up the DagBag from /usr/local/lib/python3.10/dist-packages/airflow/example_dags/example_complex.py
[2023-11-22T15:31:33.630+0500] {processor.py:839} INFO - DAG(s) dict_keys(['example_complex']) retrieved from /usr/local/lib/python3.10/dist-packages/airflow/example_dags/example_complex.py
[2023-11-22T15:31:33.800+0500] {logging_mixin.py:154} INFO - [2023-11-22T15:31:33.799+0500] {dag.py:2941} INFO - Sync 1 DAGs
[2023-11-22T15:31:33.858+0500] {logging_mixin.py:154} INFO - [2023-11-22T15:31:33.857+0500] {dag.py:3722} INFO - Setting next_dagrun for example_complex to None, run_after=None
[2023-11-22T15:31:33.978+0500] {processor.py:179} INFO - Processing /usr/local/lib/python3.10/dist-packages/airflow/example_dags/example_complex.py took 0.428 seconds
[2023-11-22T15:32:04.347+0500] {processor.py:157} INFO - Started process (PID=11556) to work on /usr/local/lib/python3.10/dist-packages/airflow/example_dags/example_complex.py
[2023-11-22T15:32:04.350+0500] {processor.py:829} INFO - Processing file /usr/local/lib/python3.10/dist-packages/airflow/example_dags/example_complex.py for tasks to queue
[2023-11-22T15:32:04.357+0500] {logging_mixin.py:154} INFO - [2023-11-22T15:32:04.352+0500] {dagbag.py:536} INFO - Filling up the DagBag from /usr/local/lib/python3.10/dist-packages/airflow/example_dags/example_complex.py
[2023-11-22T15:32:04.459+0500] {processor.py:839} INFO - DAG(s) dict_keys(['example_complex']) retrieved from /usr/local/lib/python3.10/dist-packages/airflow/example_dags/example_complex.py
[2023-11-22T15:32:04.654+0500] {logging_mixin.py:154} INFO - [2023-11-22T15:32:04.653+0500] {dag.py:2941} INFO - Sync 1 DAGs
[2023-11-22T15:32:04.732+0500] {logging_mixin.py:154} INFO - [2023-11-22T15:32:04.731+0500] {dag.py:3722} INFO - Setting next_dagrun for example_complex to None, run_after=None
[2023-11-22T15:32:04.895+0500] {processor.py:179} INFO - Processing /usr/local/lib/python3.10/dist-packages/airflow/example_dags/example_complex.py took 0.592 seconds
[2023-11-22T15:32:35.136+0500] {processor.py:157} INFO - Started process (PID=11708) to work on /usr/local/lib/python3.10/dist-packages/airflow/example_dags/example_complex.py
[2023-11-22T15:32:35.138+0500] {processor.py:829} INFO - Processing file /usr/local/lib/python3.10/dist-packages/airflow/example_dags/example_complex.py for tasks to queue
[2023-11-22T15:32:35.141+0500] {logging_mixin.py:154} INFO - [2023-11-22T15:32:35.140+0500] {dagbag.py:536} INFO - Filling up the DagBag from /usr/local/lib/python3.10/dist-packages/airflow/example_dags/example_complex.py
[2023-11-22T15:32:35.194+0500] {processor.py:839} INFO - DAG(s) dict_keys(['example_complex']) retrieved from /usr/local/lib/python3.10/dist-packages/airflow/example_dags/example_complex.py
[2023-11-22T15:32:35.375+0500] {logging_mixin.py:154} INFO - [2023-11-22T15:32:35.374+0500] {dag.py:2941} INFO - Sync 1 DAGs
[2023-11-22T15:32:35.434+0500] {logging_mixin.py:154} INFO - [2023-11-22T15:32:35.433+0500] {dag.py:3722} INFO - Setting next_dagrun for example_complex to None, run_after=None
[2023-11-22T15:32:35.519+0500] {processor.py:179} INFO - Processing /usr/local/lib/python3.10/dist-packages/airflow/example_dags/example_complex.py took 0.395 seconds
[2023-11-22T15:33:06.566+0500] {processor.py:157} INFO - Started process (PID=11856) to work on /usr/local/lib/python3.10/dist-packages/airflow/example_dags/example_complex.py
[2023-11-22T15:33:06.575+0500] {processor.py:829} INFO - Processing file /usr/local/lib/python3.10/dist-packages/airflow/example_dags/example_complex.py for tasks to queue
[2023-11-22T15:33:06.581+0500] {logging_mixin.py:154} INFO - [2023-11-22T15:33:06.580+0500] {dagbag.py:536} INFO - Filling up the DagBag from /usr/local/lib/python3.10/dist-packages/airflow/example_dags/example_complex.py
[2023-11-22T15:33:06.703+0500] {processor.py:839} INFO - DAG(s) dict_keys(['example_complex']) retrieved from /usr/local/lib/python3.10/dist-packages/airflow/example_dags/example_complex.py
[2023-11-22T15:33:06.906+0500] {logging_mixin.py:154} INFO - [2023-11-22T15:33:06.905+0500] {dag.py:2941} INFO - Sync 1 DAGs
[2023-11-22T15:33:06.973+0500] {logging_mixin.py:154} INFO - [2023-11-22T15:33:06.972+0500] {dag.py:3722} INFO - Setting next_dagrun for example_complex to None, run_after=None
[2023-11-22T15:33:07.084+0500] {processor.py:179} INFO - Processing /usr/local/lib/python3.10/dist-packages/airflow/example_dags/example_complex.py took 0.535 seconds
[2023-11-22T15:33:37.252+0500] {processor.py:157} INFO - Started process (PID=12008) to work on /usr/local/lib/python3.10/dist-packages/airflow/example_dags/example_complex.py
[2023-11-22T15:33:37.260+0500] {processor.py:829} INFO - Processing file /usr/local/lib/python3.10/dist-packages/airflow/example_dags/example_complex.py for tasks to queue
[2023-11-22T15:33:37.263+0500] {logging_mixin.py:154} INFO - [2023-11-22T15:33:37.261+0500] {dagbag.py:536} INFO - Filling up the DagBag from /usr/local/lib/python3.10/dist-packages/airflow/example_dags/example_complex.py
[2023-11-22T15:33:37.356+0500] {processor.py:839} INFO - DAG(s) dict_keys(['example_complex']) retrieved from /usr/local/lib/python3.10/dist-packages/airflow/example_dags/example_complex.py
[2023-11-22T15:33:37.679+0500] {logging_mixin.py:154} INFO - [2023-11-22T15:33:37.678+0500] {dag.py:2941} INFO - Sync 1 DAGs
[2023-11-22T15:33:37.823+0500] {logging_mixin.py:154} INFO - [2023-11-22T15:33:37.822+0500] {dag.py:3722} INFO - Setting next_dagrun for example_complex to None, run_after=None
[2023-11-22T15:33:37.999+0500] {processor.py:179} INFO - Processing /usr/local/lib/python3.10/dist-packages/airflow/example_dags/example_complex.py took 0.782 seconds
[2023-11-22T15:34:08.608+0500] {processor.py:157} INFO - Started process (PID=12154) to work on /usr/local/lib/python3.10/dist-packages/airflow/example_dags/example_complex.py
[2023-11-22T15:34:08.614+0500] {processor.py:829} INFO - Processing file /usr/local/lib/python3.10/dist-packages/airflow/example_dags/example_complex.py for tasks to queue
[2023-11-22T15:34:08.622+0500] {logging_mixin.py:154} INFO - [2023-11-22T15:34:08.621+0500] {dagbag.py:536} INFO - Filling up the DagBag from /usr/local/lib/python3.10/dist-packages/airflow/example_dags/example_complex.py
[2023-11-22T15:34:08.686+0500] {processor.py:839} INFO - DAG(s) dict_keys(['example_complex']) retrieved from /usr/local/lib/python3.10/dist-packages/airflow/example_dags/example_complex.py
[2023-11-22T15:34:08.843+0500] {logging_mixin.py:154} INFO - [2023-11-22T15:34:08.843+0500] {dag.py:2941} INFO - Sync 1 DAGs
[2023-11-22T15:34:08.899+0500] {logging_mixin.py:154} INFO - [2023-11-22T15:34:08.898+0500] {dag.py:3722} INFO - Setting next_dagrun for example_complex to None, run_after=None
[2023-11-22T15:34:08.978+0500] {processor.py:179} INFO - Processing /usr/local/lib/python3.10/dist-packages/airflow/example_dags/example_complex.py took 0.386 seconds
[2023-11-22T15:34:39.384+0500] {processor.py:157} INFO - Started process (PID=12277) to work on /usr/local/lib/python3.10/dist-packages/airflow/example_dags/example_complex.py
[2023-11-22T15:34:39.387+0500] {processor.py:829} INFO - Processing file /usr/local/lib/python3.10/dist-packages/airflow/example_dags/example_complex.py for tasks to queue
[2023-11-22T15:34:39.394+0500] {logging_mixin.py:154} INFO - [2023-11-22T15:34:39.389+0500] {dagbag.py:536} INFO - Filling up the DagBag from /usr/local/lib/python3.10/dist-packages/airflow/example_dags/example_complex.py
[2023-11-22T15:34:39.470+0500] {processor.py:839} INFO - DAG(s) dict_keys(['example_complex']) retrieved from /usr/local/lib/python3.10/dist-packages/airflow/example_dags/example_complex.py
[2023-11-22T15:34:39.645+0500] {logging_mixin.py:154} INFO - [2023-11-22T15:34:39.644+0500] {dag.py:2941} INFO - Sync 1 DAGs
[2023-11-22T15:34:39.703+0500] {logging_mixin.py:154} INFO - [2023-11-22T15:34:39.703+0500] {dag.py:3722} INFO - Setting next_dagrun for example_complex to None, run_after=None
[2023-11-22T15:34:39.782+0500] {processor.py:179} INFO - Processing /usr/local/lib/python3.10/dist-packages/airflow/example_dags/example_complex.py took 0.413 seconds
[2023-11-22T15:35:11.529+0500] {processor.py:157} INFO - Started process (PID=12873) to work on /usr/local/lib/python3.10/dist-packages/airflow/example_dags/example_complex.py
[2023-11-22T15:35:11.535+0500] {processor.py:829} INFO - Processing file /usr/local/lib/python3.10/dist-packages/airflow/example_dags/example_complex.py for tasks to queue
[2023-11-22T15:35:11.540+0500] {logging_mixin.py:154} INFO - [2023-11-22T15:35:11.537+0500] {dagbag.py:536} INFO - Filling up the DagBag from /usr/local/lib/python3.10/dist-packages/airflow/example_dags/example_complex.py
[2023-11-22T15:35:11.662+0500] {processor.py:839} INFO - DAG(s) dict_keys(['example_complex']) retrieved from /usr/local/lib/python3.10/dist-packages/airflow/example_dags/example_complex.py
[2023-11-22T15:35:11.827+0500] {logging_mixin.py:154} INFO - [2023-11-22T15:35:11.826+0500] {dag.py:2941} INFO - Sync 1 DAGs
[2023-11-22T15:35:11.885+0500] {logging_mixin.py:154} INFO - [2023-11-22T15:35:11.884+0500] {dag.py:3722} INFO - Setting next_dagrun for example_complex to None, run_after=None
[2023-11-22T15:35:11.994+0500] {processor.py:179} INFO - Processing /usr/local/lib/python3.10/dist-packages/airflow/example_dags/example_complex.py took 0.485 seconds
[2023-11-22T15:40:16.587+0500] {processor.py:157} INFO - Started process (PID=13528) to work on /usr/local/lib/python3.10/dist-packages/airflow/example_dags/example_complex.py
[2023-11-22T15:40:16.591+0500] {processor.py:829} INFO - Processing file /usr/local/lib/python3.10/dist-packages/airflow/example_dags/example_complex.py for tasks to queue
[2023-11-22T15:40:16.601+0500] {logging_mixin.py:154} INFO - [2023-11-22T15:40:16.600+0500] {dagbag.py:536} INFO - Filling up the DagBag from /usr/local/lib/python3.10/dist-packages/airflow/example_dags/example_complex.py
[2023-11-22T15:40:16.726+0500] {processor.py:839} INFO - DAG(s) dict_keys(['example_complex']) retrieved from /usr/local/lib/python3.10/dist-packages/airflow/example_dags/example_complex.py
[2023-11-22T15:40:16.991+0500] {logging_mixin.py:154} INFO - [2023-11-22T15:40:16.990+0500] {dag.py:2941} INFO - Sync 1 DAGs
[2023-11-22T15:40:17.081+0500] {logging_mixin.py:154} INFO - [2023-11-22T15:40:17.080+0500] {dag.py:3722} INFO - Setting next_dagrun for example_complex to None, run_after=None
[2023-11-22T15:40:17.210+0500] {processor.py:179} INFO - Processing /usr/local/lib/python3.10/dist-packages/airflow/example_dags/example_complex.py took 0.640 seconds
[2023-11-22T15:40:48.130+0500] {processor.py:157} INFO - Started process (PID=13677) to work on /usr/local/lib/python3.10/dist-packages/airflow/example_dags/example_complex.py
[2023-11-22T15:40:48.136+0500] {processor.py:829} INFO - Processing file /usr/local/lib/python3.10/dist-packages/airflow/example_dags/example_complex.py for tasks to queue
[2023-11-22T15:40:48.149+0500] {logging_mixin.py:154} INFO - [2023-11-22T15:40:48.138+0500] {dagbag.py:536} INFO - Filling up the DagBag from /usr/local/lib/python3.10/dist-packages/airflow/example_dags/example_complex.py
[2023-11-22T15:40:48.266+0500] {processor.py:839} INFO - DAG(s) dict_keys(['example_complex']) retrieved from /usr/local/lib/python3.10/dist-packages/airflow/example_dags/example_complex.py
[2023-11-22T15:40:48.434+0500] {logging_mixin.py:154} INFO - [2023-11-22T15:40:48.433+0500] {dag.py:2941} INFO - Sync 1 DAGs
[2023-11-22T15:40:48.494+0500] {logging_mixin.py:154} INFO - [2023-11-22T15:40:48.493+0500] {dag.py:3722} INFO - Setting next_dagrun for example_complex to None, run_after=None
[2023-11-22T15:40:48.574+0500] {processor.py:179} INFO - Processing /usr/local/lib/python3.10/dist-packages/airflow/example_dags/example_complex.py took 0.460 seconds
[2023-11-22T15:41:18.856+0500] {processor.py:157} INFO - Started process (PID=13817) to work on /usr/local/lib/python3.10/dist-packages/airflow/example_dags/example_complex.py
[2023-11-22T15:41:18.859+0500] {processor.py:829} INFO - Processing file /usr/local/lib/python3.10/dist-packages/airflow/example_dags/example_complex.py for tasks to queue
[2023-11-22T15:41:18.863+0500] {logging_mixin.py:154} INFO - [2023-11-22T15:41:18.861+0500] {dagbag.py:536} INFO - Filling up the DagBag from /usr/local/lib/python3.10/dist-packages/airflow/example_dags/example_complex.py
[2023-11-22T15:41:18.928+0500] {processor.py:839} INFO - DAG(s) dict_keys(['example_complex']) retrieved from /usr/local/lib/python3.10/dist-packages/airflow/example_dags/example_complex.py
[2023-11-22T15:41:19.091+0500] {logging_mixin.py:154} INFO - [2023-11-22T15:41:19.090+0500] {dag.py:2941} INFO - Sync 1 DAGs
[2023-11-22T15:41:19.150+0500] {logging_mixin.py:154} INFO - [2023-11-22T15:41:19.149+0500] {dag.py:3722} INFO - Setting next_dagrun for example_complex to None, run_after=None
[2023-11-22T15:41:19.244+0500] {processor.py:179} INFO - Processing /usr/local/lib/python3.10/dist-packages/airflow/example_dags/example_complex.py took 0.401 seconds
[2023-11-22T15:41:49.682+0500] {processor.py:157} INFO - Started process (PID=13962) to work on /usr/local/lib/python3.10/dist-packages/airflow/example_dags/example_complex.py
[2023-11-22T15:41:49.689+0500] {processor.py:829} INFO - Processing file /usr/local/lib/python3.10/dist-packages/airflow/example_dags/example_complex.py for tasks to queue
[2023-11-22T15:41:49.692+0500] {logging_mixin.py:154} INFO - [2023-11-22T15:41:49.691+0500] {dagbag.py:536} INFO - Filling up the DagBag from /usr/local/lib/python3.10/dist-packages/airflow/example_dags/example_complex.py
[2023-11-22T15:41:49.767+0500] {processor.py:839} INFO - DAG(s) dict_keys(['example_complex']) retrieved from /usr/local/lib/python3.10/dist-packages/airflow/example_dags/example_complex.py
[2023-11-22T15:41:49.941+0500] {logging_mixin.py:154} INFO - [2023-11-22T15:41:49.940+0500] {dag.py:2941} INFO - Sync 1 DAGs
[2023-11-22T15:41:49.998+0500] {logging_mixin.py:154} INFO - [2023-11-22T15:41:49.997+0500] {dag.py:3722} INFO - Setting next_dagrun for example_complex to None, run_after=None
[2023-11-22T15:41:50.077+0500] {processor.py:179} INFO - Processing /usr/local/lib/python3.10/dist-packages/airflow/example_dags/example_complex.py took 0.415 seconds
[2023-11-22T15:42:20.949+0500] {processor.py:157} INFO - Started process (PID=14140) to work on /usr/local/lib/python3.10/dist-packages/airflow/example_dags/example_complex.py
[2023-11-22T15:42:20.951+0500] {processor.py:829} INFO - Processing file /usr/local/lib/python3.10/dist-packages/airflow/example_dags/example_complex.py for tasks to queue
[2023-11-22T15:42:20.954+0500] {logging_mixin.py:154} INFO - [2023-11-22T15:42:20.953+0500] {dagbag.py:536} INFO - Filling up the DagBag from /usr/local/lib/python3.10/dist-packages/airflow/example_dags/example_complex.py
[2023-11-22T15:42:21.025+0500] {processor.py:839} INFO - DAG(s) dict_keys(['example_complex']) retrieved from /usr/local/lib/python3.10/dist-packages/airflow/example_dags/example_complex.py
[2023-11-22T15:42:21.360+0500] {logging_mixin.py:154} INFO - [2023-11-22T15:42:21.360+0500] {dag.py:2941} INFO - Sync 1 DAGs
[2023-11-22T15:42:21.480+0500] {logging_mixin.py:154} INFO - [2023-11-22T15:42:21.480+0500] {dag.py:3722} INFO - Setting next_dagrun for example_complex to None, run_after=None
[2023-11-22T15:42:21.583+0500] {processor.py:179} INFO - Processing /usr/local/lib/python3.10/dist-packages/airflow/example_dags/example_complex.py took 0.651 seconds
[2023-11-22T15:42:53.279+0500] {processor.py:157} INFO - Started process (PID=14286) to work on /usr/local/lib/python3.10/dist-packages/airflow/example_dags/example_complex.py
[2023-11-22T15:42:53.281+0500] {processor.py:829} INFO - Processing file /usr/local/lib/python3.10/dist-packages/airflow/example_dags/example_complex.py for tasks to queue
[2023-11-22T15:42:53.286+0500] {logging_mixin.py:154} INFO - [2023-11-22T15:42:53.285+0500] {dagbag.py:536} INFO - Filling up the DagBag from /usr/local/lib/python3.10/dist-packages/airflow/example_dags/example_complex.py
[2023-11-22T15:42:53.347+0500] {processor.py:839} INFO - DAG(s) dict_keys(['example_complex']) retrieved from /usr/local/lib/python3.10/dist-packages/airflow/example_dags/example_complex.py
[2023-11-22T15:42:53.514+0500] {logging_mixin.py:154} INFO - [2023-11-22T15:42:53.513+0500] {dag.py:2941} INFO - Sync 1 DAGs
[2023-11-22T15:42:53.569+0500] {logging_mixin.py:154} INFO - [2023-11-22T15:42:53.568+0500] {dag.py:3722} INFO - Setting next_dagrun for example_complex to None, run_after=None
[2023-11-22T15:42:53.669+0500] {processor.py:179} INFO - Processing /usr/local/lib/python3.10/dist-packages/airflow/example_dags/example_complex.py took 0.400 seconds
[2023-11-22T15:43:25.746+0500] {processor.py:157} INFO - Started process (PID=14403) to work on /usr/local/lib/python3.10/dist-packages/airflow/example_dags/example_complex.py
[2023-11-22T15:43:25.755+0500] {processor.py:829} INFO - Processing file /usr/local/lib/python3.10/dist-packages/airflow/example_dags/example_complex.py for tasks to queue
[2023-11-22T15:43:25.757+0500] {logging_mixin.py:154} INFO - [2023-11-22T15:43:25.756+0500] {dagbag.py:536} INFO - Filling up the DagBag from /usr/local/lib/python3.10/dist-packages/airflow/example_dags/example_complex.py
[2023-11-22T15:43:25.809+0500] {processor.py:839} INFO - DAG(s) dict_keys(['example_complex']) retrieved from /usr/local/lib/python3.10/dist-packages/airflow/example_dags/example_complex.py
[2023-11-22T15:43:25.981+0500] {logging_mixin.py:154} INFO - [2023-11-22T15:43:25.980+0500] {dag.py:2941} INFO - Sync 1 DAGs
[2023-11-22T15:43:26.037+0500] {logging_mixin.py:154} INFO - [2023-11-22T15:43:26.036+0500] {dag.py:3722} INFO - Setting next_dagrun for example_complex to None, run_after=None
[2023-11-22T15:43:26.119+0500] {processor.py:179} INFO - Processing /usr/local/lib/python3.10/dist-packages/airflow/example_dags/example_complex.py took 0.396 seconds
[2023-11-22T15:43:57.561+0500] {processor.py:157} INFO - Started process (PID=14546) to work on /usr/local/lib/python3.10/dist-packages/airflow/example_dags/example_complex.py
[2023-11-22T15:43:57.564+0500] {processor.py:829} INFO - Processing file /usr/local/lib/python3.10/dist-packages/airflow/example_dags/example_complex.py for tasks to queue
[2023-11-22T15:43:57.567+0500] {logging_mixin.py:154} INFO - [2023-11-22T15:43:57.566+0500] {dagbag.py:536} INFO - Filling up the DagBag from /usr/local/lib/python3.10/dist-packages/airflow/example_dags/example_complex.py
[2023-11-22T15:43:57.634+0500] {processor.py:839} INFO - DAG(s) dict_keys(['example_complex']) retrieved from /usr/local/lib/python3.10/dist-packages/airflow/example_dags/example_complex.py
[2023-11-22T15:43:57.801+0500] {logging_mixin.py:154} INFO - [2023-11-22T15:43:57.801+0500] {dag.py:2941} INFO - Sync 1 DAGs
[2023-11-22T15:43:57.859+0500] {logging_mixin.py:154} INFO - [2023-11-22T15:43:57.858+0500] {dag.py:3722} INFO - Setting next_dagrun for example_complex to None, run_after=None
[2023-11-22T15:43:57.960+0500] {processor.py:179} INFO - Processing /usr/local/lib/python3.10/dist-packages/airflow/example_dags/example_complex.py took 0.412 seconds
[2023-11-22T15:44:29.687+0500] {processor.py:157} INFO - Started process (PID=14698) to work on /usr/local/lib/python3.10/dist-packages/airflow/example_dags/example_complex.py
[2023-11-22T15:44:29.689+0500] {processor.py:829} INFO - Processing file /usr/local/lib/python3.10/dist-packages/airflow/example_dags/example_complex.py for tasks to queue
[2023-11-22T15:44:29.692+0500] {logging_mixin.py:154} INFO - [2023-11-22T15:44:29.691+0500] {dagbag.py:536} INFO - Filling up the DagBag from /usr/local/lib/python3.10/dist-packages/airflow/example_dags/example_complex.py
[2023-11-22T15:44:29.769+0500] {processor.py:839} INFO - DAG(s) dict_keys(['example_complex']) retrieved from /usr/local/lib/python3.10/dist-packages/airflow/example_dags/example_complex.py
[2023-11-22T15:44:29.944+0500] {logging_mixin.py:154} INFO - [2023-11-22T15:44:29.944+0500] {dag.py:2941} INFO - Sync 1 DAGs
[2023-11-22T15:44:30.008+0500] {logging_mixin.py:154} INFO - [2023-11-22T15:44:30.007+0500] {dag.py:3722} INFO - Setting next_dagrun for example_complex to None, run_after=None
[2023-11-22T15:44:30.102+0500] {processor.py:179} INFO - Processing /usr/local/lib/python3.10/dist-packages/airflow/example_dags/example_complex.py took 0.427 seconds
[2023-11-22T15:45:01.404+0500] {processor.py:157} INFO - Started process (PID=14858) to work on /usr/local/lib/python3.10/dist-packages/airflow/example_dags/example_complex.py
[2023-11-22T15:45:01.407+0500] {processor.py:829} INFO - Processing file /usr/local/lib/python3.10/dist-packages/airflow/example_dags/example_complex.py for tasks to queue
[2023-11-22T15:45:01.410+0500] {logging_mixin.py:154} INFO - [2023-11-22T15:45:01.409+0500] {dagbag.py:536} INFO - Filling up the DagBag from /usr/local/lib/python3.10/dist-packages/airflow/example_dags/example_complex.py
[2023-11-22T15:45:01.464+0500] {processor.py:839} INFO - DAG(s) dict_keys(['example_complex']) retrieved from /usr/local/lib/python3.10/dist-packages/airflow/example_dags/example_complex.py
[2023-11-22T15:45:01.632+0500] {logging_mixin.py:154} INFO - [2023-11-22T15:45:01.631+0500] {dag.py:2941} INFO - Sync 1 DAGs
[2023-11-22T15:45:01.690+0500] {logging_mixin.py:154} INFO - [2023-11-22T15:45:01.689+0500] {dag.py:3722} INFO - Setting next_dagrun for example_complex to None, run_after=None
[2023-11-22T15:45:01.779+0500] {processor.py:179} INFO - Processing /usr/local/lib/python3.10/dist-packages/airflow/example_dags/example_complex.py took 0.388 seconds
[2023-11-22T15:45:32.933+0500] {processor.py:157} INFO - Started process (PID=15018) to work on /usr/local/lib/python3.10/dist-packages/airflow/example_dags/example_complex.py
[2023-11-22T15:45:32.940+0500] {processor.py:829} INFO - Processing file /usr/local/lib/python3.10/dist-packages/airflow/example_dags/example_complex.py for tasks to queue
[2023-11-22T15:45:32.943+0500] {logging_mixin.py:154} INFO - [2023-11-22T15:45:32.942+0500] {dagbag.py:536} INFO - Filling up the DagBag from /usr/local/lib/python3.10/dist-packages/airflow/example_dags/example_complex.py
[2023-11-22T15:45:33.030+0500] {processor.py:839} INFO - DAG(s) dict_keys(['example_complex']) retrieved from /usr/local/lib/python3.10/dist-packages/airflow/example_dags/example_complex.py
[2023-11-22T15:45:33.208+0500] {logging_mixin.py:154} INFO - [2023-11-22T15:45:33.207+0500] {dag.py:2941} INFO - Sync 1 DAGs
[2023-11-22T15:45:33.265+0500] {logging_mixin.py:154} INFO - [2023-11-22T15:45:33.264+0500] {dag.py:3722} INFO - Setting next_dagrun for example_complex to None, run_after=None
[2023-11-22T15:45:33.359+0500] {processor.py:179} INFO - Processing /usr/local/lib/python3.10/dist-packages/airflow/example_dags/example_complex.py took 0.439 seconds
[2023-11-22T15:46:03.498+0500] {processor.py:157} INFO - Started process (PID=15140) to work on /usr/local/lib/python3.10/dist-packages/airflow/example_dags/example_complex.py
[2023-11-22T15:46:03.504+0500] {processor.py:829} INFO - Processing file /usr/local/lib/python3.10/dist-packages/airflow/example_dags/example_complex.py for tasks to queue
[2023-11-22T15:46:03.507+0500] {logging_mixin.py:154} INFO - [2023-11-22T15:46:03.506+0500] {dagbag.py:536} INFO - Filling up the DagBag from /usr/local/lib/python3.10/dist-packages/airflow/example_dags/example_complex.py
[2023-11-22T15:46:03.568+0500] {processor.py:839} INFO - DAG(s) dict_keys(['example_complex']) retrieved from /usr/local/lib/python3.10/dist-packages/airflow/example_dags/example_complex.py
[2023-11-22T15:46:03.724+0500] {logging_mixin.py:154} INFO - [2023-11-22T15:46:03.723+0500] {dag.py:2941} INFO - Sync 1 DAGs
[2023-11-22T15:46:03.783+0500] {logging_mixin.py:154} INFO - [2023-11-22T15:46:03.782+0500] {dag.py:3722} INFO - Setting next_dagrun for example_complex to None, run_after=None
[2023-11-22T15:46:03.858+0500] {processor.py:179} INFO - Processing /usr/local/lib/python3.10/dist-packages/airflow/example_dags/example_complex.py took 0.375 seconds
[2023-11-22T15:46:34.229+0500] {processor.py:157} INFO - Started process (PID=15279) to work on /usr/local/lib/python3.10/dist-packages/airflow/example_dags/example_complex.py
[2023-11-22T15:46:34.231+0500] {processor.py:829} INFO - Processing file /usr/local/lib/python3.10/dist-packages/airflow/example_dags/example_complex.py for tasks to queue
[2023-11-22T15:46:34.238+0500] {logging_mixin.py:154} INFO - [2023-11-22T15:46:34.236+0500] {dagbag.py:536} INFO - Filling up the DagBag from /usr/local/lib/python3.10/dist-packages/airflow/example_dags/example_complex.py
[2023-11-22T15:46:34.299+0500] {processor.py:839} INFO - DAG(s) dict_keys(['example_complex']) retrieved from /usr/local/lib/python3.10/dist-packages/airflow/example_dags/example_complex.py
[2023-11-22T15:46:34.473+0500] {logging_mixin.py:154} INFO - [2023-11-22T15:46:34.473+0500] {dag.py:2941} INFO - Sync 1 DAGs
[2023-11-22T15:46:34.534+0500] {logging_mixin.py:154} INFO - [2023-11-22T15:46:34.531+0500] {dag.py:3722} INFO - Setting next_dagrun for example_complex to None, run_after=None
[2023-11-22T15:46:34.628+0500] {processor.py:179} INFO - Processing /usr/local/lib/python3.10/dist-packages/airflow/example_dags/example_complex.py took 0.416 seconds
[2023-11-22T15:47:05.264+0500] {processor.py:157} INFO - Started process (PID=15445) to work on /usr/local/lib/python3.10/dist-packages/airflow/example_dags/example_complex.py
[2023-11-22T15:47:05.267+0500] {processor.py:829} INFO - Processing file /usr/local/lib/python3.10/dist-packages/airflow/example_dags/example_complex.py for tasks to queue
[2023-11-22T15:47:05.270+0500] {logging_mixin.py:154} INFO - [2023-11-22T15:47:05.269+0500] {dagbag.py:536} INFO - Filling up the DagBag from /usr/local/lib/python3.10/dist-packages/airflow/example_dags/example_complex.py
[2023-11-22T15:47:05.362+0500] {processor.py:839} INFO - DAG(s) dict_keys(['example_complex']) retrieved from /usr/local/lib/python3.10/dist-packages/airflow/example_dags/example_complex.py
[2023-11-22T15:47:05.570+0500] {logging_mixin.py:154} INFO - [2023-11-22T15:47:05.569+0500] {dag.py:2941} INFO - Sync 1 DAGs
[2023-11-22T15:47:05.621+0500] {logging_mixin.py:154} INFO - [2023-11-22T15:47:05.620+0500] {dag.py:3722} INFO - Setting next_dagrun for example_complex to None, run_after=None
[2023-11-22T15:47:05.694+0500] {processor.py:179} INFO - Processing /usr/local/lib/python3.10/dist-packages/airflow/example_dags/example_complex.py took 0.445 seconds
[2023-11-22T15:47:35.850+0500] {processor.py:157} INFO - Started process (PID=15605) to work on /usr/local/lib/python3.10/dist-packages/airflow/example_dags/example_complex.py
[2023-11-22T15:47:35.852+0500] {processor.py:829} INFO - Processing file /usr/local/lib/python3.10/dist-packages/airflow/example_dags/example_complex.py for tasks to queue
[2023-11-22T15:47:35.855+0500] {logging_mixin.py:154} INFO - [2023-11-22T15:47:35.854+0500] {dagbag.py:536} INFO - Filling up the DagBag from /usr/local/lib/python3.10/dist-packages/airflow/example_dags/example_complex.py
[2023-11-22T15:47:35.905+0500] {processor.py:839} INFO - DAG(s) dict_keys(['example_complex']) retrieved from /usr/local/lib/python3.10/dist-packages/airflow/example_dags/example_complex.py
[2023-11-22T15:47:36.089+0500] {logging_mixin.py:154} INFO - [2023-11-22T15:47:36.088+0500] {dag.py:2941} INFO - Sync 1 DAGs
[2023-11-22T15:47:36.165+0500] {logging_mixin.py:154} INFO - [2023-11-22T15:47:36.165+0500] {dag.py:3722} INFO - Setting next_dagrun for example_complex to None, run_after=None
[2023-11-22T15:47:36.298+0500] {processor.py:179} INFO - Processing /usr/local/lib/python3.10/dist-packages/airflow/example_dags/example_complex.py took 0.459 seconds
[2023-11-22T15:48:06.983+0500] {processor.py:157} INFO - Started process (PID=15753) to work on /usr/local/lib/python3.10/dist-packages/airflow/example_dags/example_complex.py
[2023-11-22T15:48:06.987+0500] {processor.py:829} INFO - Processing file /usr/local/lib/python3.10/dist-packages/airflow/example_dags/example_complex.py for tasks to queue
[2023-11-22T15:48:06.990+0500] {logging_mixin.py:154} INFO - [2023-11-22T15:48:06.989+0500] {dagbag.py:536} INFO - Filling up the DagBag from /usr/local/lib/python3.10/dist-packages/airflow/example_dags/example_complex.py
[2023-11-22T15:48:07.063+0500] {processor.py:839} INFO - DAG(s) dict_keys(['example_complex']) retrieved from /usr/local/lib/python3.10/dist-packages/airflow/example_dags/example_complex.py
[2023-11-22T15:48:07.250+0500] {logging_mixin.py:154} INFO - [2023-11-22T15:48:07.249+0500] {dag.py:2941} INFO - Sync 1 DAGs
[2023-11-22T15:48:07.315+0500] {logging_mixin.py:154} INFO - [2023-11-22T15:48:07.314+0500] {dag.py:3722} INFO - Setting next_dagrun for example_complex to None, run_after=None
[2023-11-22T15:48:07.395+0500] {processor.py:179} INFO - Processing /usr/local/lib/python3.10/dist-packages/airflow/example_dags/example_complex.py took 0.424 seconds
[2023-11-22T15:48:38.475+0500] {processor.py:157} INFO - Started process (PID=15873) to work on /usr/local/lib/python3.10/dist-packages/airflow/example_dags/example_complex.py
[2023-11-22T15:48:38.487+0500] {processor.py:829} INFO - Processing file /usr/local/lib/python3.10/dist-packages/airflow/example_dags/example_complex.py for tasks to queue
[2023-11-22T15:48:38.497+0500] {logging_mixin.py:154} INFO - [2023-11-22T15:48:38.495+0500] {dagbag.py:536} INFO - Filling up the DagBag from /usr/local/lib/python3.10/dist-packages/airflow/example_dags/example_complex.py
[2023-11-22T15:48:38.553+0500] {processor.py:839} INFO - DAG(s) dict_keys(['example_complex']) retrieved from /usr/local/lib/python3.10/dist-packages/airflow/example_dags/example_complex.py
[2023-11-22T15:48:38.741+0500] {logging_mixin.py:154} INFO - [2023-11-22T15:48:38.740+0500] {dag.py:2941} INFO - Sync 1 DAGs
[2023-11-22T15:48:38.802+0500] {logging_mixin.py:154} INFO - [2023-11-22T15:48:38.802+0500] {dag.py:3722} INFO - Setting next_dagrun for example_complex to None, run_after=None
[2023-11-22T15:48:38.888+0500] {processor.py:179} INFO - Processing /usr/local/lib/python3.10/dist-packages/airflow/example_dags/example_complex.py took 0.433 seconds
[2023-11-22T15:49:09.016+0500] {processor.py:157} INFO - Started process (PID=16022) to work on /usr/local/lib/python3.10/dist-packages/airflow/example_dags/example_complex.py
[2023-11-22T15:49:09.018+0500] {processor.py:829} INFO - Processing file /usr/local/lib/python3.10/dist-packages/airflow/example_dags/example_complex.py for tasks to queue
[2023-11-22T15:49:09.021+0500] {logging_mixin.py:154} INFO - [2023-11-22T15:49:09.020+0500] {dagbag.py:536} INFO - Filling up the DagBag from /usr/local/lib/python3.10/dist-packages/airflow/example_dags/example_complex.py
[2023-11-22T15:49:09.066+0500] {processor.py:839} INFO - DAG(s) dict_keys(['example_complex']) retrieved from /usr/local/lib/python3.10/dist-packages/airflow/example_dags/example_complex.py
[2023-11-22T15:49:09.227+0500] {logging_mixin.py:154} INFO - [2023-11-22T15:49:09.226+0500] {dag.py:2941} INFO - Sync 1 DAGs
[2023-11-22T15:49:09.279+0500] {logging_mixin.py:154} INFO - [2023-11-22T15:49:09.278+0500] {dag.py:3722} INFO - Setting next_dagrun for example_complex to None, run_after=None
[2023-11-22T15:49:09.356+0500] {processor.py:179} INFO - Processing /usr/local/lib/python3.10/dist-packages/airflow/example_dags/example_complex.py took 0.351 seconds
[2023-11-22T15:49:41.297+0500] {processor.py:157} INFO - Started process (PID=16139) to work on /usr/local/lib/python3.10/dist-packages/airflow/example_dags/example_complex.py
[2023-11-22T15:49:41.303+0500] {processor.py:829} INFO - Processing file /usr/local/lib/python3.10/dist-packages/airflow/example_dags/example_complex.py for tasks to queue
[2023-11-22T15:49:41.310+0500] {logging_mixin.py:154} INFO - [2023-11-22T15:49:41.305+0500] {dagbag.py:536} INFO - Filling up the DagBag from /usr/local/lib/python3.10/dist-packages/airflow/example_dags/example_complex.py
[2023-11-22T15:49:41.380+0500] {processor.py:839} INFO - DAG(s) dict_keys(['example_complex']) retrieved from /usr/local/lib/python3.10/dist-packages/airflow/example_dags/example_complex.py
[2023-11-22T15:49:41.677+0500] {logging_mixin.py:154} INFO - [2023-11-22T15:49:41.677+0500] {dag.py:2941} INFO - Sync 1 DAGs
[2023-11-22T15:49:41.736+0500] {logging_mixin.py:154} INFO - [2023-11-22T15:49:41.735+0500] {dag.py:3722} INFO - Setting next_dagrun for example_complex to None, run_after=None
[2023-11-22T15:49:41.909+0500] {processor.py:179} INFO - Processing /usr/local/lib/python3.10/dist-packages/airflow/example_dags/example_complex.py took 0.635 seconds
[2023-11-22T15:50:12.795+0500] {processor.py:157} INFO - Started process (PID=16279) to work on /usr/local/lib/python3.10/dist-packages/airflow/example_dags/example_complex.py
[2023-11-22T15:50:12.797+0500] {processor.py:829} INFO - Processing file /usr/local/lib/python3.10/dist-packages/airflow/example_dags/example_complex.py for tasks to queue
[2023-11-22T15:50:12.801+0500] {logging_mixin.py:154} INFO - [2023-11-22T15:50:12.799+0500] {dagbag.py:536} INFO - Filling up the DagBag from /usr/local/lib/python3.10/dist-packages/airflow/example_dags/example_complex.py
[2023-11-22T15:50:12.859+0500] {processor.py:839} INFO - DAG(s) dict_keys(['example_complex']) retrieved from /usr/local/lib/python3.10/dist-packages/airflow/example_dags/example_complex.py
[2023-11-22T15:50:13.029+0500] {logging_mixin.py:154} INFO - [2023-11-22T15:50:13.028+0500] {dag.py:2941} INFO - Sync 1 DAGs
[2023-11-22T15:50:13.089+0500] {logging_mixin.py:154} INFO - [2023-11-22T15:50:13.088+0500] {dag.py:3722} INFO - Setting next_dagrun for example_complex to None, run_after=None
[2023-11-22T15:50:13.181+0500] {processor.py:179} INFO - Processing /usr/local/lib/python3.10/dist-packages/airflow/example_dags/example_complex.py took 0.404 seconds
[2023-11-22T15:50:43.271+0500] {processor.py:157} INFO - Started process (PID=16429) to work on /usr/local/lib/python3.10/dist-packages/airflow/example_dags/example_complex.py
[2023-11-22T15:50:43.273+0500] {processor.py:829} INFO - Processing file /usr/local/lib/python3.10/dist-packages/airflow/example_dags/example_complex.py for tasks to queue
[2023-11-22T15:50:43.277+0500] {logging_mixin.py:154} INFO - [2023-11-22T15:50:43.276+0500] {dagbag.py:536} INFO - Filling up the DagBag from /usr/local/lib/python3.10/dist-packages/airflow/example_dags/example_complex.py
[2023-11-22T15:50:43.336+0500] {processor.py:839} INFO - DAG(s) dict_keys(['example_complex']) retrieved from /usr/local/lib/python3.10/dist-packages/airflow/example_dags/example_complex.py
[2023-11-22T15:50:43.501+0500] {logging_mixin.py:154} INFO - [2023-11-22T15:50:43.501+0500] {dag.py:2941} INFO - Sync 1 DAGs
[2023-11-22T15:50:43.557+0500] {logging_mixin.py:154} INFO - [2023-11-22T15:50:43.556+0500] {dag.py:3722} INFO - Setting next_dagrun for example_complex to None, run_after=None
[2023-11-22T15:50:43.657+0500] {processor.py:179} INFO - Processing /usr/local/lib/python3.10/dist-packages/airflow/example_dags/example_complex.py took 0.400 seconds
[2023-11-22T15:51:16.269+0500] {processor.py:157} INFO - Started process (PID=16547) to work on /usr/local/lib/python3.10/dist-packages/airflow/example_dags/example_complex.py
[2023-11-22T15:51:16.271+0500] {processor.py:829} INFO - Processing file /usr/local/lib/python3.10/dist-packages/airflow/example_dags/example_complex.py for tasks to queue
[2023-11-22T15:51:16.274+0500] {logging_mixin.py:154} INFO - [2023-11-22T15:51:16.273+0500] {dagbag.py:536} INFO - Filling up the DagBag from /usr/local/lib/python3.10/dist-packages/airflow/example_dags/example_complex.py
[2023-11-22T15:51:16.325+0500] {processor.py:839} INFO - DAG(s) dict_keys(['example_complex']) retrieved from /usr/local/lib/python3.10/dist-packages/airflow/example_dags/example_complex.py
[2023-11-22T15:51:16.495+0500] {logging_mixin.py:154} INFO - [2023-11-22T15:51:16.494+0500] {dag.py:2941} INFO - Sync 1 DAGs
[2023-11-22T15:51:16.560+0500] {logging_mixin.py:154} INFO - [2023-11-22T15:51:16.560+0500] {dag.py:3722} INFO - Setting next_dagrun for example_complex to None, run_after=None
[2023-11-22T15:51:16.647+0500] {processor.py:179} INFO - Processing /usr/local/lib/python3.10/dist-packages/airflow/example_dags/example_complex.py took 0.390 seconds
[2023-11-22T15:51:47.021+0500] {processor.py:157} INFO - Started process (PID=16699) to work on /usr/local/lib/python3.10/dist-packages/airflow/example_dags/example_complex.py
[2023-11-22T15:51:47.025+0500] {processor.py:829} INFO - Processing file /usr/local/lib/python3.10/dist-packages/airflow/example_dags/example_complex.py for tasks to queue
[2023-11-22T15:51:47.030+0500] {logging_mixin.py:154} INFO - [2023-11-22T15:51:47.028+0500] {dagbag.py:536} INFO - Filling up the DagBag from /usr/local/lib/python3.10/dist-packages/airflow/example_dags/example_complex.py
[2023-11-22T15:51:47.097+0500] {processor.py:839} INFO - DAG(s) dict_keys(['example_complex']) retrieved from /usr/local/lib/python3.10/dist-packages/airflow/example_dags/example_complex.py
[2023-11-22T15:51:47.269+0500] {logging_mixin.py:154} INFO - [2023-11-22T15:51:47.268+0500] {dag.py:2941} INFO - Sync 1 DAGs
[2023-11-22T15:51:47.332+0500] {logging_mixin.py:154} INFO - [2023-11-22T15:51:47.331+0500] {dag.py:3722} INFO - Setting next_dagrun for example_complex to None, run_after=None
[2023-11-22T15:51:47.415+0500] {processor.py:179} INFO - Processing /usr/local/lib/python3.10/dist-packages/airflow/example_dags/example_complex.py took 0.407 seconds
[2023-11-22T15:52:19.592+0500] {processor.py:157} INFO - Started process (PID=16846) to work on /usr/local/lib/python3.10/dist-packages/airflow/example_dags/example_complex.py
[2023-11-22T15:52:19.595+0500] {processor.py:829} INFO - Processing file /usr/local/lib/python3.10/dist-packages/airflow/example_dags/example_complex.py for tasks to queue
[2023-11-22T15:52:19.598+0500] {logging_mixin.py:154} INFO - [2023-11-22T15:52:19.597+0500] {dagbag.py:536} INFO - Filling up the DagBag from /usr/local/lib/python3.10/dist-packages/airflow/example_dags/example_complex.py
[2023-11-22T15:52:19.655+0500] {processor.py:839} INFO - DAG(s) dict_keys(['example_complex']) retrieved from /usr/local/lib/python3.10/dist-packages/airflow/example_dags/example_complex.py
[2023-11-22T15:52:19.829+0500] {logging_mixin.py:154} INFO - [2023-11-22T15:52:19.829+0500] {dag.py:2941} INFO - Sync 1 DAGs
[2023-11-22T15:52:19.892+0500] {logging_mixin.py:154} INFO - [2023-11-22T15:52:19.891+0500] {dag.py:3722} INFO - Setting next_dagrun for example_complex to None, run_after=None
[2023-11-22T15:52:19.980+0500] {processor.py:179} INFO - Processing /usr/local/lib/python3.10/dist-packages/airflow/example_dags/example_complex.py took 0.401 seconds
[2023-11-22T15:52:51.874+0500] {processor.py:157} INFO - Started process (PID=16992) to work on /usr/local/lib/python3.10/dist-packages/airflow/example_dags/example_complex.py
[2023-11-22T15:52:51.877+0500] {processor.py:829} INFO - Processing file /usr/local/lib/python3.10/dist-packages/airflow/example_dags/example_complex.py for tasks to queue
[2023-11-22T15:52:51.880+0500] {logging_mixin.py:154} INFO - [2023-11-22T15:52:51.879+0500] {dagbag.py:536} INFO - Filling up the DagBag from /usr/local/lib/python3.10/dist-packages/airflow/example_dags/example_complex.py
[2023-11-22T15:52:51.940+0500] {processor.py:839} INFO - DAG(s) dict_keys(['example_complex']) retrieved from /usr/local/lib/python3.10/dist-packages/airflow/example_dags/example_complex.py
[2023-11-22T15:52:52.132+0500] {logging_mixin.py:154} INFO - [2023-11-22T15:52:52.131+0500] {dag.py:2941} INFO - Sync 1 DAGs
[2023-11-22T15:52:52.200+0500] {logging_mixin.py:154} INFO - [2023-11-22T15:52:52.199+0500] {dag.py:3722} INFO - Setting next_dagrun for example_complex to None, run_after=None
[2023-11-22T15:52:52.349+0500] {processor.py:179} INFO - Processing /usr/local/lib/python3.10/dist-packages/airflow/example_dags/example_complex.py took 0.489 seconds
[2023-11-22T15:53:26.662+0500] {processor.py:157} INFO - Started process (PID=17184) to work on /usr/local/lib/python3.10/dist-packages/airflow/example_dags/example_complex.py
[2023-11-22T15:53:26.665+0500] {processor.py:829} INFO - Processing file /usr/local/lib/python3.10/dist-packages/airflow/example_dags/example_complex.py for tasks to queue
[2023-11-22T15:53:26.668+0500] {logging_mixin.py:154} INFO - [2023-11-22T15:53:26.667+0500] {dagbag.py:536} INFO - Filling up the DagBag from /usr/local/lib/python3.10/dist-packages/airflow/example_dags/example_complex.py
[2023-11-22T15:53:26.729+0500] {processor.py:839} INFO - DAG(s) dict_keys(['example_complex']) retrieved from /usr/local/lib/python3.10/dist-packages/airflow/example_dags/example_complex.py
[2023-11-22T15:53:26.970+0500] {logging_mixin.py:154} INFO - [2023-11-22T15:53:26.969+0500] {dag.py:2941} INFO - Sync 1 DAGs
[2023-11-22T15:53:27.045+0500] {logging_mixin.py:154} INFO - [2023-11-22T15:53:27.044+0500] {dag.py:3722} INFO - Setting next_dagrun for example_complex to None, run_after=None
[2023-11-22T15:53:27.136+0500] {processor.py:179} INFO - Processing /usr/local/lib/python3.10/dist-packages/airflow/example_dags/example_complex.py took 0.486 seconds
[2023-11-22T15:54:00.105+0500] {processor.py:157} INFO - Started process (PID=17357) to work on /usr/local/lib/python3.10/dist-packages/airflow/example_dags/example_complex.py
[2023-11-22T15:54:00.111+0500] {processor.py:829} INFO - Processing file /usr/local/lib/python3.10/dist-packages/airflow/example_dags/example_complex.py for tasks to queue
[2023-11-22T15:54:00.115+0500] {logging_mixin.py:154} INFO - [2023-11-22T15:54:00.113+0500] {dagbag.py:536} INFO - Filling up the DagBag from /usr/local/lib/python3.10/dist-packages/airflow/example_dags/example_complex.py
[2023-11-22T15:54:00.175+0500] {processor.py:839} INFO - DAG(s) dict_keys(['example_complex']) retrieved from /usr/local/lib/python3.10/dist-packages/airflow/example_dags/example_complex.py
[2023-11-22T15:54:00.350+0500] {logging_mixin.py:154} INFO - [2023-11-22T15:54:00.349+0500] {dag.py:2941} INFO - Sync 1 DAGs
[2023-11-22T15:54:00.440+0500] {logging_mixin.py:154} INFO - [2023-11-22T15:54:00.440+0500] {dag.py:3722} INFO - Setting next_dagrun for example_complex to None, run_after=None
[2023-11-22T15:54:00.712+0500] {processor.py:179} INFO - Processing /usr/local/lib/python3.10/dist-packages/airflow/example_dags/example_complex.py took 0.620 seconds
[2023-11-22T15:54:34.170+0500] {processor.py:157} INFO - Started process (PID=17577) to work on /usr/local/lib/python3.10/dist-packages/airflow/example_dags/example_complex.py
[2023-11-22T15:54:34.175+0500] {processor.py:829} INFO - Processing file /usr/local/lib/python3.10/dist-packages/airflow/example_dags/example_complex.py for tasks to queue
[2023-11-22T15:54:34.180+0500] {logging_mixin.py:154} INFO - [2023-11-22T15:54:34.177+0500] {dagbag.py:536} INFO - Filling up the DagBag from /usr/local/lib/python3.10/dist-packages/airflow/example_dags/example_complex.py
[2023-11-22T15:54:34.300+0500] {processor.py:839} INFO - DAG(s) dict_keys(['example_complex']) retrieved from /usr/local/lib/python3.10/dist-packages/airflow/example_dags/example_complex.py
[2023-11-22T15:54:34.606+0500] {logging_mixin.py:154} INFO - [2023-11-22T15:54:34.605+0500] {dag.py:2941} INFO - Sync 1 DAGs
[2023-11-22T15:54:34.697+0500] {logging_mixin.py:154} INFO - [2023-11-22T15:54:34.697+0500] {dag.py:3722} INFO - Setting next_dagrun for example_complex to None, run_after=None
[2023-11-22T15:54:34.808+0500] {processor.py:179} INFO - Processing /usr/local/lib/python3.10/dist-packages/airflow/example_dags/example_complex.py took 0.660 seconds
[2023-11-22T15:55:06.049+0500] {processor.py:157} INFO - Started process (PID=17747) to work on /usr/local/lib/python3.10/dist-packages/airflow/example_dags/example_complex.py
[2023-11-22T15:55:06.053+0500] {processor.py:829} INFO - Processing file /usr/local/lib/python3.10/dist-packages/airflow/example_dags/example_complex.py for tasks to queue
[2023-11-22T15:55:06.058+0500] {logging_mixin.py:154} INFO - [2023-11-22T15:55:06.054+0500] {dagbag.py:536} INFO - Filling up the DagBag from /usr/local/lib/python3.10/dist-packages/airflow/example_dags/example_complex.py
[2023-11-22T15:55:06.123+0500] {processor.py:839} INFO - DAG(s) dict_keys(['example_complex']) retrieved from /usr/local/lib/python3.10/dist-packages/airflow/example_dags/example_complex.py
[2023-11-22T15:55:06.289+0500] {logging_mixin.py:154} INFO - [2023-11-22T15:55:06.289+0500] {dag.py:2941} INFO - Sync 1 DAGs
[2023-11-22T15:55:06.347+0500] {logging_mixin.py:154} INFO - [2023-11-22T15:55:06.346+0500] {dag.py:3722} INFO - Setting next_dagrun for example_complex to None, run_after=None
[2023-11-22T15:55:06.465+0500] {processor.py:179} INFO - Processing /usr/local/lib/python3.10/dist-packages/airflow/example_dags/example_complex.py took 0.435 seconds
[2023-11-22T15:55:37.786+0500] {processor.py:157} INFO - Started process (PID=18175) to work on /usr/local/lib/python3.10/dist-packages/airflow/example_dags/example_complex.py
[2023-11-22T15:55:37.789+0500] {processor.py:829} INFO - Processing file /usr/local/lib/python3.10/dist-packages/airflow/example_dags/example_complex.py for tasks to queue
[2023-11-22T15:55:37.793+0500] {logging_mixin.py:154} INFO - [2023-11-22T15:55:37.791+0500] {dagbag.py:536} INFO - Filling up the DagBag from /usr/local/lib/python3.10/dist-packages/airflow/example_dags/example_complex.py
[2023-11-22T15:55:37.857+0500] {processor.py:839} INFO - DAG(s) dict_keys(['example_complex']) retrieved from /usr/local/lib/python3.10/dist-packages/airflow/example_dags/example_complex.py
[2023-11-22T15:55:38.118+0500] {logging_mixin.py:154} INFO - [2023-11-22T15:55:38.117+0500] {dag.py:2941} INFO - Sync 1 DAGs
[2023-11-22T15:55:38.227+0500] {logging_mixin.py:154} INFO - [2023-11-22T15:55:38.226+0500] {dag.py:3722} INFO - Setting next_dagrun for example_complex to None, run_after=None
[2023-11-22T15:55:38.346+0500] {processor.py:179} INFO - Processing /usr/local/lib/python3.10/dist-packages/airflow/example_dags/example_complex.py took 0.576 seconds
[2023-11-22T15:56:08.831+0500] {processor.py:157} INFO - Started process (PID=18282) to work on /usr/local/lib/python3.10/dist-packages/airflow/example_dags/example_complex.py
[2023-11-22T15:56:08.836+0500] {processor.py:829} INFO - Processing file /usr/local/lib/python3.10/dist-packages/airflow/example_dags/example_complex.py for tasks to queue
[2023-11-22T15:56:08.839+0500] {logging_mixin.py:154} INFO - [2023-11-22T15:56:08.838+0500] {dagbag.py:536} INFO - Filling up the DagBag from /usr/local/lib/python3.10/dist-packages/airflow/example_dags/example_complex.py
[2023-11-22T15:56:08.893+0500] {processor.py:839} INFO - DAG(s) dict_keys(['example_complex']) retrieved from /usr/local/lib/python3.10/dist-packages/airflow/example_dags/example_complex.py
[2023-11-22T15:56:09.046+0500] {logging_mixin.py:154} INFO - [2023-11-22T15:56:09.045+0500] {dag.py:2941} INFO - Sync 1 DAGs
[2023-11-22T15:56:09.100+0500] {logging_mixin.py:154} INFO - [2023-11-22T15:56:09.099+0500] {dag.py:3722} INFO - Setting next_dagrun for example_complex to None, run_after=None
[2023-11-22T15:56:09.171+0500] {processor.py:179} INFO - Processing /usr/local/lib/python3.10/dist-packages/airflow/example_dags/example_complex.py took 0.353 seconds
[2023-11-22T15:56:39.583+0500] {processor.py:157} INFO - Started process (PID=18386) to work on /usr/local/lib/python3.10/dist-packages/airflow/example_dags/example_complex.py
[2023-11-22T15:56:39.585+0500] {processor.py:829} INFO - Processing file /usr/local/lib/python3.10/dist-packages/airflow/example_dags/example_complex.py for tasks to queue
[2023-11-22T15:56:39.588+0500] {logging_mixin.py:154} INFO - [2023-11-22T15:56:39.587+0500] {dagbag.py:536} INFO - Filling up the DagBag from /usr/local/lib/python3.10/dist-packages/airflow/example_dags/example_complex.py
[2023-11-22T15:56:39.639+0500] {processor.py:839} INFO - DAG(s) dict_keys(['example_complex']) retrieved from /usr/local/lib/python3.10/dist-packages/airflow/example_dags/example_complex.py
[2023-11-22T15:56:39.817+0500] {logging_mixin.py:154} INFO - [2023-11-22T15:56:39.817+0500] {dag.py:2941} INFO - Sync 1 DAGs
[2023-11-22T15:56:39.884+0500] {logging_mixin.py:154} INFO - [2023-11-22T15:56:39.884+0500] {dag.py:3722} INFO - Setting next_dagrun for example_complex to None, run_after=None
[2023-11-22T15:56:39.958+0500] {processor.py:179} INFO - Processing /usr/local/lib/python3.10/dist-packages/airflow/example_dags/example_complex.py took 0.388 seconds
[2023-11-22T15:57:11.790+0500] {processor.py:157} INFO - Started process (PID=18507) to work on /usr/local/lib/python3.10/dist-packages/airflow/example_dags/example_complex.py
[2023-11-22T15:57:11.793+0500] {processor.py:829} INFO - Processing file /usr/local/lib/python3.10/dist-packages/airflow/example_dags/example_complex.py for tasks to queue
[2023-11-22T15:57:11.796+0500] {logging_mixin.py:154} INFO - [2023-11-22T15:57:11.795+0500] {dagbag.py:536} INFO - Filling up the DagBag from /usr/local/lib/python3.10/dist-packages/airflow/example_dags/example_complex.py
[2023-11-22T15:57:11.849+0500] {processor.py:839} INFO - DAG(s) dict_keys(['example_complex']) retrieved from /usr/local/lib/python3.10/dist-packages/airflow/example_dags/example_complex.py
[2023-11-22T15:57:12.017+0500] {logging_mixin.py:154} INFO - [2023-11-22T15:57:12.016+0500] {dag.py:2941} INFO - Sync 1 DAGs
[2023-11-22T15:57:12.070+0500] {logging_mixin.py:154} INFO - [2023-11-22T15:57:12.069+0500] {dag.py:3722} INFO - Setting next_dagrun for example_complex to None, run_after=None
[2023-11-22T15:57:12.144+0500] {processor.py:179} INFO - Processing /usr/local/lib/python3.10/dist-packages/airflow/example_dags/example_complex.py took 0.365 seconds
[2023-11-22T15:57:43.760+0500] {processor.py:157} INFO - Started process (PID=18611) to work on /usr/local/lib/python3.10/dist-packages/airflow/example_dags/example_complex.py
[2023-11-22T15:57:43.764+0500] {processor.py:829} INFO - Processing file /usr/local/lib/python3.10/dist-packages/airflow/example_dags/example_complex.py for tasks to queue
[2023-11-22T15:57:43.767+0500] {logging_mixin.py:154} INFO - [2023-11-22T15:57:43.765+0500] {dagbag.py:536} INFO - Filling up the DagBag from /usr/local/lib/python3.10/dist-packages/airflow/example_dags/example_complex.py
[2023-11-22T15:57:43.828+0500] {processor.py:839} INFO - DAG(s) dict_keys(['example_complex']) retrieved from /usr/local/lib/python3.10/dist-packages/airflow/example_dags/example_complex.py
[2023-11-22T15:57:43.986+0500] {logging_mixin.py:154} INFO - [2023-11-22T15:57:43.985+0500] {dag.py:2941} INFO - Sync 1 DAGs
[2023-11-22T15:57:44.042+0500] {logging_mixin.py:154} INFO - [2023-11-22T15:57:44.041+0500] {dag.py:3722} INFO - Setting next_dagrun for example_complex to None, run_after=None
[2023-11-22T15:57:44.137+0500] {processor.py:179} INFO - Processing /usr/local/lib/python3.10/dist-packages/airflow/example_dags/example_complex.py took 0.391 seconds
[2023-11-22T15:58:15.608+0500] {processor.py:157} INFO - Started process (PID=18715) to work on /usr/local/lib/python3.10/dist-packages/airflow/example_dags/example_complex.py
[2023-11-22T15:58:15.611+0500] {processor.py:829} INFO - Processing file /usr/local/lib/python3.10/dist-packages/airflow/example_dags/example_complex.py for tasks to queue
[2023-11-22T15:58:15.614+0500] {logging_mixin.py:154} INFO - [2023-11-22T15:58:15.613+0500] {dagbag.py:536} INFO - Filling up the DagBag from /usr/local/lib/python3.10/dist-packages/airflow/example_dags/example_complex.py
[2023-11-22T15:58:15.674+0500] {processor.py:839} INFO - DAG(s) dict_keys(['example_complex']) retrieved from /usr/local/lib/python3.10/dist-packages/airflow/example_dags/example_complex.py
[2023-11-22T15:58:15.837+0500] {logging_mixin.py:154} INFO - [2023-11-22T15:58:15.836+0500] {dag.py:2941} INFO - Sync 1 DAGs
[2023-11-22T15:58:15.894+0500] {logging_mixin.py:154} INFO - [2023-11-22T15:58:15.894+0500] {dag.py:3722} INFO - Setting next_dagrun for example_complex to None, run_after=None
[2023-11-22T15:58:15.969+0500] {processor.py:179} INFO - Processing /usr/local/lib/python3.10/dist-packages/airflow/example_dags/example_complex.py took 0.377 seconds
[2023-11-22T15:58:46.655+0500] {processor.py:157} INFO - Started process (PID=18814) to work on /usr/local/lib/python3.10/dist-packages/airflow/example_dags/example_complex.py
[2023-11-22T15:58:46.658+0500] {processor.py:829} INFO - Processing file /usr/local/lib/python3.10/dist-packages/airflow/example_dags/example_complex.py for tasks to queue
[2023-11-22T15:58:46.661+0500] {logging_mixin.py:154} INFO - [2023-11-22T15:58:46.660+0500] {dagbag.py:536} INFO - Filling up the DagBag from /usr/local/lib/python3.10/dist-packages/airflow/example_dags/example_complex.py
[2023-11-22T15:58:46.715+0500] {processor.py:839} INFO - DAG(s) dict_keys(['example_complex']) retrieved from /usr/local/lib/python3.10/dist-packages/airflow/example_dags/example_complex.py
[2023-11-22T15:58:46.885+0500] {logging_mixin.py:154} INFO - [2023-11-22T15:58:46.884+0500] {dag.py:2941} INFO - Sync 1 DAGs
[2023-11-22T15:58:46.950+0500] {logging_mixin.py:154} INFO - [2023-11-22T15:58:46.949+0500] {dag.py:3722} INFO - Setting next_dagrun for example_complex to None, run_after=None
[2023-11-22T15:58:47.049+0500] {processor.py:179} INFO - Processing /usr/local/lib/python3.10/dist-packages/airflow/example_dags/example_complex.py took 0.407 seconds
[2023-11-22T15:59:17.172+0500] {processor.py:157} INFO - Started process (PID=18909) to work on /usr/local/lib/python3.10/dist-packages/airflow/example_dags/example_complex.py
[2023-11-22T15:59:17.175+0500] {processor.py:829} INFO - Processing file /usr/local/lib/python3.10/dist-packages/airflow/example_dags/example_complex.py for tasks to queue
[2023-11-22T15:59:17.178+0500] {logging_mixin.py:154} INFO - [2023-11-22T15:59:17.177+0500] {dagbag.py:536} INFO - Filling up the DagBag from /usr/local/lib/python3.10/dist-packages/airflow/example_dags/example_complex.py
[2023-11-22T15:59:17.231+0500] {processor.py:839} INFO - DAG(s) dict_keys(['example_complex']) retrieved from /usr/local/lib/python3.10/dist-packages/airflow/example_dags/example_complex.py
[2023-11-22T15:59:17.395+0500] {logging_mixin.py:154} INFO - [2023-11-22T15:59:17.394+0500] {dag.py:2941} INFO - Sync 1 DAGs
[2023-11-22T15:59:17.449+0500] {logging_mixin.py:154} INFO - [2023-11-22T15:59:17.449+0500] {dag.py:3722} INFO - Setting next_dagrun for example_complex to None, run_after=None
[2023-11-22T15:59:17.539+0500] {processor.py:179} INFO - Processing /usr/local/lib/python3.10/dist-packages/airflow/example_dags/example_complex.py took 0.381 seconds
[2023-11-22T15:59:48.045+0500] {processor.py:157} INFO - Started process (PID=19009) to work on /usr/local/lib/python3.10/dist-packages/airflow/example_dags/example_complex.py
[2023-11-22T15:59:48.048+0500] {processor.py:829} INFO - Processing file /usr/local/lib/python3.10/dist-packages/airflow/example_dags/example_complex.py for tasks to queue
[2023-11-22T15:59:48.051+0500] {logging_mixin.py:154} INFO - [2023-11-22T15:59:48.050+0500] {dagbag.py:536} INFO - Filling up the DagBag from /usr/local/lib/python3.10/dist-packages/airflow/example_dags/example_complex.py
[2023-11-22T15:59:48.099+0500] {processor.py:839} INFO - DAG(s) dict_keys(['example_complex']) retrieved from /usr/local/lib/python3.10/dist-packages/airflow/example_dags/example_complex.py
[2023-11-22T15:59:48.247+0500] {logging_mixin.py:154} INFO - [2023-11-22T15:59:48.247+0500] {dag.py:2941} INFO - Sync 1 DAGs
[2023-11-22T15:59:48.299+0500] {logging_mixin.py:154} INFO - [2023-11-22T15:59:48.298+0500] {dag.py:3722} INFO - Setting next_dagrun for example_complex to None, run_after=None
[2023-11-22T15:59:48.370+0500] {processor.py:179} INFO - Processing /usr/local/lib/python3.10/dist-packages/airflow/example_dags/example_complex.py took 0.336 seconds
[2023-11-22T16:00:19.063+0500] {processor.py:157} INFO - Started process (PID=19115) to work on /usr/local/lib/python3.10/dist-packages/airflow/example_dags/example_complex.py
[2023-11-22T16:00:19.066+0500] {processor.py:829} INFO - Processing file /usr/local/lib/python3.10/dist-packages/airflow/example_dags/example_complex.py for tasks to queue
[2023-11-22T16:00:19.070+0500] {logging_mixin.py:154} INFO - [2023-11-22T16:00:19.069+0500] {dagbag.py:536} INFO - Filling up the DagBag from /usr/local/lib/python3.10/dist-packages/airflow/example_dags/example_complex.py
[2023-11-22T16:00:19.129+0500] {processor.py:839} INFO - DAG(s) dict_keys(['example_complex']) retrieved from /usr/local/lib/python3.10/dist-packages/airflow/example_dags/example_complex.py
[2023-11-22T16:00:19.300+0500] {logging_mixin.py:154} INFO - [2023-11-22T16:00:19.299+0500] {dag.py:2941} INFO - Sync 1 DAGs
[2023-11-22T16:00:19.362+0500] {logging_mixin.py:154} INFO - [2023-11-22T16:00:19.362+0500] {dag.py:3722} INFO - Setting next_dagrun for example_complex to None, run_after=None
[2023-11-22T16:00:19.444+0500] {processor.py:179} INFO - Processing /usr/local/lib/python3.10/dist-packages/airflow/example_dags/example_complex.py took 0.395 seconds
[2023-11-22T16:00:50.603+0500] {processor.py:157} INFO - Started process (PID=19219) to work on /usr/local/lib/python3.10/dist-packages/airflow/example_dags/example_complex.py
[2023-11-22T16:00:50.605+0500] {processor.py:829} INFO - Processing file /usr/local/lib/python3.10/dist-packages/airflow/example_dags/example_complex.py for tasks to queue
[2023-11-22T16:00:50.609+0500] {logging_mixin.py:154} INFO - [2023-11-22T16:00:50.608+0500] {dagbag.py:536} INFO - Filling up the DagBag from /usr/local/lib/python3.10/dist-packages/airflow/example_dags/example_complex.py
[2023-11-22T16:00:50.661+0500] {processor.py:839} INFO - DAG(s) dict_keys(['example_complex']) retrieved from /usr/local/lib/python3.10/dist-packages/airflow/example_dags/example_complex.py
[2023-11-22T16:00:50.809+0500] {logging_mixin.py:154} INFO - [2023-11-22T16:00:50.809+0500] {dag.py:2941} INFO - Sync 1 DAGs
[2023-11-22T16:00:50.861+0500] {logging_mixin.py:154} INFO - [2023-11-22T16:00:50.861+0500] {dag.py:3722} INFO - Setting next_dagrun for example_complex to None, run_after=None
[2023-11-22T16:00:50.932+0500] {processor.py:179} INFO - Processing /usr/local/lib/python3.10/dist-packages/airflow/example_dags/example_complex.py took 0.343 seconds
[2023-11-22T16:01:22.272+0500] {processor.py:157} INFO - Started process (PID=19321) to work on /usr/local/lib/python3.10/dist-packages/airflow/example_dags/example_complex.py
[2023-11-22T16:01:22.274+0500] {processor.py:829} INFO - Processing file /usr/local/lib/python3.10/dist-packages/airflow/example_dags/example_complex.py for tasks to queue
[2023-11-22T16:01:22.277+0500] {logging_mixin.py:154} INFO - [2023-11-22T16:01:22.276+0500] {dagbag.py:536} INFO - Filling up the DagBag from /usr/local/lib/python3.10/dist-packages/airflow/example_dags/example_complex.py
[2023-11-22T16:01:22.330+0500] {processor.py:839} INFO - DAG(s) dict_keys(['example_complex']) retrieved from /usr/local/lib/python3.10/dist-packages/airflow/example_dags/example_complex.py
[2023-11-22T16:01:22.490+0500] {logging_mixin.py:154} INFO - [2023-11-22T16:01:22.489+0500] {dag.py:2941} INFO - Sync 1 DAGs
[2023-11-22T16:01:22.545+0500] {logging_mixin.py:154} INFO - [2023-11-22T16:01:22.545+0500] {dag.py:3722} INFO - Setting next_dagrun for example_complex to None, run_after=None
[2023-11-22T16:01:22.617+0500] {processor.py:179} INFO - Processing /usr/local/lib/python3.10/dist-packages/airflow/example_dags/example_complex.py took 0.357 seconds
[2023-11-22T16:01:52.815+0500] {processor.py:157} INFO - Started process (PID=19420) to work on /usr/local/lib/python3.10/dist-packages/airflow/example_dags/example_complex.py
[2023-11-22T16:01:52.817+0500] {processor.py:829} INFO - Processing file /usr/local/lib/python3.10/dist-packages/airflow/example_dags/example_complex.py for tasks to queue
[2023-11-22T16:01:52.820+0500] {logging_mixin.py:154} INFO - [2023-11-22T16:01:52.819+0500] {dagbag.py:536} INFO - Filling up the DagBag from /usr/local/lib/python3.10/dist-packages/airflow/example_dags/example_complex.py
[2023-11-22T16:01:52.868+0500] {processor.py:839} INFO - DAG(s) dict_keys(['example_complex']) retrieved from /usr/local/lib/python3.10/dist-packages/airflow/example_dags/example_complex.py
[2023-11-22T16:01:53.013+0500] {logging_mixin.py:154} INFO - [2023-11-22T16:01:53.012+0500] {dag.py:2941} INFO - Sync 1 DAGs
[2023-11-22T16:01:53.067+0500] {logging_mixin.py:154} INFO - [2023-11-22T16:01:53.067+0500] {dag.py:3722} INFO - Setting next_dagrun for example_complex to None, run_after=None
[2023-11-22T16:01:53.150+0500] {processor.py:179} INFO - Processing /usr/local/lib/python3.10/dist-packages/airflow/example_dags/example_complex.py took 0.347 seconds
[2023-11-22T16:02:23.454+0500] {processor.py:157} INFO - Started process (PID=19541) to work on /usr/local/lib/python3.10/dist-packages/airflow/example_dags/example_complex.py
[2023-11-22T16:02:23.457+0500] {processor.py:829} INFO - Processing file /usr/local/lib/python3.10/dist-packages/airflow/example_dags/example_complex.py for tasks to queue
[2023-11-22T16:02:23.460+0500] {logging_mixin.py:154} INFO - [2023-11-22T16:02:23.459+0500] {dagbag.py:536} INFO - Filling up the DagBag from /usr/local/lib/python3.10/dist-packages/airflow/example_dags/example_complex.py
[2023-11-22T16:02:23.514+0500] {processor.py:839} INFO - DAG(s) dict_keys(['example_complex']) retrieved from /usr/local/lib/python3.10/dist-packages/airflow/example_dags/example_complex.py
[2023-11-22T16:02:23.669+0500] {logging_mixin.py:154} INFO - [2023-11-22T16:02:23.668+0500] {dag.py:2941} INFO - Sync 1 DAGs
[2023-11-22T16:02:23.723+0500] {logging_mixin.py:154} INFO - [2023-11-22T16:02:23.722+0500] {dag.py:3722} INFO - Setting next_dagrun for example_complex to None, run_after=None
[2023-11-22T16:02:23.804+0500] {processor.py:179} INFO - Processing /usr/local/lib/python3.10/dist-packages/airflow/example_dags/example_complex.py took 0.363 seconds
[2023-11-22T16:02:54.333+0500] {processor.py:157} INFO - Started process (PID=19643) to work on /usr/local/lib/python3.10/dist-packages/airflow/example_dags/example_complex.py
[2023-11-22T16:02:54.335+0500] {processor.py:829} INFO - Processing file /usr/local/lib/python3.10/dist-packages/airflow/example_dags/example_complex.py for tasks to queue
[2023-11-22T16:02:54.338+0500] {logging_mixin.py:154} INFO - [2023-11-22T16:02:54.337+0500] {dagbag.py:536} INFO - Filling up the DagBag from /usr/local/lib/python3.10/dist-packages/airflow/example_dags/example_complex.py
[2023-11-22T16:02:54.385+0500] {processor.py:839} INFO - DAG(s) dict_keys(['example_complex']) retrieved from /usr/local/lib/python3.10/dist-packages/airflow/example_dags/example_complex.py
[2023-11-22T16:02:54.532+0500] {logging_mixin.py:154} INFO - [2023-11-22T16:02:54.531+0500] {dag.py:2941} INFO - Sync 1 DAGs
[2023-11-22T16:02:54.587+0500] {logging_mixin.py:154} INFO - [2023-11-22T16:02:54.587+0500] {dag.py:3722} INFO - Setting next_dagrun for example_complex to None, run_after=None
[2023-11-22T16:02:54.663+0500] {processor.py:179} INFO - Processing /usr/local/lib/python3.10/dist-packages/airflow/example_dags/example_complex.py took 0.342 seconds
[2023-11-22T16:03:24.997+0500] {processor.py:157} INFO - Started process (PID=19743) to work on /usr/local/lib/python3.10/dist-packages/airflow/example_dags/example_complex.py
[2023-11-22T16:03:24.999+0500] {processor.py:829} INFO - Processing file /usr/local/lib/python3.10/dist-packages/airflow/example_dags/example_complex.py for tasks to queue
[2023-11-22T16:03:25.002+0500] {logging_mixin.py:154} INFO - [2023-11-22T16:03:25.001+0500] {dagbag.py:536} INFO - Filling up the DagBag from /usr/local/lib/python3.10/dist-packages/airflow/example_dags/example_complex.py
[2023-11-22T16:03:25.049+0500] {processor.py:839} INFO - DAG(s) dict_keys(['example_complex']) retrieved from /usr/local/lib/python3.10/dist-packages/airflow/example_dags/example_complex.py
[2023-11-22T16:03:25.201+0500] {logging_mixin.py:154} INFO - [2023-11-22T16:03:25.201+0500] {dag.py:2941} INFO - Sync 1 DAGs
[2023-11-22T16:03:25.285+0500] {logging_mixin.py:154} INFO - [2023-11-22T16:03:25.285+0500] {dag.py:3722} INFO - Setting next_dagrun for example_complex to None, run_after=None
[2023-11-22T16:03:25.361+0500] {processor.py:179} INFO - Processing /usr/local/lib/python3.10/dist-packages/airflow/example_dags/example_complex.py took 0.376 seconds
[2023-11-22T16:03:55.534+0500] {processor.py:157} INFO - Started process (PID=19842) to work on /usr/local/lib/python3.10/dist-packages/airflow/example_dags/example_complex.py
[2023-11-22T16:03:55.536+0500] {processor.py:829} INFO - Processing file /usr/local/lib/python3.10/dist-packages/airflow/example_dags/example_complex.py for tasks to queue
[2023-11-22T16:03:55.540+0500] {logging_mixin.py:154} INFO - [2023-11-22T16:03:55.538+0500] {dagbag.py:536} INFO - Filling up the DagBag from /usr/local/lib/python3.10/dist-packages/airflow/example_dags/example_complex.py
[2023-11-22T16:03:55.592+0500] {processor.py:839} INFO - DAG(s) dict_keys(['example_complex']) retrieved from /usr/local/lib/python3.10/dist-packages/airflow/example_dags/example_complex.py
[2023-11-22T16:03:55.740+0500] {logging_mixin.py:154} INFO - [2023-11-22T16:03:55.739+0500] {dag.py:2941} INFO - Sync 1 DAGs
[2023-11-22T16:03:55.792+0500] {logging_mixin.py:154} INFO - [2023-11-22T16:03:55.791+0500] {dag.py:3722} INFO - Setting next_dagrun for example_complex to None, run_after=None
[2023-11-22T16:03:55.868+0500] {processor.py:179} INFO - Processing /usr/local/lib/python3.10/dist-packages/airflow/example_dags/example_complex.py took 0.347 seconds
[2023-11-22T16:04:25.950+0500] {processor.py:157} INFO - Started process (PID=19993) to work on /usr/local/lib/python3.10/dist-packages/airflow/example_dags/example_complex.py
[2023-11-22T16:04:25.953+0500] {processor.py:829} INFO - Processing file /usr/local/lib/python3.10/dist-packages/airflow/example_dags/example_complex.py for tasks to queue
[2023-11-22T16:04:25.955+0500] {logging_mixin.py:154} INFO - [2023-11-22T16:04:25.954+0500] {dagbag.py:536} INFO - Filling up the DagBag from /usr/local/lib/python3.10/dist-packages/airflow/example_dags/example_complex.py
[2023-11-22T16:04:26.003+0500] {processor.py:839} INFO - DAG(s) dict_keys(['example_complex']) retrieved from /usr/local/lib/python3.10/dist-packages/airflow/example_dags/example_complex.py
[2023-11-22T16:04:26.160+0500] {logging_mixin.py:154} INFO - [2023-11-22T16:04:26.159+0500] {dag.py:2941} INFO - Sync 1 DAGs
[2023-11-22T16:04:26.212+0500] {logging_mixin.py:154} INFO - [2023-11-22T16:04:26.211+0500] {dag.py:3722} INFO - Setting next_dagrun for example_complex to None, run_after=None
[2023-11-22T16:04:26.289+0500] {processor.py:179} INFO - Processing /usr/local/lib/python3.10/dist-packages/airflow/example_dags/example_complex.py took 0.351 seconds
[2023-11-22T16:04:56.657+0500] {processor.py:157} INFO - Started process (PID=20101) to work on /usr/local/lib/python3.10/dist-packages/airflow/example_dags/example_complex.py
[2023-11-22T16:04:56.660+0500] {processor.py:829} INFO - Processing file /usr/local/lib/python3.10/dist-packages/airflow/example_dags/example_complex.py for tasks to queue
[2023-11-22T16:04:56.663+0500] {logging_mixin.py:154} INFO - [2023-11-22T16:04:56.662+0500] {dagbag.py:536} INFO - Filling up the DagBag from /usr/local/lib/python3.10/dist-packages/airflow/example_dags/example_complex.py
[2023-11-22T16:04:56.716+0500] {processor.py:839} INFO - DAG(s) dict_keys(['example_complex']) retrieved from /usr/local/lib/python3.10/dist-packages/airflow/example_dags/example_complex.py
[2023-11-22T16:04:56.869+0500] {logging_mixin.py:154} INFO - [2023-11-22T16:04:56.868+0500] {dag.py:2941} INFO - Sync 1 DAGs
[2023-11-22T16:04:56.923+0500] {logging_mixin.py:154} INFO - [2023-11-22T16:04:56.922+0500] {dag.py:3722} INFO - Setting next_dagrun for example_complex to None, run_after=None
[2023-11-22T16:04:56.992+0500] {processor.py:179} INFO - Processing /usr/local/lib/python3.10/dist-packages/airflow/example_dags/example_complex.py took 0.348 seconds
[2023-11-22T16:05:27.588+0500] {processor.py:157} INFO - Started process (PID=20212) to work on /usr/local/lib/python3.10/dist-packages/airflow/example_dags/example_complex.py
[2023-11-22T16:05:27.591+0500] {processor.py:829} INFO - Processing file /usr/local/lib/python3.10/dist-packages/airflow/example_dags/example_complex.py for tasks to queue
[2023-11-22T16:05:27.593+0500] {logging_mixin.py:154} INFO - [2023-11-22T16:05:27.592+0500] {dagbag.py:536} INFO - Filling up the DagBag from /usr/local/lib/python3.10/dist-packages/airflow/example_dags/example_complex.py
[2023-11-22T16:05:27.642+0500] {processor.py:839} INFO - DAG(s) dict_keys(['example_complex']) retrieved from /usr/local/lib/python3.10/dist-packages/airflow/example_dags/example_complex.py
[2023-11-22T16:05:27.801+0500] {logging_mixin.py:154} INFO - [2023-11-22T16:05:27.800+0500] {dag.py:2941} INFO - Sync 1 DAGs
[2023-11-22T16:05:27.856+0500] {logging_mixin.py:154} INFO - [2023-11-22T16:05:27.855+0500] {dag.py:3722} INFO - Setting next_dagrun for example_complex to None, run_after=None
[2023-11-22T16:05:27.927+0500] {processor.py:179} INFO - Processing /usr/local/lib/python3.10/dist-packages/airflow/example_dags/example_complex.py took 0.350 seconds
[2023-11-22T16:05:59.099+0500] {processor.py:157} INFO - Started process (PID=20317) to work on /usr/local/lib/python3.10/dist-packages/airflow/example_dags/example_complex.py
[2023-11-22T16:05:59.101+0500] {processor.py:829} INFO - Processing file /usr/local/lib/python3.10/dist-packages/airflow/example_dags/example_complex.py for tasks to queue
[2023-11-22T16:05:59.104+0500] {logging_mixin.py:154} INFO - [2023-11-22T16:05:59.103+0500] {dagbag.py:536} INFO - Filling up the DagBag from /usr/local/lib/python3.10/dist-packages/airflow/example_dags/example_complex.py
[2023-11-22T16:05:59.154+0500] {processor.py:839} INFO - DAG(s) dict_keys(['example_complex']) retrieved from /usr/local/lib/python3.10/dist-packages/airflow/example_dags/example_complex.py
[2023-11-22T16:05:59.299+0500] {logging_mixin.py:154} INFO - [2023-11-22T16:05:59.298+0500] {dag.py:2941} INFO - Sync 1 DAGs
[2023-11-22T16:05:59.351+0500] {logging_mixin.py:154} INFO - [2023-11-22T16:05:59.350+0500] {dag.py:3722} INFO - Setting next_dagrun for example_complex to None, run_after=None
[2023-11-22T16:05:59.425+0500] {processor.py:179} INFO - Processing /usr/local/lib/python3.10/dist-packages/airflow/example_dags/example_complex.py took 0.337 seconds
