[2023-11-22T15:27:18.072+0500] {processor.py:157} INFO - Started process (PID=9983) to work on /usr/local/lib/python3.10/dist-packages/airflow/example_dags/example_branch_labels.py
[2023-11-22T15:27:18.075+0500] {processor.py:829} INFO - Processing file /usr/local/lib/python3.10/dist-packages/airflow/example_dags/example_branch_labels.py for tasks to queue
[2023-11-22T15:27:18.077+0500] {logging_mixin.py:154} INFO - [2023-11-22T15:27:18.077+0500] {dagbag.py:536} INFO - Filling up the DagBag from /usr/local/lib/python3.10/dist-packages/airflow/example_dags/example_branch_labels.py
[2023-11-22T15:27:18.111+0500] {processor.py:839} INFO - DAG(s) dict_keys(['example_branch_labels']) retrieved from /usr/local/lib/python3.10/dist-packages/airflow/example_dags/example_branch_labels.py
[2023-11-22T15:27:18.214+0500] {logging_mixin.py:154} INFO - [2023-11-22T15:27:18.213+0500] {dag.py:2941} INFO - Sync 1 DAGs
[2023-11-22T15:27:18.322+0500] {logging_mixin.py:154} INFO - [2023-11-22T15:27:18.321+0500] {dag.py:3722} INFO - Setting next_dagrun for example_branch_labels to 2023-11-21T00:00:00+00:00, run_after=2023-11-22T00:00:00+00:00
[2023-11-22T15:27:18.406+0500] {processor.py:179} INFO - Processing /usr/local/lib/python3.10/dist-packages/airflow/example_dags/example_branch_labels.py took 0.345 seconds
[2023-11-22T15:27:50.905+0500] {processor.py:157} INFO - Started process (PID=10116) to work on /usr/local/lib/python3.10/dist-packages/airflow/example_dags/example_branch_labels.py
[2023-11-22T15:27:50.925+0500] {processor.py:829} INFO - Processing file /usr/local/lib/python3.10/dist-packages/airflow/example_dags/example_branch_labels.py for tasks to queue
[2023-11-22T15:27:50.927+0500] {logging_mixin.py:154} INFO - [2023-11-22T15:27:50.926+0500] {dagbag.py:536} INFO - Filling up the DagBag from /usr/local/lib/python3.10/dist-packages/airflow/example_dags/example_branch_labels.py
[2023-11-22T15:27:50.957+0500] {processor.py:839} INFO - DAG(s) dict_keys(['example_branch_labels']) retrieved from /usr/local/lib/python3.10/dist-packages/airflow/example_dags/example_branch_labels.py
[2023-11-22T15:27:51.067+0500] {logging_mixin.py:154} INFO - [2023-11-22T15:27:51.066+0500] {dag.py:2941} INFO - Sync 1 DAGs
[2023-11-22T15:27:51.180+0500] {logging_mixin.py:154} INFO - [2023-11-22T15:27:51.179+0500] {dag.py:3722} INFO - Setting next_dagrun for example_branch_labels to 2023-11-21T00:00:00+00:00, run_after=2023-11-22T00:00:00+00:00
[2023-11-22T15:27:51.258+0500] {processor.py:179} INFO - Processing /usr/local/lib/python3.10/dist-packages/airflow/example_dags/example_branch_labels.py took 0.365 seconds
[2023-11-22T15:28:22.295+0500] {processor.py:157} INFO - Started process (PID=10228) to work on /usr/local/lib/python3.10/dist-packages/airflow/example_dags/example_branch_labels.py
[2023-11-22T15:28:22.300+0500] {processor.py:829} INFO - Processing file /usr/local/lib/python3.10/dist-packages/airflow/example_dags/example_branch_labels.py for tasks to queue
[2023-11-22T15:28:22.303+0500] {logging_mixin.py:154} INFO - [2023-11-22T15:28:22.302+0500] {dagbag.py:536} INFO - Filling up the DagBag from /usr/local/lib/python3.10/dist-packages/airflow/example_dags/example_branch_labels.py
[2023-11-22T15:28:22.337+0500] {processor.py:839} INFO - DAG(s) dict_keys(['example_branch_labels']) retrieved from /usr/local/lib/python3.10/dist-packages/airflow/example_dags/example_branch_labels.py
[2023-11-22T15:28:22.446+0500] {logging_mixin.py:154} INFO - [2023-11-22T15:28:22.445+0500] {dag.py:2941} INFO - Sync 1 DAGs
[2023-11-22T15:28:22.558+0500] {logging_mixin.py:154} INFO - [2023-11-22T15:28:22.557+0500] {dag.py:3722} INFO - Setting next_dagrun for example_branch_labels to 2023-11-21T00:00:00+00:00, run_after=2023-11-22T00:00:00+00:00
[2023-11-22T15:28:22.632+0500] {processor.py:179} INFO - Processing /usr/local/lib/python3.10/dist-packages/airflow/example_dags/example_branch_labels.py took 0.347 seconds
[2023-11-22T15:28:54.643+0500] {processor.py:157} INFO - Started process (PID=10369) to work on /usr/local/lib/python3.10/dist-packages/airflow/example_dags/example_branch_labels.py
[2023-11-22T15:28:54.645+0500] {processor.py:829} INFO - Processing file /usr/local/lib/python3.10/dist-packages/airflow/example_dags/example_branch_labels.py for tasks to queue
[2023-11-22T15:28:54.648+0500] {logging_mixin.py:154} INFO - [2023-11-22T15:28:54.647+0500] {dagbag.py:536} INFO - Filling up the DagBag from /usr/local/lib/python3.10/dist-packages/airflow/example_dags/example_branch_labels.py
[2023-11-22T15:28:54.677+0500] {processor.py:839} INFO - DAG(s) dict_keys(['example_branch_labels']) retrieved from /usr/local/lib/python3.10/dist-packages/airflow/example_dags/example_branch_labels.py
[2023-11-22T15:28:54.785+0500] {logging_mixin.py:154} INFO - [2023-11-22T15:28:54.784+0500] {dag.py:2941} INFO - Sync 1 DAGs
[2023-11-22T15:28:54.897+0500] {logging_mixin.py:154} INFO - [2023-11-22T15:28:54.896+0500] {dag.py:3722} INFO - Setting next_dagrun for example_branch_labels to 2023-11-21T00:00:00+00:00, run_after=2023-11-22T00:00:00+00:00
[2023-11-22T15:28:54.975+0500] {processor.py:179} INFO - Processing /usr/local/lib/python3.10/dist-packages/airflow/example_dags/example_branch_labels.py took 0.344 seconds
[2023-11-22T15:29:26.792+0500] {processor.py:157} INFO - Started process (PID=10481) to work on /usr/local/lib/python3.10/dist-packages/airflow/example_dags/example_branch_labels.py
[2023-11-22T15:29:26.795+0500] {processor.py:829} INFO - Processing file /usr/local/lib/python3.10/dist-packages/airflow/example_dags/example_branch_labels.py for tasks to queue
[2023-11-22T15:29:26.799+0500] {logging_mixin.py:154} INFO - [2023-11-22T15:29:26.797+0500] {dagbag.py:536} INFO - Filling up the DagBag from /usr/local/lib/python3.10/dist-packages/airflow/example_dags/example_branch_labels.py
[2023-11-22T15:29:26.835+0500] {processor.py:839} INFO - DAG(s) dict_keys(['example_branch_labels']) retrieved from /usr/local/lib/python3.10/dist-packages/airflow/example_dags/example_branch_labels.py
[2023-11-22T15:29:26.947+0500] {logging_mixin.py:154} INFO - [2023-11-22T15:29:26.946+0500] {dag.py:2941} INFO - Sync 1 DAGs
[2023-11-22T15:29:27.057+0500] {logging_mixin.py:154} INFO - [2023-11-22T15:29:27.056+0500] {dag.py:3722} INFO - Setting next_dagrun for example_branch_labels to 2023-11-21T00:00:00+00:00, run_after=2023-11-22T00:00:00+00:00
[2023-11-22T15:29:27.142+0500] {processor.py:179} INFO - Processing /usr/local/lib/python3.10/dist-packages/airflow/example_dags/example_branch_labels.py took 0.362 seconds
[2023-11-22T15:29:57.396+0500] {processor.py:157} INFO - Started process (PID=10879) to work on /usr/local/lib/python3.10/dist-packages/airflow/example_dags/example_branch_labels.py
[2023-11-22T15:29:57.399+0500] {processor.py:829} INFO - Processing file /usr/local/lib/python3.10/dist-packages/airflow/example_dags/example_branch_labels.py for tasks to queue
[2023-11-22T15:29:57.402+0500] {logging_mixin.py:154} INFO - [2023-11-22T15:29:57.401+0500] {dagbag.py:536} INFO - Filling up the DagBag from /usr/local/lib/python3.10/dist-packages/airflow/example_dags/example_branch_labels.py
[2023-11-22T15:29:57.437+0500] {processor.py:839} INFO - DAG(s) dict_keys(['example_branch_labels']) retrieved from /usr/local/lib/python3.10/dist-packages/airflow/example_dags/example_branch_labels.py
[2023-11-22T15:29:57.567+0500] {logging_mixin.py:154} INFO - [2023-11-22T15:29:57.567+0500] {dag.py:2941} INFO - Sync 1 DAGs
[2023-11-22T15:29:57.703+0500] {logging_mixin.py:154} INFO - [2023-11-22T15:29:57.702+0500] {dag.py:3722} INFO - Setting next_dagrun for example_branch_labels to 2023-11-21T00:00:00+00:00, run_after=2023-11-22T00:00:00+00:00
[2023-11-22T15:29:57.804+0500] {processor.py:179} INFO - Processing /usr/local/lib/python3.10/dist-packages/airflow/example_dags/example_branch_labels.py took 0.420 seconds
[2023-11-22T15:30:32.339+0500] {processor.py:157} INFO - Started process (PID=11035) to work on /usr/local/lib/python3.10/dist-packages/airflow/example_dags/example_branch_labels.py
[2023-11-22T15:30:32.347+0500] {processor.py:829} INFO - Processing file /usr/local/lib/python3.10/dist-packages/airflow/example_dags/example_branch_labels.py for tasks to queue
[2023-11-22T15:30:32.350+0500] {logging_mixin.py:154} INFO - [2023-11-22T15:30:32.349+0500] {dagbag.py:536} INFO - Filling up the DagBag from /usr/local/lib/python3.10/dist-packages/airflow/example_dags/example_branch_labels.py
[2023-11-22T15:30:32.422+0500] {processor.py:839} INFO - DAG(s) dict_keys(['example_branch_labels']) retrieved from /usr/local/lib/python3.10/dist-packages/airflow/example_dags/example_branch_labels.py
[2023-11-22T15:30:32.548+0500] {logging_mixin.py:154} INFO - [2023-11-22T15:30:32.547+0500] {dag.py:2941} INFO - Sync 1 DAGs
[2023-11-22T15:30:32.663+0500] {logging_mixin.py:154} INFO - [2023-11-22T15:30:32.663+0500] {dag.py:3722} INFO - Setting next_dagrun for example_branch_labels to 2023-11-21T00:00:00+00:00, run_after=2023-11-22T00:00:00+00:00
[2023-11-22T15:30:32.767+0500] {processor.py:179} INFO - Processing /usr/local/lib/python3.10/dist-packages/airflow/example_dags/example_branch_labels.py took 0.463 seconds
[2023-11-22T15:31:03.993+0500] {processor.py:157} INFO - Started process (PID=11242) to work on /usr/local/lib/python3.10/dist-packages/airflow/example_dags/example_branch_labels.py
[2023-11-22T15:31:03.998+0500] {processor.py:829} INFO - Processing file /usr/local/lib/python3.10/dist-packages/airflow/example_dags/example_branch_labels.py for tasks to queue
[2023-11-22T15:31:04.004+0500] {logging_mixin.py:154} INFO - [2023-11-22T15:31:04.000+0500] {dagbag.py:536} INFO - Filling up the DagBag from /usr/local/lib/python3.10/dist-packages/airflow/example_dags/example_branch_labels.py
[2023-11-22T15:31:04.052+0500] {processor.py:839} INFO - DAG(s) dict_keys(['example_branch_labels']) retrieved from /usr/local/lib/python3.10/dist-packages/airflow/example_dags/example_branch_labels.py
[2023-11-22T15:31:04.172+0500] {logging_mixin.py:154} INFO - [2023-11-22T15:31:04.172+0500] {dag.py:2941} INFO - Sync 1 DAGs
[2023-11-22T15:31:04.314+0500] {logging_mixin.py:154} INFO - [2023-11-22T15:31:04.313+0500] {dag.py:3722} INFO - Setting next_dagrun for example_branch_labels to 2023-11-21T00:00:00+00:00, run_after=2023-11-22T00:00:00+00:00
[2023-11-22T15:31:04.409+0500] {processor.py:179} INFO - Processing /usr/local/lib/python3.10/dist-packages/airflow/example_dags/example_branch_labels.py took 0.429 seconds
[2023-11-22T15:31:35.744+0500] {processor.py:157} INFO - Started process (PID=11386) to work on /usr/local/lib/python3.10/dist-packages/airflow/example_dags/example_branch_labels.py
[2023-11-22T15:31:35.755+0500] {processor.py:829} INFO - Processing file /usr/local/lib/python3.10/dist-packages/airflow/example_dags/example_branch_labels.py for tasks to queue
[2023-11-22T15:31:35.758+0500] {logging_mixin.py:154} INFO - [2023-11-22T15:31:35.757+0500] {dagbag.py:536} INFO - Filling up the DagBag from /usr/local/lib/python3.10/dist-packages/airflow/example_dags/example_branch_labels.py
[2023-11-22T15:31:35.821+0500] {processor.py:839} INFO - DAG(s) dict_keys(['example_branch_labels']) retrieved from /usr/local/lib/python3.10/dist-packages/airflow/example_dags/example_branch_labels.py
[2023-11-22T15:31:36.068+0500] {logging_mixin.py:154} INFO - [2023-11-22T15:31:36.067+0500] {dag.py:2941} INFO - Sync 1 DAGs
[2023-11-22T15:31:36.277+0500] {logging_mixin.py:154} INFO - [2023-11-22T15:31:36.276+0500] {dag.py:3722} INFO - Setting next_dagrun for example_branch_labels to 2023-11-21T00:00:00+00:00, run_after=2023-11-22T00:00:00+00:00
[2023-11-22T15:31:36.401+0500] {processor.py:179} INFO - Processing /usr/local/lib/python3.10/dist-packages/airflow/example_dags/example_branch_labels.py took 0.695 seconds
[2023-11-22T15:32:08.202+0500] {processor.py:157} INFO - Started process (PID=11567) to work on /usr/local/lib/python3.10/dist-packages/airflow/example_dags/example_branch_labels.py
[2023-11-22T15:32:08.205+0500] {processor.py:829} INFO - Processing file /usr/local/lib/python3.10/dist-packages/airflow/example_dags/example_branch_labels.py for tasks to queue
[2023-11-22T15:32:08.208+0500] {logging_mixin.py:154} INFO - [2023-11-22T15:32:08.207+0500] {dagbag.py:536} INFO - Filling up the DagBag from /usr/local/lib/python3.10/dist-packages/airflow/example_dags/example_branch_labels.py
[2023-11-22T15:32:08.249+0500] {processor.py:839} INFO - DAG(s) dict_keys(['example_branch_labels']) retrieved from /usr/local/lib/python3.10/dist-packages/airflow/example_dags/example_branch_labels.py
[2023-11-22T15:32:08.380+0500] {logging_mixin.py:154} INFO - [2023-11-22T15:32:08.379+0500] {dag.py:2941} INFO - Sync 1 DAGs
[2023-11-22T15:32:08.508+0500] {logging_mixin.py:154} INFO - [2023-11-22T15:32:08.507+0500] {dag.py:3722} INFO - Setting next_dagrun for example_branch_labels to 2023-11-21T00:00:00+00:00, run_after=2023-11-22T00:00:00+00:00
[2023-11-22T15:32:08.582+0500] {processor.py:179} INFO - Processing /usr/local/lib/python3.10/dist-packages/airflow/example_dags/example_branch_labels.py took 0.395 seconds
[2023-11-22T15:32:41.754+0500] {processor.py:157} INFO - Started process (PID=11728) to work on /usr/local/lib/python3.10/dist-packages/airflow/example_dags/example_branch_labels.py
[2023-11-22T15:32:41.757+0500] {processor.py:829} INFO - Processing file /usr/local/lib/python3.10/dist-packages/airflow/example_dags/example_branch_labels.py for tasks to queue
[2023-11-22T15:32:41.761+0500] {logging_mixin.py:154} INFO - [2023-11-22T15:32:41.759+0500] {dagbag.py:536} INFO - Filling up the DagBag from /usr/local/lib/python3.10/dist-packages/airflow/example_dags/example_branch_labels.py
[2023-11-22T15:32:41.804+0500] {processor.py:839} INFO - DAG(s) dict_keys(['example_branch_labels']) retrieved from /usr/local/lib/python3.10/dist-packages/airflow/example_dags/example_branch_labels.py
[2023-11-22T15:32:41.921+0500] {logging_mixin.py:154} INFO - [2023-11-22T15:32:41.920+0500] {dag.py:2941} INFO - Sync 1 DAGs
[2023-11-22T15:32:42.045+0500] {logging_mixin.py:154} INFO - [2023-11-22T15:32:42.044+0500] {dag.py:3722} INFO - Setting next_dagrun for example_branch_labels to 2023-11-21T00:00:00+00:00, run_after=2023-11-22T00:00:00+00:00
[2023-11-22T15:32:42.137+0500] {processor.py:179} INFO - Processing /usr/local/lib/python3.10/dist-packages/airflow/example_dags/example_branch_labels.py took 0.398 seconds
[2023-11-22T15:33:14.303+0500] {processor.py:157} INFO - Started process (PID=11872) to work on /usr/local/lib/python3.10/dist-packages/airflow/example_dags/example_branch_labels.py
[2023-11-22T15:33:14.309+0500] {processor.py:829} INFO - Processing file /usr/local/lib/python3.10/dist-packages/airflow/example_dags/example_branch_labels.py for tasks to queue
[2023-11-22T15:33:14.319+0500] {logging_mixin.py:154} INFO - [2023-11-22T15:33:14.318+0500] {dagbag.py:536} INFO - Filling up the DagBag from /usr/local/lib/python3.10/dist-packages/airflow/example_dags/example_branch_labels.py
[2023-11-22T15:33:14.393+0500] {processor.py:839} INFO - DAG(s) dict_keys(['example_branch_labels']) retrieved from /usr/local/lib/python3.10/dist-packages/airflow/example_dags/example_branch_labels.py
[2023-11-22T15:33:14.546+0500] {logging_mixin.py:154} INFO - [2023-11-22T15:33:14.545+0500] {dag.py:2941} INFO - Sync 1 DAGs
[2023-11-22T15:33:14.659+0500] {logging_mixin.py:154} INFO - [2023-11-22T15:33:14.658+0500] {dag.py:3722} INFO - Setting next_dagrun for example_branch_labels to 2023-11-21T00:00:00+00:00, run_after=2023-11-22T00:00:00+00:00
[2023-11-22T15:33:14.752+0500] {processor.py:179} INFO - Processing /usr/local/lib/python3.10/dist-packages/airflow/example_dags/example_branch_labels.py took 0.514 seconds
[2023-11-22T15:33:44.914+0500] {processor.py:157} INFO - Started process (PID=12022) to work on /usr/local/lib/python3.10/dist-packages/airflow/example_dags/example_branch_labels.py
[2023-11-22T15:33:44.917+0500] {processor.py:829} INFO - Processing file /usr/local/lib/python3.10/dist-packages/airflow/example_dags/example_branch_labels.py for tasks to queue
[2023-11-22T15:33:44.921+0500] {logging_mixin.py:154} INFO - [2023-11-22T15:33:44.919+0500] {dagbag.py:536} INFO - Filling up the DagBag from /usr/local/lib/python3.10/dist-packages/airflow/example_dags/example_branch_labels.py
[2023-11-22T15:33:44.953+0500] {processor.py:839} INFO - DAG(s) dict_keys(['example_branch_labels']) retrieved from /usr/local/lib/python3.10/dist-packages/airflow/example_dags/example_branch_labels.py
[2023-11-22T15:33:45.083+0500] {logging_mixin.py:154} INFO - [2023-11-22T15:33:45.082+0500] {dag.py:2941} INFO - Sync 1 DAGs
[2023-11-22T15:33:45.219+0500] {logging_mixin.py:154} INFO - [2023-11-22T15:33:45.218+0500] {dag.py:3722} INFO - Setting next_dagrun for example_branch_labels to 2023-11-21T00:00:00+00:00, run_after=2023-11-22T00:00:00+00:00
[2023-11-22T15:33:45.377+0500] {processor.py:179} INFO - Processing /usr/local/lib/python3.10/dist-packages/airflow/example_dags/example_branch_labels.py took 0.476 seconds
[2023-11-22T15:34:17.984+0500] {processor.py:157} INFO - Started process (PID=12174) to work on /usr/local/lib/python3.10/dist-packages/airflow/example_dags/example_branch_labels.py
[2023-11-22T15:34:17.989+0500] {processor.py:829} INFO - Processing file /usr/local/lib/python3.10/dist-packages/airflow/example_dags/example_branch_labels.py for tasks to queue
[2023-11-22T15:34:17.993+0500] {logging_mixin.py:154} INFO - [2023-11-22T15:34:17.992+0500] {dagbag.py:536} INFO - Filling up the DagBag from /usr/local/lib/python3.10/dist-packages/airflow/example_dags/example_branch_labels.py
[2023-11-22T15:34:18.031+0500] {processor.py:839} INFO - DAG(s) dict_keys(['example_branch_labels']) retrieved from /usr/local/lib/python3.10/dist-packages/airflow/example_dags/example_branch_labels.py
[2023-11-22T15:34:18.151+0500] {logging_mixin.py:154} INFO - [2023-11-22T15:34:18.151+0500] {dag.py:2941} INFO - Sync 1 DAGs
[2023-11-22T15:34:18.282+0500] {logging_mixin.py:154} INFO - [2023-11-22T15:34:18.281+0500] {dag.py:3722} INFO - Setting next_dagrun for example_branch_labels to 2023-11-21T00:00:00+00:00, run_after=2023-11-22T00:00:00+00:00
[2023-11-22T15:34:18.380+0500] {processor.py:179} INFO - Processing /usr/local/lib/python3.10/dist-packages/airflow/example_dags/example_branch_labels.py took 0.409 seconds
[2023-11-22T15:34:50.038+0500] {processor.py:157} INFO - Started process (PID=12331) to work on /usr/local/lib/python3.10/dist-packages/airflow/example_dags/example_branch_labels.py
[2023-11-22T15:34:50.041+0500] {processor.py:829} INFO - Processing file /usr/local/lib/python3.10/dist-packages/airflow/example_dags/example_branch_labels.py for tasks to queue
[2023-11-22T15:34:50.044+0500] {logging_mixin.py:154} INFO - [2023-11-22T15:34:50.043+0500] {dagbag.py:536} INFO - Filling up the DagBag from /usr/local/lib/python3.10/dist-packages/airflow/example_dags/example_branch_labels.py
[2023-11-22T15:34:50.101+0500] {processor.py:839} INFO - DAG(s) dict_keys(['example_branch_labels']) retrieved from /usr/local/lib/python3.10/dist-packages/airflow/example_dags/example_branch_labels.py
[2023-11-22T15:34:50.263+0500] {logging_mixin.py:154} INFO - [2023-11-22T15:34:50.263+0500] {dag.py:2941} INFO - Sync 1 DAGs
[2023-11-22T15:34:50.382+0500] {logging_mixin.py:154} INFO - [2023-11-22T15:34:50.381+0500] {dag.py:3722} INFO - Setting next_dagrun for example_branch_labels to 2023-11-21T00:00:00+00:00, run_after=2023-11-22T00:00:00+00:00
[2023-11-22T15:34:50.475+0500] {processor.py:179} INFO - Processing /usr/local/lib/python3.10/dist-packages/airflow/example_dags/example_branch_labels.py took 0.450 seconds
[2023-11-22T15:35:20.759+0500] {processor.py:157} INFO - Started process (PID=12908) to work on /usr/local/lib/python3.10/dist-packages/airflow/example_dags/example_branch_labels.py
[2023-11-22T15:35:20.784+0500] {processor.py:829} INFO - Processing file /usr/local/lib/python3.10/dist-packages/airflow/example_dags/example_branch_labels.py for tasks to queue
[2023-11-22T15:35:20.787+0500] {logging_mixin.py:154} INFO - [2023-11-22T15:35:20.786+0500] {dagbag.py:536} INFO - Filling up the DagBag from /usr/local/lib/python3.10/dist-packages/airflow/example_dags/example_branch_labels.py
[2023-11-22T15:35:20.989+0500] {processor.py:839} INFO - DAG(s) dict_keys(['example_branch_labels']) retrieved from /usr/local/lib/python3.10/dist-packages/airflow/example_dags/example_branch_labels.py
[2023-11-22T15:35:21.130+0500] {logging_mixin.py:154} INFO - [2023-11-22T15:35:21.129+0500] {dag.py:2941} INFO - Sync 1 DAGs
[2023-11-22T15:35:21.323+0500] {logging_mixin.py:154} INFO - [2023-11-22T15:35:21.322+0500] {dag.py:3722} INFO - Setting next_dagrun for example_branch_labels to 2023-11-21T00:00:00+00:00, run_after=2023-11-22T00:00:00+00:00
[2023-11-22T15:35:21.506+0500] {processor.py:179} INFO - Processing /usr/local/lib/python3.10/dist-packages/airflow/example_dags/example_branch_labels.py took 0.784 seconds
[2023-11-22T15:40:17.433+0500] {processor.py:157} INFO - Started process (PID=13537) to work on /usr/local/lib/python3.10/dist-packages/airflow/example_dags/example_branch_labels.py
[2023-11-22T15:40:17.458+0500] {processor.py:829} INFO - Processing file /usr/local/lib/python3.10/dist-packages/airflow/example_dags/example_branch_labels.py for tasks to queue
[2023-11-22T15:40:17.460+0500] {logging_mixin.py:154} INFO - [2023-11-22T15:40:17.459+0500] {dagbag.py:536} INFO - Filling up the DagBag from /usr/local/lib/python3.10/dist-packages/airflow/example_dags/example_branch_labels.py
[2023-11-22T15:40:17.567+0500] {processor.py:839} INFO - DAG(s) dict_keys(['example_branch_labels']) retrieved from /usr/local/lib/python3.10/dist-packages/airflow/example_dags/example_branch_labels.py
[2023-11-22T15:40:17.717+0500] {logging_mixin.py:154} INFO - [2023-11-22T15:40:17.716+0500] {dag.py:2941} INFO - Sync 1 DAGs
[2023-11-22T15:40:17.875+0500] {logging_mixin.py:154} INFO - [2023-11-22T15:40:17.875+0500] {dag.py:3722} INFO - Setting next_dagrun for example_branch_labels to 2023-11-21T00:00:00+00:00, run_after=2023-11-22T00:00:00+00:00
[2023-11-22T15:40:18.062+0500] {processor.py:179} INFO - Processing /usr/local/lib/python3.10/dist-packages/airflow/example_dags/example_branch_labels.py took 0.696 seconds
[2023-11-22T15:40:48.670+0500] {processor.py:157} INFO - Started process (PID=13680) to work on /usr/local/lib/python3.10/dist-packages/airflow/example_dags/example_branch_labels.py
[2023-11-22T15:40:48.675+0500] {processor.py:829} INFO - Processing file /usr/local/lib/python3.10/dist-packages/airflow/example_dags/example_branch_labels.py for tasks to queue
[2023-11-22T15:40:48.677+0500] {logging_mixin.py:154} INFO - [2023-11-22T15:40:48.676+0500] {dagbag.py:536} INFO - Filling up the DagBag from /usr/local/lib/python3.10/dist-packages/airflow/example_dags/example_branch_labels.py
[2023-11-22T15:40:48.717+0500] {processor.py:839} INFO - DAG(s) dict_keys(['example_branch_labels']) retrieved from /usr/local/lib/python3.10/dist-packages/airflow/example_dags/example_branch_labels.py
[2023-11-22T15:40:48.855+0500] {logging_mixin.py:154} INFO - [2023-11-22T15:40:48.854+0500] {dag.py:2941} INFO - Sync 1 DAGs
[2023-11-22T15:40:49.022+0500] {logging_mixin.py:154} INFO - [2023-11-22T15:40:49.021+0500] {dag.py:3722} INFO - Setting next_dagrun for example_branch_labels to 2023-11-21T00:00:00+00:00, run_after=2023-11-22T00:00:00+00:00
[2023-11-22T15:40:49.160+0500] {processor.py:179} INFO - Processing /usr/local/lib/python3.10/dist-packages/airflow/example_dags/example_branch_labels.py took 0.502 seconds
[2023-11-22T15:41:19.315+0500] {processor.py:157} INFO - Started process (PID=13819) to work on /usr/local/lib/python3.10/dist-packages/airflow/example_dags/example_branch_labels.py
[2023-11-22T15:41:19.318+0500] {processor.py:829} INFO - Processing file /usr/local/lib/python3.10/dist-packages/airflow/example_dags/example_branch_labels.py for tasks to queue
[2023-11-22T15:41:19.321+0500] {logging_mixin.py:154} INFO - [2023-11-22T15:41:19.320+0500] {dagbag.py:536} INFO - Filling up the DagBag from /usr/local/lib/python3.10/dist-packages/airflow/example_dags/example_branch_labels.py
[2023-11-22T15:41:19.354+0500] {processor.py:839} INFO - DAG(s) dict_keys(['example_branch_labels']) retrieved from /usr/local/lib/python3.10/dist-packages/airflow/example_dags/example_branch_labels.py
[2023-11-22T15:41:19.480+0500] {logging_mixin.py:154} INFO - [2023-11-22T15:41:19.479+0500] {dag.py:2941} INFO - Sync 1 DAGs
[2023-11-22T15:41:19.599+0500] {logging_mixin.py:154} INFO - [2023-11-22T15:41:19.598+0500] {dag.py:3722} INFO - Setting next_dagrun for example_branch_labels to 2023-11-21T00:00:00+00:00, run_after=2023-11-22T00:00:00+00:00
[2023-11-22T15:41:19.677+0500] {processor.py:179} INFO - Processing /usr/local/lib/python3.10/dist-packages/airflow/example_dags/example_branch_labels.py took 0.373 seconds
[2023-11-22T15:41:50.149+0500] {processor.py:157} INFO - Started process (PID=13965) to work on /usr/local/lib/python3.10/dist-packages/airflow/example_dags/example_branch_labels.py
[2023-11-22T15:41:50.152+0500] {processor.py:829} INFO - Processing file /usr/local/lib/python3.10/dist-packages/airflow/example_dags/example_branch_labels.py for tasks to queue
[2023-11-22T15:41:50.155+0500] {logging_mixin.py:154} INFO - [2023-11-22T15:41:50.154+0500] {dagbag.py:536} INFO - Filling up the DagBag from /usr/local/lib/python3.10/dist-packages/airflow/example_dags/example_branch_labels.py
[2023-11-22T15:41:50.185+0500] {processor.py:839} INFO - DAG(s) dict_keys(['example_branch_labels']) retrieved from /usr/local/lib/python3.10/dist-packages/airflow/example_dags/example_branch_labels.py
[2023-11-22T15:41:50.340+0500] {logging_mixin.py:154} INFO - [2023-11-22T15:41:50.339+0500] {dag.py:2941} INFO - Sync 1 DAGs
[2023-11-22T15:41:50.513+0500] {logging_mixin.py:154} INFO - [2023-11-22T15:41:50.512+0500] {dag.py:3722} INFO - Setting next_dagrun for example_branch_labels to 2023-11-21T00:00:00+00:00, run_after=2023-11-22T00:00:00+00:00
[2023-11-22T15:41:50.635+0500] {processor.py:179} INFO - Processing /usr/local/lib/python3.10/dist-packages/airflow/example_dags/example_branch_labels.py took 0.497 seconds
[2023-11-22T15:42:21.356+0500] {processor.py:157} INFO - Started process (PID=14142) to work on /usr/local/lib/python3.10/dist-packages/airflow/example_dags/example_branch_labels.py
[2023-11-22T15:42:21.358+0500] {processor.py:829} INFO - Processing file /usr/local/lib/python3.10/dist-packages/airflow/example_dags/example_branch_labels.py for tasks to queue
[2023-11-22T15:42:21.361+0500] {logging_mixin.py:154} INFO - [2023-11-22T15:42:21.360+0500] {dagbag.py:536} INFO - Filling up the DagBag from /usr/local/lib/python3.10/dist-packages/airflow/example_dags/example_branch_labels.py
[2023-11-22T15:42:21.396+0500] {processor.py:839} INFO - DAG(s) dict_keys(['example_branch_labels']) retrieved from /usr/local/lib/python3.10/dist-packages/airflow/example_dags/example_branch_labels.py
[2023-11-22T15:42:21.544+0500] {logging_mixin.py:154} INFO - [2023-11-22T15:42:21.543+0500] {dag.py:2941} INFO - Sync 1 DAGs
[2023-11-22T15:42:21.684+0500] {logging_mixin.py:154} INFO - [2023-11-22T15:42:21.683+0500] {dag.py:3722} INFO - Setting next_dagrun for example_branch_labels to 2023-11-21T00:00:00+00:00, run_after=2023-11-22T00:00:00+00:00
[2023-11-22T15:42:21.789+0500] {processor.py:179} INFO - Processing /usr/local/lib/python3.10/dist-packages/airflow/example_dags/example_branch_labels.py took 0.446 seconds
[2023-11-22T15:42:53.337+0500] {processor.py:157} INFO - Started process (PID=14287) to work on /usr/local/lib/python3.10/dist-packages/airflow/example_dags/example_branch_labels.py
[2023-11-22T15:42:53.343+0500] {processor.py:829} INFO - Processing file /usr/local/lib/python3.10/dist-packages/airflow/example_dags/example_branch_labels.py for tasks to queue
[2023-11-22T15:42:53.347+0500] {logging_mixin.py:154} INFO - [2023-11-22T15:42:53.346+0500] {dagbag.py:536} INFO - Filling up the DagBag from /usr/local/lib/python3.10/dist-packages/airflow/example_dags/example_branch_labels.py
[2023-11-22T15:42:53.416+0500] {processor.py:839} INFO - DAG(s) dict_keys(['example_branch_labels']) retrieved from /usr/local/lib/python3.10/dist-packages/airflow/example_dags/example_branch_labels.py
[2023-11-22T15:42:53.545+0500] {logging_mixin.py:154} INFO - [2023-11-22T15:42:53.544+0500] {dag.py:2941} INFO - Sync 1 DAGs
[2023-11-22T15:42:53.672+0500] {logging_mixin.py:154} INFO - [2023-11-22T15:42:53.671+0500] {dag.py:3722} INFO - Setting next_dagrun for example_branch_labels to 2023-11-21T00:00:00+00:00, run_after=2023-11-22T00:00:00+00:00
[2023-11-22T15:42:53.760+0500] {processor.py:179} INFO - Processing /usr/local/lib/python3.10/dist-packages/airflow/example_dags/example_branch_labels.py took 0.450 seconds
[2023-11-22T15:43:26.188+0500] {processor.py:157} INFO - Started process (PID=14405) to work on /usr/local/lib/python3.10/dist-packages/airflow/example_dags/example_branch_labels.py
[2023-11-22T15:43:26.191+0500] {processor.py:829} INFO - Processing file /usr/local/lib/python3.10/dist-packages/airflow/example_dags/example_branch_labels.py for tasks to queue
[2023-11-22T15:43:26.194+0500] {logging_mixin.py:154} INFO - [2023-11-22T15:43:26.192+0500] {dagbag.py:536} INFO - Filling up the DagBag from /usr/local/lib/python3.10/dist-packages/airflow/example_dags/example_branch_labels.py
[2023-11-22T15:43:26.233+0500] {processor.py:839} INFO - DAG(s) dict_keys(['example_branch_labels']) retrieved from /usr/local/lib/python3.10/dist-packages/airflow/example_dags/example_branch_labels.py
[2023-11-22T15:43:26.340+0500] {logging_mixin.py:154} INFO - [2023-11-22T15:43:26.339+0500] {dag.py:2941} INFO - Sync 1 DAGs
[2023-11-22T15:43:26.448+0500] {logging_mixin.py:154} INFO - [2023-11-22T15:43:26.447+0500] {dag.py:3722} INFO - Setting next_dagrun for example_branch_labels to 2023-11-21T00:00:00+00:00, run_after=2023-11-22T00:00:00+00:00
[2023-11-22T15:43:26.521+0500] {processor.py:179} INFO - Processing /usr/local/lib/python3.10/dist-packages/airflow/example_dags/example_branch_labels.py took 0.347 seconds
[2023-11-22T15:43:58.024+0500] {processor.py:157} INFO - Started process (PID=14549) to work on /usr/local/lib/python3.10/dist-packages/airflow/example_dags/example_branch_labels.py
[2023-11-22T15:43:58.026+0500] {processor.py:829} INFO - Processing file /usr/local/lib/python3.10/dist-packages/airflow/example_dags/example_branch_labels.py for tasks to queue
[2023-11-22T15:43:58.030+0500] {logging_mixin.py:154} INFO - [2023-11-22T15:43:58.028+0500] {dagbag.py:536} INFO - Filling up the DagBag from /usr/local/lib/python3.10/dist-packages/airflow/example_dags/example_branch_labels.py
[2023-11-22T15:43:58.066+0500] {processor.py:839} INFO - DAG(s) dict_keys(['example_branch_labels']) retrieved from /usr/local/lib/python3.10/dist-packages/airflow/example_dags/example_branch_labels.py
[2023-11-22T15:43:58.176+0500] {logging_mixin.py:154} INFO - [2023-11-22T15:43:58.175+0500] {dag.py:2941} INFO - Sync 1 DAGs
[2023-11-22T15:43:58.379+0500] {logging_mixin.py:154} INFO - [2023-11-22T15:43:58.378+0500] {dag.py:3722} INFO - Setting next_dagrun for example_branch_labels to 2023-11-21T00:00:00+00:00, run_after=2023-11-22T00:00:00+00:00
[2023-11-22T15:43:58.506+0500] {processor.py:179} INFO - Processing /usr/local/lib/python3.10/dist-packages/airflow/example_dags/example_branch_labels.py took 0.496 seconds
[2023-11-22T15:44:30.212+0500] {processor.py:157} INFO - Started process (PID=14705) to work on /usr/local/lib/python3.10/dist-packages/airflow/example_dags/example_branch_labels.py
[2023-11-22T15:44:30.215+0500] {processor.py:829} INFO - Processing file /usr/local/lib/python3.10/dist-packages/airflow/example_dags/example_branch_labels.py for tasks to queue
[2023-11-22T15:44:30.217+0500] {logging_mixin.py:154} INFO - [2023-11-22T15:44:30.216+0500] {dagbag.py:536} INFO - Filling up the DagBag from /usr/local/lib/python3.10/dist-packages/airflow/example_dags/example_branch_labels.py
[2023-11-22T15:44:30.280+0500] {processor.py:839} INFO - DAG(s) dict_keys(['example_branch_labels']) retrieved from /usr/local/lib/python3.10/dist-packages/airflow/example_dags/example_branch_labels.py
[2023-11-22T15:44:30.415+0500] {logging_mixin.py:154} INFO - [2023-11-22T15:44:30.414+0500] {dag.py:2941} INFO - Sync 1 DAGs
[2023-11-22T15:44:30.525+0500] {logging_mixin.py:154} INFO - [2023-11-22T15:44:30.524+0500] {dag.py:3722} INFO - Setting next_dagrun for example_branch_labels to 2023-11-21T00:00:00+00:00, run_after=2023-11-22T00:00:00+00:00
[2023-11-22T15:44:30.632+0500] {processor.py:179} INFO - Processing /usr/local/lib/python3.10/dist-packages/airflow/example_dags/example_branch_labels.py took 0.443 seconds
[2023-11-22T15:45:02.065+0500] {processor.py:157} INFO - Started process (PID=14865) to work on /usr/local/lib/python3.10/dist-packages/airflow/example_dags/example_branch_labels.py
[2023-11-22T15:45:02.067+0500] {processor.py:829} INFO - Processing file /usr/local/lib/python3.10/dist-packages/airflow/example_dags/example_branch_labels.py for tasks to queue
[2023-11-22T15:45:02.072+0500] {logging_mixin.py:154} INFO - [2023-11-22T15:45:02.071+0500] {dagbag.py:536} INFO - Filling up the DagBag from /usr/local/lib/python3.10/dist-packages/airflow/example_dags/example_branch_labels.py
[2023-11-22T15:45:02.111+0500] {processor.py:839} INFO - DAG(s) dict_keys(['example_branch_labels']) retrieved from /usr/local/lib/python3.10/dist-packages/airflow/example_dags/example_branch_labels.py
[2023-11-22T15:45:02.299+0500] {logging_mixin.py:154} INFO - [2023-11-22T15:45:02.298+0500] {dag.py:2941} INFO - Sync 1 DAGs
[2023-11-22T15:45:02.472+0500] {logging_mixin.py:154} INFO - [2023-11-22T15:45:02.471+0500] {dag.py:3722} INFO - Setting next_dagrun for example_branch_labels to 2023-11-21T00:00:00+00:00, run_after=2023-11-22T00:00:00+00:00
[2023-11-22T15:45:02.554+0500] {processor.py:179} INFO - Processing /usr/local/lib/python3.10/dist-packages/airflow/example_dags/example_branch_labels.py took 0.501 seconds
[2023-11-22T15:45:33.935+0500] {processor.py:157} INFO - Started process (PID=15024) to work on /usr/local/lib/python3.10/dist-packages/airflow/example_dags/example_branch_labels.py
[2023-11-22T15:45:33.937+0500] {processor.py:829} INFO - Processing file /usr/local/lib/python3.10/dist-packages/airflow/example_dags/example_branch_labels.py for tasks to queue
[2023-11-22T15:45:33.941+0500] {logging_mixin.py:154} INFO - [2023-11-22T15:45:33.939+0500] {dagbag.py:536} INFO - Filling up the DagBag from /usr/local/lib/python3.10/dist-packages/airflow/example_dags/example_branch_labels.py
[2023-11-22T15:45:33.975+0500] {processor.py:839} INFO - DAG(s) dict_keys(['example_branch_labels']) retrieved from /usr/local/lib/python3.10/dist-packages/airflow/example_dags/example_branch_labels.py
[2023-11-22T15:45:34.088+0500] {logging_mixin.py:154} INFO - [2023-11-22T15:45:34.087+0500] {dag.py:2941} INFO - Sync 1 DAGs
[2023-11-22T15:45:34.208+0500] {logging_mixin.py:154} INFO - [2023-11-22T15:45:34.207+0500] {dag.py:3722} INFO - Setting next_dagrun for example_branch_labels to 2023-11-21T00:00:00+00:00, run_after=2023-11-22T00:00:00+00:00
[2023-11-22T15:45:34.294+0500] {processor.py:179} INFO - Processing /usr/local/lib/python3.10/dist-packages/airflow/example_dags/example_branch_labels.py took 0.371 seconds
[2023-11-22T15:46:05.575+0500] {processor.py:157} INFO - Started process (PID=15150) to work on /usr/local/lib/python3.10/dist-packages/airflow/example_dags/example_branch_labels.py
[2023-11-22T15:46:05.579+0500] {processor.py:829} INFO - Processing file /usr/local/lib/python3.10/dist-packages/airflow/example_dags/example_branch_labels.py for tasks to queue
[2023-11-22T15:46:05.582+0500] {logging_mixin.py:154} INFO - [2023-11-22T15:46:05.581+0500] {dagbag.py:536} INFO - Filling up the DagBag from /usr/local/lib/python3.10/dist-packages/airflow/example_dags/example_branch_labels.py
[2023-11-22T15:46:05.621+0500] {processor.py:839} INFO - DAG(s) dict_keys(['example_branch_labels']) retrieved from /usr/local/lib/python3.10/dist-packages/airflow/example_dags/example_branch_labels.py
[2023-11-22T15:46:05.737+0500] {logging_mixin.py:154} INFO - [2023-11-22T15:46:05.736+0500] {dag.py:2941} INFO - Sync 1 DAGs
[2023-11-22T15:46:05.859+0500] {logging_mixin.py:154} INFO - [2023-11-22T15:46:05.858+0500] {dag.py:3722} INFO - Setting next_dagrun for example_branch_labels to 2023-11-21T00:00:00+00:00, run_after=2023-11-22T00:00:00+00:00
[2023-11-22T15:46:05.945+0500] {processor.py:179} INFO - Processing /usr/local/lib/python3.10/dist-packages/airflow/example_dags/example_branch_labels.py took 0.385 seconds
[2023-11-22T15:46:36.479+0500] {processor.py:157} INFO - Started process (PID=15283) to work on /usr/local/lib/python3.10/dist-packages/airflow/example_dags/example_branch_labels.py
[2023-11-22T15:46:36.481+0500] {processor.py:829} INFO - Processing file /usr/local/lib/python3.10/dist-packages/airflow/example_dags/example_branch_labels.py for tasks to queue
[2023-11-22T15:46:36.485+0500] {logging_mixin.py:154} INFO - [2023-11-22T15:46:36.483+0500] {dagbag.py:536} INFO - Filling up the DagBag from /usr/local/lib/python3.10/dist-packages/airflow/example_dags/example_branch_labels.py
[2023-11-22T15:46:36.518+0500] {processor.py:839} INFO - DAG(s) dict_keys(['example_branch_labels']) retrieved from /usr/local/lib/python3.10/dist-packages/airflow/example_dags/example_branch_labels.py
[2023-11-22T15:46:36.646+0500] {logging_mixin.py:154} INFO - [2023-11-22T15:46:36.645+0500] {dag.py:2941} INFO - Sync 1 DAGs
[2023-11-22T15:46:36.850+0500] {logging_mixin.py:154} INFO - [2023-11-22T15:46:36.849+0500] {dag.py:3722} INFO - Setting next_dagrun for example_branch_labels to 2023-11-21T00:00:00+00:00, run_after=2023-11-22T00:00:00+00:00
[2023-11-22T15:46:36.940+0500] {processor.py:179} INFO - Processing /usr/local/lib/python3.10/dist-packages/airflow/example_dags/example_branch_labels.py took 0.473 seconds
[2023-11-22T15:47:07.325+0500] {processor.py:157} INFO - Started process (PID=15449) to work on /usr/local/lib/python3.10/dist-packages/airflow/example_dags/example_branch_labels.py
[2023-11-22T15:47:07.327+0500] {processor.py:829} INFO - Processing file /usr/local/lib/python3.10/dist-packages/airflow/example_dags/example_branch_labels.py for tasks to queue
[2023-11-22T15:47:07.331+0500] {logging_mixin.py:154} INFO - [2023-11-22T15:47:07.329+0500] {dagbag.py:536} INFO - Filling up the DagBag from /usr/local/lib/python3.10/dist-packages/airflow/example_dags/example_branch_labels.py
[2023-11-22T15:47:07.373+0500] {processor.py:839} INFO - DAG(s) dict_keys(['example_branch_labels']) retrieved from /usr/local/lib/python3.10/dist-packages/airflow/example_dags/example_branch_labels.py
[2023-11-22T15:47:07.481+0500] {logging_mixin.py:154} INFO - [2023-11-22T15:47:07.481+0500] {dag.py:2941} INFO - Sync 1 DAGs
[2023-11-22T15:47:07.582+0500] {logging_mixin.py:154} INFO - [2023-11-22T15:47:07.581+0500] {dag.py:3722} INFO - Setting next_dagrun for example_branch_labels to 2023-11-21T00:00:00+00:00, run_after=2023-11-22T00:00:00+00:00
[2023-11-22T15:47:07.650+0500] {processor.py:179} INFO - Processing /usr/local/lib/python3.10/dist-packages/airflow/example_dags/example_branch_labels.py took 0.337 seconds
[2023-11-22T15:47:38.128+0500] {processor.py:157} INFO - Started process (PID=15612) to work on /usr/local/lib/python3.10/dist-packages/airflow/example_dags/example_branch_labels.py
[2023-11-22T15:47:38.130+0500] {processor.py:829} INFO - Processing file /usr/local/lib/python3.10/dist-packages/airflow/example_dags/example_branch_labels.py for tasks to queue
[2023-11-22T15:47:38.133+0500] {logging_mixin.py:154} INFO - [2023-11-22T15:47:38.132+0500] {dagbag.py:536} INFO - Filling up the DagBag from /usr/local/lib/python3.10/dist-packages/airflow/example_dags/example_branch_labels.py
[2023-11-22T15:47:38.161+0500] {processor.py:839} INFO - DAG(s) dict_keys(['example_branch_labels']) retrieved from /usr/local/lib/python3.10/dist-packages/airflow/example_dags/example_branch_labels.py
[2023-11-22T15:47:38.268+0500] {logging_mixin.py:154} INFO - [2023-11-22T15:47:38.267+0500] {dag.py:2941} INFO - Sync 1 DAGs
[2023-11-22T15:47:38.382+0500] {logging_mixin.py:154} INFO - [2023-11-22T15:47:38.381+0500] {dag.py:3722} INFO - Setting next_dagrun for example_branch_labels to 2023-11-21T00:00:00+00:00, run_after=2023-11-22T00:00:00+00:00
[2023-11-22T15:47:38.480+0500] {processor.py:179} INFO - Processing /usr/local/lib/python3.10/dist-packages/airflow/example_dags/example_branch_labels.py took 0.363 seconds
[2023-11-22T15:48:09.081+0500] {processor.py:157} INFO - Started process (PID=15759) to work on /usr/local/lib/python3.10/dist-packages/airflow/example_dags/example_branch_labels.py
[2023-11-22T15:48:09.086+0500] {processor.py:829} INFO - Processing file /usr/local/lib/python3.10/dist-packages/airflow/example_dags/example_branch_labels.py for tasks to queue
[2023-11-22T15:48:09.095+0500] {logging_mixin.py:154} INFO - [2023-11-22T15:48:09.093+0500] {dagbag.py:536} INFO - Filling up the DagBag from /usr/local/lib/python3.10/dist-packages/airflow/example_dags/example_branch_labels.py
[2023-11-22T15:48:09.148+0500] {processor.py:839} INFO - DAG(s) dict_keys(['example_branch_labels']) retrieved from /usr/local/lib/python3.10/dist-packages/airflow/example_dags/example_branch_labels.py
[2023-11-22T15:48:09.367+0500] {logging_mixin.py:154} INFO - [2023-11-22T15:48:09.366+0500] {dag.py:2941} INFO - Sync 1 DAGs
[2023-11-22T15:48:09.521+0500] {logging_mixin.py:154} INFO - [2023-11-22T15:48:09.520+0500] {dag.py:3722} INFO - Setting next_dagrun for example_branch_labels to 2023-11-21T00:00:00+00:00, run_after=2023-11-22T00:00:00+00:00
[2023-11-22T15:48:09.611+0500] {processor.py:179} INFO - Processing /usr/local/lib/python3.10/dist-packages/airflow/example_dags/example_branch_labels.py took 0.543 seconds
[2023-11-22T15:48:40.008+0500] {processor.py:157} INFO - Started process (PID=15878) to work on /usr/local/lib/python3.10/dist-packages/airflow/example_dags/example_branch_labels.py
[2023-11-22T15:48:40.075+0500] {processor.py:829} INFO - Processing file /usr/local/lib/python3.10/dist-packages/airflow/example_dags/example_branch_labels.py for tasks to queue
[2023-11-22T15:48:40.078+0500] {logging_mixin.py:154} INFO - [2023-11-22T15:48:40.077+0500] {dagbag.py:536} INFO - Filling up the DagBag from /usr/local/lib/python3.10/dist-packages/airflow/example_dags/example_branch_labels.py
[2023-11-22T15:48:40.110+0500] {processor.py:839} INFO - DAG(s) dict_keys(['example_branch_labels']) retrieved from /usr/local/lib/python3.10/dist-packages/airflow/example_dags/example_branch_labels.py
[2023-11-22T15:48:40.218+0500] {logging_mixin.py:154} INFO - [2023-11-22T15:48:40.217+0500] {dag.py:2941} INFO - Sync 1 DAGs
[2023-11-22T15:48:40.393+0500] {logging_mixin.py:154} INFO - [2023-11-22T15:48:40.393+0500] {dag.py:3722} INFO - Setting next_dagrun for example_branch_labels to 2023-11-21T00:00:00+00:00, run_after=2023-11-22T00:00:00+00:00
[2023-11-22T15:48:40.530+0500] {processor.py:179} INFO - Processing /usr/local/lib/python3.10/dist-packages/airflow/example_dags/example_branch_labels.py took 0.536 seconds
[2023-11-22T15:49:11.028+0500] {processor.py:157} INFO - Started process (PID=16028) to work on /usr/local/lib/python3.10/dist-packages/airflow/example_dags/example_branch_labels.py
[2023-11-22T15:49:11.030+0500] {processor.py:829} INFO - Processing file /usr/local/lib/python3.10/dist-packages/airflow/example_dags/example_branch_labels.py for tasks to queue
[2023-11-22T15:49:11.034+0500] {logging_mixin.py:154} INFO - [2023-11-22T15:49:11.033+0500] {dagbag.py:536} INFO - Filling up the DagBag from /usr/local/lib/python3.10/dist-packages/airflow/example_dags/example_branch_labels.py
[2023-11-22T15:49:11.065+0500] {processor.py:839} INFO - DAG(s) dict_keys(['example_branch_labels']) retrieved from /usr/local/lib/python3.10/dist-packages/airflow/example_dags/example_branch_labels.py
[2023-11-22T15:49:11.177+0500] {logging_mixin.py:154} INFO - [2023-11-22T15:49:11.176+0500] {dag.py:2941} INFO - Sync 1 DAGs
[2023-11-22T15:49:11.295+0500] {logging_mixin.py:154} INFO - [2023-11-22T15:49:11.294+0500] {dag.py:3722} INFO - Setting next_dagrun for example_branch_labels to 2023-11-21T00:00:00+00:00, run_after=2023-11-22T00:00:00+00:00
[2023-11-22T15:49:11.377+0500] {processor.py:179} INFO - Processing /usr/local/lib/python3.10/dist-packages/airflow/example_dags/example_branch_labels.py took 0.360 seconds
[2023-11-22T15:49:42.444+0500] {processor.py:157} INFO - Started process (PID=16145) to work on /usr/local/lib/python3.10/dist-packages/airflow/example_dags/example_branch_labels.py
[2023-11-22T15:49:42.459+0500] {processor.py:829} INFO - Processing file /usr/local/lib/python3.10/dist-packages/airflow/example_dags/example_branch_labels.py for tasks to queue
[2023-11-22T15:49:42.462+0500] {logging_mixin.py:154} INFO - [2023-11-22T15:49:42.461+0500] {dagbag.py:536} INFO - Filling up the DagBag from /usr/local/lib/python3.10/dist-packages/airflow/example_dags/example_branch_labels.py
[2023-11-22T15:49:42.556+0500] {processor.py:839} INFO - DAG(s) dict_keys(['example_branch_labels']) retrieved from /usr/local/lib/python3.10/dist-packages/airflow/example_dags/example_branch_labels.py
[2023-11-22T15:49:42.668+0500] {logging_mixin.py:154} INFO - [2023-11-22T15:49:42.667+0500] {dag.py:2941} INFO - Sync 1 DAGs
[2023-11-22T15:49:42.780+0500] {logging_mixin.py:154} INFO - [2023-11-22T15:49:42.779+0500] {dag.py:3722} INFO - Setting next_dagrun for example_branch_labels to 2023-11-21T00:00:00+00:00, run_after=2023-11-22T00:00:00+00:00
[2023-11-22T15:49:42.892+0500] {processor.py:179} INFO - Processing /usr/local/lib/python3.10/dist-packages/airflow/example_dags/example_branch_labels.py took 0.494 seconds
[2023-11-22T15:50:13.546+0500] {processor.py:157} INFO - Started process (PID=16288) to work on /usr/local/lib/python3.10/dist-packages/airflow/example_dags/example_branch_labels.py
[2023-11-22T15:50:13.549+0500] {processor.py:829} INFO - Processing file /usr/local/lib/python3.10/dist-packages/airflow/example_dags/example_branch_labels.py for tasks to queue
[2023-11-22T15:50:13.552+0500] {logging_mixin.py:154} INFO - [2023-11-22T15:50:13.551+0500] {dagbag.py:536} INFO - Filling up the DagBag from /usr/local/lib/python3.10/dist-packages/airflow/example_dags/example_branch_labels.py
[2023-11-22T15:50:13.584+0500] {processor.py:839} INFO - DAG(s) dict_keys(['example_branch_labels']) retrieved from /usr/local/lib/python3.10/dist-packages/airflow/example_dags/example_branch_labels.py
[2023-11-22T15:50:13.686+0500] {logging_mixin.py:154} INFO - [2023-11-22T15:50:13.685+0500] {dag.py:2941} INFO - Sync 1 DAGs
[2023-11-22T15:50:13.794+0500] {logging_mixin.py:154} INFO - [2023-11-22T15:50:13.793+0500] {dag.py:3722} INFO - Setting next_dagrun for example_branch_labels to 2023-11-21T00:00:00+00:00, run_after=2023-11-22T00:00:00+00:00
[2023-11-22T15:50:13.862+0500] {processor.py:179} INFO - Processing /usr/local/lib/python3.10/dist-packages/airflow/example_dags/example_branch_labels.py took 0.327 seconds
[2023-11-22T15:50:44.517+0500] {processor.py:157} INFO - Started process (PID=16437) to work on /usr/local/lib/python3.10/dist-packages/airflow/example_dags/example_branch_labels.py
[2023-11-22T15:50:44.520+0500] {processor.py:829} INFO - Processing file /usr/local/lib/python3.10/dist-packages/airflow/example_dags/example_branch_labels.py for tasks to queue
[2023-11-22T15:50:44.523+0500] {logging_mixin.py:154} INFO - [2023-11-22T15:50:44.522+0500] {dagbag.py:536} INFO - Filling up the DagBag from /usr/local/lib/python3.10/dist-packages/airflow/example_dags/example_branch_labels.py
[2023-11-22T15:50:44.555+0500] {processor.py:839} INFO - DAG(s) dict_keys(['example_branch_labels']) retrieved from /usr/local/lib/python3.10/dist-packages/airflow/example_dags/example_branch_labels.py
[2023-11-22T15:50:44.665+0500] {logging_mixin.py:154} INFO - [2023-11-22T15:50:44.665+0500] {dag.py:2941} INFO - Sync 1 DAGs
[2023-11-22T15:50:44.781+0500] {logging_mixin.py:154} INFO - [2023-11-22T15:50:44.780+0500] {dag.py:3722} INFO - Setting next_dagrun for example_branch_labels to 2023-11-21T00:00:00+00:00, run_after=2023-11-22T00:00:00+00:00
[2023-11-22T15:50:44.856+0500] {processor.py:179} INFO - Processing /usr/local/lib/python3.10/dist-packages/airflow/example_dags/example_branch_labels.py took 0.350 seconds
[2023-11-22T15:51:16.738+0500] {processor.py:157} INFO - Started process (PID=16555) to work on /usr/local/lib/python3.10/dist-packages/airflow/example_dags/example_branch_labels.py
[2023-11-22T15:51:16.741+0500] {processor.py:829} INFO - Processing file /usr/local/lib/python3.10/dist-packages/airflow/example_dags/example_branch_labels.py for tasks to queue
[2023-11-22T15:51:16.745+0500] {logging_mixin.py:154} INFO - [2023-11-22T15:51:16.743+0500] {dagbag.py:536} INFO - Filling up the DagBag from /usr/local/lib/python3.10/dist-packages/airflow/example_dags/example_branch_labels.py
[2023-11-22T15:51:16.784+0500] {processor.py:839} INFO - DAG(s) dict_keys(['example_branch_labels']) retrieved from /usr/local/lib/python3.10/dist-packages/airflow/example_dags/example_branch_labels.py
[2023-11-22T15:51:16.902+0500] {logging_mixin.py:154} INFO - [2023-11-22T15:51:16.901+0500] {dag.py:2941} INFO - Sync 1 DAGs
[2023-11-22T15:51:17.022+0500] {logging_mixin.py:154} INFO - [2023-11-22T15:51:17.021+0500] {dag.py:3722} INFO - Setting next_dagrun for example_branch_labels to 2023-11-21T00:00:00+00:00, run_after=2023-11-22T00:00:00+00:00
[2023-11-22T15:51:17.099+0500] {processor.py:179} INFO - Processing /usr/local/lib/python3.10/dist-packages/airflow/example_dags/example_branch_labels.py took 0.375 seconds
[2023-11-22T15:51:47.233+0500] {processor.py:157} INFO - Started process (PID=16701) to work on /usr/local/lib/python3.10/dist-packages/airflow/example_dags/example_branch_labels.py
[2023-11-22T15:51:47.235+0500] {processor.py:829} INFO - Processing file /usr/local/lib/python3.10/dist-packages/airflow/example_dags/example_branch_labels.py for tasks to queue
[2023-11-22T15:51:47.238+0500] {logging_mixin.py:154} INFO - [2023-11-22T15:51:47.237+0500] {dagbag.py:536} INFO - Filling up the DagBag from /usr/local/lib/python3.10/dist-packages/airflow/example_dags/example_branch_labels.py
[2023-11-22T15:51:47.275+0500] {processor.py:839} INFO - DAG(s) dict_keys(['example_branch_labels']) retrieved from /usr/local/lib/python3.10/dist-packages/airflow/example_dags/example_branch_labels.py
[2023-11-22T15:51:47.387+0500] {logging_mixin.py:154} INFO - [2023-11-22T15:51:47.386+0500] {dag.py:2941} INFO - Sync 1 DAGs
[2023-11-22T15:51:47.508+0500] {logging_mixin.py:154} INFO - [2023-11-22T15:51:47.508+0500] {dag.py:3722} INFO - Setting next_dagrun for example_branch_labels to 2023-11-21T00:00:00+00:00, run_after=2023-11-22T00:00:00+00:00
[2023-11-22T15:51:47.593+0500] {processor.py:179} INFO - Processing /usr/local/lib/python3.10/dist-packages/airflow/example_dags/example_branch_labels.py took 0.374 seconds
[2023-11-22T15:52:20.027+0500] {processor.py:157} INFO - Started process (PID=16848) to work on /usr/local/lib/python3.10/dist-packages/airflow/example_dags/example_branch_labels.py
[2023-11-22T15:52:20.030+0500] {processor.py:829} INFO - Processing file /usr/local/lib/python3.10/dist-packages/airflow/example_dags/example_branch_labels.py for tasks to queue
[2023-11-22T15:52:20.033+0500] {logging_mixin.py:154} INFO - [2023-11-22T15:52:20.032+0500] {dagbag.py:536} INFO - Filling up the DagBag from /usr/local/lib/python3.10/dist-packages/airflow/example_dags/example_branch_labels.py
[2023-11-22T15:52:20.066+0500] {processor.py:839} INFO - DAG(s) dict_keys(['example_branch_labels']) retrieved from /usr/local/lib/python3.10/dist-packages/airflow/example_dags/example_branch_labels.py
[2023-11-22T15:52:20.178+0500] {logging_mixin.py:154} INFO - [2023-11-22T15:52:20.177+0500] {dag.py:2941} INFO - Sync 1 DAGs
[2023-11-22T15:52:20.312+0500] {logging_mixin.py:154} INFO - [2023-11-22T15:52:20.311+0500] {dag.py:3722} INFO - Setting next_dagrun for example_branch_labels to 2023-11-21T00:00:00+00:00, run_after=2023-11-22T00:00:00+00:00
[2023-11-22T15:52:20.417+0500] {processor.py:179} INFO - Processing /usr/local/lib/python3.10/dist-packages/airflow/example_dags/example_branch_labels.py took 0.404 seconds
[2023-11-22T15:52:52.435+0500] {processor.py:157} INFO - Started process (PID=16995) to work on /usr/local/lib/python3.10/dist-packages/airflow/example_dags/example_branch_labels.py
[2023-11-22T15:52:52.439+0500] {processor.py:829} INFO - Processing file /usr/local/lib/python3.10/dist-packages/airflow/example_dags/example_branch_labels.py for tasks to queue
[2023-11-22T15:52:52.442+0500] {logging_mixin.py:154} INFO - [2023-11-22T15:52:52.441+0500] {dagbag.py:536} INFO - Filling up the DagBag from /usr/local/lib/python3.10/dist-packages/airflow/example_dags/example_branch_labels.py
[2023-11-22T15:52:52.477+0500] {processor.py:839} INFO - DAG(s) dict_keys(['example_branch_labels']) retrieved from /usr/local/lib/python3.10/dist-packages/airflow/example_dags/example_branch_labels.py
[2023-11-22T15:52:52.615+0500] {logging_mixin.py:154} INFO - [2023-11-22T15:52:52.614+0500] {dag.py:2941} INFO - Sync 1 DAGs
[2023-11-22T15:52:52.771+0500] {logging_mixin.py:154} INFO - [2023-11-22T15:52:52.770+0500] {dag.py:3722} INFO - Setting next_dagrun for example_branch_labels to 2023-11-21T00:00:00+00:00, run_after=2023-11-22T00:00:00+00:00
[2023-11-22T15:52:52.851+0500] {processor.py:179} INFO - Processing /usr/local/lib/python3.10/dist-packages/airflow/example_dags/example_branch_labels.py took 0.429 seconds
[2023-11-22T15:53:27.939+0500] {processor.py:157} INFO - Started process (PID=17191) to work on /usr/local/lib/python3.10/dist-packages/airflow/example_dags/example_branch_labels.py
[2023-11-22T15:53:27.949+0500] {processor.py:829} INFO - Processing file /usr/local/lib/python3.10/dist-packages/airflow/example_dags/example_branch_labels.py for tasks to queue
[2023-11-22T15:53:27.957+0500] {logging_mixin.py:154} INFO - [2023-11-22T15:53:27.954+0500] {dagbag.py:536} INFO - Filling up the DagBag from /usr/local/lib/python3.10/dist-packages/airflow/example_dags/example_branch_labels.py
[2023-11-22T15:53:28.010+0500] {processor.py:839} INFO - DAG(s) dict_keys(['example_branch_labels']) retrieved from /usr/local/lib/python3.10/dist-packages/airflow/example_dags/example_branch_labels.py
[2023-11-22T15:53:28.160+0500] {logging_mixin.py:154} INFO - [2023-11-22T15:53:28.159+0500] {dag.py:2941} INFO - Sync 1 DAGs
[2023-11-22T15:53:28.316+0500] {logging_mixin.py:154} INFO - [2023-11-22T15:53:28.316+0500] {dag.py:3722} INFO - Setting next_dagrun for example_branch_labels to 2023-11-21T00:00:00+00:00, run_after=2023-11-22T00:00:00+00:00
[2023-11-22T15:53:28.417+0500] {processor.py:179} INFO - Processing /usr/local/lib/python3.10/dist-packages/airflow/example_dags/example_branch_labels.py took 0.513 seconds
[2023-11-22T15:54:01.354+0500] {processor.py:157} INFO - Started process (PID=17374) to work on /usr/local/lib/python3.10/dist-packages/airflow/example_dags/example_branch_labels.py
[2023-11-22T15:54:01.356+0500] {processor.py:829} INFO - Processing file /usr/local/lib/python3.10/dist-packages/airflow/example_dags/example_branch_labels.py for tasks to queue
[2023-11-22T15:54:01.376+0500] {logging_mixin.py:154} INFO - [2023-11-22T15:54:01.375+0500] {dagbag.py:536} INFO - Filling up the DagBag from /usr/local/lib/python3.10/dist-packages/airflow/example_dags/example_branch_labels.py
[2023-11-22T15:54:01.475+0500] {processor.py:839} INFO - DAG(s) dict_keys(['example_branch_labels']) retrieved from /usr/local/lib/python3.10/dist-packages/airflow/example_dags/example_branch_labels.py
[2023-11-22T15:54:01.945+0500] {logging_mixin.py:154} INFO - [2023-11-22T15:54:01.944+0500] {dag.py:2941} INFO - Sync 1 DAGs
[2023-11-22T15:54:02.260+0500] {logging_mixin.py:154} INFO - [2023-11-22T15:54:02.260+0500] {dag.py:3722} INFO - Setting next_dagrun for example_branch_labels to 2023-11-21T00:00:00+00:00, run_after=2023-11-22T00:00:00+00:00
[2023-11-22T15:54:02.507+0500] {processor.py:179} INFO - Processing /usr/local/lib/python3.10/dist-packages/airflow/example_dags/example_branch_labels.py took 1.243 seconds
[2023-11-22T15:54:34.925+0500] {processor.py:157} INFO - Started process (PID=17584) to work on /usr/local/lib/python3.10/dist-packages/airflow/example_dags/example_branch_labels.py
[2023-11-22T15:54:34.931+0500] {processor.py:829} INFO - Processing file /usr/local/lib/python3.10/dist-packages/airflow/example_dags/example_branch_labels.py for tasks to queue
[2023-11-22T15:54:34.934+0500] {logging_mixin.py:154} INFO - [2023-11-22T15:54:34.933+0500] {dagbag.py:536} INFO - Filling up the DagBag from /usr/local/lib/python3.10/dist-packages/airflow/example_dags/example_branch_labels.py
[2023-11-22T15:54:34.987+0500] {processor.py:839} INFO - DAG(s) dict_keys(['example_branch_labels']) retrieved from /usr/local/lib/python3.10/dist-packages/airflow/example_dags/example_branch_labels.py
[2023-11-22T15:54:35.105+0500] {logging_mixin.py:154} INFO - [2023-11-22T15:54:35.105+0500] {dag.py:2941} INFO - Sync 1 DAGs
[2023-11-22T15:54:35.244+0500] {logging_mixin.py:154} INFO - [2023-11-22T15:54:35.243+0500] {dag.py:3722} INFO - Setting next_dagrun for example_branch_labels to 2023-11-21T00:00:00+00:00, run_after=2023-11-22T00:00:00+00:00
[2023-11-22T15:54:35.358+0500] {processor.py:179} INFO - Processing /usr/local/lib/python3.10/dist-packages/airflow/example_dags/example_branch_labels.py took 0.461 seconds
[2023-11-22T15:55:06.191+0500] {processor.py:157} INFO - Started process (PID=17749) to work on /usr/local/lib/python3.10/dist-packages/airflow/example_dags/example_branch_labels.py
[2023-11-22T15:55:06.195+0500] {processor.py:829} INFO - Processing file /usr/local/lib/python3.10/dist-packages/airflow/example_dags/example_branch_labels.py for tasks to queue
[2023-11-22T15:55:06.198+0500] {logging_mixin.py:154} INFO - [2023-11-22T15:55:06.197+0500] {dagbag.py:536} INFO - Filling up the DagBag from /usr/local/lib/python3.10/dist-packages/airflow/example_dags/example_branch_labels.py
[2023-11-22T15:55:06.230+0500] {processor.py:839} INFO - DAG(s) dict_keys(['example_branch_labels']) retrieved from /usr/local/lib/python3.10/dist-packages/airflow/example_dags/example_branch_labels.py
[2023-11-22T15:55:06.346+0500] {logging_mixin.py:154} INFO - [2023-11-22T15:55:06.345+0500] {dag.py:2941} INFO - Sync 1 DAGs
[2023-11-22T15:55:06.508+0500] {logging_mixin.py:154} INFO - [2023-11-22T15:55:06.506+0500] {dag.py:3722} INFO - Setting next_dagrun for example_branch_labels to 2023-11-21T00:00:00+00:00, run_after=2023-11-22T00:00:00+00:00
[2023-11-22T15:55:06.585+0500] {processor.py:179} INFO - Processing /usr/local/lib/python3.10/dist-packages/airflow/example_dags/example_branch_labels.py took 0.407 seconds
[2023-11-22T15:55:38.354+0500] {processor.py:157} INFO - Started process (PID=18181) to work on /usr/local/lib/python3.10/dist-packages/airflow/example_dags/example_branch_labels.py
[2023-11-22T15:55:38.358+0500] {processor.py:829} INFO - Processing file /usr/local/lib/python3.10/dist-packages/airflow/example_dags/example_branch_labels.py for tasks to queue
[2023-11-22T15:55:38.361+0500] {logging_mixin.py:154} INFO - [2023-11-22T15:55:38.360+0500] {dagbag.py:536} INFO - Filling up the DagBag from /usr/local/lib/python3.10/dist-packages/airflow/example_dags/example_branch_labels.py
[2023-11-22T15:55:38.400+0500] {processor.py:839} INFO - DAG(s) dict_keys(['example_branch_labels']) retrieved from /usr/local/lib/python3.10/dist-packages/airflow/example_dags/example_branch_labels.py
[2023-11-22T15:55:38.511+0500] {logging_mixin.py:154} INFO - [2023-11-22T15:55:38.510+0500] {dag.py:2941} INFO - Sync 1 DAGs
[2023-11-22T15:55:38.628+0500] {logging_mixin.py:154} INFO - [2023-11-22T15:55:38.627+0500] {dag.py:3722} INFO - Setting next_dagrun for example_branch_labels to 2023-11-21T00:00:00+00:00, run_after=2023-11-22T00:00:00+00:00
[2023-11-22T15:55:38.706+0500] {processor.py:179} INFO - Processing /usr/local/lib/python3.10/dist-packages/airflow/example_dags/example_branch_labels.py took 0.367 seconds
[2023-11-22T15:56:09.230+0500] {processor.py:157} INFO - Started process (PID=18284) to work on /usr/local/lib/python3.10/dist-packages/airflow/example_dags/example_branch_labels.py
[2023-11-22T15:56:09.233+0500] {processor.py:829} INFO - Processing file /usr/local/lib/python3.10/dist-packages/airflow/example_dags/example_branch_labels.py for tasks to queue
[2023-11-22T15:56:09.236+0500] {logging_mixin.py:154} INFO - [2023-11-22T15:56:09.235+0500] {dagbag.py:536} INFO - Filling up the DagBag from /usr/local/lib/python3.10/dist-packages/airflow/example_dags/example_branch_labels.py
[2023-11-22T15:56:09.268+0500] {processor.py:839} INFO - DAG(s) dict_keys(['example_branch_labels']) retrieved from /usr/local/lib/python3.10/dist-packages/airflow/example_dags/example_branch_labels.py
[2023-11-22T15:56:09.380+0500] {logging_mixin.py:154} INFO - [2023-11-22T15:56:09.379+0500] {dag.py:2941} INFO - Sync 1 DAGs
[2023-11-22T15:56:09.495+0500] {logging_mixin.py:154} INFO - [2023-11-22T15:56:09.494+0500] {dag.py:3722} INFO - Setting next_dagrun for example_branch_labels to 2023-11-21T00:00:00+00:00, run_after=2023-11-22T00:00:00+00:00
[2023-11-22T15:56:09.565+0500] {processor.py:179} INFO - Processing /usr/local/lib/python3.10/dist-packages/airflow/example_dags/example_branch_labels.py took 0.347 seconds
[2023-11-22T15:56:39.899+0500] {processor.py:157} INFO - Started process (PID=18389) to work on /usr/local/lib/python3.10/dist-packages/airflow/example_dags/example_branch_labels.py
[2023-11-22T15:56:39.902+0500] {processor.py:829} INFO - Processing file /usr/local/lib/python3.10/dist-packages/airflow/example_dags/example_branch_labels.py for tasks to queue
[2023-11-22T15:56:39.905+0500] {logging_mixin.py:154} INFO - [2023-11-22T15:56:39.904+0500] {dagbag.py:536} INFO - Filling up the DagBag from /usr/local/lib/python3.10/dist-packages/airflow/example_dags/example_branch_labels.py
[2023-11-22T15:56:39.940+0500] {processor.py:839} INFO - DAG(s) dict_keys(['example_branch_labels']) retrieved from /usr/local/lib/python3.10/dist-packages/airflow/example_dags/example_branch_labels.py
[2023-11-22T15:56:40.059+0500] {logging_mixin.py:154} INFO - [2023-11-22T15:56:40.058+0500] {dag.py:2941} INFO - Sync 1 DAGs
[2023-11-22T15:56:40.177+0500] {logging_mixin.py:154} INFO - [2023-11-22T15:56:40.176+0500] {dag.py:3722} INFO - Setting next_dagrun for example_branch_labels to 2023-11-21T00:00:00+00:00, run_after=2023-11-22T00:00:00+00:00
[2023-11-22T15:56:40.249+0500] {processor.py:179} INFO - Processing /usr/local/lib/python3.10/dist-packages/airflow/example_dags/example_branch_labels.py took 0.362 seconds
[2023-11-22T15:57:12.205+0500] {processor.py:157} INFO - Started process (PID=18509) to work on /usr/local/lib/python3.10/dist-packages/airflow/example_dags/example_branch_labels.py
[2023-11-22T15:57:12.207+0500] {processor.py:829} INFO - Processing file /usr/local/lib/python3.10/dist-packages/airflow/example_dags/example_branch_labels.py for tasks to queue
[2023-11-22T15:57:12.210+0500] {logging_mixin.py:154} INFO - [2023-11-22T15:57:12.209+0500] {dagbag.py:536} INFO - Filling up the DagBag from /usr/local/lib/python3.10/dist-packages/airflow/example_dags/example_branch_labels.py
[2023-11-22T15:57:12.242+0500] {processor.py:839} INFO - DAG(s) dict_keys(['example_branch_labels']) retrieved from /usr/local/lib/python3.10/dist-packages/airflow/example_dags/example_branch_labels.py
[2023-11-22T15:57:12.348+0500] {logging_mixin.py:154} INFO - [2023-11-22T15:57:12.347+0500] {dag.py:2941} INFO - Sync 1 DAGs
[2023-11-22T15:57:12.459+0500] {logging_mixin.py:154} INFO - [2023-11-22T15:57:12.458+0500] {dag.py:3722} INFO - Setting next_dagrun for example_branch_labels to 2023-11-21T00:00:00+00:00, run_after=2023-11-22T00:00:00+00:00
[2023-11-22T15:57:12.531+0500] {processor.py:179} INFO - Processing /usr/local/lib/python3.10/dist-packages/airflow/example_dags/example_branch_labels.py took 0.338 seconds
[2023-11-22T15:57:44.201+0500] {processor.py:157} INFO - Started process (PID=18613) to work on /usr/local/lib/python3.10/dist-packages/airflow/example_dags/example_branch_labels.py
[2023-11-22T15:57:44.204+0500] {processor.py:829} INFO - Processing file /usr/local/lib/python3.10/dist-packages/airflow/example_dags/example_branch_labels.py for tasks to queue
[2023-11-22T15:57:44.207+0500] {logging_mixin.py:154} INFO - [2023-11-22T15:57:44.206+0500] {dagbag.py:536} INFO - Filling up the DagBag from /usr/local/lib/python3.10/dist-packages/airflow/example_dags/example_branch_labels.py
[2023-11-22T15:57:44.240+0500] {processor.py:839} INFO - DAG(s) dict_keys(['example_branch_labels']) retrieved from /usr/local/lib/python3.10/dist-packages/airflow/example_dags/example_branch_labels.py
[2023-11-22T15:57:44.348+0500] {logging_mixin.py:154} INFO - [2023-11-22T15:57:44.347+0500] {dag.py:2941} INFO - Sync 1 DAGs
[2023-11-22T15:57:44.458+0500] {logging_mixin.py:154} INFO - [2023-11-22T15:57:44.457+0500] {dag.py:3722} INFO - Setting next_dagrun for example_branch_labels to 2023-11-21T00:00:00+00:00, run_after=2023-11-22T00:00:00+00:00
[2023-11-22T15:57:44.542+0500] {processor.py:179} INFO - Processing /usr/local/lib/python3.10/dist-packages/airflow/example_dags/example_branch_labels.py took 0.355 seconds
[2023-11-22T15:58:15.718+0500] {processor.py:157} INFO - Started process (PID=18717) to work on /usr/local/lib/python3.10/dist-packages/airflow/example_dags/example_branch_labels.py
[2023-11-22T15:58:15.721+0500] {processor.py:829} INFO - Processing file /usr/local/lib/python3.10/dist-packages/airflow/example_dags/example_branch_labels.py for tasks to queue
[2023-11-22T15:58:15.725+0500] {logging_mixin.py:154} INFO - [2023-11-22T15:58:15.724+0500] {dagbag.py:536} INFO - Filling up the DagBag from /usr/local/lib/python3.10/dist-packages/airflow/example_dags/example_branch_labels.py
[2023-11-22T15:58:15.761+0500] {processor.py:839} INFO - DAG(s) dict_keys(['example_branch_labels']) retrieved from /usr/local/lib/python3.10/dist-packages/airflow/example_dags/example_branch_labels.py
[2023-11-22T15:58:15.880+0500] {logging_mixin.py:154} INFO - [2023-11-22T15:58:15.879+0500] {dag.py:2941} INFO - Sync 1 DAGs
[2023-11-22T15:58:15.995+0500] {logging_mixin.py:154} INFO - [2023-11-22T15:58:15.994+0500] {dag.py:3722} INFO - Setting next_dagrun for example_branch_labels to 2023-11-21T00:00:00+00:00, run_after=2023-11-22T00:00:00+00:00
[2023-11-22T15:58:16.080+0500] {processor.py:179} INFO - Processing /usr/local/lib/python3.10/dist-packages/airflow/example_dags/example_branch_labels.py took 0.375 seconds
[2023-11-22T15:58:47.133+0500] {processor.py:157} INFO - Started process (PID=18816) to work on /usr/local/lib/python3.10/dist-packages/airflow/example_dags/example_branch_labels.py
[2023-11-22T15:58:47.136+0500] {processor.py:829} INFO - Processing file /usr/local/lib/python3.10/dist-packages/airflow/example_dags/example_branch_labels.py for tasks to queue
[2023-11-22T15:58:47.144+0500] {logging_mixin.py:154} INFO - [2023-11-22T15:58:47.143+0500] {dagbag.py:536} INFO - Filling up the DagBag from /usr/local/lib/python3.10/dist-packages/airflow/example_dags/example_branch_labels.py
[2023-11-22T15:58:47.180+0500] {processor.py:839} INFO - DAG(s) dict_keys(['example_branch_labels']) retrieved from /usr/local/lib/python3.10/dist-packages/airflow/example_dags/example_branch_labels.py
[2023-11-22T15:58:47.301+0500] {logging_mixin.py:154} INFO - [2023-11-22T15:58:47.300+0500] {dag.py:2941} INFO - Sync 1 DAGs
[2023-11-22T15:58:47.404+0500] {logging_mixin.py:154} INFO - [2023-11-22T15:58:47.403+0500] {dag.py:3722} INFO - Setting next_dagrun for example_branch_labels to 2023-11-21T00:00:00+00:00, run_after=2023-11-22T00:00:00+00:00
[2023-11-22T15:58:47.476+0500] {processor.py:179} INFO - Processing /usr/local/lib/python3.10/dist-packages/airflow/example_dags/example_branch_labels.py took 0.357 seconds
[2023-11-22T15:59:17.603+0500] {processor.py:157} INFO - Started process (PID=18911) to work on /usr/local/lib/python3.10/dist-packages/airflow/example_dags/example_branch_labels.py
[2023-11-22T15:59:17.606+0500] {processor.py:829} INFO - Processing file /usr/local/lib/python3.10/dist-packages/airflow/example_dags/example_branch_labels.py for tasks to queue
[2023-11-22T15:59:17.609+0500] {logging_mixin.py:154} INFO - [2023-11-22T15:59:17.608+0500] {dagbag.py:536} INFO - Filling up the DagBag from /usr/local/lib/python3.10/dist-packages/airflow/example_dags/example_branch_labels.py
[2023-11-22T15:59:17.640+0500] {processor.py:839} INFO - DAG(s) dict_keys(['example_branch_labels']) retrieved from /usr/local/lib/python3.10/dist-packages/airflow/example_dags/example_branch_labels.py
[2023-11-22T15:59:17.756+0500] {logging_mixin.py:154} INFO - [2023-11-22T15:59:17.756+0500] {dag.py:2941} INFO - Sync 1 DAGs
[2023-11-22T15:59:17.879+0500] {logging_mixin.py:154} INFO - [2023-11-22T15:59:17.878+0500] {dag.py:3722} INFO - Setting next_dagrun for example_branch_labels to 2023-11-21T00:00:00+00:00, run_after=2023-11-22T00:00:00+00:00
[2023-11-22T15:59:17.950+0500] {processor.py:179} INFO - Processing /usr/local/lib/python3.10/dist-packages/airflow/example_dags/example_branch_labels.py took 0.358 seconds
[2023-11-22T15:59:48.432+0500] {processor.py:157} INFO - Started process (PID=19011) to work on /usr/local/lib/python3.10/dist-packages/airflow/example_dags/example_branch_labels.py
[2023-11-22T15:59:48.434+0500] {processor.py:829} INFO - Processing file /usr/local/lib/python3.10/dist-packages/airflow/example_dags/example_branch_labels.py for tasks to queue
[2023-11-22T15:59:48.437+0500] {logging_mixin.py:154} INFO - [2023-11-22T15:59:48.436+0500] {dagbag.py:536} INFO - Filling up the DagBag from /usr/local/lib/python3.10/dist-packages/airflow/example_dags/example_branch_labels.py
[2023-11-22T15:59:48.467+0500] {processor.py:839} INFO - DAG(s) dict_keys(['example_branch_labels']) retrieved from /usr/local/lib/python3.10/dist-packages/airflow/example_dags/example_branch_labels.py
[2023-11-22T15:59:48.571+0500] {logging_mixin.py:154} INFO - [2023-11-22T15:59:48.571+0500] {dag.py:2941} INFO - Sync 1 DAGs
[2023-11-22T15:59:48.671+0500] {logging_mixin.py:154} INFO - [2023-11-22T15:59:48.670+0500] {dag.py:3722} INFO - Setting next_dagrun for example_branch_labels to 2023-11-21T00:00:00+00:00, run_after=2023-11-22T00:00:00+00:00
[2023-11-22T15:59:48.738+0500] {processor.py:179} INFO - Processing /usr/local/lib/python3.10/dist-packages/airflow/example_dags/example_branch_labels.py took 0.318 seconds
[2023-11-22T16:00:19.236+0500] {processor.py:157} INFO - Started process (PID=19117) to work on /usr/local/lib/python3.10/dist-packages/airflow/example_dags/example_branch_labels.py
[2023-11-22T16:00:19.240+0500] {processor.py:829} INFO - Processing file /usr/local/lib/python3.10/dist-packages/airflow/example_dags/example_branch_labels.py for tasks to queue
[2023-11-22T16:00:19.243+0500] {logging_mixin.py:154} INFO - [2023-11-22T16:00:19.242+0500] {dagbag.py:536} INFO - Filling up the DagBag from /usr/local/lib/python3.10/dist-packages/airflow/example_dags/example_branch_labels.py
[2023-11-22T16:00:19.278+0500] {processor.py:839} INFO - DAG(s) dict_keys(['example_branch_labels']) retrieved from /usr/local/lib/python3.10/dist-packages/airflow/example_dags/example_branch_labels.py
[2023-11-22T16:00:19.388+0500] {logging_mixin.py:154} INFO - [2023-11-22T16:00:19.388+0500] {dag.py:2941} INFO - Sync 1 DAGs
[2023-11-22T16:00:19.500+0500] {logging_mixin.py:154} INFO - [2023-11-22T16:00:19.500+0500] {dag.py:3722} INFO - Setting next_dagrun for example_branch_labels to 2023-11-21T00:00:00+00:00, run_after=2023-11-22T00:00:00+00:00
[2023-11-22T16:00:19.577+0500] {processor.py:179} INFO - Processing /usr/local/lib/python3.10/dist-packages/airflow/example_dags/example_branch_labels.py took 0.354 seconds
[2023-11-22T16:00:50.994+0500] {processor.py:157} INFO - Started process (PID=19221) to work on /usr/local/lib/python3.10/dist-packages/airflow/example_dags/example_branch_labels.py
[2023-11-22T16:00:50.996+0500] {processor.py:829} INFO - Processing file /usr/local/lib/python3.10/dist-packages/airflow/example_dags/example_branch_labels.py for tasks to queue
[2023-11-22T16:00:51.000+0500] {logging_mixin.py:154} INFO - [2023-11-22T16:00:50.998+0500] {dagbag.py:536} INFO - Filling up the DagBag from /usr/local/lib/python3.10/dist-packages/airflow/example_dags/example_branch_labels.py
[2023-11-22T16:00:51.033+0500] {processor.py:839} INFO - DAG(s) dict_keys(['example_branch_labels']) retrieved from /usr/local/lib/python3.10/dist-packages/airflow/example_dags/example_branch_labels.py
[2023-11-22T16:00:51.144+0500] {logging_mixin.py:154} INFO - [2023-11-22T16:00:51.143+0500] {dag.py:2941} INFO - Sync 1 DAGs
[2023-11-22T16:00:51.258+0500] {logging_mixin.py:154} INFO - [2023-11-22T16:00:51.257+0500] {dag.py:3722} INFO - Setting next_dagrun for example_branch_labels to 2023-11-21T00:00:00+00:00, run_after=2023-11-22T00:00:00+00:00
[2023-11-22T16:00:51.332+0500] {processor.py:179} INFO - Processing /usr/local/lib/python3.10/dist-packages/airflow/example_dags/example_branch_labels.py took 0.351 seconds
[2023-11-22T16:01:22.377+0500] {processor.py:157} INFO - Started process (PID=19323) to work on /usr/local/lib/python3.10/dist-packages/airflow/example_dags/example_branch_labels.py
[2023-11-22T16:01:22.380+0500] {processor.py:829} INFO - Processing file /usr/local/lib/python3.10/dist-packages/airflow/example_dags/example_branch_labels.py for tasks to queue
[2023-11-22T16:01:22.384+0500] {logging_mixin.py:154} INFO - [2023-11-22T16:01:22.382+0500] {dagbag.py:536} INFO - Filling up the DagBag from /usr/local/lib/python3.10/dist-packages/airflow/example_dags/example_branch_labels.py
[2023-11-22T16:01:22.416+0500] {processor.py:839} INFO - DAG(s) dict_keys(['example_branch_labels']) retrieved from /usr/local/lib/python3.10/dist-packages/airflow/example_dags/example_branch_labels.py
[2023-11-22T16:01:22.518+0500] {logging_mixin.py:154} INFO - [2023-11-22T16:01:22.518+0500] {dag.py:2941} INFO - Sync 1 DAGs
[2023-11-22T16:01:22.618+0500] {logging_mixin.py:154} INFO - [2023-11-22T16:01:22.617+0500] {dag.py:3722} INFO - Setting next_dagrun for example_branch_labels to 2023-11-21T00:00:00+00:00, run_after=2023-11-22T00:00:00+00:00
[2023-11-22T16:01:22.688+0500] {processor.py:179} INFO - Processing /usr/local/lib/python3.10/dist-packages/airflow/example_dags/example_branch_labels.py took 0.323 seconds
[2023-11-22T16:01:53.222+0500] {processor.py:157} INFO - Started process (PID=19422) to work on /usr/local/lib/python3.10/dist-packages/airflow/example_dags/example_branch_labels.py
[2023-11-22T16:01:53.224+0500] {processor.py:829} INFO - Processing file /usr/local/lib/python3.10/dist-packages/airflow/example_dags/example_branch_labels.py for tasks to queue
[2023-11-22T16:01:53.228+0500] {logging_mixin.py:154} INFO - [2023-11-22T16:01:53.226+0500] {dagbag.py:536} INFO - Filling up the DagBag from /usr/local/lib/python3.10/dist-packages/airflow/example_dags/example_branch_labels.py
[2023-11-22T16:01:53.263+0500] {processor.py:839} INFO - DAG(s) dict_keys(['example_branch_labels']) retrieved from /usr/local/lib/python3.10/dist-packages/airflow/example_dags/example_branch_labels.py
[2023-11-22T16:01:53.373+0500] {logging_mixin.py:154} INFO - [2023-11-22T16:01:53.372+0500] {dag.py:2941} INFO - Sync 1 DAGs
[2023-11-22T16:01:53.486+0500] {logging_mixin.py:154} INFO - [2023-11-22T16:01:53.485+0500] {dag.py:3722} INFO - Setting next_dagrun for example_branch_labels to 2023-11-21T00:00:00+00:00, run_after=2023-11-22T00:00:00+00:00
[2023-11-22T16:01:53.560+0500] {processor.py:179} INFO - Processing /usr/local/lib/python3.10/dist-packages/airflow/example_dags/example_branch_labels.py took 0.351 seconds
[2023-11-22T16:02:23.871+0500] {processor.py:157} INFO - Started process (PID=19543) to work on /usr/local/lib/python3.10/dist-packages/airflow/example_dags/example_branch_labels.py
[2023-11-22T16:02:23.874+0500] {processor.py:829} INFO - Processing file /usr/local/lib/python3.10/dist-packages/airflow/example_dags/example_branch_labels.py for tasks to queue
[2023-11-22T16:02:23.877+0500] {logging_mixin.py:154} INFO - [2023-11-22T16:02:23.876+0500] {dagbag.py:536} INFO - Filling up the DagBag from /usr/local/lib/python3.10/dist-packages/airflow/example_dags/example_branch_labels.py
[2023-11-22T16:02:23.910+0500] {processor.py:839} INFO - DAG(s) dict_keys(['example_branch_labels']) retrieved from /usr/local/lib/python3.10/dist-packages/airflow/example_dags/example_branch_labels.py
[2023-11-22T16:02:24.017+0500] {logging_mixin.py:154} INFO - [2023-11-22T16:02:24.017+0500] {dag.py:2941} INFO - Sync 1 DAGs
[2023-11-22T16:02:24.126+0500] {logging_mixin.py:154} INFO - [2023-11-22T16:02:24.126+0500] {dag.py:3722} INFO - Setting next_dagrun for example_branch_labels to 2023-11-21T00:00:00+00:00, run_after=2023-11-22T00:00:00+00:00
[2023-11-22T16:02:24.203+0500] {processor.py:179} INFO - Processing /usr/local/lib/python3.10/dist-packages/airflow/example_dags/example_branch_labels.py took 0.343 seconds
[2023-11-22T16:02:54.450+0500] {processor.py:157} INFO - Started process (PID=19645) to work on /usr/local/lib/python3.10/dist-packages/airflow/example_dags/example_branch_labels.py
[2023-11-22T16:02:54.453+0500] {processor.py:829} INFO - Processing file /usr/local/lib/python3.10/dist-packages/airflow/example_dags/example_branch_labels.py for tasks to queue
[2023-11-22T16:02:54.456+0500] {logging_mixin.py:154} INFO - [2023-11-22T16:02:54.455+0500] {dagbag.py:536} INFO - Filling up the DagBag from /usr/local/lib/python3.10/dist-packages/airflow/example_dags/example_branch_labels.py
[2023-11-22T16:02:54.486+0500] {processor.py:839} INFO - DAG(s) dict_keys(['example_branch_labels']) retrieved from /usr/local/lib/python3.10/dist-packages/airflow/example_dags/example_branch_labels.py
[2023-11-22T16:02:54.598+0500] {logging_mixin.py:154} INFO - [2023-11-22T16:02:54.597+0500] {dag.py:2941} INFO - Sync 1 DAGs
[2023-11-22T16:02:54.709+0500] {logging_mixin.py:154} INFO - [2023-11-22T16:02:54.708+0500] {dag.py:3722} INFO - Setting next_dagrun for example_branch_labels to 2023-11-21T00:00:00+00:00, run_after=2023-11-22T00:00:00+00:00
[2023-11-22T16:02:54.777+0500] {processor.py:179} INFO - Processing /usr/local/lib/python3.10/dist-packages/airflow/example_dags/example_branch_labels.py took 0.338 seconds
[2023-11-22T16:03:25.179+0500] {processor.py:157} INFO - Started process (PID=19745) to work on /usr/local/lib/python3.10/dist-packages/airflow/example_dags/example_branch_labels.py
[2023-11-22T16:03:25.182+0500] {processor.py:829} INFO - Processing file /usr/local/lib/python3.10/dist-packages/airflow/example_dags/example_branch_labels.py for tasks to queue
[2023-11-22T16:03:25.193+0500] {logging_mixin.py:154} INFO - [2023-11-22T16:03:25.192+0500] {dagbag.py:536} INFO - Filling up the DagBag from /usr/local/lib/python3.10/dist-packages/airflow/example_dags/example_branch_labels.py
[2023-11-22T16:03:25.226+0500] {processor.py:839} INFO - DAG(s) dict_keys(['example_branch_labels']) retrieved from /usr/local/lib/python3.10/dist-packages/airflow/example_dags/example_branch_labels.py
[2023-11-22T16:03:25.341+0500] {logging_mixin.py:154} INFO - [2023-11-22T16:03:25.340+0500] {dag.py:2941} INFO - Sync 1 DAGs
[2023-11-22T16:03:25.457+0500] {logging_mixin.py:154} INFO - [2023-11-22T16:03:25.456+0500] {dag.py:3722} INFO - Setting next_dagrun for example_branch_labels to 2023-11-21T00:00:00+00:00, run_after=2023-11-22T00:00:00+00:00
[2023-11-22T16:03:25.533+0500] {processor.py:179} INFO - Processing /usr/local/lib/python3.10/dist-packages/airflow/example_dags/example_branch_labels.py took 0.366 seconds
[2023-11-22T16:03:56.048+0500] {processor.py:157} INFO - Started process (PID=19847) to work on /usr/local/lib/python3.10/dist-packages/airflow/example_dags/example_branch_labels.py
[2023-11-22T16:03:56.051+0500] {processor.py:829} INFO - Processing file /usr/local/lib/python3.10/dist-packages/airflow/example_dags/example_branch_labels.py for tasks to queue
[2023-11-22T16:03:56.054+0500] {logging_mixin.py:154} INFO - [2023-11-22T16:03:56.053+0500] {dagbag.py:536} INFO - Filling up the DagBag from /usr/local/lib/python3.10/dist-packages/airflow/example_dags/example_branch_labels.py
[2023-11-22T16:03:56.085+0500] {processor.py:839} INFO - DAG(s) dict_keys(['example_branch_labels']) retrieved from /usr/local/lib/python3.10/dist-packages/airflow/example_dags/example_branch_labels.py
[2023-11-22T16:03:56.204+0500] {logging_mixin.py:154} INFO - [2023-11-22T16:03:56.203+0500] {dag.py:2941} INFO - Sync 1 DAGs
[2023-11-22T16:03:56.313+0500] {logging_mixin.py:154} INFO - [2023-11-22T16:03:56.312+0500] {dag.py:3722} INFO - Setting next_dagrun for example_branch_labels to 2023-11-21T00:00:00+00:00, run_after=2023-11-22T00:00:00+00:00
[2023-11-22T16:03:56.382+0500] {processor.py:179} INFO - Processing /usr/local/lib/python3.10/dist-packages/airflow/example_dags/example_branch_labels.py took 0.345 seconds
[2023-11-22T16:04:26.745+0500] {processor.py:157} INFO - Started process (PID=19999) to work on /usr/local/lib/python3.10/dist-packages/airflow/example_dags/example_branch_labels.py
[2023-11-22T16:04:26.748+0500] {processor.py:829} INFO - Processing file /usr/local/lib/python3.10/dist-packages/airflow/example_dags/example_branch_labels.py for tasks to queue
[2023-11-22T16:04:26.751+0500] {logging_mixin.py:154} INFO - [2023-11-22T16:04:26.750+0500] {dagbag.py:536} INFO - Filling up the DagBag from /usr/local/lib/python3.10/dist-packages/airflow/example_dags/example_branch_labels.py
[2023-11-22T16:04:26.787+0500] {processor.py:839} INFO - DAG(s) dict_keys(['example_branch_labels']) retrieved from /usr/local/lib/python3.10/dist-packages/airflow/example_dags/example_branch_labels.py
[2023-11-22T16:04:26.895+0500] {logging_mixin.py:154} INFO - [2023-11-22T16:04:26.894+0500] {dag.py:2941} INFO - Sync 1 DAGs
[2023-11-22T16:04:27.007+0500] {logging_mixin.py:154} INFO - [2023-11-22T16:04:27.006+0500] {dag.py:3722} INFO - Setting next_dagrun for example_branch_labels to 2023-11-21T00:00:00+00:00, run_after=2023-11-22T00:00:00+00:00
[2023-11-22T16:04:27.080+0500] {processor.py:179} INFO - Processing /usr/local/lib/python3.10/dist-packages/airflow/example_dags/example_branch_labels.py took 0.349 seconds
[2023-11-22T16:04:57.226+0500] {processor.py:157} INFO - Started process (PID=20107) to work on /usr/local/lib/python3.10/dist-packages/airflow/example_dags/example_branch_labels.py
[2023-11-22T16:04:57.228+0500] {processor.py:829} INFO - Processing file /usr/local/lib/python3.10/dist-packages/airflow/example_dags/example_branch_labels.py for tasks to queue
[2023-11-22T16:04:57.231+0500] {logging_mixin.py:154} INFO - [2023-11-22T16:04:57.230+0500] {dagbag.py:536} INFO - Filling up the DagBag from /usr/local/lib/python3.10/dist-packages/airflow/example_dags/example_branch_labels.py
[2023-11-22T16:04:57.263+0500] {processor.py:839} INFO - DAG(s) dict_keys(['example_branch_labels']) retrieved from /usr/local/lib/python3.10/dist-packages/airflow/example_dags/example_branch_labels.py
[2023-11-22T16:04:57.366+0500] {logging_mixin.py:154} INFO - [2023-11-22T16:04:57.365+0500] {dag.py:2941} INFO - Sync 1 DAGs
[2023-11-22T16:04:57.476+0500] {logging_mixin.py:154} INFO - [2023-11-22T16:04:57.476+0500] {dag.py:3722} INFO - Setting next_dagrun for example_branch_labels to 2023-11-21T00:00:00+00:00, run_after=2023-11-22T00:00:00+00:00
[2023-11-22T16:04:57.545+0500] {processor.py:179} INFO - Processing /usr/local/lib/python3.10/dist-packages/airflow/example_dags/example_branch_labels.py took 0.331 seconds
[2023-11-22T16:05:27.989+0500] {processor.py:157} INFO - Started process (PID=20216) to work on /usr/local/lib/python3.10/dist-packages/airflow/example_dags/example_branch_labels.py
[2023-11-22T16:05:27.992+0500] {processor.py:829} INFO - Processing file /usr/local/lib/python3.10/dist-packages/airflow/example_dags/example_branch_labels.py for tasks to queue
[2023-11-22T16:05:27.995+0500] {logging_mixin.py:154} INFO - [2023-11-22T16:05:27.994+0500] {dagbag.py:536} INFO - Filling up the DagBag from /usr/local/lib/python3.10/dist-packages/airflow/example_dags/example_branch_labels.py
[2023-11-22T16:05:28.026+0500] {processor.py:839} INFO - DAG(s) dict_keys(['example_branch_labels']) retrieved from /usr/local/lib/python3.10/dist-packages/airflow/example_dags/example_branch_labels.py
[2023-11-22T16:05:28.138+0500] {logging_mixin.py:154} INFO - [2023-11-22T16:05:28.137+0500] {dag.py:2941} INFO - Sync 1 DAGs
[2023-11-22T16:05:28.249+0500] {logging_mixin.py:154} INFO - [2023-11-22T16:05:28.248+0500] {dag.py:3722} INFO - Setting next_dagrun for example_branch_labels to 2023-11-21T00:00:00+00:00, run_after=2023-11-22T00:00:00+00:00
[2023-11-22T16:05:28.324+0500] {processor.py:179} INFO - Processing /usr/local/lib/python3.10/dist-packages/airflow/example_dags/example_branch_labels.py took 0.347 seconds
[2023-11-22T16:05:59.214+0500] {processor.py:157} INFO - Started process (PID=20319) to work on /usr/local/lib/python3.10/dist-packages/airflow/example_dags/example_branch_labels.py
[2023-11-22T16:05:59.217+0500] {processor.py:829} INFO - Processing file /usr/local/lib/python3.10/dist-packages/airflow/example_dags/example_branch_labels.py for tasks to queue
[2023-11-22T16:05:59.220+0500] {logging_mixin.py:154} INFO - [2023-11-22T16:05:59.218+0500] {dagbag.py:536} INFO - Filling up the DagBag from /usr/local/lib/python3.10/dist-packages/airflow/example_dags/example_branch_labels.py
[2023-11-22T16:05:59.251+0500] {processor.py:839} INFO - DAG(s) dict_keys(['example_branch_labels']) retrieved from /usr/local/lib/python3.10/dist-packages/airflow/example_dags/example_branch_labels.py
[2023-11-22T16:05:59.352+0500] {logging_mixin.py:154} INFO - [2023-11-22T16:05:59.352+0500] {dag.py:2941} INFO - Sync 1 DAGs
[2023-11-22T16:05:59.455+0500] {logging_mixin.py:154} INFO - [2023-11-22T16:05:59.454+0500] {dag.py:3722} INFO - Setting next_dagrun for example_branch_labels to 2023-11-21T00:00:00+00:00, run_after=2023-11-22T00:00:00+00:00
[2023-11-22T16:05:59.524+0500] {processor.py:179} INFO - Processing /usr/local/lib/python3.10/dist-packages/airflow/example_dags/example_branch_labels.py took 0.321 seconds
