[2023-11-22T15:27:10.555+0500] {processor.py:157} INFO - Started process (PID=9922) to work on /usr/local/lib/python3.10/dist-packages/airflow/example_dags/example_trigger_target_dag.py
[2023-11-22T15:27:10.558+0500] {processor.py:829} INFO - Processing file /usr/local/lib/python3.10/dist-packages/airflow/example_dags/example_trigger_target_dag.py for tasks to queue
[2023-11-22T15:27:10.561+0500] {logging_mixin.py:154} INFO - [2023-11-22T15:27:10.560+0500] {dagbag.py:536} INFO - Filling up the DagBag from /usr/local/lib/python3.10/dist-packages/airflow/example_dags/example_trigger_target_dag.py
[2023-11-22T15:27:10.590+0500] {processor.py:839} INFO - DAG(s) dict_keys(['example_trigger_target_dag']) retrieved from /usr/local/lib/python3.10/dist-packages/airflow/example_dags/example_trigger_target_dag.py
[2023-11-22T15:27:10.711+0500] {logging_mixin.py:154} INFO - [2023-11-22T15:27:10.711+0500] {dag.py:2941} INFO - Sync 1 DAGs
[2023-11-22T15:27:10.773+0500] {logging_mixin.py:154} INFO - [2023-11-22T15:27:10.772+0500] {dag.py:3722} INFO - Setting next_dagrun for example_trigger_target_dag to None, run_after=None
[2023-11-22T15:27:10.844+0500] {processor.py:179} INFO - Processing /usr/local/lib/python3.10/dist-packages/airflow/example_dags/example_trigger_target_dag.py took 0.300 seconds
[2023-11-22T15:27:41.790+0500] {processor.py:157} INFO - Started process (PID=10055) to work on /usr/local/lib/python3.10/dist-packages/airflow/example_dags/example_trigger_target_dag.py
[2023-11-22T15:27:41.795+0500] {processor.py:829} INFO - Processing file /usr/local/lib/python3.10/dist-packages/airflow/example_dags/example_trigger_target_dag.py for tasks to queue
[2023-11-22T15:27:41.799+0500] {logging_mixin.py:154} INFO - [2023-11-22T15:27:41.798+0500] {dagbag.py:536} INFO - Filling up the DagBag from /usr/local/lib/python3.10/dist-packages/airflow/example_dags/example_trigger_target_dag.py
[2023-11-22T15:27:41.828+0500] {processor.py:839} INFO - DAG(s) dict_keys(['example_trigger_target_dag']) retrieved from /usr/local/lib/python3.10/dist-packages/airflow/example_dags/example_trigger_target_dag.py
[2023-11-22T15:27:41.981+0500] {logging_mixin.py:154} INFO - [2023-11-22T15:27:41.980+0500] {dag.py:2941} INFO - Sync 1 DAGs
[2023-11-22T15:27:42.157+0500] {logging_mixin.py:154} INFO - [2023-11-22T15:27:42.156+0500] {dag.py:3722} INFO - Setting next_dagrun for example_trigger_target_dag to None, run_after=None
[2023-11-22T15:27:42.299+0500] {processor.py:179} INFO - Processing /usr/local/lib/python3.10/dist-packages/airflow/example_dags/example_trigger_target_dag.py took 0.522 seconds
[2023-11-22T15:28:12.677+0500] {processor.py:157} INFO - Started process (PID=10163) to work on /usr/local/lib/python3.10/dist-packages/airflow/example_dags/example_trigger_target_dag.py
[2023-11-22T15:28:12.679+0500] {processor.py:829} INFO - Processing file /usr/local/lib/python3.10/dist-packages/airflow/example_dags/example_trigger_target_dag.py for tasks to queue
[2023-11-22T15:28:12.683+0500] {logging_mixin.py:154} INFO - [2023-11-22T15:28:12.681+0500] {dagbag.py:536} INFO - Filling up the DagBag from /usr/local/lib/python3.10/dist-packages/airflow/example_dags/example_trigger_target_dag.py
[2023-11-22T15:28:12.706+0500] {processor.py:839} INFO - DAG(s) dict_keys(['example_trigger_target_dag']) retrieved from /usr/local/lib/python3.10/dist-packages/airflow/example_dags/example_trigger_target_dag.py
[2023-11-22T15:28:12.805+0500] {logging_mixin.py:154} INFO - [2023-11-22T15:28:12.804+0500] {dag.py:2941} INFO - Sync 1 DAGs
[2023-11-22T15:28:12.865+0500] {logging_mixin.py:154} INFO - [2023-11-22T15:28:12.864+0500] {dag.py:3722} INFO - Setting next_dagrun for example_trigger_target_dag to None, run_after=None
[2023-11-22T15:28:12.956+0500] {processor.py:179} INFO - Processing /usr/local/lib/python3.10/dist-packages/airflow/example_dags/example_trigger_target_dag.py took 0.292 seconds
[2023-11-22T15:28:43.447+0500] {processor.py:157} INFO - Started process (PID=10296) to work on /usr/local/lib/python3.10/dist-packages/airflow/example_dags/example_trigger_target_dag.py
[2023-11-22T15:28:43.455+0500] {processor.py:829} INFO - Processing file /usr/local/lib/python3.10/dist-packages/airflow/example_dags/example_trigger_target_dag.py for tasks to queue
[2023-11-22T15:28:43.466+0500] {logging_mixin.py:154} INFO - [2023-11-22T15:28:43.457+0500] {dagbag.py:536} INFO - Filling up the DagBag from /usr/local/lib/python3.10/dist-packages/airflow/example_dags/example_trigger_target_dag.py
[2023-11-22T15:28:43.503+0500] {processor.py:839} INFO - DAG(s) dict_keys(['example_trigger_target_dag']) retrieved from /usr/local/lib/python3.10/dist-packages/airflow/example_dags/example_trigger_target_dag.py
[2023-11-22T15:28:43.622+0500] {logging_mixin.py:154} INFO - [2023-11-22T15:28:43.621+0500] {dag.py:2941} INFO - Sync 1 DAGs
[2023-11-22T15:28:43.712+0500] {logging_mixin.py:154} INFO - [2023-11-22T15:28:43.711+0500] {dag.py:3722} INFO - Setting next_dagrun for example_trigger_target_dag to None, run_after=None
[2023-11-22T15:28:43.939+0500] {processor.py:179} INFO - Processing /usr/local/lib/python3.10/dist-packages/airflow/example_dags/example_trigger_target_dag.py took 0.515 seconds
[2023-11-22T15:29:14.592+0500] {processor.py:157} INFO - Started process (PID=10413) to work on /usr/local/lib/python3.10/dist-packages/airflow/example_dags/example_trigger_target_dag.py
[2023-11-22T15:29:14.594+0500] {processor.py:829} INFO - Processing file /usr/local/lib/python3.10/dist-packages/airflow/example_dags/example_trigger_target_dag.py for tasks to queue
[2023-11-22T15:29:14.597+0500] {logging_mixin.py:154} INFO - [2023-11-22T15:29:14.596+0500] {dagbag.py:536} INFO - Filling up the DagBag from /usr/local/lib/python3.10/dist-packages/airflow/example_dags/example_trigger_target_dag.py
[2023-11-22T15:29:14.618+0500] {processor.py:839} INFO - DAG(s) dict_keys(['example_trigger_target_dag']) retrieved from /usr/local/lib/python3.10/dist-packages/airflow/example_dags/example_trigger_target_dag.py
[2023-11-22T15:29:14.724+0500] {logging_mixin.py:154} INFO - [2023-11-22T15:29:14.724+0500] {dag.py:2941} INFO - Sync 1 DAGs
[2023-11-22T15:29:14.785+0500] {logging_mixin.py:154} INFO - [2023-11-22T15:29:14.784+0500] {dag.py:3722} INFO - Setting next_dagrun for example_trigger_target_dag to None, run_after=None
[2023-11-22T15:29:14.884+0500] {processor.py:179} INFO - Processing /usr/local/lib/python3.10/dist-packages/airflow/example_dags/example_trigger_target_dag.py took 0.304 seconds
[2023-11-22T15:29:45.581+0500] {processor.py:157} INFO - Started process (PID=10810) to work on /usr/local/lib/python3.10/dist-packages/airflow/example_dags/example_trigger_target_dag.py
[2023-11-22T15:29:45.583+0500] {processor.py:829} INFO - Processing file /usr/local/lib/python3.10/dist-packages/airflow/example_dags/example_trigger_target_dag.py for tasks to queue
[2023-11-22T15:29:45.586+0500] {logging_mixin.py:154} INFO - [2023-11-22T15:29:45.585+0500] {dagbag.py:536} INFO - Filling up the DagBag from /usr/local/lib/python3.10/dist-packages/airflow/example_dags/example_trigger_target_dag.py
[2023-11-22T15:29:45.606+0500] {processor.py:839} INFO - DAG(s) dict_keys(['example_trigger_target_dag']) retrieved from /usr/local/lib/python3.10/dist-packages/airflow/example_dags/example_trigger_target_dag.py
[2023-11-22T15:29:45.708+0500] {logging_mixin.py:154} INFO - [2023-11-22T15:29:45.707+0500] {dag.py:2941} INFO - Sync 1 DAGs
[2023-11-22T15:29:45.765+0500] {logging_mixin.py:154} INFO - [2023-11-22T15:29:45.764+0500] {dag.py:3722} INFO - Setting next_dagrun for example_trigger_target_dag to None, run_after=None
[2023-11-22T15:29:45.851+0500] {processor.py:179} INFO - Processing /usr/local/lib/python3.10/dist-packages/airflow/example_dags/example_trigger_target_dag.py took 0.282 seconds
[2023-11-22T15:30:16.617+0500] {processor.py:157} INFO - Started process (PID=10948) to work on /usr/local/lib/python3.10/dist-packages/airflow/example_dags/example_trigger_target_dag.py
[2023-11-22T15:30:16.620+0500] {processor.py:829} INFO - Processing file /usr/local/lib/python3.10/dist-packages/airflow/example_dags/example_trigger_target_dag.py for tasks to queue
[2023-11-22T15:30:16.623+0500] {logging_mixin.py:154} INFO - [2023-11-22T15:30:16.622+0500] {dagbag.py:536} INFO - Filling up the DagBag from /usr/local/lib/python3.10/dist-packages/airflow/example_dags/example_trigger_target_dag.py
[2023-11-22T15:30:16.645+0500] {processor.py:839} INFO - DAG(s) dict_keys(['example_trigger_target_dag']) retrieved from /usr/local/lib/python3.10/dist-packages/airflow/example_dags/example_trigger_target_dag.py
[2023-11-22T15:30:16.746+0500] {logging_mixin.py:154} INFO - [2023-11-22T15:30:16.745+0500] {dag.py:2941} INFO - Sync 1 DAGs
[2023-11-22T15:30:16.804+0500] {logging_mixin.py:154} INFO - [2023-11-22T15:30:16.803+0500] {dag.py:3722} INFO - Setting next_dagrun for example_trigger_target_dag to None, run_after=None
[2023-11-22T15:30:16.881+0500] {processor.py:179} INFO - Processing /usr/local/lib/python3.10/dist-packages/airflow/example_dags/example_trigger_target_dag.py took 0.281 seconds
[2023-11-22T15:30:47.488+0500] {processor.py:157} INFO - Started process (PID=11156) to work on /usr/local/lib/python3.10/dist-packages/airflow/example_dags/example_trigger_target_dag.py
[2023-11-22T15:30:47.496+0500] {processor.py:829} INFO - Processing file /usr/local/lib/python3.10/dist-packages/airflow/example_dags/example_trigger_target_dag.py for tasks to queue
[2023-11-22T15:30:47.500+0500] {logging_mixin.py:154} INFO - [2023-11-22T15:30:47.498+0500] {dagbag.py:536} INFO - Filling up the DagBag from /usr/local/lib/python3.10/dist-packages/airflow/example_dags/example_trigger_target_dag.py
[2023-11-22T15:30:47.525+0500] {processor.py:839} INFO - DAG(s) dict_keys(['example_trigger_target_dag']) retrieved from /usr/local/lib/python3.10/dist-packages/airflow/example_dags/example_trigger_target_dag.py
[2023-11-22T15:30:47.686+0500] {logging_mixin.py:154} INFO - [2023-11-22T15:30:47.683+0500] {dag.py:2941} INFO - Sync 1 DAGs
[2023-11-22T15:30:47.748+0500] {logging_mixin.py:154} INFO - [2023-11-22T15:30:47.747+0500] {dag.py:3722} INFO - Setting next_dagrun for example_trigger_target_dag to None, run_after=None
[2023-11-22T15:30:47.860+0500] {processor.py:179} INFO - Processing /usr/local/lib/python3.10/dist-packages/airflow/example_dags/example_trigger_target_dag.py took 0.384 seconds
[2023-11-22T15:31:18.197+0500] {processor.py:157} INFO - Started process (PID=11304) to work on /usr/local/lib/python3.10/dist-packages/airflow/example_dags/example_trigger_target_dag.py
[2023-11-22T15:31:18.200+0500] {processor.py:829} INFO - Processing file /usr/local/lib/python3.10/dist-packages/airflow/example_dags/example_trigger_target_dag.py for tasks to queue
[2023-11-22T15:31:18.203+0500] {logging_mixin.py:154} INFO - [2023-11-22T15:31:18.202+0500] {dagbag.py:536} INFO - Filling up the DagBag from /usr/local/lib/python3.10/dist-packages/airflow/example_dags/example_trigger_target_dag.py
[2023-11-22T15:31:18.226+0500] {processor.py:839} INFO - DAG(s) dict_keys(['example_trigger_target_dag']) retrieved from /usr/local/lib/python3.10/dist-packages/airflow/example_dags/example_trigger_target_dag.py
[2023-11-22T15:31:18.332+0500] {logging_mixin.py:154} INFO - [2023-11-22T15:31:18.331+0500] {dag.py:2941} INFO - Sync 1 DAGs
[2023-11-22T15:31:18.393+0500] {logging_mixin.py:154} INFO - [2023-11-22T15:31:18.392+0500] {dag.py:3722} INFO - Setting next_dagrun for example_trigger_target_dag to None, run_after=None
[2023-11-22T15:31:18.510+0500] {processor.py:179} INFO - Processing /usr/local/lib/python3.10/dist-packages/airflow/example_dags/example_trigger_target_dag.py took 0.327 seconds
[2023-11-22T15:31:49.183+0500] {processor.py:157} INFO - Started process (PID=11446) to work on /usr/local/lib/python3.10/dist-packages/airflow/example_dags/example_trigger_target_dag.py
[2023-11-22T15:31:49.187+0500] {processor.py:829} INFO - Processing file /usr/local/lib/python3.10/dist-packages/airflow/example_dags/example_trigger_target_dag.py for tasks to queue
[2023-11-22T15:31:49.190+0500] {logging_mixin.py:154} INFO - [2023-11-22T15:31:49.189+0500] {dagbag.py:536} INFO - Filling up the DagBag from /usr/local/lib/python3.10/dist-packages/airflow/example_dags/example_trigger_target_dag.py
[2023-11-22T15:31:49.228+0500] {processor.py:839} INFO - DAG(s) dict_keys(['example_trigger_target_dag']) retrieved from /usr/local/lib/python3.10/dist-packages/airflow/example_dags/example_trigger_target_dag.py
[2023-11-22T15:31:49.353+0500] {logging_mixin.py:154} INFO - [2023-11-22T15:31:49.352+0500] {dag.py:2941} INFO - Sync 1 DAGs
[2023-11-22T15:31:49.427+0500] {logging_mixin.py:154} INFO - [2023-11-22T15:31:49.426+0500] {dag.py:3722} INFO - Setting next_dagrun for example_trigger_target_dag to None, run_after=None
[2023-11-22T15:31:49.529+0500] {processor.py:179} INFO - Processing /usr/local/lib/python3.10/dist-packages/airflow/example_dags/example_trigger_target_dag.py took 0.369 seconds
[2023-11-22T15:32:20.952+0500] {processor.py:157} INFO - Started process (PID=11633) to work on /usr/local/lib/python3.10/dist-packages/airflow/example_dags/example_trigger_target_dag.py
[2023-11-22T15:32:20.955+0500] {processor.py:829} INFO - Processing file /usr/local/lib/python3.10/dist-packages/airflow/example_dags/example_trigger_target_dag.py for tasks to queue
[2023-11-22T15:32:20.958+0500] {logging_mixin.py:154} INFO - [2023-11-22T15:32:20.957+0500] {dagbag.py:536} INFO - Filling up the DagBag from /usr/local/lib/python3.10/dist-packages/airflow/example_dags/example_trigger_target_dag.py
[2023-11-22T15:32:20.979+0500] {processor.py:839} INFO - DAG(s) dict_keys(['example_trigger_target_dag']) retrieved from /usr/local/lib/python3.10/dist-packages/airflow/example_dags/example_trigger_target_dag.py
[2023-11-22T15:32:21.091+0500] {logging_mixin.py:154} INFO - [2023-11-22T15:32:21.090+0500] {dag.py:2941} INFO - Sync 1 DAGs
[2023-11-22T15:32:21.158+0500] {logging_mixin.py:154} INFO - [2023-11-22T15:32:21.157+0500] {dag.py:3722} INFO - Setting next_dagrun for example_trigger_target_dag to None, run_after=None
[2023-11-22T15:32:21.239+0500] {processor.py:179} INFO - Processing /usr/local/lib/python3.10/dist-packages/airflow/example_dags/example_trigger_target_dag.py took 0.302 seconds
[2023-11-22T15:32:52.034+0500] {processor.py:157} INFO - Started process (PID=11773) to work on /usr/local/lib/python3.10/dist-packages/airflow/example_dags/example_trigger_target_dag.py
[2023-11-22T15:32:52.037+0500] {processor.py:829} INFO - Processing file /usr/local/lib/python3.10/dist-packages/airflow/example_dags/example_trigger_target_dag.py for tasks to queue
[2023-11-22T15:32:52.040+0500] {logging_mixin.py:154} INFO - [2023-11-22T15:32:52.039+0500] {dagbag.py:536} INFO - Filling up the DagBag from /usr/local/lib/python3.10/dist-packages/airflow/example_dags/example_trigger_target_dag.py
[2023-11-22T15:32:52.072+0500] {processor.py:839} INFO - DAG(s) dict_keys(['example_trigger_target_dag']) retrieved from /usr/local/lib/python3.10/dist-packages/airflow/example_dags/example_trigger_target_dag.py
[2023-11-22T15:32:52.207+0500] {logging_mixin.py:154} INFO - [2023-11-22T15:32:52.206+0500] {dag.py:2941} INFO - Sync 1 DAGs
[2023-11-22T15:32:52.304+0500] {logging_mixin.py:154} INFO - [2023-11-22T15:32:52.303+0500] {dag.py:3722} INFO - Setting next_dagrun for example_trigger_target_dag to None, run_after=None
[2023-11-22T15:32:52.391+0500] {processor.py:179} INFO - Processing /usr/local/lib/python3.10/dist-packages/airflow/example_dags/example_trigger_target_dag.py took 0.376 seconds
[2023-11-22T15:33:22.747+0500] {processor.py:157} INFO - Started process (PID=11935) to work on /usr/local/lib/python3.10/dist-packages/airflow/example_dags/example_trigger_target_dag.py
[2023-11-22T15:33:22.751+0500] {processor.py:829} INFO - Processing file /usr/local/lib/python3.10/dist-packages/airflow/example_dags/example_trigger_target_dag.py for tasks to queue
[2023-11-22T15:33:22.754+0500] {logging_mixin.py:154} INFO - [2023-11-22T15:33:22.753+0500] {dagbag.py:536} INFO - Filling up the DagBag from /usr/local/lib/python3.10/dist-packages/airflow/example_dags/example_trigger_target_dag.py
[2023-11-22T15:33:22.778+0500] {processor.py:839} INFO - DAG(s) dict_keys(['example_trigger_target_dag']) retrieved from /usr/local/lib/python3.10/dist-packages/airflow/example_dags/example_trigger_target_dag.py
[2023-11-22T15:33:22.880+0500] {logging_mixin.py:154} INFO - [2023-11-22T15:33:22.880+0500] {dag.py:2941} INFO - Sync 1 DAGs
[2023-11-22T15:33:22.944+0500] {logging_mixin.py:154} INFO - [2023-11-22T15:33:22.943+0500] {dag.py:3722} INFO - Setting next_dagrun for example_trigger_target_dag to None, run_after=None
[2023-11-22T15:33:23.051+0500] {processor.py:179} INFO - Processing /usr/local/lib/python3.10/dist-packages/airflow/example_dags/example_trigger_target_dag.py took 0.314 seconds
[2023-11-22T15:33:53.805+0500] {processor.py:157} INFO - Started process (PID=12091) to work on /usr/local/lib/python3.10/dist-packages/airflow/example_dags/example_trigger_target_dag.py
[2023-11-22T15:33:53.809+0500] {processor.py:829} INFO - Processing file /usr/local/lib/python3.10/dist-packages/airflow/example_dags/example_trigger_target_dag.py for tasks to queue
[2023-11-22T15:33:53.815+0500] {logging_mixin.py:154} INFO - [2023-11-22T15:33:53.814+0500] {dagbag.py:536} INFO - Filling up the DagBag from /usr/local/lib/python3.10/dist-packages/airflow/example_dags/example_trigger_target_dag.py
[2023-11-22T15:33:53.846+0500] {processor.py:839} INFO - DAG(s) dict_keys(['example_trigger_target_dag']) retrieved from /usr/local/lib/python3.10/dist-packages/airflow/example_dags/example_trigger_target_dag.py
[2023-11-22T15:33:53.971+0500] {logging_mixin.py:154} INFO - [2023-11-22T15:33:53.971+0500] {dag.py:2941} INFO - Sync 1 DAGs
[2023-11-22T15:33:54.034+0500] {logging_mixin.py:154} INFO - [2023-11-22T15:33:54.033+0500] {dag.py:3722} INFO - Setting next_dagrun for example_trigger_target_dag to None, run_after=None
[2023-11-22T15:33:54.120+0500] {processor.py:179} INFO - Processing /usr/local/lib/python3.10/dist-packages/airflow/example_dags/example_trigger_target_dag.py took 0.332 seconds
[2023-11-22T15:34:26.143+0500] {processor.py:157} INFO - Started process (PID=12220) to work on /usr/local/lib/python3.10/dist-packages/airflow/example_dags/example_trigger_target_dag.py
[2023-11-22T15:34:26.146+0500] {processor.py:829} INFO - Processing file /usr/local/lib/python3.10/dist-packages/airflow/example_dags/example_trigger_target_dag.py for tasks to queue
[2023-11-22T15:34:26.150+0500] {logging_mixin.py:154} INFO - [2023-11-22T15:34:26.148+0500] {dagbag.py:536} INFO - Filling up the DagBag from /usr/local/lib/python3.10/dist-packages/airflow/example_dags/example_trigger_target_dag.py
[2023-11-22T15:34:26.177+0500] {processor.py:839} INFO - DAG(s) dict_keys(['example_trigger_target_dag']) retrieved from /usr/local/lib/python3.10/dist-packages/airflow/example_dags/example_trigger_target_dag.py
[2023-11-22T15:34:26.309+0500] {logging_mixin.py:154} INFO - [2023-11-22T15:34:26.308+0500] {dag.py:2941} INFO - Sync 1 DAGs
[2023-11-22T15:34:26.383+0500] {logging_mixin.py:154} INFO - [2023-11-22T15:34:26.382+0500] {dag.py:3722} INFO - Setting next_dagrun for example_trigger_target_dag to None, run_after=None
[2023-11-22T15:34:26.476+0500] {processor.py:179} INFO - Processing /usr/local/lib/python3.10/dist-packages/airflow/example_dags/example_trigger_target_dag.py took 0.349 seconds
[2023-11-22T15:35:00.317+0500] {processor.py:157} INFO - Started process (PID=12450) to work on /usr/local/lib/python3.10/dist-packages/airflow/example_dags/example_trigger_target_dag.py
[2023-11-22T15:35:00.334+0500] {processor.py:829} INFO - Processing file /usr/local/lib/python3.10/dist-packages/airflow/example_dags/example_trigger_target_dag.py for tasks to queue
[2023-11-22T15:35:00.340+0500] {logging_mixin.py:154} INFO - [2023-11-22T15:35:00.336+0500] {dagbag.py:536} INFO - Filling up the DagBag from /usr/local/lib/python3.10/dist-packages/airflow/example_dags/example_trigger_target_dag.py
[2023-11-22T15:35:00.482+0500] {processor.py:839} INFO - DAG(s) dict_keys(['example_trigger_target_dag']) retrieved from /usr/local/lib/python3.10/dist-packages/airflow/example_dags/example_trigger_target_dag.py
[2023-11-22T15:35:00.652+0500] {logging_mixin.py:154} INFO - [2023-11-22T15:35:00.651+0500] {dag.py:2941} INFO - Sync 1 DAGs
[2023-11-22T15:35:00.805+0500] {logging_mixin.py:154} INFO - [2023-11-22T15:35:00.804+0500] {dag.py:3722} INFO - Setting next_dagrun for example_trigger_target_dag to None, run_after=None
[2023-11-22T15:35:00.907+0500] {processor.py:179} INFO - Processing /usr/local/lib/python3.10/dist-packages/airflow/example_dags/example_trigger_target_dag.py took 0.614 seconds
[2023-11-22T15:35:36.878+0500] {processor.py:157} INFO - Started process (PID=13062) to work on /usr/local/lib/python3.10/dist-packages/airflow/example_dags/example_trigger_target_dag.py
[2023-11-22T15:35:36.886+0500] {processor.py:829} INFO - Processing file /usr/local/lib/python3.10/dist-packages/airflow/example_dags/example_trigger_target_dag.py for tasks to queue
[2023-11-22T15:35:36.889+0500] {logging_mixin.py:154} INFO - [2023-11-22T15:35:36.888+0500] {dagbag.py:536} INFO - Filling up the DagBag from /usr/local/lib/python3.10/dist-packages/airflow/example_dags/example_trigger_target_dag.py
[2023-11-22T15:35:36.937+0500] {processor.py:839} INFO - DAG(s) dict_keys(['example_trigger_target_dag']) retrieved from /usr/local/lib/python3.10/dist-packages/airflow/example_dags/example_trigger_target_dag.py
[2023-11-22T15:35:37.162+0500] {logging_mixin.py:154} INFO - [2023-11-22T15:35:37.161+0500] {dag.py:2941} INFO - Sync 1 DAGs
[2023-11-22T15:35:37.385+0500] {logging_mixin.py:154} INFO - [2023-11-22T15:35:37.385+0500] {dag.py:3722} INFO - Setting next_dagrun for example_trigger_target_dag to None, run_after=None
[2023-11-22T15:35:37.626+0500] {processor.py:179} INFO - Processing /usr/local/lib/python3.10/dist-packages/airflow/example_dags/example_trigger_target_dag.py took 0.766 seconds
[2023-11-22T15:40:06.150+0500] {processor.py:157} INFO - Started process (PID=13461) to work on /usr/local/lib/python3.10/dist-packages/airflow/example_dags/example_trigger_target_dag.py
[2023-11-22T15:40:06.152+0500] {processor.py:829} INFO - Processing file /usr/local/lib/python3.10/dist-packages/airflow/example_dags/example_trigger_target_dag.py for tasks to queue
[2023-11-22T15:40:06.155+0500] {logging_mixin.py:154} INFO - [2023-11-22T15:40:06.154+0500] {dagbag.py:536} INFO - Filling up the DagBag from /usr/local/lib/python3.10/dist-packages/airflow/example_dags/example_trigger_target_dag.py
[2023-11-22T15:40:06.185+0500] {processor.py:839} INFO - DAG(s) dict_keys(['example_trigger_target_dag']) retrieved from /usr/local/lib/python3.10/dist-packages/airflow/example_dags/example_trigger_target_dag.py
[2023-11-22T15:40:06.310+0500] {logging_mixin.py:154} INFO - [2023-11-22T15:40:06.309+0500] {dag.py:2941} INFO - Sync 1 DAGs
[2023-11-22T15:40:06.372+0500] {logging_mixin.py:154} INFO - [2023-11-22T15:40:06.371+0500] {dag.py:3722} INFO - Setting next_dagrun for example_trigger_target_dag to None, run_after=None
[2023-11-22T15:40:06.447+0500] {processor.py:179} INFO - Processing /usr/local/lib/python3.10/dist-packages/airflow/example_dags/example_trigger_target_dag.py took 0.316 seconds
[2023-11-22T15:40:38.032+0500] {processor.py:157} INFO - Started process (PID=13602) to work on /usr/local/lib/python3.10/dist-packages/airflow/example_dags/example_trigger_target_dag.py
[2023-11-22T15:40:38.035+0500] {processor.py:829} INFO - Processing file /usr/local/lib/python3.10/dist-packages/airflow/example_dags/example_trigger_target_dag.py for tasks to queue
[2023-11-22T15:40:38.040+0500] {logging_mixin.py:154} INFO - [2023-11-22T15:40:38.039+0500] {dagbag.py:536} INFO - Filling up the DagBag from /usr/local/lib/python3.10/dist-packages/airflow/example_dags/example_trigger_target_dag.py
[2023-11-22T15:40:38.071+0500] {processor.py:839} INFO - DAG(s) dict_keys(['example_trigger_target_dag']) retrieved from /usr/local/lib/python3.10/dist-packages/airflow/example_dags/example_trigger_target_dag.py
[2023-11-22T15:40:38.201+0500] {logging_mixin.py:154} INFO - [2023-11-22T15:40:38.195+0500] {dag.py:2941} INFO - Sync 1 DAGs
[2023-11-22T15:40:38.340+0500] {logging_mixin.py:154} INFO - [2023-11-22T15:40:38.340+0500] {dag.py:3722} INFO - Setting next_dagrun for example_trigger_target_dag to None, run_after=None
[2023-11-22T15:40:38.527+0500] {processor.py:179} INFO - Processing /usr/local/lib/python3.10/dist-packages/airflow/example_dags/example_trigger_target_dag.py took 0.507 seconds
[2023-11-22T15:41:09.240+0500] {processor.py:157} INFO - Started process (PID=13743) to work on /usr/local/lib/python3.10/dist-packages/airflow/example_dags/example_trigger_target_dag.py
[2023-11-22T15:41:09.243+0500] {processor.py:829} INFO - Processing file /usr/local/lib/python3.10/dist-packages/airflow/example_dags/example_trigger_target_dag.py for tasks to queue
[2023-11-22T15:41:09.246+0500] {logging_mixin.py:154} INFO - [2023-11-22T15:41:09.245+0500] {dagbag.py:536} INFO - Filling up the DagBag from /usr/local/lib/python3.10/dist-packages/airflow/example_dags/example_trigger_target_dag.py
[2023-11-22T15:41:09.268+0500] {processor.py:839} INFO - DAG(s) dict_keys(['example_trigger_target_dag']) retrieved from /usr/local/lib/python3.10/dist-packages/airflow/example_dags/example_trigger_target_dag.py
[2023-11-22T15:41:09.375+0500] {logging_mixin.py:154} INFO - [2023-11-22T15:41:09.374+0500] {dag.py:2941} INFO - Sync 1 DAGs
[2023-11-22T15:41:09.442+0500] {logging_mixin.py:154} INFO - [2023-11-22T15:41:09.442+0500] {dag.py:3722} INFO - Setting next_dagrun for example_trigger_target_dag to None, run_after=None
[2023-11-22T15:41:09.592+0500] {processor.py:179} INFO - Processing /usr/local/lib/python3.10/dist-packages/airflow/example_dags/example_trigger_target_dag.py took 0.365 seconds
[2023-11-22T15:41:39.857+0500] {processor.py:157} INFO - Started process (PID=13900) to work on /usr/local/lib/python3.10/dist-packages/airflow/example_dags/example_trigger_target_dag.py
[2023-11-22T15:41:39.861+0500] {processor.py:829} INFO - Processing file /usr/local/lib/python3.10/dist-packages/airflow/example_dags/example_trigger_target_dag.py for tasks to queue
[2023-11-22T15:41:39.865+0500] {logging_mixin.py:154} INFO - [2023-11-22T15:41:39.864+0500] {dagbag.py:536} INFO - Filling up the DagBag from /usr/local/lib/python3.10/dist-packages/airflow/example_dags/example_trigger_target_dag.py
[2023-11-22T15:41:39.889+0500] {processor.py:839} INFO - DAG(s) dict_keys(['example_trigger_target_dag']) retrieved from /usr/local/lib/python3.10/dist-packages/airflow/example_dags/example_trigger_target_dag.py
[2023-11-22T15:41:39.991+0500] {logging_mixin.py:154} INFO - [2023-11-22T15:41:39.990+0500] {dag.py:2941} INFO - Sync 1 DAGs
[2023-11-22T15:41:40.049+0500] {logging_mixin.py:154} INFO - [2023-11-22T15:41:40.049+0500] {dag.py:3722} INFO - Setting next_dagrun for example_trigger_target_dag to None, run_after=None
[2023-11-22T15:41:40.148+0500] {processor.py:179} INFO - Processing /usr/local/lib/python3.10/dist-packages/airflow/example_dags/example_trigger_target_dag.py took 0.301 seconds
[2023-11-22T15:42:10.595+0500] {processor.py:157} INFO - Started process (PID=14058) to work on /usr/local/lib/python3.10/dist-packages/airflow/example_dags/example_trigger_target_dag.py
[2023-11-22T15:42:10.598+0500] {processor.py:829} INFO - Processing file /usr/local/lib/python3.10/dist-packages/airflow/example_dags/example_trigger_target_dag.py for tasks to queue
[2023-11-22T15:42:10.601+0500] {logging_mixin.py:154} INFO - [2023-11-22T15:42:10.600+0500] {dagbag.py:536} INFO - Filling up the DagBag from /usr/local/lib/python3.10/dist-packages/airflow/example_dags/example_trigger_target_dag.py
[2023-11-22T15:42:10.625+0500] {processor.py:839} INFO - DAG(s) dict_keys(['example_trigger_target_dag']) retrieved from /usr/local/lib/python3.10/dist-packages/airflow/example_dags/example_trigger_target_dag.py
[2023-11-22T15:42:10.811+0500] {logging_mixin.py:154} INFO - [2023-11-22T15:42:10.810+0500] {dag.py:2941} INFO - Sync 1 DAGs
[2023-11-22T15:42:10.884+0500] {logging_mixin.py:154} INFO - [2023-11-22T15:42:10.883+0500] {dag.py:3722} INFO - Setting next_dagrun for example_trigger_target_dag to None, run_after=None
[2023-11-22T15:42:11.023+0500] {processor.py:179} INFO - Processing /usr/local/lib/python3.10/dist-packages/airflow/example_dags/example_trigger_target_dag.py took 0.439 seconds
[2023-11-22T15:42:41.540+0500] {processor.py:157} INFO - Started process (PID=14213) to work on /usr/local/lib/python3.10/dist-packages/airflow/example_dags/example_trigger_target_dag.py
[2023-11-22T15:42:41.543+0500] {processor.py:829} INFO - Processing file /usr/local/lib/python3.10/dist-packages/airflow/example_dags/example_trigger_target_dag.py for tasks to queue
[2023-11-22T15:42:41.546+0500] {logging_mixin.py:154} INFO - [2023-11-22T15:42:41.545+0500] {dagbag.py:536} INFO - Filling up the DagBag from /usr/local/lib/python3.10/dist-packages/airflow/example_dags/example_trigger_target_dag.py
[2023-11-22T15:42:41.568+0500] {processor.py:839} INFO - DAG(s) dict_keys(['example_trigger_target_dag']) retrieved from /usr/local/lib/python3.10/dist-packages/airflow/example_dags/example_trigger_target_dag.py
[2023-11-22T15:42:41.676+0500] {logging_mixin.py:154} INFO - [2023-11-22T15:42:41.675+0500] {dag.py:2941} INFO - Sync 1 DAGs
[2023-11-22T15:42:41.744+0500] {logging_mixin.py:154} INFO - [2023-11-22T15:42:41.744+0500] {dag.py:3722} INFO - Setting next_dagrun for example_trigger_target_dag to None, run_after=None
[2023-11-22T15:42:41.822+0500] {processor.py:179} INFO - Processing /usr/local/lib/python3.10/dist-packages/airflow/example_dags/example_trigger_target_dag.py took 0.294 seconds
[2023-11-22T15:43:12.281+0500] {processor.py:157} INFO - Started process (PID=14339) to work on /usr/local/lib/python3.10/dist-packages/airflow/example_dags/example_trigger_target_dag.py
[2023-11-22T15:43:12.285+0500] {processor.py:829} INFO - Processing file /usr/local/lib/python3.10/dist-packages/airflow/example_dags/example_trigger_target_dag.py for tasks to queue
[2023-11-22T15:43:12.288+0500] {logging_mixin.py:154} INFO - [2023-11-22T15:43:12.287+0500] {dagbag.py:536} INFO - Filling up the DagBag from /usr/local/lib/python3.10/dist-packages/airflow/example_dags/example_trigger_target_dag.py
[2023-11-22T15:43:12.309+0500] {processor.py:839} INFO - DAG(s) dict_keys(['example_trigger_target_dag']) retrieved from /usr/local/lib/python3.10/dist-packages/airflow/example_dags/example_trigger_target_dag.py
[2023-11-22T15:43:12.407+0500] {logging_mixin.py:154} INFO - [2023-11-22T15:43:12.407+0500] {dag.py:2941} INFO - Sync 1 DAGs
[2023-11-22T15:43:12.466+0500] {logging_mixin.py:154} INFO - [2023-11-22T15:43:12.465+0500] {dag.py:3722} INFO - Setting next_dagrun for example_trigger_target_dag to None, run_after=None
[2023-11-22T15:43:12.547+0500] {processor.py:179} INFO - Processing /usr/local/lib/python3.10/dist-packages/airflow/example_dags/example_trigger_target_dag.py took 0.280 seconds
[2023-11-22T15:43:42.748+0500] {processor.py:157} INFO - Started process (PID=14475) to work on /usr/local/lib/python3.10/dist-packages/airflow/example_dags/example_trigger_target_dag.py
[2023-11-22T15:43:42.751+0500] {processor.py:829} INFO - Processing file /usr/local/lib/python3.10/dist-packages/airflow/example_dags/example_trigger_target_dag.py for tasks to queue
[2023-11-22T15:43:42.754+0500] {logging_mixin.py:154} INFO - [2023-11-22T15:43:42.753+0500] {dagbag.py:536} INFO - Filling up the DagBag from /usr/local/lib/python3.10/dist-packages/airflow/example_dags/example_trigger_target_dag.py
[2023-11-22T15:43:42.776+0500] {processor.py:839} INFO - DAG(s) dict_keys(['example_trigger_target_dag']) retrieved from /usr/local/lib/python3.10/dist-packages/airflow/example_dags/example_trigger_target_dag.py
[2023-11-22T15:43:42.875+0500] {logging_mixin.py:154} INFO - [2023-11-22T15:43:42.874+0500] {dag.py:2941} INFO - Sync 1 DAGs
[2023-11-22T15:43:42.936+0500] {logging_mixin.py:154} INFO - [2023-11-22T15:43:42.936+0500] {dag.py:3722} INFO - Setting next_dagrun for example_trigger_target_dag to None, run_after=None
[2023-11-22T15:43:43.016+0500] {processor.py:179} INFO - Processing /usr/local/lib/python3.10/dist-packages/airflow/example_dags/example_trigger_target_dag.py took 0.280 seconds
[2023-11-22T15:44:13.471+0500] {processor.py:157} INFO - Started process (PID=14618) to work on /usr/local/lib/python3.10/dist-packages/airflow/example_dags/example_trigger_target_dag.py
[2023-11-22T15:44:13.478+0500] {processor.py:829} INFO - Processing file /usr/local/lib/python3.10/dist-packages/airflow/example_dags/example_trigger_target_dag.py for tasks to queue
[2023-11-22T15:44:13.481+0500] {logging_mixin.py:154} INFO - [2023-11-22T15:44:13.480+0500] {dagbag.py:536} INFO - Filling up the DagBag from /usr/local/lib/python3.10/dist-packages/airflow/example_dags/example_trigger_target_dag.py
[2023-11-22T15:44:13.536+0500] {processor.py:839} INFO - DAG(s) dict_keys(['example_trigger_target_dag']) retrieved from /usr/local/lib/python3.10/dist-packages/airflow/example_dags/example_trigger_target_dag.py
[2023-11-22T15:44:13.666+0500] {logging_mixin.py:154} INFO - [2023-11-22T15:44:13.665+0500] {dag.py:2941} INFO - Sync 1 DAGs
[2023-11-22T15:44:13.725+0500] {logging_mixin.py:154} INFO - [2023-11-22T15:44:13.724+0500] {dag.py:3722} INFO - Setting next_dagrun for example_trigger_target_dag to None, run_after=None
[2023-11-22T15:44:13.824+0500] {processor.py:179} INFO - Processing /usr/local/lib/python3.10/dist-packages/airflow/example_dags/example_trigger_target_dag.py took 0.384 seconds
[2023-11-22T15:44:43.969+0500] {processor.py:157} INFO - Started process (PID=14770) to work on /usr/local/lib/python3.10/dist-packages/airflow/example_dags/example_trigger_target_dag.py
[2023-11-22T15:44:43.973+0500] {processor.py:829} INFO - Processing file /usr/local/lib/python3.10/dist-packages/airflow/example_dags/example_trigger_target_dag.py for tasks to queue
[2023-11-22T15:44:43.976+0500] {logging_mixin.py:154} INFO - [2023-11-22T15:44:43.975+0500] {dagbag.py:536} INFO - Filling up the DagBag from /usr/local/lib/python3.10/dist-packages/airflow/example_dags/example_trigger_target_dag.py
[2023-11-22T15:44:44.000+0500] {processor.py:839} INFO - DAG(s) dict_keys(['example_trigger_target_dag']) retrieved from /usr/local/lib/python3.10/dist-packages/airflow/example_dags/example_trigger_target_dag.py
[2023-11-22T15:44:44.110+0500] {logging_mixin.py:154} INFO - [2023-11-22T15:44:44.109+0500] {dag.py:2941} INFO - Sync 1 DAGs
[2023-11-22T15:44:44.172+0500] {logging_mixin.py:154} INFO - [2023-11-22T15:44:44.171+0500] {dag.py:3722} INFO - Setting next_dagrun for example_trigger_target_dag to None, run_after=None
[2023-11-22T15:44:44.263+0500] {processor.py:179} INFO - Processing /usr/local/lib/python3.10/dist-packages/airflow/example_dags/example_trigger_target_dag.py took 0.307 seconds
[2023-11-22T15:45:14.373+0500] {processor.py:157} INFO - Started process (PID=14934) to work on /usr/local/lib/python3.10/dist-packages/airflow/example_dags/example_trigger_target_dag.py
[2023-11-22T15:45:14.376+0500] {processor.py:829} INFO - Processing file /usr/local/lib/python3.10/dist-packages/airflow/example_dags/example_trigger_target_dag.py for tasks to queue
[2023-11-22T15:45:14.378+0500] {logging_mixin.py:154} INFO - [2023-11-22T15:45:14.377+0500] {dagbag.py:536} INFO - Filling up the DagBag from /usr/local/lib/python3.10/dist-packages/airflow/example_dags/example_trigger_target_dag.py
[2023-11-22T15:45:14.403+0500] {processor.py:839} INFO - DAG(s) dict_keys(['example_trigger_target_dag']) retrieved from /usr/local/lib/python3.10/dist-packages/airflow/example_dags/example_trigger_target_dag.py
[2023-11-22T15:45:14.511+0500] {logging_mixin.py:154} INFO - [2023-11-22T15:45:14.510+0500] {dag.py:2941} INFO - Sync 1 DAGs
[2023-11-22T15:45:14.579+0500] {logging_mixin.py:154} INFO - [2023-11-22T15:45:14.578+0500] {dag.py:3722} INFO - Setting next_dagrun for example_trigger_target_dag to None, run_after=None
[2023-11-22T15:45:14.664+0500] {processor.py:179} INFO - Processing /usr/local/lib/python3.10/dist-packages/airflow/example_dags/example_trigger_target_dag.py took 0.305 seconds
[2023-11-22T15:45:44.802+0500] {processor.py:157} INFO - Started process (PID=15077) to work on /usr/local/lib/python3.10/dist-packages/airflow/example_dags/example_trigger_target_dag.py
[2023-11-22T15:45:44.807+0500] {processor.py:829} INFO - Processing file /usr/local/lib/python3.10/dist-packages/airflow/example_dags/example_trigger_target_dag.py for tasks to queue
[2023-11-22T15:45:44.809+0500] {logging_mixin.py:154} INFO - [2023-11-22T15:45:44.809+0500] {dagbag.py:536} INFO - Filling up the DagBag from /usr/local/lib/python3.10/dist-packages/airflow/example_dags/example_trigger_target_dag.py
[2023-11-22T15:45:44.830+0500] {processor.py:839} INFO - DAG(s) dict_keys(['example_trigger_target_dag']) retrieved from /usr/local/lib/python3.10/dist-packages/airflow/example_dags/example_trigger_target_dag.py
[2023-11-22T15:45:44.928+0500] {logging_mixin.py:154} INFO - [2023-11-22T15:45:44.927+0500] {dag.py:2941} INFO - Sync 1 DAGs
[2023-11-22T15:45:44.984+0500] {logging_mixin.py:154} INFO - [2023-11-22T15:45:44.984+0500] {dag.py:3722} INFO - Setting next_dagrun for example_trigger_target_dag to None, run_after=None
[2023-11-22T15:45:45.063+0500] {processor.py:179} INFO - Processing /usr/local/lib/python3.10/dist-packages/airflow/example_dags/example_trigger_target_dag.py took 0.272 seconds
[2023-11-22T15:46:15.332+0500] {processor.py:157} INFO - Started process (PID=15195) to work on /usr/local/lib/python3.10/dist-packages/airflow/example_dags/example_trigger_target_dag.py
[2023-11-22T15:46:15.335+0500] {processor.py:829} INFO - Processing file /usr/local/lib/python3.10/dist-packages/airflow/example_dags/example_trigger_target_dag.py for tasks to queue
[2023-11-22T15:46:15.338+0500] {logging_mixin.py:154} INFO - [2023-11-22T15:46:15.337+0500] {dagbag.py:536} INFO - Filling up the DagBag from /usr/local/lib/python3.10/dist-packages/airflow/example_dags/example_trigger_target_dag.py
[2023-11-22T15:46:15.359+0500] {processor.py:839} INFO - DAG(s) dict_keys(['example_trigger_target_dag']) retrieved from /usr/local/lib/python3.10/dist-packages/airflow/example_dags/example_trigger_target_dag.py
[2023-11-22T15:46:15.459+0500] {logging_mixin.py:154} INFO - [2023-11-22T15:46:15.458+0500] {dag.py:2941} INFO - Sync 1 DAGs
[2023-11-22T15:46:15.518+0500] {logging_mixin.py:154} INFO - [2023-11-22T15:46:15.517+0500] {dag.py:3722} INFO - Setting next_dagrun for example_trigger_target_dag to None, run_after=None
[2023-11-22T15:46:15.593+0500] {processor.py:179} INFO - Processing /usr/local/lib/python3.10/dist-packages/airflow/example_dags/example_trigger_target_dag.py took 0.271 seconds
[2023-11-22T15:46:46.070+0500] {processor.py:157} INFO - Started process (PID=15340) to work on /usr/local/lib/python3.10/dist-packages/airflow/example_dags/example_trigger_target_dag.py
[2023-11-22T15:46:46.075+0500] {processor.py:829} INFO - Processing file /usr/local/lib/python3.10/dist-packages/airflow/example_dags/example_trigger_target_dag.py for tasks to queue
[2023-11-22T15:46:46.078+0500] {logging_mixin.py:154} INFO - [2023-11-22T15:46:46.077+0500] {dagbag.py:536} INFO - Filling up the DagBag from /usr/local/lib/python3.10/dist-packages/airflow/example_dags/example_trigger_target_dag.py
[2023-11-22T15:46:46.098+0500] {processor.py:839} INFO - DAG(s) dict_keys(['example_trigger_target_dag']) retrieved from /usr/local/lib/python3.10/dist-packages/airflow/example_dags/example_trigger_target_dag.py
[2023-11-22T15:46:46.199+0500] {logging_mixin.py:154} INFO - [2023-11-22T15:46:46.198+0500] {dag.py:2941} INFO - Sync 1 DAGs
[2023-11-22T15:46:46.261+0500] {logging_mixin.py:154} INFO - [2023-11-22T15:46:46.261+0500] {dag.py:3722} INFO - Setting next_dagrun for example_trigger_target_dag to None, run_after=None
[2023-11-22T15:46:46.350+0500] {processor.py:179} INFO - Processing /usr/local/lib/python3.10/dist-packages/airflow/example_dags/example_trigger_target_dag.py took 0.291 seconds
[2023-11-22T15:47:16.515+0500] {processor.py:157} INFO - Started process (PID=15519) to work on /usr/local/lib/python3.10/dist-packages/airflow/example_dags/example_trigger_target_dag.py
[2023-11-22T15:47:16.519+0500] {processor.py:829} INFO - Processing file /usr/local/lib/python3.10/dist-packages/airflow/example_dags/example_trigger_target_dag.py for tasks to queue
[2023-11-22T15:47:16.524+0500] {logging_mixin.py:154} INFO - [2023-11-22T15:47:16.522+0500] {dagbag.py:536} INFO - Filling up the DagBag from /usr/local/lib/python3.10/dist-packages/airflow/example_dags/example_trigger_target_dag.py
[2023-11-22T15:47:16.557+0500] {processor.py:839} INFO - DAG(s) dict_keys(['example_trigger_target_dag']) retrieved from /usr/local/lib/python3.10/dist-packages/airflow/example_dags/example_trigger_target_dag.py
[2023-11-22T15:47:16.656+0500] {logging_mixin.py:154} INFO - [2023-11-22T15:47:16.656+0500] {dag.py:2941} INFO - Sync 1 DAGs
[2023-11-22T15:47:16.714+0500] {logging_mixin.py:154} INFO - [2023-11-22T15:47:16.714+0500] {dag.py:3722} INFO - Setting next_dagrun for example_trigger_target_dag to None, run_after=None
[2023-11-22T15:47:16.813+0500] {processor.py:179} INFO - Processing /usr/local/lib/python3.10/dist-packages/airflow/example_dags/example_trigger_target_dag.py took 0.309 seconds
[2023-11-22T15:47:48.082+0500] {processor.py:157} INFO - Started process (PID=15672) to work on /usr/local/lib/python3.10/dist-packages/airflow/example_dags/example_trigger_target_dag.py
[2023-11-22T15:47:48.084+0500] {processor.py:829} INFO - Processing file /usr/local/lib/python3.10/dist-packages/airflow/example_dags/example_trigger_target_dag.py for tasks to queue
[2023-11-22T15:47:48.087+0500] {logging_mixin.py:154} INFO - [2023-11-22T15:47:48.086+0500] {dagbag.py:536} INFO - Filling up the DagBag from /usr/local/lib/python3.10/dist-packages/airflow/example_dags/example_trigger_target_dag.py
[2023-11-22T15:47:48.107+0500] {processor.py:839} INFO - DAG(s) dict_keys(['example_trigger_target_dag']) retrieved from /usr/local/lib/python3.10/dist-packages/airflow/example_dags/example_trigger_target_dag.py
[2023-11-22T15:47:48.197+0500] {logging_mixin.py:154} INFO - [2023-11-22T15:47:48.197+0500] {dag.py:2941} INFO - Sync 1 DAGs
[2023-11-22T15:47:48.251+0500] {logging_mixin.py:154} INFO - [2023-11-22T15:47:48.250+0500] {dag.py:3722} INFO - Setting next_dagrun for example_trigger_target_dag to None, run_after=None
[2023-11-22T15:47:48.322+0500] {processor.py:179} INFO - Processing /usr/local/lib/python3.10/dist-packages/airflow/example_dags/example_trigger_target_dag.py took 0.254 seconds
[2023-11-22T15:48:20.613+0500] {processor.py:157} INFO - Started process (PID=15811) to work on /usr/local/lib/python3.10/dist-packages/airflow/example_dags/example_trigger_target_dag.py
[2023-11-22T15:48:20.616+0500] {processor.py:829} INFO - Processing file /usr/local/lib/python3.10/dist-packages/airflow/example_dags/example_trigger_target_dag.py for tasks to queue
[2023-11-22T15:48:20.627+0500] {logging_mixin.py:154} INFO - [2023-11-22T15:48:20.625+0500] {dagbag.py:536} INFO - Filling up the DagBag from /usr/local/lib/python3.10/dist-packages/airflow/example_dags/example_trigger_target_dag.py
[2023-11-22T15:48:20.651+0500] {processor.py:839} INFO - DAG(s) dict_keys(['example_trigger_target_dag']) retrieved from /usr/local/lib/python3.10/dist-packages/airflow/example_dags/example_trigger_target_dag.py
[2023-11-22T15:48:20.798+0500] {logging_mixin.py:154} INFO - [2023-11-22T15:48:20.794+0500] {dag.py:2941} INFO - Sync 1 DAGs
[2023-11-22T15:48:20.958+0500] {logging_mixin.py:154} INFO - [2023-11-22T15:48:20.957+0500] {dag.py:3722} INFO - Setting next_dagrun for example_trigger_target_dag to None, run_after=None
[2023-11-22T15:48:21.070+0500] {processor.py:179} INFO - Processing /usr/local/lib/python3.10/dist-packages/airflow/example_dags/example_trigger_target_dag.py took 0.476 seconds
[2023-11-22T15:48:52.541+0500] {processor.py:157} INFO - Started process (PID=15950) to work on /usr/local/lib/python3.10/dist-packages/airflow/example_dags/example_trigger_target_dag.py
[2023-11-22T15:48:52.544+0500] {processor.py:829} INFO - Processing file /usr/local/lib/python3.10/dist-packages/airflow/example_dags/example_trigger_target_dag.py for tasks to queue
[2023-11-22T15:48:52.547+0500] {logging_mixin.py:154} INFO - [2023-11-22T15:48:52.545+0500] {dagbag.py:536} INFO - Filling up the DagBag from /usr/local/lib/python3.10/dist-packages/airflow/example_dags/example_trigger_target_dag.py
[2023-11-22T15:48:52.567+0500] {processor.py:839} INFO - DAG(s) dict_keys(['example_trigger_target_dag']) retrieved from /usr/local/lib/python3.10/dist-packages/airflow/example_dags/example_trigger_target_dag.py
[2023-11-22T15:48:52.665+0500] {logging_mixin.py:154} INFO - [2023-11-22T15:48:52.664+0500] {dag.py:2941} INFO - Sync 1 DAGs
[2023-11-22T15:48:52.722+0500] {logging_mixin.py:154} INFO - [2023-11-22T15:48:52.721+0500] {dag.py:3722} INFO - Setting next_dagrun for example_trigger_target_dag to None, run_after=None
[2023-11-22T15:48:52.810+0500] {processor.py:179} INFO - Processing /usr/local/lib/python3.10/dist-packages/airflow/example_dags/example_trigger_target_dag.py took 0.280 seconds
[2023-11-22T15:49:27.896+0500] {processor.py:157} INFO - Started process (PID=16081) to work on /usr/local/lib/python3.10/dist-packages/airflow/example_dags/example_trigger_target_dag.py
[2023-11-22T15:49:27.899+0500] {processor.py:829} INFO - Processing file /usr/local/lib/python3.10/dist-packages/airflow/example_dags/example_trigger_target_dag.py for tasks to queue
[2023-11-22T15:49:27.904+0500] {logging_mixin.py:154} INFO - [2023-11-22T15:49:27.902+0500] {dagbag.py:536} INFO - Filling up the DagBag from /usr/local/lib/python3.10/dist-packages/airflow/example_dags/example_trigger_target_dag.py
[2023-11-22T15:49:27.930+0500] {processor.py:839} INFO - DAG(s) dict_keys(['example_trigger_target_dag']) retrieved from /usr/local/lib/python3.10/dist-packages/airflow/example_dags/example_trigger_target_dag.py
[2023-11-22T15:49:28.046+0500] {logging_mixin.py:154} INFO - [2023-11-22T15:49:28.045+0500] {dag.py:2941} INFO - Sync 1 DAGs
[2023-11-22T15:49:28.154+0500] {logging_mixin.py:154} INFO - [2023-11-22T15:49:28.151+0500] {dag.py:3722} INFO - Setting next_dagrun for example_trigger_target_dag to None, run_after=None
[2023-11-22T15:49:28.258+0500] {processor.py:179} INFO - Processing /usr/local/lib/python3.10/dist-packages/airflow/example_dags/example_trigger_target_dag.py took 0.385 seconds
[2023-11-22T15:49:59.920+0500] {processor.py:157} INFO - Started process (PID=16216) to work on /usr/local/lib/python3.10/dist-packages/airflow/example_dags/example_trigger_target_dag.py
[2023-11-22T15:49:59.924+0500] {processor.py:829} INFO - Processing file /usr/local/lib/python3.10/dist-packages/airflow/example_dags/example_trigger_target_dag.py for tasks to queue
[2023-11-22T15:49:59.927+0500] {logging_mixin.py:154} INFO - [2023-11-22T15:49:59.926+0500] {dagbag.py:536} INFO - Filling up the DagBag from /usr/local/lib/python3.10/dist-packages/airflow/example_dags/example_trigger_target_dag.py
[2023-11-22T15:49:59.959+0500] {processor.py:839} INFO - DAG(s) dict_keys(['example_trigger_target_dag']) retrieved from /usr/local/lib/python3.10/dist-packages/airflow/example_dags/example_trigger_target_dag.py
[2023-11-22T15:50:00.066+0500] {logging_mixin.py:154} INFO - [2023-11-22T15:50:00.065+0500] {dag.py:2941} INFO - Sync 1 DAGs
[2023-11-22T15:50:00.148+0500] {logging_mixin.py:154} INFO - [2023-11-22T15:50:00.147+0500] {dag.py:3722} INFO - Setting next_dagrun for example_trigger_target_dag to None, run_after=None
[2023-11-22T15:50:00.237+0500] {processor.py:179} INFO - Processing /usr/local/lib/python3.10/dist-packages/airflow/example_dags/example_trigger_target_dag.py took 0.334 seconds
[2023-11-22T15:50:31.981+0500] {processor.py:157} INFO - Started process (PID=16359) to work on /usr/local/lib/python3.10/dist-packages/airflow/example_dags/example_trigger_target_dag.py
[2023-11-22T15:50:31.984+0500] {processor.py:829} INFO - Processing file /usr/local/lib/python3.10/dist-packages/airflow/example_dags/example_trigger_target_dag.py for tasks to queue
[2023-11-22T15:50:31.987+0500] {logging_mixin.py:154} INFO - [2023-11-22T15:50:31.986+0500] {dagbag.py:536} INFO - Filling up the DagBag from /usr/local/lib/python3.10/dist-packages/airflow/example_dags/example_trigger_target_dag.py
[2023-11-22T15:50:32.010+0500] {processor.py:839} INFO - DAG(s) dict_keys(['example_trigger_target_dag']) retrieved from /usr/local/lib/python3.10/dist-packages/airflow/example_dags/example_trigger_target_dag.py
[2023-11-22T15:50:32.136+0500] {logging_mixin.py:154} INFO - [2023-11-22T15:50:32.135+0500] {dag.py:2941} INFO - Sync 1 DAGs
[2023-11-22T15:50:32.205+0500] {logging_mixin.py:154} INFO - [2023-11-22T15:50:32.205+0500] {dag.py:3722} INFO - Setting next_dagrun for example_trigger_target_dag to None, run_after=None
[2023-11-22T15:50:32.292+0500] {processor.py:179} INFO - Processing /usr/local/lib/python3.10/dist-packages/airflow/example_dags/example_trigger_target_dag.py took 0.325 seconds
[2023-11-22T15:51:02.771+0500] {processor.py:157} INFO - Started process (PID=16482) to work on /usr/local/lib/python3.10/dist-packages/airflow/example_dags/example_trigger_target_dag.py
[2023-11-22T15:51:02.778+0500] {processor.py:829} INFO - Processing file /usr/local/lib/python3.10/dist-packages/airflow/example_dags/example_trigger_target_dag.py for tasks to queue
[2023-11-22T15:51:02.786+0500] {logging_mixin.py:154} INFO - [2023-11-22T15:51:02.784+0500] {dagbag.py:536} INFO - Filling up the DagBag from /usr/local/lib/python3.10/dist-packages/airflow/example_dags/example_trigger_target_dag.py
[2023-11-22T15:51:02.863+0500] {processor.py:839} INFO - DAG(s) dict_keys(['example_trigger_target_dag']) retrieved from /usr/local/lib/python3.10/dist-packages/airflow/example_dags/example_trigger_target_dag.py
[2023-11-22T15:51:03.041+0500] {logging_mixin.py:154} INFO - [2023-11-22T15:51:03.041+0500] {dag.py:2941} INFO - Sync 1 DAGs
[2023-11-22T15:51:03.183+0500] {logging_mixin.py:154} INFO - [2023-11-22T15:51:03.182+0500] {dag.py:3722} INFO - Setting next_dagrun for example_trigger_target_dag to None, run_after=None
[2023-11-22T15:51:03.367+0500] {processor.py:179} INFO - Processing /usr/local/lib/python3.10/dist-packages/airflow/example_dags/example_trigger_target_dag.py took 0.614 seconds
[2023-11-22T15:51:33.876+0500] {processor.py:157} INFO - Started process (PID=16619) to work on /usr/local/lib/python3.10/dist-packages/airflow/example_dags/example_trigger_target_dag.py
[2023-11-22T15:51:33.879+0500] {processor.py:829} INFO - Processing file /usr/local/lib/python3.10/dist-packages/airflow/example_dags/example_trigger_target_dag.py for tasks to queue
[2023-11-22T15:51:33.882+0500] {logging_mixin.py:154} INFO - [2023-11-22T15:51:33.881+0500] {dagbag.py:536} INFO - Filling up the DagBag from /usr/local/lib/python3.10/dist-packages/airflow/example_dags/example_trigger_target_dag.py
[2023-11-22T15:51:33.906+0500] {processor.py:839} INFO - DAG(s) dict_keys(['example_trigger_target_dag']) retrieved from /usr/local/lib/python3.10/dist-packages/airflow/example_dags/example_trigger_target_dag.py
[2023-11-22T15:51:34.024+0500] {logging_mixin.py:154} INFO - [2023-11-22T15:51:34.023+0500] {dag.py:2941} INFO - Sync 1 DAGs
[2023-11-22T15:51:34.088+0500] {logging_mixin.py:154} INFO - [2023-11-22T15:51:34.088+0500] {dag.py:3722} INFO - Setting next_dagrun for example_trigger_target_dag to None, run_after=None
[2023-11-22T15:51:34.177+0500] {processor.py:179} INFO - Processing /usr/local/lib/python3.10/dist-packages/airflow/example_dags/example_trigger_target_dag.py took 0.314 seconds
[2023-11-22T15:52:04.339+0500] {processor.py:157} INFO - Started process (PID=16770) to work on /usr/local/lib/python3.10/dist-packages/airflow/example_dags/example_trigger_target_dag.py
[2023-11-22T15:52:04.341+0500] {processor.py:829} INFO - Processing file /usr/local/lib/python3.10/dist-packages/airflow/example_dags/example_trigger_target_dag.py for tasks to queue
[2023-11-22T15:52:04.344+0500] {logging_mixin.py:154} INFO - [2023-11-22T15:52:04.343+0500] {dagbag.py:536} INFO - Filling up the DagBag from /usr/local/lib/python3.10/dist-packages/airflow/example_dags/example_trigger_target_dag.py
[2023-11-22T15:52:04.373+0500] {processor.py:839} INFO - DAG(s) dict_keys(['example_trigger_target_dag']) retrieved from /usr/local/lib/python3.10/dist-packages/airflow/example_dags/example_trigger_target_dag.py
[2023-11-22T15:52:04.496+0500] {logging_mixin.py:154} INFO - [2023-11-22T15:52:04.489+0500] {dag.py:2941} INFO - Sync 1 DAGs
[2023-11-22T15:52:04.568+0500] {logging_mixin.py:154} INFO - [2023-11-22T15:52:04.567+0500] {dag.py:3722} INFO - Setting next_dagrun for example_trigger_target_dag to None, run_after=None
[2023-11-22T15:52:04.706+0500] {processor.py:179} INFO - Processing /usr/local/lib/python3.10/dist-packages/airflow/example_dags/example_trigger_target_dag.py took 0.382 seconds
[2023-11-22T15:52:34.803+0500] {processor.py:157} INFO - Started process (PID=16906) to work on /usr/local/lib/python3.10/dist-packages/airflow/example_dags/example_trigger_target_dag.py
[2023-11-22T15:52:34.809+0500] {processor.py:829} INFO - Processing file /usr/local/lib/python3.10/dist-packages/airflow/example_dags/example_trigger_target_dag.py for tasks to queue
[2023-11-22T15:52:34.812+0500] {logging_mixin.py:154} INFO - [2023-11-22T15:52:34.811+0500] {dagbag.py:536} INFO - Filling up the DagBag from /usr/local/lib/python3.10/dist-packages/airflow/example_dags/example_trigger_target_dag.py
[2023-11-22T15:52:34.852+0500] {processor.py:839} INFO - DAG(s) dict_keys(['example_trigger_target_dag']) retrieved from /usr/local/lib/python3.10/dist-packages/airflow/example_dags/example_trigger_target_dag.py
[2023-11-22T15:52:34.976+0500] {logging_mixin.py:154} INFO - [2023-11-22T15:52:34.975+0500] {dag.py:2941} INFO - Sync 1 DAGs
[2023-11-22T15:52:35.035+0500] {logging_mixin.py:154} INFO - [2023-11-22T15:52:35.034+0500] {dag.py:3722} INFO - Setting next_dagrun for example_trigger_target_dag to None, run_after=None
[2023-11-22T15:52:35.113+0500] {processor.py:179} INFO - Processing /usr/local/lib/python3.10/dist-packages/airflow/example_dags/example_trigger_target_dag.py took 0.324 seconds
[2023-11-22T15:53:05.330+0500] {processor.py:157} INFO - Started process (PID=17032) to work on /usr/local/lib/python3.10/dist-packages/airflow/example_dags/example_trigger_target_dag.py
[2023-11-22T15:53:05.333+0500] {processor.py:829} INFO - Processing file /usr/local/lib/python3.10/dist-packages/airflow/example_dags/example_trigger_target_dag.py for tasks to queue
[2023-11-22T15:53:05.336+0500] {logging_mixin.py:154} INFO - [2023-11-22T15:53:05.335+0500] {dagbag.py:536} INFO - Filling up the DagBag from /usr/local/lib/python3.10/dist-packages/airflow/example_dags/example_trigger_target_dag.py
[2023-11-22T15:53:05.360+0500] {processor.py:839} INFO - DAG(s) dict_keys(['example_trigger_target_dag']) retrieved from /usr/local/lib/python3.10/dist-packages/airflow/example_dags/example_trigger_target_dag.py
[2023-11-22T15:53:05.527+0500] {logging_mixin.py:154} INFO - [2023-11-22T15:53:05.526+0500] {dag.py:2941} INFO - Sync 1 DAGs
[2023-11-22T15:53:05.661+0500] {logging_mixin.py:154} INFO - [2023-11-22T15:53:05.660+0500] {dag.py:3722} INFO - Setting next_dagrun for example_trigger_target_dag to None, run_after=None
[2023-11-22T15:53:05.945+0500] {processor.py:179} INFO - Processing /usr/local/lib/python3.10/dist-packages/airflow/example_dags/example_trigger_target_dag.py took 0.627 seconds
[2023-11-22T15:53:36.500+0500] {processor.py:157} INFO - Started process (PID=17240) to work on /usr/local/lib/python3.10/dist-packages/airflow/example_dags/example_trigger_target_dag.py
[2023-11-22T15:53:36.503+0500] {processor.py:829} INFO - Processing file /usr/local/lib/python3.10/dist-packages/airflow/example_dags/example_trigger_target_dag.py for tasks to queue
[2023-11-22T15:53:36.506+0500] {logging_mixin.py:154} INFO - [2023-11-22T15:53:36.505+0500] {dagbag.py:536} INFO - Filling up the DagBag from /usr/local/lib/python3.10/dist-packages/airflow/example_dags/example_trigger_target_dag.py
[2023-11-22T15:53:36.529+0500] {processor.py:839} INFO - DAG(s) dict_keys(['example_trigger_target_dag']) retrieved from /usr/local/lib/python3.10/dist-packages/airflow/example_dags/example_trigger_target_dag.py
[2023-11-22T15:53:36.633+0500] {logging_mixin.py:154} INFO - [2023-11-22T15:53:36.632+0500] {dag.py:2941} INFO - Sync 1 DAGs
[2023-11-22T15:53:36.685+0500] {logging_mixin.py:154} INFO - [2023-11-22T15:53:36.685+0500] {dag.py:3722} INFO - Setting next_dagrun for example_trigger_target_dag to None, run_after=None
[2023-11-22T15:53:36.759+0500] {processor.py:179} INFO - Processing /usr/local/lib/python3.10/dist-packages/airflow/example_dags/example_trigger_target_dag.py took 0.271 seconds
[2023-11-22T15:54:07.140+0500] {processor.py:157} INFO - Started process (PID=17442) to work on /usr/local/lib/python3.10/dist-packages/airflow/example_dags/example_trigger_target_dag.py
[2023-11-22T15:54:07.143+0500] {processor.py:829} INFO - Processing file /usr/local/lib/python3.10/dist-packages/airflow/example_dags/example_trigger_target_dag.py for tasks to queue
[2023-11-22T15:54:07.146+0500] {logging_mixin.py:154} INFO - [2023-11-22T15:54:07.145+0500] {dagbag.py:536} INFO - Filling up the DagBag from /usr/local/lib/python3.10/dist-packages/airflow/example_dags/example_trigger_target_dag.py
[2023-11-22T15:54:07.169+0500] {processor.py:839} INFO - DAG(s) dict_keys(['example_trigger_target_dag']) retrieved from /usr/local/lib/python3.10/dist-packages/airflow/example_dags/example_trigger_target_dag.py
[2023-11-22T15:54:07.275+0500] {logging_mixin.py:154} INFO - [2023-11-22T15:54:07.274+0500] {dag.py:2941} INFO - Sync 1 DAGs
[2023-11-22T15:54:07.340+0500] {logging_mixin.py:154} INFO - [2023-11-22T15:54:07.339+0500] {dag.py:3722} INFO - Setting next_dagrun for example_trigger_target_dag to None, run_after=None
[2023-11-22T15:54:07.422+0500] {processor.py:179} INFO - Processing /usr/local/lib/python3.10/dist-packages/airflow/example_dags/example_trigger_target_dag.py took 0.295 seconds
[2023-11-22T15:54:39.147+0500] {processor.py:157} INFO - Started process (PID=17630) to work on /usr/local/lib/python3.10/dist-packages/airflow/example_dags/example_trigger_target_dag.py
[2023-11-22T15:54:39.150+0500] {processor.py:829} INFO - Processing file /usr/local/lib/python3.10/dist-packages/airflow/example_dags/example_trigger_target_dag.py for tasks to queue
[2023-11-22T15:54:39.154+0500] {logging_mixin.py:154} INFO - [2023-11-22T15:54:39.153+0500] {dagbag.py:536} INFO - Filling up the DagBag from /usr/local/lib/python3.10/dist-packages/airflow/example_dags/example_trigger_target_dag.py
[2023-11-22T15:54:39.177+0500] {processor.py:839} INFO - DAG(s) dict_keys(['example_trigger_target_dag']) retrieved from /usr/local/lib/python3.10/dist-packages/airflow/example_dags/example_trigger_target_dag.py
[2023-11-22T15:54:39.290+0500] {logging_mixin.py:154} INFO - [2023-11-22T15:54:39.289+0500] {dag.py:2941} INFO - Sync 1 DAGs
[2023-11-22T15:54:39.364+0500] {logging_mixin.py:154} INFO - [2023-11-22T15:54:39.363+0500] {dag.py:3722} INFO - Setting next_dagrun for example_trigger_target_dag to None, run_after=None
[2023-11-22T15:54:39.478+0500] {processor.py:179} INFO - Processing /usr/local/lib/python3.10/dist-packages/airflow/example_dags/example_trigger_target_dag.py took 0.343 seconds
[2023-11-22T15:55:09.890+0500] {processor.py:157} INFO - Started process (PID=18010) to work on /usr/local/lib/python3.10/dist-packages/airflow/example_dags/example_trigger_target_dag.py
[2023-11-22T15:55:09.895+0500] {processor.py:829} INFO - Processing file /usr/local/lib/python3.10/dist-packages/airflow/example_dags/example_trigger_target_dag.py for tasks to queue
[2023-11-22T15:55:09.898+0500] {logging_mixin.py:154} INFO - [2023-11-22T15:55:09.897+0500] {dagbag.py:536} INFO - Filling up the DagBag from /usr/local/lib/python3.10/dist-packages/airflow/example_dags/example_trigger_target_dag.py
[2023-11-22T15:55:09.921+0500] {processor.py:839} INFO - DAG(s) dict_keys(['example_trigger_target_dag']) retrieved from /usr/local/lib/python3.10/dist-packages/airflow/example_dags/example_trigger_target_dag.py
[2023-11-22T15:55:10.023+0500] {logging_mixin.py:154} INFO - [2023-11-22T15:55:10.022+0500] {dag.py:2941} INFO - Sync 1 DAGs
[2023-11-22T15:55:10.087+0500] {logging_mixin.py:154} INFO - [2023-11-22T15:55:10.087+0500] {dag.py:3722} INFO - Setting next_dagrun for example_trigger_target_dag to None, run_after=None
[2023-11-22T15:55:10.167+0500] {processor.py:179} INFO - Processing /usr/local/lib/python3.10/dist-packages/airflow/example_dags/example_trigger_target_dag.py took 0.289 seconds
[2023-11-22T15:55:40.886+0500] {processor.py:157} INFO - Started process (PID=18203) to work on /usr/local/lib/python3.10/dist-packages/airflow/example_dags/example_trigger_target_dag.py
[2023-11-22T15:55:40.889+0500] {processor.py:829} INFO - Processing file /usr/local/lib/python3.10/dist-packages/airflow/example_dags/example_trigger_target_dag.py for tasks to queue
[2023-11-22T15:55:40.892+0500] {logging_mixin.py:154} INFO - [2023-11-22T15:55:40.891+0500] {dagbag.py:536} INFO - Filling up the DagBag from /usr/local/lib/python3.10/dist-packages/airflow/example_dags/example_trigger_target_dag.py
[2023-11-22T15:55:40.915+0500] {processor.py:839} INFO - DAG(s) dict_keys(['example_trigger_target_dag']) retrieved from /usr/local/lib/python3.10/dist-packages/airflow/example_dags/example_trigger_target_dag.py
[2023-11-22T15:55:41.020+0500] {logging_mixin.py:154} INFO - [2023-11-22T15:55:41.019+0500] {dag.py:2941} INFO - Sync 1 DAGs
[2023-11-22T15:55:41.084+0500] {logging_mixin.py:154} INFO - [2023-11-22T15:55:41.083+0500] {dag.py:3722} INFO - Setting next_dagrun for example_trigger_target_dag to None, run_after=None
[2023-11-22T15:55:41.156+0500] {processor.py:179} INFO - Processing /usr/local/lib/python3.10/dist-packages/airflow/example_dags/example_trigger_target_dag.py took 0.282 seconds
[2023-11-22T15:56:12.004+0500] {processor.py:157} INFO - Started process (PID=18301) to work on /usr/local/lib/python3.10/dist-packages/airflow/example_dags/example_trigger_target_dag.py
[2023-11-22T15:56:12.007+0500] {processor.py:829} INFO - Processing file /usr/local/lib/python3.10/dist-packages/airflow/example_dags/example_trigger_target_dag.py for tasks to queue
[2023-11-22T15:56:12.011+0500] {logging_mixin.py:154} INFO - [2023-11-22T15:56:12.009+0500] {dagbag.py:536} INFO - Filling up the DagBag from /usr/local/lib/python3.10/dist-packages/airflow/example_dags/example_trigger_target_dag.py
[2023-11-22T15:56:12.038+0500] {processor.py:839} INFO - DAG(s) dict_keys(['example_trigger_target_dag']) retrieved from /usr/local/lib/python3.10/dist-packages/airflow/example_dags/example_trigger_target_dag.py
[2023-11-22T15:56:12.143+0500] {logging_mixin.py:154} INFO - [2023-11-22T15:56:12.142+0500] {dag.py:2941} INFO - Sync 1 DAGs
[2023-11-22T15:56:12.202+0500] {logging_mixin.py:154} INFO - [2023-11-22T15:56:12.201+0500] {dag.py:3722} INFO - Setting next_dagrun for example_trigger_target_dag to None, run_after=None
[2023-11-22T15:56:12.284+0500] {processor.py:179} INFO - Processing /usr/local/lib/python3.10/dist-packages/airflow/example_dags/example_trigger_target_dag.py took 0.293 seconds
[2023-11-22T15:56:43.278+0500] {processor.py:157} INFO - Started process (PID=18403) to work on /usr/local/lib/python3.10/dist-packages/airflow/example_dags/example_trigger_target_dag.py
[2023-11-22T15:56:43.280+0500] {processor.py:829} INFO - Processing file /usr/local/lib/python3.10/dist-packages/airflow/example_dags/example_trigger_target_dag.py for tasks to queue
[2023-11-22T15:56:43.283+0500] {logging_mixin.py:154} INFO - [2023-11-22T15:56:43.282+0500] {dagbag.py:536} INFO - Filling up the DagBag from /usr/local/lib/python3.10/dist-packages/airflow/example_dags/example_trigger_target_dag.py
[2023-11-22T15:56:43.305+0500] {processor.py:839} INFO - DAG(s) dict_keys(['example_trigger_target_dag']) retrieved from /usr/local/lib/python3.10/dist-packages/airflow/example_dags/example_trigger_target_dag.py
[2023-11-22T15:56:43.407+0500] {logging_mixin.py:154} INFO - [2023-11-22T15:56:43.407+0500] {dag.py:2941} INFO - Sync 1 DAGs
[2023-11-22T15:56:43.464+0500] {logging_mixin.py:154} INFO - [2023-11-22T15:56:43.464+0500] {dag.py:3722} INFO - Setting next_dagrun for example_trigger_target_dag to None, run_after=None
[2023-11-22T15:56:43.541+0500] {processor.py:179} INFO - Processing /usr/local/lib/python3.10/dist-packages/airflow/example_dags/example_trigger_target_dag.py took 0.275 seconds
[2023-11-22T15:57:13.839+0500] {processor.py:157} INFO - Started process (PID=18520) to work on /usr/local/lib/python3.10/dist-packages/airflow/example_dags/example_trigger_target_dag.py
[2023-11-22T15:57:13.842+0500] {processor.py:829} INFO - Processing file /usr/local/lib/python3.10/dist-packages/airflow/example_dags/example_trigger_target_dag.py for tasks to queue
[2023-11-22T15:57:13.845+0500] {logging_mixin.py:154} INFO - [2023-11-22T15:57:13.844+0500] {dagbag.py:536} INFO - Filling up the DagBag from /usr/local/lib/python3.10/dist-packages/airflow/example_dags/example_trigger_target_dag.py
[2023-11-22T15:57:13.868+0500] {processor.py:839} INFO - DAG(s) dict_keys(['example_trigger_target_dag']) retrieved from /usr/local/lib/python3.10/dist-packages/airflow/example_dags/example_trigger_target_dag.py
[2023-11-22T15:57:13.976+0500] {logging_mixin.py:154} INFO - [2023-11-22T15:57:13.975+0500] {dag.py:2941} INFO - Sync 1 DAGs
[2023-11-22T15:57:14.039+0500] {logging_mixin.py:154} INFO - [2023-11-22T15:57:14.038+0500] {dag.py:3722} INFO - Setting next_dagrun for example_trigger_target_dag to None, run_after=None
[2023-11-22T15:57:14.119+0500] {processor.py:179} INFO - Processing /usr/local/lib/python3.10/dist-packages/airflow/example_dags/example_trigger_target_dag.py took 0.293 seconds
[2023-11-22T15:57:44.630+0500] {processor.py:157} INFO - Started process (PID=18616) to work on /usr/local/lib/python3.10/dist-packages/airflow/example_dags/example_trigger_target_dag.py
[2023-11-22T15:57:44.634+0500] {processor.py:829} INFO - Processing file /usr/local/lib/python3.10/dist-packages/airflow/example_dags/example_trigger_target_dag.py for tasks to queue
[2023-11-22T15:57:44.637+0500] {logging_mixin.py:154} INFO - [2023-11-22T15:57:44.636+0500] {dagbag.py:536} INFO - Filling up the DagBag from /usr/local/lib/python3.10/dist-packages/airflow/example_dags/example_trigger_target_dag.py
[2023-11-22T15:57:44.660+0500] {processor.py:839} INFO - DAG(s) dict_keys(['example_trigger_target_dag']) retrieved from /usr/local/lib/python3.10/dist-packages/airflow/example_dags/example_trigger_target_dag.py
[2023-11-22T15:57:44.755+0500] {logging_mixin.py:154} INFO - [2023-11-22T15:57:44.755+0500] {dag.py:2941} INFO - Sync 1 DAGs
[2023-11-22T15:57:44.807+0500] {logging_mixin.py:154} INFO - [2023-11-22T15:57:44.807+0500] {dag.py:3722} INFO - Setting next_dagrun for example_trigger_target_dag to None, run_after=None
[2023-11-22T15:57:44.882+0500] {processor.py:179} INFO - Processing /usr/local/lib/python3.10/dist-packages/airflow/example_dags/example_trigger_target_dag.py took 0.264 seconds
[2023-11-22T15:58:15.370+0500] {processor.py:157} INFO - Started process (PID=18713) to work on /usr/local/lib/python3.10/dist-packages/airflow/example_dags/example_trigger_target_dag.py
[2023-11-22T15:58:15.373+0500] {processor.py:829} INFO - Processing file /usr/local/lib/python3.10/dist-packages/airflow/example_dags/example_trigger_target_dag.py for tasks to queue
[2023-11-22T15:58:15.377+0500] {logging_mixin.py:154} INFO - [2023-11-22T15:58:15.375+0500] {dagbag.py:536} INFO - Filling up the DagBag from /usr/local/lib/python3.10/dist-packages/airflow/example_dags/example_trigger_target_dag.py
[2023-11-22T15:58:15.400+0500] {processor.py:839} INFO - DAG(s) dict_keys(['example_trigger_target_dag']) retrieved from /usr/local/lib/python3.10/dist-packages/airflow/example_dags/example_trigger_target_dag.py
[2023-11-22T15:58:15.509+0500] {logging_mixin.py:154} INFO - [2023-11-22T15:58:15.508+0500] {dag.py:2941} INFO - Sync 1 DAGs
[2023-11-22T15:58:15.571+0500] {logging_mixin.py:154} INFO - [2023-11-22T15:58:15.570+0500] {dag.py:3722} INFO - Setting next_dagrun for example_trigger_target_dag to None, run_after=None
[2023-11-22T15:58:15.649+0500] {processor.py:179} INFO - Processing /usr/local/lib/python3.10/dist-packages/airflow/example_dags/example_trigger_target_dag.py took 0.292 seconds
[2023-11-22T15:58:46.312+0500] {processor.py:157} INFO - Started process (PID=18811) to work on /usr/local/lib/python3.10/dist-packages/airflow/example_dags/example_trigger_target_dag.py
[2023-11-22T15:58:46.315+0500] {processor.py:829} INFO - Processing file /usr/local/lib/python3.10/dist-packages/airflow/example_dags/example_trigger_target_dag.py for tasks to queue
[2023-11-22T15:58:46.318+0500] {logging_mixin.py:154} INFO - [2023-11-22T15:58:46.317+0500] {dagbag.py:536} INFO - Filling up the DagBag from /usr/local/lib/python3.10/dist-packages/airflow/example_dags/example_trigger_target_dag.py
[2023-11-22T15:58:46.342+0500] {processor.py:839} INFO - DAG(s) dict_keys(['example_trigger_target_dag']) retrieved from /usr/local/lib/python3.10/dist-packages/airflow/example_dags/example_trigger_target_dag.py
[2023-11-22T15:58:46.445+0500] {logging_mixin.py:154} INFO - [2023-11-22T15:58:46.444+0500] {dag.py:2941} INFO - Sync 1 DAGs
[2023-11-22T15:58:46.511+0500] {logging_mixin.py:154} INFO - [2023-11-22T15:58:46.510+0500] {dag.py:3722} INFO - Setting next_dagrun for example_trigger_target_dag to None, run_after=None
[2023-11-22T15:58:46.586+0500] {processor.py:179} INFO - Processing /usr/local/lib/python3.10/dist-packages/airflow/example_dags/example_trigger_target_dag.py took 0.285 seconds
[2023-11-22T15:59:16.847+0500] {processor.py:157} INFO - Started process (PID=18907) to work on /usr/local/lib/python3.10/dist-packages/airflow/example_dags/example_trigger_target_dag.py
[2023-11-22T15:59:16.849+0500] {processor.py:829} INFO - Processing file /usr/local/lib/python3.10/dist-packages/airflow/example_dags/example_trigger_target_dag.py for tasks to queue
[2023-11-22T15:59:16.853+0500] {logging_mixin.py:154} INFO - [2023-11-22T15:59:16.851+0500] {dagbag.py:536} INFO - Filling up the DagBag from /usr/local/lib/python3.10/dist-packages/airflow/example_dags/example_trigger_target_dag.py
[2023-11-22T15:59:16.876+0500] {processor.py:839} INFO - DAG(s) dict_keys(['example_trigger_target_dag']) retrieved from /usr/local/lib/python3.10/dist-packages/airflow/example_dags/example_trigger_target_dag.py
[2023-11-22T15:59:16.973+0500] {logging_mixin.py:154} INFO - [2023-11-22T15:59:16.973+0500] {dag.py:2941} INFO - Sync 1 DAGs
[2023-11-22T15:59:17.028+0500] {logging_mixin.py:154} INFO - [2023-11-22T15:59:17.027+0500] {dag.py:3722} INFO - Setting next_dagrun for example_trigger_target_dag to None, run_after=None
[2023-11-22T15:59:17.101+0500] {processor.py:179} INFO - Processing /usr/local/lib/python3.10/dist-packages/airflow/example_dags/example_trigger_target_dag.py took 0.268 seconds
[2023-11-22T15:59:47.731+0500] {processor.py:157} INFO - Started process (PID=19007) to work on /usr/local/lib/python3.10/dist-packages/airflow/example_dags/example_trigger_target_dag.py
[2023-11-22T15:59:47.733+0500] {processor.py:829} INFO - Processing file /usr/local/lib/python3.10/dist-packages/airflow/example_dags/example_trigger_target_dag.py for tasks to queue
[2023-11-22T15:59:47.736+0500] {logging_mixin.py:154} INFO - [2023-11-22T15:59:47.735+0500] {dagbag.py:536} INFO - Filling up the DagBag from /usr/local/lib/python3.10/dist-packages/airflow/example_dags/example_trigger_target_dag.py
[2023-11-22T15:59:47.757+0500] {processor.py:839} INFO - DAG(s) dict_keys(['example_trigger_target_dag']) retrieved from /usr/local/lib/python3.10/dist-packages/airflow/example_dags/example_trigger_target_dag.py
[2023-11-22T15:59:47.856+0500] {logging_mixin.py:154} INFO - [2023-11-22T15:59:47.855+0500] {dag.py:2941} INFO - Sync 1 DAGs
[2023-11-22T15:59:47.910+0500] {logging_mixin.py:154} INFO - [2023-11-22T15:59:47.909+0500] {dag.py:3722} INFO - Setting next_dagrun for example_trigger_target_dag to None, run_after=None
[2023-11-22T15:59:47.982+0500] {processor.py:179} INFO - Processing /usr/local/lib/python3.10/dist-packages/airflow/example_dags/example_trigger_target_dag.py took 0.263 seconds
[2023-11-22T16:00:18.905+0500] {processor.py:157} INFO - Started process (PID=19112) to work on /usr/local/lib/python3.10/dist-packages/airflow/example_dags/example_trigger_target_dag.py
[2023-11-22T16:00:18.908+0500] {processor.py:829} INFO - Processing file /usr/local/lib/python3.10/dist-packages/airflow/example_dags/example_trigger_target_dag.py for tasks to queue
[2023-11-22T16:00:18.911+0500] {logging_mixin.py:154} INFO - [2023-11-22T16:00:18.909+0500] {dagbag.py:536} INFO - Filling up the DagBag from /usr/local/lib/python3.10/dist-packages/airflow/example_dags/example_trigger_target_dag.py
[2023-11-22T16:00:18.933+0500] {processor.py:839} INFO - DAG(s) dict_keys(['example_trigger_target_dag']) retrieved from /usr/local/lib/python3.10/dist-packages/airflow/example_dags/example_trigger_target_dag.py
[2023-11-22T16:00:19.037+0500] {logging_mixin.py:154} INFO - [2023-11-22T16:00:19.036+0500] {dag.py:2941} INFO - Sync 1 DAGs
[2023-11-22T16:00:19.095+0500] {logging_mixin.py:154} INFO - [2023-11-22T16:00:19.094+0500] {dag.py:3722} INFO - Setting next_dagrun for example_trigger_target_dag to None, run_after=None
[2023-11-22T16:00:19.169+0500] {processor.py:179} INFO - Processing /usr/local/lib/python3.10/dist-packages/airflow/example_dags/example_trigger_target_dag.py took 0.276 seconds
[2023-11-22T16:00:49.364+0500] {processor.py:157} INFO - Started process (PID=19210) to work on /usr/local/lib/python3.10/dist-packages/airflow/example_dags/example_trigger_target_dag.py
[2023-11-22T16:00:49.367+0500] {processor.py:829} INFO - Processing file /usr/local/lib/python3.10/dist-packages/airflow/example_dags/example_trigger_target_dag.py for tasks to queue
[2023-11-22T16:00:49.370+0500] {logging_mixin.py:154} INFO - [2023-11-22T16:00:49.369+0500] {dagbag.py:536} INFO - Filling up the DagBag from /usr/local/lib/python3.10/dist-packages/airflow/example_dags/example_trigger_target_dag.py
[2023-11-22T16:00:49.396+0500] {processor.py:839} INFO - DAG(s) dict_keys(['example_trigger_target_dag']) retrieved from /usr/local/lib/python3.10/dist-packages/airflow/example_dags/example_trigger_target_dag.py
[2023-11-22T16:00:49.499+0500] {logging_mixin.py:154} INFO - [2023-11-22T16:00:49.498+0500] {dag.py:2941} INFO - Sync 1 DAGs
[2023-11-22T16:00:49.553+0500] {logging_mixin.py:154} INFO - [2023-11-22T16:00:49.552+0500] {dag.py:3722} INFO - Setting next_dagrun for example_trigger_target_dag to None, run_after=None
[2023-11-22T16:00:49.624+0500] {processor.py:179} INFO - Processing /usr/local/lib/python3.10/dist-packages/airflow/example_dags/example_trigger_target_dag.py took 0.272 seconds
[2023-11-22T16:01:19.783+0500] {processor.py:157} INFO - Started process (PID=19309) to work on /usr/local/lib/python3.10/dist-packages/airflow/example_dags/example_trigger_target_dag.py
[2023-11-22T16:01:19.786+0500] {processor.py:829} INFO - Processing file /usr/local/lib/python3.10/dist-packages/airflow/example_dags/example_trigger_target_dag.py for tasks to queue
[2023-11-22T16:01:19.789+0500] {logging_mixin.py:154} INFO - [2023-11-22T16:01:19.788+0500] {dagbag.py:536} INFO - Filling up the DagBag from /usr/local/lib/python3.10/dist-packages/airflow/example_dags/example_trigger_target_dag.py
[2023-11-22T16:01:19.813+0500] {processor.py:839} INFO - DAG(s) dict_keys(['example_trigger_target_dag']) retrieved from /usr/local/lib/python3.10/dist-packages/airflow/example_dags/example_trigger_target_dag.py
[2023-11-22T16:01:19.911+0500] {logging_mixin.py:154} INFO - [2023-11-22T16:01:19.910+0500] {dag.py:2941} INFO - Sync 1 DAGs
[2023-11-22T16:01:19.962+0500] {logging_mixin.py:154} INFO - [2023-11-22T16:01:19.962+0500] {dag.py:3722} INFO - Setting next_dagrun for example_trigger_target_dag to None, run_after=None
[2023-11-22T16:01:20.033+0500] {processor.py:179} INFO - Processing /usr/local/lib/python3.10/dist-packages/airflow/example_dags/example_trigger_target_dag.py took 0.262 seconds
[2023-11-22T16:01:50.521+0500] {processor.py:157} INFO - Started process (PID=19409) to work on /usr/local/lib/python3.10/dist-packages/airflow/example_dags/example_trigger_target_dag.py
[2023-11-22T16:01:50.524+0500] {processor.py:829} INFO - Processing file /usr/local/lib/python3.10/dist-packages/airflow/example_dags/example_trigger_target_dag.py for tasks to queue
[2023-11-22T16:01:50.527+0500] {logging_mixin.py:154} INFO - [2023-11-22T16:01:50.526+0500] {dagbag.py:536} INFO - Filling up the DagBag from /usr/local/lib/python3.10/dist-packages/airflow/example_dags/example_trigger_target_dag.py
[2023-11-22T16:01:50.551+0500] {processor.py:839} INFO - DAG(s) dict_keys(['example_trigger_target_dag']) retrieved from /usr/local/lib/python3.10/dist-packages/airflow/example_dags/example_trigger_target_dag.py
[2023-11-22T16:01:50.653+0500] {logging_mixin.py:154} INFO - [2023-11-22T16:01:50.653+0500] {dag.py:2941} INFO - Sync 1 DAGs
[2023-11-22T16:01:50.707+0500] {logging_mixin.py:154} INFO - [2023-11-22T16:01:50.706+0500] {dag.py:3722} INFO - Setting next_dagrun for example_trigger_target_dag to None, run_after=None
[2023-11-22T16:01:50.780+0500] {processor.py:179} INFO - Processing /usr/local/lib/python3.10/dist-packages/airflow/example_dags/example_trigger_target_dag.py took 0.271 seconds
[2023-11-22T16:02:21.039+0500] {processor.py:157} INFO - Started process (PID=19529) to work on /usr/local/lib/python3.10/dist-packages/airflow/example_dags/example_trigger_target_dag.py
[2023-11-22T16:02:21.042+0500] {processor.py:829} INFO - Processing file /usr/local/lib/python3.10/dist-packages/airflow/example_dags/example_trigger_target_dag.py for tasks to queue
[2023-11-22T16:02:21.045+0500] {logging_mixin.py:154} INFO - [2023-11-22T16:02:21.044+0500] {dagbag.py:536} INFO - Filling up the DagBag from /usr/local/lib/python3.10/dist-packages/airflow/example_dags/example_trigger_target_dag.py
[2023-11-22T16:02:21.071+0500] {processor.py:839} INFO - DAG(s) dict_keys(['example_trigger_target_dag']) retrieved from /usr/local/lib/python3.10/dist-packages/airflow/example_dags/example_trigger_target_dag.py
[2023-11-22T16:02:21.175+0500] {logging_mixin.py:154} INFO - [2023-11-22T16:02:21.174+0500] {dag.py:2941} INFO - Sync 1 DAGs
[2023-11-22T16:02:21.229+0500] {logging_mixin.py:154} INFO - [2023-11-22T16:02:21.228+0500] {dag.py:3722} INFO - Setting next_dagrun for example_trigger_target_dag to None, run_after=None
[2023-11-22T16:02:21.307+0500] {processor.py:179} INFO - Processing /usr/local/lib/python3.10/dist-packages/airflow/example_dags/example_trigger_target_dag.py took 0.282 seconds
[2023-11-22T16:02:52.123+0500] {processor.py:157} INFO - Started process (PID=19631) to work on /usr/local/lib/python3.10/dist-packages/airflow/example_dags/example_trigger_target_dag.py
[2023-11-22T16:02:52.125+0500] {processor.py:829} INFO - Processing file /usr/local/lib/python3.10/dist-packages/airflow/example_dags/example_trigger_target_dag.py for tasks to queue
[2023-11-22T16:02:52.128+0500] {logging_mixin.py:154} INFO - [2023-11-22T16:02:52.127+0500] {dagbag.py:536} INFO - Filling up the DagBag from /usr/local/lib/python3.10/dist-packages/airflow/example_dags/example_trigger_target_dag.py
[2023-11-22T16:02:52.149+0500] {processor.py:839} INFO - DAG(s) dict_keys(['example_trigger_target_dag']) retrieved from /usr/local/lib/python3.10/dist-packages/airflow/example_dags/example_trigger_target_dag.py
[2023-11-22T16:02:52.243+0500] {logging_mixin.py:154} INFO - [2023-11-22T16:02:52.242+0500] {dag.py:2941} INFO - Sync 1 DAGs
[2023-11-22T16:02:52.294+0500] {logging_mixin.py:154} INFO - [2023-11-22T16:02:52.293+0500] {dag.py:3722} INFO - Setting next_dagrun for example_trigger_target_dag to None, run_after=None
[2023-11-22T16:02:52.366+0500] {processor.py:179} INFO - Processing /usr/local/lib/python3.10/dist-packages/airflow/example_dags/example_trigger_target_dag.py took 0.255 seconds
[2023-11-22T16:03:23.302+0500] {processor.py:157} INFO - Started process (PID=19728) to work on /usr/local/lib/python3.10/dist-packages/airflow/example_dags/example_trigger_target_dag.py
[2023-11-22T16:03:23.305+0500] {processor.py:829} INFO - Processing file /usr/local/lib/python3.10/dist-packages/airflow/example_dags/example_trigger_target_dag.py for tasks to queue
[2023-11-22T16:03:23.308+0500] {logging_mixin.py:154} INFO - [2023-11-22T16:03:23.307+0500] {dagbag.py:536} INFO - Filling up the DagBag from /usr/local/lib/python3.10/dist-packages/airflow/example_dags/example_trigger_target_dag.py
[2023-11-22T16:03:23.328+0500] {processor.py:839} INFO - DAG(s) dict_keys(['example_trigger_target_dag']) retrieved from /usr/local/lib/python3.10/dist-packages/airflow/example_dags/example_trigger_target_dag.py
[2023-11-22T16:03:23.425+0500] {logging_mixin.py:154} INFO - [2023-11-22T16:03:23.424+0500] {dag.py:2941} INFO - Sync 1 DAGs
[2023-11-22T16:03:23.483+0500] {logging_mixin.py:154} INFO - [2023-11-22T16:03:23.482+0500] {dag.py:3722} INFO - Setting next_dagrun for example_trigger_target_dag to None, run_after=None
[2023-11-22T16:03:23.553+0500] {processor.py:179} INFO - Processing /usr/local/lib/python3.10/dist-packages/airflow/example_dags/example_trigger_target_dag.py took 0.262 seconds
[2023-11-22T16:03:53.722+0500] {processor.py:157} INFO - Started process (PID=19826) to work on /usr/local/lib/python3.10/dist-packages/airflow/example_dags/example_trigger_target_dag.py
[2023-11-22T16:03:53.725+0500] {processor.py:829} INFO - Processing file /usr/local/lib/python3.10/dist-packages/airflow/example_dags/example_trigger_target_dag.py for tasks to queue
[2023-11-22T16:03:53.728+0500] {logging_mixin.py:154} INFO - [2023-11-22T16:03:53.727+0500] {dagbag.py:536} INFO - Filling up the DagBag from /usr/local/lib/python3.10/dist-packages/airflow/example_dags/example_trigger_target_dag.py
[2023-11-22T16:03:53.752+0500] {processor.py:839} INFO - DAG(s) dict_keys(['example_trigger_target_dag']) retrieved from /usr/local/lib/python3.10/dist-packages/airflow/example_dags/example_trigger_target_dag.py
[2023-11-22T16:03:53.857+0500] {logging_mixin.py:154} INFO - [2023-11-22T16:03:53.857+0500] {dag.py:2941} INFO - Sync 1 DAGs
[2023-11-22T16:03:53.915+0500] {logging_mixin.py:154} INFO - [2023-11-22T16:03:53.914+0500] {dag.py:3722} INFO - Setting next_dagrun for example_trigger_target_dag to None, run_after=None
[2023-11-22T16:03:53.992+0500] {processor.py:179} INFO - Processing /usr/local/lib/python3.10/dist-packages/airflow/example_dags/example_trigger_target_dag.py took 0.283 seconds
[2023-11-22T16:04:24.485+0500] {processor.py:157} INFO - Started process (PID=19979) to work on /usr/local/lib/python3.10/dist-packages/airflow/example_dags/example_trigger_target_dag.py
[2023-11-22T16:04:24.488+0500] {processor.py:829} INFO - Processing file /usr/local/lib/python3.10/dist-packages/airflow/example_dags/example_trigger_target_dag.py for tasks to queue
[2023-11-22T16:04:24.491+0500] {logging_mixin.py:154} INFO - [2023-11-22T16:04:24.489+0500] {dagbag.py:536} INFO - Filling up the DagBag from /usr/local/lib/python3.10/dist-packages/airflow/example_dags/example_trigger_target_dag.py
[2023-11-22T16:04:24.512+0500] {processor.py:839} INFO - DAG(s) dict_keys(['example_trigger_target_dag']) retrieved from /usr/local/lib/python3.10/dist-packages/airflow/example_dags/example_trigger_target_dag.py
[2023-11-22T16:04:24.608+0500] {logging_mixin.py:154} INFO - [2023-11-22T16:04:24.608+0500] {dag.py:2941} INFO - Sync 1 DAGs
[2023-11-22T16:04:24.660+0500] {logging_mixin.py:154} INFO - [2023-11-22T16:04:24.660+0500] {dag.py:3722} INFO - Setting next_dagrun for example_trigger_target_dag to None, run_after=None
[2023-11-22T16:04:24.733+0500] {processor.py:179} INFO - Processing /usr/local/lib/python3.10/dist-packages/airflow/example_dags/example_trigger_target_dag.py took 0.261 seconds
[2023-11-22T16:04:55.656+0500] {processor.py:157} INFO - Started process (PID=20089) to work on /usr/local/lib/python3.10/dist-packages/airflow/example_dags/example_trigger_target_dag.py
[2023-11-22T16:04:55.659+0500] {processor.py:829} INFO - Processing file /usr/local/lib/python3.10/dist-packages/airflow/example_dags/example_trigger_target_dag.py for tasks to queue
[2023-11-22T16:04:55.661+0500] {logging_mixin.py:154} INFO - [2023-11-22T16:04:55.660+0500] {dagbag.py:536} INFO - Filling up the DagBag from /usr/local/lib/python3.10/dist-packages/airflow/example_dags/example_trigger_target_dag.py
[2023-11-22T16:04:55.682+0500] {processor.py:839} INFO - DAG(s) dict_keys(['example_trigger_target_dag']) retrieved from /usr/local/lib/python3.10/dist-packages/airflow/example_dags/example_trigger_target_dag.py
[2023-11-22T16:04:55.775+0500] {logging_mixin.py:154} INFO - [2023-11-22T16:04:55.774+0500] {dag.py:2941} INFO - Sync 1 DAGs
[2023-11-22T16:04:55.826+0500] {logging_mixin.py:154} INFO - [2023-11-22T16:04:55.825+0500] {dag.py:3722} INFO - Setting next_dagrun for example_trigger_target_dag to None, run_after=None
[2023-11-22T16:04:55.900+0500] {processor.py:179} INFO - Processing /usr/local/lib/python3.10/dist-packages/airflow/example_dags/example_trigger_target_dag.py took 0.255 seconds
[2023-11-22T16:05:26.178+0500] {processor.py:157} INFO - Started process (PID=20197) to work on /usr/local/lib/python3.10/dist-packages/airflow/example_dags/example_trigger_target_dag.py
[2023-11-22T16:05:26.181+0500] {processor.py:829} INFO - Processing file /usr/local/lib/python3.10/dist-packages/airflow/example_dags/example_trigger_target_dag.py for tasks to queue
[2023-11-22T16:05:26.184+0500] {logging_mixin.py:154} INFO - [2023-11-22T16:05:26.183+0500] {dagbag.py:536} INFO - Filling up the DagBag from /usr/local/lib/python3.10/dist-packages/airflow/example_dags/example_trigger_target_dag.py
[2023-11-22T16:05:26.206+0500] {processor.py:839} INFO - DAG(s) dict_keys(['example_trigger_target_dag']) retrieved from /usr/local/lib/python3.10/dist-packages/airflow/example_dags/example_trigger_target_dag.py
[2023-11-22T16:05:26.303+0500] {logging_mixin.py:154} INFO - [2023-11-22T16:05:26.302+0500] {dag.py:2941} INFO - Sync 1 DAGs
[2023-11-22T16:05:26.357+0500] {logging_mixin.py:154} INFO - [2023-11-22T16:05:26.356+0500] {dag.py:3722} INFO - Setting next_dagrun for example_trigger_target_dag to None, run_after=None
[2023-11-22T16:05:26.430+0500] {processor.py:179} INFO - Processing /usr/local/lib/python3.10/dist-packages/airflow/example_dags/example_trigger_target_dag.py took 0.264 seconds
[2023-11-22T16:05:57.026+0500] {processor.py:157} INFO - Started process (PID=20298) to work on /usr/local/lib/python3.10/dist-packages/airflow/example_dags/example_trigger_target_dag.py
[2023-11-22T16:05:57.028+0500] {processor.py:829} INFO - Processing file /usr/local/lib/python3.10/dist-packages/airflow/example_dags/example_trigger_target_dag.py for tasks to queue
[2023-11-22T16:05:57.031+0500] {logging_mixin.py:154} INFO - [2023-11-22T16:05:57.030+0500] {dagbag.py:536} INFO - Filling up the DagBag from /usr/local/lib/python3.10/dist-packages/airflow/example_dags/example_trigger_target_dag.py
[2023-11-22T16:05:57.052+0500] {processor.py:839} INFO - DAG(s) dict_keys(['example_trigger_target_dag']) retrieved from /usr/local/lib/python3.10/dist-packages/airflow/example_dags/example_trigger_target_dag.py
[2023-11-22T16:05:57.148+0500] {logging_mixin.py:154} INFO - [2023-11-22T16:05:57.147+0500] {dag.py:2941} INFO - Sync 1 DAGs
[2023-11-22T16:05:57.204+0500] {logging_mixin.py:154} INFO - [2023-11-22T16:05:57.204+0500] {dag.py:3722} INFO - Setting next_dagrun for example_trigger_target_dag to None, run_after=None
[2023-11-22T16:05:57.286+0500] {processor.py:179} INFO - Processing /usr/local/lib/python3.10/dist-packages/airflow/example_dags/example_trigger_target_dag.py took 0.272 seconds
[2023-11-22T16:06:28.841+0500] {processor.py:157} INFO - Started process (PID=20805) to work on /usr/local/lib/python3.10/dist-packages/airflow/example_dags/example_trigger_target_dag.py
[2023-11-22T16:06:28.851+0500] {processor.py:829} INFO - Processing file /usr/local/lib/python3.10/dist-packages/airflow/example_dags/example_trigger_target_dag.py for tasks to queue
[2023-11-22T16:06:28.862+0500] {logging_mixin.py:154} INFO - [2023-11-22T16:06:28.856+0500] {dagbag.py:536} INFO - Filling up the DagBag from /usr/local/lib/python3.10/dist-packages/airflow/example_dags/example_trigger_target_dag.py
[2023-11-22T16:06:29.040+0500] {processor.py:839} INFO - DAG(s) dict_keys(['example_trigger_target_dag']) retrieved from /usr/local/lib/python3.10/dist-packages/airflow/example_dags/example_trigger_target_dag.py
[2023-11-22T16:06:29.448+0500] {logging_mixin.py:154} INFO - [2023-11-22T16:06:29.447+0500] {dag.py:2941} INFO - Sync 1 DAGs
[2023-11-22T16:06:29.672+0500] {logging_mixin.py:154} INFO - [2023-11-22T16:06:29.671+0500] {dag.py:3722} INFO - Setting next_dagrun for example_trigger_target_dag to None, run_after=None
[2023-11-22T16:06:29.941+0500] {processor.py:179} INFO - Processing /usr/local/lib/python3.10/dist-packages/airflow/example_dags/example_trigger_target_dag.py took 1.125 seconds
