[2023-11-22T15:27:11.981+0500] {processor.py:157} INFO - Started process (PID=9936) to work on /usr/local/lib/python3.10/dist-packages/airflow/example_dags/example_setup_teardown.py
[2023-11-22T15:27:11.984+0500] {processor.py:829} INFO - Processing file /usr/local/lib/python3.10/dist-packages/airflow/example_dags/example_setup_teardown.py for tasks to queue
[2023-11-22T15:27:11.987+0500] {logging_mixin.py:154} INFO - [2023-11-22T15:27:11.985+0500] {dagbag.py:536} INFO - Filling up the DagBag from /usr/local/lib/python3.10/dist-packages/airflow/example_dags/example_setup_teardown.py
[2023-11-22T15:27:12.016+0500] {processor.py:839} INFO - DAG(s) dict_keys(['example_setup_teardown']) retrieved from /usr/local/lib/python3.10/dist-packages/airflow/example_dags/example_setup_teardown.py
[2023-11-22T15:27:12.129+0500] {logging_mixin.py:154} INFO - [2023-11-22T15:27:12.129+0500] {dag.py:2941} INFO - Sync 1 DAGs
[2023-11-22T15:27:12.227+0500] {logging_mixin.py:154} INFO - [2023-11-22T15:27:12.226+0500] {dag.py:3722} INFO - Setting next_dagrun for example_setup_teardown to 2023-11-21T10:27:12.226066+00:00, run_after=2023-11-22T10:27:12.226066+00:00
[2023-11-22T15:27:12.298+0500] {processor.py:179} INFO - Processing /usr/local/lib/python3.10/dist-packages/airflow/example_dags/example_setup_teardown.py took 0.329 seconds
[2023-11-22T15:27:44.541+0500] {processor.py:157} INFO - Started process (PID=10072) to work on /usr/local/lib/python3.10/dist-packages/airflow/example_dags/example_setup_teardown.py
[2023-11-22T15:27:44.553+0500] {processor.py:829} INFO - Processing file /usr/local/lib/python3.10/dist-packages/airflow/example_dags/example_setup_teardown.py for tasks to queue
[2023-11-22T15:27:44.556+0500] {logging_mixin.py:154} INFO - [2023-11-22T15:27:44.555+0500] {dagbag.py:536} INFO - Filling up the DagBag from /usr/local/lib/python3.10/dist-packages/airflow/example_dags/example_setup_teardown.py
[2023-11-22T15:27:44.593+0500] {processor.py:839} INFO - DAG(s) dict_keys(['example_setup_teardown']) retrieved from /usr/local/lib/python3.10/dist-packages/airflow/example_dags/example_setup_teardown.py
[2023-11-22T15:27:44.782+0500] {logging_mixin.py:154} INFO - [2023-11-22T15:27:44.782+0500] {dag.py:2941} INFO - Sync 1 DAGs
[2023-11-22T15:27:44.893+0500] {logging_mixin.py:154} INFO - [2023-11-22T15:27:44.893+0500] {dag.py:3722} INFO - Setting next_dagrun for example_setup_teardown to 2023-11-21T10:27:44.892052+00:00, run_after=2023-11-22T10:27:44.892052+00:00
[2023-11-22T15:27:44.978+0500] {processor.py:179} INFO - Processing /usr/local/lib/python3.10/dist-packages/airflow/example_dags/example_setup_teardown.py took 0.460 seconds
[2023-11-22T15:28:15.284+0500] {processor.py:157} INFO - Started process (PID=10185) to work on /usr/local/lib/python3.10/dist-packages/airflow/example_dags/example_setup_teardown.py
[2023-11-22T15:28:15.288+0500] {processor.py:829} INFO - Processing file /usr/local/lib/python3.10/dist-packages/airflow/example_dags/example_setup_teardown.py for tasks to queue
[2023-11-22T15:28:15.292+0500] {logging_mixin.py:154} INFO - [2023-11-22T15:28:15.291+0500] {dagbag.py:536} INFO - Filling up the DagBag from /usr/local/lib/python3.10/dist-packages/airflow/example_dags/example_setup_teardown.py
[2023-11-22T15:28:15.322+0500] {processor.py:839} INFO - DAG(s) dict_keys(['example_setup_teardown']) retrieved from /usr/local/lib/python3.10/dist-packages/airflow/example_dags/example_setup_teardown.py
[2023-11-22T15:28:15.436+0500] {logging_mixin.py:154} INFO - [2023-11-22T15:28:15.435+0500] {dag.py:2941} INFO - Sync 1 DAGs
[2023-11-22T15:28:15.535+0500] {logging_mixin.py:154} INFO - [2023-11-22T15:28:15.535+0500] {dag.py:3722} INFO - Setting next_dagrun for example_setup_teardown to 2023-11-21T10:28:15.534397+00:00, run_after=2023-11-22T10:28:15.534397+00:00
[2023-11-22T15:28:15.621+0500] {processor.py:179} INFO - Processing /usr/local/lib/python3.10/dist-packages/airflow/example_dags/example_setup_teardown.py took 0.349 seconds
[2023-11-22T15:28:47.285+0500] {processor.py:157} INFO - Started process (PID=10321) to work on /usr/local/lib/python3.10/dist-packages/airflow/example_dags/example_setup_teardown.py
[2023-11-22T15:28:47.288+0500] {processor.py:829} INFO - Processing file /usr/local/lib/python3.10/dist-packages/airflow/example_dags/example_setup_teardown.py for tasks to queue
[2023-11-22T15:28:47.292+0500] {logging_mixin.py:154} INFO - [2023-11-22T15:28:47.291+0500] {dagbag.py:536} INFO - Filling up the DagBag from /usr/local/lib/python3.10/dist-packages/airflow/example_dags/example_setup_teardown.py
[2023-11-22T15:28:47.337+0500] {processor.py:839} INFO - DAG(s) dict_keys(['example_setup_teardown']) retrieved from /usr/local/lib/python3.10/dist-packages/airflow/example_dags/example_setup_teardown.py
[2023-11-22T15:28:47.466+0500] {logging_mixin.py:154} INFO - [2023-11-22T15:28:47.465+0500] {dag.py:2941} INFO - Sync 1 DAGs
[2023-11-22T15:28:47.597+0500] {logging_mixin.py:154} INFO - [2023-11-22T15:28:47.596+0500] {dag.py:3722} INFO - Setting next_dagrun for example_setup_teardown to 2023-11-21T10:28:47.591694+00:00, run_after=2023-11-22T10:28:47.591694+00:00
[2023-11-22T15:28:47.743+0500] {processor.py:179} INFO - Processing /usr/local/lib/python3.10/dist-packages/airflow/example_dags/example_setup_teardown.py took 0.469 seconds
[2023-11-22T15:29:18.492+0500] {processor.py:157} INFO - Started process (PID=10432) to work on /usr/local/lib/python3.10/dist-packages/airflow/example_dags/example_setup_teardown.py
[2023-11-22T15:29:18.495+0500] {processor.py:829} INFO - Processing file /usr/local/lib/python3.10/dist-packages/airflow/example_dags/example_setup_teardown.py for tasks to queue
[2023-11-22T15:29:18.498+0500] {logging_mixin.py:154} INFO - [2023-11-22T15:29:18.497+0500] {dagbag.py:536} INFO - Filling up the DagBag from /usr/local/lib/python3.10/dist-packages/airflow/example_dags/example_setup_teardown.py
[2023-11-22T15:29:18.524+0500] {processor.py:839} INFO - DAG(s) dict_keys(['example_setup_teardown']) retrieved from /usr/local/lib/python3.10/dist-packages/airflow/example_dags/example_setup_teardown.py
[2023-11-22T15:29:18.629+0500] {logging_mixin.py:154} INFO - [2023-11-22T15:29:18.628+0500] {dag.py:2941} INFO - Sync 1 DAGs
[2023-11-22T15:29:18.731+0500] {logging_mixin.py:154} INFO - [2023-11-22T15:29:18.730+0500] {dag.py:3722} INFO - Setting next_dagrun for example_setup_teardown to 2023-11-21T10:29:18.729630+00:00, run_after=2023-11-22T10:29:18.729630+00:00
[2023-11-22T15:29:18.819+0500] {processor.py:179} INFO - Processing /usr/local/lib/python3.10/dist-packages/airflow/example_dags/example_setup_teardown.py took 0.338 seconds
[2023-11-22T15:29:49.065+0500] {processor.py:157} INFO - Started process (PID=10831) to work on /usr/local/lib/python3.10/dist-packages/airflow/example_dags/example_setup_teardown.py
[2023-11-22T15:29:49.070+0500] {processor.py:829} INFO - Processing file /usr/local/lib/python3.10/dist-packages/airflow/example_dags/example_setup_teardown.py for tasks to queue
[2023-11-22T15:29:49.073+0500] {logging_mixin.py:154} INFO - [2023-11-22T15:29:49.072+0500] {dagbag.py:536} INFO - Filling up the DagBag from /usr/local/lib/python3.10/dist-packages/airflow/example_dags/example_setup_teardown.py
[2023-11-22T15:29:49.109+0500] {processor.py:839} INFO - DAG(s) dict_keys(['example_setup_teardown']) retrieved from /usr/local/lib/python3.10/dist-packages/airflow/example_dags/example_setup_teardown.py
[2023-11-22T15:29:49.249+0500] {logging_mixin.py:154} INFO - [2023-11-22T15:29:49.248+0500] {dag.py:2941} INFO - Sync 1 DAGs
[2023-11-22T15:29:49.427+0500] {logging_mixin.py:154} INFO - [2023-11-22T15:29:49.426+0500] {dag.py:3722} INFO - Setting next_dagrun for example_setup_teardown to 2023-11-21T10:29:49.420577+00:00, run_after=2023-11-22T10:29:49.420577+00:00
[2023-11-22T15:29:49.617+0500] {processor.py:179} INFO - Processing /usr/local/lib/python3.10/dist-packages/airflow/example_dags/example_setup_teardown.py took 0.564 seconds
[2023-11-22T15:30:19.932+0500] {processor.py:157} INFO - Started process (PID=10966) to work on /usr/local/lib/python3.10/dist-packages/airflow/example_dags/example_setup_teardown.py
[2023-11-22T15:30:19.935+0500] {processor.py:829} INFO - Processing file /usr/local/lib/python3.10/dist-packages/airflow/example_dags/example_setup_teardown.py for tasks to queue
[2023-11-22T15:30:19.938+0500] {logging_mixin.py:154} INFO - [2023-11-22T15:30:19.937+0500] {dagbag.py:536} INFO - Filling up the DagBag from /usr/local/lib/python3.10/dist-packages/airflow/example_dags/example_setup_teardown.py
[2023-11-22T15:30:19.972+0500] {processor.py:839} INFO - DAG(s) dict_keys(['example_setup_teardown']) retrieved from /usr/local/lib/python3.10/dist-packages/airflow/example_dags/example_setup_teardown.py
[2023-11-22T15:30:20.126+0500] {logging_mixin.py:154} INFO - [2023-11-22T15:30:20.125+0500] {dag.py:2941} INFO - Sync 1 DAGs
[2023-11-22T15:30:20.292+0500] {logging_mixin.py:154} INFO - [2023-11-22T15:30:20.291+0500] {dag.py:3722} INFO - Setting next_dagrun for example_setup_teardown to 2023-11-21T10:30:20.287960+00:00, run_after=2023-11-22T10:30:20.287960+00:00
[2023-11-22T15:30:20.378+0500] {processor.py:179} INFO - Processing /usr/local/lib/python3.10/dist-packages/airflow/example_dags/example_setup_teardown.py took 0.464 seconds
[2023-11-22T15:30:50.607+0500] {processor.py:157} INFO - Started process (PID=11183) to work on /usr/local/lib/python3.10/dist-packages/airflow/example_dags/example_setup_teardown.py
[2023-11-22T15:30:50.610+0500] {processor.py:829} INFO - Processing file /usr/local/lib/python3.10/dist-packages/airflow/example_dags/example_setup_teardown.py for tasks to queue
[2023-11-22T15:30:50.640+0500] {logging_mixin.py:154} INFO - [2023-11-22T15:30:50.637+0500] {dagbag.py:536} INFO - Filling up the DagBag from /usr/local/lib/python3.10/dist-packages/airflow/example_dags/example_setup_teardown.py
[2023-11-22T15:30:50.678+0500] {processor.py:839} INFO - DAG(s) dict_keys(['example_setup_teardown']) retrieved from /usr/local/lib/python3.10/dist-packages/airflow/example_dags/example_setup_teardown.py
[2023-11-22T15:30:50.860+0500] {logging_mixin.py:154} INFO - [2023-11-22T15:30:50.860+0500] {dag.py:2941} INFO - Sync 1 DAGs
[2023-11-22T15:30:50.995+0500] {logging_mixin.py:154} INFO - [2023-11-22T15:30:50.994+0500] {dag.py:3722} INFO - Setting next_dagrun for example_setup_teardown to 2023-11-21T10:30:50.993773+00:00, run_after=2023-11-22T10:30:50.993773+00:00
[2023-11-22T15:30:51.106+0500] {processor.py:179} INFO - Processing /usr/local/lib/python3.10/dist-packages/airflow/example_dags/example_setup_teardown.py took 0.511 seconds
[2023-11-22T15:31:22.034+0500] {processor.py:157} INFO - Started process (PID=11327) to work on /usr/local/lib/python3.10/dist-packages/airflow/example_dags/example_setup_teardown.py
[2023-11-22T15:31:22.037+0500] {processor.py:829} INFO - Processing file /usr/local/lib/python3.10/dist-packages/airflow/example_dags/example_setup_teardown.py for tasks to queue
[2023-11-22T15:31:22.040+0500] {logging_mixin.py:154} INFO - [2023-11-22T15:31:22.039+0500] {dagbag.py:536} INFO - Filling up the DagBag from /usr/local/lib/python3.10/dist-packages/airflow/example_dags/example_setup_teardown.py
[2023-11-22T15:31:22.072+0500] {processor.py:839} INFO - DAG(s) dict_keys(['example_setup_teardown']) retrieved from /usr/local/lib/python3.10/dist-packages/airflow/example_dags/example_setup_teardown.py
[2023-11-22T15:31:22.197+0500] {logging_mixin.py:154} INFO - [2023-11-22T15:31:22.196+0500] {dag.py:2941} INFO - Sync 1 DAGs
[2023-11-22T15:31:22.310+0500] {logging_mixin.py:154} INFO - [2023-11-22T15:31:22.309+0500] {dag.py:3722} INFO - Setting next_dagrun for example_setup_teardown to 2023-11-21T10:31:22.308447+00:00, run_after=2023-11-22T10:31:22.308447+00:00
[2023-11-22T15:31:22.471+0500] {processor.py:179} INFO - Processing /usr/local/lib/python3.10/dist-packages/airflow/example_dags/example_setup_teardown.py took 0.451 seconds
[2023-11-22T15:31:53.116+0500] {processor.py:157} INFO - Started process (PID=11468) to work on /usr/local/lib/python3.10/dist-packages/airflow/example_dags/example_setup_teardown.py
[2023-11-22T15:31:53.119+0500] {processor.py:829} INFO - Processing file /usr/local/lib/python3.10/dist-packages/airflow/example_dags/example_setup_teardown.py for tasks to queue
[2023-11-22T15:31:53.122+0500] {logging_mixin.py:154} INFO - [2023-11-22T15:31:53.121+0500] {dagbag.py:536} INFO - Filling up the DagBag from /usr/local/lib/python3.10/dist-packages/airflow/example_dags/example_setup_teardown.py
[2023-11-22T15:31:53.158+0500] {processor.py:839} INFO - DAG(s) dict_keys(['example_setup_teardown']) retrieved from /usr/local/lib/python3.10/dist-packages/airflow/example_dags/example_setup_teardown.py
[2023-11-22T15:31:53.293+0500] {logging_mixin.py:154} INFO - [2023-11-22T15:31:53.293+0500] {dag.py:2941} INFO - Sync 1 DAGs
[2023-11-22T15:31:53.424+0500] {logging_mixin.py:154} INFO - [2023-11-22T15:31:53.423+0500] {dag.py:3722} INFO - Setting next_dagrun for example_setup_teardown to 2023-11-21T10:31:53.423012+00:00, run_after=2023-11-22T10:31:53.423012+00:00
[2023-11-22T15:31:53.532+0500] {processor.py:179} INFO - Processing /usr/local/lib/python3.10/dist-packages/airflow/example_dags/example_setup_teardown.py took 0.430 seconds
[2023-11-22T15:32:23.619+0500] {processor.py:157} INFO - Started process (PID=11648) to work on /usr/local/lib/python3.10/dist-packages/airflow/example_dags/example_setup_teardown.py
[2023-11-22T15:32:23.623+0500] {processor.py:829} INFO - Processing file /usr/local/lib/python3.10/dist-packages/airflow/example_dags/example_setup_teardown.py for tasks to queue
[2023-11-22T15:32:23.626+0500] {logging_mixin.py:154} INFO - [2023-11-22T15:32:23.625+0500] {dagbag.py:536} INFO - Filling up the DagBag from /usr/local/lib/python3.10/dist-packages/airflow/example_dags/example_setup_teardown.py
[2023-11-22T15:32:23.655+0500] {processor.py:839} INFO - DAG(s) dict_keys(['example_setup_teardown']) retrieved from /usr/local/lib/python3.10/dist-packages/airflow/example_dags/example_setup_teardown.py
[2023-11-22T15:32:23.758+0500] {logging_mixin.py:154} INFO - [2023-11-22T15:32:23.757+0500] {dag.py:2941} INFO - Sync 1 DAGs
[2023-11-22T15:32:23.862+0500] {logging_mixin.py:154} INFO - [2023-11-22T15:32:23.861+0500] {dag.py:3722} INFO - Setting next_dagrun for example_setup_teardown to 2023-11-21T10:32:23.860813+00:00, run_after=2023-11-22T10:32:23.860813+00:00
[2023-11-22T15:32:23.954+0500] {processor.py:179} INFO - Processing /usr/local/lib/python3.10/dist-packages/airflow/example_dags/example_setup_teardown.py took 0.352 seconds
[2023-11-22T15:32:54.591+0500] {processor.py:157} INFO - Started process (PID=11799) to work on /usr/local/lib/python3.10/dist-packages/airflow/example_dags/example_setup_teardown.py
[2023-11-22T15:32:54.593+0500] {processor.py:829} INFO - Processing file /usr/local/lib/python3.10/dist-packages/airflow/example_dags/example_setup_teardown.py for tasks to queue
[2023-11-22T15:32:54.606+0500] {logging_mixin.py:154} INFO - [2023-11-22T15:32:54.598+0500] {dagbag.py:536} INFO - Filling up the DagBag from /usr/local/lib/python3.10/dist-packages/airflow/example_dags/example_setup_teardown.py
[2023-11-22T15:32:54.643+0500] {processor.py:839} INFO - DAG(s) dict_keys(['example_setup_teardown']) retrieved from /usr/local/lib/python3.10/dist-packages/airflow/example_dags/example_setup_teardown.py
[2023-11-22T15:32:54.755+0500] {logging_mixin.py:154} INFO - [2023-11-22T15:32:54.754+0500] {dag.py:2941} INFO - Sync 1 DAGs
[2023-11-22T15:32:54.894+0500] {logging_mixin.py:154} INFO - [2023-11-22T15:32:54.893+0500] {dag.py:3722} INFO - Setting next_dagrun for example_setup_teardown to 2023-11-21T10:32:54.892409+00:00, run_after=2023-11-22T10:32:54.892409+00:00
[2023-11-22T15:32:54.992+0500] {processor.py:179} INFO - Processing /usr/local/lib/python3.10/dist-packages/airflow/example_dags/example_setup_teardown.py took 0.421 seconds
[2023-11-22T15:33:25.177+0500] {processor.py:157} INFO - Started process (PID=11947) to work on /usr/local/lib/python3.10/dist-packages/airflow/example_dags/example_setup_teardown.py
[2023-11-22T15:33:25.180+0500] {processor.py:829} INFO - Processing file /usr/local/lib/python3.10/dist-packages/airflow/example_dags/example_setup_teardown.py for tasks to queue
[2023-11-22T15:33:25.184+0500] {logging_mixin.py:154} INFO - [2023-11-22T15:33:25.183+0500] {dagbag.py:536} INFO - Filling up the DagBag from /usr/local/lib/python3.10/dist-packages/airflow/example_dags/example_setup_teardown.py
[2023-11-22T15:33:25.235+0500] {processor.py:839} INFO - DAG(s) dict_keys(['example_setup_teardown']) retrieved from /usr/local/lib/python3.10/dist-packages/airflow/example_dags/example_setup_teardown.py
[2023-11-22T15:33:25.352+0500] {logging_mixin.py:154} INFO - [2023-11-22T15:33:25.351+0500] {dag.py:2941} INFO - Sync 1 DAGs
[2023-11-22T15:33:25.461+0500] {logging_mixin.py:154} INFO - [2023-11-22T15:33:25.460+0500] {dag.py:3722} INFO - Setting next_dagrun for example_setup_teardown to 2023-11-21T10:33:25.460161+00:00, run_after=2023-11-22T10:33:25.460161+00:00
[2023-11-22T15:33:25.560+0500] {processor.py:179} INFO - Processing /usr/local/lib/python3.10/dist-packages/airflow/example_dags/example_setup_teardown.py took 0.394 seconds
[2023-11-22T15:33:56.398+0500] {processor.py:157} INFO - Started process (PID=12105) to work on /usr/local/lib/python3.10/dist-packages/airflow/example_dags/example_setup_teardown.py
[2023-11-22T15:33:56.402+0500] {processor.py:829} INFO - Processing file /usr/local/lib/python3.10/dist-packages/airflow/example_dags/example_setup_teardown.py for tasks to queue
[2023-11-22T15:33:56.405+0500] {logging_mixin.py:154} INFO - [2023-11-22T15:33:56.404+0500] {dagbag.py:536} INFO - Filling up the DagBag from /usr/local/lib/python3.10/dist-packages/airflow/example_dags/example_setup_teardown.py
[2023-11-22T15:33:56.433+0500] {processor.py:839} INFO - DAG(s) dict_keys(['example_setup_teardown']) retrieved from /usr/local/lib/python3.10/dist-packages/airflow/example_dags/example_setup_teardown.py
[2023-11-22T15:33:56.578+0500] {logging_mixin.py:154} INFO - [2023-11-22T15:33:56.577+0500] {dag.py:2941} INFO - Sync 1 DAGs
[2023-11-22T15:33:56.712+0500] {logging_mixin.py:154} INFO - [2023-11-22T15:33:56.711+0500] {dag.py:3722} INFO - Setting next_dagrun for example_setup_teardown to 2023-11-21T10:33:56.711034+00:00, run_after=2023-11-22T10:33:56.711034+00:00
[2023-11-22T15:33:56.829+0500] {processor.py:179} INFO - Processing /usr/local/lib/python3.10/dist-packages/airflow/example_dags/example_setup_teardown.py took 0.443 seconds
[2023-11-22T15:34:28.071+0500] {processor.py:157} INFO - Started process (PID=12236) to work on /usr/local/lib/python3.10/dist-packages/airflow/example_dags/example_setup_teardown.py
[2023-11-22T15:34:28.075+0500] {processor.py:829} INFO - Processing file /usr/local/lib/python3.10/dist-packages/airflow/example_dags/example_setup_teardown.py for tasks to queue
[2023-11-22T15:34:28.085+0500] {logging_mixin.py:154} INFO - [2023-11-22T15:34:28.083+0500] {dagbag.py:536} INFO - Filling up the DagBag from /usr/local/lib/python3.10/dist-packages/airflow/example_dags/example_setup_teardown.py
[2023-11-22T15:34:28.156+0500] {processor.py:839} INFO - DAG(s) dict_keys(['example_setup_teardown']) retrieved from /usr/local/lib/python3.10/dist-packages/airflow/example_dags/example_setup_teardown.py
[2023-11-22T15:34:28.278+0500] {logging_mixin.py:154} INFO - [2023-11-22T15:34:28.278+0500] {dag.py:2941} INFO - Sync 1 DAGs
[2023-11-22T15:34:28.431+0500] {logging_mixin.py:154} INFO - [2023-11-22T15:34:28.430+0500] {dag.py:3722} INFO - Setting next_dagrun for example_setup_teardown to 2023-11-21T10:34:28.429332+00:00, run_after=2023-11-22T10:34:28.429332+00:00
[2023-11-22T15:34:28.525+0500] {processor.py:179} INFO - Processing /usr/local/lib/python3.10/dist-packages/airflow/example_dags/example_setup_teardown.py took 0.512 seconds
[2023-11-22T15:35:03.592+0500] {processor.py:157} INFO - Started process (PID=12537) to work on /usr/local/lib/python3.10/dist-packages/airflow/example_dags/example_setup_teardown.py
[2023-11-22T15:35:03.598+0500] {processor.py:829} INFO - Processing file /usr/local/lib/python3.10/dist-packages/airflow/example_dags/example_setup_teardown.py for tasks to queue
[2023-11-22T15:35:03.609+0500] {logging_mixin.py:154} INFO - [2023-11-22T15:35:03.607+0500] {dagbag.py:536} INFO - Filling up the DagBag from /usr/local/lib/python3.10/dist-packages/airflow/example_dags/example_setup_teardown.py
[2023-11-22T15:35:03.709+0500] {processor.py:839} INFO - DAG(s) dict_keys(['example_setup_teardown']) retrieved from /usr/local/lib/python3.10/dist-packages/airflow/example_dags/example_setup_teardown.py
[2023-11-22T15:35:03.940+0500] {logging_mixin.py:154} INFO - [2023-11-22T15:35:03.940+0500] {dag.py:2941} INFO - Sync 1 DAGs
[2023-11-22T15:35:04.156+0500] {logging_mixin.py:154} INFO - [2023-11-22T15:35:04.156+0500] {dag.py:3722} INFO - Setting next_dagrun for example_setup_teardown to 2023-11-21T10:35:04.153750+00:00, run_after=2023-11-22T10:35:04.153750+00:00
[2023-11-22T15:35:04.303+0500] {processor.py:179} INFO - Processing /usr/local/lib/python3.10/dist-packages/airflow/example_dags/example_setup_teardown.py took 0.735 seconds
[2023-11-22T15:35:43.556+0500] {processor.py:157} INFO - Started process (PID=13173) to work on /usr/local/lib/python3.10/dist-packages/airflow/example_dags/example_setup_teardown.py
[2023-11-22T15:35:43.567+0500] {processor.py:829} INFO - Processing file /usr/local/lib/python3.10/dist-packages/airflow/example_dags/example_setup_teardown.py for tasks to queue
[2023-11-22T15:35:43.571+0500] {logging_mixin.py:154} INFO - [2023-11-22T15:35:43.569+0500] {dagbag.py:536} INFO - Filling up the DagBag from /usr/local/lib/python3.10/dist-packages/airflow/example_dags/example_setup_teardown.py
[2023-11-22T15:35:43.668+0500] {processor.py:839} INFO - DAG(s) dict_keys(['example_setup_teardown']) retrieved from /usr/local/lib/python3.10/dist-packages/airflow/example_dags/example_setup_teardown.py
[2023-11-22T15:35:43.961+0500] {logging_mixin.py:154} INFO - [2023-11-22T15:35:43.960+0500] {dag.py:2941} INFO - Sync 1 DAGs
[2023-11-22T15:35:44.081+0500] {logging_mixin.py:154} INFO - [2023-11-22T15:35:44.081+0500] {dag.py:3722} INFO - Setting next_dagrun for example_setup_teardown to 2023-11-21T10:35:44.080143+00:00, run_after=2023-11-22T10:35:44.080143+00:00
[2023-11-22T15:35:44.374+0500] {processor.py:179} INFO - Processing /usr/local/lib/python3.10/dist-packages/airflow/example_dags/example_setup_teardown.py took 0.846 seconds
[2023-11-22T15:40:07.515+0500] {processor.py:157} INFO - Started process (PID=13475) to work on /usr/local/lib/python3.10/dist-packages/airflow/example_dags/example_setup_teardown.py
[2023-11-22T15:40:07.518+0500] {processor.py:829} INFO - Processing file /usr/local/lib/python3.10/dist-packages/airflow/example_dags/example_setup_teardown.py for tasks to queue
[2023-11-22T15:40:07.521+0500] {logging_mixin.py:154} INFO - [2023-11-22T15:40:07.520+0500] {dagbag.py:536} INFO - Filling up the DagBag from /usr/local/lib/python3.10/dist-packages/airflow/example_dags/example_setup_teardown.py
[2023-11-22T15:40:07.549+0500] {processor.py:839} INFO - DAG(s) dict_keys(['example_setup_teardown']) retrieved from /usr/local/lib/python3.10/dist-packages/airflow/example_dags/example_setup_teardown.py
[2023-11-22T15:40:07.672+0500] {logging_mixin.py:154} INFO - [2023-11-22T15:40:07.671+0500] {dag.py:2941} INFO - Sync 1 DAGs
[2023-11-22T15:40:07.771+0500] {logging_mixin.py:154} INFO - [2023-11-22T15:40:07.770+0500] {dag.py:3722} INFO - Setting next_dagrun for example_setup_teardown to 2023-11-21T10:40:07.769335+00:00, run_after=2023-11-22T10:40:07.769335+00:00
[2023-11-22T15:40:07.849+0500] {processor.py:179} INFO - Processing /usr/local/lib/python3.10/dist-packages/airflow/example_dags/example_setup_teardown.py took 0.346 seconds
[2023-11-22T15:40:39.964+0500] {processor.py:157} INFO - Started process (PID=13618) to work on /usr/local/lib/python3.10/dist-packages/airflow/example_dags/example_setup_teardown.py
[2023-11-22T15:40:39.967+0500] {processor.py:829} INFO - Processing file /usr/local/lib/python3.10/dist-packages/airflow/example_dags/example_setup_teardown.py for tasks to queue
[2023-11-22T15:40:39.969+0500] {logging_mixin.py:154} INFO - [2023-11-22T15:40:39.968+0500] {dagbag.py:536} INFO - Filling up the DagBag from /usr/local/lib/python3.10/dist-packages/airflow/example_dags/example_setup_teardown.py
[2023-11-22T15:40:39.998+0500] {processor.py:839} INFO - DAG(s) dict_keys(['example_setup_teardown']) retrieved from /usr/local/lib/python3.10/dist-packages/airflow/example_dags/example_setup_teardown.py
[2023-11-22T15:40:40.121+0500] {logging_mixin.py:154} INFO - [2023-11-22T15:40:40.120+0500] {dag.py:2941} INFO - Sync 1 DAGs
[2023-11-22T15:40:40.251+0500] {logging_mixin.py:154} INFO - [2023-11-22T15:40:40.250+0500] {dag.py:3722} INFO - Setting next_dagrun for example_setup_teardown to 2023-11-21T10:40:40.249340+00:00, run_after=2023-11-22T10:40:40.249340+00:00
[2023-11-22T15:40:40.344+0500] {processor.py:179} INFO - Processing /usr/local/lib/python3.10/dist-packages/airflow/example_dags/example_setup_teardown.py took 0.391 seconds
[2023-11-22T15:41:12.013+0500] {processor.py:157} INFO - Started process (PID=13762) to work on /usr/local/lib/python3.10/dist-packages/airflow/example_dags/example_setup_teardown.py
[2023-11-22T15:41:12.015+0500] {processor.py:829} INFO - Processing file /usr/local/lib/python3.10/dist-packages/airflow/example_dags/example_setup_teardown.py for tasks to queue
[2023-11-22T15:41:12.019+0500] {logging_mixin.py:154} INFO - [2023-11-22T15:41:12.017+0500] {dagbag.py:536} INFO - Filling up the DagBag from /usr/local/lib/python3.10/dist-packages/airflow/example_dags/example_setup_teardown.py
[2023-11-22T15:41:12.058+0500] {processor.py:839} INFO - DAG(s) dict_keys(['example_setup_teardown']) retrieved from /usr/local/lib/python3.10/dist-packages/airflow/example_dags/example_setup_teardown.py
[2023-11-22T15:41:12.173+0500] {logging_mixin.py:154} INFO - [2023-11-22T15:41:12.172+0500] {dag.py:2941} INFO - Sync 1 DAGs
[2023-11-22T15:41:12.298+0500] {logging_mixin.py:154} INFO - [2023-11-22T15:41:12.297+0500] {dag.py:3722} INFO - Setting next_dagrun for example_setup_teardown to 2023-11-21T10:41:12.296438+00:00, run_after=2023-11-22T10:41:12.296438+00:00
[2023-11-22T15:41:12.417+0500] {processor.py:179} INFO - Processing /usr/local/lib/python3.10/dist-packages/airflow/example_dags/example_setup_teardown.py took 0.421 seconds
[2023-11-22T15:41:43.926+0500] {processor.py:157} INFO - Started process (PID=13924) to work on /usr/local/lib/python3.10/dist-packages/airflow/example_dags/example_setup_teardown.py
[2023-11-22T15:41:43.951+0500] {processor.py:829} INFO - Processing file /usr/local/lib/python3.10/dist-packages/airflow/example_dags/example_setup_teardown.py for tasks to queue
[2023-11-22T15:41:43.953+0500] {logging_mixin.py:154} INFO - [2023-11-22T15:41:43.952+0500] {dagbag.py:536} INFO - Filling up the DagBag from /usr/local/lib/python3.10/dist-packages/airflow/example_dags/example_setup_teardown.py
[2023-11-22T15:41:44.018+0500] {processor.py:839} INFO - DAG(s) dict_keys(['example_setup_teardown']) retrieved from /usr/local/lib/python3.10/dist-packages/airflow/example_dags/example_setup_teardown.py
[2023-11-22T15:41:44.130+0500] {logging_mixin.py:154} INFO - [2023-11-22T15:41:44.129+0500] {dag.py:2941} INFO - Sync 1 DAGs
[2023-11-22T15:41:44.256+0500] {logging_mixin.py:154} INFO - [2023-11-22T15:41:44.255+0500] {dag.py:3722} INFO - Setting next_dagrun for example_setup_teardown to 2023-11-21T10:41:44.254387+00:00, run_after=2023-11-22T10:41:44.254387+00:00
[2023-11-22T15:41:44.369+0500] {processor.py:179} INFO - Processing /usr/local/lib/python3.10/dist-packages/airflow/example_dags/example_setup_teardown.py took 0.458 seconds
[2023-11-22T15:42:15.014+0500] {processor.py:157} INFO - Started process (PID=14096) to work on /usr/local/lib/python3.10/dist-packages/airflow/example_dags/example_setup_teardown.py
[2023-11-22T15:42:15.018+0500] {processor.py:829} INFO - Processing file /usr/local/lib/python3.10/dist-packages/airflow/example_dags/example_setup_teardown.py for tasks to queue
[2023-11-22T15:42:15.021+0500] {logging_mixin.py:154} INFO - [2023-11-22T15:42:15.020+0500] {dagbag.py:536} INFO - Filling up the DagBag from /usr/local/lib/python3.10/dist-packages/airflow/example_dags/example_setup_teardown.py
[2023-11-22T15:42:15.051+0500] {processor.py:839} INFO - DAG(s) dict_keys(['example_setup_teardown']) retrieved from /usr/local/lib/python3.10/dist-packages/airflow/example_dags/example_setup_teardown.py
[2023-11-22T15:42:15.158+0500] {logging_mixin.py:154} INFO - [2023-11-22T15:42:15.157+0500] {dag.py:2941} INFO - Sync 1 DAGs
[2023-11-22T15:42:15.274+0500] {logging_mixin.py:154} INFO - [2023-11-22T15:42:15.273+0500] {dag.py:3722} INFO - Setting next_dagrun for example_setup_teardown to 2023-11-21T10:42:15.272851+00:00, run_after=2023-11-22T10:42:15.272851+00:00
[2023-11-22T15:42:15.389+0500] {processor.py:179} INFO - Processing /usr/local/lib/python3.10/dist-packages/airflow/example_dags/example_setup_teardown.py took 0.390 seconds
[2023-11-22T15:42:45.880+0500] {processor.py:157} INFO - Started process (PID=14234) to work on /usr/local/lib/python3.10/dist-packages/airflow/example_dags/example_setup_teardown.py
[2023-11-22T15:42:45.882+0500] {processor.py:829} INFO - Processing file /usr/local/lib/python3.10/dist-packages/airflow/example_dags/example_setup_teardown.py for tasks to queue
[2023-11-22T15:42:45.885+0500] {logging_mixin.py:154} INFO - [2023-11-22T15:42:45.884+0500] {dagbag.py:536} INFO - Filling up the DagBag from /usr/local/lib/python3.10/dist-packages/airflow/example_dags/example_setup_teardown.py
[2023-11-22T15:42:45.913+0500] {processor.py:839} INFO - DAG(s) dict_keys(['example_setup_teardown']) retrieved from /usr/local/lib/python3.10/dist-packages/airflow/example_dags/example_setup_teardown.py
[2023-11-22T15:42:46.031+0500] {logging_mixin.py:154} INFO - [2023-11-22T15:42:46.031+0500] {dag.py:2941} INFO - Sync 1 DAGs
[2023-11-22T15:42:46.144+0500] {logging_mixin.py:154} INFO - [2023-11-22T15:42:46.143+0500] {dag.py:3722} INFO - Setting next_dagrun for example_setup_teardown to 2023-11-21T10:42:46.142627+00:00, run_after=2023-11-22T10:42:46.142627+00:00
[2023-11-22T15:42:46.227+0500] {processor.py:179} INFO - Processing /usr/local/lib/python3.10/dist-packages/airflow/example_dags/example_setup_teardown.py took 0.358 seconds
[2023-11-22T15:43:16.780+0500] {processor.py:157} INFO - Started process (PID=14355) to work on /usr/local/lib/python3.10/dist-packages/airflow/example_dags/example_setup_teardown.py
[2023-11-22T15:43:16.786+0500] {processor.py:829} INFO - Processing file /usr/local/lib/python3.10/dist-packages/airflow/example_dags/example_setup_teardown.py for tasks to queue
[2023-11-22T15:43:16.790+0500] {logging_mixin.py:154} INFO - [2023-11-22T15:43:16.789+0500] {dagbag.py:536} INFO - Filling up the DagBag from /usr/local/lib/python3.10/dist-packages/airflow/example_dags/example_setup_teardown.py
[2023-11-22T15:43:16.820+0500] {processor.py:839} INFO - DAG(s) dict_keys(['example_setup_teardown']) retrieved from /usr/local/lib/python3.10/dist-packages/airflow/example_dags/example_setup_teardown.py
[2023-11-22T15:43:16.936+0500] {logging_mixin.py:154} INFO - [2023-11-22T15:43:16.934+0500] {dag.py:2941} INFO - Sync 1 DAGs
[2023-11-22T15:43:17.049+0500] {logging_mixin.py:154} INFO - [2023-11-22T15:43:17.048+0500] {dag.py:3722} INFO - Setting next_dagrun for example_setup_teardown to 2023-11-21T10:43:17.047673+00:00, run_after=2023-11-22T10:43:17.047673+00:00
[2023-11-22T15:43:17.135+0500] {processor.py:179} INFO - Processing /usr/local/lib/python3.10/dist-packages/airflow/example_dags/example_setup_teardown.py took 0.365 seconds
[2023-11-22T15:43:47.811+0500] {processor.py:157} INFO - Started process (PID=14500) to work on /usr/local/lib/python3.10/dist-packages/airflow/example_dags/example_setup_teardown.py
[2023-11-22T15:43:47.813+0500] {processor.py:829} INFO - Processing file /usr/local/lib/python3.10/dist-packages/airflow/example_dags/example_setup_teardown.py for tasks to queue
[2023-11-22T15:43:47.816+0500] {logging_mixin.py:154} INFO - [2023-11-22T15:43:47.815+0500] {dagbag.py:536} INFO - Filling up the DagBag from /usr/local/lib/python3.10/dist-packages/airflow/example_dags/example_setup_teardown.py
[2023-11-22T15:43:47.844+0500] {processor.py:839} INFO - DAG(s) dict_keys(['example_setup_teardown']) retrieved from /usr/local/lib/python3.10/dist-packages/airflow/example_dags/example_setup_teardown.py
[2023-11-22T15:43:47.949+0500] {logging_mixin.py:154} INFO - [2023-11-22T15:43:47.948+0500] {dag.py:2941} INFO - Sync 1 DAGs
[2023-11-22T15:43:48.053+0500] {logging_mixin.py:154} INFO - [2023-11-22T15:43:48.053+0500] {dag.py:3722} INFO - Setting next_dagrun for example_setup_teardown to 2023-11-21T10:43:48.051978+00:00, run_after=2023-11-22T10:43:48.051978+00:00
[2023-11-22T15:43:48.153+0500] {processor.py:179} INFO - Processing /usr/local/lib/python3.10/dist-packages/airflow/example_dags/example_setup_teardown.py took 0.357 seconds
[2023-11-22T15:44:18.636+0500] {processor.py:157} INFO - Started process (PID=14651) to work on /usr/local/lib/python3.10/dist-packages/airflow/example_dags/example_setup_teardown.py
[2023-11-22T15:44:18.638+0500] {processor.py:829} INFO - Processing file /usr/local/lib/python3.10/dist-packages/airflow/example_dags/example_setup_teardown.py for tasks to queue
[2023-11-22T15:44:18.641+0500] {logging_mixin.py:154} INFO - [2023-11-22T15:44:18.640+0500] {dagbag.py:536} INFO - Filling up the DagBag from /usr/local/lib/python3.10/dist-packages/airflow/example_dags/example_setup_teardown.py
[2023-11-22T15:44:18.672+0500] {processor.py:839} INFO - DAG(s) dict_keys(['example_setup_teardown']) retrieved from /usr/local/lib/python3.10/dist-packages/airflow/example_dags/example_setup_teardown.py
[2023-11-22T15:44:18.802+0500] {logging_mixin.py:154} INFO - [2023-11-22T15:44:18.801+0500] {dag.py:2941} INFO - Sync 1 DAGs
[2023-11-22T15:44:18.921+0500] {logging_mixin.py:154} INFO - [2023-11-22T15:44:18.920+0500] {dag.py:3722} INFO - Setting next_dagrun for example_setup_teardown to 2023-11-21T10:44:18.919567+00:00, run_after=2023-11-22T10:44:18.919567+00:00
[2023-11-22T15:44:19.008+0500] {processor.py:179} INFO - Processing /usr/local/lib/python3.10/dist-packages/airflow/example_dags/example_setup_teardown.py took 0.386 seconds
[2023-11-22T15:44:49.286+0500] {processor.py:157} INFO - Started process (PID=14803) to work on /usr/local/lib/python3.10/dist-packages/airflow/example_dags/example_setup_teardown.py
[2023-11-22T15:44:49.289+0500] {processor.py:829} INFO - Processing file /usr/local/lib/python3.10/dist-packages/airflow/example_dags/example_setup_teardown.py for tasks to queue
[2023-11-22T15:44:49.292+0500] {logging_mixin.py:154} INFO - [2023-11-22T15:44:49.291+0500] {dagbag.py:536} INFO - Filling up the DagBag from /usr/local/lib/python3.10/dist-packages/airflow/example_dags/example_setup_teardown.py
[2023-11-22T15:44:49.324+0500] {processor.py:839} INFO - DAG(s) dict_keys(['example_setup_teardown']) retrieved from /usr/local/lib/python3.10/dist-packages/airflow/example_dags/example_setup_teardown.py
[2023-11-22T15:44:49.432+0500] {logging_mixin.py:154} INFO - [2023-11-22T15:44:49.431+0500] {dag.py:2941} INFO - Sync 1 DAGs
[2023-11-22T15:44:49.533+0500] {logging_mixin.py:154} INFO - [2023-11-22T15:44:49.533+0500] {dag.py:3722} INFO - Setting next_dagrun for example_setup_teardown to 2023-11-21T10:44:49.532051+00:00, run_after=2023-11-22T10:44:49.532051+00:00
[2023-11-22T15:44:49.685+0500] {processor.py:179} INFO - Processing /usr/local/lib/python3.10/dist-packages/airflow/example_dags/example_setup_teardown.py took 0.412 seconds
[2023-11-22T15:45:20.066+0500] {processor.py:157} INFO - Started process (PID=14953) to work on /usr/local/lib/python3.10/dist-packages/airflow/example_dags/example_setup_teardown.py
[2023-11-22T15:45:20.068+0500] {processor.py:829} INFO - Processing file /usr/local/lib/python3.10/dist-packages/airflow/example_dags/example_setup_teardown.py for tasks to queue
[2023-11-22T15:45:20.072+0500] {logging_mixin.py:154} INFO - [2023-11-22T15:45:20.071+0500] {dagbag.py:536} INFO - Filling up the DagBag from /usr/local/lib/python3.10/dist-packages/airflow/example_dags/example_setup_teardown.py
[2023-11-22T15:45:20.100+0500] {processor.py:839} INFO - DAG(s) dict_keys(['example_setup_teardown']) retrieved from /usr/local/lib/python3.10/dist-packages/airflow/example_dags/example_setup_teardown.py
[2023-11-22T15:45:20.200+0500] {logging_mixin.py:154} INFO - [2023-11-22T15:45:20.200+0500] {dag.py:2941} INFO - Sync 1 DAGs
[2023-11-22T15:45:20.302+0500] {logging_mixin.py:154} INFO - [2023-11-22T15:45:20.301+0500] {dag.py:3722} INFO - Setting next_dagrun for example_setup_teardown to 2023-11-21T10:45:20.300531+00:00, run_after=2023-11-22T10:45:20.300531+00:00
[2023-11-22T15:45:20.397+0500] {processor.py:179} INFO - Processing /usr/local/lib/python3.10/dist-packages/airflow/example_dags/example_setup_teardown.py took 0.343 seconds
[2023-11-22T15:45:50.542+0500] {processor.py:157} INFO - Started process (PID=15099) to work on /usr/local/lib/python3.10/dist-packages/airflow/example_dags/example_setup_teardown.py
[2023-11-22T15:45:50.544+0500] {processor.py:829} INFO - Processing file /usr/local/lib/python3.10/dist-packages/airflow/example_dags/example_setup_teardown.py for tasks to queue
[2023-11-22T15:45:50.547+0500] {logging_mixin.py:154} INFO - [2023-11-22T15:45:50.546+0500] {dagbag.py:536} INFO - Filling up the DagBag from /usr/local/lib/python3.10/dist-packages/airflow/example_dags/example_setup_teardown.py
[2023-11-22T15:45:50.576+0500] {processor.py:839} INFO - DAG(s) dict_keys(['example_setup_teardown']) retrieved from /usr/local/lib/python3.10/dist-packages/airflow/example_dags/example_setup_teardown.py
[2023-11-22T15:45:50.678+0500] {logging_mixin.py:154} INFO - [2023-11-22T15:45:50.677+0500] {dag.py:2941} INFO - Sync 1 DAGs
[2023-11-22T15:45:50.786+0500] {logging_mixin.py:154} INFO - [2023-11-22T15:45:50.786+0500] {dag.py:3722} INFO - Setting next_dagrun for example_setup_teardown to 2023-11-21T10:45:50.785218+00:00, run_after=2023-11-22T10:45:50.785218+00:00
[2023-11-22T15:45:50.872+0500] {processor.py:179} INFO - Processing /usr/local/lib/python3.10/dist-packages/airflow/example_dags/example_setup_teardown.py took 0.342 seconds
[2023-11-22T15:46:21.031+0500] {processor.py:157} INFO - Started process (PID=15216) to work on /usr/local/lib/python3.10/dist-packages/airflow/example_dags/example_setup_teardown.py
[2023-11-22T15:46:21.033+0500] {processor.py:829} INFO - Processing file /usr/local/lib/python3.10/dist-packages/airflow/example_dags/example_setup_teardown.py for tasks to queue
[2023-11-22T15:46:21.036+0500] {logging_mixin.py:154} INFO - [2023-11-22T15:46:21.035+0500] {dagbag.py:536} INFO - Filling up the DagBag from /usr/local/lib/python3.10/dist-packages/airflow/example_dags/example_setup_teardown.py
[2023-11-22T15:46:21.063+0500] {processor.py:839} INFO - DAG(s) dict_keys(['example_setup_teardown']) retrieved from /usr/local/lib/python3.10/dist-packages/airflow/example_dags/example_setup_teardown.py
[2023-11-22T15:46:21.168+0500] {logging_mixin.py:154} INFO - [2023-11-22T15:46:21.167+0500] {dag.py:2941} INFO - Sync 1 DAGs
[2023-11-22T15:46:21.268+0500] {logging_mixin.py:154} INFO - [2023-11-22T15:46:21.268+0500] {dag.py:3722} INFO - Setting next_dagrun for example_setup_teardown to 2023-11-21T10:46:21.267258+00:00, run_after=2023-11-22T10:46:21.267258+00:00
[2023-11-22T15:46:21.345+0500] {processor.py:179} INFO - Processing /usr/local/lib/python3.10/dist-packages/airflow/example_dags/example_setup_teardown.py took 0.329 seconds
[2023-11-22T15:46:51.515+0500] {processor.py:157} INFO - Started process (PID=15366) to work on /usr/local/lib/python3.10/dist-packages/airflow/example_dags/example_setup_teardown.py
[2023-11-22T15:46:51.518+0500] {processor.py:829} INFO - Processing file /usr/local/lib/python3.10/dist-packages/airflow/example_dags/example_setup_teardown.py for tasks to queue
[2023-11-22T15:46:51.523+0500] {logging_mixin.py:154} INFO - [2023-11-22T15:46:51.521+0500] {dagbag.py:536} INFO - Filling up the DagBag from /usr/local/lib/python3.10/dist-packages/airflow/example_dags/example_setup_teardown.py
[2023-11-22T15:46:51.558+0500] {processor.py:839} INFO - DAG(s) dict_keys(['example_setup_teardown']) retrieved from /usr/local/lib/python3.10/dist-packages/airflow/example_dags/example_setup_teardown.py
[2023-11-22T15:46:51.663+0500] {logging_mixin.py:154} INFO - [2023-11-22T15:46:51.662+0500] {dag.py:2941} INFO - Sync 1 DAGs
[2023-11-22T15:46:51.773+0500] {logging_mixin.py:154} INFO - [2023-11-22T15:46:51.772+0500] {dag.py:3722} INFO - Setting next_dagrun for example_setup_teardown to 2023-11-21T10:46:51.771206+00:00, run_after=2023-11-22T10:46:51.771206+00:00
[2023-11-22T15:46:51.866+0500] {processor.py:179} INFO - Processing /usr/local/lib/python3.10/dist-packages/airflow/example_dags/example_setup_teardown.py took 0.373 seconds
[2023-11-22T15:47:22.341+0500] {processor.py:157} INFO - Started process (PID=15540) to work on /usr/local/lib/python3.10/dist-packages/airflow/example_dags/example_setup_teardown.py
[2023-11-22T15:47:22.344+0500] {processor.py:829} INFO - Processing file /usr/local/lib/python3.10/dist-packages/airflow/example_dags/example_setup_teardown.py for tasks to queue
[2023-11-22T15:47:22.347+0500] {logging_mixin.py:154} INFO - [2023-11-22T15:47:22.346+0500] {dagbag.py:536} INFO - Filling up the DagBag from /usr/local/lib/python3.10/dist-packages/airflow/example_dags/example_setup_teardown.py
[2023-11-22T15:47:22.395+0500] {processor.py:839} INFO - DAG(s) dict_keys(['example_setup_teardown']) retrieved from /usr/local/lib/python3.10/dist-packages/airflow/example_dags/example_setup_teardown.py
[2023-11-22T15:47:22.553+0500] {logging_mixin.py:154} INFO - [2023-11-22T15:47:22.552+0500] {dag.py:2941} INFO - Sync 1 DAGs
[2023-11-22T15:47:22.721+0500] {logging_mixin.py:154} INFO - [2023-11-22T15:47:22.721+0500] {dag.py:3722} INFO - Setting next_dagrun for example_setup_teardown to 2023-11-21T10:47:22.720079+00:00, run_after=2023-11-22T10:47:22.720079+00:00
[2023-11-22T15:47:22.845+0500] {processor.py:179} INFO - Processing /usr/local/lib/python3.10/dist-packages/airflow/example_dags/example_setup_teardown.py took 0.515 seconds
[2023-11-22T15:47:53.226+0500] {processor.py:157} INFO - Started process (PID=15699) to work on /usr/local/lib/python3.10/dist-packages/airflow/example_dags/example_setup_teardown.py
[2023-11-22T15:47:53.228+0500] {processor.py:829} INFO - Processing file /usr/local/lib/python3.10/dist-packages/airflow/example_dags/example_setup_teardown.py for tasks to queue
[2023-11-22T15:47:53.233+0500] {logging_mixin.py:154} INFO - [2023-11-22T15:47:53.231+0500] {dagbag.py:536} INFO - Filling up the DagBag from /usr/local/lib/python3.10/dist-packages/airflow/example_dags/example_setup_teardown.py
[2023-11-22T15:47:53.264+0500] {processor.py:839} INFO - DAG(s) dict_keys(['example_setup_teardown']) retrieved from /usr/local/lib/python3.10/dist-packages/airflow/example_dags/example_setup_teardown.py
[2023-11-22T15:47:53.369+0500] {logging_mixin.py:154} INFO - [2023-11-22T15:47:53.368+0500] {dag.py:2941} INFO - Sync 1 DAGs
[2023-11-22T15:47:53.471+0500] {logging_mixin.py:154} INFO - [2023-11-22T15:47:53.470+0500] {dag.py:3722} INFO - Setting next_dagrun for example_setup_teardown to 2023-11-21T10:47:53.469702+00:00, run_after=2023-11-22T10:47:53.469702+00:00
[2023-11-22T15:47:53.557+0500] {processor.py:179} INFO - Processing /usr/local/lib/python3.10/dist-packages/airflow/example_dags/example_setup_teardown.py took 0.343 seconds
[2023-11-22T15:48:23.940+0500] {processor.py:157} INFO - Started process (PID=15828) to work on /usr/local/lib/python3.10/dist-packages/airflow/example_dags/example_setup_teardown.py
[2023-11-22T15:48:23.947+0500] {processor.py:829} INFO - Processing file /usr/local/lib/python3.10/dist-packages/airflow/example_dags/example_setup_teardown.py for tasks to queue
[2023-11-22T15:48:23.955+0500] {logging_mixin.py:154} INFO - [2023-11-22T15:48:23.949+0500] {dagbag.py:536} INFO - Filling up the DagBag from /usr/local/lib/python3.10/dist-packages/airflow/example_dags/example_setup_teardown.py
[2023-11-22T15:48:24.005+0500] {processor.py:839} INFO - DAG(s) dict_keys(['example_setup_teardown']) retrieved from /usr/local/lib/python3.10/dist-packages/airflow/example_dags/example_setup_teardown.py
[2023-11-22T15:48:24.125+0500] {logging_mixin.py:154} INFO - [2023-11-22T15:48:24.124+0500] {dag.py:2941} INFO - Sync 1 DAGs
[2023-11-22T15:48:24.237+0500] {logging_mixin.py:154} INFO - [2023-11-22T15:48:24.236+0500] {dag.py:3722} INFO - Setting next_dagrun for example_setup_teardown to 2023-11-21T10:48:24.235721+00:00, run_after=2023-11-22T10:48:24.235721+00:00
[2023-11-22T15:48:24.343+0500] {processor.py:179} INFO - Processing /usr/local/lib/python3.10/dist-packages/airflow/example_dags/example_setup_teardown.py took 0.451 seconds
[2023-11-22T15:48:55.368+0500] {processor.py:157} INFO - Started process (PID=15969) to work on /usr/local/lib/python3.10/dist-packages/airflow/example_dags/example_setup_teardown.py
[2023-11-22T15:48:55.371+0500] {processor.py:829} INFO - Processing file /usr/local/lib/python3.10/dist-packages/airflow/example_dags/example_setup_teardown.py for tasks to queue
[2023-11-22T15:48:55.374+0500] {logging_mixin.py:154} INFO - [2023-11-22T15:48:55.373+0500] {dagbag.py:536} INFO - Filling up the DagBag from /usr/local/lib/python3.10/dist-packages/airflow/example_dags/example_setup_teardown.py
[2023-11-22T15:48:55.420+0500] {processor.py:839} INFO - DAG(s) dict_keys(['example_setup_teardown']) retrieved from /usr/local/lib/python3.10/dist-packages/airflow/example_dags/example_setup_teardown.py
[2023-11-22T15:48:55.525+0500] {logging_mixin.py:154} INFO - [2023-11-22T15:48:55.524+0500] {dag.py:2941} INFO - Sync 1 DAGs
[2023-11-22T15:48:55.624+0500] {logging_mixin.py:154} INFO - [2023-11-22T15:48:55.621+0500] {dag.py:3722} INFO - Setting next_dagrun for example_setup_teardown to 2023-11-21T10:48:55.619067+00:00, run_after=2023-11-22T10:48:55.619067+00:00
[2023-11-22T15:48:55.710+0500] {processor.py:179} INFO - Processing /usr/local/lib/python3.10/dist-packages/airflow/example_dags/example_setup_teardown.py took 0.356 seconds
[2023-11-22T15:49:29.599+0500] {processor.py:157} INFO - Started process (PID=16096) to work on /usr/local/lib/python3.10/dist-packages/airflow/example_dags/example_setup_teardown.py
[2023-11-22T15:49:29.603+0500] {processor.py:829} INFO - Processing file /usr/local/lib/python3.10/dist-packages/airflow/example_dags/example_setup_teardown.py for tasks to queue
[2023-11-22T15:49:29.606+0500] {logging_mixin.py:154} INFO - [2023-11-22T15:49:29.605+0500] {dagbag.py:536} INFO - Filling up the DagBag from /usr/local/lib/python3.10/dist-packages/airflow/example_dags/example_setup_teardown.py
[2023-11-22T15:49:29.637+0500] {processor.py:839} INFO - DAG(s) dict_keys(['example_setup_teardown']) retrieved from /usr/local/lib/python3.10/dist-packages/airflow/example_dags/example_setup_teardown.py
[2023-11-22T15:49:29.744+0500] {logging_mixin.py:154} INFO - [2023-11-22T15:49:29.744+0500] {dag.py:2941} INFO - Sync 1 DAGs
[2023-11-22T15:49:29.857+0500] {logging_mixin.py:154} INFO - [2023-11-22T15:49:29.856+0500] {dag.py:3722} INFO - Setting next_dagrun for example_setup_teardown to 2023-11-21T10:49:29.855282+00:00, run_after=2023-11-22T10:49:29.855282+00:00
[2023-11-22T15:49:29.969+0500] {processor.py:179} INFO - Processing /usr/local/lib/python3.10/dist-packages/airflow/example_dags/example_setup_teardown.py took 0.384 seconds
[2023-11-22T15:50:02.030+0500] {processor.py:157} INFO - Started process (PID=16231) to work on /usr/local/lib/python3.10/dist-packages/airflow/example_dags/example_setup_teardown.py
[2023-11-22T15:50:02.033+0500] {processor.py:829} INFO - Processing file /usr/local/lib/python3.10/dist-packages/airflow/example_dags/example_setup_teardown.py for tasks to queue
[2023-11-22T15:50:02.036+0500] {logging_mixin.py:154} INFO - [2023-11-22T15:50:02.035+0500] {dagbag.py:536} INFO - Filling up the DagBag from /usr/local/lib/python3.10/dist-packages/airflow/example_dags/example_setup_teardown.py
[2023-11-22T15:50:02.067+0500] {processor.py:839} INFO - DAG(s) dict_keys(['example_setup_teardown']) retrieved from /usr/local/lib/python3.10/dist-packages/airflow/example_dags/example_setup_teardown.py
[2023-11-22T15:50:02.187+0500] {logging_mixin.py:154} INFO - [2023-11-22T15:50:02.186+0500] {dag.py:2941} INFO - Sync 1 DAGs
[2023-11-22T15:50:02.354+0500] {logging_mixin.py:154} INFO - [2023-11-22T15:50:02.353+0500] {dag.py:3722} INFO - Setting next_dagrun for example_setup_teardown to 2023-11-21T10:50:02.352327+00:00, run_after=2023-11-22T10:50:02.352327+00:00
[2023-11-22T15:50:02.477+0500] {processor.py:179} INFO - Processing /usr/local/lib/python3.10/dist-packages/airflow/example_dags/example_setup_teardown.py took 0.460 seconds
[2023-11-22T15:50:34.133+0500] {processor.py:157} INFO - Started process (PID=16380) to work on /usr/local/lib/python3.10/dist-packages/airflow/example_dags/example_setup_teardown.py
[2023-11-22T15:50:34.136+0500] {processor.py:829} INFO - Processing file /usr/local/lib/python3.10/dist-packages/airflow/example_dags/example_setup_teardown.py for tasks to queue
[2023-11-22T15:50:34.141+0500] {logging_mixin.py:154} INFO - [2023-11-22T15:50:34.138+0500] {dagbag.py:536} INFO - Filling up the DagBag from /usr/local/lib/python3.10/dist-packages/airflow/example_dags/example_setup_teardown.py
[2023-11-22T15:50:34.186+0500] {processor.py:839} INFO - DAG(s) dict_keys(['example_setup_teardown']) retrieved from /usr/local/lib/python3.10/dist-packages/airflow/example_dags/example_setup_teardown.py
[2023-11-22T15:50:34.299+0500] {logging_mixin.py:154} INFO - [2023-11-22T15:50:34.297+0500] {dag.py:2941} INFO - Sync 1 DAGs
[2023-11-22T15:50:34.436+0500] {logging_mixin.py:154} INFO - [2023-11-22T15:50:34.434+0500] {dag.py:3722} INFO - Setting next_dagrun for example_setup_teardown to 2023-11-21T10:50:34.433534+00:00, run_after=2023-11-22T10:50:34.433534+00:00
[2023-11-22T15:50:34.528+0500] {processor.py:179} INFO - Processing /usr/local/lib/python3.10/dist-packages/airflow/example_dags/example_setup_teardown.py took 0.408 seconds
[2023-11-22T15:51:09.169+0500] {processor.py:157} INFO - Started process (PID=16503) to work on /usr/local/lib/python3.10/dist-packages/airflow/example_dags/example_setup_teardown.py
[2023-11-22T15:51:09.172+0500] {processor.py:829} INFO - Processing file /usr/local/lib/python3.10/dist-packages/airflow/example_dags/example_setup_teardown.py for tasks to queue
[2023-11-22T15:51:09.175+0500] {logging_mixin.py:154} INFO - [2023-11-22T15:51:09.174+0500] {dagbag.py:536} INFO - Filling up the DagBag from /usr/local/lib/python3.10/dist-packages/airflow/example_dags/example_setup_teardown.py
[2023-11-22T15:51:09.217+0500] {processor.py:839} INFO - DAG(s) dict_keys(['example_setup_teardown']) retrieved from /usr/local/lib/python3.10/dist-packages/airflow/example_dags/example_setup_teardown.py
[2023-11-22T15:51:09.488+0500] {logging_mixin.py:154} INFO - [2023-11-22T15:51:09.484+0500] {dag.py:2941} INFO - Sync 1 DAGs
[2023-11-22T15:51:09.682+0500] {logging_mixin.py:154} INFO - [2023-11-22T15:51:09.681+0500] {dag.py:3722} INFO - Setting next_dagrun for example_setup_teardown to 2023-11-21T10:51:09.680144+00:00, run_after=2023-11-22T10:51:09.680144+00:00
[2023-11-22T15:51:09.813+0500] {processor.py:179} INFO - Processing /usr/local/lib/python3.10/dist-packages/airflow/example_dags/example_setup_teardown.py took 0.662 seconds
[2023-11-22T15:51:40.403+0500] {processor.py:157} INFO - Started process (PID=16650) to work on /usr/local/lib/python3.10/dist-packages/airflow/example_dags/example_setup_teardown.py
[2023-11-22T15:51:40.408+0500] {processor.py:829} INFO - Processing file /usr/local/lib/python3.10/dist-packages/airflow/example_dags/example_setup_teardown.py for tasks to queue
[2023-11-22T15:51:40.411+0500] {logging_mixin.py:154} INFO - [2023-11-22T15:51:40.410+0500] {dagbag.py:536} INFO - Filling up the DagBag from /usr/local/lib/python3.10/dist-packages/airflow/example_dags/example_setup_teardown.py
[2023-11-22T15:51:40.441+0500] {processor.py:839} INFO - DAG(s) dict_keys(['example_setup_teardown']) retrieved from /usr/local/lib/python3.10/dist-packages/airflow/example_dags/example_setup_teardown.py
[2023-11-22T15:51:40.606+0500] {logging_mixin.py:154} INFO - [2023-11-22T15:51:40.605+0500] {dag.py:2941} INFO - Sync 1 DAGs
[2023-11-22T15:51:40.749+0500] {logging_mixin.py:154} INFO - [2023-11-22T15:51:40.749+0500] {dag.py:3722} INFO - Setting next_dagrun for example_setup_teardown to 2023-11-21T10:51:40.748169+00:00, run_after=2023-11-22T10:51:40.748169+00:00
[2023-11-22T15:51:40.876+0500] {processor.py:179} INFO - Processing /usr/local/lib/python3.10/dist-packages/airflow/example_dags/example_setup_teardown.py took 0.488 seconds
[2023-11-22T15:52:12.524+0500] {processor.py:157} INFO - Started process (PID=16793) to work on /usr/local/lib/python3.10/dist-packages/airflow/example_dags/example_setup_teardown.py
[2023-11-22T15:52:12.527+0500] {processor.py:829} INFO - Processing file /usr/local/lib/python3.10/dist-packages/airflow/example_dags/example_setup_teardown.py for tasks to queue
[2023-11-22T15:52:12.530+0500] {logging_mixin.py:154} INFO - [2023-11-22T15:52:12.529+0500] {dagbag.py:536} INFO - Filling up the DagBag from /usr/local/lib/python3.10/dist-packages/airflow/example_dags/example_setup_teardown.py
[2023-11-22T15:52:12.565+0500] {processor.py:839} INFO - DAG(s) dict_keys(['example_setup_teardown']) retrieved from /usr/local/lib/python3.10/dist-packages/airflow/example_dags/example_setup_teardown.py
[2023-11-22T15:52:12.679+0500] {logging_mixin.py:154} INFO - [2023-11-22T15:52:12.678+0500] {dag.py:2941} INFO - Sync 1 DAGs
[2023-11-22T15:52:12.791+0500] {logging_mixin.py:154} INFO - [2023-11-22T15:52:12.790+0500] {dag.py:3722} INFO - Setting next_dagrun for example_setup_teardown to 2023-11-21T10:52:12.788850+00:00, run_after=2023-11-22T10:52:12.788850+00:00
[2023-11-22T15:52:12.889+0500] {processor.py:179} INFO - Processing /usr/local/lib/python3.10/dist-packages/airflow/example_dags/example_setup_teardown.py took 0.378 seconds
[2023-11-22T15:52:43.433+0500] {processor.py:157} INFO - Started process (PID=16934) to work on /usr/local/lib/python3.10/dist-packages/airflow/example_dags/example_setup_teardown.py
[2023-11-22T15:52:43.436+0500] {processor.py:829} INFO - Processing file /usr/local/lib/python3.10/dist-packages/airflow/example_dags/example_setup_teardown.py for tasks to queue
[2023-11-22T15:52:43.443+0500] {logging_mixin.py:154} INFO - [2023-11-22T15:52:43.441+0500] {dagbag.py:536} INFO - Filling up the DagBag from /usr/local/lib/python3.10/dist-packages/airflow/example_dags/example_setup_teardown.py
[2023-11-22T15:52:43.478+0500] {processor.py:839} INFO - DAG(s) dict_keys(['example_setup_teardown']) retrieved from /usr/local/lib/python3.10/dist-packages/airflow/example_dags/example_setup_teardown.py
[2023-11-22T15:52:43.600+0500] {logging_mixin.py:154} INFO - [2023-11-22T15:52:43.599+0500] {dag.py:2941} INFO - Sync 1 DAGs
[2023-11-22T15:52:43.734+0500] {logging_mixin.py:154} INFO - [2023-11-22T15:52:43.733+0500] {dag.py:3722} INFO - Setting next_dagrun for example_setup_teardown to 2023-11-21T10:52:43.728787+00:00, run_after=2023-11-22T10:52:43.728787+00:00
[2023-11-22T15:52:43.862+0500] {processor.py:179} INFO - Processing /usr/local/lib/python3.10/dist-packages/airflow/example_dags/example_setup_teardown.py took 0.451 seconds
[2023-11-22T15:53:14.074+0500] {processor.py:157} INFO - Started process (PID=17092) to work on /usr/local/lib/python3.10/dist-packages/airflow/example_dags/example_setup_teardown.py
[2023-11-22T15:53:14.077+0500] {processor.py:829} INFO - Processing file /usr/local/lib/python3.10/dist-packages/airflow/example_dags/example_setup_teardown.py for tasks to queue
[2023-11-22T15:53:14.080+0500] {logging_mixin.py:154} INFO - [2023-11-22T15:53:14.079+0500] {dagbag.py:536} INFO - Filling up the DagBag from /usr/local/lib/python3.10/dist-packages/airflow/example_dags/example_setup_teardown.py
[2023-11-22T15:53:14.113+0500] {processor.py:839} INFO - DAG(s) dict_keys(['example_setup_teardown']) retrieved from /usr/local/lib/python3.10/dist-packages/airflow/example_dags/example_setup_teardown.py
[2023-11-22T15:53:14.249+0500] {logging_mixin.py:154} INFO - [2023-11-22T15:53:14.249+0500] {dag.py:2941} INFO - Sync 1 DAGs
[2023-11-22T15:53:14.488+0500] {logging_mixin.py:154} INFO - [2023-11-22T15:53:14.487+0500] {dag.py:3722} INFO - Setting next_dagrun for example_setup_teardown to 2023-11-21T10:53:14.475733+00:00, run_after=2023-11-22T10:53:14.475733+00:00
[2023-11-22T15:53:14.597+0500] {processor.py:179} INFO - Processing /usr/local/lib/python3.10/dist-packages/airflow/example_dags/example_setup_teardown.py took 0.550 seconds
[2023-11-22T15:53:44.995+0500] {processor.py:157} INFO - Started process (PID=17259) to work on /usr/local/lib/python3.10/dist-packages/airflow/example_dags/example_setup_teardown.py
[2023-11-22T15:53:44.999+0500] {processor.py:829} INFO - Processing file /usr/local/lib/python3.10/dist-packages/airflow/example_dags/example_setup_teardown.py for tasks to queue
[2023-11-22T15:53:45.002+0500] {logging_mixin.py:154} INFO - [2023-11-22T15:53:45.001+0500] {dagbag.py:536} INFO - Filling up the DagBag from /usr/local/lib/python3.10/dist-packages/airflow/example_dags/example_setup_teardown.py
[2023-11-22T15:53:45.064+0500] {processor.py:839} INFO - DAG(s) dict_keys(['example_setup_teardown']) retrieved from /usr/local/lib/python3.10/dist-packages/airflow/example_dags/example_setup_teardown.py
[2023-11-22T15:53:45.288+0500] {logging_mixin.py:154} INFO - [2023-11-22T15:53:45.287+0500] {dag.py:2941} INFO - Sync 1 DAGs
[2023-11-22T15:53:45.492+0500] {logging_mixin.py:154} INFO - [2023-11-22T15:53:45.471+0500] {dag.py:3722} INFO - Setting next_dagrun for example_setup_teardown to 2023-11-21T10:53:45.469279+00:00, run_after=2023-11-22T10:53:45.469279+00:00
[2023-11-22T15:53:45.666+0500] {processor.py:179} INFO - Processing /usr/local/lib/python3.10/dist-packages/airflow/example_dags/example_setup_teardown.py took 0.685 seconds
[2023-11-22T15:54:16.264+0500] {processor.py:157} INFO - Started process (PID=17492) to work on /usr/local/lib/python3.10/dist-packages/airflow/example_dags/example_setup_teardown.py
[2023-11-22T15:54:16.271+0500] {processor.py:829} INFO - Processing file /usr/local/lib/python3.10/dist-packages/airflow/example_dags/example_setup_teardown.py for tasks to queue
[2023-11-22T15:54:16.274+0500] {logging_mixin.py:154} INFO - [2023-11-22T15:54:16.273+0500] {dagbag.py:536} INFO - Filling up the DagBag from /usr/local/lib/python3.10/dist-packages/airflow/example_dags/example_setup_teardown.py
[2023-11-22T15:54:16.356+0500] {processor.py:839} INFO - DAG(s) dict_keys(['example_setup_teardown']) retrieved from /usr/local/lib/python3.10/dist-packages/airflow/example_dags/example_setup_teardown.py
[2023-11-22T15:54:16.671+0500] {logging_mixin.py:154} INFO - [2023-11-22T15:54:16.666+0500] {dag.py:2941} INFO - Sync 1 DAGs
[2023-11-22T15:54:16.885+0500] {logging_mixin.py:154} INFO - [2023-11-22T15:54:16.884+0500] {dag.py:3722} INFO - Setting next_dagrun for example_setup_teardown to 2023-11-21T10:54:16.883804+00:00, run_after=2023-11-22T10:54:16.883804+00:00
[2023-11-22T15:54:17.075+0500] {processor.py:179} INFO - Processing /usr/local/lib/python3.10/dist-packages/airflow/example_dags/example_setup_teardown.py took 0.842 seconds
[2023-11-22T15:54:47.738+0500] {processor.py:157} INFO - Started process (PID=17649) to work on /usr/local/lib/python3.10/dist-packages/airflow/example_dags/example_setup_teardown.py
[2023-11-22T15:54:47.742+0500] {processor.py:829} INFO - Processing file /usr/local/lib/python3.10/dist-packages/airflow/example_dags/example_setup_teardown.py for tasks to queue
[2023-11-22T15:54:47.748+0500] {logging_mixin.py:154} INFO - [2023-11-22T15:54:47.746+0500] {dagbag.py:536} INFO - Filling up the DagBag from /usr/local/lib/python3.10/dist-packages/airflow/example_dags/example_setup_teardown.py
[2023-11-22T15:54:47.852+0500] {processor.py:839} INFO - DAG(s) dict_keys(['example_setup_teardown']) retrieved from /usr/local/lib/python3.10/dist-packages/airflow/example_dags/example_setup_teardown.py
[2023-11-22T15:54:48.011+0500] {logging_mixin.py:154} INFO - [2023-11-22T15:54:48.010+0500] {dag.py:2941} INFO - Sync 1 DAGs
[2023-11-22T15:54:48.115+0500] {logging_mixin.py:154} INFO - [2023-11-22T15:54:48.114+0500] {dag.py:3722} INFO - Setting next_dagrun for example_setup_teardown to 2023-11-21T10:54:48.113794+00:00, run_after=2023-11-22T10:54:48.113794+00:00
[2023-11-22T15:54:48.196+0500] {processor.py:179} INFO - Processing /usr/local/lib/python3.10/dist-packages/airflow/example_dags/example_setup_teardown.py took 0.483 seconds
[2023-11-22T15:55:19.101+0500] {processor.py:157} INFO - Started process (PID=18058) to work on /usr/local/lib/python3.10/dist-packages/airflow/example_dags/example_setup_teardown.py
[2023-11-22T15:55:19.109+0500] {processor.py:829} INFO - Processing file /usr/local/lib/python3.10/dist-packages/airflow/example_dags/example_setup_teardown.py for tasks to queue
[2023-11-22T15:55:19.112+0500] {logging_mixin.py:154} INFO - [2023-11-22T15:55:19.111+0500] {dagbag.py:536} INFO - Filling up the DagBag from /usr/local/lib/python3.10/dist-packages/airflow/example_dags/example_setup_teardown.py
[2023-11-22T15:55:19.145+0500] {processor.py:839} INFO - DAG(s) dict_keys(['example_setup_teardown']) retrieved from /usr/local/lib/python3.10/dist-packages/airflow/example_dags/example_setup_teardown.py
[2023-11-22T15:55:19.252+0500] {logging_mixin.py:154} INFO - [2023-11-22T15:55:19.252+0500] {dag.py:2941} INFO - Sync 1 DAGs
[2023-11-22T15:55:19.346+0500] {logging_mixin.py:154} INFO - [2023-11-22T15:55:19.346+0500] {dag.py:3722} INFO - Setting next_dagrun for example_setup_teardown to 2023-11-21T10:55:19.345185+00:00, run_after=2023-11-22T10:55:19.345185+00:00
[2023-11-22T15:55:19.435+0500] {processor.py:179} INFO - Processing /usr/local/lib/python3.10/dist-packages/airflow/example_dags/example_setup_teardown.py took 0.348 seconds
[2023-11-22T15:55:49.805+0500] {processor.py:157} INFO - Started process (PID=18219) to work on /usr/local/lib/python3.10/dist-packages/airflow/example_dags/example_setup_teardown.py
[2023-11-22T15:55:49.808+0500] {processor.py:829} INFO - Processing file /usr/local/lib/python3.10/dist-packages/airflow/example_dags/example_setup_teardown.py for tasks to queue
[2023-11-22T15:55:49.811+0500] {logging_mixin.py:154} INFO - [2023-11-22T15:55:49.810+0500] {dagbag.py:536} INFO - Filling up the DagBag from /usr/local/lib/python3.10/dist-packages/airflow/example_dags/example_setup_teardown.py
[2023-11-22T15:55:49.843+0500] {processor.py:839} INFO - DAG(s) dict_keys(['example_setup_teardown']) retrieved from /usr/local/lib/python3.10/dist-packages/airflow/example_dags/example_setup_teardown.py
[2023-11-22T15:55:49.942+0500] {logging_mixin.py:154} INFO - [2023-11-22T15:55:49.942+0500] {dag.py:2941} INFO - Sync 1 DAGs
[2023-11-22T15:55:50.041+0500] {logging_mixin.py:154} INFO - [2023-11-22T15:55:50.041+0500] {dag.py:3722} INFO - Setting next_dagrun for example_setup_teardown to 2023-11-21T10:55:50.039514+00:00, run_after=2023-11-22T10:55:50.039514+00:00
[2023-11-22T15:55:50.125+0500] {processor.py:179} INFO - Processing /usr/local/lib/python3.10/dist-packages/airflow/example_dags/example_setup_teardown.py took 0.334 seconds
[2023-11-22T15:56:20.318+0500] {processor.py:157} INFO - Started process (PID=18323) to work on /usr/local/lib/python3.10/dist-packages/airflow/example_dags/example_setup_teardown.py
[2023-11-22T15:56:20.320+0500] {processor.py:829} INFO - Processing file /usr/local/lib/python3.10/dist-packages/airflow/example_dags/example_setup_teardown.py for tasks to queue
[2023-11-22T15:56:20.323+0500] {logging_mixin.py:154} INFO - [2023-11-22T15:56:20.322+0500] {dagbag.py:536} INFO - Filling up the DagBag from /usr/local/lib/python3.10/dist-packages/airflow/example_dags/example_setup_teardown.py
[2023-11-22T15:56:20.351+0500] {processor.py:839} INFO - DAG(s) dict_keys(['example_setup_teardown']) retrieved from /usr/local/lib/python3.10/dist-packages/airflow/example_dags/example_setup_teardown.py
[2023-11-22T15:56:20.449+0500] {logging_mixin.py:154} INFO - [2023-11-22T15:56:20.449+0500] {dag.py:2941} INFO - Sync 1 DAGs
[2023-11-22T15:56:20.550+0500] {logging_mixin.py:154} INFO - [2023-11-22T15:56:20.549+0500] {dag.py:3722} INFO - Setting next_dagrun for example_setup_teardown to 2023-11-21T10:56:20.548942+00:00, run_after=2023-11-22T10:56:20.548942+00:00
[2023-11-22T15:56:20.622+0500] {processor.py:179} INFO - Processing /usr/local/lib/python3.10/dist-packages/airflow/example_dags/example_setup_teardown.py took 0.316 seconds
[2023-11-22T15:56:51.079+0500] {processor.py:157} INFO - Started process (PID=18429) to work on /usr/local/lib/python3.10/dist-packages/airflow/example_dags/example_setup_teardown.py
[2023-11-22T15:56:51.082+0500] {processor.py:829} INFO - Processing file /usr/local/lib/python3.10/dist-packages/airflow/example_dags/example_setup_teardown.py for tasks to queue
[2023-11-22T15:56:51.085+0500] {logging_mixin.py:154} INFO - [2023-11-22T15:56:51.084+0500] {dagbag.py:536} INFO - Filling up the DagBag from /usr/local/lib/python3.10/dist-packages/airflow/example_dags/example_setup_teardown.py
[2023-11-22T15:56:51.115+0500] {processor.py:839} INFO - DAG(s) dict_keys(['example_setup_teardown']) retrieved from /usr/local/lib/python3.10/dist-packages/airflow/example_dags/example_setup_teardown.py
[2023-11-22T15:56:51.217+0500] {logging_mixin.py:154} INFO - [2023-11-22T15:56:51.216+0500] {dag.py:2941} INFO - Sync 1 DAGs
[2023-11-22T15:56:51.325+0500] {logging_mixin.py:154} INFO - [2023-11-22T15:56:51.324+0500] {dag.py:3722} INFO - Setting next_dagrun for example_setup_teardown to 2023-11-21T10:56:51.323709+00:00, run_after=2023-11-22T10:56:51.323709+00:00
[2023-11-22T15:56:51.418+0500] {processor.py:179} INFO - Processing /usr/local/lib/python3.10/dist-packages/airflow/example_dags/example_setup_teardown.py took 0.352 seconds
[2023-11-22T15:57:22.091+0500] {processor.py:157} INFO - Started process (PID=18547) to work on /usr/local/lib/python3.10/dist-packages/airflow/example_dags/example_setup_teardown.py
[2023-11-22T15:57:22.093+0500] {processor.py:829} INFO - Processing file /usr/local/lib/python3.10/dist-packages/airflow/example_dags/example_setup_teardown.py for tasks to queue
[2023-11-22T15:57:22.098+0500] {logging_mixin.py:154} INFO - [2023-11-22T15:57:22.097+0500] {dagbag.py:536} INFO - Filling up the DagBag from /usr/local/lib/python3.10/dist-packages/airflow/example_dags/example_setup_teardown.py
[2023-11-22T15:57:22.128+0500] {processor.py:839} INFO - DAG(s) dict_keys(['example_setup_teardown']) retrieved from /usr/local/lib/python3.10/dist-packages/airflow/example_dags/example_setup_teardown.py
[2023-11-22T15:57:22.240+0500] {logging_mixin.py:154} INFO - [2023-11-22T15:57:22.239+0500] {dag.py:2941} INFO - Sync 1 DAGs
[2023-11-22T15:57:22.346+0500] {logging_mixin.py:154} INFO - [2023-11-22T15:57:22.345+0500] {dag.py:3722} INFO - Setting next_dagrun for example_setup_teardown to 2023-11-21T10:57:22.341964+00:00, run_after=2023-11-22T10:57:22.341964+00:00
[2023-11-22T15:57:22.429+0500] {processor.py:179} INFO - Processing /usr/local/lib/python3.10/dist-packages/airflow/example_dags/example_setup_teardown.py took 0.352 seconds
[2023-11-22T15:57:52.516+0500] {processor.py:157} INFO - Started process (PID=18646) to work on /usr/local/lib/python3.10/dist-packages/airflow/example_dags/example_setup_teardown.py
[2023-11-22T15:57:52.518+0500] {processor.py:829} INFO - Processing file /usr/local/lib/python3.10/dist-packages/airflow/example_dags/example_setup_teardown.py for tasks to queue
[2023-11-22T15:57:52.521+0500] {logging_mixin.py:154} INFO - [2023-11-22T15:57:52.520+0500] {dagbag.py:536} INFO - Filling up the DagBag from /usr/local/lib/python3.10/dist-packages/airflow/example_dags/example_setup_teardown.py
[2023-11-22T15:57:52.552+0500] {processor.py:839} INFO - DAG(s) dict_keys(['example_setup_teardown']) retrieved from /usr/local/lib/python3.10/dist-packages/airflow/example_dags/example_setup_teardown.py
[2023-11-22T15:57:52.650+0500] {logging_mixin.py:154} INFO - [2023-11-22T15:57:52.650+0500] {dag.py:2941} INFO - Sync 1 DAGs
[2023-11-22T15:57:52.743+0500] {logging_mixin.py:154} INFO - [2023-11-22T15:57:52.743+0500] {dag.py:3722} INFO - Setting next_dagrun for example_setup_teardown to 2023-11-21T10:57:52.742406+00:00, run_after=2023-11-22T10:57:52.742406+00:00
[2023-11-22T15:57:52.819+0500] {processor.py:179} INFO - Processing /usr/local/lib/python3.10/dist-packages/airflow/example_dags/example_setup_teardown.py took 0.315 seconds
[2023-11-22T15:58:23.737+0500] {processor.py:157} INFO - Started process (PID=18747) to work on /usr/local/lib/python3.10/dist-packages/airflow/example_dags/example_setup_teardown.py
[2023-11-22T15:58:23.747+0500] {processor.py:829} INFO - Processing file /usr/local/lib/python3.10/dist-packages/airflow/example_dags/example_setup_teardown.py for tasks to queue
[2023-11-22T15:58:23.750+0500] {logging_mixin.py:154} INFO - [2023-11-22T15:58:23.749+0500] {dagbag.py:536} INFO - Filling up the DagBag from /usr/local/lib/python3.10/dist-packages/airflow/example_dags/example_setup_teardown.py
[2023-11-22T15:58:23.779+0500] {processor.py:839} INFO - DAG(s) dict_keys(['example_setup_teardown']) retrieved from /usr/local/lib/python3.10/dist-packages/airflow/example_dags/example_setup_teardown.py
[2023-11-22T15:58:23.884+0500] {logging_mixin.py:154} INFO - [2023-11-22T15:58:23.883+0500] {dag.py:2941} INFO - Sync 1 DAGs
[2023-11-22T15:58:23.986+0500] {logging_mixin.py:154} INFO - [2023-11-22T15:58:23.985+0500] {dag.py:3722} INFO - Setting next_dagrun for example_setup_teardown to 2023-11-21T10:58:23.985031+00:00, run_after=2023-11-22T10:58:23.985031+00:00
[2023-11-22T15:58:24.064+0500] {processor.py:179} INFO - Processing /usr/local/lib/python3.10/dist-packages/airflow/example_dags/example_setup_teardown.py took 0.339 seconds
[2023-11-22T15:58:54.213+0500] {processor.py:157} INFO - Started process (PID=18847) to work on /usr/local/lib/python3.10/dist-packages/airflow/example_dags/example_setup_teardown.py
[2023-11-22T15:58:54.215+0500] {processor.py:829} INFO - Processing file /usr/local/lib/python3.10/dist-packages/airflow/example_dags/example_setup_teardown.py for tasks to queue
[2023-11-22T15:58:54.218+0500] {logging_mixin.py:154} INFO - [2023-11-22T15:58:54.217+0500] {dagbag.py:536} INFO - Filling up the DagBag from /usr/local/lib/python3.10/dist-packages/airflow/example_dags/example_setup_teardown.py
[2023-11-22T15:58:54.246+0500] {processor.py:839} INFO - DAG(s) dict_keys(['example_setup_teardown']) retrieved from /usr/local/lib/python3.10/dist-packages/airflow/example_dags/example_setup_teardown.py
[2023-11-22T15:58:54.354+0500] {logging_mixin.py:154} INFO - [2023-11-22T15:58:54.353+0500] {dag.py:2941} INFO - Sync 1 DAGs
[2023-11-22T15:58:54.460+0500] {logging_mixin.py:154} INFO - [2023-11-22T15:58:54.459+0500] {dag.py:3722} INFO - Setting next_dagrun for example_setup_teardown to 2023-11-21T10:58:54.458652+00:00, run_after=2023-11-22T10:58:54.458652+00:00
[2023-11-22T15:58:54.537+0500] {processor.py:179} INFO - Processing /usr/local/lib/python3.10/dist-packages/airflow/example_dags/example_setup_teardown.py took 0.337 seconds
[2023-11-22T15:59:25.370+0500] {processor.py:157} INFO - Started process (PID=18951) to work on /usr/local/lib/python3.10/dist-packages/airflow/example_dags/example_setup_teardown.py
[2023-11-22T15:59:25.373+0500] {processor.py:829} INFO - Processing file /usr/local/lib/python3.10/dist-packages/airflow/example_dags/example_setup_teardown.py for tasks to queue
[2023-11-22T15:59:25.376+0500] {logging_mixin.py:154} INFO - [2023-11-22T15:59:25.374+0500] {dagbag.py:536} INFO - Filling up the DagBag from /usr/local/lib/python3.10/dist-packages/airflow/example_dags/example_setup_teardown.py
[2023-11-22T15:59:25.406+0500] {processor.py:839} INFO - DAG(s) dict_keys(['example_setup_teardown']) retrieved from /usr/local/lib/python3.10/dist-packages/airflow/example_dags/example_setup_teardown.py
[2023-11-22T15:59:25.527+0500] {logging_mixin.py:154} INFO - [2023-11-22T15:59:25.526+0500] {dag.py:2941} INFO - Sync 1 DAGs
[2023-11-22T15:59:25.630+0500] {logging_mixin.py:154} INFO - [2023-11-22T15:59:25.629+0500] {dag.py:3722} INFO - Setting next_dagrun for example_setup_teardown to 2023-11-21T10:59:25.629101+00:00, run_after=2023-11-22T10:59:25.629101+00:00
[2023-11-22T15:59:25.716+0500] {processor.py:179} INFO - Processing /usr/local/lib/python3.10/dist-packages/airflow/example_dags/example_setup_teardown.py took 0.361 seconds
[2023-11-22T15:59:56.617+0500] {processor.py:157} INFO - Started process (PID=19051) to work on /usr/local/lib/python3.10/dist-packages/airflow/example_dags/example_setup_teardown.py
[2023-11-22T15:59:56.619+0500] {processor.py:829} INFO - Processing file /usr/local/lib/python3.10/dist-packages/airflow/example_dags/example_setup_teardown.py for tasks to queue
[2023-11-22T15:59:56.621+0500] {logging_mixin.py:154} INFO - [2023-11-22T15:59:56.620+0500] {dagbag.py:536} INFO - Filling up the DagBag from /usr/local/lib/python3.10/dist-packages/airflow/example_dags/example_setup_teardown.py
[2023-11-22T15:59:56.648+0500] {processor.py:839} INFO - DAG(s) dict_keys(['example_setup_teardown']) retrieved from /usr/local/lib/python3.10/dist-packages/airflow/example_dags/example_setup_teardown.py
[2023-11-22T15:59:56.742+0500] {logging_mixin.py:154} INFO - [2023-11-22T15:59:56.742+0500] {dag.py:2941} INFO - Sync 1 DAGs
[2023-11-22T15:59:56.836+0500] {logging_mixin.py:154} INFO - [2023-11-22T15:59:56.835+0500] {dag.py:3722} INFO - Setting next_dagrun for example_setup_teardown to 2023-11-21T10:59:56.834530+00:00, run_after=2023-11-22T10:59:56.834530+00:00
[2023-11-22T15:59:56.906+0500] {processor.py:179} INFO - Processing /usr/local/lib/python3.10/dist-packages/airflow/example_dags/example_setup_teardown.py took 0.303 seconds
[2023-11-22T16:00:27.314+0500] {processor.py:157} INFO - Started process (PID=19156) to work on /usr/local/lib/python3.10/dist-packages/airflow/example_dags/example_setup_teardown.py
[2023-11-22T16:00:27.316+0500] {processor.py:829} INFO - Processing file /usr/local/lib/python3.10/dist-packages/airflow/example_dags/example_setup_teardown.py for tasks to queue
[2023-11-22T16:00:27.319+0500] {logging_mixin.py:154} INFO - [2023-11-22T16:00:27.318+0500] {dagbag.py:536} INFO - Filling up the DagBag from /usr/local/lib/python3.10/dist-packages/airflow/example_dags/example_setup_teardown.py
[2023-11-22T16:00:27.347+0500] {processor.py:839} INFO - DAG(s) dict_keys(['example_setup_teardown']) retrieved from /usr/local/lib/python3.10/dist-packages/airflow/example_dags/example_setup_teardown.py
[2023-11-22T16:00:27.452+0500] {logging_mixin.py:154} INFO - [2023-11-22T16:00:27.451+0500] {dag.py:2941} INFO - Sync 1 DAGs
[2023-11-22T16:00:27.551+0500] {logging_mixin.py:154} INFO - [2023-11-22T16:00:27.550+0500] {dag.py:3722} INFO - Setting next_dagrun for example_setup_teardown to 2023-11-21T11:00:27.549884+00:00, run_after=2023-11-22T11:00:27.549884+00:00
[2023-11-22T16:00:27.632+0500] {processor.py:179} INFO - Processing /usr/local/lib/python3.10/dist-packages/airflow/example_dags/example_setup_teardown.py took 0.330 seconds
[2023-11-22T16:00:58.241+0500] {processor.py:157} INFO - Started process (PID=19259) to work on /usr/local/lib/python3.10/dist-packages/airflow/example_dags/example_setup_teardown.py
[2023-11-22T16:00:58.244+0500] {processor.py:829} INFO - Processing file /usr/local/lib/python3.10/dist-packages/airflow/example_dags/example_setup_teardown.py for tasks to queue
[2023-11-22T16:00:58.247+0500] {logging_mixin.py:154} INFO - [2023-11-22T16:00:58.246+0500] {dagbag.py:536} INFO - Filling up the DagBag from /usr/local/lib/python3.10/dist-packages/airflow/example_dags/example_setup_teardown.py
[2023-11-22T16:00:58.278+0500] {processor.py:839} INFO - DAG(s) dict_keys(['example_setup_teardown']) retrieved from /usr/local/lib/python3.10/dist-packages/airflow/example_dags/example_setup_teardown.py
[2023-11-22T16:00:58.378+0500] {logging_mixin.py:154} INFO - [2023-11-22T16:00:58.377+0500] {dag.py:2941} INFO - Sync 1 DAGs
[2023-11-22T16:00:58.472+0500] {logging_mixin.py:154} INFO - [2023-11-22T16:00:58.471+0500] {dag.py:3722} INFO - Setting next_dagrun for example_setup_teardown to 2023-11-21T11:00:58.470705+00:00, run_after=2023-11-22T11:00:58.470705+00:00
[2023-11-22T16:00:58.545+0500] {processor.py:179} INFO - Processing /usr/local/lib/python3.10/dist-packages/airflow/example_dags/example_setup_teardown.py took 0.316 seconds
[2023-11-22T16:01:28.910+0500] {processor.py:157} INFO - Started process (PID=19358) to work on /usr/local/lib/python3.10/dist-packages/airflow/example_dags/example_setup_teardown.py
[2023-11-22T16:01:28.912+0500] {processor.py:829} INFO - Processing file /usr/local/lib/python3.10/dist-packages/airflow/example_dags/example_setup_teardown.py for tasks to queue
[2023-11-22T16:01:28.915+0500] {logging_mixin.py:154} INFO - [2023-11-22T16:01:28.914+0500] {dagbag.py:536} INFO - Filling up the DagBag from /usr/local/lib/python3.10/dist-packages/airflow/example_dags/example_setup_teardown.py
[2023-11-22T16:01:28.942+0500] {processor.py:839} INFO - DAG(s) dict_keys(['example_setup_teardown']) retrieved from /usr/local/lib/python3.10/dist-packages/airflow/example_dags/example_setup_teardown.py
[2023-11-22T16:01:29.038+0500] {logging_mixin.py:154} INFO - [2023-11-22T16:01:29.037+0500] {dag.py:2941} INFO - Sync 1 DAGs
[2023-11-22T16:01:29.131+0500] {logging_mixin.py:154} INFO - [2023-11-22T16:01:29.130+0500] {dag.py:3722} INFO - Setting next_dagrun for example_setup_teardown to 2023-11-21T11:01:29.129502+00:00, run_after=2023-11-22T11:01:29.129502+00:00
[2023-11-22T16:01:29.201+0500] {processor.py:179} INFO - Processing /usr/local/lib/python3.10/dist-packages/airflow/example_dags/example_setup_teardown.py took 0.302 seconds
[2023-11-22T16:02:00.172+0500] {processor.py:157} INFO - Started process (PID=19455) to work on /usr/local/lib/python3.10/dist-packages/airflow/example_dags/example_setup_teardown.py
[2023-11-22T16:02:00.174+0500] {processor.py:829} INFO - Processing file /usr/local/lib/python3.10/dist-packages/airflow/example_dags/example_setup_teardown.py for tasks to queue
[2023-11-22T16:02:00.177+0500] {logging_mixin.py:154} INFO - [2023-11-22T16:02:00.176+0500] {dagbag.py:536} INFO - Filling up the DagBag from /usr/local/lib/python3.10/dist-packages/airflow/example_dags/example_setup_teardown.py
[2023-11-22T16:02:00.205+0500] {processor.py:839} INFO - DAG(s) dict_keys(['example_setup_teardown']) retrieved from /usr/local/lib/python3.10/dist-packages/airflow/example_dags/example_setup_teardown.py
[2023-11-22T16:02:00.301+0500] {logging_mixin.py:154} INFO - [2023-11-22T16:02:00.300+0500] {dag.py:2941} INFO - Sync 1 DAGs
[2023-11-22T16:02:00.397+0500] {logging_mixin.py:154} INFO - [2023-11-22T16:02:00.396+0500] {dag.py:3722} INFO - Setting next_dagrun for example_setup_teardown to 2023-11-21T11:02:00.395379+00:00, run_after=2023-11-22T11:02:00.395379+00:00
[2023-11-22T16:02:00.472+0500] {processor.py:179} INFO - Processing /usr/local/lib/python3.10/dist-packages/airflow/example_dags/example_setup_teardown.py took 0.311 seconds
[2023-11-22T16:02:30.666+0500] {processor.py:157} INFO - Started process (PID=19575) to work on /usr/local/lib/python3.10/dist-packages/airflow/example_dags/example_setup_teardown.py
[2023-11-22T16:02:30.669+0500] {processor.py:829} INFO - Processing file /usr/local/lib/python3.10/dist-packages/airflow/example_dags/example_setup_teardown.py for tasks to queue
[2023-11-22T16:02:30.673+0500] {logging_mixin.py:154} INFO - [2023-11-22T16:02:30.671+0500] {dagbag.py:536} INFO - Filling up the DagBag from /usr/local/lib/python3.10/dist-packages/airflow/example_dags/example_setup_teardown.py
[2023-11-22T16:02:30.704+0500] {processor.py:839} INFO - DAG(s) dict_keys(['example_setup_teardown']) retrieved from /usr/local/lib/python3.10/dist-packages/airflow/example_dags/example_setup_teardown.py
[2023-11-22T16:02:30.803+0500] {logging_mixin.py:154} INFO - [2023-11-22T16:02:30.802+0500] {dag.py:2941} INFO - Sync 1 DAGs
[2023-11-22T16:02:30.901+0500] {logging_mixin.py:154} INFO - [2023-11-22T16:02:30.900+0500] {dag.py:3722} INFO - Setting next_dagrun for example_setup_teardown to 2023-11-21T11:02:30.899660+00:00, run_after=2023-11-22T11:02:30.899660+00:00
[2023-11-22T16:02:30.975+0500] {processor.py:179} INFO - Processing /usr/local/lib/python3.10/dist-packages/airflow/example_dags/example_setup_teardown.py took 0.322 seconds
[2023-11-22T16:03:01.328+0500] {processor.py:157} INFO - Started process (PID=19677) to work on /usr/local/lib/python3.10/dist-packages/airflow/example_dags/example_setup_teardown.py
[2023-11-22T16:03:01.330+0500] {processor.py:829} INFO - Processing file /usr/local/lib/python3.10/dist-packages/airflow/example_dags/example_setup_teardown.py for tasks to queue
[2023-11-22T16:03:01.333+0500] {logging_mixin.py:154} INFO - [2023-11-22T16:03:01.332+0500] {dagbag.py:536} INFO - Filling up the DagBag from /usr/local/lib/python3.10/dist-packages/airflow/example_dags/example_setup_teardown.py
[2023-11-22T16:03:01.363+0500] {processor.py:839} INFO - DAG(s) dict_keys(['example_setup_teardown']) retrieved from /usr/local/lib/python3.10/dist-packages/airflow/example_dags/example_setup_teardown.py
[2023-11-22T16:03:01.470+0500] {logging_mixin.py:154} INFO - [2023-11-22T16:03:01.470+0500] {dag.py:2941} INFO - Sync 1 DAGs
[2023-11-22T16:03:01.585+0500] {logging_mixin.py:154} INFO - [2023-11-22T16:03:01.585+0500] {dag.py:3722} INFO - Setting next_dagrun for example_setup_teardown to 2023-11-21T11:03:01.584052+00:00, run_after=2023-11-22T11:03:01.584052+00:00
[2023-11-22T16:03:01.667+0500] {processor.py:179} INFO - Processing /usr/local/lib/python3.10/dist-packages/airflow/example_dags/example_setup_teardown.py took 0.351 seconds
[2023-11-22T16:03:31.994+0500] {processor.py:157} INFO - Started process (PID=19777) to work on /usr/local/lib/python3.10/dist-packages/airflow/example_dags/example_setup_teardown.py
[2023-11-22T16:03:31.997+0500] {processor.py:829} INFO - Processing file /usr/local/lib/python3.10/dist-packages/airflow/example_dags/example_setup_teardown.py for tasks to queue
[2023-11-22T16:03:32.000+0500] {logging_mixin.py:154} INFO - [2023-11-22T16:03:31.999+0500] {dagbag.py:536} INFO - Filling up the DagBag from /usr/local/lib/python3.10/dist-packages/airflow/example_dags/example_setup_teardown.py
[2023-11-22T16:03:32.031+0500] {processor.py:839} INFO - DAG(s) dict_keys(['example_setup_teardown']) retrieved from /usr/local/lib/python3.10/dist-packages/airflow/example_dags/example_setup_teardown.py
[2023-11-22T16:03:32.135+0500] {logging_mixin.py:154} INFO - [2023-11-22T16:03:32.135+0500] {dag.py:2941} INFO - Sync 1 DAGs
[2023-11-22T16:03:32.235+0500] {logging_mixin.py:154} INFO - [2023-11-22T16:03:32.234+0500] {dag.py:3722} INFO - Setting next_dagrun for example_setup_teardown to 2023-11-21T11:03:32.233473+00:00, run_after=2023-11-22T11:03:32.233473+00:00
[2023-11-22T16:03:32.316+0500] {processor.py:179} INFO - Processing /usr/local/lib/python3.10/dist-packages/airflow/example_dags/example_setup_teardown.py took 0.336 seconds
[2023-11-22T16:04:03.641+0500] {processor.py:157} INFO - Started process (PID=19887) to work on /usr/local/lib/python3.10/dist-packages/airflow/example_dags/example_setup_teardown.py
[2023-11-22T16:04:03.644+0500] {processor.py:829} INFO - Processing file /usr/local/lib/python3.10/dist-packages/airflow/example_dags/example_setup_teardown.py for tasks to queue
[2023-11-22T16:04:03.648+0500] {logging_mixin.py:154} INFO - [2023-11-22T16:04:03.646+0500] {dagbag.py:536} INFO - Filling up the DagBag from /usr/local/lib/python3.10/dist-packages/airflow/example_dags/example_setup_teardown.py
[2023-11-22T16:04:03.680+0500] {processor.py:839} INFO - DAG(s) dict_keys(['example_setup_teardown']) retrieved from /usr/local/lib/python3.10/dist-packages/airflow/example_dags/example_setup_teardown.py
[2023-11-22T16:04:03.910+0500] {logging_mixin.py:154} INFO - [2023-11-22T16:04:03.882+0500] {dag.py:2941} INFO - Sync 1 DAGs
[2023-11-22T16:04:04.075+0500] {logging_mixin.py:154} INFO - [2023-11-22T16:04:04.075+0500] {dag.py:3722} INFO - Setting next_dagrun for example_setup_teardown to 2023-11-21T11:04:04.074397+00:00, run_after=2023-11-22T11:04:04.074397+00:00
[2023-11-22T16:04:04.171+0500] {processor.py:179} INFO - Processing /usr/local/lib/python3.10/dist-packages/airflow/example_dags/example_setup_teardown.py took 0.560 seconds
[2023-11-22T16:04:34.628+0500] {processor.py:157} INFO - Started process (PID=20030) to work on /usr/local/lib/python3.10/dist-packages/airflow/example_dags/example_setup_teardown.py
[2023-11-22T16:04:34.630+0500] {processor.py:829} INFO - Processing file /usr/local/lib/python3.10/dist-packages/airflow/example_dags/example_setup_teardown.py for tasks to queue
[2023-11-22T16:04:34.633+0500] {logging_mixin.py:154} INFO - [2023-11-22T16:04:34.632+0500] {dagbag.py:536} INFO - Filling up the DagBag from /usr/local/lib/python3.10/dist-packages/airflow/example_dags/example_setup_teardown.py
[2023-11-22T16:04:34.662+0500] {processor.py:839} INFO - DAG(s) dict_keys(['example_setup_teardown']) retrieved from /usr/local/lib/python3.10/dist-packages/airflow/example_dags/example_setup_teardown.py
[2023-11-22T16:04:34.761+0500] {logging_mixin.py:154} INFO - [2023-11-22T16:04:34.761+0500] {dag.py:2941} INFO - Sync 1 DAGs
[2023-11-22T16:04:34.853+0500] {logging_mixin.py:154} INFO - [2023-11-22T16:04:34.852+0500] {dag.py:3722} INFO - Setting next_dagrun for example_setup_teardown to 2023-11-21T11:04:34.851966+00:00, run_after=2023-11-22T11:04:34.851966+00:00
[2023-11-22T16:04:34.928+0500] {processor.py:179} INFO - Processing /usr/local/lib/python3.10/dist-packages/airflow/example_dags/example_setup_teardown.py took 0.312 seconds
[2023-11-22T16:05:05.217+0500] {processor.py:157} INFO - Started process (PID=20139) to work on /usr/local/lib/python3.10/dist-packages/airflow/example_dags/example_setup_teardown.py
[2023-11-22T16:05:05.219+0500] {processor.py:829} INFO - Processing file /usr/local/lib/python3.10/dist-packages/airflow/example_dags/example_setup_teardown.py for tasks to queue
[2023-11-22T16:05:05.222+0500] {logging_mixin.py:154} INFO - [2023-11-22T16:05:05.221+0500] {dagbag.py:536} INFO - Filling up the DagBag from /usr/local/lib/python3.10/dist-packages/airflow/example_dags/example_setup_teardown.py
[2023-11-22T16:05:05.250+0500] {processor.py:839} INFO - DAG(s) dict_keys(['example_setup_teardown']) retrieved from /usr/local/lib/python3.10/dist-packages/airflow/example_dags/example_setup_teardown.py
[2023-11-22T16:05:05.347+0500] {logging_mixin.py:154} INFO - [2023-11-22T16:05:05.346+0500] {dag.py:2941} INFO - Sync 1 DAGs
[2023-11-22T16:05:05.465+0500] {logging_mixin.py:154} INFO - [2023-11-22T16:05:05.463+0500] {dag.py:3722} INFO - Setting next_dagrun for example_setup_teardown to 2023-11-21T11:05:05.462464+00:00, run_after=2023-11-22T11:05:05.462464+00:00
[2023-11-22T16:05:05.549+0500] {processor.py:179} INFO - Processing /usr/local/lib/python3.10/dist-packages/airflow/example_dags/example_setup_teardown.py took 0.344 seconds
[2023-11-22T16:05:35.761+0500] {processor.py:157} INFO - Started process (PID=20242) to work on /usr/local/lib/python3.10/dist-packages/airflow/example_dags/example_setup_teardown.py
[2023-11-22T16:05:35.763+0500] {processor.py:829} INFO - Processing file /usr/local/lib/python3.10/dist-packages/airflow/example_dags/example_setup_teardown.py for tasks to queue
[2023-11-22T16:05:35.767+0500] {logging_mixin.py:154} INFO - [2023-11-22T16:05:35.765+0500] {dagbag.py:536} INFO - Filling up the DagBag from /usr/local/lib/python3.10/dist-packages/airflow/example_dags/example_setup_teardown.py
[2023-11-22T16:05:35.801+0500] {processor.py:839} INFO - DAG(s) dict_keys(['example_setup_teardown']) retrieved from /usr/local/lib/python3.10/dist-packages/airflow/example_dags/example_setup_teardown.py
[2023-11-22T16:05:35.904+0500] {logging_mixin.py:154} INFO - [2023-11-22T16:05:35.904+0500] {dag.py:2941} INFO - Sync 1 DAGs
[2023-11-22T16:05:36.012+0500] {logging_mixin.py:154} INFO - [2023-11-22T16:05:36.011+0500] {dag.py:3722} INFO - Setting next_dagrun for example_setup_teardown to 2023-11-21T11:05:36.010777+00:00, run_after=2023-11-22T11:05:36.010777+00:00
[2023-11-22T16:05:36.087+0500] {processor.py:179} INFO - Processing /usr/local/lib/python3.10/dist-packages/airflow/example_dags/example_setup_teardown.py took 0.344 seconds
[2023-11-22T16:06:06.226+0500] {processor.py:157} INFO - Started process (PID=20344) to work on /usr/local/lib/python3.10/dist-packages/airflow/example_dags/example_setup_teardown.py
[2023-11-22T16:06:06.228+0500] {processor.py:829} INFO - Processing file /usr/local/lib/python3.10/dist-packages/airflow/example_dags/example_setup_teardown.py for tasks to queue
[2023-11-22T16:06:06.231+0500] {logging_mixin.py:154} INFO - [2023-11-22T16:06:06.230+0500] {dagbag.py:536} INFO - Filling up the DagBag from /usr/local/lib/python3.10/dist-packages/airflow/example_dags/example_setup_teardown.py
[2023-11-22T16:06:06.266+0500] {processor.py:839} INFO - DAG(s) dict_keys(['example_setup_teardown']) retrieved from /usr/local/lib/python3.10/dist-packages/airflow/example_dags/example_setup_teardown.py
[2023-11-22T16:06:06.367+0500] {logging_mixin.py:154} INFO - [2023-11-22T16:06:06.367+0500] {dag.py:2941} INFO - Sync 1 DAGs
[2023-11-22T16:06:06.460+0500] {logging_mixin.py:154} INFO - [2023-11-22T16:06:06.459+0500] {dag.py:3722} INFO - Setting next_dagrun for example_setup_teardown to 2023-11-21T11:06:06.459026+00:00, run_after=2023-11-22T11:06:06.459026+00:00
[2023-11-22T16:06:06.534+0500] {processor.py:179} INFO - Processing /usr/local/lib/python3.10/dist-packages/airflow/example_dags/example_setup_teardown.py took 0.321 seconds
