[2023-11-22T15:27:12.213+0500] {processor.py:157} INFO - Started process (PID=9938) to work on /usr/local/lib/python3.10/dist-packages/airflow/example_dags/example_short_circuit_decorator.py
[2023-11-22T15:27:12.216+0500] {processor.py:829} INFO - Processing file /usr/local/lib/python3.10/dist-packages/airflow/example_dags/example_short_circuit_decorator.py for tasks to queue
[2023-11-22T15:27:12.219+0500] {logging_mixin.py:154} INFO - [2023-11-22T15:27:12.218+0500] {dagbag.py:536} INFO - Filling up the DagBag from /usr/local/lib/python3.10/dist-packages/airflow/example_dags/example_short_circuit_decorator.py
[2023-11-22T15:27:12.256+0500] {processor.py:839} INFO - DAG(s) dict_keys(['example_short_circuit_decorator']) retrieved from /usr/local/lib/python3.10/dist-packages/airflow/example_dags/example_short_circuit_decorator.py
[2023-11-22T15:27:12.382+0500] {logging_mixin.py:154} INFO - [2023-11-22T15:27:12.381+0500] {dag.py:2941} INFO - Sync 1 DAGs
[2023-11-22T15:27:12.472+0500] {logging_mixin.py:154} INFO - [2023-11-22T15:27:12.471+0500] {dag.py:3722} INFO - Setting next_dagrun for example_short_circuit_decorator to 2023-11-21T10:27:12.470471+00:00, run_after=2023-11-22T10:27:12.470471+00:00
[2023-11-22T15:27:12.547+0500] {processor.py:179} INFO - Processing /usr/local/lib/python3.10/dist-packages/airflow/example_dags/example_short_circuit_decorator.py took 0.345 seconds
[2023-11-22T15:27:44.969+0500] {processor.py:157} INFO - Started process (PID=10075) to work on /usr/local/lib/python3.10/dist-packages/airflow/example_dags/example_short_circuit_decorator.py
[2023-11-22T15:27:44.971+0500] {processor.py:829} INFO - Processing file /usr/local/lib/python3.10/dist-packages/airflow/example_dags/example_short_circuit_decorator.py for tasks to queue
[2023-11-22T15:27:44.974+0500] {logging_mixin.py:154} INFO - [2023-11-22T15:27:44.973+0500] {dagbag.py:536} INFO - Filling up the DagBag from /usr/local/lib/python3.10/dist-packages/airflow/example_dags/example_short_circuit_decorator.py
[2023-11-22T15:27:45.020+0500] {processor.py:839} INFO - DAG(s) dict_keys(['example_short_circuit_decorator']) retrieved from /usr/local/lib/python3.10/dist-packages/airflow/example_dags/example_short_circuit_decorator.py
[2023-11-22T15:27:45.174+0500] {logging_mixin.py:154} INFO - [2023-11-22T15:27:45.173+0500] {dag.py:2941} INFO - Sync 1 DAGs
[2023-11-22T15:27:45.278+0500] {logging_mixin.py:154} INFO - [2023-11-22T15:27:45.277+0500] {dag.py:3722} INFO - Setting next_dagrun for example_short_circuit_decorator to 2023-11-21T10:27:45.277100+00:00, run_after=2023-11-22T10:27:45.277100+00:00
[2023-11-22T15:27:45.376+0500] {processor.py:179} INFO - Processing /usr/local/lib/python3.10/dist-packages/airflow/example_dags/example_short_circuit_decorator.py took 0.418 seconds
[2023-11-22T15:28:15.530+0500] {processor.py:157} INFO - Started process (PID=10187) to work on /usr/local/lib/python3.10/dist-packages/airflow/example_dags/example_short_circuit_decorator.py
[2023-11-22T15:28:15.533+0500] {processor.py:829} INFO - Processing file /usr/local/lib/python3.10/dist-packages/airflow/example_dags/example_short_circuit_decorator.py for tasks to queue
[2023-11-22T15:28:15.536+0500] {logging_mixin.py:154} INFO - [2023-11-22T15:28:15.535+0500] {dagbag.py:536} INFO - Filling up the DagBag from /usr/local/lib/python3.10/dist-packages/airflow/example_dags/example_short_circuit_decorator.py
[2023-11-22T15:28:15.576+0500] {processor.py:839} INFO - DAG(s) dict_keys(['example_short_circuit_decorator']) retrieved from /usr/local/lib/python3.10/dist-packages/airflow/example_dags/example_short_circuit_decorator.py
[2023-11-22T15:28:15.694+0500] {logging_mixin.py:154} INFO - [2023-11-22T15:28:15.693+0500] {dag.py:2941} INFO - Sync 1 DAGs
[2023-11-22T15:28:15.800+0500] {logging_mixin.py:154} INFO - [2023-11-22T15:28:15.799+0500] {dag.py:3722} INFO - Setting next_dagrun for example_short_circuit_decorator to 2023-11-21T10:28:15.798645+00:00, run_after=2023-11-22T10:28:15.798645+00:00
[2023-11-22T15:28:15.873+0500] {processor.py:179} INFO - Processing /usr/local/lib/python3.10/dist-packages/airflow/example_dags/example_short_circuit_decorator.py took 0.356 seconds
[2023-11-22T15:28:47.736+0500] {processor.py:157} INFO - Started process (PID=10324) to work on /usr/local/lib/python3.10/dist-packages/airflow/example_dags/example_short_circuit_decorator.py
[2023-11-22T15:28:47.740+0500] {processor.py:829} INFO - Processing file /usr/local/lib/python3.10/dist-packages/airflow/example_dags/example_short_circuit_decorator.py for tasks to queue
[2023-11-22T15:28:47.743+0500] {logging_mixin.py:154} INFO - [2023-11-22T15:28:47.742+0500] {dagbag.py:536} INFO - Filling up the DagBag from /usr/local/lib/python3.10/dist-packages/airflow/example_dags/example_short_circuit_decorator.py
[2023-11-22T15:28:47.793+0500] {processor.py:839} INFO - DAG(s) dict_keys(['example_short_circuit_decorator']) retrieved from /usr/local/lib/python3.10/dist-packages/airflow/example_dags/example_short_circuit_decorator.py
[2023-11-22T15:28:47.921+0500] {logging_mixin.py:154} INFO - [2023-11-22T15:28:47.920+0500] {dag.py:2941} INFO - Sync 1 DAGs
[2023-11-22T15:28:48.058+0500] {logging_mixin.py:154} INFO - [2023-11-22T15:28:48.057+0500] {dag.py:3722} INFO - Setting next_dagrun for example_short_circuit_decorator to 2023-11-21T10:28:48.056293+00:00, run_after=2023-11-22T10:28:48.056293+00:00
[2023-11-22T15:28:48.137+0500] {processor.py:179} INFO - Processing /usr/local/lib/python3.10/dist-packages/airflow/example_dags/example_short_circuit_decorator.py took 0.414 seconds
[2023-11-22T15:29:18.896+0500] {processor.py:157} INFO - Started process (PID=10436) to work on /usr/local/lib/python3.10/dist-packages/airflow/example_dags/example_short_circuit_decorator.py
[2023-11-22T15:29:18.899+0500] {processor.py:829} INFO - Processing file /usr/local/lib/python3.10/dist-packages/airflow/example_dags/example_short_circuit_decorator.py for tasks to queue
[2023-11-22T15:29:18.903+0500] {logging_mixin.py:154} INFO - [2023-11-22T15:29:18.901+0500] {dagbag.py:536} INFO - Filling up the DagBag from /usr/local/lib/python3.10/dist-packages/airflow/example_dags/example_short_circuit_decorator.py
[2023-11-22T15:29:18.945+0500] {processor.py:839} INFO - DAG(s) dict_keys(['example_short_circuit_decorator']) retrieved from /usr/local/lib/python3.10/dist-packages/airflow/example_dags/example_short_circuit_decorator.py
[2023-11-22T15:29:19.076+0500] {logging_mixin.py:154} INFO - [2023-11-22T15:29:19.075+0500] {dag.py:2941} INFO - Sync 1 DAGs
[2023-11-22T15:29:19.188+0500] {logging_mixin.py:154} INFO - [2023-11-22T15:29:19.187+0500] {dag.py:3722} INFO - Setting next_dagrun for example_short_circuit_decorator to 2023-11-21T10:29:19.186451+00:00, run_after=2023-11-22T10:29:19.186451+00:00
[2023-11-22T15:29:19.290+0500] {processor.py:179} INFO - Processing /usr/local/lib/python3.10/dist-packages/airflow/example_dags/example_short_circuit_decorator.py took 0.406 seconds
[2023-11-22T15:29:49.758+0500] {processor.py:157} INFO - Started process (PID=10834) to work on /usr/local/lib/python3.10/dist-packages/airflow/example_dags/example_short_circuit_decorator.py
[2023-11-22T15:29:49.771+0500] {processor.py:829} INFO - Processing file /usr/local/lib/python3.10/dist-packages/airflow/example_dags/example_short_circuit_decorator.py for tasks to queue
[2023-11-22T15:29:49.774+0500] {logging_mixin.py:154} INFO - [2023-11-22T15:29:49.773+0500] {dagbag.py:536} INFO - Filling up the DagBag from /usr/local/lib/python3.10/dist-packages/airflow/example_dags/example_short_circuit_decorator.py
[2023-11-22T15:29:49.850+0500] {processor.py:839} INFO - DAG(s) dict_keys(['example_short_circuit_decorator']) retrieved from /usr/local/lib/python3.10/dist-packages/airflow/example_dags/example_short_circuit_decorator.py
[2023-11-22T15:29:50.062+0500] {logging_mixin.py:154} INFO - [2023-11-22T15:29:50.061+0500] {dag.py:2941} INFO - Sync 1 DAGs
[2023-11-22T15:29:50.248+0500] {logging_mixin.py:154} INFO - [2023-11-22T15:29:50.248+0500] {dag.py:3722} INFO - Setting next_dagrun for example_short_circuit_decorator to 2023-11-21T10:29:50.247132+00:00, run_after=2023-11-22T10:29:50.247132+00:00
[2023-11-22T15:29:50.342+0500] {processor.py:179} INFO - Processing /usr/local/lib/python3.10/dist-packages/airflow/example_dags/example_short_circuit_decorator.py took 0.600 seconds
[2023-11-22T15:30:20.459+0500] {processor.py:157} INFO - Started process (PID=10969) to work on /usr/local/lib/python3.10/dist-packages/airflow/example_dags/example_short_circuit_decorator.py
[2023-11-22T15:30:20.461+0500] {processor.py:829} INFO - Processing file /usr/local/lib/python3.10/dist-packages/airflow/example_dags/example_short_circuit_decorator.py for tasks to queue
[2023-11-22T15:30:20.465+0500] {logging_mixin.py:154} INFO - [2023-11-22T15:30:20.464+0500] {dagbag.py:536} INFO - Filling up the DagBag from /usr/local/lib/python3.10/dist-packages/airflow/example_dags/example_short_circuit_decorator.py
[2023-11-22T15:30:20.523+0500] {processor.py:839} INFO - DAG(s) dict_keys(['example_short_circuit_decorator']) retrieved from /usr/local/lib/python3.10/dist-packages/airflow/example_dags/example_short_circuit_decorator.py
[2023-11-22T15:30:20.642+0500] {logging_mixin.py:154} INFO - [2023-11-22T15:30:20.641+0500] {dag.py:2941} INFO - Sync 1 DAGs
[2023-11-22T15:30:20.741+0500] {logging_mixin.py:154} INFO - [2023-11-22T15:30:20.741+0500] {dag.py:3722} INFO - Setting next_dagrun for example_short_circuit_decorator to 2023-11-21T10:30:20.739971+00:00, run_after=2023-11-22T10:30:20.739971+00:00
[2023-11-22T15:30:20.827+0500] {processor.py:179} INFO - Processing /usr/local/lib/python3.10/dist-packages/airflow/example_dags/example_short_circuit_decorator.py took 0.382 seconds
[2023-11-22T15:30:51.210+0500] {processor.py:157} INFO - Started process (PID=11186) to work on /usr/local/lib/python3.10/dist-packages/airflow/example_dags/example_short_circuit_decorator.py
[2023-11-22T15:30:51.215+0500] {processor.py:829} INFO - Processing file /usr/local/lib/python3.10/dist-packages/airflow/example_dags/example_short_circuit_decorator.py for tasks to queue
[2023-11-22T15:30:51.218+0500] {logging_mixin.py:154} INFO - [2023-11-22T15:30:51.217+0500] {dagbag.py:536} INFO - Filling up the DagBag from /usr/local/lib/python3.10/dist-packages/airflow/example_dags/example_short_circuit_decorator.py
[2023-11-22T15:30:51.306+0500] {processor.py:839} INFO - DAG(s) dict_keys(['example_short_circuit_decorator']) retrieved from /usr/local/lib/python3.10/dist-packages/airflow/example_dags/example_short_circuit_decorator.py
[2023-11-22T15:30:51.443+0500] {logging_mixin.py:154} INFO - [2023-11-22T15:30:51.443+0500] {dag.py:2941} INFO - Sync 1 DAGs
[2023-11-22T15:30:51.555+0500] {logging_mixin.py:154} INFO - [2023-11-22T15:30:51.554+0500] {dag.py:3722} INFO - Setting next_dagrun for example_short_circuit_decorator to 2023-11-21T10:30:51.553690+00:00, run_after=2023-11-22T10:30:51.553690+00:00
[2023-11-22T15:30:51.661+0500] {processor.py:179} INFO - Processing /usr/local/lib/python3.10/dist-packages/airflow/example_dags/example_short_circuit_decorator.py took 0.462 seconds
[2023-11-22T15:31:22.665+0500] {processor.py:157} INFO - Started process (PID=11330) to work on /usr/local/lib/python3.10/dist-packages/airflow/example_dags/example_short_circuit_decorator.py
[2023-11-22T15:31:22.675+0500] {processor.py:829} INFO - Processing file /usr/local/lib/python3.10/dist-packages/airflow/example_dags/example_short_circuit_decorator.py for tasks to queue
[2023-11-22T15:31:22.678+0500] {logging_mixin.py:154} INFO - [2023-11-22T15:31:22.677+0500] {dagbag.py:536} INFO - Filling up the DagBag from /usr/local/lib/python3.10/dist-packages/airflow/example_dags/example_short_circuit_decorator.py
[2023-11-22T15:31:22.747+0500] {processor.py:839} INFO - DAG(s) dict_keys(['example_short_circuit_decorator']) retrieved from /usr/local/lib/python3.10/dist-packages/airflow/example_dags/example_short_circuit_decorator.py
[2023-11-22T15:31:22.877+0500] {logging_mixin.py:154} INFO - [2023-11-22T15:31:22.876+0500] {dag.py:2941} INFO - Sync 1 DAGs
[2023-11-22T15:31:22.999+0500] {logging_mixin.py:154} INFO - [2023-11-22T15:31:22.999+0500] {dag.py:3722} INFO - Setting next_dagrun for example_short_circuit_decorator to 2023-11-21T10:31:22.997157+00:00, run_after=2023-11-22T10:31:22.997157+00:00
[2023-11-22T15:31:23.099+0500] {processor.py:179} INFO - Processing /usr/local/lib/python3.10/dist-packages/airflow/example_dags/example_short_circuit_decorator.py took 0.451 seconds
[2023-11-22T15:31:53.614+0500] {processor.py:157} INFO - Started process (PID=11475) to work on /usr/local/lib/python3.10/dist-packages/airflow/example_dags/example_short_circuit_decorator.py
[2023-11-22T15:31:53.617+0500] {processor.py:829} INFO - Processing file /usr/local/lib/python3.10/dist-packages/airflow/example_dags/example_short_circuit_decorator.py for tasks to queue
[2023-11-22T15:31:53.620+0500] {logging_mixin.py:154} INFO - [2023-11-22T15:31:53.619+0500] {dagbag.py:536} INFO - Filling up the DagBag from /usr/local/lib/python3.10/dist-packages/airflow/example_dags/example_short_circuit_decorator.py
[2023-11-22T15:31:53.660+0500] {processor.py:839} INFO - DAG(s) dict_keys(['example_short_circuit_decorator']) retrieved from /usr/local/lib/python3.10/dist-packages/airflow/example_dags/example_short_circuit_decorator.py
[2023-11-22T15:31:53.772+0500] {logging_mixin.py:154} INFO - [2023-11-22T15:31:53.771+0500] {dag.py:2941} INFO - Sync 1 DAGs
[2023-11-22T15:31:53.876+0500] {logging_mixin.py:154} INFO - [2023-11-22T15:31:53.876+0500] {dag.py:3722} INFO - Setting next_dagrun for example_short_circuit_decorator to 2023-11-21T10:31:53.875368+00:00, run_after=2023-11-22T10:31:53.875368+00:00
[2023-11-22T15:31:53.959+0500] {processor.py:179} INFO - Processing /usr/local/lib/python3.10/dist-packages/airflow/example_dags/example_short_circuit_decorator.py took 0.362 seconds
[2023-11-22T15:32:24.532+0500] {processor.py:157} INFO - Started process (PID=11652) to work on /usr/local/lib/python3.10/dist-packages/airflow/example_dags/example_short_circuit_decorator.py
[2023-11-22T15:32:24.535+0500] {processor.py:829} INFO - Processing file /usr/local/lib/python3.10/dist-packages/airflow/example_dags/example_short_circuit_decorator.py for tasks to queue
[2023-11-22T15:32:24.538+0500] {logging_mixin.py:154} INFO - [2023-11-22T15:32:24.537+0500] {dagbag.py:536} INFO - Filling up the DagBag from /usr/local/lib/python3.10/dist-packages/airflow/example_dags/example_short_circuit_decorator.py
[2023-11-22T15:32:24.583+0500] {processor.py:839} INFO - DAG(s) dict_keys(['example_short_circuit_decorator']) retrieved from /usr/local/lib/python3.10/dist-packages/airflow/example_dags/example_short_circuit_decorator.py
[2023-11-22T15:32:24.711+0500] {logging_mixin.py:154} INFO - [2023-11-22T15:32:24.710+0500] {dag.py:2941} INFO - Sync 1 DAGs
[2023-11-22T15:32:24.814+0500] {logging_mixin.py:154} INFO - [2023-11-22T15:32:24.814+0500] {dag.py:3722} INFO - Setting next_dagrun for example_short_circuit_decorator to 2023-11-21T10:32:24.813172+00:00, run_after=2023-11-22T10:32:24.813172+00:00
[2023-11-22T15:32:24.892+0500] {processor.py:179} INFO - Processing /usr/local/lib/python3.10/dist-packages/airflow/example_dags/example_short_circuit_decorator.py took 0.374 seconds
[2023-11-22T15:32:55.065+0500] {processor.py:157} INFO - Started process (PID=11805) to work on /usr/local/lib/python3.10/dist-packages/airflow/example_dags/example_short_circuit_decorator.py
[2023-11-22T15:32:55.068+0500] {processor.py:829} INFO - Processing file /usr/local/lib/python3.10/dist-packages/airflow/example_dags/example_short_circuit_decorator.py for tasks to queue
[2023-11-22T15:32:55.071+0500] {logging_mixin.py:154} INFO - [2023-11-22T15:32:55.070+0500] {dagbag.py:536} INFO - Filling up the DagBag from /usr/local/lib/python3.10/dist-packages/airflow/example_dags/example_short_circuit_decorator.py
[2023-11-22T15:32:55.111+0500] {processor.py:839} INFO - DAG(s) dict_keys(['example_short_circuit_decorator']) retrieved from /usr/local/lib/python3.10/dist-packages/airflow/example_dags/example_short_circuit_decorator.py
[2023-11-22T15:32:55.236+0500] {logging_mixin.py:154} INFO - [2023-11-22T15:32:55.235+0500] {dag.py:2941} INFO - Sync 1 DAGs
[2023-11-22T15:32:55.337+0500] {logging_mixin.py:154} INFO - [2023-11-22T15:32:55.336+0500] {dag.py:3722} INFO - Setting next_dagrun for example_short_circuit_decorator to 2023-11-21T10:32:55.334923+00:00, run_after=2023-11-22T10:32:55.334923+00:00
[2023-11-22T15:32:55.429+0500] {processor.py:179} INFO - Processing /usr/local/lib/python3.10/dist-packages/airflow/example_dags/example_short_circuit_decorator.py took 0.376 seconds
[2023-11-22T15:33:26.147+0500] {processor.py:157} INFO - Started process (PID=11951) to work on /usr/local/lib/python3.10/dist-packages/airflow/example_dags/example_short_circuit_decorator.py
[2023-11-22T15:33:26.149+0500] {processor.py:829} INFO - Processing file /usr/local/lib/python3.10/dist-packages/airflow/example_dags/example_short_circuit_decorator.py for tasks to queue
[2023-11-22T15:33:26.152+0500] {logging_mixin.py:154} INFO - [2023-11-22T15:33:26.151+0500] {dagbag.py:536} INFO - Filling up the DagBag from /usr/local/lib/python3.10/dist-packages/airflow/example_dags/example_short_circuit_decorator.py
[2023-11-22T15:33:26.190+0500] {processor.py:839} INFO - DAG(s) dict_keys(['example_short_circuit_decorator']) retrieved from /usr/local/lib/python3.10/dist-packages/airflow/example_dags/example_short_circuit_decorator.py
[2023-11-22T15:33:26.304+0500] {logging_mixin.py:154} INFO - [2023-11-22T15:33:26.304+0500] {dag.py:2941} INFO - Sync 1 DAGs
[2023-11-22T15:33:26.409+0500] {logging_mixin.py:154} INFO - [2023-11-22T15:33:26.408+0500] {dag.py:3722} INFO - Setting next_dagrun for example_short_circuit_decorator to 2023-11-21T10:33:26.407743+00:00, run_after=2023-11-22T10:33:26.407743+00:00
[2023-11-22T15:33:26.484+0500] {processor.py:179} INFO - Processing /usr/local/lib/python3.10/dist-packages/airflow/example_dags/example_short_circuit_decorator.py took 0.348 seconds
[2023-11-22T15:33:56.902+0500] {processor.py:157} INFO - Started process (PID=12108) to work on /usr/local/lib/python3.10/dist-packages/airflow/example_dags/example_short_circuit_decorator.py
[2023-11-22T15:33:56.908+0500] {processor.py:829} INFO - Processing file /usr/local/lib/python3.10/dist-packages/airflow/example_dags/example_short_circuit_decorator.py for tasks to queue
[2023-11-22T15:33:56.913+0500] {logging_mixin.py:154} INFO - [2023-11-22T15:33:56.910+0500] {dagbag.py:536} INFO - Filling up the DagBag from /usr/local/lib/python3.10/dist-packages/airflow/example_dags/example_short_circuit_decorator.py
[2023-11-22T15:33:56.966+0500] {processor.py:839} INFO - DAG(s) dict_keys(['example_short_circuit_decorator']) retrieved from /usr/local/lib/python3.10/dist-packages/airflow/example_dags/example_short_circuit_decorator.py
[2023-11-22T15:33:57.169+0500] {logging_mixin.py:154} INFO - [2023-11-22T15:33:57.169+0500] {dag.py:2941} INFO - Sync 1 DAGs
[2023-11-22T15:33:57.301+0500] {logging_mixin.py:154} INFO - [2023-11-22T15:33:57.300+0500] {dag.py:3722} INFO - Setting next_dagrun for example_short_circuit_decorator to 2023-11-21T10:33:57.298149+00:00, run_after=2023-11-22T10:33:57.298149+00:00
[2023-11-22T15:33:57.390+0500] {processor.py:179} INFO - Processing /usr/local/lib/python3.10/dist-packages/airflow/example_dags/example_short_circuit_decorator.py took 0.505 seconds
[2023-11-22T15:34:28.351+0500] {processor.py:157} INFO - Started process (PID=12240) to work on /usr/local/lib/python3.10/dist-packages/airflow/example_dags/example_short_circuit_decorator.py
[2023-11-22T15:34:28.354+0500] {processor.py:829} INFO - Processing file /usr/local/lib/python3.10/dist-packages/airflow/example_dags/example_short_circuit_decorator.py for tasks to queue
[2023-11-22T15:34:28.357+0500] {logging_mixin.py:154} INFO - [2023-11-22T15:34:28.356+0500] {dagbag.py:536} INFO - Filling up the DagBag from /usr/local/lib/python3.10/dist-packages/airflow/example_dags/example_short_circuit_decorator.py
[2023-11-22T15:34:28.401+0500] {processor.py:839} INFO - DAG(s) dict_keys(['example_short_circuit_decorator']) retrieved from /usr/local/lib/python3.10/dist-packages/airflow/example_dags/example_short_circuit_decorator.py
[2023-11-22T15:34:28.556+0500] {logging_mixin.py:154} INFO - [2023-11-22T15:34:28.554+0500] {dag.py:2941} INFO - Sync 1 DAGs
[2023-11-22T15:34:28.682+0500] {logging_mixin.py:154} INFO - [2023-11-22T15:34:28.681+0500] {dag.py:3722} INFO - Setting next_dagrun for example_short_circuit_decorator to 2023-11-21T10:34:28.680166+00:00, run_after=2023-11-22T10:34:28.680166+00:00
[2023-11-22T15:34:28.772+0500] {processor.py:179} INFO - Processing /usr/local/lib/python3.10/dist-packages/airflow/example_dags/example_short_circuit_decorator.py took 0.439 seconds
[2023-11-22T15:35:03.765+0500] {processor.py:157} INFO - Started process (PID=12548) to work on /usr/local/lib/python3.10/dist-packages/airflow/example_dags/example_short_circuit_decorator.py
[2023-11-22T15:35:03.769+0500] {processor.py:829} INFO - Processing file /usr/local/lib/python3.10/dist-packages/airflow/example_dags/example_short_circuit_decorator.py for tasks to queue
[2023-11-22T15:35:03.775+0500] {logging_mixin.py:154} INFO - [2023-11-22T15:35:03.773+0500] {dagbag.py:536} INFO - Filling up the DagBag from /usr/local/lib/python3.10/dist-packages/airflow/example_dags/example_short_circuit_decorator.py
[2023-11-22T15:35:03.868+0500] {processor.py:839} INFO - DAG(s) dict_keys(['example_short_circuit_decorator']) retrieved from /usr/local/lib/python3.10/dist-packages/airflow/example_dags/example_short_circuit_decorator.py
[2023-11-22T15:35:04.122+0500] {logging_mixin.py:154} INFO - [2023-11-22T15:35:04.122+0500] {dag.py:2941} INFO - Sync 1 DAGs
[2023-11-22T15:35:04.283+0500] {logging_mixin.py:154} INFO - [2023-11-22T15:35:04.283+0500] {dag.py:3722} INFO - Setting next_dagrun for example_short_circuit_decorator to 2023-11-21T10:35:04.282068+00:00, run_after=2023-11-22T10:35:04.282068+00:00
[2023-11-22T15:35:04.373+0500] {processor.py:179} INFO - Processing /usr/local/lib/python3.10/dist-packages/airflow/example_dags/example_short_circuit_decorator.py took 0.630 seconds
[2023-11-22T15:35:43.641+0500] {processor.py:157} INFO - Started process (PID=13175) to work on /usr/local/lib/python3.10/dist-packages/airflow/example_dags/example_short_circuit_decorator.py
[2023-11-22T15:35:43.647+0500] {processor.py:829} INFO - Processing file /usr/local/lib/python3.10/dist-packages/airflow/example_dags/example_short_circuit_decorator.py for tasks to queue
[2023-11-22T15:35:43.650+0500] {logging_mixin.py:154} INFO - [2023-11-22T15:35:43.649+0500] {dagbag.py:536} INFO - Filling up the DagBag from /usr/local/lib/python3.10/dist-packages/airflow/example_dags/example_short_circuit_decorator.py
[2023-11-22T15:35:43.824+0500] {processor.py:839} INFO - DAG(s) dict_keys(['example_short_circuit_decorator']) retrieved from /usr/local/lib/python3.10/dist-packages/airflow/example_dags/example_short_circuit_decorator.py
[2023-11-22T15:35:44.107+0500] {logging_mixin.py:154} INFO - [2023-11-22T15:35:44.106+0500] {dag.py:2941} INFO - Sync 1 DAGs
[2023-11-22T15:35:44.515+0500] {logging_mixin.py:154} INFO - [2023-11-22T15:35:44.511+0500] {dag.py:3722} INFO - Setting next_dagrun for example_short_circuit_decorator to 2023-11-21T10:35:44.510503+00:00, run_after=2023-11-22T10:35:44.510503+00:00
[2023-11-22T15:35:44.703+0500] {processor.py:179} INFO - Processing /usr/local/lib/python3.10/dist-packages/airflow/example_dags/example_short_circuit_decorator.py took 1.080 seconds
[2023-11-22T15:40:07.778+0500] {processor.py:157} INFO - Started process (PID=13478) to work on /usr/local/lib/python3.10/dist-packages/airflow/example_dags/example_short_circuit_decorator.py
[2023-11-22T15:40:07.781+0500] {processor.py:829} INFO - Processing file /usr/local/lib/python3.10/dist-packages/airflow/example_dags/example_short_circuit_decorator.py for tasks to queue
[2023-11-22T15:40:07.783+0500] {logging_mixin.py:154} INFO - [2023-11-22T15:40:07.782+0500] {dagbag.py:536} INFO - Filling up the DagBag from /usr/local/lib/python3.10/dist-packages/airflow/example_dags/example_short_circuit_decorator.py
[2023-11-22T15:40:07.820+0500] {processor.py:839} INFO - DAG(s) dict_keys(['example_short_circuit_decorator']) retrieved from /usr/local/lib/python3.10/dist-packages/airflow/example_dags/example_short_circuit_decorator.py
[2023-11-22T15:40:07.942+0500] {logging_mixin.py:154} INFO - [2023-11-22T15:40:07.942+0500] {dag.py:2941} INFO - Sync 1 DAGs
[2023-11-22T15:40:08.037+0500] {logging_mixin.py:154} INFO - [2023-11-22T15:40:08.036+0500] {dag.py:3722} INFO - Setting next_dagrun for example_short_circuit_decorator to 2023-11-21T10:40:08.035543+00:00, run_after=2023-11-22T10:40:08.035543+00:00
[2023-11-22T15:40:08.105+0500] {processor.py:179} INFO - Processing /usr/local/lib/python3.10/dist-packages/airflow/example_dags/example_short_circuit_decorator.py took 0.337 seconds
[2023-11-22T15:40:40.434+0500] {processor.py:157} INFO - Started process (PID=13620) to work on /usr/local/lib/python3.10/dist-packages/airflow/example_dags/example_short_circuit_decorator.py
[2023-11-22T15:40:40.437+0500] {processor.py:829} INFO - Processing file /usr/local/lib/python3.10/dist-packages/airflow/example_dags/example_short_circuit_decorator.py for tasks to queue
[2023-11-22T15:40:40.449+0500] {logging_mixin.py:154} INFO - [2023-11-22T15:40:40.446+0500] {dagbag.py:536} INFO - Filling up the DagBag from /usr/local/lib/python3.10/dist-packages/airflow/example_dags/example_short_circuit_decorator.py
[2023-11-22T15:40:40.505+0500] {processor.py:839} INFO - DAG(s) dict_keys(['example_short_circuit_decorator']) retrieved from /usr/local/lib/python3.10/dist-packages/airflow/example_dags/example_short_circuit_decorator.py
[2023-11-22T15:40:40.630+0500] {logging_mixin.py:154} INFO - [2023-11-22T15:40:40.629+0500] {dag.py:2941} INFO - Sync 1 DAGs
[2023-11-22T15:40:40.751+0500] {logging_mixin.py:154} INFO - [2023-11-22T15:40:40.750+0500] {dag.py:3722} INFO - Setting next_dagrun for example_short_circuit_decorator to 2023-11-21T10:40:40.749791+00:00, run_after=2023-11-22T10:40:40.749791+00:00
[2023-11-22T15:40:40.840+0500] {processor.py:179} INFO - Processing /usr/local/lib/python3.10/dist-packages/airflow/example_dags/example_short_circuit_decorator.py took 0.431 seconds
[2023-11-22T15:41:12.475+0500] {processor.py:157} INFO - Started process (PID=13765) to work on /usr/local/lib/python3.10/dist-packages/airflow/example_dags/example_short_circuit_decorator.py
[2023-11-22T15:41:12.478+0500] {processor.py:829} INFO - Processing file /usr/local/lib/python3.10/dist-packages/airflow/example_dags/example_short_circuit_decorator.py for tasks to queue
[2023-11-22T15:41:12.482+0500] {logging_mixin.py:154} INFO - [2023-11-22T15:41:12.480+0500] {dagbag.py:536} INFO - Filling up the DagBag from /usr/local/lib/python3.10/dist-packages/airflow/example_dags/example_short_circuit_decorator.py
[2023-11-22T15:41:12.527+0500] {processor.py:839} INFO - DAG(s) dict_keys(['example_short_circuit_decorator']) retrieved from /usr/local/lib/python3.10/dist-packages/airflow/example_dags/example_short_circuit_decorator.py
[2023-11-22T15:41:12.644+0500] {logging_mixin.py:154} INFO - [2023-11-22T15:41:12.643+0500] {dag.py:2941} INFO - Sync 1 DAGs
[2023-11-22T15:41:12.763+0500] {logging_mixin.py:154} INFO - [2023-11-22T15:41:12.762+0500] {dag.py:3722} INFO - Setting next_dagrun for example_short_circuit_decorator to 2023-11-21T10:41:12.761093+00:00, run_after=2023-11-22T10:41:12.761093+00:00
[2023-11-22T15:41:12.866+0500] {processor.py:179} INFO - Processing /usr/local/lib/python3.10/dist-packages/airflow/example_dags/example_short_circuit_decorator.py took 0.405 seconds
[2023-11-22T15:41:44.335+0500] {processor.py:157} INFO - Started process (PID=13927) to work on /usr/local/lib/python3.10/dist-packages/airflow/example_dags/example_short_circuit_decorator.py
[2023-11-22T15:41:44.338+0500] {processor.py:829} INFO - Processing file /usr/local/lib/python3.10/dist-packages/airflow/example_dags/example_short_circuit_decorator.py for tasks to queue
[2023-11-22T15:41:44.341+0500] {logging_mixin.py:154} INFO - [2023-11-22T15:41:44.340+0500] {dagbag.py:536} INFO - Filling up the DagBag from /usr/local/lib/python3.10/dist-packages/airflow/example_dags/example_short_circuit_decorator.py
[2023-11-22T15:41:44.394+0500] {processor.py:839} INFO - DAG(s) dict_keys(['example_short_circuit_decorator']) retrieved from /usr/local/lib/python3.10/dist-packages/airflow/example_dags/example_short_circuit_decorator.py
[2023-11-22T15:41:44.522+0500] {logging_mixin.py:154} INFO - [2023-11-22T15:41:44.521+0500] {dag.py:2941} INFO - Sync 1 DAGs
[2023-11-22T15:41:44.635+0500] {logging_mixin.py:154} INFO - [2023-11-22T15:41:44.634+0500] {dag.py:3722} INFO - Setting next_dagrun for example_short_circuit_decorator to 2023-11-21T10:41:44.633664+00:00, run_after=2023-11-22T10:41:44.633664+00:00
[2023-11-22T15:41:44.734+0500] {processor.py:179} INFO - Processing /usr/local/lib/python3.10/dist-packages/airflow/example_dags/example_short_circuit_decorator.py took 0.415 seconds
[2023-11-22T15:42:16.044+0500] {processor.py:157} INFO - Started process (PID=14099) to work on /usr/local/lib/python3.10/dist-packages/airflow/example_dags/example_short_circuit_decorator.py
[2023-11-22T15:42:16.047+0500] {processor.py:829} INFO - Processing file /usr/local/lib/python3.10/dist-packages/airflow/example_dags/example_short_circuit_decorator.py for tasks to queue
[2023-11-22T15:42:16.052+0500] {logging_mixin.py:154} INFO - [2023-11-22T15:42:16.051+0500] {dagbag.py:536} INFO - Filling up the DagBag from /usr/local/lib/python3.10/dist-packages/airflow/example_dags/example_short_circuit_decorator.py
[2023-11-22T15:42:16.093+0500] {processor.py:839} INFO - DAG(s) dict_keys(['example_short_circuit_decorator']) retrieved from /usr/local/lib/python3.10/dist-packages/airflow/example_dags/example_short_circuit_decorator.py
[2023-11-22T15:42:16.258+0500] {logging_mixin.py:154} INFO - [2023-11-22T15:42:16.257+0500] {dag.py:2941} INFO - Sync 1 DAGs
[2023-11-22T15:42:16.390+0500] {logging_mixin.py:154} INFO - [2023-11-22T15:42:16.386+0500] {dag.py:3722} INFO - Setting next_dagrun for example_short_circuit_decorator to 2023-11-21T10:42:16.385409+00:00, run_after=2023-11-22T10:42:16.385409+00:00
[2023-11-22T15:42:16.486+0500] {processor.py:179} INFO - Processing /usr/local/lib/python3.10/dist-packages/airflow/example_dags/example_short_circuit_decorator.py took 0.458 seconds
[2023-11-22T15:42:47.029+0500] {processor.py:157} INFO - Started process (PID=14239) to work on /usr/local/lib/python3.10/dist-packages/airflow/example_dags/example_short_circuit_decorator.py
[2023-11-22T15:42:47.032+0500] {processor.py:829} INFO - Processing file /usr/local/lib/python3.10/dist-packages/airflow/example_dags/example_short_circuit_decorator.py for tasks to queue
[2023-11-22T15:42:47.040+0500] {logging_mixin.py:154} INFO - [2023-11-22T15:42:47.033+0500] {dagbag.py:536} INFO - Filling up the DagBag from /usr/local/lib/python3.10/dist-packages/airflow/example_dags/example_short_circuit_decorator.py
[2023-11-22T15:42:47.107+0500] {processor.py:839} INFO - DAG(s) dict_keys(['example_short_circuit_decorator']) retrieved from /usr/local/lib/python3.10/dist-packages/airflow/example_dags/example_short_circuit_decorator.py
[2023-11-22T15:42:47.415+0500] {logging_mixin.py:154} INFO - [2023-11-22T15:42:47.409+0500] {dag.py:2941} INFO - Sync 1 DAGs
[2023-11-22T15:42:47.619+0500] {logging_mixin.py:154} INFO - [2023-11-22T15:42:47.619+0500] {dag.py:3722} INFO - Setting next_dagrun for example_short_circuit_decorator to 2023-11-21T10:42:47.618120+00:00, run_after=2023-11-22T10:42:47.618120+00:00
[2023-11-22T15:42:47.767+0500] {processor.py:179} INFO - Processing /usr/local/lib/python3.10/dist-packages/airflow/example_dags/example_short_circuit_decorator.py took 0.758 seconds
[2023-11-22T15:43:18.230+0500] {processor.py:157} INFO - Started process (PID=14357) to work on /usr/local/lib/python3.10/dist-packages/airflow/example_dags/example_short_circuit_decorator.py
[2023-11-22T15:43:18.238+0500] {processor.py:829} INFO - Processing file /usr/local/lib/python3.10/dist-packages/airflow/example_dags/example_short_circuit_decorator.py for tasks to queue
[2023-11-22T15:43:18.242+0500] {logging_mixin.py:154} INFO - [2023-11-22T15:43:18.241+0500] {dagbag.py:536} INFO - Filling up the DagBag from /usr/local/lib/python3.10/dist-packages/airflow/example_dags/example_short_circuit_decorator.py
[2023-11-22T15:43:18.293+0500] {processor.py:839} INFO - DAG(s) dict_keys(['example_short_circuit_decorator']) retrieved from /usr/local/lib/python3.10/dist-packages/airflow/example_dags/example_short_circuit_decorator.py
[2023-11-22T15:43:18.408+0500] {logging_mixin.py:154} INFO - [2023-11-22T15:43:18.408+0500] {dag.py:2941} INFO - Sync 1 DAGs
[2023-11-22T15:43:18.506+0500] {logging_mixin.py:154} INFO - [2023-11-22T15:43:18.506+0500] {dag.py:3722} INFO - Setting next_dagrun for example_short_circuit_decorator to 2023-11-21T10:43:18.505041+00:00, run_after=2023-11-22T10:43:18.505041+00:00
[2023-11-22T15:43:18.593+0500] {processor.py:179} INFO - Processing /usr/local/lib/python3.10/dist-packages/airflow/example_dags/example_short_circuit_decorator.py took 0.377 seconds
[2023-11-22T15:43:48.912+0500] {processor.py:157} INFO - Started process (PID=14504) to work on /usr/local/lib/python3.10/dist-packages/airflow/example_dags/example_short_circuit_decorator.py
[2023-11-22T15:43:48.914+0500] {processor.py:829} INFO - Processing file /usr/local/lib/python3.10/dist-packages/airflow/example_dags/example_short_circuit_decorator.py for tasks to queue
[2023-11-22T15:43:48.917+0500] {logging_mixin.py:154} INFO - [2023-11-22T15:43:48.916+0500] {dagbag.py:536} INFO - Filling up the DagBag from /usr/local/lib/python3.10/dist-packages/airflow/example_dags/example_short_circuit_decorator.py
[2023-11-22T15:43:48.956+0500] {processor.py:839} INFO - DAG(s) dict_keys(['example_short_circuit_decorator']) retrieved from /usr/local/lib/python3.10/dist-packages/airflow/example_dags/example_short_circuit_decorator.py
[2023-11-22T15:43:49.077+0500] {logging_mixin.py:154} INFO - [2023-11-22T15:43:49.076+0500] {dag.py:2941} INFO - Sync 1 DAGs
[2023-11-22T15:43:49.174+0500] {logging_mixin.py:154} INFO - [2023-11-22T15:43:49.173+0500] {dag.py:3722} INFO - Setting next_dagrun for example_short_circuit_decorator to 2023-11-21T10:43:49.172490+00:00, run_after=2023-11-22T10:43:49.172490+00:00
[2023-11-22T15:43:49.260+0500] {processor.py:179} INFO - Processing /usr/local/lib/python3.10/dist-packages/airflow/example_dags/example_short_circuit_decorator.py took 0.359 seconds
[2023-11-22T15:44:19.644+0500] {processor.py:157} INFO - Started process (PID=14654) to work on /usr/local/lib/python3.10/dist-packages/airflow/example_dags/example_short_circuit_decorator.py
[2023-11-22T15:44:19.649+0500] {processor.py:829} INFO - Processing file /usr/local/lib/python3.10/dist-packages/airflow/example_dags/example_short_circuit_decorator.py for tasks to queue
[2023-11-22T15:44:19.652+0500] {logging_mixin.py:154} INFO - [2023-11-22T15:44:19.651+0500] {dagbag.py:536} INFO - Filling up the DagBag from /usr/local/lib/python3.10/dist-packages/airflow/example_dags/example_short_circuit_decorator.py
[2023-11-22T15:44:19.691+0500] {processor.py:839} INFO - DAG(s) dict_keys(['example_short_circuit_decorator']) retrieved from /usr/local/lib/python3.10/dist-packages/airflow/example_dags/example_short_circuit_decorator.py
[2023-11-22T15:44:19.819+0500] {logging_mixin.py:154} INFO - [2023-11-22T15:44:19.818+0500] {dag.py:2941} INFO - Sync 1 DAGs
[2023-11-22T15:44:19.941+0500] {logging_mixin.py:154} INFO - [2023-11-22T15:44:19.940+0500] {dag.py:3722} INFO - Setting next_dagrun for example_short_circuit_decorator to 2023-11-21T10:44:19.939249+00:00, run_after=2023-11-22T10:44:19.939249+00:00
[2023-11-22T15:44:20.028+0500] {processor.py:179} INFO - Processing /usr/local/lib/python3.10/dist-packages/airflow/example_dags/example_short_circuit_decorator.py took 0.396 seconds
[2023-11-22T15:44:50.312+0500] {processor.py:157} INFO - Started process (PID=14811) to work on /usr/local/lib/python3.10/dist-packages/airflow/example_dags/example_short_circuit_decorator.py
[2023-11-22T15:44:50.314+0500] {processor.py:829} INFO - Processing file /usr/local/lib/python3.10/dist-packages/airflow/example_dags/example_short_circuit_decorator.py for tasks to queue
[2023-11-22T15:44:50.317+0500] {logging_mixin.py:154} INFO - [2023-11-22T15:44:50.316+0500] {dagbag.py:536} INFO - Filling up the DagBag from /usr/local/lib/python3.10/dist-packages/airflow/example_dags/example_short_circuit_decorator.py
[2023-11-22T15:44:50.358+0500] {processor.py:839} INFO - DAG(s) dict_keys(['example_short_circuit_decorator']) retrieved from /usr/local/lib/python3.10/dist-packages/airflow/example_dags/example_short_circuit_decorator.py
[2023-11-22T15:44:50.473+0500] {logging_mixin.py:154} INFO - [2023-11-22T15:44:50.473+0500] {dag.py:2941} INFO - Sync 1 DAGs
[2023-11-22T15:44:50.568+0500] {logging_mixin.py:154} INFO - [2023-11-22T15:44:50.567+0500] {dag.py:3722} INFO - Setting next_dagrun for example_short_circuit_decorator to 2023-11-21T10:44:50.566906+00:00, run_after=2023-11-22T10:44:50.566906+00:00
[2023-11-22T15:44:50.662+0500] {processor.py:179} INFO - Processing /usr/local/lib/python3.10/dist-packages/airflow/example_dags/example_short_circuit_decorator.py took 0.362 seconds
[2023-11-22T15:45:21.098+0500] {processor.py:157} INFO - Started process (PID=14955) to work on /usr/local/lib/python3.10/dist-packages/airflow/example_dags/example_short_circuit_decorator.py
[2023-11-22T15:45:21.102+0500] {processor.py:829} INFO - Processing file /usr/local/lib/python3.10/dist-packages/airflow/example_dags/example_short_circuit_decorator.py for tasks to queue
[2023-11-22T15:45:21.106+0500] {logging_mixin.py:154} INFO - [2023-11-22T15:45:21.104+0500] {dagbag.py:536} INFO - Filling up the DagBag from /usr/local/lib/python3.10/dist-packages/airflow/example_dags/example_short_circuit_decorator.py
[2023-11-22T15:45:21.150+0500] {processor.py:839} INFO - DAG(s) dict_keys(['example_short_circuit_decorator']) retrieved from /usr/local/lib/python3.10/dist-packages/airflow/example_dags/example_short_circuit_decorator.py
[2023-11-22T15:45:21.272+0500] {logging_mixin.py:154} INFO - [2023-11-22T15:45:21.271+0500] {dag.py:2941} INFO - Sync 1 DAGs
[2023-11-22T15:45:21.372+0500] {logging_mixin.py:154} INFO - [2023-11-22T15:45:21.371+0500] {dag.py:3722} INFO - Setting next_dagrun for example_short_circuit_decorator to 2023-11-21T10:45:21.370360+00:00, run_after=2023-11-22T10:45:21.370360+00:00
[2023-11-22T15:45:21.482+0500] {processor.py:179} INFO - Processing /usr/local/lib/python3.10/dist-packages/airflow/example_dags/example_short_circuit_decorator.py took 0.397 seconds
[2023-11-22T15:45:51.833+0500] {processor.py:157} INFO - Started process (PID=15103) to work on /usr/local/lib/python3.10/dist-packages/airflow/example_dags/example_short_circuit_decorator.py
[2023-11-22T15:45:51.835+0500] {processor.py:829} INFO - Processing file /usr/local/lib/python3.10/dist-packages/airflow/example_dags/example_short_circuit_decorator.py for tasks to queue
[2023-11-22T15:45:51.838+0500] {logging_mixin.py:154} INFO - [2023-11-22T15:45:51.837+0500] {dagbag.py:536} INFO - Filling up the DagBag from /usr/local/lib/python3.10/dist-packages/airflow/example_dags/example_short_circuit_decorator.py
[2023-11-22T15:45:51.877+0500] {processor.py:839} INFO - DAG(s) dict_keys(['example_short_circuit_decorator']) retrieved from /usr/local/lib/python3.10/dist-packages/airflow/example_dags/example_short_circuit_decorator.py
[2023-11-22T15:45:52.025+0500] {logging_mixin.py:154} INFO - [2023-11-22T15:45:52.024+0500] {dag.py:2941} INFO - Sync 1 DAGs
[2023-11-22T15:45:52.149+0500] {logging_mixin.py:154} INFO - [2023-11-22T15:45:52.149+0500] {dag.py:3722} INFO - Setting next_dagrun for example_short_circuit_decorator to 2023-11-21T10:45:52.148075+00:00, run_after=2023-11-22T10:45:52.148075+00:00
[2023-11-22T15:45:52.249+0500] {processor.py:179} INFO - Processing /usr/local/lib/python3.10/dist-packages/airflow/example_dags/example_short_circuit_decorator.py took 0.428 seconds
[2023-11-22T15:46:22.428+0500] {processor.py:157} INFO - Started process (PID=15219) to work on /usr/local/lib/python3.10/dist-packages/airflow/example_dags/example_short_circuit_decorator.py
[2023-11-22T15:46:22.431+0500] {processor.py:829} INFO - Processing file /usr/local/lib/python3.10/dist-packages/airflow/example_dags/example_short_circuit_decorator.py for tasks to queue
[2023-11-22T15:46:22.433+0500] {logging_mixin.py:154} INFO - [2023-11-22T15:46:22.432+0500] {dagbag.py:536} INFO - Filling up the DagBag from /usr/local/lib/python3.10/dist-packages/airflow/example_dags/example_short_circuit_decorator.py
[2023-11-22T15:46:22.477+0500] {processor.py:839} INFO - DAG(s) dict_keys(['example_short_circuit_decorator']) retrieved from /usr/local/lib/python3.10/dist-packages/airflow/example_dags/example_short_circuit_decorator.py
[2023-11-22T15:46:22.601+0500] {logging_mixin.py:154} INFO - [2023-11-22T15:46:22.600+0500] {dag.py:2941} INFO - Sync 1 DAGs
[2023-11-22T15:46:22.701+0500] {logging_mixin.py:154} INFO - [2023-11-22T15:46:22.700+0500] {dag.py:3722} INFO - Setting next_dagrun for example_short_circuit_decorator to 2023-11-21T10:46:22.699588+00:00, run_after=2023-11-22T10:46:22.699588+00:00
[2023-11-22T15:46:22.797+0500] {processor.py:179} INFO - Processing /usr/local/lib/python3.10/dist-packages/airflow/example_dags/example_short_circuit_decorator.py took 0.381 seconds
[2023-11-22T15:46:52.987+0500] {processor.py:157} INFO - Started process (PID=15381) to work on /usr/local/lib/python3.10/dist-packages/airflow/example_dags/example_short_circuit_decorator.py
[2023-11-22T15:46:52.991+0500] {processor.py:829} INFO - Processing file /usr/local/lib/python3.10/dist-packages/airflow/example_dags/example_short_circuit_decorator.py for tasks to queue
[2023-11-22T15:46:52.998+0500] {logging_mixin.py:154} INFO - [2023-11-22T15:46:52.993+0500] {dagbag.py:536} INFO - Filling up the DagBag from /usr/local/lib/python3.10/dist-packages/airflow/example_dags/example_short_circuit_decorator.py
[2023-11-22T15:46:53.078+0500] {processor.py:839} INFO - DAG(s) dict_keys(['example_short_circuit_decorator']) retrieved from /usr/local/lib/python3.10/dist-packages/airflow/example_dags/example_short_circuit_decorator.py
[2023-11-22T15:46:53.311+0500] {logging_mixin.py:154} INFO - [2023-11-22T15:46:53.310+0500] {dag.py:2941} INFO - Sync 1 DAGs
[2023-11-22T15:46:53.434+0500] {logging_mixin.py:154} INFO - [2023-11-22T15:46:53.433+0500] {dag.py:3722} INFO - Setting next_dagrun for example_short_circuit_decorator to 2023-11-21T10:46:53.432618+00:00, run_after=2023-11-22T10:46:53.432618+00:00
[2023-11-22T15:46:53.593+0500] {processor.py:179} INFO - Processing /usr/local/lib/python3.10/dist-packages/airflow/example_dags/example_short_circuit_decorator.py took 0.643 seconds
[2023-11-22T15:47:23.970+0500] {processor.py:157} INFO - Started process (PID=15544) to work on /usr/local/lib/python3.10/dist-packages/airflow/example_dags/example_short_circuit_decorator.py
[2023-11-22T15:47:23.974+0500] {processor.py:829} INFO - Processing file /usr/local/lib/python3.10/dist-packages/airflow/example_dags/example_short_circuit_decorator.py for tasks to queue
[2023-11-22T15:47:23.981+0500] {logging_mixin.py:154} INFO - [2023-11-22T15:47:23.979+0500] {dagbag.py:536} INFO - Filling up the DagBag from /usr/local/lib/python3.10/dist-packages/airflow/example_dags/example_short_circuit_decorator.py
[2023-11-22T15:47:24.033+0500] {processor.py:839} INFO - DAG(s) dict_keys(['example_short_circuit_decorator']) retrieved from /usr/local/lib/python3.10/dist-packages/airflow/example_dags/example_short_circuit_decorator.py
[2023-11-22T15:47:24.205+0500] {logging_mixin.py:154} INFO - [2023-11-22T15:47:24.202+0500] {dag.py:2941} INFO - Sync 1 DAGs
[2023-11-22T15:47:24.321+0500] {logging_mixin.py:154} INFO - [2023-11-22T15:47:24.320+0500] {dag.py:3722} INFO - Setting next_dagrun for example_short_circuit_decorator to 2023-11-21T10:47:24.319850+00:00, run_after=2023-11-22T10:47:24.319850+00:00
[2023-11-22T15:47:24.423+0500] {processor.py:179} INFO - Processing /usr/local/lib/python3.10/dist-packages/airflow/example_dags/example_short_circuit_decorator.py took 0.481 seconds
[2023-11-22T15:47:54.631+0500] {processor.py:157} INFO - Started process (PID=15702) to work on /usr/local/lib/python3.10/dist-packages/airflow/example_dags/example_short_circuit_decorator.py
[2023-11-22T15:47:54.633+0500] {processor.py:829} INFO - Processing file /usr/local/lib/python3.10/dist-packages/airflow/example_dags/example_short_circuit_decorator.py for tasks to queue
[2023-11-22T15:47:54.636+0500] {logging_mixin.py:154} INFO - [2023-11-22T15:47:54.635+0500] {dagbag.py:536} INFO - Filling up the DagBag from /usr/local/lib/python3.10/dist-packages/airflow/example_dags/example_short_circuit_decorator.py
[2023-11-22T15:47:54.670+0500] {processor.py:839} INFO - DAG(s) dict_keys(['example_short_circuit_decorator']) retrieved from /usr/local/lib/python3.10/dist-packages/airflow/example_dags/example_short_circuit_decorator.py
[2023-11-22T15:47:54.775+0500] {logging_mixin.py:154} INFO - [2023-11-22T15:47:54.774+0500] {dag.py:2941} INFO - Sync 1 DAGs
[2023-11-22T15:47:54.868+0500] {logging_mixin.py:154} INFO - [2023-11-22T15:47:54.868+0500] {dag.py:3722} INFO - Setting next_dagrun for example_short_circuit_decorator to 2023-11-21T10:47:54.867335+00:00, run_after=2023-11-22T10:47:54.867335+00:00
[2023-11-22T15:47:54.939+0500] {processor.py:179} INFO - Processing /usr/local/lib/python3.10/dist-packages/airflow/example_dags/example_short_circuit_decorator.py took 0.318 seconds
[2023-11-22T15:48:25.470+0500] {processor.py:157} INFO - Started process (PID=15833) to work on /usr/local/lib/python3.10/dist-packages/airflow/example_dags/example_short_circuit_decorator.py
[2023-11-22T15:48:25.473+0500] {processor.py:829} INFO - Processing file /usr/local/lib/python3.10/dist-packages/airflow/example_dags/example_short_circuit_decorator.py for tasks to queue
[2023-11-22T15:48:25.476+0500] {logging_mixin.py:154} INFO - [2023-11-22T15:48:25.475+0500] {dagbag.py:536} INFO - Filling up the DagBag from /usr/local/lib/python3.10/dist-packages/airflow/example_dags/example_short_circuit_decorator.py
[2023-11-22T15:48:25.538+0500] {processor.py:839} INFO - DAG(s) dict_keys(['example_short_circuit_decorator']) retrieved from /usr/local/lib/python3.10/dist-packages/airflow/example_dags/example_short_circuit_decorator.py
[2023-11-22T15:48:25.832+0500] {logging_mixin.py:154} INFO - [2023-11-22T15:48:25.831+0500] {dag.py:2941} INFO - Sync 1 DAGs
[2023-11-22T15:48:25.954+0500] {logging_mixin.py:154} INFO - [2023-11-22T15:48:25.953+0500] {dag.py:3722} INFO - Setting next_dagrun for example_short_circuit_decorator to 2023-11-21T10:48:25.952669+00:00, run_after=2023-11-22T10:48:25.952669+00:00
[2023-11-22T15:48:26.032+0500] {processor.py:179} INFO - Processing /usr/local/lib/python3.10/dist-packages/airflow/example_dags/example_short_circuit_decorator.py took 0.594 seconds
[2023-11-22T15:48:56.503+0500] {processor.py:157} INFO - Started process (PID=15973) to work on /usr/local/lib/python3.10/dist-packages/airflow/example_dags/example_short_circuit_decorator.py
[2023-11-22T15:48:56.510+0500] {processor.py:829} INFO - Processing file /usr/local/lib/python3.10/dist-packages/airflow/example_dags/example_short_circuit_decorator.py for tasks to queue
[2023-11-22T15:48:56.515+0500] {logging_mixin.py:154} INFO - [2023-11-22T15:48:56.513+0500] {dagbag.py:536} INFO - Filling up the DagBag from /usr/local/lib/python3.10/dist-packages/airflow/example_dags/example_short_circuit_decorator.py
[2023-11-22T15:48:56.618+0500] {processor.py:839} INFO - DAG(s) dict_keys(['example_short_circuit_decorator']) retrieved from /usr/local/lib/python3.10/dist-packages/airflow/example_dags/example_short_circuit_decorator.py
[2023-11-22T15:48:56.750+0500] {logging_mixin.py:154} INFO - [2023-11-22T15:48:56.749+0500] {dag.py:2941} INFO - Sync 1 DAGs
[2023-11-22T15:48:56.855+0500] {logging_mixin.py:154} INFO - [2023-11-22T15:48:56.854+0500] {dag.py:3722} INFO - Setting next_dagrun for example_short_circuit_decorator to 2023-11-21T10:48:56.853301+00:00, run_after=2023-11-22T10:48:56.853301+00:00
[2023-11-22T15:48:56.942+0500] {processor.py:179} INFO - Processing /usr/local/lib/python3.10/dist-packages/airflow/example_dags/example_short_circuit_decorator.py took 0.457 seconds
[2023-11-22T15:49:29.832+0500] {processor.py:157} INFO - Started process (PID=16099) to work on /usr/local/lib/python3.10/dist-packages/airflow/example_dags/example_short_circuit_decorator.py
[2023-11-22T15:49:29.835+0500] {processor.py:829} INFO - Processing file /usr/local/lib/python3.10/dist-packages/airflow/example_dags/example_short_circuit_decorator.py for tasks to queue
[2023-11-22T15:49:29.838+0500] {logging_mixin.py:154} INFO - [2023-11-22T15:49:29.837+0500] {dagbag.py:536} INFO - Filling up the DagBag from /usr/local/lib/python3.10/dist-packages/airflow/example_dags/example_short_circuit_decorator.py
[2023-11-22T15:49:29.876+0500] {processor.py:839} INFO - DAG(s) dict_keys(['example_short_circuit_decorator']) retrieved from /usr/local/lib/python3.10/dist-packages/airflow/example_dags/example_short_circuit_decorator.py
[2023-11-22T15:49:30.016+0500] {logging_mixin.py:154} INFO - [2023-11-22T15:49:30.015+0500] {dag.py:2941} INFO - Sync 1 DAGs
[2023-11-22T15:49:30.124+0500] {logging_mixin.py:154} INFO - [2023-11-22T15:49:30.124+0500] {dag.py:3722} INFO - Setting next_dagrun for example_short_circuit_decorator to 2023-11-21T10:49:30.123267+00:00, run_after=2023-11-22T10:49:30.123267+00:00
[2023-11-22T15:49:30.212+0500] {processor.py:179} INFO - Processing /usr/local/lib/python3.10/dist-packages/airflow/example_dags/example_short_circuit_decorator.py took 0.391 seconds
[2023-11-22T15:50:02.240+0500] {processor.py:157} INFO - Started process (PID=16233) to work on /usr/local/lib/python3.10/dist-packages/airflow/example_dags/example_short_circuit_decorator.py
[2023-11-22T15:50:02.247+0500] {processor.py:829} INFO - Processing file /usr/local/lib/python3.10/dist-packages/airflow/example_dags/example_short_circuit_decorator.py for tasks to queue
[2023-11-22T15:50:02.250+0500] {logging_mixin.py:154} INFO - [2023-11-22T15:50:02.249+0500] {dagbag.py:536} INFO - Filling up the DagBag from /usr/local/lib/python3.10/dist-packages/airflow/example_dags/example_short_circuit_decorator.py
[2023-11-22T15:50:02.360+0500] {processor.py:839} INFO - DAG(s) dict_keys(['example_short_circuit_decorator']) retrieved from /usr/local/lib/python3.10/dist-packages/airflow/example_dags/example_short_circuit_decorator.py
[2023-11-22T15:50:02.567+0500] {logging_mixin.py:154} INFO - [2023-11-22T15:50:02.566+0500] {dag.py:2941} INFO - Sync 1 DAGs
[2023-11-22T15:50:02.728+0500] {logging_mixin.py:154} INFO - [2023-11-22T15:50:02.728+0500] {dag.py:3722} INFO - Setting next_dagrun for example_short_circuit_decorator to 2023-11-21T10:50:02.726951+00:00, run_after=2023-11-22T10:50:02.726951+00:00
[2023-11-22T15:50:02.853+0500] {processor.py:179} INFO - Processing /usr/local/lib/python3.10/dist-packages/airflow/example_dags/example_short_circuit_decorator.py took 0.630 seconds
[2023-11-22T15:50:34.403+0500] {processor.py:157} INFO - Started process (PID=16382) to work on /usr/local/lib/python3.10/dist-packages/airflow/example_dags/example_short_circuit_decorator.py
[2023-11-22T15:50:34.406+0500] {processor.py:829} INFO - Processing file /usr/local/lib/python3.10/dist-packages/airflow/example_dags/example_short_circuit_decorator.py for tasks to queue
[2023-11-22T15:50:34.409+0500] {logging_mixin.py:154} INFO - [2023-11-22T15:50:34.408+0500] {dagbag.py:536} INFO - Filling up the DagBag from /usr/local/lib/python3.10/dist-packages/airflow/example_dags/example_short_circuit_decorator.py
[2023-11-22T15:50:34.458+0500] {processor.py:839} INFO - DAG(s) dict_keys(['example_short_circuit_decorator']) retrieved from /usr/local/lib/python3.10/dist-packages/airflow/example_dags/example_short_circuit_decorator.py
[2023-11-22T15:50:34.598+0500] {logging_mixin.py:154} INFO - [2023-11-22T15:50:34.595+0500] {dag.py:2941} INFO - Sync 1 DAGs
[2023-11-22T15:50:34.729+0500] {logging_mixin.py:154} INFO - [2023-11-22T15:50:34.727+0500] {dag.py:3722} INFO - Setting next_dagrun for example_short_circuit_decorator to 2023-11-21T10:50:34.725672+00:00, run_after=2023-11-22T10:50:34.725672+00:00
[2023-11-22T15:50:34.817+0500] {processor.py:179} INFO - Processing /usr/local/lib/python3.10/dist-packages/airflow/example_dags/example_short_circuit_decorator.py took 0.428 seconds
[2023-11-22T15:51:09.685+0500] {processor.py:157} INFO - Started process (PID=16505) to work on /usr/local/lib/python3.10/dist-packages/airflow/example_dags/example_short_circuit_decorator.py
[2023-11-22T15:51:09.695+0500] {processor.py:829} INFO - Processing file /usr/local/lib/python3.10/dist-packages/airflow/example_dags/example_short_circuit_decorator.py for tasks to queue
[2023-11-22T15:51:09.700+0500] {logging_mixin.py:154} INFO - [2023-11-22T15:51:09.699+0500] {dagbag.py:536} INFO - Filling up the DagBag from /usr/local/lib/python3.10/dist-packages/airflow/example_dags/example_short_circuit_decorator.py
[2023-11-22T15:51:09.756+0500] {processor.py:839} INFO - DAG(s) dict_keys(['example_short_circuit_decorator']) retrieved from /usr/local/lib/python3.10/dist-packages/airflow/example_dags/example_short_circuit_decorator.py
[2023-11-22T15:51:10.071+0500] {logging_mixin.py:154} INFO - [2023-11-22T15:51:10.069+0500] {dag.py:2941} INFO - Sync 1 DAGs
[2023-11-22T15:51:10.368+0500] {logging_mixin.py:154} INFO - [2023-11-22T15:51:10.367+0500] {dag.py:3722} INFO - Setting next_dagrun for example_short_circuit_decorator to 2023-11-21T10:51:10.366706+00:00, run_after=2023-11-22T10:51:10.366706+00:00
[2023-11-22T15:51:10.561+0500] {processor.py:179} INFO - Processing /usr/local/lib/python3.10/dist-packages/airflow/example_dags/example_short_circuit_decorator.py took 0.908 seconds
[2023-11-22T15:51:40.825+0500] {processor.py:157} INFO - Started process (PID=16652) to work on /usr/local/lib/python3.10/dist-packages/airflow/example_dags/example_short_circuit_decorator.py
[2023-11-22T15:51:40.828+0500] {processor.py:829} INFO - Processing file /usr/local/lib/python3.10/dist-packages/airflow/example_dags/example_short_circuit_decorator.py for tasks to queue
[2023-11-22T15:51:40.831+0500] {logging_mixin.py:154} INFO - [2023-11-22T15:51:40.830+0500] {dagbag.py:536} INFO - Filling up the DagBag from /usr/local/lib/python3.10/dist-packages/airflow/example_dags/example_short_circuit_decorator.py
[2023-11-22T15:51:40.887+0500] {processor.py:839} INFO - DAG(s) dict_keys(['example_short_circuit_decorator']) retrieved from /usr/local/lib/python3.10/dist-packages/airflow/example_dags/example_short_circuit_decorator.py
[2023-11-22T15:51:41.014+0500] {logging_mixin.py:154} INFO - [2023-11-22T15:51:41.013+0500] {dag.py:2941} INFO - Sync 1 DAGs
[2023-11-22T15:51:41.117+0500] {logging_mixin.py:154} INFO - [2023-11-22T15:51:41.116+0500] {dag.py:3722} INFO - Setting next_dagrun for example_short_circuit_decorator to 2023-11-21T10:51:41.115727+00:00, run_after=2023-11-22T10:51:41.115727+00:00
[2023-11-22T15:51:41.195+0500] {processor.py:179} INFO - Processing /usr/local/lib/python3.10/dist-packages/airflow/example_dags/example_short_circuit_decorator.py took 0.388 seconds
[2023-11-22T15:52:12.989+0500] {processor.py:157} INFO - Started process (PID=16796) to work on /usr/local/lib/python3.10/dist-packages/airflow/example_dags/example_short_circuit_decorator.py
[2023-11-22T15:52:12.992+0500] {processor.py:829} INFO - Processing file /usr/local/lib/python3.10/dist-packages/airflow/example_dags/example_short_circuit_decorator.py for tasks to queue
[2023-11-22T15:52:12.995+0500] {logging_mixin.py:154} INFO - [2023-11-22T15:52:12.994+0500] {dagbag.py:536} INFO - Filling up the DagBag from /usr/local/lib/python3.10/dist-packages/airflow/example_dags/example_short_circuit_decorator.py
[2023-11-22T15:52:13.044+0500] {processor.py:839} INFO - DAG(s) dict_keys(['example_short_circuit_decorator']) retrieved from /usr/local/lib/python3.10/dist-packages/airflow/example_dags/example_short_circuit_decorator.py
[2023-11-22T15:52:13.188+0500] {logging_mixin.py:154} INFO - [2023-11-22T15:52:13.187+0500] {dag.py:2941} INFO - Sync 1 DAGs
[2023-11-22T15:52:13.367+0500] {logging_mixin.py:154} INFO - [2023-11-22T15:52:13.366+0500] {dag.py:3722} INFO - Setting next_dagrun for example_short_circuit_decorator to 2023-11-21T10:52:13.365909+00:00, run_after=2023-11-22T10:52:13.365909+00:00
[2023-11-22T15:52:13.571+0500] {processor.py:179} INFO - Processing /usr/local/lib/python3.10/dist-packages/airflow/example_dags/example_short_circuit_decorator.py took 0.596 seconds
[2023-11-22T15:52:44.816+0500] {processor.py:157} INFO - Started process (PID=16940) to work on /usr/local/lib/python3.10/dist-packages/airflow/example_dags/example_short_circuit_decorator.py
[2023-11-22T15:52:44.821+0500] {processor.py:829} INFO - Processing file /usr/local/lib/python3.10/dist-packages/airflow/example_dags/example_short_circuit_decorator.py for tasks to queue
[2023-11-22T15:52:44.826+0500] {logging_mixin.py:154} INFO - [2023-11-22T15:52:44.823+0500] {dagbag.py:536} INFO - Filling up the DagBag from /usr/local/lib/python3.10/dist-packages/airflow/example_dags/example_short_circuit_decorator.py
[2023-11-22T15:52:44.886+0500] {processor.py:839} INFO - DAG(s) dict_keys(['example_short_circuit_decorator']) retrieved from /usr/local/lib/python3.10/dist-packages/airflow/example_dags/example_short_circuit_decorator.py
[2023-11-22T15:52:45.036+0500] {logging_mixin.py:154} INFO - [2023-11-22T15:52:45.035+0500] {dag.py:2941} INFO - Sync 1 DAGs
[2023-11-22T15:52:45.181+0500] {logging_mixin.py:154} INFO - [2023-11-22T15:52:45.180+0500] {dag.py:3722} INFO - Setting next_dagrun for example_short_circuit_decorator to 2023-11-21T10:52:45.177196+00:00, run_after=2023-11-22T10:52:45.177196+00:00
[2023-11-22T15:52:45.276+0500] {processor.py:179} INFO - Processing /usr/local/lib/python3.10/dist-packages/airflow/example_dags/example_short_circuit_decorator.py took 0.489 seconds
[2023-11-22T15:53:15.716+0500] {processor.py:157} INFO - Started process (PID=17098) to work on /usr/local/lib/python3.10/dist-packages/airflow/example_dags/example_short_circuit_decorator.py
[2023-11-22T15:53:15.718+0500] {processor.py:829} INFO - Processing file /usr/local/lib/python3.10/dist-packages/airflow/example_dags/example_short_circuit_decorator.py for tasks to queue
[2023-11-22T15:53:15.721+0500] {logging_mixin.py:154} INFO - [2023-11-22T15:53:15.720+0500] {dagbag.py:536} INFO - Filling up the DagBag from /usr/local/lib/python3.10/dist-packages/airflow/example_dags/example_short_circuit_decorator.py
[2023-11-22T15:53:15.820+0500] {processor.py:839} INFO - DAG(s) dict_keys(['example_short_circuit_decorator']) retrieved from /usr/local/lib/python3.10/dist-packages/airflow/example_dags/example_short_circuit_decorator.py
[2023-11-22T15:53:15.970+0500] {logging_mixin.py:154} INFO - [2023-11-22T15:53:15.969+0500] {dag.py:2941} INFO - Sync 1 DAGs
[2023-11-22T15:53:16.108+0500] {logging_mixin.py:154} INFO - [2023-11-22T15:53:16.107+0500] {dag.py:3722} INFO - Setting next_dagrun for example_short_circuit_decorator to 2023-11-21T10:53:16.106638+00:00, run_after=2023-11-22T10:53:16.106638+00:00
[2023-11-22T15:53:16.192+0500] {processor.py:179} INFO - Processing /usr/local/lib/python3.10/dist-packages/airflow/example_dags/example_short_circuit_decorator.py took 0.488 seconds
[2023-11-22T15:53:46.832+0500] {processor.py:157} INFO - Started process (PID=17287) to work on /usr/local/lib/python3.10/dist-packages/airflow/example_dags/example_short_circuit_decorator.py
[2023-11-22T15:53:46.835+0500] {processor.py:829} INFO - Processing file /usr/local/lib/python3.10/dist-packages/airflow/example_dags/example_short_circuit_decorator.py for tasks to queue
[2023-11-22T15:53:46.841+0500] {logging_mixin.py:154} INFO - [2023-11-22T15:53:46.839+0500] {dagbag.py:536} INFO - Filling up the DagBag from /usr/local/lib/python3.10/dist-packages/airflow/example_dags/example_short_circuit_decorator.py
[2023-11-22T15:53:46.983+0500] {processor.py:839} INFO - DAG(s) dict_keys(['example_short_circuit_decorator']) retrieved from /usr/local/lib/python3.10/dist-packages/airflow/example_dags/example_short_circuit_decorator.py
[2023-11-22T15:53:47.184+0500] {logging_mixin.py:154} INFO - [2023-11-22T15:53:47.183+0500] {dag.py:2941} INFO - Sync 1 DAGs
[2023-11-22T15:53:47.362+0500] {logging_mixin.py:154} INFO - [2023-11-22T15:53:47.361+0500] {dag.py:3722} INFO - Setting next_dagrun for example_short_circuit_decorator to 2023-11-21T10:53:47.360648+00:00, run_after=2023-11-22T10:53:47.360648+00:00
[2023-11-22T15:53:47.496+0500] {processor.py:179} INFO - Processing /usr/local/lib/python3.10/dist-packages/airflow/example_dags/example_short_circuit_decorator.py took 0.695 seconds
[2023-11-22T15:54:18.296+0500] {processor.py:157} INFO - Started process (PID=17499) to work on /usr/local/lib/python3.10/dist-packages/airflow/example_dags/example_short_circuit_decorator.py
[2023-11-22T15:54:18.300+0500] {processor.py:829} INFO - Processing file /usr/local/lib/python3.10/dist-packages/airflow/example_dags/example_short_circuit_decorator.py for tasks to queue
[2023-11-22T15:54:18.311+0500] {logging_mixin.py:154} INFO - [2023-11-22T15:54:18.310+0500] {dagbag.py:536} INFO - Filling up the DagBag from /usr/local/lib/python3.10/dist-packages/airflow/example_dags/example_short_circuit_decorator.py
[2023-11-22T15:54:18.448+0500] {processor.py:839} INFO - DAG(s) dict_keys(['example_short_circuit_decorator']) retrieved from /usr/local/lib/python3.10/dist-packages/airflow/example_dags/example_short_circuit_decorator.py
[2023-11-22T15:54:18.673+0500] {logging_mixin.py:154} INFO - [2023-11-22T15:54:18.672+0500] {dag.py:2941} INFO - Sync 1 DAGs
[2023-11-22T15:54:18.784+0500] {logging_mixin.py:154} INFO - [2023-11-22T15:54:18.783+0500] {dag.py:3722} INFO - Setting next_dagrun for example_short_circuit_decorator to 2023-11-21T10:54:18.782172+00:00, run_after=2023-11-22T10:54:18.782172+00:00
[2023-11-22T15:54:18.898+0500] {processor.py:179} INFO - Processing /usr/local/lib/python3.10/dist-packages/airflow/example_dags/example_short_circuit_decorator.py took 0.618 seconds
[2023-11-22T15:54:49.273+0500] {processor.py:157} INFO - Started process (PID=17661) to work on /usr/local/lib/python3.10/dist-packages/airflow/example_dags/example_short_circuit_decorator.py
[2023-11-22T15:54:49.276+0500] {processor.py:829} INFO - Processing file /usr/local/lib/python3.10/dist-packages/airflow/example_dags/example_short_circuit_decorator.py for tasks to queue
[2023-11-22T15:54:49.279+0500] {logging_mixin.py:154} INFO - [2023-11-22T15:54:49.278+0500] {dagbag.py:536} INFO - Filling up the DagBag from /usr/local/lib/python3.10/dist-packages/airflow/example_dags/example_short_circuit_decorator.py
[2023-11-22T15:54:49.319+0500] {processor.py:839} INFO - DAG(s) dict_keys(['example_short_circuit_decorator']) retrieved from /usr/local/lib/python3.10/dist-packages/airflow/example_dags/example_short_circuit_decorator.py
[2023-11-22T15:54:49.448+0500] {logging_mixin.py:154} INFO - [2023-11-22T15:54:49.447+0500] {dag.py:2941} INFO - Sync 1 DAGs
[2023-11-22T15:54:49.547+0500] {logging_mixin.py:154} INFO - [2023-11-22T15:54:49.545+0500] {dag.py:3722} INFO - Setting next_dagrun for example_short_circuit_decorator to 2023-11-21T10:54:49.545018+00:00, run_after=2023-11-22T10:54:49.545018+00:00
[2023-11-22T15:54:49.626+0500] {processor.py:179} INFO - Processing /usr/local/lib/python3.10/dist-packages/airflow/example_dags/example_short_circuit_decorator.py took 0.365 seconds
[2023-11-22T15:55:20.513+0500] {processor.py:157} INFO - Started process (PID=18062) to work on /usr/local/lib/python3.10/dist-packages/airflow/example_dags/example_short_circuit_decorator.py
[2023-11-22T15:55:20.516+0500] {processor.py:829} INFO - Processing file /usr/local/lib/python3.10/dist-packages/airflow/example_dags/example_short_circuit_decorator.py for tasks to queue
[2023-11-22T15:55:20.519+0500] {logging_mixin.py:154} INFO - [2023-11-22T15:55:20.518+0500] {dagbag.py:536} INFO - Filling up the DagBag from /usr/local/lib/python3.10/dist-packages/airflow/example_dags/example_short_circuit_decorator.py
[2023-11-22T15:55:20.563+0500] {processor.py:839} INFO - DAG(s) dict_keys(['example_short_circuit_decorator']) retrieved from /usr/local/lib/python3.10/dist-packages/airflow/example_dags/example_short_circuit_decorator.py
[2023-11-22T15:55:20.679+0500] {logging_mixin.py:154} INFO - [2023-11-22T15:55:20.678+0500] {dag.py:2941} INFO - Sync 1 DAGs
[2023-11-22T15:55:20.785+0500] {logging_mixin.py:154} INFO - [2023-11-22T15:55:20.784+0500] {dag.py:3722} INFO - Setting next_dagrun for example_short_circuit_decorator to 2023-11-21T10:55:20.783922+00:00, run_after=2023-11-22T10:55:20.783922+00:00
[2023-11-22T15:55:20.866+0500] {processor.py:179} INFO - Processing /usr/local/lib/python3.10/dist-packages/airflow/example_dags/example_short_circuit_decorator.py took 0.364 seconds
[2023-11-22T15:55:51.360+0500] {processor.py:157} INFO - Started process (PID=18226) to work on /usr/local/lib/python3.10/dist-packages/airflow/example_dags/example_short_circuit_decorator.py
[2023-11-22T15:55:51.363+0500] {processor.py:829} INFO - Processing file /usr/local/lib/python3.10/dist-packages/airflow/example_dags/example_short_circuit_decorator.py for tasks to queue
[2023-11-22T15:55:51.366+0500] {logging_mixin.py:154} INFO - [2023-11-22T15:55:51.365+0500] {dagbag.py:536} INFO - Filling up the DagBag from /usr/local/lib/python3.10/dist-packages/airflow/example_dags/example_short_circuit_decorator.py
[2023-11-22T15:55:51.407+0500] {processor.py:839} INFO - DAG(s) dict_keys(['example_short_circuit_decorator']) retrieved from /usr/local/lib/python3.10/dist-packages/airflow/example_dags/example_short_circuit_decorator.py
[2023-11-22T15:55:51.517+0500] {logging_mixin.py:154} INFO - [2023-11-22T15:55:51.516+0500] {dag.py:2941} INFO - Sync 1 DAGs
[2023-11-22T15:55:51.612+0500] {logging_mixin.py:154} INFO - [2023-11-22T15:55:51.611+0500] {dag.py:3722} INFO - Setting next_dagrun for example_short_circuit_decorator to 2023-11-21T10:55:51.610941+00:00, run_after=2023-11-22T10:55:51.610941+00:00
[2023-11-22T15:55:51.686+0500] {processor.py:179} INFO - Processing /usr/local/lib/python3.10/dist-packages/airflow/example_dags/example_short_circuit_decorator.py took 0.337 seconds
[2023-11-22T15:56:21.853+0500] {processor.py:157} INFO - Started process (PID=18330) to work on /usr/local/lib/python3.10/dist-packages/airflow/example_dags/example_short_circuit_decorator.py
[2023-11-22T15:56:21.856+0500] {processor.py:829} INFO - Processing file /usr/local/lib/python3.10/dist-packages/airflow/example_dags/example_short_circuit_decorator.py for tasks to queue
[2023-11-22T15:56:21.859+0500] {logging_mixin.py:154} INFO - [2023-11-22T15:56:21.857+0500] {dagbag.py:536} INFO - Filling up the DagBag from /usr/local/lib/python3.10/dist-packages/airflow/example_dags/example_short_circuit_decorator.py
[2023-11-22T15:56:21.910+0500] {processor.py:839} INFO - DAG(s) dict_keys(['example_short_circuit_decorator']) retrieved from /usr/local/lib/python3.10/dist-packages/airflow/example_dags/example_short_circuit_decorator.py
[2023-11-22T15:56:22.024+0500] {logging_mixin.py:154} INFO - [2023-11-22T15:56:22.023+0500] {dag.py:2941} INFO - Sync 1 DAGs
[2023-11-22T15:56:22.119+0500] {logging_mixin.py:154} INFO - [2023-11-22T15:56:22.119+0500] {dag.py:3722} INFO - Setting next_dagrun for example_short_circuit_decorator to 2023-11-21T10:56:22.118245+00:00, run_after=2023-11-22T10:56:22.118245+00:00
[2023-11-22T15:56:22.196+0500] {processor.py:179} INFO - Processing /usr/local/lib/python3.10/dist-packages/airflow/example_dags/example_short_circuit_decorator.py took 0.355 seconds
[2023-11-22T15:56:52.634+0500] {processor.py:157} INFO - Started process (PID=18436) to work on /usr/local/lib/python3.10/dist-packages/airflow/example_dags/example_short_circuit_decorator.py
[2023-11-22T15:56:52.636+0500] {processor.py:829} INFO - Processing file /usr/local/lib/python3.10/dist-packages/airflow/example_dags/example_short_circuit_decorator.py for tasks to queue
[2023-11-22T15:56:52.639+0500] {logging_mixin.py:154} INFO - [2023-11-22T15:56:52.638+0500] {dagbag.py:536} INFO - Filling up the DagBag from /usr/local/lib/python3.10/dist-packages/airflow/example_dags/example_short_circuit_decorator.py
[2023-11-22T15:56:52.683+0500] {processor.py:839} INFO - DAG(s) dict_keys(['example_short_circuit_decorator']) retrieved from /usr/local/lib/python3.10/dist-packages/airflow/example_dags/example_short_circuit_decorator.py
[2023-11-22T15:56:52.807+0500] {logging_mixin.py:154} INFO - [2023-11-22T15:56:52.805+0500] {dag.py:2941} INFO - Sync 1 DAGs
[2023-11-22T15:56:52.908+0500] {logging_mixin.py:154} INFO - [2023-11-22T15:56:52.907+0500] {dag.py:3722} INFO - Setting next_dagrun for example_short_circuit_decorator to 2023-11-21T10:56:52.906464+00:00, run_after=2023-11-22T10:56:52.906464+00:00
[2023-11-22T15:56:52.987+0500] {processor.py:179} INFO - Processing /usr/local/lib/python3.10/dist-packages/airflow/example_dags/example_short_circuit_decorator.py took 0.365 seconds
[2023-11-22T15:57:23.653+0500] {processor.py:157} INFO - Started process (PID=18554) to work on /usr/local/lib/python3.10/dist-packages/airflow/example_dags/example_short_circuit_decorator.py
[2023-11-22T15:57:23.656+0500] {processor.py:829} INFO - Processing file /usr/local/lib/python3.10/dist-packages/airflow/example_dags/example_short_circuit_decorator.py for tasks to queue
[2023-11-22T15:57:23.660+0500] {logging_mixin.py:154} INFO - [2023-11-22T15:57:23.659+0500] {dagbag.py:536} INFO - Filling up the DagBag from /usr/local/lib/python3.10/dist-packages/airflow/example_dags/example_short_circuit_decorator.py
[2023-11-22T15:57:23.703+0500] {processor.py:839} INFO - DAG(s) dict_keys(['example_short_circuit_decorator']) retrieved from /usr/local/lib/python3.10/dist-packages/airflow/example_dags/example_short_circuit_decorator.py
[2023-11-22T15:57:23.813+0500] {logging_mixin.py:154} INFO - [2023-11-22T15:57:23.812+0500] {dag.py:2941} INFO - Sync 1 DAGs
[2023-11-22T15:57:23.906+0500] {logging_mixin.py:154} INFO - [2023-11-22T15:57:23.905+0500] {dag.py:3722} INFO - Setting next_dagrun for example_short_circuit_decorator to 2023-11-21T10:57:23.904741+00:00, run_after=2023-11-22T10:57:23.904741+00:00
[2023-11-22T15:57:23.981+0500] {processor.py:179} INFO - Processing /usr/local/lib/python3.10/dist-packages/airflow/example_dags/example_short_circuit_decorator.py took 0.341 seconds
[2023-11-22T15:57:54.060+0500] {processor.py:157} INFO - Started process (PID=18654) to work on /usr/local/lib/python3.10/dist-packages/airflow/example_dags/example_short_circuit_decorator.py
[2023-11-22T15:57:54.063+0500] {processor.py:829} INFO - Processing file /usr/local/lib/python3.10/dist-packages/airflow/example_dags/example_short_circuit_decorator.py for tasks to queue
[2023-11-22T15:57:54.065+0500] {logging_mixin.py:154} INFO - [2023-11-22T15:57:54.064+0500] {dagbag.py:536} INFO - Filling up the DagBag from /usr/local/lib/python3.10/dist-packages/airflow/example_dags/example_short_circuit_decorator.py
[2023-11-22T15:57:54.106+0500] {processor.py:839} INFO - DAG(s) dict_keys(['example_short_circuit_decorator']) retrieved from /usr/local/lib/python3.10/dist-packages/airflow/example_dags/example_short_circuit_decorator.py
[2023-11-22T15:57:54.217+0500] {logging_mixin.py:154} INFO - [2023-11-22T15:57:54.216+0500] {dag.py:2941} INFO - Sync 1 DAGs
[2023-11-22T15:57:54.311+0500] {logging_mixin.py:154} INFO - [2023-11-22T15:57:54.311+0500] {dag.py:3722} INFO - Setting next_dagrun for example_short_circuit_decorator to 2023-11-21T10:57:54.310351+00:00, run_after=2023-11-22T10:57:54.310351+00:00
[2023-11-22T15:57:54.385+0500] {processor.py:179} INFO - Processing /usr/local/lib/python3.10/dist-packages/airflow/example_dags/example_short_circuit_decorator.py took 0.338 seconds
[2023-11-22T15:58:25.281+0500] {processor.py:157} INFO - Started process (PID=18754) to work on /usr/local/lib/python3.10/dist-packages/airflow/example_dags/example_short_circuit_decorator.py
[2023-11-22T15:58:25.286+0500] {processor.py:829} INFO - Processing file /usr/local/lib/python3.10/dist-packages/airflow/example_dags/example_short_circuit_decorator.py for tasks to queue
[2023-11-22T15:58:25.289+0500] {logging_mixin.py:154} INFO - [2023-11-22T15:58:25.288+0500] {dagbag.py:536} INFO - Filling up the DagBag from /usr/local/lib/python3.10/dist-packages/airflow/example_dags/example_short_circuit_decorator.py
[2023-11-22T15:58:25.334+0500] {processor.py:839} INFO - DAG(s) dict_keys(['example_short_circuit_decorator']) retrieved from /usr/local/lib/python3.10/dist-packages/airflow/example_dags/example_short_circuit_decorator.py
[2023-11-22T15:58:25.492+0500] {logging_mixin.py:154} INFO - [2023-11-22T15:58:25.491+0500] {dag.py:2941} INFO - Sync 1 DAGs
[2023-11-22T15:58:25.623+0500] {logging_mixin.py:154} INFO - [2023-11-22T15:58:25.623+0500] {dag.py:3722} INFO - Setting next_dagrun for example_short_circuit_decorator to 2023-11-21T10:58:25.621760+00:00, run_after=2023-11-22T10:58:25.621760+00:00
[2023-11-22T15:58:25.700+0500] {processor.py:179} INFO - Processing /usr/local/lib/python3.10/dist-packages/airflow/example_dags/example_short_circuit_decorator.py took 0.432 seconds
[2023-11-22T15:58:55.778+0500] {processor.py:157} INFO - Started process (PID=18854) to work on /usr/local/lib/python3.10/dist-packages/airflow/example_dags/example_short_circuit_decorator.py
[2023-11-22T15:58:55.782+0500] {processor.py:829} INFO - Processing file /usr/local/lib/python3.10/dist-packages/airflow/example_dags/example_short_circuit_decorator.py for tasks to queue
[2023-11-22T15:58:55.786+0500] {logging_mixin.py:154} INFO - [2023-11-22T15:58:55.784+0500] {dagbag.py:536} INFO - Filling up the DagBag from /usr/local/lib/python3.10/dist-packages/airflow/example_dags/example_short_circuit_decorator.py
[2023-11-22T15:58:55.830+0500] {processor.py:839} INFO - DAG(s) dict_keys(['example_short_circuit_decorator']) retrieved from /usr/local/lib/python3.10/dist-packages/airflow/example_dags/example_short_circuit_decorator.py
[2023-11-22T15:58:55.952+0500] {logging_mixin.py:154} INFO - [2023-11-22T15:58:55.951+0500] {dag.py:2941} INFO - Sync 1 DAGs
[2023-11-22T15:58:56.062+0500] {logging_mixin.py:154} INFO - [2023-11-22T15:58:56.061+0500] {dag.py:3722} INFO - Setting next_dagrun for example_short_circuit_decorator to 2023-11-21T10:58:56.060260+00:00, run_after=2023-11-22T10:58:56.060260+00:00
[2023-11-22T15:58:56.136+0500] {processor.py:179} INFO - Processing /usr/local/lib/python3.10/dist-packages/airflow/example_dags/example_short_circuit_decorator.py took 0.371 seconds
[2023-11-22T15:59:26.796+0500] {processor.py:157} INFO - Started process (PID=18954) to work on /usr/local/lib/python3.10/dist-packages/airflow/example_dags/example_short_circuit_decorator.py
[2023-11-22T15:59:26.815+0500] {processor.py:829} INFO - Processing file /usr/local/lib/python3.10/dist-packages/airflow/example_dags/example_short_circuit_decorator.py for tasks to queue
[2023-11-22T15:59:26.819+0500] {logging_mixin.py:154} INFO - [2023-11-22T15:59:26.818+0500] {dagbag.py:536} INFO - Filling up the DagBag from /usr/local/lib/python3.10/dist-packages/airflow/example_dags/example_short_circuit_decorator.py
[2023-11-22T15:59:26.862+0500] {processor.py:839} INFO - DAG(s) dict_keys(['example_short_circuit_decorator']) retrieved from /usr/local/lib/python3.10/dist-packages/airflow/example_dags/example_short_circuit_decorator.py
[2023-11-22T15:59:26.980+0500] {logging_mixin.py:154} INFO - [2023-11-22T15:59:26.979+0500] {dag.py:2941} INFO - Sync 1 DAGs
[2023-11-22T15:59:27.078+0500] {logging_mixin.py:154} INFO - [2023-11-22T15:59:27.077+0500] {dag.py:3722} INFO - Setting next_dagrun for example_short_circuit_decorator to 2023-11-21T10:59:27.076548+00:00, run_after=2023-11-22T10:59:27.076548+00:00
[2023-11-22T15:59:27.153+0500] {processor.py:179} INFO - Processing /usr/local/lib/python3.10/dist-packages/airflow/example_dags/example_short_circuit_decorator.py took 0.370 seconds
[2023-11-22T15:59:57.979+0500] {processor.py:157} INFO - Started process (PID=19054) to work on /usr/local/lib/python3.10/dist-packages/airflow/example_dags/example_short_circuit_decorator.py
[2023-11-22T15:59:57.981+0500] {processor.py:829} INFO - Processing file /usr/local/lib/python3.10/dist-packages/airflow/example_dags/example_short_circuit_decorator.py for tasks to queue
[2023-11-22T15:59:57.984+0500] {logging_mixin.py:154} INFO - [2023-11-22T15:59:57.983+0500] {dagbag.py:536} INFO - Filling up the DagBag from /usr/local/lib/python3.10/dist-packages/airflow/example_dags/example_short_circuit_decorator.py
[2023-11-22T15:59:58.023+0500] {processor.py:839} INFO - DAG(s) dict_keys(['example_short_circuit_decorator']) retrieved from /usr/local/lib/python3.10/dist-packages/airflow/example_dags/example_short_circuit_decorator.py
[2023-11-22T15:59:58.132+0500] {logging_mixin.py:154} INFO - [2023-11-22T15:59:58.131+0500] {dag.py:2941} INFO - Sync 1 DAGs
[2023-11-22T15:59:58.234+0500] {logging_mixin.py:154} INFO - [2023-11-22T15:59:58.233+0500] {dag.py:3722} INFO - Setting next_dagrun for example_short_circuit_decorator to 2023-11-21T10:59:58.232670+00:00, run_after=2023-11-22T10:59:58.232670+00:00
[2023-11-22T15:59:58.311+0500] {processor.py:179} INFO - Processing /usr/local/lib/python3.10/dist-packages/airflow/example_dags/example_short_circuit_decorator.py took 0.344 seconds
[2023-11-22T16:00:28.726+0500] {processor.py:157} INFO - Started process (PID=19160) to work on /usr/local/lib/python3.10/dist-packages/airflow/example_dags/example_short_circuit_decorator.py
[2023-11-22T16:00:28.728+0500] {processor.py:829} INFO - Processing file /usr/local/lib/python3.10/dist-packages/airflow/example_dags/example_short_circuit_decorator.py for tasks to queue
[2023-11-22T16:00:28.732+0500] {logging_mixin.py:154} INFO - [2023-11-22T16:00:28.730+0500] {dagbag.py:536} INFO - Filling up the DagBag from /usr/local/lib/python3.10/dist-packages/airflow/example_dags/example_short_circuit_decorator.py
[2023-11-22T16:00:28.770+0500] {processor.py:839} INFO - DAG(s) dict_keys(['example_short_circuit_decorator']) retrieved from /usr/local/lib/python3.10/dist-packages/airflow/example_dags/example_short_circuit_decorator.py
[2023-11-22T16:00:28.876+0500] {logging_mixin.py:154} INFO - [2023-11-22T16:00:28.875+0500] {dag.py:2941} INFO - Sync 1 DAGs
[2023-11-22T16:00:28.971+0500] {logging_mixin.py:154} INFO - [2023-11-22T16:00:28.971+0500] {dag.py:3722} INFO - Setting next_dagrun for example_short_circuit_decorator to 2023-11-21T11:00:28.969977+00:00, run_after=2023-11-22T11:00:28.969977+00:00
[2023-11-22T16:00:29.045+0500] {processor.py:179} INFO - Processing /usr/local/lib/python3.10/dist-packages/airflow/example_dags/example_short_circuit_decorator.py took 0.331 seconds
[2023-11-22T16:00:59.291+0500] {processor.py:157} INFO - Started process (PID=19262) to work on /usr/local/lib/python3.10/dist-packages/airflow/example_dags/example_short_circuit_decorator.py
[2023-11-22T16:00:59.294+0500] {processor.py:829} INFO - Processing file /usr/local/lib/python3.10/dist-packages/airflow/example_dags/example_short_circuit_decorator.py for tasks to queue
[2023-11-22T16:00:59.297+0500] {logging_mixin.py:154} INFO - [2023-11-22T16:00:59.296+0500] {dagbag.py:536} INFO - Filling up the DagBag from /usr/local/lib/python3.10/dist-packages/airflow/example_dags/example_short_circuit_decorator.py
[2023-11-22T16:00:59.340+0500] {processor.py:839} INFO - DAG(s) dict_keys(['example_short_circuit_decorator']) retrieved from /usr/local/lib/python3.10/dist-packages/airflow/example_dags/example_short_circuit_decorator.py
[2023-11-22T16:00:59.455+0500] {logging_mixin.py:154} INFO - [2023-11-22T16:00:59.454+0500] {dag.py:2941} INFO - Sync 1 DAGs
[2023-11-22T16:00:59.553+0500] {logging_mixin.py:154} INFO - [2023-11-22T16:00:59.552+0500] {dag.py:3722} INFO - Setting next_dagrun for example_short_circuit_decorator to 2023-11-21T11:00:59.551884+00:00, run_after=2023-11-22T11:00:59.551884+00:00
[2023-11-22T16:00:59.628+0500] {processor.py:179} INFO - Processing /usr/local/lib/python3.10/dist-packages/airflow/example_dags/example_short_circuit_decorator.py took 0.350 seconds
[2023-11-22T16:01:30.075+0500] {processor.py:157} INFO - Started process (PID=19363) to work on /usr/local/lib/python3.10/dist-packages/airflow/example_dags/example_short_circuit_decorator.py
[2023-11-22T16:01:30.078+0500] {processor.py:829} INFO - Processing file /usr/local/lib/python3.10/dist-packages/airflow/example_dags/example_short_circuit_decorator.py for tasks to queue
[2023-11-22T16:01:30.081+0500] {logging_mixin.py:154} INFO - [2023-11-22T16:01:30.080+0500] {dagbag.py:536} INFO - Filling up the DagBag from /usr/local/lib/python3.10/dist-packages/airflow/example_dags/example_short_circuit_decorator.py
[2023-11-22T16:01:30.121+0500] {processor.py:839} INFO - DAG(s) dict_keys(['example_short_circuit_decorator']) retrieved from /usr/local/lib/python3.10/dist-packages/airflow/example_dags/example_short_circuit_decorator.py
[2023-11-22T16:01:30.231+0500] {logging_mixin.py:154} INFO - [2023-11-22T16:01:30.230+0500] {dag.py:2941} INFO - Sync 1 DAGs
[2023-11-22T16:01:30.327+0500] {logging_mixin.py:154} INFO - [2023-11-22T16:01:30.326+0500] {dag.py:3722} INFO - Setting next_dagrun for example_short_circuit_decorator to 2023-11-21T11:01:30.325781+00:00, run_after=2023-11-22T11:01:30.325781+00:00
[2023-11-22T16:01:30.402+0500] {processor.py:179} INFO - Processing /usr/local/lib/python3.10/dist-packages/airflow/example_dags/example_short_circuit_decorator.py took 0.338 seconds
[2023-11-22T16:02:00.678+0500] {processor.py:157} INFO - Started process (PID=19460) to work on /usr/local/lib/python3.10/dist-packages/airflow/example_dags/example_short_circuit_decorator.py
[2023-11-22T16:02:00.681+0500] {processor.py:829} INFO - Processing file /usr/local/lib/python3.10/dist-packages/airflow/example_dags/example_short_circuit_decorator.py for tasks to queue
[2023-11-22T16:02:00.684+0500] {logging_mixin.py:154} INFO - [2023-11-22T16:02:00.683+0500] {dagbag.py:536} INFO - Filling up the DagBag from /usr/local/lib/python3.10/dist-packages/airflow/example_dags/example_short_circuit_decorator.py
[2023-11-22T16:02:00.722+0500] {processor.py:839} INFO - DAG(s) dict_keys(['example_short_circuit_decorator']) retrieved from /usr/local/lib/python3.10/dist-packages/airflow/example_dags/example_short_circuit_decorator.py
[2023-11-22T16:02:00.831+0500] {logging_mixin.py:154} INFO - [2023-11-22T16:02:00.831+0500] {dag.py:2941} INFO - Sync 1 DAGs
[2023-11-22T16:02:00.924+0500] {logging_mixin.py:154} INFO - [2023-11-22T16:02:00.924+0500] {dag.py:3722} INFO - Setting next_dagrun for example_short_circuit_decorator to 2023-11-21T11:02:00.923039+00:00, run_after=2023-11-22T11:02:00.923039+00:00
[2023-11-22T16:02:01.004+0500] {processor.py:179} INFO - Processing /usr/local/lib/python3.10/dist-packages/airflow/example_dags/example_short_circuit_decorator.py took 0.337 seconds
[2023-11-22T16:02:31.188+0500] {processor.py:157} INFO - Started process (PID=19579) to work on /usr/local/lib/python3.10/dist-packages/airflow/example_dags/example_short_circuit_decorator.py
[2023-11-22T16:02:31.191+0500] {processor.py:829} INFO - Processing file /usr/local/lib/python3.10/dist-packages/airflow/example_dags/example_short_circuit_decorator.py for tasks to queue
[2023-11-22T16:02:31.194+0500] {logging_mixin.py:154} INFO - [2023-11-22T16:02:31.193+0500] {dagbag.py:536} INFO - Filling up the DagBag from /usr/local/lib/python3.10/dist-packages/airflow/example_dags/example_short_circuit_decorator.py
[2023-11-22T16:02:31.235+0500] {processor.py:839} INFO - DAG(s) dict_keys(['example_short_circuit_decorator']) retrieved from /usr/local/lib/python3.10/dist-packages/airflow/example_dags/example_short_circuit_decorator.py
[2023-11-22T16:02:31.344+0500] {logging_mixin.py:154} INFO - [2023-11-22T16:02:31.343+0500] {dag.py:2941} INFO - Sync 1 DAGs
[2023-11-22T16:02:31.438+0500] {logging_mixin.py:154} INFO - [2023-11-22T16:02:31.437+0500] {dag.py:3722} INFO - Setting next_dagrun for example_short_circuit_decorator to 2023-11-21T11:02:31.437100+00:00, run_after=2023-11-22T11:02:31.437100+00:00
[2023-11-22T16:02:31.514+0500] {processor.py:179} INFO - Processing /usr/local/lib/python3.10/dist-packages/airflow/example_dags/example_short_circuit_decorator.py took 0.339 seconds
[2023-11-22T16:03:01.689+0500] {processor.py:157} INFO - Started process (PID=19679) to work on /usr/local/lib/python3.10/dist-packages/airflow/example_dags/example_short_circuit_decorator.py
[2023-11-22T16:03:01.691+0500] {processor.py:829} INFO - Processing file /usr/local/lib/python3.10/dist-packages/airflow/example_dags/example_short_circuit_decorator.py for tasks to queue
[2023-11-22T16:03:01.694+0500] {logging_mixin.py:154} INFO - [2023-11-22T16:03:01.693+0500] {dagbag.py:536} INFO - Filling up the DagBag from /usr/local/lib/python3.10/dist-packages/airflow/example_dags/example_short_circuit_decorator.py
[2023-11-22T16:03:01.733+0500] {processor.py:839} INFO - DAG(s) dict_keys(['example_short_circuit_decorator']) retrieved from /usr/local/lib/python3.10/dist-packages/airflow/example_dags/example_short_circuit_decorator.py
[2023-11-22T16:03:01.840+0500] {logging_mixin.py:154} INFO - [2023-11-22T16:03:01.839+0500] {dag.py:2941} INFO - Sync 1 DAGs
[2023-11-22T16:03:01.932+0500] {logging_mixin.py:154} INFO - [2023-11-22T16:03:01.932+0500] {dag.py:3722} INFO - Setting next_dagrun for example_short_circuit_decorator to 2023-11-21T11:03:01.931368+00:00, run_after=2023-11-22T11:03:01.931368+00:00
[2023-11-22T16:03:02.006+0500] {processor.py:179} INFO - Processing /usr/local/lib/python3.10/dist-packages/airflow/example_dags/example_short_circuit_decorator.py took 0.330 seconds
[2023-11-22T16:03:32.344+0500] {processor.py:157} INFO - Started process (PID=19779) to work on /usr/local/lib/python3.10/dist-packages/airflow/example_dags/example_short_circuit_decorator.py
[2023-11-22T16:03:32.347+0500] {processor.py:829} INFO - Processing file /usr/local/lib/python3.10/dist-packages/airflow/example_dags/example_short_circuit_decorator.py for tasks to queue
[2023-11-22T16:03:32.349+0500] {logging_mixin.py:154} INFO - [2023-11-22T16:03:32.348+0500] {dagbag.py:536} INFO - Filling up the DagBag from /usr/local/lib/python3.10/dist-packages/airflow/example_dags/example_short_circuit_decorator.py
[2023-11-22T16:03:32.388+0500] {processor.py:839} INFO - DAG(s) dict_keys(['example_short_circuit_decorator']) retrieved from /usr/local/lib/python3.10/dist-packages/airflow/example_dags/example_short_circuit_decorator.py
[2023-11-22T16:03:32.496+0500] {logging_mixin.py:154} INFO - [2023-11-22T16:03:32.495+0500] {dag.py:2941} INFO - Sync 1 DAGs
[2023-11-22T16:03:32.589+0500] {logging_mixin.py:154} INFO - [2023-11-22T16:03:32.588+0500] {dag.py:3722} INFO - Setting next_dagrun for example_short_circuit_decorator to 2023-11-21T11:03:32.587858+00:00, run_after=2023-11-22T11:03:32.587858+00:00
[2023-11-22T16:03:32.665+0500] {processor.py:179} INFO - Processing /usr/local/lib/python3.10/dist-packages/airflow/example_dags/example_short_circuit_decorator.py took 0.333 seconds
[2023-11-22T16:04:04.076+0500] {processor.py:157} INFO - Started process (PID=19911) to work on /usr/local/lib/python3.10/dist-packages/airflow/example_dags/example_short_circuit_decorator.py
[2023-11-22T16:04:04.078+0500] {processor.py:829} INFO - Processing file /usr/local/lib/python3.10/dist-packages/airflow/example_dags/example_short_circuit_decorator.py for tasks to queue
[2023-11-22T16:04:04.081+0500] {logging_mixin.py:154} INFO - [2023-11-22T16:04:04.080+0500] {dagbag.py:536} INFO - Filling up the DagBag from /usr/local/lib/python3.10/dist-packages/airflow/example_dags/example_short_circuit_decorator.py
[2023-11-22T16:04:04.127+0500] {processor.py:839} INFO - DAG(s) dict_keys(['example_short_circuit_decorator']) retrieved from /usr/local/lib/python3.10/dist-packages/airflow/example_dags/example_short_circuit_decorator.py
[2023-11-22T16:04:04.261+0500] {logging_mixin.py:154} INFO - [2023-11-22T16:04:04.260+0500] {dag.py:2941} INFO - Sync 1 DAGs
[2023-11-22T16:04:04.382+0500] {logging_mixin.py:154} INFO - [2023-11-22T16:04:04.381+0500] {dag.py:3722} INFO - Setting next_dagrun for example_short_circuit_decorator to 2023-11-21T11:04:04.380855+00:00, run_after=2023-11-22T11:04:04.380855+00:00
[2023-11-22T16:04:04.473+0500] {processor.py:179} INFO - Processing /usr/local/lib/python3.10/dist-packages/airflow/example_dags/example_short_circuit_decorator.py took 0.410 seconds
[2023-11-22T16:04:34.762+0500] {processor.py:157} INFO - Started process (PID=20032) to work on /usr/local/lib/python3.10/dist-packages/airflow/example_dags/example_short_circuit_decorator.py
[2023-11-22T16:04:34.764+0500] {processor.py:829} INFO - Processing file /usr/local/lib/python3.10/dist-packages/airflow/example_dags/example_short_circuit_decorator.py for tasks to queue
[2023-11-22T16:04:34.767+0500] {logging_mixin.py:154} INFO - [2023-11-22T16:04:34.766+0500] {dagbag.py:536} INFO - Filling up the DagBag from /usr/local/lib/python3.10/dist-packages/airflow/example_dags/example_short_circuit_decorator.py
[2023-11-22T16:04:34.807+0500] {processor.py:839} INFO - DAG(s) dict_keys(['example_short_circuit_decorator']) retrieved from /usr/local/lib/python3.10/dist-packages/airflow/example_dags/example_short_circuit_decorator.py
[2023-11-22T16:04:34.917+0500] {logging_mixin.py:154} INFO - [2023-11-22T16:04:34.916+0500] {dag.py:2941} INFO - Sync 1 DAGs
[2023-11-22T16:04:35.020+0500] {logging_mixin.py:154} INFO - [2023-11-22T16:04:35.019+0500] {dag.py:3722} INFO - Setting next_dagrun for example_short_circuit_decorator to 2023-11-21T11:04:35.018595+00:00, run_after=2023-11-22T11:04:35.018595+00:00
[2023-11-22T16:04:35.095+0500] {processor.py:179} INFO - Processing /usr/local/lib/python3.10/dist-packages/airflow/example_dags/example_short_circuit_decorator.py took 0.345 seconds
[2023-11-22T16:05:05.615+0500] {processor.py:157} INFO - Started process (PID=20141) to work on /usr/local/lib/python3.10/dist-packages/airflow/example_dags/example_short_circuit_decorator.py
[2023-11-22T16:05:05.618+0500] {processor.py:829} INFO - Processing file /usr/local/lib/python3.10/dist-packages/airflow/example_dags/example_short_circuit_decorator.py for tasks to queue
[2023-11-22T16:05:05.621+0500] {logging_mixin.py:154} INFO - [2023-11-22T16:05:05.620+0500] {dagbag.py:536} INFO - Filling up the DagBag from /usr/local/lib/python3.10/dist-packages/airflow/example_dags/example_short_circuit_decorator.py
[2023-11-22T16:05:05.669+0500] {processor.py:839} INFO - DAG(s) dict_keys(['example_short_circuit_decorator']) retrieved from /usr/local/lib/python3.10/dist-packages/airflow/example_dags/example_short_circuit_decorator.py
[2023-11-22T16:05:05.786+0500] {logging_mixin.py:154} INFO - [2023-11-22T16:05:05.785+0500] {dag.py:2941} INFO - Sync 1 DAGs
[2023-11-22T16:05:05.927+0500] {logging_mixin.py:154} INFO - [2023-11-22T16:05:05.926+0500] {dag.py:3722} INFO - Setting next_dagrun for example_short_circuit_decorator to 2023-11-21T11:05:05.925858+00:00, run_after=2023-11-22T11:05:05.925858+00:00
[2023-11-22T16:05:06.041+0500] {processor.py:179} INFO - Processing /usr/local/lib/python3.10/dist-packages/airflow/example_dags/example_short_circuit_decorator.py took 0.439 seconds
[2023-11-22T16:05:36.159+0500] {processor.py:157} INFO - Started process (PID=20244) to work on /usr/local/lib/python3.10/dist-packages/airflow/example_dags/example_short_circuit_decorator.py
[2023-11-22T16:05:36.162+0500] {processor.py:829} INFO - Processing file /usr/local/lib/python3.10/dist-packages/airflow/example_dags/example_short_circuit_decorator.py for tasks to queue
[2023-11-22T16:05:36.166+0500] {logging_mixin.py:154} INFO - [2023-11-22T16:05:36.165+0500] {dagbag.py:536} INFO - Filling up the DagBag from /usr/local/lib/python3.10/dist-packages/airflow/example_dags/example_short_circuit_decorator.py
[2023-11-22T16:05:36.214+0500] {processor.py:839} INFO - DAG(s) dict_keys(['example_short_circuit_decorator']) retrieved from /usr/local/lib/python3.10/dist-packages/airflow/example_dags/example_short_circuit_decorator.py
[2023-11-22T16:05:36.338+0500] {logging_mixin.py:154} INFO - [2023-11-22T16:05:36.337+0500] {dag.py:2941} INFO - Sync 1 DAGs
[2023-11-22T16:05:36.448+0500] {logging_mixin.py:154} INFO - [2023-11-22T16:05:36.447+0500] {dag.py:3722} INFO - Setting next_dagrun for example_short_circuit_decorator to 2023-11-21T11:05:36.446639+00:00, run_after=2023-11-22T11:05:36.446639+00:00
[2023-11-22T16:05:36.530+0500] {processor.py:179} INFO - Processing /usr/local/lib/python3.10/dist-packages/airflow/example_dags/example_short_circuit_decorator.py took 0.386 seconds
[2023-11-22T16:06:06.600+0500] {processor.py:157} INFO - Started process (PID=20346) to work on /usr/local/lib/python3.10/dist-packages/airflow/example_dags/example_short_circuit_decorator.py
[2023-11-22T16:06:06.602+0500] {processor.py:829} INFO - Processing file /usr/local/lib/python3.10/dist-packages/airflow/example_dags/example_short_circuit_decorator.py for tasks to queue
[2023-11-22T16:06:06.605+0500] {logging_mixin.py:154} INFO - [2023-11-22T16:06:06.604+0500] {dagbag.py:536} INFO - Filling up the DagBag from /usr/local/lib/python3.10/dist-packages/airflow/example_dags/example_short_circuit_decorator.py
[2023-11-22T16:06:06.644+0500] {processor.py:839} INFO - DAG(s) dict_keys(['example_short_circuit_decorator']) retrieved from /usr/local/lib/python3.10/dist-packages/airflow/example_dags/example_short_circuit_decorator.py
[2023-11-22T16:06:06.754+0500] {logging_mixin.py:154} INFO - [2023-11-22T16:06:06.753+0500] {dag.py:2941} INFO - Sync 1 DAGs
[2023-11-22T16:06:06.847+0500] {logging_mixin.py:154} INFO - [2023-11-22T16:06:06.847+0500] {dag.py:3722} INFO - Setting next_dagrun for example_short_circuit_decorator to 2023-11-21T11:06:06.846256+00:00, run_after=2023-11-22T11:06:06.846256+00:00
[2023-11-22T16:06:06.920+0500] {processor.py:179} INFO - Processing /usr/local/lib/python3.10/dist-packages/airflow/example_dags/example_short_circuit_decorator.py took 0.332 seconds
