[2023-11-22T15:27:13.489+0500] {processor.py:157} INFO - Started process (PID=9951) to work on /usr/local/lib/python3.10/dist-packages/airflow/example_dags/example_params_ui_tutorial.py
[2023-11-22T15:27:13.491+0500] {processor.py:829} INFO - Processing file /usr/local/lib/python3.10/dist-packages/airflow/example_dags/example_params_ui_tutorial.py for tasks to queue
[2023-11-22T15:27:13.494+0500] {logging_mixin.py:154} INFO - [2023-11-22T15:27:13.493+0500] {dagbag.py:536} INFO - Filling up the DagBag from /usr/local/lib/python3.10/dist-packages/airflow/example_dags/example_params_ui_tutorial.py
[2023-11-22T15:27:13.719+0500] {processor.py:839} INFO - DAG(s) dict_keys(['example_params_ui_tutorial']) retrieved from /usr/local/lib/python3.10/dist-packages/airflow/example_dags/example_params_ui_tutorial.py
[2023-11-22T15:27:14.507+0500] {logging_mixin.py:154} INFO - [2023-11-22T15:27:14.506+0500] {dag.py:2941} INFO - Sync 1 DAGs
[2023-11-22T15:27:14.552+0500] {logging_mixin.py:154} INFO - [2023-11-22T15:27:14.551+0500] {dag.py:3722} INFO - Setting next_dagrun for example_params_ui_tutorial to None, run_after=None
[2023-11-22T15:27:14.647+0500] {processor.py:179} INFO - Processing /usr/local/lib/python3.10/dist-packages/airflow/example_dags/example_params_ui_tutorial.py took 1.170 seconds
[2023-11-22T15:27:46.588+0500] {processor.py:157} INFO - Started process (PID=10087) to work on /usr/local/lib/python3.10/dist-packages/airflow/example_dags/example_params_ui_tutorial.py
[2023-11-22T15:27:46.591+0500] {processor.py:829} INFO - Processing file /usr/local/lib/python3.10/dist-packages/airflow/example_dags/example_params_ui_tutorial.py for tasks to queue
[2023-11-22T15:27:46.594+0500] {logging_mixin.py:154} INFO - [2023-11-22T15:27:46.593+0500] {dagbag.py:536} INFO - Filling up the DagBag from /usr/local/lib/python3.10/dist-packages/airflow/example_dags/example_params_ui_tutorial.py
[2023-11-22T15:27:46.808+0500] {processor.py:839} INFO - DAG(s) dict_keys(['example_params_ui_tutorial']) retrieved from /usr/local/lib/python3.10/dist-packages/airflow/example_dags/example_params_ui_tutorial.py
[2023-11-22T15:27:47.267+0500] {logging_mixin.py:154} INFO - [2023-11-22T15:27:47.267+0500] {dag.py:2941} INFO - Sync 1 DAGs
[2023-11-22T15:27:47.325+0500] {logging_mixin.py:154} INFO - [2023-11-22T15:27:47.324+0500] {dag.py:3722} INFO - Setting next_dagrun for example_params_ui_tutorial to None, run_after=None
[2023-11-22T15:27:47.404+0500] {processor.py:179} INFO - Processing /usr/local/lib/python3.10/dist-packages/airflow/example_dags/example_params_ui_tutorial.py took 0.829 seconds
[2023-11-22T15:28:17.742+0500] {processor.py:157} INFO - Started process (PID=10199) to work on /usr/local/lib/python3.10/dist-packages/airflow/example_dags/example_params_ui_tutorial.py
[2023-11-22T15:28:17.744+0500] {processor.py:829} INFO - Processing file /usr/local/lib/python3.10/dist-packages/airflow/example_dags/example_params_ui_tutorial.py for tasks to queue
[2023-11-22T15:28:17.747+0500] {logging_mixin.py:154} INFO - [2023-11-22T15:28:17.746+0500] {dagbag.py:536} INFO - Filling up the DagBag from /usr/local/lib/python3.10/dist-packages/airflow/example_dags/example_params_ui_tutorial.py
[2023-11-22T15:28:17.957+0500] {processor.py:839} INFO - DAG(s) dict_keys(['example_params_ui_tutorial']) retrieved from /usr/local/lib/python3.10/dist-packages/airflow/example_dags/example_params_ui_tutorial.py
[2023-11-22T15:28:18.377+0500] {logging_mixin.py:154} INFO - [2023-11-22T15:28:18.377+0500] {dag.py:2941} INFO - Sync 1 DAGs
[2023-11-22T15:28:18.435+0500] {logging_mixin.py:154} INFO - [2023-11-22T15:28:18.434+0500] {dag.py:3722} INFO - Setting next_dagrun for example_params_ui_tutorial to None, run_after=None
[2023-11-22T15:28:18.521+0500] {processor.py:179} INFO - Processing /usr/local/lib/python3.10/dist-packages/airflow/example_dags/example_params_ui_tutorial.py took 0.790 seconds
[2023-11-22T15:28:49.445+0500] {processor.py:157} INFO - Started process (PID=10339) to work on /usr/local/lib/python3.10/dist-packages/airflow/example_dags/example_params_ui_tutorial.py
[2023-11-22T15:28:49.450+0500] {processor.py:829} INFO - Processing file /usr/local/lib/python3.10/dist-packages/airflow/example_dags/example_params_ui_tutorial.py for tasks to queue
[2023-11-22T15:28:49.453+0500] {logging_mixin.py:154} INFO - [2023-11-22T15:28:49.451+0500] {dagbag.py:536} INFO - Filling up the DagBag from /usr/local/lib/python3.10/dist-packages/airflow/example_dags/example_params_ui_tutorial.py
[2023-11-22T15:28:49.686+0500] {processor.py:839} INFO - DAG(s) dict_keys(['example_params_ui_tutorial']) retrieved from /usr/local/lib/python3.10/dist-packages/airflow/example_dags/example_params_ui_tutorial.py
[2023-11-22T15:28:50.196+0500] {logging_mixin.py:154} INFO - [2023-11-22T15:28:50.195+0500] {dag.py:2941} INFO - Sync 1 DAGs
[2023-11-22T15:28:50.262+0500] {logging_mixin.py:154} INFO - [2023-11-22T15:28:50.261+0500] {dag.py:3722} INFO - Setting next_dagrun for example_params_ui_tutorial to None, run_after=None
[2023-11-22T15:28:50.355+0500] {processor.py:179} INFO - Processing /usr/local/lib/python3.10/dist-packages/airflow/example_dags/example_params_ui_tutorial.py took 0.922 seconds
[2023-11-22T15:29:21.265+0500] {processor.py:157} INFO - Started process (PID=10453) to work on /usr/local/lib/python3.10/dist-packages/airflow/example_dags/example_params_ui_tutorial.py
[2023-11-22T15:29:21.268+0500] {processor.py:829} INFO - Processing file /usr/local/lib/python3.10/dist-packages/airflow/example_dags/example_params_ui_tutorial.py for tasks to queue
[2023-11-22T15:29:21.271+0500] {logging_mixin.py:154} INFO - [2023-11-22T15:29:21.270+0500] {dagbag.py:536} INFO - Filling up the DagBag from /usr/local/lib/python3.10/dist-packages/airflow/example_dags/example_params_ui_tutorial.py
[2023-11-22T15:29:21.511+0500] {processor.py:839} INFO - DAG(s) dict_keys(['example_params_ui_tutorial']) retrieved from /usr/local/lib/python3.10/dist-packages/airflow/example_dags/example_params_ui_tutorial.py
[2023-11-22T15:29:21.976+0500] {logging_mixin.py:154} INFO - [2023-11-22T15:29:21.976+0500] {dag.py:2941} INFO - Sync 1 DAGs
[2023-11-22T15:29:22.032+0500] {logging_mixin.py:154} INFO - [2023-11-22T15:29:22.031+0500] {dag.py:3722} INFO - Setting next_dagrun for example_params_ui_tutorial to None, run_after=None
[2023-11-22T15:29:22.123+0500] {processor.py:179} INFO - Processing /usr/local/lib/python3.10/dist-packages/airflow/example_dags/example_params_ui_tutorial.py took 0.871 seconds
[2023-11-22T15:29:52.629+0500] {processor.py:157} INFO - Started process (PID=10853) to work on /usr/local/lib/python3.10/dist-packages/airflow/example_dags/example_params_ui_tutorial.py
[2023-11-22T15:29:52.632+0500] {processor.py:829} INFO - Processing file /usr/local/lib/python3.10/dist-packages/airflow/example_dags/example_params_ui_tutorial.py for tasks to queue
[2023-11-22T15:29:52.636+0500] {logging_mixin.py:154} INFO - [2023-11-22T15:29:52.635+0500] {dagbag.py:536} INFO - Filling up the DagBag from /usr/local/lib/python3.10/dist-packages/airflow/example_dags/example_params_ui_tutorial.py
[2023-11-22T15:29:53.071+0500] {processor.py:839} INFO - DAG(s) dict_keys(['example_params_ui_tutorial']) retrieved from /usr/local/lib/python3.10/dist-packages/airflow/example_dags/example_params_ui_tutorial.py
[2023-11-22T15:29:53.803+0500] {logging_mixin.py:154} INFO - [2023-11-22T15:29:53.803+0500] {dag.py:2941} INFO - Sync 1 DAGs
[2023-11-22T15:29:53.874+0500] {logging_mixin.py:154} INFO - [2023-11-22T15:29:53.871+0500] {dag.py:3722} INFO - Setting next_dagrun for example_params_ui_tutorial to None, run_after=None
[2023-11-22T15:29:53.969+0500] {processor.py:179} INFO - Processing /usr/local/lib/python3.10/dist-packages/airflow/example_dags/example_params_ui_tutorial.py took 1.353 seconds
[2023-11-22T15:30:25.429+0500] {processor.py:157} INFO - Started process (PID=10999) to work on /usr/local/lib/python3.10/dist-packages/airflow/example_dags/example_params_ui_tutorial.py
[2023-11-22T15:30:25.435+0500] {processor.py:829} INFO - Processing file /usr/local/lib/python3.10/dist-packages/airflow/example_dags/example_params_ui_tutorial.py for tasks to queue
[2023-11-22T15:30:25.439+0500] {logging_mixin.py:154} INFO - [2023-11-22T15:30:25.438+0500] {dagbag.py:536} INFO - Filling up the DagBag from /usr/local/lib/python3.10/dist-packages/airflow/example_dags/example_params_ui_tutorial.py
[2023-11-22T15:30:25.929+0500] {processor.py:839} INFO - DAG(s) dict_keys(['example_params_ui_tutorial']) retrieved from /usr/local/lib/python3.10/dist-packages/airflow/example_dags/example_params_ui_tutorial.py
[2023-11-22T15:30:26.587+0500] {logging_mixin.py:154} INFO - [2023-11-22T15:30:26.586+0500] {dag.py:2941} INFO - Sync 1 DAGs
[2023-11-22T15:30:26.648+0500] {logging_mixin.py:154} INFO - [2023-11-22T15:30:26.648+0500] {dag.py:3722} INFO - Setting next_dagrun for example_params_ui_tutorial to None, run_after=None
[2023-11-22T15:30:26.747+0500] {processor.py:179} INFO - Processing /usr/local/lib/python3.10/dist-packages/airflow/example_dags/example_params_ui_tutorial.py took 1.334 seconds
[2023-11-22T15:30:57.129+0500] {processor.py:157} INFO - Started process (PID=11208) to work on /usr/local/lib/python3.10/dist-packages/airflow/example_dags/example_params_ui_tutorial.py
[2023-11-22T15:30:57.134+0500] {processor.py:829} INFO - Processing file /usr/local/lib/python3.10/dist-packages/airflow/example_dags/example_params_ui_tutorial.py for tasks to queue
[2023-11-22T15:30:57.137+0500] {logging_mixin.py:154} INFO - [2023-11-22T15:30:57.136+0500] {dagbag.py:536} INFO - Filling up the DagBag from /usr/local/lib/python3.10/dist-packages/airflow/example_dags/example_params_ui_tutorial.py
[2023-11-22T15:30:57.662+0500] {processor.py:839} INFO - DAG(s) dict_keys(['example_params_ui_tutorial']) retrieved from /usr/local/lib/python3.10/dist-packages/airflow/example_dags/example_params_ui_tutorial.py
[2023-11-22T15:30:58.115+0500] {logging_mixin.py:154} INFO - [2023-11-22T15:30:58.114+0500] {dag.py:2941} INFO - Sync 1 DAGs
[2023-11-22T15:30:58.172+0500] {logging_mixin.py:154} INFO - [2023-11-22T15:30:58.171+0500] {dag.py:3722} INFO - Setting next_dagrun for example_params_ui_tutorial to None, run_after=None
[2023-11-22T15:30:58.254+0500] {processor.py:179} INFO - Processing /usr/local/lib/python3.10/dist-packages/airflow/example_dags/example_params_ui_tutorial.py took 1.144 seconds
[2023-11-22T15:31:28.796+0500] {processor.py:157} INFO - Started process (PID=11351) to work on /usr/local/lib/python3.10/dist-packages/airflow/example_dags/example_params_ui_tutorial.py
[2023-11-22T15:31:28.798+0500] {processor.py:829} INFO - Processing file /usr/local/lib/python3.10/dist-packages/airflow/example_dags/example_params_ui_tutorial.py for tasks to queue
[2023-11-22T15:31:28.801+0500] {logging_mixin.py:154} INFO - [2023-11-22T15:31:28.800+0500] {dagbag.py:536} INFO - Filling up the DagBag from /usr/local/lib/python3.10/dist-packages/airflow/example_dags/example_params_ui_tutorial.py
[2023-11-22T15:31:29.084+0500] {processor.py:839} INFO - DAG(s) dict_keys(['example_params_ui_tutorial']) retrieved from /usr/local/lib/python3.10/dist-packages/airflow/example_dags/example_params_ui_tutorial.py
[2023-11-22T15:31:29.770+0500] {logging_mixin.py:154} INFO - [2023-11-22T15:31:29.769+0500] {dag.py:2941} INFO - Sync 1 DAGs
[2023-11-22T15:31:29.912+0500] {logging_mixin.py:154} INFO - [2023-11-22T15:31:29.911+0500] {dag.py:3722} INFO - Setting next_dagrun for example_params_ui_tutorial to None, run_after=None
[2023-11-22T15:31:30.018+0500] {processor.py:179} INFO - Processing /usr/local/lib/python3.10/dist-packages/airflow/example_dags/example_params_ui_tutorial.py took 1.237 seconds
[2023-11-22T15:32:00.586+0500] {processor.py:157} INFO - Started process (PID=11506) to work on /usr/local/lib/python3.10/dist-packages/airflow/example_dags/example_params_ui_tutorial.py
[2023-11-22T15:32:00.595+0500] {processor.py:829} INFO - Processing file /usr/local/lib/python3.10/dist-packages/airflow/example_dags/example_params_ui_tutorial.py for tasks to queue
[2023-11-22T15:32:00.598+0500] {logging_mixin.py:154} INFO - [2023-11-22T15:32:00.597+0500] {dagbag.py:536} INFO - Filling up the DagBag from /usr/local/lib/python3.10/dist-packages/airflow/example_dags/example_params_ui_tutorial.py
[2023-11-22T15:32:00.950+0500] {processor.py:839} INFO - DAG(s) dict_keys(['example_params_ui_tutorial']) retrieved from /usr/local/lib/python3.10/dist-packages/airflow/example_dags/example_params_ui_tutorial.py
[2023-11-22T15:32:01.463+0500] {logging_mixin.py:154} INFO - [2023-11-22T15:32:01.462+0500] {dag.py:2941} INFO - Sync 1 DAGs
[2023-11-22T15:32:01.544+0500] {logging_mixin.py:154} INFO - [2023-11-22T15:32:01.544+0500] {dag.py:3722} INFO - Setting next_dagrun for example_params_ui_tutorial to None, run_after=None
[2023-11-22T15:32:01.656+0500] {processor.py:179} INFO - Processing /usr/local/lib/python3.10/dist-packages/airflow/example_dags/example_params_ui_tutorial.py took 1.087 seconds
[2023-11-22T15:32:31.871+0500] {processor.py:157} INFO - Started process (PID=11674) to work on /usr/local/lib/python3.10/dist-packages/airflow/example_dags/example_params_ui_tutorial.py
[2023-11-22T15:32:31.874+0500] {processor.py:829} INFO - Processing file /usr/local/lib/python3.10/dist-packages/airflow/example_dags/example_params_ui_tutorial.py for tasks to queue
[2023-11-22T15:32:31.877+0500] {logging_mixin.py:154} INFO - [2023-11-22T15:32:31.876+0500] {dagbag.py:536} INFO - Filling up the DagBag from /usr/local/lib/python3.10/dist-packages/airflow/example_dags/example_params_ui_tutorial.py
[2023-11-22T15:32:32.120+0500] {processor.py:839} INFO - DAG(s) dict_keys(['example_params_ui_tutorial']) retrieved from /usr/local/lib/python3.10/dist-packages/airflow/example_dags/example_params_ui_tutorial.py
[2023-11-22T15:32:32.625+0500] {logging_mixin.py:154} INFO - [2023-11-22T15:32:32.624+0500] {dag.py:2941} INFO - Sync 1 DAGs
[2023-11-22T15:32:32.684+0500] {logging_mixin.py:154} INFO - [2023-11-22T15:32:32.683+0500] {dag.py:3722} INFO - Setting next_dagrun for example_params_ui_tutorial to None, run_after=None
[2023-11-22T15:32:32.798+0500] {processor.py:179} INFO - Processing /usr/local/lib/python3.10/dist-packages/airflow/example_dags/example_params_ui_tutorial.py took 0.941 seconds
[2023-11-22T15:33:03.307+0500] {processor.py:157} INFO - Started process (PID=11837) to work on /usr/local/lib/python3.10/dist-packages/airflow/example_dags/example_params_ui_tutorial.py
[2023-11-22T15:33:03.311+0500] {processor.py:829} INFO - Processing file /usr/local/lib/python3.10/dist-packages/airflow/example_dags/example_params_ui_tutorial.py for tasks to queue
[2023-11-22T15:33:03.314+0500] {logging_mixin.py:154} INFO - [2023-11-22T15:33:03.313+0500] {dagbag.py:536} INFO - Filling up the DagBag from /usr/local/lib/python3.10/dist-packages/airflow/example_dags/example_params_ui_tutorial.py
[2023-11-22T15:33:03.657+0500] {processor.py:839} INFO - DAG(s) dict_keys(['example_params_ui_tutorial']) retrieved from /usr/local/lib/python3.10/dist-packages/airflow/example_dags/example_params_ui_tutorial.py
[2023-11-22T15:33:04.226+0500] {logging_mixin.py:154} INFO - [2023-11-22T15:33:04.225+0500] {dag.py:2941} INFO - Sync 1 DAGs
[2023-11-22T15:33:04.287+0500] {logging_mixin.py:154} INFO - [2023-11-22T15:33:04.287+0500] {dag.py:3722} INFO - Setting next_dagrun for example_params_ui_tutorial to None, run_after=None
[2023-11-22T15:33:04.371+0500] {processor.py:179} INFO - Processing /usr/local/lib/python3.10/dist-packages/airflow/example_dags/example_params_ui_tutorial.py took 1.075 seconds
[2023-11-22T15:33:34.634+0500] {processor.py:157} INFO - Started process (PID=11996) to work on /usr/local/lib/python3.10/dist-packages/airflow/example_dags/example_params_ui_tutorial.py
[2023-11-22T15:33:34.640+0500] {processor.py:829} INFO - Processing file /usr/local/lib/python3.10/dist-packages/airflow/example_dags/example_params_ui_tutorial.py for tasks to queue
[2023-11-22T15:33:34.642+0500] {logging_mixin.py:154} INFO - [2023-11-22T15:33:34.641+0500] {dagbag.py:536} INFO - Filling up the DagBag from /usr/local/lib/python3.10/dist-packages/airflow/example_dags/example_params_ui_tutorial.py
[2023-11-22T15:33:34.894+0500] {processor.py:839} INFO - DAG(s) dict_keys(['example_params_ui_tutorial']) retrieved from /usr/local/lib/python3.10/dist-packages/airflow/example_dags/example_params_ui_tutorial.py
[2023-11-22T15:33:35.337+0500] {logging_mixin.py:154} INFO - [2023-11-22T15:33:35.336+0500] {dag.py:2941} INFO - Sync 1 DAGs
[2023-11-22T15:33:35.399+0500] {logging_mixin.py:154} INFO - [2023-11-22T15:33:35.399+0500] {dag.py:3722} INFO - Setting next_dagrun for example_params_ui_tutorial to None, run_after=None
[2023-11-22T15:33:35.484+0500] {processor.py:179} INFO - Processing /usr/local/lib/python3.10/dist-packages/airflow/example_dags/example_params_ui_tutorial.py took 0.873 seconds
[2023-11-22T15:34:06.132+0500] {processor.py:157} INFO - Started process (PID=12140) to work on /usr/local/lib/python3.10/dist-packages/airflow/example_dags/example_params_ui_tutorial.py
[2023-11-22T15:34:06.135+0500] {processor.py:829} INFO - Processing file /usr/local/lib/python3.10/dist-packages/airflow/example_dags/example_params_ui_tutorial.py for tasks to queue
[2023-11-22T15:34:06.138+0500] {logging_mixin.py:154} INFO - [2023-11-22T15:34:06.137+0500] {dagbag.py:536} INFO - Filling up the DagBag from /usr/local/lib/python3.10/dist-packages/airflow/example_dags/example_params_ui_tutorial.py
[2023-11-22T15:34:06.381+0500] {processor.py:839} INFO - DAG(s) dict_keys(['example_params_ui_tutorial']) retrieved from /usr/local/lib/python3.10/dist-packages/airflow/example_dags/example_params_ui_tutorial.py
[2023-11-22T15:34:06.853+0500] {logging_mixin.py:154} INFO - [2023-11-22T15:34:06.852+0500] {dag.py:2941} INFO - Sync 1 DAGs
[2023-11-22T15:34:06.963+0500] {logging_mixin.py:154} INFO - [2023-11-22T15:34:06.956+0500] {dag.py:3722} INFO - Setting next_dagrun for example_params_ui_tutorial to None, run_after=None
[2023-11-22T15:34:07.106+0500] {processor.py:179} INFO - Processing /usr/local/lib/python3.10/dist-packages/airflow/example_dags/example_params_ui_tutorial.py took 0.985 seconds
[2023-11-22T15:34:37.473+0500] {processor.py:157} INFO - Started process (PID=12265) to work on /usr/local/lib/python3.10/dist-packages/airflow/example_dags/example_params_ui_tutorial.py
[2023-11-22T15:34:37.476+0500] {processor.py:829} INFO - Processing file /usr/local/lib/python3.10/dist-packages/airflow/example_dags/example_params_ui_tutorial.py for tasks to queue
[2023-11-22T15:34:37.480+0500] {logging_mixin.py:154} INFO - [2023-11-22T15:34:37.479+0500] {dagbag.py:536} INFO - Filling up the DagBag from /usr/local/lib/python3.10/dist-packages/airflow/example_dags/example_params_ui_tutorial.py
[2023-11-22T15:34:37.737+0500] {processor.py:839} INFO - DAG(s) dict_keys(['example_params_ui_tutorial']) retrieved from /usr/local/lib/python3.10/dist-packages/airflow/example_dags/example_params_ui_tutorial.py
[2023-11-22T15:34:38.235+0500] {logging_mixin.py:154} INFO - [2023-11-22T15:34:38.234+0500] {dag.py:2941} INFO - Sync 1 DAGs
[2023-11-22T15:34:38.296+0500] {logging_mixin.py:154} INFO - [2023-11-22T15:34:38.296+0500] {dag.py:3722} INFO - Setting next_dagrun for example_params_ui_tutorial to None, run_after=None
[2023-11-22T15:34:38.404+0500] {processor.py:179} INFO - Processing /usr/local/lib/python3.10/dist-packages/airflow/example_dags/example_params_ui_tutorial.py took 0.948 seconds
[2023-11-22T15:35:08.856+0500] {processor.py:157} INFO - Started process (PID=12807) to work on /usr/local/lib/python3.10/dist-packages/airflow/example_dags/example_params_ui_tutorial.py
[2023-11-22T15:35:08.865+0500] {processor.py:829} INFO - Processing file /usr/local/lib/python3.10/dist-packages/airflow/example_dags/example_params_ui_tutorial.py for tasks to queue
[2023-11-22T15:35:08.868+0500] {logging_mixin.py:154} INFO - [2023-11-22T15:35:08.867+0500] {dagbag.py:536} INFO - Filling up the DagBag from /usr/local/lib/python3.10/dist-packages/airflow/example_dags/example_params_ui_tutorial.py
[2023-11-22T15:35:09.225+0500] {processor.py:839} INFO - DAG(s) dict_keys(['example_params_ui_tutorial']) retrieved from /usr/local/lib/python3.10/dist-packages/airflow/example_dags/example_params_ui_tutorial.py
[2023-11-22T15:35:09.828+0500] {logging_mixin.py:154} INFO - [2023-11-22T15:35:09.827+0500] {dag.py:2941} INFO - Sync 1 DAGs
[2023-11-22T15:35:09.952+0500] {logging_mixin.py:154} INFO - [2023-11-22T15:35:09.951+0500] {dag.py:3722} INFO - Setting next_dagrun for example_params_ui_tutorial to None, run_after=None
[2023-11-22T15:35:10.272+0500] {processor.py:179} INFO - Processing /usr/local/lib/python3.10/dist-packages/airflow/example_dags/example_params_ui_tutorial.py took 1.439 seconds
[2023-11-22T15:40:09.067+0500] {processor.py:157} INFO - Started process (PID=13490) to work on /usr/local/lib/python3.10/dist-packages/airflow/example_dags/example_params_ui_tutorial.py
[2023-11-22T15:40:09.070+0500] {processor.py:829} INFO - Processing file /usr/local/lib/python3.10/dist-packages/airflow/example_dags/example_params_ui_tutorial.py for tasks to queue
[2023-11-22T15:40:09.072+0500] {logging_mixin.py:154} INFO - [2023-11-22T15:40:09.071+0500] {dagbag.py:536} INFO - Filling up the DagBag from /usr/local/lib/python3.10/dist-packages/airflow/example_dags/example_params_ui_tutorial.py
[2023-11-22T15:40:09.343+0500] {processor.py:839} INFO - DAG(s) dict_keys(['example_params_ui_tutorial']) retrieved from /usr/local/lib/python3.10/dist-packages/airflow/example_dags/example_params_ui_tutorial.py
[2023-11-22T15:40:09.956+0500] {logging_mixin.py:154} INFO - [2023-11-22T15:40:09.955+0500] {dag.py:2941} INFO - Sync 1 DAGs
[2023-11-22T15:40:10.047+0500] {logging_mixin.py:154} INFO - [2023-11-22T15:40:10.047+0500] {dag.py:3722} INFO - Setting next_dagrun for example_params_ui_tutorial to None, run_after=None
[2023-11-22T15:40:10.164+0500] {processor.py:179} INFO - Processing /usr/local/lib/python3.10/dist-packages/airflow/example_dags/example_params_ui_tutorial.py took 1.109 seconds
[2023-11-22T15:40:42.052+0500] {processor.py:157} INFO - Started process (PID=13632) to work on /usr/local/lib/python3.10/dist-packages/airflow/example_dags/example_params_ui_tutorial.py
[2023-11-22T15:40:42.061+0500] {processor.py:829} INFO - Processing file /usr/local/lib/python3.10/dist-packages/airflow/example_dags/example_params_ui_tutorial.py for tasks to queue
[2023-11-22T15:40:42.064+0500] {logging_mixin.py:154} INFO - [2023-11-22T15:40:42.063+0500] {dagbag.py:536} INFO - Filling up the DagBag from /usr/local/lib/python3.10/dist-packages/airflow/example_dags/example_params_ui_tutorial.py
[2023-11-22T15:40:42.375+0500] {processor.py:839} INFO - DAG(s) dict_keys(['example_params_ui_tutorial']) retrieved from /usr/local/lib/python3.10/dist-packages/airflow/example_dags/example_params_ui_tutorial.py
[2023-11-22T15:40:43.023+0500] {logging_mixin.py:154} INFO - [2023-11-22T15:40:43.022+0500] {dag.py:2941} INFO - Sync 1 DAGs
[2023-11-22T15:40:43.093+0500] {logging_mixin.py:154} INFO - [2023-11-22T15:40:43.092+0500] {dag.py:3722} INFO - Setting next_dagrun for example_params_ui_tutorial to None, run_after=None
[2023-11-22T15:40:43.199+0500] {processor.py:179} INFO - Processing /usr/local/lib/python3.10/dist-packages/airflow/example_dags/example_params_ui_tutorial.py took 1.177 seconds
[2023-11-22T15:41:14.121+0500] {processor.py:157} INFO - Started process (PID=13780) to work on /usr/local/lib/python3.10/dist-packages/airflow/example_dags/example_params_ui_tutorial.py
[2023-11-22T15:41:14.124+0500] {processor.py:829} INFO - Processing file /usr/local/lib/python3.10/dist-packages/airflow/example_dags/example_params_ui_tutorial.py for tasks to queue
[2023-11-22T15:41:14.127+0500] {logging_mixin.py:154} INFO - [2023-11-22T15:41:14.126+0500] {dagbag.py:536} INFO - Filling up the DagBag from /usr/local/lib/python3.10/dist-packages/airflow/example_dags/example_params_ui_tutorial.py
[2023-11-22T15:41:14.352+0500] {processor.py:839} INFO - DAG(s) dict_keys(['example_params_ui_tutorial']) retrieved from /usr/local/lib/python3.10/dist-packages/airflow/example_dags/example_params_ui_tutorial.py
[2023-11-22T15:41:14.871+0500] {logging_mixin.py:154} INFO - [2023-11-22T15:41:14.870+0500] {dag.py:2941} INFO - Sync 1 DAGs
[2023-11-22T15:41:14.926+0500] {logging_mixin.py:154} INFO - [2023-11-22T15:41:14.926+0500] {dag.py:3722} INFO - Setting next_dagrun for example_params_ui_tutorial to None, run_after=None
[2023-11-22T15:41:15.013+0500] {processor.py:179} INFO - Processing /usr/local/lib/python3.10/dist-packages/airflow/example_dags/example_params_ui_tutorial.py took 0.903 seconds
[2023-11-22T15:41:45.705+0500] {processor.py:157} INFO - Started process (PID=13938) to work on /usr/local/lib/python3.10/dist-packages/airflow/example_dags/example_params_ui_tutorial.py
[2023-11-22T15:41:45.708+0500] {processor.py:829} INFO - Processing file /usr/local/lib/python3.10/dist-packages/airflow/example_dags/example_params_ui_tutorial.py for tasks to queue
[2023-11-22T15:41:45.711+0500] {logging_mixin.py:154} INFO - [2023-11-22T15:41:45.710+0500] {dagbag.py:536} INFO - Filling up the DagBag from /usr/local/lib/python3.10/dist-packages/airflow/example_dags/example_params_ui_tutorial.py
[2023-11-22T15:41:45.935+0500] {processor.py:839} INFO - DAG(s) dict_keys(['example_params_ui_tutorial']) retrieved from /usr/local/lib/python3.10/dist-packages/airflow/example_dags/example_params_ui_tutorial.py
[2023-11-22T15:41:46.386+0500] {logging_mixin.py:154} INFO - [2023-11-22T15:41:46.385+0500] {dag.py:2941} INFO - Sync 1 DAGs
[2023-11-22T15:41:46.446+0500] {logging_mixin.py:154} INFO - [2023-11-22T15:41:46.445+0500] {dag.py:3722} INFO - Setting next_dagrun for example_params_ui_tutorial to None, run_after=None
[2023-11-22T15:41:46.540+0500] {processor.py:179} INFO - Processing /usr/local/lib/python3.10/dist-packages/airflow/example_dags/example_params_ui_tutorial.py took 0.846 seconds
[2023-11-22T15:42:18.060+0500] {processor.py:157} INFO - Started process (PID=14115) to work on /usr/local/lib/python3.10/dist-packages/airflow/example_dags/example_params_ui_tutorial.py
[2023-11-22T15:42:18.062+0500] {processor.py:829} INFO - Processing file /usr/local/lib/python3.10/dist-packages/airflow/example_dags/example_params_ui_tutorial.py for tasks to queue
[2023-11-22T15:42:18.065+0500] {logging_mixin.py:154} INFO - [2023-11-22T15:42:18.064+0500] {dagbag.py:536} INFO - Filling up the DagBag from /usr/local/lib/python3.10/dist-packages/airflow/example_dags/example_params_ui_tutorial.py
[2023-11-22T15:42:18.317+0500] {processor.py:839} INFO - DAG(s) dict_keys(['example_params_ui_tutorial']) retrieved from /usr/local/lib/python3.10/dist-packages/airflow/example_dags/example_params_ui_tutorial.py
[2023-11-22T15:42:18.807+0500] {logging_mixin.py:154} INFO - [2023-11-22T15:42:18.807+0500] {dag.py:2941} INFO - Sync 1 DAGs
[2023-11-22T15:42:18.865+0500] {logging_mixin.py:154} INFO - [2023-11-22T15:42:18.865+0500] {dag.py:3722} INFO - Setting next_dagrun for example_params_ui_tutorial to None, run_after=None
[2023-11-22T15:42:18.970+0500] {processor.py:179} INFO - Processing /usr/local/lib/python3.10/dist-packages/airflow/example_dags/example_params_ui_tutorial.py took 0.923 seconds
[2023-11-22T15:42:50.016+0500] {processor.py:157} INFO - Started process (PID=14263) to work on /usr/local/lib/python3.10/dist-packages/airflow/example_dags/example_params_ui_tutorial.py
[2023-11-22T15:42:50.019+0500] {processor.py:829} INFO - Processing file /usr/local/lib/python3.10/dist-packages/airflow/example_dags/example_params_ui_tutorial.py for tasks to queue
[2023-11-22T15:42:50.022+0500] {logging_mixin.py:154} INFO - [2023-11-22T15:42:50.021+0500] {dagbag.py:536} INFO - Filling up the DagBag from /usr/local/lib/python3.10/dist-packages/airflow/example_dags/example_params_ui_tutorial.py
[2023-11-22T15:42:50.268+0500] {processor.py:839} INFO - DAG(s) dict_keys(['example_params_ui_tutorial']) retrieved from /usr/local/lib/python3.10/dist-packages/airflow/example_dags/example_params_ui_tutorial.py
[2023-11-22T15:42:50.901+0500] {logging_mixin.py:154} INFO - [2023-11-22T15:42:50.900+0500] {dag.py:2941} INFO - Sync 1 DAGs
[2023-11-22T15:42:50.989+0500] {logging_mixin.py:154} INFO - [2023-11-22T15:42:50.988+0500] {dag.py:3722} INFO - Setting next_dagrun for example_params_ui_tutorial to None, run_after=None
[2023-11-22T15:42:51.113+0500] {processor.py:179} INFO - Processing /usr/local/lib/python3.10/dist-packages/airflow/example_dags/example_params_ui_tutorial.py took 1.110 seconds
[2023-11-22T15:43:21.467+0500] {processor.py:157} INFO - Started process (PID=14377) to work on /usr/local/lib/python3.10/dist-packages/airflow/example_dags/example_params_ui_tutorial.py
[2023-11-22T15:43:21.473+0500] {processor.py:829} INFO - Processing file /usr/local/lib/python3.10/dist-packages/airflow/example_dags/example_params_ui_tutorial.py for tasks to queue
[2023-11-22T15:43:21.476+0500] {logging_mixin.py:154} INFO - [2023-11-22T15:43:21.475+0500] {dagbag.py:536} INFO - Filling up the DagBag from /usr/local/lib/python3.10/dist-packages/airflow/example_dags/example_params_ui_tutorial.py
[2023-11-22T15:43:21.799+0500] {processor.py:839} INFO - DAG(s) dict_keys(['example_params_ui_tutorial']) retrieved from /usr/local/lib/python3.10/dist-packages/airflow/example_dags/example_params_ui_tutorial.py
[2023-11-22T15:43:22.309+0500] {logging_mixin.py:154} INFO - [2023-11-22T15:43:22.308+0500] {dag.py:2941} INFO - Sync 1 DAGs
[2023-11-22T15:43:22.368+0500] {logging_mixin.py:154} INFO - [2023-11-22T15:43:22.367+0500] {dag.py:3722} INFO - Setting next_dagrun for example_params_ui_tutorial to None, run_after=None
[2023-11-22T15:43:22.470+0500] {processor.py:179} INFO - Processing /usr/local/lib/python3.10/dist-packages/airflow/example_dags/example_params_ui_tutorial.py took 1.022 seconds
[2023-11-22T15:43:52.904+0500] {processor.py:157} INFO - Started process (PID=14516) to work on /usr/local/lib/python3.10/dist-packages/airflow/example_dags/example_params_ui_tutorial.py
[2023-11-22T15:43:52.911+0500] {processor.py:829} INFO - Processing file /usr/local/lib/python3.10/dist-packages/airflow/example_dags/example_params_ui_tutorial.py for tasks to queue
[2023-11-22T15:43:52.914+0500] {logging_mixin.py:154} INFO - [2023-11-22T15:43:52.913+0500] {dagbag.py:536} INFO - Filling up the DagBag from /usr/local/lib/python3.10/dist-packages/airflow/example_dags/example_params_ui_tutorial.py
[2023-11-22T15:43:53.134+0500] {processor.py:839} INFO - DAG(s) dict_keys(['example_params_ui_tutorial']) retrieved from /usr/local/lib/python3.10/dist-packages/airflow/example_dags/example_params_ui_tutorial.py
[2023-11-22T15:43:53.767+0500] {logging_mixin.py:154} INFO - [2023-11-22T15:43:53.757+0500] {dag.py:2941} INFO - Sync 1 DAGs
[2023-11-22T15:43:53.846+0500] {logging_mixin.py:154} INFO - [2023-11-22T15:43:53.845+0500] {dag.py:3722} INFO - Setting next_dagrun for example_params_ui_tutorial to None, run_after=None
[2023-11-22T15:43:53.941+0500] {processor.py:179} INFO - Processing /usr/local/lib/python3.10/dist-packages/airflow/example_dags/example_params_ui_tutorial.py took 1.049 seconds
[2023-11-22T15:44:24.478+0500] {processor.py:157} INFO - Started process (PID=14671) to work on /usr/local/lib/python3.10/dist-packages/airflow/example_dags/example_params_ui_tutorial.py
[2023-11-22T15:44:24.481+0500] {processor.py:829} INFO - Processing file /usr/local/lib/python3.10/dist-packages/airflow/example_dags/example_params_ui_tutorial.py for tasks to queue
[2023-11-22T15:44:24.483+0500] {logging_mixin.py:154} INFO - [2023-11-22T15:44:24.482+0500] {dagbag.py:536} INFO - Filling up the DagBag from /usr/local/lib/python3.10/dist-packages/airflow/example_dags/example_params_ui_tutorial.py
[2023-11-22T15:44:24.701+0500] {processor.py:839} INFO - DAG(s) dict_keys(['example_params_ui_tutorial']) retrieved from /usr/local/lib/python3.10/dist-packages/airflow/example_dags/example_params_ui_tutorial.py
[2023-11-22T15:44:25.285+0500] {logging_mixin.py:154} INFO - [2023-11-22T15:44:25.284+0500] {dag.py:2941} INFO - Sync 1 DAGs
[2023-11-22T15:44:25.392+0500] {logging_mixin.py:154} INFO - [2023-11-22T15:44:25.392+0500] {dag.py:3722} INFO - Setting next_dagrun for example_params_ui_tutorial to None, run_after=None
[2023-11-22T15:44:25.586+0500] {processor.py:179} INFO - Processing /usr/local/lib/python3.10/dist-packages/airflow/example_dags/example_params_ui_tutorial.py took 1.128 seconds
[2023-11-22T15:44:55.997+0500] {processor.py:157} INFO - Started process (PID=14830) to work on /usr/local/lib/python3.10/dist-packages/airflow/example_dags/example_params_ui_tutorial.py
[2023-11-22T15:44:56.000+0500] {processor.py:829} INFO - Processing file /usr/local/lib/python3.10/dist-packages/airflow/example_dags/example_params_ui_tutorial.py for tasks to queue
[2023-11-22T15:44:56.003+0500] {logging_mixin.py:154} INFO - [2023-11-22T15:44:56.002+0500] {dagbag.py:536} INFO - Filling up the DagBag from /usr/local/lib/python3.10/dist-packages/airflow/example_dags/example_params_ui_tutorial.py
[2023-11-22T15:44:56.227+0500] {processor.py:839} INFO - DAG(s) dict_keys(['example_params_ui_tutorial']) retrieved from /usr/local/lib/python3.10/dist-packages/airflow/example_dags/example_params_ui_tutorial.py
[2023-11-22T15:44:56.699+0500] {logging_mixin.py:154} INFO - [2023-11-22T15:44:56.699+0500] {dag.py:2941} INFO - Sync 1 DAGs
[2023-11-22T15:44:56.767+0500] {logging_mixin.py:154} INFO - [2023-11-22T15:44:56.766+0500] {dag.py:3722} INFO - Setting next_dagrun for example_params_ui_tutorial to None, run_after=None
[2023-11-22T15:44:56.857+0500] {processor.py:179} INFO - Processing /usr/local/lib/python3.10/dist-packages/airflow/example_dags/example_params_ui_tutorial.py took 0.874 seconds
[2023-11-22T15:45:27.293+0500] {processor.py:157} INFO - Started process (PID=14990) to work on /usr/local/lib/python3.10/dist-packages/airflow/example_dags/example_params_ui_tutorial.py
[2023-11-22T15:45:27.309+0500] {processor.py:829} INFO - Processing file /usr/local/lib/python3.10/dist-packages/airflow/example_dags/example_params_ui_tutorial.py for tasks to queue
[2023-11-22T15:45:27.312+0500] {logging_mixin.py:154} INFO - [2023-11-22T15:45:27.311+0500] {dagbag.py:536} INFO - Filling up the DagBag from /usr/local/lib/python3.10/dist-packages/airflow/example_dags/example_params_ui_tutorial.py
[2023-11-22T15:45:27.540+0500] {processor.py:839} INFO - DAG(s) dict_keys(['example_params_ui_tutorial']) retrieved from /usr/local/lib/python3.10/dist-packages/airflow/example_dags/example_params_ui_tutorial.py
[2023-11-22T15:45:27.996+0500] {logging_mixin.py:154} INFO - [2023-11-22T15:45:27.995+0500] {dag.py:2941} INFO - Sync 1 DAGs
[2023-11-22T15:45:28.068+0500] {logging_mixin.py:154} INFO - [2023-11-22T15:45:28.067+0500] {dag.py:3722} INFO - Setting next_dagrun for example_params_ui_tutorial to None, run_after=None
[2023-11-22T15:45:28.154+0500] {processor.py:179} INFO - Processing /usr/local/lib/python3.10/dist-packages/airflow/example_dags/example_params_ui_tutorial.py took 0.875 seconds
[2023-11-22T15:45:58.610+0500] {processor.py:157} INFO - Started process (PID=15118) to work on /usr/local/lib/python3.10/dist-packages/airflow/example_dags/example_params_ui_tutorial.py
[2023-11-22T15:45:58.612+0500] {processor.py:829} INFO - Processing file /usr/local/lib/python3.10/dist-packages/airflow/example_dags/example_params_ui_tutorial.py for tasks to queue
[2023-11-22T15:45:58.618+0500] {logging_mixin.py:154} INFO - [2023-11-22T15:45:58.617+0500] {dagbag.py:536} INFO - Filling up the DagBag from /usr/local/lib/python3.10/dist-packages/airflow/example_dags/example_params_ui_tutorial.py
[2023-11-22T15:45:58.868+0500] {processor.py:839} INFO - DAG(s) dict_keys(['example_params_ui_tutorial']) retrieved from /usr/local/lib/python3.10/dist-packages/airflow/example_dags/example_params_ui_tutorial.py
[2023-11-22T15:45:59.353+0500] {logging_mixin.py:154} INFO - [2023-11-22T15:45:59.353+0500] {dag.py:2941} INFO - Sync 1 DAGs
[2023-11-22T15:45:59.456+0500] {logging_mixin.py:154} INFO - [2023-11-22T15:45:59.456+0500] {dag.py:3722} INFO - Setting next_dagrun for example_params_ui_tutorial to None, run_after=None
[2023-11-22T15:45:59.644+0500] {processor.py:179} INFO - Processing /usr/local/lib/python3.10/dist-packages/airflow/example_dags/example_params_ui_tutorial.py took 1.049 seconds
[2023-11-22T15:46:30.345+0500] {processor.py:157} INFO - Started process (PID=15257) to work on /usr/local/lib/python3.10/dist-packages/airflow/example_dags/example_params_ui_tutorial.py
[2023-11-22T15:46:30.351+0500] {processor.py:829} INFO - Processing file /usr/local/lib/python3.10/dist-packages/airflow/example_dags/example_params_ui_tutorial.py for tasks to queue
[2023-11-22T15:46:30.354+0500] {logging_mixin.py:154} INFO - [2023-11-22T15:46:30.353+0500] {dagbag.py:536} INFO - Filling up the DagBag from /usr/local/lib/python3.10/dist-packages/airflow/example_dags/example_params_ui_tutorial.py
[2023-11-22T15:46:30.665+0500] {processor.py:839} INFO - DAG(s) dict_keys(['example_params_ui_tutorial']) retrieved from /usr/local/lib/python3.10/dist-packages/airflow/example_dags/example_params_ui_tutorial.py
[2023-11-22T15:46:31.091+0500] {logging_mixin.py:154} INFO - [2023-11-22T15:46:31.090+0500] {dag.py:2941} INFO - Sync 1 DAGs
[2023-11-22T15:46:31.145+0500] {logging_mixin.py:154} INFO - [2023-11-22T15:46:31.144+0500] {dag.py:3722} INFO - Setting next_dagrun for example_params_ui_tutorial to None, run_after=None
[2023-11-22T15:46:31.238+0500] {processor.py:179} INFO - Processing /usr/local/lib/python3.10/dist-packages/airflow/example_dags/example_params_ui_tutorial.py took 0.906 seconds
[2023-11-22T15:47:01.730+0500] {processor.py:157} INFO - Started process (PID=15415) to work on /usr/local/lib/python3.10/dist-packages/airflow/example_dags/example_params_ui_tutorial.py
[2023-11-22T15:47:01.733+0500] {processor.py:829} INFO - Processing file /usr/local/lib/python3.10/dist-packages/airflow/example_dags/example_params_ui_tutorial.py for tasks to queue
[2023-11-22T15:47:01.737+0500] {logging_mixin.py:154} INFO - [2023-11-22T15:47:01.736+0500] {dagbag.py:536} INFO - Filling up the DagBag from /usr/local/lib/python3.10/dist-packages/airflow/example_dags/example_params_ui_tutorial.py
[2023-11-22T15:47:02.070+0500] {processor.py:839} INFO - DAG(s) dict_keys(['example_params_ui_tutorial']) retrieved from /usr/local/lib/python3.10/dist-packages/airflow/example_dags/example_params_ui_tutorial.py
[2023-11-22T15:47:02.588+0500] {logging_mixin.py:154} INFO - [2023-11-22T15:47:02.587+0500] {dag.py:2941} INFO - Sync 1 DAGs
[2023-11-22T15:47:02.649+0500] {logging_mixin.py:154} INFO - [2023-11-22T15:47:02.649+0500] {dag.py:3722} INFO - Setting next_dagrun for example_params_ui_tutorial to None, run_after=None
[2023-11-22T15:47:02.737+0500] {processor.py:179} INFO - Processing /usr/local/lib/python3.10/dist-packages/airflow/example_dags/example_params_ui_tutorial.py took 1.018 seconds
[2023-11-22T15:47:33.335+0500] {processor.py:157} INFO - Started process (PID=15582) to work on /usr/local/lib/python3.10/dist-packages/airflow/example_dags/example_params_ui_tutorial.py
[2023-11-22T15:47:33.338+0500] {processor.py:829} INFO - Processing file /usr/local/lib/python3.10/dist-packages/airflow/example_dags/example_params_ui_tutorial.py for tasks to queue
[2023-11-22T15:47:33.341+0500] {logging_mixin.py:154} INFO - [2023-11-22T15:47:33.340+0500] {dagbag.py:536} INFO - Filling up the DagBag from /usr/local/lib/python3.10/dist-packages/airflow/example_dags/example_params_ui_tutorial.py
[2023-11-22T15:47:33.574+0500] {processor.py:839} INFO - DAG(s) dict_keys(['example_params_ui_tutorial']) retrieved from /usr/local/lib/python3.10/dist-packages/airflow/example_dags/example_params_ui_tutorial.py
[2023-11-22T15:47:33.987+0500] {logging_mixin.py:154} INFO - [2023-11-22T15:47:33.986+0500] {dag.py:2941} INFO - Sync 1 DAGs
[2023-11-22T15:47:34.037+0500] {logging_mixin.py:154} INFO - [2023-11-22T15:47:34.036+0500] {dag.py:3722} INFO - Setting next_dagrun for example_params_ui_tutorial to None, run_after=None
[2023-11-22T15:47:34.106+0500] {processor.py:179} INFO - Processing /usr/local/lib/python3.10/dist-packages/airflow/example_dags/example_params_ui_tutorial.py took 0.783 seconds
[2023-11-22T15:48:04.332+0500] {processor.py:157} INFO - Started process (PID=15734) to work on /usr/local/lib/python3.10/dist-packages/airflow/example_dags/example_params_ui_tutorial.py
[2023-11-22T15:48:04.335+0500] {processor.py:829} INFO - Processing file /usr/local/lib/python3.10/dist-packages/airflow/example_dags/example_params_ui_tutorial.py for tasks to queue
[2023-11-22T15:48:04.338+0500] {logging_mixin.py:154} INFO - [2023-11-22T15:48:04.337+0500] {dagbag.py:536} INFO - Filling up the DagBag from /usr/local/lib/python3.10/dist-packages/airflow/example_dags/example_params_ui_tutorial.py
[2023-11-22T15:48:04.594+0500] {processor.py:839} INFO - DAG(s) dict_keys(['example_params_ui_tutorial']) retrieved from /usr/local/lib/python3.10/dist-packages/airflow/example_dags/example_params_ui_tutorial.py
[2023-11-22T15:48:05.053+0500] {logging_mixin.py:154} INFO - [2023-11-22T15:48:05.052+0500] {dag.py:2941} INFO - Sync 1 DAGs
[2023-11-22T15:48:05.225+0500] {logging_mixin.py:154} INFO - [2023-11-22T15:48:05.224+0500] {dag.py:3722} INFO - Setting next_dagrun for example_params_ui_tutorial to None, run_after=None
[2023-11-22T15:48:05.405+0500] {processor.py:179} INFO - Processing /usr/local/lib/python3.10/dist-packages/airflow/example_dags/example_params_ui_tutorial.py took 1.083 seconds
[2023-11-22T15:48:36.051+0500] {processor.py:157} INFO - Started process (PID=15854) to work on /usr/local/lib/python3.10/dist-packages/airflow/example_dags/example_params_ui_tutorial.py
[2023-11-22T15:48:36.061+0500] {processor.py:829} INFO - Processing file /usr/local/lib/python3.10/dist-packages/airflow/example_dags/example_params_ui_tutorial.py for tasks to queue
[2023-11-22T15:48:36.065+0500] {logging_mixin.py:154} INFO - [2023-11-22T15:48:36.064+0500] {dagbag.py:536} INFO - Filling up the DagBag from /usr/local/lib/python3.10/dist-packages/airflow/example_dags/example_params_ui_tutorial.py
[2023-11-22T15:48:36.327+0500] {processor.py:839} INFO - DAG(s) dict_keys(['example_params_ui_tutorial']) retrieved from /usr/local/lib/python3.10/dist-packages/airflow/example_dags/example_params_ui_tutorial.py
[2023-11-22T15:48:36.817+0500] {logging_mixin.py:154} INFO - [2023-11-22T15:48:36.816+0500] {dag.py:2941} INFO - Sync 1 DAGs
[2023-11-22T15:48:36.922+0500] {logging_mixin.py:154} INFO - [2023-11-22T15:48:36.917+0500] {dag.py:3722} INFO - Setting next_dagrun for example_params_ui_tutorial to None, run_after=None
[2023-11-22T15:48:37.059+0500] {processor.py:179} INFO - Processing /usr/local/lib/python3.10/dist-packages/airflow/example_dags/example_params_ui_tutorial.py took 1.024 seconds
[2023-11-22T15:49:07.272+0500] {processor.py:157} INFO - Started process (PID=16007) to work on /usr/local/lib/python3.10/dist-packages/airflow/example_dags/example_params_ui_tutorial.py
[2023-11-22T15:49:07.275+0500] {processor.py:829} INFO - Processing file /usr/local/lib/python3.10/dist-packages/airflow/example_dags/example_params_ui_tutorial.py for tasks to queue
[2023-11-22T15:49:07.278+0500] {logging_mixin.py:154} INFO - [2023-11-22T15:49:07.277+0500] {dagbag.py:536} INFO - Filling up the DagBag from /usr/local/lib/python3.10/dist-packages/airflow/example_dags/example_params_ui_tutorial.py
[2023-11-22T15:49:07.505+0500] {processor.py:839} INFO - DAG(s) dict_keys(['example_params_ui_tutorial']) retrieved from /usr/local/lib/python3.10/dist-packages/airflow/example_dags/example_params_ui_tutorial.py
[2023-11-22T15:49:08.151+0500] {logging_mixin.py:154} INFO - [2023-11-22T15:49:08.150+0500] {dag.py:2941} INFO - Sync 1 DAGs
[2023-11-22T15:49:08.207+0500] {logging_mixin.py:154} INFO - [2023-11-22T15:49:08.206+0500] {dag.py:3722} INFO - Setting next_dagrun for example_params_ui_tutorial to None, run_after=None
[2023-11-22T15:49:08.284+0500] {processor.py:179} INFO - Processing /usr/local/lib/python3.10/dist-packages/airflow/example_dags/example_params_ui_tutorial.py took 1.023 seconds
[2023-11-22T15:49:38.651+0500] {processor.py:157} INFO - Started process (PID=16124) to work on /usr/local/lib/python3.10/dist-packages/airflow/example_dags/example_params_ui_tutorial.py
[2023-11-22T15:49:38.655+0500] {processor.py:829} INFO - Processing file /usr/local/lib/python3.10/dist-packages/airflow/example_dags/example_params_ui_tutorial.py for tasks to queue
[2023-11-22T15:49:38.658+0500] {logging_mixin.py:154} INFO - [2023-11-22T15:49:38.657+0500] {dagbag.py:536} INFO - Filling up the DagBag from /usr/local/lib/python3.10/dist-packages/airflow/example_dags/example_params_ui_tutorial.py
[2023-11-22T15:49:39.445+0500] {processor.py:839} INFO - DAG(s) dict_keys(['example_params_ui_tutorial']) retrieved from /usr/local/lib/python3.10/dist-packages/airflow/example_dags/example_params_ui_tutorial.py
[2023-11-22T15:49:40.056+0500] {logging_mixin.py:154} INFO - [2023-11-22T15:49:40.056+0500] {dag.py:2941} INFO - Sync 1 DAGs
[2023-11-22T15:49:40.121+0500] {logging_mixin.py:154} INFO - [2023-11-22T15:49:40.120+0500] {dag.py:3722} INFO - Setting next_dagrun for example_params_ui_tutorial to None, run_after=None
[2023-11-22T15:49:40.313+0500] {processor.py:179} INFO - Processing /usr/local/lib/python3.10/dist-packages/airflow/example_dags/example_params_ui_tutorial.py took 1.718 seconds
[2023-11-22T15:50:10.526+0500] {processor.py:157} INFO - Started process (PID=16268) to work on /usr/local/lib/python3.10/dist-packages/airflow/example_dags/example_params_ui_tutorial.py
[2023-11-22T15:50:10.529+0500] {processor.py:829} INFO - Processing file /usr/local/lib/python3.10/dist-packages/airflow/example_dags/example_params_ui_tutorial.py for tasks to queue
[2023-11-22T15:50:10.532+0500] {logging_mixin.py:154} INFO - [2023-11-22T15:50:10.531+0500] {dagbag.py:536} INFO - Filling up the DagBag from /usr/local/lib/python3.10/dist-packages/airflow/example_dags/example_params_ui_tutorial.py
[2023-11-22T15:50:10.823+0500] {processor.py:839} INFO - DAG(s) dict_keys(['example_params_ui_tutorial']) retrieved from /usr/local/lib/python3.10/dist-packages/airflow/example_dags/example_params_ui_tutorial.py
[2023-11-22T15:50:11.244+0500] {logging_mixin.py:154} INFO - [2023-11-22T15:50:11.243+0500] {dag.py:2941} INFO - Sync 1 DAGs
[2023-11-22T15:50:11.300+0500] {logging_mixin.py:154} INFO - [2023-11-22T15:50:11.299+0500] {dag.py:3722} INFO - Setting next_dagrun for example_params_ui_tutorial to None, run_after=None
[2023-11-22T15:50:11.382+0500] {processor.py:179} INFO - Processing /usr/local/lib/python3.10/dist-packages/airflow/example_dags/example_params_ui_tutorial.py took 0.868 seconds
[2023-11-22T15:50:41.916+0500] {processor.py:157} INFO - Started process (PID=16418) to work on /usr/local/lib/python3.10/dist-packages/airflow/example_dags/example_params_ui_tutorial.py
[2023-11-22T15:50:41.919+0500] {processor.py:829} INFO - Processing file /usr/local/lib/python3.10/dist-packages/airflow/example_dags/example_params_ui_tutorial.py for tasks to queue
[2023-11-22T15:50:41.922+0500] {logging_mixin.py:154} INFO - [2023-11-22T15:50:41.921+0500] {dagbag.py:536} INFO - Filling up the DagBag from /usr/local/lib/python3.10/dist-packages/airflow/example_dags/example_params_ui_tutorial.py
[2023-11-22T15:50:42.148+0500] {processor.py:839} INFO - DAG(s) dict_keys(['example_params_ui_tutorial']) retrieved from /usr/local/lib/python3.10/dist-packages/airflow/example_dags/example_params_ui_tutorial.py
[2023-11-22T15:50:42.629+0500] {logging_mixin.py:154} INFO - [2023-11-22T15:50:42.628+0500] {dag.py:2941} INFO - Sync 1 DAGs
[2023-11-22T15:50:42.694+0500] {logging_mixin.py:154} INFO - [2023-11-22T15:50:42.689+0500] {dag.py:3722} INFO - Setting next_dagrun for example_params_ui_tutorial to None, run_after=None
[2023-11-22T15:50:42.922+0500] {processor.py:179} INFO - Processing /usr/local/lib/python3.10/dist-packages/airflow/example_dags/example_params_ui_tutorial.py took 1.018 seconds
[2023-11-22T15:51:14.347+0500] {processor.py:157} INFO - Started process (PID=16535) to work on /usr/local/lib/python3.10/dist-packages/airflow/example_dags/example_params_ui_tutorial.py
[2023-11-22T15:51:14.355+0500] {processor.py:829} INFO - Processing file /usr/local/lib/python3.10/dist-packages/airflow/example_dags/example_params_ui_tutorial.py for tasks to queue
[2023-11-22T15:51:14.363+0500] {logging_mixin.py:154} INFO - [2023-11-22T15:51:14.357+0500] {dagbag.py:536} INFO - Filling up the DagBag from /usr/local/lib/python3.10/dist-packages/airflow/example_dags/example_params_ui_tutorial.py
[2023-11-22T15:51:14.884+0500] {processor.py:839} INFO - DAG(s) dict_keys(['example_params_ui_tutorial']) retrieved from /usr/local/lib/python3.10/dist-packages/airflow/example_dags/example_params_ui_tutorial.py
[2023-11-22T15:51:15.369+0500] {logging_mixin.py:154} INFO - [2023-11-22T15:51:15.368+0500] {dag.py:2941} INFO - Sync 1 DAGs
[2023-11-22T15:51:15.434+0500] {logging_mixin.py:154} INFO - [2023-11-22T15:51:15.433+0500] {dag.py:3722} INFO - Setting next_dagrun for example_params_ui_tutorial to None, run_after=None
[2023-11-22T15:51:15.541+0500] {processor.py:179} INFO - Processing /usr/local/lib/python3.10/dist-packages/airflow/example_dags/example_params_ui_tutorial.py took 1.232 seconds
[2023-11-22T15:51:45.692+0500] {processor.py:157} INFO - Started process (PID=16688) to work on /usr/local/lib/python3.10/dist-packages/airflow/example_dags/example_params_ui_tutorial.py
[2023-11-22T15:51:45.695+0500] {processor.py:829} INFO - Processing file /usr/local/lib/python3.10/dist-packages/airflow/example_dags/example_params_ui_tutorial.py for tasks to queue
[2023-11-22T15:51:45.698+0500] {logging_mixin.py:154} INFO - [2023-11-22T15:51:45.697+0500] {dagbag.py:536} INFO - Filling up the DagBag from /usr/local/lib/python3.10/dist-packages/airflow/example_dags/example_params_ui_tutorial.py
[2023-11-22T15:51:45.923+0500] {processor.py:839} INFO - DAG(s) dict_keys(['example_params_ui_tutorial']) retrieved from /usr/local/lib/python3.10/dist-packages/airflow/example_dags/example_params_ui_tutorial.py
[2023-11-22T15:51:46.420+0500] {logging_mixin.py:154} INFO - [2023-11-22T15:51:46.419+0500] {dag.py:2941} INFO - Sync 1 DAGs
[2023-11-22T15:51:46.480+0500] {logging_mixin.py:154} INFO - [2023-11-22T15:51:46.479+0500] {dag.py:3722} INFO - Setting next_dagrun for example_params_ui_tutorial to None, run_after=None
[2023-11-22T15:51:46.561+0500] {processor.py:179} INFO - Processing /usr/local/lib/python3.10/dist-packages/airflow/example_dags/example_params_ui_tutorial.py took 0.881 seconds
[2023-11-22T15:52:17.300+0500] {processor.py:157} INFO - Started process (PID=16829) to work on /usr/local/lib/python3.10/dist-packages/airflow/example_dags/example_params_ui_tutorial.py
[2023-11-22T15:52:17.307+0500] {processor.py:829} INFO - Processing file /usr/local/lib/python3.10/dist-packages/airflow/example_dags/example_params_ui_tutorial.py for tasks to queue
[2023-11-22T15:52:17.310+0500] {logging_mixin.py:154} INFO - [2023-11-22T15:52:17.309+0500] {dagbag.py:536} INFO - Filling up the DagBag from /usr/local/lib/python3.10/dist-packages/airflow/example_dags/example_params_ui_tutorial.py
[2023-11-22T15:52:17.567+0500] {processor.py:839} INFO - DAG(s) dict_keys(['example_params_ui_tutorial']) retrieved from /usr/local/lib/python3.10/dist-packages/airflow/example_dags/example_params_ui_tutorial.py
[2023-11-22T15:52:18.069+0500] {logging_mixin.py:154} INFO - [2023-11-22T15:52:18.069+0500] {dag.py:2941} INFO - Sync 1 DAGs
[2023-11-22T15:52:18.133+0500] {logging_mixin.py:154} INFO - [2023-11-22T15:52:18.133+0500] {dag.py:3722} INFO - Setting next_dagrun for example_params_ui_tutorial to None, run_after=None
[2023-11-22T15:52:18.222+0500] {processor.py:179} INFO - Processing /usr/local/lib/python3.10/dist-packages/airflow/example_dags/example_params_ui_tutorial.py took 0.935 seconds
[2023-11-22T15:52:48.702+0500] {processor.py:157} INFO - Started process (PID=16974) to work on /usr/local/lib/python3.10/dist-packages/airflow/example_dags/example_params_ui_tutorial.py
[2023-11-22T15:52:48.705+0500] {processor.py:829} INFO - Processing file /usr/local/lib/python3.10/dist-packages/airflow/example_dags/example_params_ui_tutorial.py for tasks to queue
[2023-11-22T15:52:48.716+0500] {logging_mixin.py:154} INFO - [2023-11-22T15:52:48.714+0500] {dagbag.py:536} INFO - Filling up the DagBag from /usr/local/lib/python3.10/dist-packages/airflow/example_dags/example_params_ui_tutorial.py
[2023-11-22T15:52:49.001+0500] {processor.py:839} INFO - DAG(s) dict_keys(['example_params_ui_tutorial']) retrieved from /usr/local/lib/python3.10/dist-packages/airflow/example_dags/example_params_ui_tutorial.py
[2023-11-22T15:52:49.534+0500] {logging_mixin.py:154} INFO - [2023-11-22T15:52:49.533+0500] {dag.py:2941} INFO - Sync 1 DAGs
[2023-11-22T15:52:49.603+0500] {logging_mixin.py:154} INFO - [2023-11-22T15:52:49.602+0500] {dag.py:3722} INFO - Setting next_dagrun for example_params_ui_tutorial to None, run_after=None
[2023-11-22T15:52:49.694+0500] {processor.py:179} INFO - Processing /usr/local/lib/python3.10/dist-packages/airflow/example_dags/example_params_ui_tutorial.py took 1.003 seconds
[2023-11-22T15:53:19.886+0500] {processor.py:157} INFO - Started process (PID=17138) to work on /usr/local/lib/python3.10/dist-packages/airflow/example_dags/example_params_ui_tutorial.py
[2023-11-22T15:53:19.891+0500] {processor.py:829} INFO - Processing file /usr/local/lib/python3.10/dist-packages/airflow/example_dags/example_params_ui_tutorial.py for tasks to queue
[2023-11-22T15:53:19.894+0500] {logging_mixin.py:154} INFO - [2023-11-22T15:53:19.893+0500] {dagbag.py:536} INFO - Filling up the DagBag from /usr/local/lib/python3.10/dist-packages/airflow/example_dags/example_params_ui_tutorial.py
[2023-11-22T15:53:20.223+0500] {processor.py:839} INFO - DAG(s) dict_keys(['example_params_ui_tutorial']) retrieved from /usr/local/lib/python3.10/dist-packages/airflow/example_dags/example_params_ui_tutorial.py
[2023-11-22T15:53:20.772+0500] {logging_mixin.py:154} INFO - [2023-11-22T15:53:20.770+0500] {dag.py:2941} INFO - Sync 1 DAGs
[2023-11-22T15:53:20.862+0500] {logging_mixin.py:154} INFO - [2023-11-22T15:53:20.861+0500] {dag.py:3722} INFO - Setting next_dagrun for example_params_ui_tutorial to None, run_after=None
[2023-11-22T15:53:21.017+0500] {processor.py:179} INFO - Processing /usr/local/lib/python3.10/dist-packages/airflow/example_dags/example_params_ui_tutorial.py took 1.144 seconds
[2023-11-22T15:53:54.433+0500] {processor.py:157} INFO - Started process (PID=17334) to work on /usr/local/lib/python3.10/dist-packages/airflow/example_dags/example_params_ui_tutorial.py
[2023-11-22T15:53:54.436+0500] {processor.py:829} INFO - Processing file /usr/local/lib/python3.10/dist-packages/airflow/example_dags/example_params_ui_tutorial.py for tasks to queue
[2023-11-22T15:53:54.439+0500] {logging_mixin.py:154} INFO - [2023-11-22T15:53:54.438+0500] {dagbag.py:536} INFO - Filling up the DagBag from /usr/local/lib/python3.10/dist-packages/airflow/example_dags/example_params_ui_tutorial.py
[2023-11-22T15:53:54.740+0500] {processor.py:839} INFO - DAG(s) dict_keys(['example_params_ui_tutorial']) retrieved from /usr/local/lib/python3.10/dist-packages/airflow/example_dags/example_params_ui_tutorial.py
[2023-11-22T15:53:55.334+0500] {logging_mixin.py:154} INFO - [2023-11-22T15:53:55.333+0500] {dag.py:2941} INFO - Sync 1 DAGs
[2023-11-22T15:53:55.407+0500] {logging_mixin.py:154} INFO - [2023-11-22T15:53:55.406+0500] {dag.py:3722} INFO - Setting next_dagrun for example_params_ui_tutorial to None, run_after=None
[2023-11-22T15:53:55.596+0500] {processor.py:179} INFO - Processing /usr/local/lib/python3.10/dist-packages/airflow/example_dags/example_params_ui_tutorial.py took 1.175 seconds
[2023-11-22T15:54:28.469+0500] {processor.py:157} INFO - Started process (PID=17548) to work on /usr/local/lib/python3.10/dist-packages/airflow/example_dags/example_params_ui_tutorial.py
[2023-11-22T15:54:28.471+0500] {processor.py:829} INFO - Processing file /usr/local/lib/python3.10/dist-packages/airflow/example_dags/example_params_ui_tutorial.py for tasks to queue
[2023-11-22T15:54:28.476+0500] {logging_mixin.py:154} INFO - [2023-11-22T15:54:28.474+0500] {dagbag.py:536} INFO - Filling up the DagBag from /usr/local/lib/python3.10/dist-packages/airflow/example_dags/example_params_ui_tutorial.py
[2023-11-22T15:54:28.731+0500] {processor.py:839} INFO - DAG(s) dict_keys(['example_params_ui_tutorial']) retrieved from /usr/local/lib/python3.10/dist-packages/airflow/example_dags/example_params_ui_tutorial.py
[2023-11-22T15:54:29.307+0500] {logging_mixin.py:154} INFO - [2023-11-22T15:54:29.305+0500] {dag.py:2941} INFO - Sync 1 DAGs
[2023-11-22T15:54:29.394+0500] {logging_mixin.py:154} INFO - [2023-11-22T15:54:29.393+0500] {dag.py:3722} INFO - Setting next_dagrun for example_params_ui_tutorial to None, run_after=None
[2023-11-22T15:54:29.534+0500] {processor.py:179} INFO - Processing /usr/local/lib/python3.10/dist-packages/airflow/example_dags/example_params_ui_tutorial.py took 1.078 seconds
[2023-11-22T15:55:01.192+0500] {processor.py:157} INFO - Started process (PID=17699) to work on /usr/local/lib/python3.10/dist-packages/airflow/example_dags/example_params_ui_tutorial.py
[2023-11-22T15:55:01.194+0500] {processor.py:829} INFO - Processing file /usr/local/lib/python3.10/dist-packages/airflow/example_dags/example_params_ui_tutorial.py for tasks to queue
[2023-11-22T15:55:01.197+0500] {logging_mixin.py:154} INFO - [2023-11-22T15:55:01.196+0500] {dagbag.py:536} INFO - Filling up the DagBag from /usr/local/lib/python3.10/dist-packages/airflow/example_dags/example_params_ui_tutorial.py
[2023-11-22T15:55:01.605+0500] {processor.py:839} INFO - DAG(s) dict_keys(['example_params_ui_tutorial']) retrieved from /usr/local/lib/python3.10/dist-packages/airflow/example_dags/example_params_ui_tutorial.py
[2023-11-22T15:55:02.160+0500] {logging_mixin.py:154} INFO - [2023-11-22T15:55:02.160+0500] {dag.py:2941} INFO - Sync 1 DAGs
[2023-11-22T15:55:02.302+0500] {logging_mixin.py:154} INFO - [2023-11-22T15:55:02.289+0500] {dag.py:3722} INFO - Setting next_dagrun for example_params_ui_tutorial to None, run_after=None
[2023-11-22T15:55:02.414+0500] {processor.py:179} INFO - Processing /usr/local/lib/python3.10/dist-packages/airflow/example_dags/example_params_ui_tutorial.py took 1.235 seconds
[2023-11-22T15:55:32.829+0500] {processor.py:157} INFO - Started process (PID=18138) to work on /usr/local/lib/python3.10/dist-packages/airflow/example_dags/example_params_ui_tutorial.py
[2023-11-22T15:55:32.832+0500] {processor.py:829} INFO - Processing file /usr/local/lib/python3.10/dist-packages/airflow/example_dags/example_params_ui_tutorial.py for tasks to queue
[2023-11-22T15:55:32.835+0500] {logging_mixin.py:154} INFO - [2023-11-22T15:55:32.834+0500] {dagbag.py:536} INFO - Filling up the DagBag from /usr/local/lib/python3.10/dist-packages/airflow/example_dags/example_params_ui_tutorial.py
[2023-11-22T15:55:33.079+0500] {processor.py:839} INFO - DAG(s) dict_keys(['example_params_ui_tutorial']) retrieved from /usr/local/lib/python3.10/dist-packages/airflow/example_dags/example_params_ui_tutorial.py
[2023-11-22T15:55:33.616+0500] {logging_mixin.py:154} INFO - [2023-11-22T15:55:33.615+0500] {dag.py:2941} INFO - Sync 1 DAGs
[2023-11-22T15:55:33.671+0500] {logging_mixin.py:154} INFO - [2023-11-22T15:55:33.671+0500] {dag.py:3722} INFO - Setting next_dagrun for example_params_ui_tutorial to None, run_after=None
[2023-11-22T15:55:33.751+0500] {processor.py:179} INFO - Processing /usr/local/lib/python3.10/dist-packages/airflow/example_dags/example_params_ui_tutorial.py took 0.934 seconds
[2023-11-22T15:56:04.122+0500] {processor.py:157} INFO - Started process (PID=18254) to work on /usr/local/lib/python3.10/dist-packages/airflow/example_dags/example_params_ui_tutorial.py
[2023-11-22T15:56:04.125+0500] {processor.py:829} INFO - Processing file /usr/local/lib/python3.10/dist-packages/airflow/example_dags/example_params_ui_tutorial.py for tasks to queue
[2023-11-22T15:56:04.128+0500] {logging_mixin.py:154} INFO - [2023-11-22T15:56:04.127+0500] {dagbag.py:536} INFO - Filling up the DagBag from /usr/local/lib/python3.10/dist-packages/airflow/example_dags/example_params_ui_tutorial.py
[2023-11-22T15:56:04.342+0500] {processor.py:839} INFO - DAG(s) dict_keys(['example_params_ui_tutorial']) retrieved from /usr/local/lib/python3.10/dist-packages/airflow/example_dags/example_params_ui_tutorial.py
[2023-11-22T15:56:04.787+0500] {logging_mixin.py:154} INFO - [2023-11-22T15:56:04.787+0500] {dag.py:2941} INFO - Sync 1 DAGs
[2023-11-22T15:56:04.839+0500] {logging_mixin.py:154} INFO - [2023-11-22T15:56:04.838+0500] {dag.py:3722} INFO - Setting next_dagrun for example_params_ui_tutorial to None, run_after=None
[2023-11-22T15:56:04.913+0500] {processor.py:179} INFO - Processing /usr/local/lib/python3.10/dist-packages/airflow/example_dags/example_params_ui_tutorial.py took 0.803 seconds
[2023-11-22T15:56:35.199+0500] {processor.py:157} INFO - Started process (PID=18355) to work on /usr/local/lib/python3.10/dist-packages/airflow/example_dags/example_params_ui_tutorial.py
[2023-11-22T15:56:35.201+0500] {processor.py:829} INFO - Processing file /usr/local/lib/python3.10/dist-packages/airflow/example_dags/example_params_ui_tutorial.py for tasks to queue
[2023-11-22T15:56:35.205+0500] {logging_mixin.py:154} INFO - [2023-11-22T15:56:35.203+0500] {dagbag.py:536} INFO - Filling up the DagBag from /usr/local/lib/python3.10/dist-packages/airflow/example_dags/example_params_ui_tutorial.py
[2023-11-22T15:56:35.418+0500] {processor.py:839} INFO - DAG(s) dict_keys(['example_params_ui_tutorial']) retrieved from /usr/local/lib/python3.10/dist-packages/airflow/example_dags/example_params_ui_tutorial.py
[2023-11-22T15:56:35.862+0500] {logging_mixin.py:154} INFO - [2023-11-22T15:56:35.861+0500] {dag.py:2941} INFO - Sync 1 DAGs
[2023-11-22T15:56:35.920+0500] {logging_mixin.py:154} INFO - [2023-11-22T15:56:35.920+0500] {dag.py:3722} INFO - Setting next_dagrun for example_params_ui_tutorial to None, run_after=None
[2023-11-22T15:56:35.996+0500] {processor.py:179} INFO - Processing /usr/local/lib/python3.10/dist-packages/airflow/example_dags/example_params_ui_tutorial.py took 0.809 seconds
[2023-11-22T15:57:06.433+0500] {processor.py:157} INFO - Started process (PID=18473) to work on /usr/local/lib/python3.10/dist-packages/airflow/example_dags/example_params_ui_tutorial.py
[2023-11-22T15:57:06.451+0500] {processor.py:829} INFO - Processing file /usr/local/lib/python3.10/dist-packages/airflow/example_dags/example_params_ui_tutorial.py for tasks to queue
[2023-11-22T15:57:06.453+0500] {logging_mixin.py:154} INFO - [2023-11-22T15:57:06.452+0500] {dagbag.py:536} INFO - Filling up the DagBag from /usr/local/lib/python3.10/dist-packages/airflow/example_dags/example_params_ui_tutorial.py
[2023-11-22T15:57:06.667+0500] {processor.py:839} INFO - DAG(s) dict_keys(['example_params_ui_tutorial']) retrieved from /usr/local/lib/python3.10/dist-packages/airflow/example_dags/example_params_ui_tutorial.py
[2023-11-22T15:57:07.059+0500] {logging_mixin.py:154} INFO - [2023-11-22T15:57:07.058+0500] {dag.py:2941} INFO - Sync 1 DAGs
[2023-11-22T15:57:07.116+0500] {logging_mixin.py:154} INFO - [2023-11-22T15:57:07.115+0500] {dag.py:3722} INFO - Setting next_dagrun for example_params_ui_tutorial to None, run_after=None
[2023-11-22T15:57:07.187+0500] {processor.py:179} INFO - Processing /usr/local/lib/python3.10/dist-packages/airflow/example_dags/example_params_ui_tutorial.py took 0.768 seconds
[2023-11-22T15:57:37.530+0500] {processor.py:157} INFO - Started process (PID=18572) to work on /usr/local/lib/python3.10/dist-packages/airflow/example_dags/example_params_ui_tutorial.py
[2023-11-22T15:57:37.532+0500] {processor.py:829} INFO - Processing file /usr/local/lib/python3.10/dist-packages/airflow/example_dags/example_params_ui_tutorial.py for tasks to queue
[2023-11-22T15:57:37.535+0500] {logging_mixin.py:154} INFO - [2023-11-22T15:57:37.534+0500] {dagbag.py:536} INFO - Filling up the DagBag from /usr/local/lib/python3.10/dist-packages/airflow/example_dags/example_params_ui_tutorial.py
[2023-11-22T15:57:37.745+0500] {processor.py:839} INFO - DAG(s) dict_keys(['example_params_ui_tutorial']) retrieved from /usr/local/lib/python3.10/dist-packages/airflow/example_dags/example_params_ui_tutorial.py
[2023-11-22T15:57:38.172+0500] {logging_mixin.py:154} INFO - [2023-11-22T15:57:38.172+0500] {dag.py:2941} INFO - Sync 1 DAGs
[2023-11-22T15:57:38.225+0500] {logging_mixin.py:154} INFO - [2023-11-22T15:57:38.224+0500] {dag.py:3722} INFO - Setting next_dagrun for example_params_ui_tutorial to None, run_after=None
[2023-11-22T15:57:38.301+0500] {processor.py:179} INFO - Processing /usr/local/lib/python3.10/dist-packages/airflow/example_dags/example_params_ui_tutorial.py took 0.783 seconds
[2023-11-22T15:58:08.928+0500] {processor.py:157} INFO - Started process (PID=18672) to work on /usr/local/lib/python3.10/dist-packages/airflow/example_dags/example_params_ui_tutorial.py
[2023-11-22T15:58:08.933+0500] {processor.py:829} INFO - Processing file /usr/local/lib/python3.10/dist-packages/airflow/example_dags/example_params_ui_tutorial.py for tasks to queue
[2023-11-22T15:58:08.936+0500] {logging_mixin.py:154} INFO - [2023-11-22T15:58:08.935+0500] {dagbag.py:536} INFO - Filling up the DagBag from /usr/local/lib/python3.10/dist-packages/airflow/example_dags/example_params_ui_tutorial.py
[2023-11-22T15:58:09.153+0500] {processor.py:839} INFO - DAG(s) dict_keys(['example_params_ui_tutorial']) retrieved from /usr/local/lib/python3.10/dist-packages/airflow/example_dags/example_params_ui_tutorial.py
[2023-11-22T15:58:09.556+0500] {logging_mixin.py:154} INFO - [2023-11-22T15:58:09.555+0500] {dag.py:2941} INFO - Sync 1 DAGs
[2023-11-22T15:58:09.612+0500] {logging_mixin.py:154} INFO - [2023-11-22T15:58:09.611+0500] {dag.py:3722} INFO - Setting next_dagrun for example_params_ui_tutorial to None, run_after=None
[2023-11-22T15:58:09.700+0500] {processor.py:179} INFO - Processing /usr/local/lib/python3.10/dist-packages/airflow/example_dags/example_params_ui_tutorial.py took 0.783 seconds
[2023-11-22T15:58:39.778+0500] {processor.py:157} INFO - Started process (PID=18771) to work on /usr/local/lib/python3.10/dist-packages/airflow/example_dags/example_params_ui_tutorial.py
[2023-11-22T15:58:39.783+0500] {processor.py:829} INFO - Processing file /usr/local/lib/python3.10/dist-packages/airflow/example_dags/example_params_ui_tutorial.py for tasks to queue
[2023-11-22T15:58:39.786+0500] {logging_mixin.py:154} INFO - [2023-11-22T15:58:39.785+0500] {dagbag.py:536} INFO - Filling up the DagBag from /usr/local/lib/python3.10/dist-packages/airflow/example_dags/example_params_ui_tutorial.py
[2023-11-22T15:58:40.013+0500] {processor.py:839} INFO - DAG(s) dict_keys(['example_params_ui_tutorial']) retrieved from /usr/local/lib/python3.10/dist-packages/airflow/example_dags/example_params_ui_tutorial.py
[2023-11-22T15:58:40.431+0500] {logging_mixin.py:154} INFO - [2023-11-22T15:58:40.431+0500] {dag.py:2941} INFO - Sync 1 DAGs
[2023-11-22T15:58:40.487+0500] {logging_mixin.py:154} INFO - [2023-11-22T15:58:40.487+0500] {dag.py:3722} INFO - Setting next_dagrun for example_params_ui_tutorial to None, run_after=None
[2023-11-22T15:58:40.566+0500] {processor.py:179} INFO - Processing /usr/local/lib/python3.10/dist-packages/airflow/example_dags/example_params_ui_tutorial.py took 0.799 seconds
[2023-11-22T15:59:11.269+0500] {processor.py:157} INFO - Started process (PID=18871) to work on /usr/local/lib/python3.10/dist-packages/airflow/example_dags/example_params_ui_tutorial.py
[2023-11-22T15:59:11.272+0500] {processor.py:829} INFO - Processing file /usr/local/lib/python3.10/dist-packages/airflow/example_dags/example_params_ui_tutorial.py for tasks to queue
[2023-11-22T15:59:11.275+0500] {logging_mixin.py:154} INFO - [2023-11-22T15:59:11.274+0500] {dagbag.py:536} INFO - Filling up the DagBag from /usr/local/lib/python3.10/dist-packages/airflow/example_dags/example_params_ui_tutorial.py
[2023-11-22T15:59:11.496+0500] {processor.py:839} INFO - DAG(s) dict_keys(['example_params_ui_tutorial']) retrieved from /usr/local/lib/python3.10/dist-packages/airflow/example_dags/example_params_ui_tutorial.py
[2023-11-22T15:59:11.915+0500] {logging_mixin.py:154} INFO - [2023-11-22T15:59:11.914+0500] {dag.py:2941} INFO - Sync 1 DAGs
[2023-11-22T15:59:11.972+0500] {logging_mixin.py:154} INFO - [2023-11-22T15:59:11.971+0500] {dag.py:3722} INFO - Setting next_dagrun for example_params_ui_tutorial to None, run_after=None
[2023-11-22T15:59:12.051+0500] {processor.py:179} INFO - Processing /usr/local/lib/python3.10/dist-packages/airflow/example_dags/example_params_ui_tutorial.py took 0.794 seconds
[2023-11-22T15:59:42.328+0500] {processor.py:157} INFO - Started process (PID=18973) to work on /usr/local/lib/python3.10/dist-packages/airflow/example_dags/example_params_ui_tutorial.py
[2023-11-22T15:59:42.331+0500] {processor.py:829} INFO - Processing file /usr/local/lib/python3.10/dist-packages/airflow/example_dags/example_params_ui_tutorial.py for tasks to queue
[2023-11-22T15:59:42.333+0500] {logging_mixin.py:154} INFO - [2023-11-22T15:59:42.332+0500] {dagbag.py:536} INFO - Filling up the DagBag from /usr/local/lib/python3.10/dist-packages/airflow/example_dags/example_params_ui_tutorial.py
[2023-11-22T15:59:42.537+0500] {processor.py:839} INFO - DAG(s) dict_keys(['example_params_ui_tutorial']) retrieved from /usr/local/lib/python3.10/dist-packages/airflow/example_dags/example_params_ui_tutorial.py
[2023-11-22T15:59:42.926+0500] {logging_mixin.py:154} INFO - [2023-11-22T15:59:42.926+0500] {dag.py:2941} INFO - Sync 1 DAGs
[2023-11-22T15:59:42.984+0500] {logging_mixin.py:154} INFO - [2023-11-22T15:59:42.984+0500] {dag.py:3722} INFO - Setting next_dagrun for example_params_ui_tutorial to None, run_after=None
[2023-11-22T15:59:43.056+0500] {processor.py:179} INFO - Processing /usr/local/lib/python3.10/dist-packages/airflow/example_dags/example_params_ui_tutorial.py took 0.739 seconds
[2023-11-22T16:00:13.555+0500] {processor.py:157} INFO - Started process (PID=19078) to work on /usr/local/lib/python3.10/dist-packages/airflow/example_dags/example_params_ui_tutorial.py
[2023-11-22T16:00:13.566+0500] {processor.py:829} INFO - Processing file /usr/local/lib/python3.10/dist-packages/airflow/example_dags/example_params_ui_tutorial.py for tasks to queue
[2023-11-22T16:00:13.569+0500] {logging_mixin.py:154} INFO - [2023-11-22T16:00:13.568+0500] {dagbag.py:536} INFO - Filling up the DagBag from /usr/local/lib/python3.10/dist-packages/airflow/example_dags/example_params_ui_tutorial.py
[2023-11-22T16:00:13.795+0500] {processor.py:839} INFO - DAG(s) dict_keys(['example_params_ui_tutorial']) retrieved from /usr/local/lib/python3.10/dist-packages/airflow/example_dags/example_params_ui_tutorial.py
[2023-11-22T16:00:14.201+0500] {logging_mixin.py:154} INFO - [2023-11-22T16:00:14.200+0500] {dag.py:2941} INFO - Sync 1 DAGs
[2023-11-22T16:00:14.252+0500] {logging_mixin.py:154} INFO - [2023-11-22T16:00:14.252+0500] {dag.py:3722} INFO - Setting next_dagrun for example_params_ui_tutorial to None, run_after=None
[2023-11-22T16:00:14.328+0500] {processor.py:179} INFO - Processing /usr/local/lib/python3.10/dist-packages/airflow/example_dags/example_params_ui_tutorial.py took 0.786 seconds
[2023-11-22T16:00:44.669+0500] {processor.py:157} INFO - Started process (PID=19182) to work on /usr/local/lib/python3.10/dist-packages/airflow/example_dags/example_params_ui_tutorial.py
[2023-11-22T16:00:44.671+0500] {processor.py:829} INFO - Processing file /usr/local/lib/python3.10/dist-packages/airflow/example_dags/example_params_ui_tutorial.py for tasks to queue
[2023-11-22T16:00:44.675+0500] {logging_mixin.py:154} INFO - [2023-11-22T16:00:44.673+0500] {dagbag.py:536} INFO - Filling up the DagBag from /usr/local/lib/python3.10/dist-packages/airflow/example_dags/example_params_ui_tutorial.py
[2023-11-22T16:00:44.889+0500] {processor.py:839} INFO - DAG(s) dict_keys(['example_params_ui_tutorial']) retrieved from /usr/local/lib/python3.10/dist-packages/airflow/example_dags/example_params_ui_tutorial.py
[2023-11-22T16:00:45.346+0500] {logging_mixin.py:154} INFO - [2023-11-22T16:00:45.345+0500] {dag.py:2941} INFO - Sync 1 DAGs
[2023-11-22T16:00:45.405+0500] {logging_mixin.py:154} INFO - [2023-11-22T16:00:45.404+0500] {dag.py:3722} INFO - Setting next_dagrun for example_params_ui_tutorial to None, run_after=None
[2023-11-22T16:00:45.484+0500] {processor.py:179} INFO - Processing /usr/local/lib/python3.10/dist-packages/airflow/example_dags/example_params_ui_tutorial.py took 0.828 seconds
[2023-11-22T16:01:15.733+0500] {processor.py:157} INFO - Started process (PID=19282) to work on /usr/local/lib/python3.10/dist-packages/airflow/example_dags/example_params_ui_tutorial.py
[2023-11-22T16:01:15.737+0500] {processor.py:829} INFO - Processing file /usr/local/lib/python3.10/dist-packages/airflow/example_dags/example_params_ui_tutorial.py for tasks to queue
[2023-11-22T16:01:15.740+0500] {logging_mixin.py:154} INFO - [2023-11-22T16:01:15.739+0500] {dagbag.py:536} INFO - Filling up the DagBag from /usr/local/lib/python3.10/dist-packages/airflow/example_dags/example_params_ui_tutorial.py
[2023-11-22T16:01:15.945+0500] {processor.py:839} INFO - DAG(s) dict_keys(['example_params_ui_tutorial']) retrieved from /usr/local/lib/python3.10/dist-packages/airflow/example_dags/example_params_ui_tutorial.py
[2023-11-22T16:01:16.357+0500] {logging_mixin.py:154} INFO - [2023-11-22T16:01:16.357+0500] {dag.py:2941} INFO - Sync 1 DAGs
[2023-11-22T16:01:16.413+0500] {logging_mixin.py:154} INFO - [2023-11-22T16:01:16.412+0500] {dag.py:3722} INFO - Setting next_dagrun for example_params_ui_tutorial to None, run_after=None
[2023-11-22T16:01:16.505+0500] {processor.py:179} INFO - Processing /usr/local/lib/python3.10/dist-packages/airflow/example_dags/example_params_ui_tutorial.py took 0.785 seconds
[2023-11-22T16:01:47.045+0500] {processor.py:157} INFO - Started process (PID=19382) to work on /usr/local/lib/python3.10/dist-packages/airflow/example_dags/example_params_ui_tutorial.py
[2023-11-22T16:01:47.048+0500] {processor.py:829} INFO - Processing file /usr/local/lib/python3.10/dist-packages/airflow/example_dags/example_params_ui_tutorial.py for tasks to queue
[2023-11-22T16:01:47.051+0500] {logging_mixin.py:154} INFO - [2023-11-22T16:01:47.050+0500] {dagbag.py:536} INFO - Filling up the DagBag from /usr/local/lib/python3.10/dist-packages/airflow/example_dags/example_params_ui_tutorial.py
[2023-11-22T16:01:47.280+0500] {processor.py:839} INFO - DAG(s) dict_keys(['example_params_ui_tutorial']) retrieved from /usr/local/lib/python3.10/dist-packages/airflow/example_dags/example_params_ui_tutorial.py
[2023-11-22T16:01:47.690+0500] {logging_mixin.py:154} INFO - [2023-11-22T16:01:47.689+0500] {dag.py:2941} INFO - Sync 1 DAGs
[2023-11-22T16:01:47.744+0500] {logging_mixin.py:154} INFO - [2023-11-22T16:01:47.744+0500] {dag.py:3722} INFO - Setting next_dagrun for example_params_ui_tutorial to None, run_after=None
[2023-11-22T16:01:47.816+0500] {processor.py:179} INFO - Processing /usr/local/lib/python3.10/dist-packages/airflow/example_dags/example_params_ui_tutorial.py took 0.784 seconds
[2023-11-22T16:02:18.394+0500] {processor.py:157} INFO - Started process (PID=19504) to work on /usr/local/lib/python3.10/dist-packages/airflow/example_dags/example_params_ui_tutorial.py
[2023-11-22T16:02:18.396+0500] {processor.py:829} INFO - Processing file /usr/local/lib/python3.10/dist-packages/airflow/example_dags/example_params_ui_tutorial.py for tasks to queue
[2023-11-22T16:02:18.399+0500] {logging_mixin.py:154} INFO - [2023-11-22T16:02:18.398+0500] {dagbag.py:536} INFO - Filling up the DagBag from /usr/local/lib/python3.10/dist-packages/airflow/example_dags/example_params_ui_tutorial.py
[2023-11-22T16:02:18.615+0500] {processor.py:839} INFO - DAG(s) dict_keys(['example_params_ui_tutorial']) retrieved from /usr/local/lib/python3.10/dist-packages/airflow/example_dags/example_params_ui_tutorial.py
[2023-11-22T16:02:19.015+0500] {logging_mixin.py:154} INFO - [2023-11-22T16:02:19.015+0500] {dag.py:2941} INFO - Sync 1 DAGs
[2023-11-22T16:02:19.067+0500] {logging_mixin.py:154} INFO - [2023-11-22T16:02:19.066+0500] {dag.py:3722} INFO - Setting next_dagrun for example_params_ui_tutorial to None, run_after=None
[2023-11-22T16:02:19.139+0500] {processor.py:179} INFO - Processing /usr/local/lib/python3.10/dist-packages/airflow/example_dags/example_params_ui_tutorial.py took 0.757 seconds
[2023-11-22T16:02:50.276+0500] {processor.py:157} INFO - Started process (PID=19613) to work on /usr/local/lib/python3.10/dist-packages/airflow/example_dags/example_params_ui_tutorial.py
[2023-11-22T16:02:50.279+0500] {processor.py:829} INFO - Processing file /usr/local/lib/python3.10/dist-packages/airflow/example_dags/example_params_ui_tutorial.py for tasks to queue
[2023-11-22T16:02:50.282+0500] {logging_mixin.py:154} INFO - [2023-11-22T16:02:50.281+0500] {dagbag.py:536} INFO - Filling up the DagBag from /usr/local/lib/python3.10/dist-packages/airflow/example_dags/example_params_ui_tutorial.py
[2023-11-22T16:02:50.488+0500] {processor.py:839} INFO - DAG(s) dict_keys(['example_params_ui_tutorial']) retrieved from /usr/local/lib/python3.10/dist-packages/airflow/example_dags/example_params_ui_tutorial.py
[2023-11-22T16:02:50.900+0500] {logging_mixin.py:154} INFO - [2023-11-22T16:02:50.899+0500] {dag.py:2941} INFO - Sync 1 DAGs
[2023-11-22T16:02:50.954+0500] {logging_mixin.py:154} INFO - [2023-11-22T16:02:50.953+0500] {dag.py:3722} INFO - Setting next_dagrun for example_params_ui_tutorial to None, run_after=None
[2023-11-22T16:02:51.023+0500] {processor.py:179} INFO - Processing /usr/local/lib/python3.10/dist-packages/airflow/example_dags/example_params_ui_tutorial.py took 0.758 seconds
[2023-11-22T16:03:21.129+0500] {processor.py:157} INFO - Started process (PID=19713) to work on /usr/local/lib/python3.10/dist-packages/airflow/example_dags/example_params_ui_tutorial.py
[2023-11-22T16:03:21.132+0500] {processor.py:829} INFO - Processing file /usr/local/lib/python3.10/dist-packages/airflow/example_dags/example_params_ui_tutorial.py for tasks to queue
[2023-11-22T16:03:21.134+0500] {logging_mixin.py:154} INFO - [2023-11-22T16:03:21.133+0500] {dagbag.py:536} INFO - Filling up the DagBag from /usr/local/lib/python3.10/dist-packages/airflow/example_dags/example_params_ui_tutorial.py
[2023-11-22T16:03:21.346+0500] {processor.py:839} INFO - DAG(s) dict_keys(['example_params_ui_tutorial']) retrieved from /usr/local/lib/python3.10/dist-packages/airflow/example_dags/example_params_ui_tutorial.py
[2023-11-22T16:03:21.749+0500] {logging_mixin.py:154} INFO - [2023-11-22T16:03:21.749+0500] {dag.py:2941} INFO - Sync 1 DAGs
[2023-11-22T16:03:21.801+0500] {logging_mixin.py:154} INFO - [2023-11-22T16:03:21.800+0500] {dag.py:3722} INFO - Setting next_dagrun for example_params_ui_tutorial to None, run_after=None
[2023-11-22T16:03:21.878+0500] {processor.py:179} INFO - Processing /usr/local/lib/python3.10/dist-packages/airflow/example_dags/example_params_ui_tutorial.py took 0.761 seconds
[2023-11-22T16:03:52.025+0500] {processor.py:157} INFO - Started process (PID=19813) to work on /usr/local/lib/python3.10/dist-packages/airflow/example_dags/example_params_ui_tutorial.py
[2023-11-22T16:03:52.028+0500] {processor.py:829} INFO - Processing file /usr/local/lib/python3.10/dist-packages/airflow/example_dags/example_params_ui_tutorial.py for tasks to queue
[2023-11-22T16:03:52.031+0500] {logging_mixin.py:154} INFO - [2023-11-22T16:03:52.030+0500] {dagbag.py:536} INFO - Filling up the DagBag from /usr/local/lib/python3.10/dist-packages/airflow/example_dags/example_params_ui_tutorial.py
[2023-11-22T16:03:52.235+0500] {processor.py:839} INFO - DAG(s) dict_keys(['example_params_ui_tutorial']) retrieved from /usr/local/lib/python3.10/dist-packages/airflow/example_dags/example_params_ui_tutorial.py
[2023-11-22T16:03:52.676+0500] {logging_mixin.py:154} INFO - [2023-11-22T16:03:52.675+0500] {dag.py:2941} INFO - Sync 1 DAGs
[2023-11-22T16:03:52.744+0500] {logging_mixin.py:154} INFO - [2023-11-22T16:03:52.744+0500] {dag.py:3722} INFO - Setting next_dagrun for example_params_ui_tutorial to None, run_after=None
[2023-11-22T16:03:52.829+0500] {processor.py:179} INFO - Processing /usr/local/lib/python3.10/dist-packages/airflow/example_dags/example_params_ui_tutorial.py took 0.817 seconds
[2023-11-22T16:04:23.079+0500] {processor.py:157} INFO - Started process (PID=19966) to work on /usr/local/lib/python3.10/dist-packages/airflow/example_dags/example_params_ui_tutorial.py
[2023-11-22T16:04:23.081+0500] {processor.py:829} INFO - Processing file /usr/local/lib/python3.10/dist-packages/airflow/example_dags/example_params_ui_tutorial.py for tasks to queue
[2023-11-22T16:04:23.084+0500] {logging_mixin.py:154} INFO - [2023-11-22T16:04:23.083+0500] {dagbag.py:536} INFO - Filling up the DagBag from /usr/local/lib/python3.10/dist-packages/airflow/example_dags/example_params_ui_tutorial.py
[2023-11-22T16:04:23.289+0500] {processor.py:839} INFO - DAG(s) dict_keys(['example_params_ui_tutorial']) retrieved from /usr/local/lib/python3.10/dist-packages/airflow/example_dags/example_params_ui_tutorial.py
[2023-11-22T16:04:23.694+0500] {logging_mixin.py:154} INFO - [2023-11-22T16:04:23.693+0500] {dag.py:2941} INFO - Sync 1 DAGs
[2023-11-22T16:04:23.755+0500] {logging_mixin.py:154} INFO - [2023-11-22T16:04:23.754+0500] {dag.py:3722} INFO - Setting next_dagrun for example_params_ui_tutorial to None, run_after=None
[2023-11-22T16:04:23.831+0500] {processor.py:179} INFO - Processing /usr/local/lib/python3.10/dist-packages/airflow/example_dags/example_params_ui_tutorial.py took 0.764 seconds
[2023-11-22T16:04:54.150+0500] {processor.py:157} INFO - Started process (PID=20077) to work on /usr/local/lib/python3.10/dist-packages/airflow/example_dags/example_params_ui_tutorial.py
[2023-11-22T16:04:54.153+0500] {processor.py:829} INFO - Processing file /usr/local/lib/python3.10/dist-packages/airflow/example_dags/example_params_ui_tutorial.py for tasks to queue
[2023-11-22T16:04:54.156+0500] {logging_mixin.py:154} INFO - [2023-11-22T16:04:54.155+0500] {dagbag.py:536} INFO - Filling up the DagBag from /usr/local/lib/python3.10/dist-packages/airflow/example_dags/example_params_ui_tutorial.py
[2023-11-22T16:04:54.369+0500] {processor.py:839} INFO - DAG(s) dict_keys(['example_params_ui_tutorial']) retrieved from /usr/local/lib/python3.10/dist-packages/airflow/example_dags/example_params_ui_tutorial.py
[2023-11-22T16:04:54.773+0500] {logging_mixin.py:154} INFO - [2023-11-22T16:04:54.772+0500] {dag.py:2941} INFO - Sync 1 DAGs
[2023-11-22T16:04:54.824+0500] {logging_mixin.py:154} INFO - [2023-11-22T16:04:54.823+0500] {dag.py:3722} INFO - Setting next_dagrun for example_params_ui_tutorial to None, run_after=None
[2023-11-22T16:04:54.895+0500] {processor.py:179} INFO - Processing /usr/local/lib/python3.10/dist-packages/airflow/example_dags/example_params_ui_tutorial.py took 0.756 seconds
[2023-11-22T16:05:25.223+0500] {processor.py:157} INFO - Started process (PID=20188) to work on /usr/local/lib/python3.10/dist-packages/airflow/example_dags/example_params_ui_tutorial.py
[2023-11-22T16:05:25.226+0500] {processor.py:829} INFO - Processing file /usr/local/lib/python3.10/dist-packages/airflow/example_dags/example_params_ui_tutorial.py for tasks to queue
[2023-11-22T16:05:25.229+0500] {logging_mixin.py:154} INFO - [2023-11-22T16:05:25.228+0500] {dagbag.py:536} INFO - Filling up the DagBag from /usr/local/lib/python3.10/dist-packages/airflow/example_dags/example_params_ui_tutorial.py
[2023-11-22T16:05:25.458+0500] {processor.py:839} INFO - DAG(s) dict_keys(['example_params_ui_tutorial']) retrieved from /usr/local/lib/python3.10/dist-packages/airflow/example_dags/example_params_ui_tutorial.py
[2023-11-22T16:05:25.903+0500] {logging_mixin.py:154} INFO - [2023-11-22T16:05:25.902+0500] {dag.py:2941} INFO - Sync 1 DAGs
[2023-11-22T16:05:25.963+0500] {logging_mixin.py:154} INFO - [2023-11-22T16:05:25.963+0500] {dag.py:3722} INFO - Setting next_dagrun for example_params_ui_tutorial to None, run_after=None
[2023-11-22T16:05:26.043+0500] {processor.py:179} INFO - Processing /usr/local/lib/python3.10/dist-packages/airflow/example_dags/example_params_ui_tutorial.py took 0.832 seconds
[2023-11-22T16:05:57.359+0500] {processor.py:157} INFO - Started process (PID=20301) to work on /usr/local/lib/python3.10/dist-packages/airflow/example_dags/example_params_ui_tutorial.py
[2023-11-22T16:05:57.362+0500] {processor.py:829} INFO - Processing file /usr/local/lib/python3.10/dist-packages/airflow/example_dags/example_params_ui_tutorial.py for tasks to queue
[2023-11-22T16:05:57.365+0500] {logging_mixin.py:154} INFO - [2023-11-22T16:05:57.364+0500] {dagbag.py:536} INFO - Filling up the DagBag from /usr/local/lib/python3.10/dist-packages/airflow/example_dags/example_params_ui_tutorial.py
[2023-11-22T16:05:57.578+0500] {processor.py:839} INFO - DAG(s) dict_keys(['example_params_ui_tutorial']) retrieved from /usr/local/lib/python3.10/dist-packages/airflow/example_dags/example_params_ui_tutorial.py
[2023-11-22T16:05:57.974+0500] {logging_mixin.py:154} INFO - [2023-11-22T16:05:57.973+0500] {dag.py:2941} INFO - Sync 1 DAGs
[2023-11-22T16:05:58.033+0500] {logging_mixin.py:154} INFO - [2023-11-22T16:05:58.032+0500] {dag.py:3722} INFO - Setting next_dagrun for example_params_ui_tutorial to None, run_after=None
[2023-11-22T16:05:58.111+0500] {processor.py:179} INFO - Processing /usr/local/lib/python3.10/dist-packages/airflow/example_dags/example_params_ui_tutorial.py took 0.763 seconds
[2023-11-22T16:06:32.359+0500] {processor.py:157} INFO - Started process (PID=20866) to work on /usr/local/lib/python3.10/dist-packages/airflow/example_dags/example_params_ui_tutorial.py
[2023-11-22T16:06:32.367+0500] {processor.py:829} INFO - Processing file /usr/local/lib/python3.10/dist-packages/airflow/example_dags/example_params_ui_tutorial.py for tasks to queue
[2023-11-22T16:06:32.371+0500] {logging_mixin.py:154} INFO - [2023-11-22T16:06:32.370+0500] {dagbag.py:536} INFO - Filling up the DagBag from /usr/local/lib/python3.10/dist-packages/airflow/example_dags/example_params_ui_tutorial.py
[2023-11-22T16:06:36.735+0500] {logging_mixin.py:154} INFO - [2023-11-22T16:06:36.735+0500] {process_utils.py:259} INFO - Waiting up to 5 seconds for processes to exit...
