[2023-11-22T15:27:18.666+0500] {processor.py:157} INFO - Started process (PID=9992) to work on /usr/local/lib/python3.10/dist-packages/airflow/example_dags/example_branch_operator.py
[2023-11-22T15:27:18.669+0500] {processor.py:829} INFO - Processing file /usr/local/lib/python3.10/dist-packages/airflow/example_dags/example_branch_operator.py for tasks to queue
[2023-11-22T15:27:18.671+0500] {logging_mixin.py:154} INFO - [2023-11-22T15:27:18.670+0500] {dagbag.py:536} INFO - Filling up the DagBag from /usr/local/lib/python3.10/dist-packages/airflow/example_dags/example_branch_operator.py
[2023-11-22T15:27:18.707+0500] {processor.py:839} INFO - DAG(s) dict_keys(['example_branch_operator']) retrieved from /usr/local/lib/python3.10/dist-packages/airflow/example_dags/example_branch_operator.py
[2023-11-22T15:27:18.818+0500] {logging_mixin.py:154} INFO - [2023-11-22T15:27:18.817+0500] {dag.py:2941} INFO - Sync 1 DAGs
[2023-11-22T15:27:18.925+0500] {logging_mixin.py:154} INFO - [2023-11-22T15:27:18.924+0500] {dag.py:3722} INFO - Setting next_dagrun for example_branch_operator to 2023-11-21T00:00:00+00:00, run_after=2023-11-22T00:00:00+00:00
[2023-11-22T15:27:19.000+0500] {processor.py:179} INFO - Processing /usr/local/lib/python3.10/dist-packages/airflow/example_dags/example_branch_operator.py took 0.345 seconds
[2023-11-22T15:27:52.034+0500] {processor.py:157} INFO - Started process (PID=10122) to work on /usr/local/lib/python3.10/dist-packages/airflow/example_dags/example_branch_operator.py
[2023-11-22T15:27:52.038+0500] {processor.py:829} INFO - Processing file /usr/local/lib/python3.10/dist-packages/airflow/example_dags/example_branch_operator.py for tasks to queue
[2023-11-22T15:27:52.041+0500] {logging_mixin.py:154} INFO - [2023-11-22T15:27:52.040+0500] {dagbag.py:536} INFO - Filling up the DagBag from /usr/local/lib/python3.10/dist-packages/airflow/example_dags/example_branch_operator.py
[2023-11-22T15:27:52.136+0500] {processor.py:839} INFO - DAG(s) dict_keys(['example_branch_operator']) retrieved from /usr/local/lib/python3.10/dist-packages/airflow/example_dags/example_branch_operator.py
[2023-11-22T15:27:52.305+0500] {logging_mixin.py:154} INFO - [2023-11-22T15:27:52.304+0500] {dag.py:2941} INFO - Sync 1 DAGs
[2023-11-22T15:27:52.501+0500] {logging_mixin.py:154} INFO - [2023-11-22T15:27:52.497+0500] {dag.py:3722} INFO - Setting next_dagrun for example_branch_operator to 2023-11-21T00:00:00+00:00, run_after=2023-11-22T00:00:00+00:00
[2023-11-22T15:27:52.744+0500] {processor.py:179} INFO - Processing /usr/local/lib/python3.10/dist-packages/airflow/example_dags/example_branch_operator.py took 0.730 seconds
[2023-11-22T15:28:23.117+0500] {processor.py:157} INFO - Started process (PID=10234) to work on /usr/local/lib/python3.10/dist-packages/airflow/example_dags/example_branch_operator.py
[2023-11-22T15:28:23.119+0500] {processor.py:829} INFO - Processing file /usr/local/lib/python3.10/dist-packages/airflow/example_dags/example_branch_operator.py for tasks to queue
[2023-11-22T15:28:23.122+0500] {logging_mixin.py:154} INFO - [2023-11-22T15:28:23.121+0500] {dagbag.py:536} INFO - Filling up the DagBag from /usr/local/lib/python3.10/dist-packages/airflow/example_dags/example_branch_operator.py
[2023-11-22T15:28:23.158+0500] {processor.py:839} INFO - DAG(s) dict_keys(['example_branch_operator']) retrieved from /usr/local/lib/python3.10/dist-packages/airflow/example_dags/example_branch_operator.py
[2023-11-22T15:28:23.276+0500] {logging_mixin.py:154} INFO - [2023-11-22T15:28:23.275+0500] {dag.py:2941} INFO - Sync 1 DAGs
[2023-11-22T15:28:23.387+0500] {logging_mixin.py:154} INFO - [2023-11-22T15:28:23.386+0500] {dag.py:3722} INFO - Setting next_dagrun for example_branch_operator to 2023-11-21T00:00:00+00:00, run_after=2023-11-22T00:00:00+00:00
[2023-11-22T15:28:23.479+0500] {processor.py:179} INFO - Processing /usr/local/lib/python3.10/dist-packages/airflow/example_dags/example_branch_operator.py took 0.373 seconds
[2023-11-22T15:28:55.315+0500] {processor.py:157} INFO - Started process (PID=10373) to work on /usr/local/lib/python3.10/dist-packages/airflow/example_dags/example_branch_operator.py
[2023-11-22T15:28:55.318+0500] {processor.py:829} INFO - Processing file /usr/local/lib/python3.10/dist-packages/airflow/example_dags/example_branch_operator.py for tasks to queue
[2023-11-22T15:28:55.321+0500] {logging_mixin.py:154} INFO - [2023-11-22T15:28:55.320+0500] {dagbag.py:536} INFO - Filling up the DagBag from /usr/local/lib/python3.10/dist-packages/airflow/example_dags/example_branch_operator.py
[2023-11-22T15:28:55.359+0500] {processor.py:839} INFO - DAG(s) dict_keys(['example_branch_operator']) retrieved from /usr/local/lib/python3.10/dist-packages/airflow/example_dags/example_branch_operator.py
[2023-11-22T15:28:55.479+0500] {logging_mixin.py:154} INFO - [2023-11-22T15:28:55.478+0500] {dag.py:2941} INFO - Sync 1 DAGs
[2023-11-22T15:28:55.593+0500] {logging_mixin.py:154} INFO - [2023-11-22T15:28:55.592+0500] {dag.py:3722} INFO - Setting next_dagrun for example_branch_operator to 2023-11-21T00:00:00+00:00, run_after=2023-11-22T00:00:00+00:00
[2023-11-22T15:28:55.676+0500] {processor.py:179} INFO - Processing /usr/local/lib/python3.10/dist-packages/airflow/example_dags/example_branch_operator.py took 0.373 seconds
[2023-11-22T15:29:27.495+0500] {processor.py:157} INFO - Started process (PID=10485) to work on /usr/local/lib/python3.10/dist-packages/airflow/example_dags/example_branch_operator.py
[2023-11-22T15:29:27.498+0500] {processor.py:829} INFO - Processing file /usr/local/lib/python3.10/dist-packages/airflow/example_dags/example_branch_operator.py for tasks to queue
[2023-11-22T15:29:27.501+0500] {logging_mixin.py:154} INFO - [2023-11-22T15:29:27.500+0500] {dagbag.py:536} INFO - Filling up the DagBag from /usr/local/lib/python3.10/dist-packages/airflow/example_dags/example_branch_operator.py
[2023-11-22T15:29:27.542+0500] {processor.py:839} INFO - DAG(s) dict_keys(['example_branch_operator']) retrieved from /usr/local/lib/python3.10/dist-packages/airflow/example_dags/example_branch_operator.py
[2023-11-22T15:29:27.660+0500] {logging_mixin.py:154} INFO - [2023-11-22T15:29:27.659+0500] {dag.py:2941} INFO - Sync 1 DAGs
[2023-11-22T15:29:27.773+0500] {logging_mixin.py:154} INFO - [2023-11-22T15:29:27.772+0500] {dag.py:3722} INFO - Setting next_dagrun for example_branch_operator to 2023-11-21T00:00:00+00:00, run_after=2023-11-22T00:00:00+00:00
[2023-11-22T15:29:27.859+0500] {processor.py:179} INFO - Processing /usr/local/lib/python3.10/dist-packages/airflow/example_dags/example_branch_operator.py took 0.381 seconds
[2023-11-22T15:29:59.028+0500] {processor.py:157} INFO - Started process (PID=10886) to work on /usr/local/lib/python3.10/dist-packages/airflow/example_dags/example_branch_operator.py
[2023-11-22T15:29:59.032+0500] {processor.py:829} INFO - Processing file /usr/local/lib/python3.10/dist-packages/airflow/example_dags/example_branch_operator.py for tasks to queue
[2023-11-22T15:29:59.037+0500] {logging_mixin.py:154} INFO - [2023-11-22T15:29:59.036+0500] {dagbag.py:536} INFO - Filling up the DagBag from /usr/local/lib/python3.10/dist-packages/airflow/example_dags/example_branch_operator.py
[2023-11-22T15:29:59.092+0500] {processor.py:839} INFO - DAG(s) dict_keys(['example_branch_operator']) retrieved from /usr/local/lib/python3.10/dist-packages/airflow/example_dags/example_branch_operator.py
[2023-11-22T15:29:59.229+0500] {logging_mixin.py:154} INFO - [2023-11-22T15:29:59.228+0500] {dag.py:2941} INFO - Sync 1 DAGs
[2023-11-22T15:29:59.348+0500] {logging_mixin.py:154} INFO - [2023-11-22T15:29:59.347+0500] {dag.py:3722} INFO - Setting next_dagrun for example_branch_operator to 2023-11-21T00:00:00+00:00, run_after=2023-11-22T00:00:00+00:00
[2023-11-22T15:29:59.446+0500] {processor.py:179} INFO - Processing /usr/local/lib/python3.10/dist-packages/airflow/example_dags/example_branch_operator.py took 0.434 seconds
[2023-11-22T15:30:33.732+0500] {processor.py:157} INFO - Started process (PID=11042) to work on /usr/local/lib/python3.10/dist-packages/airflow/example_dags/example_branch_operator.py
[2023-11-22T15:30:33.739+0500] {processor.py:829} INFO - Processing file /usr/local/lib/python3.10/dist-packages/airflow/example_dags/example_branch_operator.py for tasks to queue
[2023-11-22T15:30:33.744+0500] {logging_mixin.py:154} INFO - [2023-11-22T15:30:33.741+0500] {dagbag.py:536} INFO - Filling up the DagBag from /usr/local/lib/python3.10/dist-packages/airflow/example_dags/example_branch_operator.py
[2023-11-22T15:30:33.822+0500] {processor.py:839} INFO - DAG(s) dict_keys(['example_branch_operator']) retrieved from /usr/local/lib/python3.10/dist-packages/airflow/example_dags/example_branch_operator.py
[2023-11-22T15:30:34.016+0500] {logging_mixin.py:154} INFO - [2023-11-22T15:30:34.015+0500] {dag.py:2941} INFO - Sync 1 DAGs
[2023-11-22T15:30:34.243+0500] {logging_mixin.py:154} INFO - [2023-11-22T15:30:34.242+0500] {dag.py:3722} INFO - Setting next_dagrun for example_branch_operator to 2023-11-21T00:00:00+00:00, run_after=2023-11-22T00:00:00+00:00
[2023-11-22T15:30:34.378+0500] {processor.py:179} INFO - Processing /usr/local/lib/python3.10/dist-packages/airflow/example_dags/example_branch_operator.py took 0.670 seconds
[2023-11-22T15:31:05.002+0500] {processor.py:157} INFO - Started process (PID=11249) to work on /usr/local/lib/python3.10/dist-packages/airflow/example_dags/example_branch_operator.py
[2023-11-22T15:31:05.004+0500] {processor.py:829} INFO - Processing file /usr/local/lib/python3.10/dist-packages/airflow/example_dags/example_branch_operator.py for tasks to queue
[2023-11-22T15:31:05.015+0500] {logging_mixin.py:154} INFO - [2023-11-22T15:31:05.011+0500] {dagbag.py:536} INFO - Filling up the DagBag from /usr/local/lib/python3.10/dist-packages/airflow/example_dags/example_branch_operator.py
[2023-11-22T15:31:05.063+0500] {processor.py:839} INFO - DAG(s) dict_keys(['example_branch_operator']) retrieved from /usr/local/lib/python3.10/dist-packages/airflow/example_dags/example_branch_operator.py
[2023-11-22T15:31:05.182+0500] {logging_mixin.py:154} INFO - [2023-11-22T15:31:05.181+0500] {dag.py:2941} INFO - Sync 1 DAGs
[2023-11-22T15:31:05.342+0500] {logging_mixin.py:154} INFO - [2023-11-22T15:31:05.342+0500] {dag.py:3722} INFO - Setting next_dagrun for example_branch_operator to 2023-11-21T00:00:00+00:00, run_after=2023-11-22T00:00:00+00:00
[2023-11-22T15:31:05.439+0500] {processor.py:179} INFO - Processing /usr/local/lib/python3.10/dist-packages/airflow/example_dags/example_branch_operator.py took 0.453 seconds
[2023-11-22T15:31:37.533+0500] {processor.py:157} INFO - Started process (PID=11406) to work on /usr/local/lib/python3.10/dist-packages/airflow/example_dags/example_branch_operator.py
[2023-11-22T15:31:37.536+0500] {processor.py:829} INFO - Processing file /usr/local/lib/python3.10/dist-packages/airflow/example_dags/example_branch_operator.py for tasks to queue
[2023-11-22T15:31:37.539+0500] {logging_mixin.py:154} INFO - [2023-11-22T15:31:37.538+0500] {dagbag.py:536} INFO - Filling up the DagBag from /usr/local/lib/python3.10/dist-packages/airflow/example_dags/example_branch_operator.py
[2023-11-22T15:31:37.601+0500] {processor.py:839} INFO - DAG(s) dict_keys(['example_branch_operator']) retrieved from /usr/local/lib/python3.10/dist-packages/airflow/example_dags/example_branch_operator.py
[2023-11-22T15:31:37.783+0500] {logging_mixin.py:154} INFO - [2023-11-22T15:31:37.782+0500] {dag.py:2941} INFO - Sync 1 DAGs
[2023-11-22T15:31:37.919+0500] {logging_mixin.py:154} INFO - [2023-11-22T15:31:37.918+0500] {dag.py:3722} INFO - Setting next_dagrun for example_branch_operator to 2023-11-21T00:00:00+00:00, run_after=2023-11-22T00:00:00+00:00
[2023-11-22T15:31:38.016+0500] {processor.py:179} INFO - Processing /usr/local/lib/python3.10/dist-packages/airflow/example_dags/example_branch_operator.py took 0.496 seconds
[2023-11-22T15:32:10.290+0500] {processor.py:157} INFO - Started process (PID=11577) to work on /usr/local/lib/python3.10/dist-packages/airflow/example_dags/example_branch_operator.py
[2023-11-22T15:32:10.294+0500] {processor.py:829} INFO - Processing file /usr/local/lib/python3.10/dist-packages/airflow/example_dags/example_branch_operator.py for tasks to queue
[2023-11-22T15:32:10.303+0500] {logging_mixin.py:154} INFO - [2023-11-22T15:32:10.297+0500] {dagbag.py:536} INFO - Filling up the DagBag from /usr/local/lib/python3.10/dist-packages/airflow/example_dags/example_branch_operator.py
[2023-11-22T15:32:10.365+0500] {processor.py:839} INFO - DAG(s) dict_keys(['example_branch_operator']) retrieved from /usr/local/lib/python3.10/dist-packages/airflow/example_dags/example_branch_operator.py
[2023-11-22T15:32:10.552+0500] {logging_mixin.py:154} INFO - [2023-11-22T15:32:10.551+0500] {dag.py:2941} INFO - Sync 1 DAGs
[2023-11-22T15:32:10.663+0500] {logging_mixin.py:154} INFO - [2023-11-22T15:32:10.663+0500] {dag.py:3722} INFO - Setting next_dagrun for example_branch_operator to 2023-11-21T00:00:00+00:00, run_after=2023-11-22T00:00:00+00:00
[2023-11-22T15:32:10.743+0500] {processor.py:179} INFO - Processing /usr/local/lib/python3.10/dist-packages/airflow/example_dags/example_branch_operator.py took 0.495 seconds
[2023-11-22T15:32:42.730+0500] {processor.py:157} INFO - Started process (PID=11734) to work on /usr/local/lib/python3.10/dist-packages/airflow/example_dags/example_branch_operator.py
[2023-11-22T15:32:42.732+0500] {processor.py:829} INFO - Processing file /usr/local/lib/python3.10/dist-packages/airflow/example_dags/example_branch_operator.py for tasks to queue
[2023-11-22T15:32:42.739+0500] {logging_mixin.py:154} INFO - [2023-11-22T15:32:42.737+0500] {dagbag.py:536} INFO - Filling up the DagBag from /usr/local/lib/python3.10/dist-packages/airflow/example_dags/example_branch_operator.py
[2023-11-22T15:32:42.786+0500] {processor.py:839} INFO - DAG(s) dict_keys(['example_branch_operator']) retrieved from /usr/local/lib/python3.10/dist-packages/airflow/example_dags/example_branch_operator.py
[2023-11-22T15:32:42.954+0500] {logging_mixin.py:154} INFO - [2023-11-22T15:32:42.953+0500] {dag.py:2941} INFO - Sync 1 DAGs
[2023-11-22T15:32:43.141+0500] {logging_mixin.py:154} INFO - [2023-11-22T15:32:43.140+0500] {dag.py:3722} INFO - Setting next_dagrun for example_branch_operator to 2023-11-21T00:00:00+00:00, run_after=2023-11-22T00:00:00+00:00
[2023-11-22T15:32:43.291+0500] {processor.py:179} INFO - Processing /usr/local/lib/python3.10/dist-packages/airflow/example_dags/example_branch_operator.py took 0.580 seconds
[2023-11-22T15:33:16.428+0500] {processor.py:157} INFO - Started process (PID=11889) to work on /usr/local/lib/python3.10/dist-packages/airflow/example_dags/example_branch_operator.py
[2023-11-22T15:33:16.431+0500] {processor.py:829} INFO - Processing file /usr/local/lib/python3.10/dist-packages/airflow/example_dags/example_branch_operator.py for tasks to queue
[2023-11-22T15:33:16.434+0500] {logging_mixin.py:154} INFO - [2023-11-22T15:33:16.433+0500] {dagbag.py:536} INFO - Filling up the DagBag from /usr/local/lib/python3.10/dist-packages/airflow/example_dags/example_branch_operator.py
[2023-11-22T15:33:16.473+0500] {processor.py:839} INFO - DAG(s) dict_keys(['example_branch_operator']) retrieved from /usr/local/lib/python3.10/dist-packages/airflow/example_dags/example_branch_operator.py
[2023-11-22T15:33:16.629+0500] {logging_mixin.py:154} INFO - [2023-11-22T15:33:16.626+0500] {dag.py:2941} INFO - Sync 1 DAGs
[2023-11-22T15:33:16.756+0500] {logging_mixin.py:154} INFO - [2023-11-22T15:33:16.755+0500] {dag.py:3722} INFO - Setting next_dagrun for example_branch_operator to 2023-11-21T00:00:00+00:00, run_after=2023-11-22T00:00:00+00:00
[2023-11-22T15:33:16.843+0500] {processor.py:179} INFO - Processing /usr/local/lib/python3.10/dist-packages/airflow/example_dags/example_branch_operator.py took 0.427 seconds
[2023-11-22T15:33:47.289+0500] {processor.py:157} INFO - Started process (PID=12039) to work on /usr/local/lib/python3.10/dist-packages/airflow/example_dags/example_branch_operator.py
[2023-11-22T15:33:47.291+0500] {processor.py:829} INFO - Processing file /usr/local/lib/python3.10/dist-packages/airflow/example_dags/example_branch_operator.py for tasks to queue
[2023-11-22T15:33:47.294+0500] {logging_mixin.py:154} INFO - [2023-11-22T15:33:47.293+0500] {dagbag.py:536} INFO - Filling up the DagBag from /usr/local/lib/python3.10/dist-packages/airflow/example_dags/example_branch_operator.py
[2023-11-22T15:33:47.345+0500] {processor.py:839} INFO - DAG(s) dict_keys(['example_branch_operator']) retrieved from /usr/local/lib/python3.10/dist-packages/airflow/example_dags/example_branch_operator.py
[2023-11-22T15:33:47.472+0500] {logging_mixin.py:154} INFO - [2023-11-22T15:33:47.471+0500] {dag.py:2941} INFO - Sync 1 DAGs
[2023-11-22T15:33:47.616+0500] {logging_mixin.py:154} INFO - [2023-11-22T15:33:47.616+0500] {dag.py:3722} INFO - Setting next_dagrun for example_branch_operator to 2023-11-21T00:00:00+00:00, run_after=2023-11-22T00:00:00+00:00
[2023-11-22T15:33:47.759+0500] {processor.py:179} INFO - Processing /usr/local/lib/python3.10/dist-packages/airflow/example_dags/example_branch_operator.py took 0.482 seconds
[2023-11-22T15:34:19.791+0500] {processor.py:157} INFO - Started process (PID=12188) to work on /usr/local/lib/python3.10/dist-packages/airflow/example_dags/example_branch_operator.py
[2023-11-22T15:34:19.796+0500] {processor.py:829} INFO - Processing file /usr/local/lib/python3.10/dist-packages/airflow/example_dags/example_branch_operator.py for tasks to queue
[2023-11-22T15:34:19.800+0500] {logging_mixin.py:154} INFO - [2023-11-22T15:34:19.798+0500] {dagbag.py:536} INFO - Filling up the DagBag from /usr/local/lib/python3.10/dist-packages/airflow/example_dags/example_branch_operator.py
[2023-11-22T15:34:19.867+0500] {processor.py:839} INFO - DAG(s) dict_keys(['example_branch_operator']) retrieved from /usr/local/lib/python3.10/dist-packages/airflow/example_dags/example_branch_operator.py
[2023-11-22T15:34:20.012+0500] {logging_mixin.py:154} INFO - [2023-11-22T15:34:20.011+0500] {dag.py:2941} INFO - Sync 1 DAGs
[2023-11-22T15:34:20.265+0500] {logging_mixin.py:154} INFO - [2023-11-22T15:34:20.264+0500] {dag.py:3722} INFO - Setting next_dagrun for example_branch_operator to 2023-11-21T00:00:00+00:00, run_after=2023-11-22T00:00:00+00:00
[2023-11-22T15:34:20.403+0500] {processor.py:179} INFO - Processing /usr/local/lib/python3.10/dist-packages/airflow/example_dags/example_branch_operator.py took 0.639 seconds
[2023-11-22T15:34:51.105+0500] {processor.py:157} INFO - Started process (PID=12339) to work on /usr/local/lib/python3.10/dist-packages/airflow/example_dags/example_branch_operator.py
[2023-11-22T15:34:51.111+0500] {processor.py:829} INFO - Processing file /usr/local/lib/python3.10/dist-packages/airflow/example_dags/example_branch_operator.py for tasks to queue
[2023-11-22T15:34:51.118+0500] {logging_mixin.py:154} INFO - [2023-11-22T15:34:51.117+0500] {dagbag.py:536} INFO - Filling up the DagBag from /usr/local/lib/python3.10/dist-packages/airflow/example_dags/example_branch_operator.py
[2023-11-22T15:34:51.177+0500] {processor.py:839} INFO - DAG(s) dict_keys(['example_branch_operator']) retrieved from /usr/local/lib/python3.10/dist-packages/airflow/example_dags/example_branch_operator.py
[2023-11-22T15:34:51.387+0500] {logging_mixin.py:154} INFO - [2023-11-22T15:34:51.386+0500] {dag.py:2941} INFO - Sync 1 DAGs
[2023-11-22T15:34:51.546+0500] {logging_mixin.py:154} INFO - [2023-11-22T15:34:51.545+0500] {dag.py:3722} INFO - Setting next_dagrun for example_branch_operator to 2023-11-21T00:00:00+00:00, run_after=2023-11-22T00:00:00+00:00
[2023-11-22T15:34:51.733+0500] {processor.py:179} INFO - Processing /usr/local/lib/python3.10/dist-packages/airflow/example_dags/example_branch_operator.py took 0.657 seconds
[2023-11-22T15:35:24.481+0500] {processor.py:157} INFO - Started process (PID=12922) to work on /usr/local/lib/python3.10/dist-packages/airflow/example_dags/example_branch_operator.py
[2023-11-22T15:35:24.495+0500] {processor.py:829} INFO - Processing file /usr/local/lib/python3.10/dist-packages/airflow/example_dags/example_branch_operator.py for tasks to queue
[2023-11-22T15:35:24.499+0500] {logging_mixin.py:154} INFO - [2023-11-22T15:35:24.497+0500] {dagbag.py:536} INFO - Filling up the DagBag from /usr/local/lib/python3.10/dist-packages/airflow/example_dags/example_branch_operator.py
[2023-11-22T15:35:24.613+0500] {processor.py:839} INFO - DAG(s) dict_keys(['example_branch_operator']) retrieved from /usr/local/lib/python3.10/dist-packages/airflow/example_dags/example_branch_operator.py
[2023-11-22T15:35:24.746+0500] {logging_mixin.py:154} INFO - [2023-11-22T15:35:24.745+0500] {dag.py:2941} INFO - Sync 1 DAGs
[2023-11-22T15:35:25.092+0500] {logging_mixin.py:154} INFO - [2023-11-22T15:35:25.020+0500] {dag.py:3722} INFO - Setting next_dagrun for example_branch_operator to 2023-11-21T00:00:00+00:00, run_after=2023-11-22T00:00:00+00:00
[2023-11-22T15:35:25.309+0500] {processor.py:179} INFO - Processing /usr/local/lib/python3.10/dist-packages/airflow/example_dags/example_branch_operator.py took 0.858 seconds
[2023-11-22T15:40:19.113+0500] {processor.py:157} INFO - Started process (PID=13545) to work on /usr/local/lib/python3.10/dist-packages/airflow/example_dags/example_branch_operator.py
[2023-11-22T15:40:19.128+0500] {processor.py:829} INFO - Processing file /usr/local/lib/python3.10/dist-packages/airflow/example_dags/example_branch_operator.py for tasks to queue
[2023-11-22T15:40:19.131+0500] {logging_mixin.py:154} INFO - [2023-11-22T15:40:19.130+0500] {dagbag.py:536} INFO - Filling up the DagBag from /usr/local/lib/python3.10/dist-packages/airflow/example_dags/example_branch_operator.py
[2023-11-22T15:40:19.236+0500] {processor.py:839} INFO - DAG(s) dict_keys(['example_branch_operator']) retrieved from /usr/local/lib/python3.10/dist-packages/airflow/example_dags/example_branch_operator.py
[2023-11-22T15:40:19.373+0500] {logging_mixin.py:154} INFO - [2023-11-22T15:40:19.372+0500] {dag.py:2941} INFO - Sync 1 DAGs
[2023-11-22T15:40:19.681+0500] {logging_mixin.py:154} INFO - [2023-11-22T15:40:19.674+0500] {dag.py:3722} INFO - Setting next_dagrun for example_branch_operator to 2023-11-21T00:00:00+00:00, run_after=2023-11-22T00:00:00+00:00
[2023-11-22T15:40:19.851+0500] {processor.py:179} INFO - Processing /usr/local/lib/python3.10/dist-packages/airflow/example_dags/example_branch_operator.py took 0.774 seconds
[2023-11-22T15:40:50.453+0500] {processor.py:157} INFO - Started process (PID=13688) to work on /usr/local/lib/python3.10/dist-packages/airflow/example_dags/example_branch_operator.py
[2023-11-22T15:40:50.456+0500] {processor.py:829} INFO - Processing file /usr/local/lib/python3.10/dist-packages/airflow/example_dags/example_branch_operator.py for tasks to queue
[2023-11-22T15:40:50.463+0500] {logging_mixin.py:154} INFO - [2023-11-22T15:40:50.459+0500] {dagbag.py:536} INFO - Filling up the DagBag from /usr/local/lib/python3.10/dist-packages/airflow/example_dags/example_branch_operator.py
[2023-11-22T15:40:50.510+0500] {processor.py:839} INFO - DAG(s) dict_keys(['example_branch_operator']) retrieved from /usr/local/lib/python3.10/dist-packages/airflow/example_dags/example_branch_operator.py
[2023-11-22T15:40:50.645+0500] {logging_mixin.py:154} INFO - [2023-11-22T15:40:50.644+0500] {dag.py:2941} INFO - Sync 1 DAGs
[2023-11-22T15:40:50.767+0500] {logging_mixin.py:154} INFO - [2023-11-22T15:40:50.766+0500] {dag.py:3722} INFO - Setting next_dagrun for example_branch_operator to 2023-11-21T00:00:00+00:00, run_after=2023-11-22T00:00:00+00:00
[2023-11-22T15:40:50.848+0500] {processor.py:179} INFO - Processing /usr/local/lib/python3.10/dist-packages/airflow/example_dags/example_branch_operator.py took 0.410 seconds
[2023-11-22T15:41:21.913+0500] {processor.py:157} INFO - Started process (PID=13831) to work on /usr/local/lib/python3.10/dist-packages/airflow/example_dags/example_branch_operator.py
[2023-11-22T15:41:21.915+0500] {processor.py:829} INFO - Processing file /usr/local/lib/python3.10/dist-packages/airflow/example_dags/example_branch_operator.py for tasks to queue
[2023-11-22T15:41:21.918+0500] {logging_mixin.py:154} INFO - [2023-11-22T15:41:21.917+0500] {dagbag.py:536} INFO - Filling up the DagBag from /usr/local/lib/python3.10/dist-packages/airflow/example_dags/example_branch_operator.py
[2023-11-22T15:41:21.964+0500] {processor.py:839} INFO - DAG(s) dict_keys(['example_branch_operator']) retrieved from /usr/local/lib/python3.10/dist-packages/airflow/example_dags/example_branch_operator.py
[2023-11-22T15:41:22.132+0500] {logging_mixin.py:154} INFO - [2023-11-22T15:41:22.130+0500] {dag.py:2941} INFO - Sync 1 DAGs
[2023-11-22T15:41:22.289+0500] {logging_mixin.py:154} INFO - [2023-11-22T15:41:22.288+0500] {dag.py:3722} INFO - Setting next_dagrun for example_branch_operator to 2023-11-21T00:00:00+00:00, run_after=2023-11-22T00:00:00+00:00
[2023-11-22T15:41:22.399+0500] {processor.py:179} INFO - Processing /usr/local/lib/python3.10/dist-packages/airflow/example_dags/example_branch_operator.py took 0.497 seconds
[2023-11-22T15:41:53.470+0500] {processor.py:157} INFO - Started process (PID=13977) to work on /usr/local/lib/python3.10/dist-packages/airflow/example_dags/example_branch_operator.py
[2023-11-22T15:41:53.476+0500] {processor.py:829} INFO - Processing file /usr/local/lib/python3.10/dist-packages/airflow/example_dags/example_branch_operator.py for tasks to queue
[2023-11-22T15:41:53.481+0500] {logging_mixin.py:154} INFO - [2023-11-22T15:41:53.480+0500] {dagbag.py:536} INFO - Filling up the DagBag from /usr/local/lib/python3.10/dist-packages/airflow/example_dags/example_branch_operator.py
[2023-11-22T15:41:53.571+0500] {processor.py:839} INFO - DAG(s) dict_keys(['example_branch_operator']) retrieved from /usr/local/lib/python3.10/dist-packages/airflow/example_dags/example_branch_operator.py
[2023-11-22T15:41:53.789+0500] {logging_mixin.py:154} INFO - [2023-11-22T15:41:53.788+0500] {dag.py:2941} INFO - Sync 1 DAGs
[2023-11-22T15:41:54.119+0500] {logging_mixin.py:154} INFO - [2023-11-22T15:41:54.118+0500] {dag.py:3722} INFO - Setting next_dagrun for example_branch_operator to 2023-11-21T00:00:00+00:00, run_after=2023-11-22T00:00:00+00:00
[2023-11-22T15:41:54.207+0500] {processor.py:179} INFO - Processing /usr/local/lib/python3.10/dist-packages/airflow/example_dags/example_branch_operator.py took 0.752 seconds
[2023-11-22T15:42:25.042+0500] {processor.py:157} INFO - Started process (PID=14152) to work on /usr/local/lib/python3.10/dist-packages/airflow/example_dags/example_branch_operator.py
[2023-11-22T15:42:25.045+0500] {processor.py:829} INFO - Processing file /usr/local/lib/python3.10/dist-packages/airflow/example_dags/example_branch_operator.py for tasks to queue
[2023-11-22T15:42:25.048+0500] {logging_mixin.py:154} INFO - [2023-11-22T15:42:25.047+0500] {dagbag.py:536} INFO - Filling up the DagBag from /usr/local/lib/python3.10/dist-packages/airflow/example_dags/example_branch_operator.py
[2023-11-22T15:42:25.087+0500] {processor.py:839} INFO - DAG(s) dict_keys(['example_branch_operator']) retrieved from /usr/local/lib/python3.10/dist-packages/airflow/example_dags/example_branch_operator.py
[2023-11-22T15:42:25.214+0500] {logging_mixin.py:154} INFO - [2023-11-22T15:42:25.213+0500] {dag.py:2941} INFO - Sync 1 DAGs
[2023-11-22T15:42:25.347+0500] {logging_mixin.py:154} INFO - [2023-11-22T15:42:25.345+0500] {dag.py:3722} INFO - Setting next_dagrun for example_branch_operator to 2023-11-21T00:00:00+00:00, run_after=2023-11-22T00:00:00+00:00
[2023-11-22T15:42:25.453+0500] {processor.py:179} INFO - Processing /usr/local/lib/python3.10/dist-packages/airflow/example_dags/example_branch_operator.py took 0.423 seconds
[2023-11-22T15:42:55.612+0500] {processor.py:157} INFO - Started process (PID=14298) to work on /usr/local/lib/python3.10/dist-packages/airflow/example_dags/example_branch_operator.py
[2023-11-22T15:42:55.615+0500] {processor.py:829} INFO - Processing file /usr/local/lib/python3.10/dist-packages/airflow/example_dags/example_branch_operator.py for tasks to queue
[2023-11-22T15:42:55.618+0500] {logging_mixin.py:154} INFO - [2023-11-22T15:42:55.617+0500] {dagbag.py:536} INFO - Filling up the DagBag from /usr/local/lib/python3.10/dist-packages/airflow/example_dags/example_branch_operator.py
[2023-11-22T15:42:55.667+0500] {processor.py:839} INFO - DAG(s) dict_keys(['example_branch_operator']) retrieved from /usr/local/lib/python3.10/dist-packages/airflow/example_dags/example_branch_operator.py
[2023-11-22T15:42:55.808+0500] {logging_mixin.py:154} INFO - [2023-11-22T15:42:55.807+0500] {dag.py:2941} INFO - Sync 1 DAGs
[2023-11-22T15:42:55.939+0500] {logging_mixin.py:154} INFO - [2023-11-22T15:42:55.938+0500] {dag.py:3722} INFO - Setting next_dagrun for example_branch_operator to 2023-11-21T00:00:00+00:00, run_after=2023-11-22T00:00:00+00:00
[2023-11-22T15:42:56.032+0500] {processor.py:179} INFO - Processing /usr/local/lib/python3.10/dist-packages/airflow/example_dags/example_branch_operator.py took 0.432 seconds
[2023-11-22T15:43:28.011+0500] {processor.py:157} INFO - Started process (PID=14413) to work on /usr/local/lib/python3.10/dist-packages/airflow/example_dags/example_branch_operator.py
[2023-11-22T15:43:28.015+0500] {processor.py:829} INFO - Processing file /usr/local/lib/python3.10/dist-packages/airflow/example_dags/example_branch_operator.py for tasks to queue
[2023-11-22T15:43:28.018+0500] {logging_mixin.py:154} INFO - [2023-11-22T15:43:28.017+0500] {dagbag.py:536} INFO - Filling up the DagBag from /usr/local/lib/python3.10/dist-packages/airflow/example_dags/example_branch_operator.py
[2023-11-22T15:43:28.108+0500] {processor.py:839} INFO - DAG(s) dict_keys(['example_branch_operator']) retrieved from /usr/local/lib/python3.10/dist-packages/airflow/example_dags/example_branch_operator.py
[2023-11-22T15:43:28.268+0500] {logging_mixin.py:154} INFO - [2023-11-22T15:43:28.267+0500] {dag.py:2941} INFO - Sync 1 DAGs
[2023-11-22T15:43:28.403+0500] {logging_mixin.py:154} INFO - [2023-11-22T15:43:28.402+0500] {dag.py:3722} INFO - Setting next_dagrun for example_branch_operator to 2023-11-21T00:00:00+00:00, run_after=2023-11-22T00:00:00+00:00
[2023-11-22T15:43:28.485+0500] {processor.py:179} INFO - Processing /usr/local/lib/python3.10/dist-packages/airflow/example_dags/example_branch_operator.py took 0.486 seconds
[2023-11-22T15:44:00.064+0500] {processor.py:157} INFO - Started process (PID=14566) to work on /usr/local/lib/python3.10/dist-packages/airflow/example_dags/example_branch_operator.py
[2023-11-22T15:44:00.067+0500] {processor.py:829} INFO - Processing file /usr/local/lib/python3.10/dist-packages/airflow/example_dags/example_branch_operator.py for tasks to queue
[2023-11-22T15:44:00.070+0500] {logging_mixin.py:154} INFO - [2023-11-22T15:44:00.069+0500] {dagbag.py:536} INFO - Filling up the DagBag from /usr/local/lib/python3.10/dist-packages/airflow/example_dags/example_branch_operator.py
[2023-11-22T15:44:00.112+0500] {processor.py:839} INFO - DAG(s) dict_keys(['example_branch_operator']) retrieved from /usr/local/lib/python3.10/dist-packages/airflow/example_dags/example_branch_operator.py
[2023-11-22T15:44:00.243+0500] {logging_mixin.py:154} INFO - [2023-11-22T15:44:00.242+0500] {dag.py:2941} INFO - Sync 1 DAGs
[2023-11-22T15:44:00.373+0500] {logging_mixin.py:154} INFO - [2023-11-22T15:44:00.372+0500] {dag.py:3722} INFO - Setting next_dagrun for example_branch_operator to 2023-11-21T00:00:00+00:00, run_after=2023-11-22T00:00:00+00:00
[2023-11-22T15:44:00.489+0500] {processor.py:179} INFO - Processing /usr/local/lib/python3.10/dist-packages/airflow/example_dags/example_branch_operator.py took 0.437 seconds
[2023-11-22T15:44:31.767+0500] {processor.py:157} INFO - Started process (PID=14712) to work on /usr/local/lib/python3.10/dist-packages/airflow/example_dags/example_branch_operator.py
[2023-11-22T15:44:31.769+0500] {processor.py:829} INFO - Processing file /usr/local/lib/python3.10/dist-packages/airflow/example_dags/example_branch_operator.py for tasks to queue
[2023-11-22T15:44:31.779+0500] {logging_mixin.py:154} INFO - [2023-11-22T15:44:31.776+0500] {dagbag.py:536} INFO - Filling up the DagBag from /usr/local/lib/python3.10/dist-packages/airflow/example_dags/example_branch_operator.py
[2023-11-22T15:44:31.822+0500] {processor.py:839} INFO - DAG(s) dict_keys(['example_branch_operator']) retrieved from /usr/local/lib/python3.10/dist-packages/airflow/example_dags/example_branch_operator.py
[2023-11-22T15:44:32.036+0500] {logging_mixin.py:154} INFO - [2023-11-22T15:44:32.033+0500] {dag.py:2941} INFO - Sync 1 DAGs
[2023-11-22T15:44:32.252+0500] {logging_mixin.py:154} INFO - [2023-11-22T15:44:32.251+0500] {dag.py:3722} INFO - Setting next_dagrun for example_branch_operator to 2023-11-21T00:00:00+00:00, run_after=2023-11-22T00:00:00+00:00
[2023-11-22T15:44:32.441+0500] {processor.py:179} INFO - Processing /usr/local/lib/python3.10/dist-packages/airflow/example_dags/example_branch_operator.py took 0.692 seconds
[2023-11-22T15:45:03.207+0500] {processor.py:157} INFO - Started process (PID=14870) to work on /usr/local/lib/python3.10/dist-packages/airflow/example_dags/example_branch_operator.py
[2023-11-22T15:45:03.209+0500] {processor.py:829} INFO - Processing file /usr/local/lib/python3.10/dist-packages/airflow/example_dags/example_branch_operator.py for tasks to queue
[2023-11-22T15:45:03.212+0500] {logging_mixin.py:154} INFO - [2023-11-22T15:45:03.211+0500] {dagbag.py:536} INFO - Filling up the DagBag from /usr/local/lib/python3.10/dist-packages/airflow/example_dags/example_branch_operator.py
[2023-11-22T15:45:03.254+0500] {processor.py:839} INFO - DAG(s) dict_keys(['example_branch_operator']) retrieved from /usr/local/lib/python3.10/dist-packages/airflow/example_dags/example_branch_operator.py
[2023-11-22T15:45:03.373+0500] {logging_mixin.py:154} INFO - [2023-11-22T15:45:03.372+0500] {dag.py:2941} INFO - Sync 1 DAGs
[2023-11-22T15:45:03.512+0500] {logging_mixin.py:154} INFO - [2023-11-22T15:45:03.511+0500] {dag.py:3722} INFO - Setting next_dagrun for example_branch_operator to 2023-11-21T00:00:00+00:00, run_after=2023-11-22T00:00:00+00:00
[2023-11-22T15:45:03.638+0500] {processor.py:179} INFO - Processing /usr/local/lib/python3.10/dist-packages/airflow/example_dags/example_branch_operator.py took 0.444 seconds
[2023-11-22T15:45:34.826+0500] {processor.py:157} INFO - Started process (PID=15029) to work on /usr/local/lib/python3.10/dist-packages/airflow/example_dags/example_branch_operator.py
[2023-11-22T15:45:34.829+0500] {processor.py:829} INFO - Processing file /usr/local/lib/python3.10/dist-packages/airflow/example_dags/example_branch_operator.py for tasks to queue
[2023-11-22T15:45:34.832+0500] {logging_mixin.py:154} INFO - [2023-11-22T15:45:34.831+0500] {dagbag.py:536} INFO - Filling up the DagBag from /usr/local/lib/python3.10/dist-packages/airflow/example_dags/example_branch_operator.py
[2023-11-22T15:45:34.873+0500] {processor.py:839} INFO - DAG(s) dict_keys(['example_branch_operator']) retrieved from /usr/local/lib/python3.10/dist-packages/airflow/example_dags/example_branch_operator.py
[2023-11-22T15:45:34.988+0500] {logging_mixin.py:154} INFO - [2023-11-22T15:45:34.987+0500] {dag.py:2941} INFO - Sync 1 DAGs
[2023-11-22T15:45:35.107+0500] {logging_mixin.py:154} INFO - [2023-11-22T15:45:35.106+0500] {dag.py:3722} INFO - Setting next_dagrun for example_branch_operator to 2023-11-21T00:00:00+00:00, run_after=2023-11-22T00:00:00+00:00
[2023-11-22T15:45:35.183+0500] {processor.py:179} INFO - Processing /usr/local/lib/python3.10/dist-packages/airflow/example_dags/example_branch_operator.py took 0.368 seconds
[2023-11-22T15:46:06.862+0500] {processor.py:157} INFO - Started process (PID=15156) to work on /usr/local/lib/python3.10/dist-packages/airflow/example_dags/example_branch_operator.py
[2023-11-22T15:46:06.878+0500] {processor.py:829} INFO - Processing file /usr/local/lib/python3.10/dist-packages/airflow/example_dags/example_branch_operator.py for tasks to queue
[2023-11-22T15:46:06.891+0500] {logging_mixin.py:154} INFO - [2023-11-22T15:46:06.890+0500] {dagbag.py:536} INFO - Filling up the DagBag from /usr/local/lib/python3.10/dist-packages/airflow/example_dags/example_branch_operator.py
[2023-11-22T15:46:07.026+0500] {processor.py:839} INFO - DAG(s) dict_keys(['example_branch_operator']) retrieved from /usr/local/lib/python3.10/dist-packages/airflow/example_dags/example_branch_operator.py
[2023-11-22T15:46:07.176+0500] {logging_mixin.py:154} INFO - [2023-11-22T15:46:07.176+0500] {dag.py:2941} INFO - Sync 1 DAGs
[2023-11-22T15:46:07.364+0500] {logging_mixin.py:154} INFO - [2023-11-22T15:46:07.363+0500] {dag.py:3722} INFO - Setting next_dagrun for example_branch_operator to 2023-11-21T00:00:00+00:00, run_after=2023-11-22T00:00:00+00:00
[2023-11-22T15:46:07.462+0500] {processor.py:179} INFO - Processing /usr/local/lib/python3.10/dist-packages/airflow/example_dags/example_branch_operator.py took 0.638 seconds
[2023-11-22T15:46:38.261+0500] {processor.py:157} INFO - Started process (PID=15301) to work on /usr/local/lib/python3.10/dist-packages/airflow/example_dags/example_branch_operator.py
[2023-11-22T15:46:38.264+0500] {processor.py:829} INFO - Processing file /usr/local/lib/python3.10/dist-packages/airflow/example_dags/example_branch_operator.py for tasks to queue
[2023-11-22T15:46:38.267+0500] {logging_mixin.py:154} INFO - [2023-11-22T15:46:38.266+0500] {dagbag.py:536} INFO - Filling up the DagBag from /usr/local/lib/python3.10/dist-packages/airflow/example_dags/example_branch_operator.py
[2023-11-22T15:46:38.307+0500] {processor.py:839} INFO - DAG(s) dict_keys(['example_branch_operator']) retrieved from /usr/local/lib/python3.10/dist-packages/airflow/example_dags/example_branch_operator.py
[2023-11-22T15:46:38.429+0500] {logging_mixin.py:154} INFO - [2023-11-22T15:46:38.428+0500] {dag.py:2941} INFO - Sync 1 DAGs
[2023-11-22T15:46:38.544+0500] {logging_mixin.py:154} INFO - [2023-11-22T15:46:38.542+0500] {dag.py:3722} INFO - Setting next_dagrun for example_branch_operator to 2023-11-21T00:00:00+00:00, run_after=2023-11-22T00:00:00+00:00
[2023-11-22T15:46:38.633+0500] {processor.py:179} INFO - Processing /usr/local/lib/python3.10/dist-packages/airflow/example_dags/example_branch_operator.py took 0.385 seconds
[2023-11-22T15:47:08.766+0500] {processor.py:157} INFO - Started process (PID=15458) to work on /usr/local/lib/python3.10/dist-packages/airflow/example_dags/example_branch_operator.py
[2023-11-22T15:47:08.774+0500] {processor.py:829} INFO - Processing file /usr/local/lib/python3.10/dist-packages/airflow/example_dags/example_branch_operator.py for tasks to queue
[2023-11-22T15:47:08.777+0500] {logging_mixin.py:154} INFO - [2023-11-22T15:47:08.776+0500] {dagbag.py:536} INFO - Filling up the DagBag from /usr/local/lib/python3.10/dist-packages/airflow/example_dags/example_branch_operator.py
[2023-11-22T15:47:08.824+0500] {processor.py:839} INFO - DAG(s) dict_keys(['example_branch_operator']) retrieved from /usr/local/lib/python3.10/dist-packages/airflow/example_dags/example_branch_operator.py
[2023-11-22T15:47:08.936+0500] {logging_mixin.py:154} INFO - [2023-11-22T15:47:08.935+0500] {dag.py:2941} INFO - Sync 1 DAGs
[2023-11-22T15:47:09.038+0500] {logging_mixin.py:154} INFO - [2023-11-22T15:47:09.037+0500] {dag.py:3722} INFO - Setting next_dagrun for example_branch_operator to 2023-11-21T00:00:00+00:00, run_after=2023-11-22T00:00:00+00:00
[2023-11-22T15:47:09.113+0500] {processor.py:179} INFO - Processing /usr/local/lib/python3.10/dist-packages/airflow/example_dags/example_branch_operator.py took 0.360 seconds
[2023-11-22T15:47:39.598+0500] {processor.py:157} INFO - Started process (PID=15617) to work on /usr/local/lib/python3.10/dist-packages/airflow/example_dags/example_branch_operator.py
[2023-11-22T15:47:39.601+0500] {processor.py:829} INFO - Processing file /usr/local/lib/python3.10/dist-packages/airflow/example_dags/example_branch_operator.py for tasks to queue
[2023-11-22T15:47:39.604+0500] {logging_mixin.py:154} INFO - [2023-11-22T15:47:39.603+0500] {dagbag.py:536} INFO - Filling up the DagBag from /usr/local/lib/python3.10/dist-packages/airflow/example_dags/example_branch_operator.py
[2023-11-22T15:47:39.664+0500] {processor.py:839} INFO - DAG(s) dict_keys(['example_branch_operator']) retrieved from /usr/local/lib/python3.10/dist-packages/airflow/example_dags/example_branch_operator.py
[2023-11-22T15:47:39.777+0500] {logging_mixin.py:154} INFO - [2023-11-22T15:47:39.776+0500] {dag.py:2941} INFO - Sync 1 DAGs
[2023-11-22T15:47:39.881+0500] {logging_mixin.py:154} INFO - [2023-11-22T15:47:39.881+0500] {dag.py:3722} INFO - Setting next_dagrun for example_branch_operator to 2023-11-21T00:00:00+00:00, run_after=2023-11-22T00:00:00+00:00
[2023-11-22T15:47:39.954+0500] {processor.py:179} INFO - Processing /usr/local/lib/python3.10/dist-packages/airflow/example_dags/example_branch_operator.py took 0.369 seconds
[2023-11-22T15:48:10.079+0500] {processor.py:157} INFO - Started process (PID=15764) to work on /usr/local/lib/python3.10/dist-packages/airflow/example_dags/example_branch_operator.py
[2023-11-22T15:48:10.082+0500] {processor.py:829} INFO - Processing file /usr/local/lib/python3.10/dist-packages/airflow/example_dags/example_branch_operator.py for tasks to queue
[2023-11-22T15:48:10.085+0500] {logging_mixin.py:154} INFO - [2023-11-22T15:48:10.084+0500] {dagbag.py:536} INFO - Filling up the DagBag from /usr/local/lib/python3.10/dist-packages/airflow/example_dags/example_branch_operator.py
[2023-11-22T15:48:10.125+0500] {processor.py:839} INFO - DAG(s) dict_keys(['example_branch_operator']) retrieved from /usr/local/lib/python3.10/dist-packages/airflow/example_dags/example_branch_operator.py
[2023-11-22T15:48:10.241+0500] {logging_mixin.py:154} INFO - [2023-11-22T15:48:10.240+0500] {dag.py:2941} INFO - Sync 1 DAGs
[2023-11-22T15:48:10.347+0500] {logging_mixin.py:154} INFO - [2023-11-22T15:48:10.347+0500] {dag.py:3722} INFO - Setting next_dagrun for example_branch_operator to 2023-11-21T00:00:00+00:00, run_after=2023-11-22T00:00:00+00:00
[2023-11-22T15:48:10.448+0500] {processor.py:179} INFO - Processing /usr/local/lib/python3.10/dist-packages/airflow/example_dags/example_branch_operator.py took 0.382 seconds
[2023-11-22T15:48:41.377+0500] {processor.py:157} INFO - Started process (PID=15885) to work on /usr/local/lib/python3.10/dist-packages/airflow/example_dags/example_branch_operator.py
[2023-11-22T15:48:41.380+0500] {processor.py:829} INFO - Processing file /usr/local/lib/python3.10/dist-packages/airflow/example_dags/example_branch_operator.py for tasks to queue
[2023-11-22T15:48:41.384+0500] {logging_mixin.py:154} INFO - [2023-11-22T15:48:41.383+0500] {dagbag.py:536} INFO - Filling up the DagBag from /usr/local/lib/python3.10/dist-packages/airflow/example_dags/example_branch_operator.py
[2023-11-22T15:48:41.425+0500] {processor.py:839} INFO - DAG(s) dict_keys(['example_branch_operator']) retrieved from /usr/local/lib/python3.10/dist-packages/airflow/example_dags/example_branch_operator.py
[2023-11-22T15:48:41.538+0500] {logging_mixin.py:154} INFO - [2023-11-22T15:48:41.537+0500] {dag.py:2941} INFO - Sync 1 DAGs
[2023-11-22T15:48:41.659+0500] {logging_mixin.py:154} INFO - [2023-11-22T15:48:41.658+0500] {dag.py:3722} INFO - Setting next_dagrun for example_branch_operator to 2023-11-21T00:00:00+00:00, run_after=2023-11-22T00:00:00+00:00
[2023-11-22T15:48:41.747+0500] {processor.py:179} INFO - Processing /usr/local/lib/python3.10/dist-packages/airflow/example_dags/example_branch_operator.py took 0.384 seconds
[2023-11-22T15:49:12.203+0500] {processor.py:157} INFO - Started process (PID=16038) to work on /usr/local/lib/python3.10/dist-packages/airflow/example_dags/example_branch_operator.py
[2023-11-22T15:49:12.205+0500] {processor.py:829} INFO - Processing file /usr/local/lib/python3.10/dist-packages/airflow/example_dags/example_branch_operator.py for tasks to queue
[2023-11-22T15:49:12.208+0500] {logging_mixin.py:154} INFO - [2023-11-22T15:49:12.207+0500] {dagbag.py:536} INFO - Filling up the DagBag from /usr/local/lib/python3.10/dist-packages/airflow/example_dags/example_branch_operator.py
[2023-11-22T15:49:12.245+0500] {processor.py:839} INFO - DAG(s) dict_keys(['example_branch_operator']) retrieved from /usr/local/lib/python3.10/dist-packages/airflow/example_dags/example_branch_operator.py
[2023-11-22T15:49:12.374+0500] {logging_mixin.py:154} INFO - [2023-11-22T15:49:12.373+0500] {dag.py:2941} INFO - Sync 1 DAGs
[2023-11-22T15:49:12.502+0500] {logging_mixin.py:154} INFO - [2023-11-22T15:49:12.501+0500] {dag.py:3722} INFO - Setting next_dagrun for example_branch_operator to 2023-11-21T00:00:00+00:00, run_after=2023-11-22T00:00:00+00:00
[2023-11-22T15:49:12.574+0500] {processor.py:179} INFO - Processing /usr/local/lib/python3.10/dist-packages/airflow/example_dags/example_branch_operator.py took 0.382 seconds
[2023-11-22T15:49:44.438+0500] {processor.py:157} INFO - Started process (PID=16154) to work on /usr/local/lib/python3.10/dist-packages/airflow/example_dags/example_branch_operator.py
[2023-11-22T15:49:44.443+0500] {processor.py:829} INFO - Processing file /usr/local/lib/python3.10/dist-packages/airflow/example_dags/example_branch_operator.py for tasks to queue
[2023-11-22T15:49:44.447+0500] {logging_mixin.py:154} INFO - [2023-11-22T15:49:44.445+0500] {dagbag.py:536} INFO - Filling up the DagBag from /usr/local/lib/python3.10/dist-packages/airflow/example_dags/example_branch_operator.py
[2023-11-22T15:49:44.517+0500] {processor.py:839} INFO - DAG(s) dict_keys(['example_branch_operator']) retrieved from /usr/local/lib/python3.10/dist-packages/airflow/example_dags/example_branch_operator.py
[2023-11-22T15:49:44.659+0500] {logging_mixin.py:154} INFO - [2023-11-22T15:49:44.658+0500] {dag.py:2941} INFO - Sync 1 DAGs
[2023-11-22T15:49:44.791+0500] {logging_mixin.py:154} INFO - [2023-11-22T15:49:44.790+0500] {dag.py:3722} INFO - Setting next_dagrun for example_branch_operator to 2023-11-21T00:00:00+00:00, run_after=2023-11-22T00:00:00+00:00
[2023-11-22T15:49:44.919+0500] {processor.py:179} INFO - Processing /usr/local/lib/python3.10/dist-packages/airflow/example_dags/example_branch_operator.py took 0.507 seconds
[2023-11-22T15:50:16.358+0500] {processor.py:157} INFO - Started process (PID=16295) to work on /usr/local/lib/python3.10/dist-packages/airflow/example_dags/example_branch_operator.py
[2023-11-22T15:50:16.362+0500] {processor.py:829} INFO - Processing file /usr/local/lib/python3.10/dist-packages/airflow/example_dags/example_branch_operator.py for tasks to queue
[2023-11-22T15:50:16.367+0500] {logging_mixin.py:154} INFO - [2023-11-22T15:50:16.364+0500] {dagbag.py:536} INFO - Filling up the DagBag from /usr/local/lib/python3.10/dist-packages/airflow/example_dags/example_branch_operator.py
[2023-11-22T15:50:16.457+0500] {processor.py:839} INFO - DAG(s) dict_keys(['example_branch_operator']) retrieved from /usr/local/lib/python3.10/dist-packages/airflow/example_dags/example_branch_operator.py
[2023-11-22T15:50:16.603+0500] {logging_mixin.py:154} INFO - [2023-11-22T15:50:16.603+0500] {dag.py:2941} INFO - Sync 1 DAGs
[2023-11-22T15:50:16.746+0500] {logging_mixin.py:154} INFO - [2023-11-22T15:50:16.745+0500] {dag.py:3722} INFO - Setting next_dagrun for example_branch_operator to 2023-11-21T00:00:00+00:00, run_after=2023-11-22T00:00:00+00:00
[2023-11-22T15:50:16.900+0500] {processor.py:179} INFO - Processing /usr/local/lib/python3.10/dist-packages/airflow/example_dags/example_branch_operator.py took 0.575 seconds
[2023-11-22T15:50:47.542+0500] {processor.py:157} INFO - Started process (PID=16446) to work on /usr/local/lib/python3.10/dist-packages/airflow/example_dags/example_branch_operator.py
[2023-11-22T15:50:47.546+0500] {processor.py:829} INFO - Processing file /usr/local/lib/python3.10/dist-packages/airflow/example_dags/example_branch_operator.py for tasks to queue
[2023-11-22T15:50:47.550+0500] {logging_mixin.py:154} INFO - [2023-11-22T15:50:47.549+0500] {dagbag.py:536} INFO - Filling up the DagBag from /usr/local/lib/python3.10/dist-packages/airflow/example_dags/example_branch_operator.py
[2023-11-22T15:50:47.604+0500] {processor.py:839} INFO - DAG(s) dict_keys(['example_branch_operator']) retrieved from /usr/local/lib/python3.10/dist-packages/airflow/example_dags/example_branch_operator.py
[2023-11-22T15:50:47.729+0500] {logging_mixin.py:154} INFO - [2023-11-22T15:50:47.727+0500] {dag.py:2941} INFO - Sync 1 DAGs
[2023-11-22T15:50:47.853+0500] {logging_mixin.py:154} INFO - [2023-11-22T15:50:47.852+0500] {dag.py:3722} INFO - Setting next_dagrun for example_branch_operator to 2023-11-21T00:00:00+00:00, run_after=2023-11-22T00:00:00+00:00
[2023-11-22T15:50:47.962+0500] {processor.py:179} INFO - Processing /usr/local/lib/python3.10/dist-packages/airflow/example_dags/example_branch_operator.py took 0.436 seconds
[2023-11-22T15:51:19.301+0500] {processor.py:157} INFO - Started process (PID=16566) to work on /usr/local/lib/python3.10/dist-packages/airflow/example_dags/example_branch_operator.py
[2023-11-22T15:51:19.305+0500] {processor.py:829} INFO - Processing file /usr/local/lib/python3.10/dist-packages/airflow/example_dags/example_branch_operator.py for tasks to queue
[2023-11-22T15:51:19.308+0500] {logging_mixin.py:154} INFO - [2023-11-22T15:51:19.307+0500] {dagbag.py:536} INFO - Filling up the DagBag from /usr/local/lib/python3.10/dist-packages/airflow/example_dags/example_branch_operator.py
[2023-11-22T15:51:19.353+0500] {processor.py:839} INFO - DAG(s) dict_keys(['example_branch_operator']) retrieved from /usr/local/lib/python3.10/dist-packages/airflow/example_dags/example_branch_operator.py
[2023-11-22T15:51:19.466+0500] {logging_mixin.py:154} INFO - [2023-11-22T15:51:19.466+0500] {dag.py:2941} INFO - Sync 1 DAGs
[2023-11-22T15:51:19.569+0500] {logging_mixin.py:154} INFO - [2023-11-22T15:51:19.568+0500] {dag.py:3722} INFO - Setting next_dagrun for example_branch_operator to 2023-11-21T00:00:00+00:00, run_after=2023-11-22T00:00:00+00:00
[2023-11-22T15:51:19.645+0500] {processor.py:179} INFO - Processing /usr/local/lib/python3.10/dist-packages/airflow/example_dags/example_branch_operator.py took 0.357 seconds
[2023-11-22T15:51:50.189+0500] {processor.py:157} INFO - Started process (PID=16716) to work on /usr/local/lib/python3.10/dist-packages/airflow/example_dags/example_branch_operator.py
[2023-11-22T15:51:50.191+0500] {processor.py:829} INFO - Processing file /usr/local/lib/python3.10/dist-packages/airflow/example_dags/example_branch_operator.py for tasks to queue
[2023-11-22T15:51:50.194+0500] {logging_mixin.py:154} INFO - [2023-11-22T15:51:50.193+0500] {dagbag.py:536} INFO - Filling up the DagBag from /usr/local/lib/python3.10/dist-packages/airflow/example_dags/example_branch_operator.py
[2023-11-22T15:51:50.233+0500] {processor.py:839} INFO - DAG(s) dict_keys(['example_branch_operator']) retrieved from /usr/local/lib/python3.10/dist-packages/airflow/example_dags/example_branch_operator.py
[2023-11-22T15:51:50.352+0500] {logging_mixin.py:154} INFO - [2023-11-22T15:51:50.351+0500] {dag.py:2941} INFO - Sync 1 DAGs
[2023-11-22T15:51:50.464+0500] {logging_mixin.py:154} INFO - [2023-11-22T15:51:50.463+0500] {dag.py:3722} INFO - Setting next_dagrun for example_branch_operator to 2023-11-21T00:00:00+00:00, run_after=2023-11-22T00:00:00+00:00
[2023-11-22T15:51:50.552+0500] {processor.py:179} INFO - Processing /usr/local/lib/python3.10/dist-packages/airflow/example_dags/example_branch_operator.py took 0.375 seconds
[2023-11-22T15:52:21.068+0500] {processor.py:157} INFO - Started process (PID=16853) to work on /usr/local/lib/python3.10/dist-packages/airflow/example_dags/example_branch_operator.py
[2023-11-22T15:52:21.072+0500] {processor.py:829} INFO - Processing file /usr/local/lib/python3.10/dist-packages/airflow/example_dags/example_branch_operator.py for tasks to queue
[2023-11-22T15:52:21.075+0500] {logging_mixin.py:154} INFO - [2023-11-22T15:52:21.074+0500] {dagbag.py:536} INFO - Filling up the DagBag from /usr/local/lib/python3.10/dist-packages/airflow/example_dags/example_branch_operator.py
[2023-11-22T15:52:21.130+0500] {processor.py:839} INFO - DAG(s) dict_keys(['example_branch_operator']) retrieved from /usr/local/lib/python3.10/dist-packages/airflow/example_dags/example_branch_operator.py
[2023-11-22T15:52:21.277+0500] {logging_mixin.py:154} INFO - [2023-11-22T15:52:21.276+0500] {dag.py:2941} INFO - Sync 1 DAGs
[2023-11-22T15:52:21.408+0500] {logging_mixin.py:154} INFO - [2023-11-22T15:52:21.407+0500] {dag.py:3722} INFO - Setting next_dagrun for example_branch_operator to 2023-11-21T00:00:00+00:00, run_after=2023-11-22T00:00:00+00:00
[2023-11-22T15:52:21.490+0500] {processor.py:179} INFO - Processing /usr/local/lib/python3.10/dist-packages/airflow/example_dags/example_branch_operator.py took 0.435 seconds
[2023-11-22T15:52:52.943+0500] {processor.py:157} INFO - Started process (PID=16999) to work on /usr/local/lib/python3.10/dist-packages/airflow/example_dags/example_branch_operator.py
[2023-11-22T15:52:52.945+0500] {processor.py:829} INFO - Processing file /usr/local/lib/python3.10/dist-packages/airflow/example_dags/example_branch_operator.py for tasks to queue
[2023-11-22T15:52:52.948+0500] {logging_mixin.py:154} INFO - [2023-11-22T15:52:52.947+0500] {dagbag.py:536} INFO - Filling up the DagBag from /usr/local/lib/python3.10/dist-packages/airflow/example_dags/example_branch_operator.py
[2023-11-22T15:52:53.002+0500] {processor.py:839} INFO - DAG(s) dict_keys(['example_branch_operator']) retrieved from /usr/local/lib/python3.10/dist-packages/airflow/example_dags/example_branch_operator.py
[2023-11-22T15:52:53.133+0500] {logging_mixin.py:154} INFO - [2023-11-22T15:52:53.132+0500] {dag.py:2941} INFO - Sync 1 DAGs
[2023-11-22T15:52:53.256+0500] {logging_mixin.py:154} INFO - [2023-11-22T15:52:53.255+0500] {dag.py:3722} INFO - Setting next_dagrun for example_branch_operator to 2023-11-21T00:00:00+00:00, run_after=2023-11-22T00:00:00+00:00
[2023-11-22T15:52:53.340+0500] {processor.py:179} INFO - Processing /usr/local/lib/python3.10/dist-packages/airflow/example_dags/example_branch_operator.py took 0.413 seconds
[2023-11-22T15:53:28.969+0500] {processor.py:157} INFO - Started process (PID=17195) to work on /usr/local/lib/python3.10/dist-packages/airflow/example_dags/example_branch_operator.py
[2023-11-22T15:53:28.972+0500] {processor.py:829} INFO - Processing file /usr/local/lib/python3.10/dist-packages/airflow/example_dags/example_branch_operator.py for tasks to queue
[2023-11-22T15:53:28.978+0500] {logging_mixin.py:154} INFO - [2023-11-22T15:53:28.976+0500] {dagbag.py:536} INFO - Filling up the DagBag from /usr/local/lib/python3.10/dist-packages/airflow/example_dags/example_branch_operator.py
[2023-11-22T15:53:29.103+0500] {processor.py:839} INFO - DAG(s) dict_keys(['example_branch_operator']) retrieved from /usr/local/lib/python3.10/dist-packages/airflow/example_dags/example_branch_operator.py
[2023-11-22T15:53:29.284+0500] {logging_mixin.py:154} INFO - [2023-11-22T15:53:29.283+0500] {dag.py:2941} INFO - Sync 1 DAGs
[2023-11-22T15:53:29.419+0500] {logging_mixin.py:154} INFO - [2023-11-22T15:53:29.418+0500] {dag.py:3722} INFO - Setting next_dagrun for example_branch_operator to 2023-11-21T00:00:00+00:00, run_after=2023-11-22T00:00:00+00:00
[2023-11-22T15:53:29.567+0500] {processor.py:179} INFO - Processing /usr/local/lib/python3.10/dist-packages/airflow/example_dags/example_branch_operator.py took 0.613 seconds
[2023-11-22T15:54:03.502+0500] {processor.py:157} INFO - Started process (PID=17402) to work on /usr/local/lib/python3.10/dist-packages/airflow/example_dags/example_branch_operator.py
[2023-11-22T15:54:03.507+0500] {processor.py:829} INFO - Processing file /usr/local/lib/python3.10/dist-packages/airflow/example_dags/example_branch_operator.py for tasks to queue
[2023-11-22T15:54:03.517+0500] {logging_mixin.py:154} INFO - [2023-11-22T15:54:03.509+0500] {dagbag.py:536} INFO - Filling up the DagBag from /usr/local/lib/python3.10/dist-packages/airflow/example_dags/example_branch_operator.py
[2023-11-22T15:54:03.590+0500] {processor.py:839} INFO - DAG(s) dict_keys(['example_branch_operator']) retrieved from /usr/local/lib/python3.10/dist-packages/airflow/example_dags/example_branch_operator.py
[2023-11-22T15:54:03.818+0500] {logging_mixin.py:154} INFO - [2023-11-22T15:54:03.817+0500] {dag.py:2941} INFO - Sync 1 DAGs
[2023-11-22T15:54:04.093+0500] {logging_mixin.py:154} INFO - [2023-11-22T15:54:04.081+0500] {dag.py:3722} INFO - Setting next_dagrun for example_branch_operator to 2023-11-21T00:00:00+00:00, run_after=2023-11-22T00:00:00+00:00
[2023-11-22T15:54:04.210+0500] {processor.py:179} INFO - Processing /usr/local/lib/python3.10/dist-packages/airflow/example_dags/example_branch_operator.py took 0.721 seconds
[2023-11-22T15:54:36.137+0500] {processor.py:157} INFO - Started process (PID=17593) to work on /usr/local/lib/python3.10/dist-packages/airflow/example_dags/example_branch_operator.py
[2023-11-22T15:54:36.142+0500] {processor.py:829} INFO - Processing file /usr/local/lib/python3.10/dist-packages/airflow/example_dags/example_branch_operator.py for tasks to queue
[2023-11-22T15:54:36.146+0500] {logging_mixin.py:154} INFO - [2023-11-22T15:54:36.145+0500] {dagbag.py:536} INFO - Filling up the DagBag from /usr/local/lib/python3.10/dist-packages/airflow/example_dags/example_branch_operator.py
[2023-11-22T15:54:36.201+0500] {processor.py:839} INFO - DAG(s) dict_keys(['example_branch_operator']) retrieved from /usr/local/lib/python3.10/dist-packages/airflow/example_dags/example_branch_operator.py
[2023-11-22T15:54:36.352+0500] {logging_mixin.py:154} INFO - [2023-11-22T15:54:36.351+0500] {dag.py:2941} INFO - Sync 1 DAGs
[2023-11-22T15:54:36.517+0500] {logging_mixin.py:154} INFO - [2023-11-22T15:54:36.517+0500] {dag.py:3722} INFO - Setting next_dagrun for example_branch_operator to 2023-11-21T00:00:00+00:00, run_after=2023-11-22T00:00:00+00:00
[2023-11-22T15:54:36.682+0500] {processor.py:179} INFO - Processing /usr/local/lib/python3.10/dist-packages/airflow/example_dags/example_branch_operator.py took 0.557 seconds
[2023-11-22T15:55:07.709+0500] {processor.py:157} INFO - Started process (PID=17799) to work on /usr/local/lib/python3.10/dist-packages/airflow/example_dags/example_branch_operator.py
[2023-11-22T15:55:07.715+0500] {processor.py:829} INFO - Processing file /usr/local/lib/python3.10/dist-packages/airflow/example_dags/example_branch_operator.py for tasks to queue
[2023-11-22T15:55:07.720+0500] {logging_mixin.py:154} INFO - [2023-11-22T15:55:07.719+0500] {dagbag.py:536} INFO - Filling up the DagBag from /usr/local/lib/python3.10/dist-packages/airflow/example_dags/example_branch_operator.py
[2023-11-22T15:55:07.802+0500] {processor.py:839} INFO - DAG(s) dict_keys(['example_branch_operator']) retrieved from /usr/local/lib/python3.10/dist-packages/airflow/example_dags/example_branch_operator.py
[2023-11-22T15:55:07.932+0500] {logging_mixin.py:154} INFO - [2023-11-22T15:55:07.931+0500] {dag.py:2941} INFO - Sync 1 DAGs
[2023-11-22T15:55:08.064+0500] {logging_mixin.py:154} INFO - [2023-11-22T15:55:08.063+0500] {dag.py:3722} INFO - Setting next_dagrun for example_branch_operator to 2023-11-21T00:00:00+00:00, run_after=2023-11-22T00:00:00+00:00
[2023-11-22T15:55:08.185+0500] {processor.py:179} INFO - Processing /usr/local/lib/python3.10/dist-packages/airflow/example_dags/example_branch_operator.py took 0.489 seconds
[2023-11-22T15:55:39.301+0500] {processor.py:157} INFO - Started process (PID=18189) to work on /usr/local/lib/python3.10/dist-packages/airflow/example_dags/example_branch_operator.py
[2023-11-22T15:55:39.321+0500] {processor.py:829} INFO - Processing file /usr/local/lib/python3.10/dist-packages/airflow/example_dags/example_branch_operator.py for tasks to queue
[2023-11-22T15:55:39.324+0500] {logging_mixin.py:154} INFO - [2023-11-22T15:55:39.323+0500] {dagbag.py:536} INFO - Filling up the DagBag from /usr/local/lib/python3.10/dist-packages/airflow/example_dags/example_branch_operator.py
[2023-11-22T15:55:39.367+0500] {processor.py:839} INFO - DAG(s) dict_keys(['example_branch_operator']) retrieved from /usr/local/lib/python3.10/dist-packages/airflow/example_dags/example_branch_operator.py
[2023-11-22T15:55:39.488+0500] {logging_mixin.py:154} INFO - [2023-11-22T15:55:39.488+0500] {dag.py:2941} INFO - Sync 1 DAGs
[2023-11-22T15:55:39.602+0500] {logging_mixin.py:154} INFO - [2023-11-22T15:55:39.602+0500] {dag.py:3722} INFO - Setting next_dagrun for example_branch_operator to 2023-11-21T00:00:00+00:00, run_after=2023-11-22T00:00:00+00:00
[2023-11-22T15:55:39.685+0500] {processor.py:179} INFO - Processing /usr/local/lib/python3.10/dist-packages/airflow/example_dags/example_branch_operator.py took 0.396 seconds
[2023-11-22T15:56:11.557+0500] {processor.py:157} INFO - Started process (PID=18297) to work on /usr/local/lib/python3.10/dist-packages/airflow/example_dags/example_branch_operator.py
[2023-11-22T15:56:11.560+0500] {processor.py:829} INFO - Processing file /usr/local/lib/python3.10/dist-packages/airflow/example_dags/example_branch_operator.py for tasks to queue
[2023-11-22T15:56:11.563+0500] {logging_mixin.py:154} INFO - [2023-11-22T15:56:11.562+0500] {dagbag.py:536} INFO - Filling up the DagBag from /usr/local/lib/python3.10/dist-packages/airflow/example_dags/example_branch_operator.py
[2023-11-22T15:56:11.616+0500] {processor.py:839} INFO - DAG(s) dict_keys(['example_branch_operator']) retrieved from /usr/local/lib/python3.10/dist-packages/airflow/example_dags/example_branch_operator.py
[2023-11-22T15:56:11.742+0500] {logging_mixin.py:154} INFO - [2023-11-22T15:56:11.742+0500] {dag.py:2941} INFO - Sync 1 DAGs
[2023-11-22T15:56:11.857+0500] {logging_mixin.py:154} INFO - [2023-11-22T15:56:11.857+0500] {dag.py:3722} INFO - Setting next_dagrun for example_branch_operator to 2023-11-21T00:00:00+00:00, run_after=2023-11-22T00:00:00+00:00
[2023-11-22T15:56:11.936+0500] {processor.py:179} INFO - Processing /usr/local/lib/python3.10/dist-packages/airflow/example_dags/example_branch_operator.py took 0.393 seconds
[2023-11-22T15:56:43.605+0500] {processor.py:157} INFO - Started process (PID=18407) to work on /usr/local/lib/python3.10/dist-packages/airflow/example_dags/example_branch_operator.py
[2023-11-22T15:56:43.607+0500] {processor.py:829} INFO - Processing file /usr/local/lib/python3.10/dist-packages/airflow/example_dags/example_branch_operator.py for tasks to queue
[2023-11-22T15:56:43.610+0500] {logging_mixin.py:154} INFO - [2023-11-22T15:56:43.609+0500] {dagbag.py:536} INFO - Filling up the DagBag from /usr/local/lib/python3.10/dist-packages/airflow/example_dags/example_branch_operator.py
[2023-11-22T15:56:43.649+0500] {processor.py:839} INFO - DAG(s) dict_keys(['example_branch_operator']) retrieved from /usr/local/lib/python3.10/dist-packages/airflow/example_dags/example_branch_operator.py
[2023-11-22T15:56:43.760+0500] {logging_mixin.py:154} INFO - [2023-11-22T15:56:43.759+0500] {dag.py:2941} INFO - Sync 1 DAGs
[2023-11-22T15:56:43.872+0500] {logging_mixin.py:154} INFO - [2023-11-22T15:56:43.871+0500] {dag.py:3722} INFO - Setting next_dagrun for example_branch_operator to 2023-11-21T00:00:00+00:00, run_after=2023-11-22T00:00:00+00:00
[2023-11-22T15:56:43.948+0500] {processor.py:179} INFO - Processing /usr/local/lib/python3.10/dist-packages/airflow/example_dags/example_branch_operator.py took 0.356 seconds
[2023-11-22T15:57:14.968+0500] {processor.py:157} INFO - Started process (PID=18525) to work on /usr/local/lib/python3.10/dist-packages/airflow/example_dags/example_branch_operator.py
[2023-11-22T15:57:14.971+0500] {processor.py:829} INFO - Processing file /usr/local/lib/python3.10/dist-packages/airflow/example_dags/example_branch_operator.py for tasks to queue
[2023-11-22T15:57:14.974+0500] {logging_mixin.py:154} INFO - [2023-11-22T15:57:14.973+0500] {dagbag.py:536} INFO - Filling up the DagBag from /usr/local/lib/python3.10/dist-packages/airflow/example_dags/example_branch_operator.py
[2023-11-22T15:57:15.014+0500] {processor.py:839} INFO - DAG(s) dict_keys(['example_branch_operator']) retrieved from /usr/local/lib/python3.10/dist-packages/airflow/example_dags/example_branch_operator.py
[2023-11-22T15:57:15.123+0500] {logging_mixin.py:154} INFO - [2023-11-22T15:57:15.122+0500] {dag.py:2941} INFO - Sync 1 DAGs
[2023-11-22T15:57:15.223+0500] {logging_mixin.py:154} INFO - [2023-11-22T15:57:15.223+0500] {dag.py:3722} INFO - Setting next_dagrun for example_branch_operator to 2023-11-21T00:00:00+00:00, run_after=2023-11-22T00:00:00+00:00
[2023-11-22T15:57:15.315+0500] {processor.py:179} INFO - Processing /usr/local/lib/python3.10/dist-packages/airflow/example_dags/example_branch_operator.py took 0.359 seconds
[2023-11-22T15:57:46.455+0500] {processor.py:157} INFO - Started process (PID=18627) to work on /usr/local/lib/python3.10/dist-packages/airflow/example_dags/example_branch_operator.py
[2023-11-22T15:57:46.458+0500] {processor.py:829} INFO - Processing file /usr/local/lib/python3.10/dist-packages/airflow/example_dags/example_branch_operator.py for tasks to queue
[2023-11-22T15:57:46.460+0500] {logging_mixin.py:154} INFO - [2023-11-22T15:57:46.459+0500] {dagbag.py:536} INFO - Filling up the DagBag from /usr/local/lib/python3.10/dist-packages/airflow/example_dags/example_branch_operator.py
[2023-11-22T15:57:46.497+0500] {processor.py:839} INFO - DAG(s) dict_keys(['example_branch_operator']) retrieved from /usr/local/lib/python3.10/dist-packages/airflow/example_dags/example_branch_operator.py
[2023-11-22T15:57:46.615+0500] {logging_mixin.py:154} INFO - [2023-11-22T15:57:46.614+0500] {dag.py:2941} INFO - Sync 1 DAGs
[2023-11-22T15:57:46.724+0500] {logging_mixin.py:154} INFO - [2023-11-22T15:57:46.723+0500] {dag.py:3722} INFO - Setting next_dagrun for example_branch_operator to 2023-11-21T00:00:00+00:00, run_after=2023-11-22T00:00:00+00:00
[2023-11-22T15:57:46.821+0500] {processor.py:179} INFO - Processing /usr/local/lib/python3.10/dist-packages/airflow/example_dags/example_branch_operator.py took 0.378 seconds
[2023-11-22T15:58:16.920+0500] {processor.py:157} INFO - Started process (PID=18726) to work on /usr/local/lib/python3.10/dist-packages/airflow/example_dags/example_branch_operator.py
[2023-11-22T15:58:16.924+0500] {processor.py:829} INFO - Processing file /usr/local/lib/python3.10/dist-packages/airflow/example_dags/example_branch_operator.py for tasks to queue
[2023-11-22T15:58:16.927+0500] {logging_mixin.py:154} INFO - [2023-11-22T15:58:16.925+0500] {dagbag.py:536} INFO - Filling up the DagBag from /usr/local/lib/python3.10/dist-packages/airflow/example_dags/example_branch_operator.py
[2023-11-22T15:58:16.968+0500] {processor.py:839} INFO - DAG(s) dict_keys(['example_branch_operator']) retrieved from /usr/local/lib/python3.10/dist-packages/airflow/example_dags/example_branch_operator.py
[2023-11-22T15:58:17.079+0500] {logging_mixin.py:154} INFO - [2023-11-22T15:58:17.078+0500] {dag.py:2941} INFO - Sync 1 DAGs
[2023-11-22T15:58:17.196+0500] {logging_mixin.py:154} INFO - [2023-11-22T15:58:17.195+0500] {dag.py:3722} INFO - Setting next_dagrun for example_branch_operator to 2023-11-21T00:00:00+00:00, run_after=2023-11-22T00:00:00+00:00
[2023-11-22T15:58:17.276+0500] {processor.py:179} INFO - Processing /usr/local/lib/python3.10/dist-packages/airflow/example_dags/example_branch_operator.py took 0.368 seconds
[2023-11-22T15:58:48.385+0500] {processor.py:157} INFO - Started process (PID=18827) to work on /usr/local/lib/python3.10/dist-packages/airflow/example_dags/example_branch_operator.py
[2023-11-22T15:58:48.388+0500] {processor.py:829} INFO - Processing file /usr/local/lib/python3.10/dist-packages/airflow/example_dags/example_branch_operator.py for tasks to queue
[2023-11-22T15:58:48.392+0500] {logging_mixin.py:154} INFO - [2023-11-22T15:58:48.390+0500] {dagbag.py:536} INFO - Filling up the DagBag from /usr/local/lib/python3.10/dist-packages/airflow/example_dags/example_branch_operator.py
[2023-11-22T15:58:48.442+0500] {processor.py:839} INFO - DAG(s) dict_keys(['example_branch_operator']) retrieved from /usr/local/lib/python3.10/dist-packages/airflow/example_dags/example_branch_operator.py
[2023-11-22T15:58:48.568+0500] {logging_mixin.py:154} INFO - [2023-11-22T15:58:48.567+0500] {dag.py:2941} INFO - Sync 1 DAGs
[2023-11-22T15:58:48.680+0500] {logging_mixin.py:154} INFO - [2023-11-22T15:58:48.679+0500] {dag.py:3722} INFO - Setting next_dagrun for example_branch_operator to 2023-11-21T00:00:00+00:00, run_after=2023-11-22T00:00:00+00:00
[2023-11-22T15:58:48.757+0500] {processor.py:179} INFO - Processing /usr/local/lib/python3.10/dist-packages/airflow/example_dags/example_branch_operator.py took 0.386 seconds
[2023-11-22T15:59:20.044+0500] {processor.py:157} INFO - Started process (PID=18928) to work on /usr/local/lib/python3.10/dist-packages/airflow/example_dags/example_branch_operator.py
[2023-11-22T15:59:20.047+0500] {processor.py:829} INFO - Processing file /usr/local/lib/python3.10/dist-packages/airflow/example_dags/example_branch_operator.py for tasks to queue
[2023-11-22T15:59:20.050+0500] {logging_mixin.py:154} INFO - [2023-11-22T15:59:20.049+0500] {dagbag.py:536} INFO - Filling up the DagBag from /usr/local/lib/python3.10/dist-packages/airflow/example_dags/example_branch_operator.py
[2023-11-22T15:59:20.087+0500] {processor.py:839} INFO - DAG(s) dict_keys(['example_branch_operator']) retrieved from /usr/local/lib/python3.10/dist-packages/airflow/example_dags/example_branch_operator.py
[2023-11-22T15:59:20.197+0500] {logging_mixin.py:154} INFO - [2023-11-22T15:59:20.196+0500] {dag.py:2941} INFO - Sync 1 DAGs
[2023-11-22T15:59:20.320+0500] {logging_mixin.py:154} INFO - [2023-11-22T15:59:20.319+0500] {dag.py:3722} INFO - Setting next_dagrun for example_branch_operator to 2023-11-21T00:00:00+00:00, run_after=2023-11-22T00:00:00+00:00
[2023-11-22T15:59:20.405+0500] {processor.py:179} INFO - Processing /usr/local/lib/python3.10/dist-packages/airflow/example_dags/example_branch_operator.py took 0.372 seconds
[2023-11-22T15:59:51.937+0500] {processor.py:157} INFO - Started process (PID=19029) to work on /usr/local/lib/python3.10/dist-packages/airflow/example_dags/example_branch_operator.py
[2023-11-22T15:59:51.940+0500] {processor.py:829} INFO - Processing file /usr/local/lib/python3.10/dist-packages/airflow/example_dags/example_branch_operator.py for tasks to queue
[2023-11-22T15:59:51.943+0500] {logging_mixin.py:154} INFO - [2023-11-22T15:59:51.941+0500] {dagbag.py:536} INFO - Filling up the DagBag from /usr/local/lib/python3.10/dist-packages/airflow/example_dags/example_branch_operator.py
[2023-11-22T15:59:51.982+0500] {processor.py:839} INFO - DAG(s) dict_keys(['example_branch_operator']) retrieved from /usr/local/lib/python3.10/dist-packages/airflow/example_dags/example_branch_operator.py
[2023-11-22T15:59:52.097+0500] {logging_mixin.py:154} INFO - [2023-11-22T15:59:52.096+0500] {dag.py:2941} INFO - Sync 1 DAGs
[2023-11-22T15:59:52.212+0500] {logging_mixin.py:154} INFO - [2023-11-22T15:59:52.211+0500] {dag.py:3722} INFO - Setting next_dagrun for example_branch_operator to 2023-11-21T00:00:00+00:00, run_after=2023-11-22T00:00:00+00:00
[2023-11-22T15:59:52.294+0500] {processor.py:179} INFO - Processing /usr/local/lib/python3.10/dist-packages/airflow/example_dags/example_branch_operator.py took 0.370 seconds
[2023-11-22T16:00:22.899+0500] {processor.py:157} INFO - Started process (PID=19133) to work on /usr/local/lib/python3.10/dist-packages/airflow/example_dags/example_branch_operator.py
[2023-11-22T16:00:22.902+0500] {processor.py:829} INFO - Processing file /usr/local/lib/python3.10/dist-packages/airflow/example_dags/example_branch_operator.py for tasks to queue
[2023-11-22T16:00:22.904+0500] {logging_mixin.py:154} INFO - [2023-11-22T16:00:22.903+0500] {dagbag.py:536} INFO - Filling up the DagBag from /usr/local/lib/python3.10/dist-packages/airflow/example_dags/example_branch_operator.py
[2023-11-22T16:00:22.941+0500] {processor.py:839} INFO - DAG(s) dict_keys(['example_branch_operator']) retrieved from /usr/local/lib/python3.10/dist-packages/airflow/example_dags/example_branch_operator.py
[2023-11-22T16:00:23.048+0500] {logging_mixin.py:154} INFO - [2023-11-22T16:00:23.048+0500] {dag.py:2941} INFO - Sync 1 DAGs
[2023-11-22T16:00:23.149+0500] {logging_mixin.py:154} INFO - [2023-11-22T16:00:23.149+0500] {dag.py:3722} INFO - Setting next_dagrun for example_branch_operator to 2023-11-21T00:00:00+00:00, run_after=2023-11-22T00:00:00+00:00
[2023-11-22T16:00:23.220+0500] {processor.py:179} INFO - Processing /usr/local/lib/python3.10/dist-packages/airflow/example_dags/example_branch_operator.py took 0.333 seconds
[2023-11-22T16:00:53.832+0500] {processor.py:157} INFO - Started process (PID=19230) to work on /usr/local/lib/python3.10/dist-packages/airflow/example_dags/example_branch_operator.py
[2023-11-22T16:00:53.835+0500] {processor.py:829} INFO - Processing file /usr/local/lib/python3.10/dist-packages/airflow/example_dags/example_branch_operator.py for tasks to queue
[2023-11-22T16:00:53.838+0500] {logging_mixin.py:154} INFO - [2023-11-22T16:00:53.837+0500] {dagbag.py:536} INFO - Filling up the DagBag from /usr/local/lib/python3.10/dist-packages/airflow/example_dags/example_branch_operator.py
[2023-11-22T16:00:53.875+0500] {processor.py:839} INFO - DAG(s) dict_keys(['example_branch_operator']) retrieved from /usr/local/lib/python3.10/dist-packages/airflow/example_dags/example_branch_operator.py
[2023-11-22T16:00:53.980+0500] {logging_mixin.py:154} INFO - [2023-11-22T16:00:53.979+0500] {dag.py:2941} INFO - Sync 1 DAGs
[2023-11-22T16:00:54.086+0500] {logging_mixin.py:154} INFO - [2023-11-22T16:00:54.086+0500] {dag.py:3722} INFO - Setting next_dagrun for example_branch_operator to 2023-11-21T00:00:00+00:00, run_after=2023-11-22T00:00:00+00:00
[2023-11-22T16:00:54.161+0500] {processor.py:179} INFO - Processing /usr/local/lib/python3.10/dist-packages/airflow/example_dags/example_branch_operator.py took 0.342 seconds
[2023-11-22T16:01:24.469+0500] {processor.py:157} INFO - Started process (PID=19330) to work on /usr/local/lib/python3.10/dist-packages/airflow/example_dags/example_branch_operator.py
[2023-11-22T16:01:24.471+0500] {processor.py:829} INFO - Processing file /usr/local/lib/python3.10/dist-packages/airflow/example_dags/example_branch_operator.py for tasks to queue
[2023-11-22T16:01:24.474+0500] {logging_mixin.py:154} INFO - [2023-11-22T16:01:24.473+0500] {dagbag.py:536} INFO - Filling up the DagBag from /usr/local/lib/python3.10/dist-packages/airflow/example_dags/example_branch_operator.py
[2023-11-22T16:01:24.511+0500] {processor.py:839} INFO - DAG(s) dict_keys(['example_branch_operator']) retrieved from /usr/local/lib/python3.10/dist-packages/airflow/example_dags/example_branch_operator.py
[2023-11-22T16:01:24.618+0500] {logging_mixin.py:154} INFO - [2023-11-22T16:01:24.618+0500] {dag.py:2941} INFO - Sync 1 DAGs
[2023-11-22T16:01:24.718+0500] {logging_mixin.py:154} INFO - [2023-11-22T16:01:24.717+0500] {dag.py:3722} INFO - Setting next_dagrun for example_branch_operator to 2023-11-21T00:00:00+00:00, run_after=2023-11-22T00:00:00+00:00
[2023-11-22T16:01:24.792+0500] {processor.py:179} INFO - Processing /usr/local/lib/python3.10/dist-packages/airflow/example_dags/example_branch_operator.py took 0.335 seconds
[2023-11-22T16:01:55.070+0500] {processor.py:157} INFO - Started process (PID=19429) to work on /usr/local/lib/python3.10/dist-packages/airflow/example_dags/example_branch_operator.py
[2023-11-22T16:01:55.072+0500] {processor.py:829} INFO - Processing file /usr/local/lib/python3.10/dist-packages/airflow/example_dags/example_branch_operator.py for tasks to queue
[2023-11-22T16:01:55.075+0500] {logging_mixin.py:154} INFO - [2023-11-22T16:01:55.074+0500] {dagbag.py:536} INFO - Filling up the DagBag from /usr/local/lib/python3.10/dist-packages/airflow/example_dags/example_branch_operator.py
[2023-11-22T16:01:55.114+0500] {processor.py:839} INFO - DAG(s) dict_keys(['example_branch_operator']) retrieved from /usr/local/lib/python3.10/dist-packages/airflow/example_dags/example_branch_operator.py
[2023-11-22T16:01:55.235+0500] {logging_mixin.py:154} INFO - [2023-11-22T16:01:55.234+0500] {dag.py:2941} INFO - Sync 1 DAGs
[2023-11-22T16:01:55.347+0500] {logging_mixin.py:154} INFO - [2023-11-22T16:01:55.346+0500] {dag.py:3722} INFO - Setting next_dagrun for example_branch_operator to 2023-11-21T00:00:00+00:00, run_after=2023-11-22T00:00:00+00:00
[2023-11-22T16:01:55.425+0500] {processor.py:179} INFO - Processing /usr/local/lib/python3.10/dist-packages/airflow/example_dags/example_branch_operator.py took 0.368 seconds
[2023-11-22T16:02:25.717+0500] {processor.py:157} INFO - Started process (PID=19551) to work on /usr/local/lib/python3.10/dist-packages/airflow/example_dags/example_branch_operator.py
[2023-11-22T16:02:25.720+0500] {processor.py:829} INFO - Processing file /usr/local/lib/python3.10/dist-packages/airflow/example_dags/example_branch_operator.py for tasks to queue
[2023-11-22T16:02:25.723+0500] {logging_mixin.py:154} INFO - [2023-11-22T16:02:25.722+0500] {dagbag.py:536} INFO - Filling up the DagBag from /usr/local/lib/python3.10/dist-packages/airflow/example_dags/example_branch_operator.py
[2023-11-22T16:02:25.763+0500] {processor.py:839} INFO - DAG(s) dict_keys(['example_branch_operator']) retrieved from /usr/local/lib/python3.10/dist-packages/airflow/example_dags/example_branch_operator.py
[2023-11-22T16:02:25.879+0500] {logging_mixin.py:154} INFO - [2023-11-22T16:02:25.878+0500] {dag.py:2941} INFO - Sync 1 DAGs
[2023-11-22T16:02:25.986+0500] {logging_mixin.py:154} INFO - [2023-11-22T16:02:25.985+0500] {dag.py:3722} INFO - Setting next_dagrun for example_branch_operator to 2023-11-21T00:00:00+00:00, run_after=2023-11-22T00:00:00+00:00
[2023-11-22T16:02:26.072+0500] {processor.py:179} INFO - Processing /usr/local/lib/python3.10/dist-packages/airflow/example_dags/example_branch_operator.py took 0.368 seconds
[2023-11-22T16:02:56.264+0500] {processor.py:157} INFO - Started process (PID=19652) to work on /usr/local/lib/python3.10/dist-packages/airflow/example_dags/example_branch_operator.py
[2023-11-22T16:02:56.267+0500] {processor.py:829} INFO - Processing file /usr/local/lib/python3.10/dist-packages/airflow/example_dags/example_branch_operator.py for tasks to queue
[2023-11-22T16:02:56.269+0500] {logging_mixin.py:154} INFO - [2023-11-22T16:02:56.269+0500] {dagbag.py:536} INFO - Filling up the DagBag from /usr/local/lib/python3.10/dist-packages/airflow/example_dags/example_branch_operator.py
[2023-11-22T16:02:56.306+0500] {processor.py:839} INFO - DAG(s) dict_keys(['example_branch_operator']) retrieved from /usr/local/lib/python3.10/dist-packages/airflow/example_dags/example_branch_operator.py
[2023-11-22T16:02:56.436+0500] {logging_mixin.py:154} INFO - [2023-11-22T16:02:56.435+0500] {dag.py:2941} INFO - Sync 1 DAGs
[2023-11-22T16:02:56.553+0500] {logging_mixin.py:154} INFO - [2023-11-22T16:02:56.552+0500] {dag.py:3722} INFO - Setting next_dagrun for example_branch_operator to 2023-11-21T00:00:00+00:00, run_after=2023-11-22T00:00:00+00:00
[2023-11-22T16:02:56.630+0500] {processor.py:179} INFO - Processing /usr/local/lib/python3.10/dist-packages/airflow/example_dags/example_branch_operator.py took 0.378 seconds
[2023-11-22T16:03:26.825+0500] {processor.py:157} INFO - Started process (PID=19751) to work on /usr/local/lib/python3.10/dist-packages/airflow/example_dags/example_branch_operator.py
[2023-11-22T16:03:26.828+0500] {processor.py:829} INFO - Processing file /usr/local/lib/python3.10/dist-packages/airflow/example_dags/example_branch_operator.py for tasks to queue
[2023-11-22T16:03:26.831+0500] {logging_mixin.py:154} INFO - [2023-11-22T16:03:26.830+0500] {dagbag.py:536} INFO - Filling up the DagBag from /usr/local/lib/python3.10/dist-packages/airflow/example_dags/example_branch_operator.py
[2023-11-22T16:03:26.870+0500] {processor.py:839} INFO - DAG(s) dict_keys(['example_branch_operator']) retrieved from /usr/local/lib/python3.10/dist-packages/airflow/example_dags/example_branch_operator.py
[2023-11-22T16:03:26.989+0500] {logging_mixin.py:154} INFO - [2023-11-22T16:03:26.989+0500] {dag.py:2941} INFO - Sync 1 DAGs
[2023-11-22T16:03:27.089+0500] {logging_mixin.py:154} INFO - [2023-11-22T16:03:27.088+0500] {dag.py:3722} INFO - Setting next_dagrun for example_branch_operator to 2023-11-21T00:00:00+00:00, run_after=2023-11-22T00:00:00+00:00
[2023-11-22T16:03:27.160+0500] {processor.py:179} INFO - Processing /usr/local/lib/python3.10/dist-packages/airflow/example_dags/example_branch_operator.py took 0.345 seconds
[2023-11-22T16:03:57.373+0500] {processor.py:157} INFO - Started process (PID=19850) to work on /usr/local/lib/python3.10/dist-packages/airflow/example_dags/example_branch_operator.py
[2023-11-22T16:03:57.375+0500] {processor.py:829} INFO - Processing file /usr/local/lib/python3.10/dist-packages/airflow/example_dags/example_branch_operator.py for tasks to queue
[2023-11-22T16:03:57.378+0500] {logging_mixin.py:154} INFO - [2023-11-22T16:03:57.377+0500] {dagbag.py:536} INFO - Filling up the DagBag from /usr/local/lib/python3.10/dist-packages/airflow/example_dags/example_branch_operator.py
[2023-11-22T16:03:57.423+0500] {processor.py:839} INFO - DAG(s) dict_keys(['example_branch_operator']) retrieved from /usr/local/lib/python3.10/dist-packages/airflow/example_dags/example_branch_operator.py
[2023-11-22T16:03:57.529+0500] {logging_mixin.py:154} INFO - [2023-11-22T16:03:57.528+0500] {dag.py:2941} INFO - Sync 1 DAGs
[2023-11-22T16:03:57.631+0500] {logging_mixin.py:154} INFO - [2023-11-22T16:03:57.630+0500] {dag.py:3722} INFO - Setting next_dagrun for example_branch_operator to 2023-11-21T00:00:00+00:00, run_after=2023-11-22T00:00:00+00:00
[2023-11-22T16:03:57.701+0500] {processor.py:179} INFO - Processing /usr/local/lib/python3.10/dist-packages/airflow/example_dags/example_branch_operator.py took 0.341 seconds
[2023-11-22T16:04:28.015+0500] {processor.py:157} INFO - Started process (PID=20002) to work on /usr/local/lib/python3.10/dist-packages/airflow/example_dags/example_branch_operator.py
[2023-11-22T16:04:28.018+0500] {processor.py:829} INFO - Processing file /usr/local/lib/python3.10/dist-packages/airflow/example_dags/example_branch_operator.py for tasks to queue
[2023-11-22T16:04:28.021+0500] {logging_mixin.py:154} INFO - [2023-11-22T16:04:28.020+0500] {dagbag.py:536} INFO - Filling up the DagBag from /usr/local/lib/python3.10/dist-packages/airflow/example_dags/example_branch_operator.py
[2023-11-22T16:04:28.058+0500] {processor.py:839} INFO - DAG(s) dict_keys(['example_branch_operator']) retrieved from /usr/local/lib/python3.10/dist-packages/airflow/example_dags/example_branch_operator.py
[2023-11-22T16:04:28.171+0500] {logging_mixin.py:154} INFO - [2023-11-22T16:04:28.170+0500] {dag.py:2941} INFO - Sync 1 DAGs
[2023-11-22T16:04:28.271+0500] {logging_mixin.py:154} INFO - [2023-11-22T16:04:28.270+0500] {dag.py:3722} INFO - Setting next_dagrun for example_branch_operator to 2023-11-21T00:00:00+00:00, run_after=2023-11-22T00:00:00+00:00
[2023-11-22T16:04:28.343+0500] {processor.py:179} INFO - Processing /usr/local/lib/python3.10/dist-packages/airflow/example_dags/example_branch_operator.py took 0.339 seconds
[2023-11-22T16:04:58.650+0500] {processor.py:157} INFO - Started process (PID=20110) to work on /usr/local/lib/python3.10/dist-packages/airflow/example_dags/example_branch_operator.py
[2023-11-22T16:04:58.652+0500] {processor.py:829} INFO - Processing file /usr/local/lib/python3.10/dist-packages/airflow/example_dags/example_branch_operator.py for tasks to queue
[2023-11-22T16:04:58.655+0500] {logging_mixin.py:154} INFO - [2023-11-22T16:04:58.654+0500] {dagbag.py:536} INFO - Filling up the DagBag from /usr/local/lib/python3.10/dist-packages/airflow/example_dags/example_branch_operator.py
[2023-11-22T16:04:58.695+0500] {processor.py:839} INFO - DAG(s) dict_keys(['example_branch_operator']) retrieved from /usr/local/lib/python3.10/dist-packages/airflow/example_dags/example_branch_operator.py
[2023-11-22T16:04:58.802+0500] {logging_mixin.py:154} INFO - [2023-11-22T16:04:58.801+0500] {dag.py:2941} INFO - Sync 1 DAGs
[2023-11-22T16:04:58.904+0500] {logging_mixin.py:154} INFO - [2023-11-22T16:04:58.903+0500] {dag.py:3722} INFO - Setting next_dagrun for example_branch_operator to 2023-11-21T00:00:00+00:00, run_after=2023-11-22T00:00:00+00:00
[2023-11-22T16:04:58.974+0500] {processor.py:179} INFO - Processing /usr/local/lib/python3.10/dist-packages/airflow/example_dags/example_branch_operator.py took 0.342 seconds
[2023-11-22T16:05:29.294+0500] {processor.py:157} INFO - Started process (PID=20219) to work on /usr/local/lib/python3.10/dist-packages/airflow/example_dags/example_branch_operator.py
[2023-11-22T16:05:29.296+0500] {processor.py:829} INFO - Processing file /usr/local/lib/python3.10/dist-packages/airflow/example_dags/example_branch_operator.py for tasks to queue
[2023-11-22T16:05:29.299+0500] {logging_mixin.py:154} INFO - [2023-11-22T16:05:29.298+0500] {dagbag.py:536} INFO - Filling up the DagBag from /usr/local/lib/python3.10/dist-packages/airflow/example_dags/example_branch_operator.py
[2023-11-22T16:05:29.336+0500] {processor.py:839} INFO - DAG(s) dict_keys(['example_branch_operator']) retrieved from /usr/local/lib/python3.10/dist-packages/airflow/example_dags/example_branch_operator.py
[2023-11-22T16:05:29.465+0500] {logging_mixin.py:154} INFO - [2023-11-22T16:05:29.464+0500] {dag.py:2941} INFO - Sync 1 DAGs
[2023-11-22T16:05:29.571+0500] {logging_mixin.py:154} INFO - [2023-11-22T16:05:29.570+0500] {dag.py:3722} INFO - Setting next_dagrun for example_branch_operator to 2023-11-21T00:00:00+00:00, run_after=2023-11-22T00:00:00+00:00
[2023-11-22T16:05:29.648+0500] {processor.py:179} INFO - Processing /usr/local/lib/python3.10/dist-packages/airflow/example_dags/example_branch_operator.py took 0.366 seconds
[2023-11-22T16:06:00.520+0500] {processor.py:157} INFO - Started process (PID=20322) to work on /usr/local/lib/python3.10/dist-packages/airflow/example_dags/example_branch_operator.py
[2023-11-22T16:06:00.522+0500] {processor.py:829} INFO - Processing file /usr/local/lib/python3.10/dist-packages/airflow/example_dags/example_branch_operator.py for tasks to queue
[2023-11-22T16:06:00.525+0500] {logging_mixin.py:154} INFO - [2023-11-22T16:06:00.524+0500] {dagbag.py:536} INFO - Filling up the DagBag from /usr/local/lib/python3.10/dist-packages/airflow/example_dags/example_branch_operator.py
[2023-11-22T16:06:00.564+0500] {processor.py:839} INFO - DAG(s) dict_keys(['example_branch_operator']) retrieved from /usr/local/lib/python3.10/dist-packages/airflow/example_dags/example_branch_operator.py
[2023-11-22T16:06:00.669+0500] {logging_mixin.py:154} INFO - [2023-11-22T16:06:00.668+0500] {dag.py:2941} INFO - Sync 1 DAGs
[2023-11-22T16:06:00.776+0500] {logging_mixin.py:154} INFO - [2023-11-22T16:06:00.775+0500] {dag.py:3722} INFO - Setting next_dagrun for example_branch_operator to 2023-11-21T00:00:00+00:00, run_after=2023-11-22T00:00:00+00:00
[2023-11-22T16:06:00.855+0500] {processor.py:179} INFO - Processing /usr/local/lib/python3.10/dist-packages/airflow/example_dags/example_branch_operator.py took 0.346 seconds
