[2023-11-22T15:27:10.838+0500] {processor.py:157} INFO - Started process (PID=9924) to work on /usr/local/lib/python3.10/dist-packages/airflow/example_dags/example_time_delta_sensor_async.py
[2023-11-22T15:27:10.842+0500] {processor.py:829} INFO - Processing file /usr/local/lib/python3.10/dist-packages/airflow/example_dags/example_time_delta_sensor_async.py for tasks to queue
[2023-11-22T15:27:10.845+0500] {logging_mixin.py:154} INFO - [2023-11-22T15:27:10.844+0500] {dagbag.py:536} INFO - Filling up the DagBag from /usr/local/lib/python3.10/dist-packages/airflow/example_dags/example_time_delta_sensor_async.py
[2023-11-22T15:27:10.872+0500] {processor.py:839} INFO - DAG(s) dict_keys(['example_time_delta_sensor_async']) retrieved from /usr/local/lib/python3.10/dist-packages/airflow/example_dags/example_time_delta_sensor_async.py
[2023-11-22T15:27:10.985+0500] {logging_mixin.py:154} INFO - [2023-11-22T15:27:10.985+0500] {dag.py:2941} INFO - Sync 1 DAGs
[2023-11-22T15:27:11.044+0500] {logging_mixin.py:154} INFO - [2023-11-22T15:27:11.043+0500] {dag.py:3722} INFO - Setting next_dagrun for example_time_delta_sensor_async to None, run_after=None
[2023-11-22T15:27:11.117+0500] {processor.py:179} INFO - Processing /usr/local/lib/python3.10/dist-packages/airflow/example_dags/example_time_delta_sensor_async.py took 0.293 seconds
[2023-11-22T15:27:42.367+0500] {processor.py:157} INFO - Started process (PID=10057) to work on /usr/local/lib/python3.10/dist-packages/airflow/example_dags/example_time_delta_sensor_async.py
[2023-11-22T15:27:42.371+0500] {processor.py:829} INFO - Processing file /usr/local/lib/python3.10/dist-packages/airflow/example_dags/example_time_delta_sensor_async.py for tasks to queue
[2023-11-22T15:27:42.374+0500] {logging_mixin.py:154} INFO - [2023-11-22T15:27:42.373+0500] {dagbag.py:536} INFO - Filling up the DagBag from /usr/local/lib/python3.10/dist-packages/airflow/example_dags/example_time_delta_sensor_async.py
[2023-11-22T15:27:42.393+0500] {processor.py:839} INFO - DAG(s) dict_keys(['example_time_delta_sensor_async']) retrieved from /usr/local/lib/python3.10/dist-packages/airflow/example_dags/example_time_delta_sensor_async.py
[2023-11-22T15:27:42.501+0500] {logging_mixin.py:154} INFO - [2023-11-22T15:27:42.500+0500] {dag.py:2941} INFO - Sync 1 DAGs
[2023-11-22T15:27:42.587+0500] {logging_mixin.py:154} INFO - [2023-11-22T15:27:42.586+0500] {dag.py:3722} INFO - Setting next_dagrun for example_time_delta_sensor_async to None, run_after=None
[2023-11-22T15:27:42.713+0500] {processor.py:179} INFO - Processing /usr/local/lib/python3.10/dist-packages/airflow/example_dags/example_time_delta_sensor_async.py took 0.357 seconds
[2023-11-22T15:28:13.072+0500] {processor.py:157} INFO - Started process (PID=10169) to work on /usr/local/lib/python3.10/dist-packages/airflow/example_dags/example_time_delta_sensor_async.py
[2023-11-22T15:28:13.078+0500] {processor.py:829} INFO - Processing file /usr/local/lib/python3.10/dist-packages/airflow/example_dags/example_time_delta_sensor_async.py for tasks to queue
[2023-11-22T15:28:13.083+0500] {logging_mixin.py:154} INFO - [2023-11-22T15:28:13.080+0500] {dagbag.py:536} INFO - Filling up the DagBag from /usr/local/lib/python3.10/dist-packages/airflow/example_dags/example_time_delta_sensor_async.py
[2023-11-22T15:28:13.098+0500] {processor.py:839} INFO - DAG(s) dict_keys(['example_time_delta_sensor_async']) retrieved from /usr/local/lib/python3.10/dist-packages/airflow/example_dags/example_time_delta_sensor_async.py
[2023-11-22T15:28:13.198+0500] {logging_mixin.py:154} INFO - [2023-11-22T15:28:13.197+0500] {dag.py:2941} INFO - Sync 1 DAGs
[2023-11-22T15:28:13.259+0500] {logging_mixin.py:154} INFO - [2023-11-22T15:28:13.258+0500] {dag.py:3722} INFO - Setting next_dagrun for example_time_delta_sensor_async to None, run_after=None
[2023-11-22T15:28:13.364+0500] {processor.py:179} INFO - Processing /usr/local/lib/python3.10/dist-packages/airflow/example_dags/example_time_delta_sensor_async.py took 0.313 seconds
[2023-11-22T15:28:44.018+0500] {processor.py:157} INFO - Started process (PID=10301) to work on /usr/local/lib/python3.10/dist-packages/airflow/example_dags/example_time_delta_sensor_async.py
[2023-11-22T15:28:44.021+0500] {processor.py:829} INFO - Processing file /usr/local/lib/python3.10/dist-packages/airflow/example_dags/example_time_delta_sensor_async.py for tasks to queue
[2023-11-22T15:28:44.026+0500] {logging_mixin.py:154} INFO - [2023-11-22T15:28:44.025+0500] {dagbag.py:536} INFO - Filling up the DagBag from /usr/local/lib/python3.10/dist-packages/airflow/example_dags/example_time_delta_sensor_async.py
[2023-11-22T15:28:44.059+0500] {processor.py:839} INFO - DAG(s) dict_keys(['example_time_delta_sensor_async']) retrieved from /usr/local/lib/python3.10/dist-packages/airflow/example_dags/example_time_delta_sensor_async.py
[2023-11-22T15:28:44.181+0500] {logging_mixin.py:154} INFO - [2023-11-22T15:28:44.180+0500] {dag.py:2941} INFO - Sync 1 DAGs
[2023-11-22T15:28:44.270+0500] {logging_mixin.py:154} INFO - [2023-11-22T15:28:44.269+0500] {dag.py:3722} INFO - Setting next_dagrun for example_time_delta_sensor_async to None, run_after=None
[2023-11-22T15:28:44.371+0500] {processor.py:179} INFO - Processing /usr/local/lib/python3.10/dist-packages/airflow/example_dags/example_time_delta_sensor_async.py took 0.366 seconds
[2023-11-22T15:29:14.954+0500] {processor.py:157} INFO - Started process (PID=10416) to work on /usr/local/lib/python3.10/dist-packages/airflow/example_dags/example_time_delta_sensor_async.py
[2023-11-22T15:29:14.956+0500] {processor.py:829} INFO - Processing file /usr/local/lib/python3.10/dist-packages/airflow/example_dags/example_time_delta_sensor_async.py for tasks to queue
[2023-11-22T15:29:14.959+0500] {logging_mixin.py:154} INFO - [2023-11-22T15:29:14.958+0500] {dagbag.py:536} INFO - Filling up the DagBag from /usr/local/lib/python3.10/dist-packages/airflow/example_dags/example_time_delta_sensor_async.py
[2023-11-22T15:29:14.977+0500] {processor.py:839} INFO - DAG(s) dict_keys(['example_time_delta_sensor_async']) retrieved from /usr/local/lib/python3.10/dist-packages/airflow/example_dags/example_time_delta_sensor_async.py
[2023-11-22T15:29:15.087+0500] {logging_mixin.py:154} INFO - [2023-11-22T15:29:15.086+0500] {dag.py:2941} INFO - Sync 1 DAGs
[2023-11-22T15:29:15.149+0500] {logging_mixin.py:154} INFO - [2023-11-22T15:29:15.149+0500] {dag.py:3722} INFO - Setting next_dagrun for example_time_delta_sensor_async to None, run_after=None
[2023-11-22T15:29:15.231+0500] {processor.py:179} INFO - Processing /usr/local/lib/python3.10/dist-packages/airflow/example_dags/example_time_delta_sensor_async.py took 0.289 seconds
[2023-11-22T15:29:45.931+0500] {processor.py:157} INFO - Started process (PID=10813) to work on /usr/local/lib/python3.10/dist-packages/airflow/example_dags/example_time_delta_sensor_async.py
[2023-11-22T15:29:45.934+0500] {processor.py:829} INFO - Processing file /usr/local/lib/python3.10/dist-packages/airflow/example_dags/example_time_delta_sensor_async.py for tasks to queue
[2023-11-22T15:29:45.937+0500] {logging_mixin.py:154} INFO - [2023-11-22T15:29:45.936+0500] {dagbag.py:536} INFO - Filling up the DagBag from /usr/local/lib/python3.10/dist-packages/airflow/example_dags/example_time_delta_sensor_async.py
[2023-11-22T15:29:45.960+0500] {processor.py:839} INFO - DAG(s) dict_keys(['example_time_delta_sensor_async']) retrieved from /usr/local/lib/python3.10/dist-packages/airflow/example_dags/example_time_delta_sensor_async.py
[2023-11-22T15:29:46.078+0500] {logging_mixin.py:154} INFO - [2023-11-22T15:29:46.078+0500] {dag.py:2941} INFO - Sync 1 DAGs
[2023-11-22T15:29:46.150+0500] {logging_mixin.py:154} INFO - [2023-11-22T15:29:46.149+0500] {dag.py:3722} INFO - Setting next_dagrun for example_time_delta_sensor_async to None, run_after=None
[2023-11-22T15:29:46.288+0500] {processor.py:179} INFO - Processing /usr/local/lib/python3.10/dist-packages/airflow/example_dags/example_time_delta_sensor_async.py took 0.373 seconds
[2023-11-22T15:30:16.946+0500] {processor.py:157} INFO - Started process (PID=10951) to work on /usr/local/lib/python3.10/dist-packages/airflow/example_dags/example_time_delta_sensor_async.py
[2023-11-22T15:30:16.948+0500] {processor.py:829} INFO - Processing file /usr/local/lib/python3.10/dist-packages/airflow/example_dags/example_time_delta_sensor_async.py for tasks to queue
[2023-11-22T15:30:16.951+0500] {logging_mixin.py:154} INFO - [2023-11-22T15:30:16.950+0500] {dagbag.py:536} INFO - Filling up the DagBag from /usr/local/lib/python3.10/dist-packages/airflow/example_dags/example_time_delta_sensor_async.py
[2023-11-22T15:30:16.967+0500] {processor.py:839} INFO - DAG(s) dict_keys(['example_time_delta_sensor_async']) retrieved from /usr/local/lib/python3.10/dist-packages/airflow/example_dags/example_time_delta_sensor_async.py
[2023-11-22T15:30:17.066+0500] {logging_mixin.py:154} INFO - [2023-11-22T15:30:17.065+0500] {dag.py:2941} INFO - Sync 1 DAGs
[2023-11-22T15:30:17.133+0500] {logging_mixin.py:154} INFO - [2023-11-22T15:30:17.133+0500] {dag.py:3722} INFO - Setting next_dagrun for example_time_delta_sensor_async to None, run_after=None
[2023-11-22T15:30:17.210+0500] {processor.py:179} INFO - Processing /usr/local/lib/python3.10/dist-packages/airflow/example_dags/example_time_delta_sensor_async.py took 0.278 seconds
[2023-11-22T15:30:47.942+0500] {processor.py:157} INFO - Started process (PID=11159) to work on /usr/local/lib/python3.10/dist-packages/airflow/example_dags/example_time_delta_sensor_async.py
[2023-11-22T15:30:47.945+0500] {processor.py:829} INFO - Processing file /usr/local/lib/python3.10/dist-packages/airflow/example_dags/example_time_delta_sensor_async.py for tasks to queue
[2023-11-22T15:30:47.949+0500] {logging_mixin.py:154} INFO - [2023-11-22T15:30:47.948+0500] {dagbag.py:536} INFO - Filling up the DagBag from /usr/local/lib/python3.10/dist-packages/airflow/example_dags/example_time_delta_sensor_async.py
[2023-11-22T15:30:47.971+0500] {processor.py:839} INFO - DAG(s) dict_keys(['example_time_delta_sensor_async']) retrieved from /usr/local/lib/python3.10/dist-packages/airflow/example_dags/example_time_delta_sensor_async.py
[2023-11-22T15:30:48.076+0500] {logging_mixin.py:154} INFO - [2023-11-22T15:30:48.073+0500] {dag.py:2941} INFO - Sync 1 DAGs
[2023-11-22T15:30:48.137+0500] {logging_mixin.py:154} INFO - [2023-11-22T15:30:48.136+0500] {dag.py:3722} INFO - Setting next_dagrun for example_time_delta_sensor_async to None, run_after=None
[2023-11-22T15:30:48.213+0500] {processor.py:179} INFO - Processing /usr/local/lib/python3.10/dist-packages/airflow/example_dags/example_time_delta_sensor_async.py took 0.282 seconds
[2023-11-22T15:31:18.614+0500] {processor.py:157} INFO - Started process (PID=11307) to work on /usr/local/lib/python3.10/dist-packages/airflow/example_dags/example_time_delta_sensor_async.py
[2023-11-22T15:31:18.617+0500] {processor.py:829} INFO - Processing file /usr/local/lib/python3.10/dist-packages/airflow/example_dags/example_time_delta_sensor_async.py for tasks to queue
[2023-11-22T15:31:18.625+0500] {logging_mixin.py:154} INFO - [2023-11-22T15:31:18.624+0500] {dagbag.py:536} INFO - Filling up the DagBag from /usr/local/lib/python3.10/dist-packages/airflow/example_dags/example_time_delta_sensor_async.py
[2023-11-22T15:31:18.658+0500] {processor.py:839} INFO - DAG(s) dict_keys(['example_time_delta_sensor_async']) retrieved from /usr/local/lib/python3.10/dist-packages/airflow/example_dags/example_time_delta_sensor_async.py
[2023-11-22T15:31:18.798+0500] {logging_mixin.py:154} INFO - [2023-11-22T15:31:18.797+0500] {dag.py:2941} INFO - Sync 1 DAGs
[2023-11-22T15:31:18.933+0500] {logging_mixin.py:154} INFO - [2023-11-22T15:31:18.932+0500] {dag.py:3722} INFO - Setting next_dagrun for example_time_delta_sensor_async to None, run_after=None
[2023-11-22T15:31:19.019+0500] {processor.py:179} INFO - Processing /usr/local/lib/python3.10/dist-packages/airflow/example_dags/example_time_delta_sensor_async.py took 0.420 seconds
[2023-11-22T15:31:50.151+0500] {processor.py:157} INFO - Started process (PID=11451) to work on /usr/local/lib/python3.10/dist-packages/airflow/example_dags/example_time_delta_sensor_async.py
[2023-11-22T15:31:50.154+0500] {processor.py:829} INFO - Processing file /usr/local/lib/python3.10/dist-packages/airflow/example_dags/example_time_delta_sensor_async.py for tasks to queue
[2023-11-22T15:31:50.159+0500] {logging_mixin.py:154} INFO - [2023-11-22T15:31:50.157+0500] {dagbag.py:536} INFO - Filling up the DagBag from /usr/local/lib/python3.10/dist-packages/airflow/example_dags/example_time_delta_sensor_async.py
[2023-11-22T15:31:50.181+0500] {processor.py:839} INFO - DAG(s) dict_keys(['example_time_delta_sensor_async']) retrieved from /usr/local/lib/python3.10/dist-packages/airflow/example_dags/example_time_delta_sensor_async.py
[2023-11-22T15:31:50.293+0500] {logging_mixin.py:154} INFO - [2023-11-22T15:31:50.292+0500] {dag.py:2941} INFO - Sync 1 DAGs
[2023-11-22T15:31:50.353+0500] {logging_mixin.py:154} INFO - [2023-11-22T15:31:50.352+0500] {dag.py:3722} INFO - Setting next_dagrun for example_time_delta_sensor_async to None, run_after=None
[2023-11-22T15:31:50.430+0500] {processor.py:179} INFO - Processing /usr/local/lib/python3.10/dist-packages/airflow/example_dags/example_time_delta_sensor_async.py took 0.292 seconds
[2023-11-22T15:32:21.334+0500] {processor.py:157} INFO - Started process (PID=11636) to work on /usr/local/lib/python3.10/dist-packages/airflow/example_dags/example_time_delta_sensor_async.py
[2023-11-22T15:32:21.337+0500] {processor.py:829} INFO - Processing file /usr/local/lib/python3.10/dist-packages/airflow/example_dags/example_time_delta_sensor_async.py for tasks to queue
[2023-11-22T15:32:21.340+0500] {logging_mixin.py:154} INFO - [2023-11-22T15:32:21.339+0500] {dagbag.py:536} INFO - Filling up the DagBag from /usr/local/lib/python3.10/dist-packages/airflow/example_dags/example_time_delta_sensor_async.py
[2023-11-22T15:32:21.358+0500] {processor.py:839} INFO - DAG(s) dict_keys(['example_time_delta_sensor_async']) retrieved from /usr/local/lib/python3.10/dist-packages/airflow/example_dags/example_time_delta_sensor_async.py
[2023-11-22T15:32:21.492+0500] {logging_mixin.py:154} INFO - [2023-11-22T15:32:21.491+0500] {dag.py:2941} INFO - Sync 1 DAGs
[2023-11-22T15:32:21.563+0500] {logging_mixin.py:154} INFO - [2023-11-22T15:32:21.562+0500] {dag.py:3722} INFO - Setting next_dagrun for example_time_delta_sensor_async to None, run_after=None
[2023-11-22T15:32:21.654+0500] {processor.py:179} INFO - Processing /usr/local/lib/python3.10/dist-packages/airflow/example_dags/example_time_delta_sensor_async.py took 0.332 seconds
[2023-11-22T15:32:52.321+0500] {processor.py:157} INFO - Started process (PID=11775) to work on /usr/local/lib/python3.10/dist-packages/airflow/example_dags/example_time_delta_sensor_async.py
[2023-11-22T15:32:52.324+0500] {processor.py:829} INFO - Processing file /usr/local/lib/python3.10/dist-packages/airflow/example_dags/example_time_delta_sensor_async.py for tasks to queue
[2023-11-22T15:32:52.327+0500] {logging_mixin.py:154} INFO - [2023-11-22T15:32:52.326+0500] {dagbag.py:536} INFO - Filling up the DagBag from /usr/local/lib/python3.10/dist-packages/airflow/example_dags/example_time_delta_sensor_async.py
[2023-11-22T15:32:52.343+0500] {processor.py:839} INFO - DAG(s) dict_keys(['example_time_delta_sensor_async']) retrieved from /usr/local/lib/python3.10/dist-packages/airflow/example_dags/example_time_delta_sensor_async.py
[2023-11-22T15:32:52.458+0500] {logging_mixin.py:154} INFO - [2023-11-22T15:32:52.457+0500] {dag.py:2941} INFO - Sync 1 DAGs
[2023-11-22T15:32:52.519+0500] {logging_mixin.py:154} INFO - [2023-11-22T15:32:52.518+0500] {dag.py:3722} INFO - Setting next_dagrun for example_time_delta_sensor_async to None, run_after=None
[2023-11-22T15:32:52.601+0500] {processor.py:179} INFO - Processing /usr/local/lib/python3.10/dist-packages/airflow/example_dags/example_time_delta_sensor_async.py took 0.293 seconds
[2023-11-22T15:33:22.895+0500] {processor.py:157} INFO - Started process (PID=11937) to work on /usr/local/lib/python3.10/dist-packages/airflow/example_dags/example_time_delta_sensor_async.py
[2023-11-22T15:33:22.898+0500] {processor.py:829} INFO - Processing file /usr/local/lib/python3.10/dist-packages/airflow/example_dags/example_time_delta_sensor_async.py for tasks to queue
[2023-11-22T15:33:22.901+0500] {logging_mixin.py:154} INFO - [2023-11-22T15:33:22.900+0500] {dagbag.py:536} INFO - Filling up the DagBag from /usr/local/lib/python3.10/dist-packages/airflow/example_dags/example_time_delta_sensor_async.py
[2023-11-22T15:33:22.918+0500] {processor.py:839} INFO - DAG(s) dict_keys(['example_time_delta_sensor_async']) retrieved from /usr/local/lib/python3.10/dist-packages/airflow/example_dags/example_time_delta_sensor_async.py
[2023-11-22T15:33:23.024+0500] {logging_mixin.py:154} INFO - [2023-11-22T15:33:23.024+0500] {dag.py:2941} INFO - Sync 1 DAGs
[2023-11-22T15:33:23.086+0500] {logging_mixin.py:154} INFO - [2023-11-22T15:33:23.085+0500] {dag.py:3722} INFO - Setting next_dagrun for example_time_delta_sensor_async to None, run_after=None
[2023-11-22T15:33:23.172+0500] {processor.py:179} INFO - Processing /usr/local/lib/python3.10/dist-packages/airflow/example_dags/example_time_delta_sensor_async.py took 0.292 seconds
[2023-11-22T15:33:54.177+0500] {processor.py:157} INFO - Started process (PID=12093) to work on /usr/local/lib/python3.10/dist-packages/airflow/example_dags/example_time_delta_sensor_async.py
[2023-11-22T15:33:54.180+0500] {processor.py:829} INFO - Processing file /usr/local/lib/python3.10/dist-packages/airflow/example_dags/example_time_delta_sensor_async.py for tasks to queue
[2023-11-22T15:33:54.183+0500] {logging_mixin.py:154} INFO - [2023-11-22T15:33:54.182+0500] {dagbag.py:536} INFO - Filling up the DagBag from /usr/local/lib/python3.10/dist-packages/airflow/example_dags/example_time_delta_sensor_async.py
[2023-11-22T15:33:54.207+0500] {processor.py:839} INFO - DAG(s) dict_keys(['example_time_delta_sensor_async']) retrieved from /usr/local/lib/python3.10/dist-packages/airflow/example_dags/example_time_delta_sensor_async.py
[2023-11-22T15:33:54.329+0500] {logging_mixin.py:154} INFO - [2023-11-22T15:33:54.329+0500] {dag.py:2941} INFO - Sync 1 DAGs
[2023-11-22T15:33:54.389+0500] {logging_mixin.py:154} INFO - [2023-11-22T15:33:54.388+0500] {dag.py:3722} INFO - Setting next_dagrun for example_time_delta_sensor_async to None, run_after=None
[2023-11-22T15:33:54.469+0500] {processor.py:179} INFO - Processing /usr/local/lib/python3.10/dist-packages/airflow/example_dags/example_time_delta_sensor_async.py took 0.304 seconds
[2023-11-22T15:34:26.355+0500] {processor.py:157} INFO - Started process (PID=12222) to work on /usr/local/lib/python3.10/dist-packages/airflow/example_dags/example_time_delta_sensor_async.py
[2023-11-22T15:34:26.359+0500] {processor.py:829} INFO - Processing file /usr/local/lib/python3.10/dist-packages/airflow/example_dags/example_time_delta_sensor_async.py for tasks to queue
[2023-11-22T15:34:26.361+0500] {logging_mixin.py:154} INFO - [2023-11-22T15:34:26.360+0500] {dagbag.py:536} INFO - Filling up the DagBag from /usr/local/lib/python3.10/dist-packages/airflow/example_dags/example_time_delta_sensor_async.py
[2023-11-22T15:34:26.382+0500] {processor.py:839} INFO - DAG(s) dict_keys(['example_time_delta_sensor_async']) retrieved from /usr/local/lib/python3.10/dist-packages/airflow/example_dags/example_time_delta_sensor_async.py
[2023-11-22T15:34:26.504+0500] {logging_mixin.py:154} INFO - [2023-11-22T15:34:26.504+0500] {dag.py:2941} INFO - Sync 1 DAGs
[2023-11-22T15:34:26.575+0500] {logging_mixin.py:154} INFO - [2023-11-22T15:34:26.574+0500] {dag.py:3722} INFO - Setting next_dagrun for example_time_delta_sensor_async to None, run_after=None
[2023-11-22T15:34:26.679+0500] {processor.py:179} INFO - Processing /usr/local/lib/python3.10/dist-packages/airflow/example_dags/example_time_delta_sensor_async.py took 0.338 seconds
[2023-11-22T15:35:01.008+0500] {processor.py:157} INFO - Started process (PID=12453) to work on /usr/local/lib/python3.10/dist-packages/airflow/example_dags/example_time_delta_sensor_async.py
[2023-11-22T15:35:01.010+0500] {processor.py:829} INFO - Processing file /usr/local/lib/python3.10/dist-packages/airflow/example_dags/example_time_delta_sensor_async.py for tasks to queue
[2023-11-22T15:35:01.015+0500] {logging_mixin.py:154} INFO - [2023-11-22T15:35:01.014+0500] {dagbag.py:536} INFO - Filling up the DagBag from /usr/local/lib/python3.10/dist-packages/airflow/example_dags/example_time_delta_sensor_async.py
[2023-11-22T15:35:01.038+0500] {processor.py:839} INFO - DAG(s) dict_keys(['example_time_delta_sensor_async']) retrieved from /usr/local/lib/python3.10/dist-packages/airflow/example_dags/example_time_delta_sensor_async.py
[2023-11-22T15:35:01.250+0500] {logging_mixin.py:154} INFO - [2023-11-22T15:35:01.239+0500] {dag.py:2941} INFO - Sync 1 DAGs
[2023-11-22T15:35:01.348+0500] {logging_mixin.py:154} INFO - [2023-11-22T15:35:01.347+0500] {dag.py:3722} INFO - Setting next_dagrun for example_time_delta_sensor_async to None, run_after=None
[2023-11-22T15:35:01.565+0500] {processor.py:179} INFO - Processing /usr/local/lib/python3.10/dist-packages/airflow/example_dags/example_time_delta_sensor_async.py took 0.578 seconds
[2023-11-22T15:35:37.589+0500] {processor.py:157} INFO - Started process (PID=13093) to work on /usr/local/lib/python3.10/dist-packages/airflow/example_dags/example_time_delta_sensor_async.py
[2023-11-22T15:35:37.608+0500] {processor.py:829} INFO - Processing file /usr/local/lib/python3.10/dist-packages/airflow/example_dags/example_time_delta_sensor_async.py for tasks to queue
[2023-11-22T15:35:37.624+0500] {logging_mixin.py:154} INFO - [2023-11-22T15:35:37.610+0500] {dagbag.py:536} INFO - Filling up the DagBag from /usr/local/lib/python3.10/dist-packages/airflow/example_dags/example_time_delta_sensor_async.py
[2023-11-22T15:35:37.685+0500] {processor.py:839} INFO - DAG(s) dict_keys(['example_time_delta_sensor_async']) retrieved from /usr/local/lib/python3.10/dist-packages/airflow/example_dags/example_time_delta_sensor_async.py
[2023-11-22T15:35:37.898+0500] {logging_mixin.py:154} INFO - [2023-11-22T15:35:37.898+0500] {dag.py:2941} INFO - Sync 1 DAGs
[2023-11-22T15:35:37.973+0500] {logging_mixin.py:154} INFO - [2023-11-22T15:35:37.972+0500] {dag.py:3722} INFO - Setting next_dagrun for example_time_delta_sensor_async to None, run_after=None
[2023-11-22T15:35:38.174+0500] {processor.py:179} INFO - Processing /usr/local/lib/python3.10/dist-packages/airflow/example_dags/example_time_delta_sensor_async.py took 0.617 seconds
[2023-11-22T15:40:06.340+0500] {processor.py:157} INFO - Started process (PID=13463) to work on /usr/local/lib/python3.10/dist-packages/airflow/example_dags/example_time_delta_sensor_async.py
[2023-11-22T15:40:06.343+0500] {processor.py:829} INFO - Processing file /usr/local/lib/python3.10/dist-packages/airflow/example_dags/example_time_delta_sensor_async.py for tasks to queue
[2023-11-22T15:40:06.346+0500] {logging_mixin.py:154} INFO - [2023-11-22T15:40:06.345+0500] {dagbag.py:536} INFO - Filling up the DagBag from /usr/local/lib/python3.10/dist-packages/airflow/example_dags/example_time_delta_sensor_async.py
[2023-11-22T15:40:06.373+0500] {processor.py:839} INFO - DAG(s) dict_keys(['example_time_delta_sensor_async']) retrieved from /usr/local/lib/python3.10/dist-packages/airflow/example_dags/example_time_delta_sensor_async.py
[2023-11-22T15:40:06.497+0500] {logging_mixin.py:154} INFO - [2023-11-22T15:40:06.497+0500] {dag.py:2941} INFO - Sync 1 DAGs
[2023-11-22T15:40:06.557+0500] {logging_mixin.py:154} INFO - [2023-11-22T15:40:06.556+0500] {dag.py:3722} INFO - Setting next_dagrun for example_time_delta_sensor_async to None, run_after=None
[2023-11-22T15:40:06.632+0500] {processor.py:179} INFO - Processing /usr/local/lib/python3.10/dist-packages/airflow/example_dags/example_time_delta_sensor_async.py took 0.303 seconds
[2023-11-22T15:40:38.167+0500] {processor.py:157} INFO - Started process (PID=13605) to work on /usr/local/lib/python3.10/dist-packages/airflow/example_dags/example_time_delta_sensor_async.py
[2023-11-22T15:40:38.179+0500] {processor.py:829} INFO - Processing file /usr/local/lib/python3.10/dist-packages/airflow/example_dags/example_time_delta_sensor_async.py for tasks to queue
[2023-11-22T15:40:38.182+0500] {logging_mixin.py:154} INFO - [2023-11-22T15:40:38.181+0500] {dagbag.py:536} INFO - Filling up the DagBag from /usr/local/lib/python3.10/dist-packages/airflow/example_dags/example_time_delta_sensor_async.py
[2023-11-22T15:40:38.238+0500] {processor.py:839} INFO - DAG(s) dict_keys(['example_time_delta_sensor_async']) retrieved from /usr/local/lib/python3.10/dist-packages/airflow/example_dags/example_time_delta_sensor_async.py
[2023-11-22T15:40:38.392+0500] {logging_mixin.py:154} INFO - [2023-11-22T15:40:38.392+0500] {dag.py:2941} INFO - Sync 1 DAGs
[2023-11-22T15:40:38.546+0500] {logging_mixin.py:154} INFO - [2023-11-22T15:40:38.545+0500] {dag.py:3722} INFO - Setting next_dagrun for example_time_delta_sensor_async to None, run_after=None
[2023-11-22T15:40:38.695+0500] {processor.py:179} INFO - Processing /usr/local/lib/python3.10/dist-packages/airflow/example_dags/example_time_delta_sensor_async.py took 0.539 seconds
[2023-11-22T15:41:09.782+0500] {processor.py:157} INFO - Started process (PID=13746) to work on /usr/local/lib/python3.10/dist-packages/airflow/example_dags/example_time_delta_sensor_async.py
[2023-11-22T15:41:09.788+0500] {processor.py:829} INFO - Processing file /usr/local/lib/python3.10/dist-packages/airflow/example_dags/example_time_delta_sensor_async.py for tasks to queue
[2023-11-22T15:41:09.795+0500] {logging_mixin.py:154} INFO - [2023-11-22T15:41:09.793+0500] {dagbag.py:536} INFO - Filling up the DagBag from /usr/local/lib/python3.10/dist-packages/airflow/example_dags/example_time_delta_sensor_async.py
[2023-11-22T15:41:09.827+0500] {processor.py:839} INFO - DAG(s) dict_keys(['example_time_delta_sensor_async']) retrieved from /usr/local/lib/python3.10/dist-packages/airflow/example_dags/example_time_delta_sensor_async.py
[2023-11-22T15:41:09.954+0500] {logging_mixin.py:154} INFO - [2023-11-22T15:41:09.953+0500] {dag.py:2941} INFO - Sync 1 DAGs
[2023-11-22T15:41:10.051+0500] {logging_mixin.py:154} INFO - [2023-11-22T15:41:10.048+0500] {dag.py:3722} INFO - Setting next_dagrun for example_time_delta_sensor_async to None, run_after=None
[2023-11-22T15:41:10.179+0500] {processor.py:179} INFO - Processing /usr/local/lib/python3.10/dist-packages/airflow/example_dags/example_time_delta_sensor_async.py took 0.442 seconds
[2023-11-22T15:41:40.997+0500] {processor.py:157} INFO - Started process (PID=13902) to work on /usr/local/lib/python3.10/dist-packages/airflow/example_dags/example_time_delta_sensor_async.py
[2023-11-22T15:41:41.003+0500] {processor.py:829} INFO - Processing file /usr/local/lib/python3.10/dist-packages/airflow/example_dags/example_time_delta_sensor_async.py for tasks to queue
[2023-11-22T15:41:41.006+0500] {logging_mixin.py:154} INFO - [2023-11-22T15:41:41.005+0500] {dagbag.py:536} INFO - Filling up the DagBag from /usr/local/lib/python3.10/dist-packages/airflow/example_dags/example_time_delta_sensor_async.py
[2023-11-22T15:41:41.029+0500] {processor.py:839} INFO - DAG(s) dict_keys(['example_time_delta_sensor_async']) retrieved from /usr/local/lib/python3.10/dist-packages/airflow/example_dags/example_time_delta_sensor_async.py
[2023-11-22T15:41:41.153+0500] {logging_mixin.py:154} INFO - [2023-11-22T15:41:41.152+0500] {dag.py:2941} INFO - Sync 1 DAGs
[2023-11-22T15:41:41.237+0500] {logging_mixin.py:154} INFO - [2023-11-22T15:41:41.236+0500] {dag.py:3722} INFO - Setting next_dagrun for example_time_delta_sensor_async to None, run_after=None
[2023-11-22T15:41:41.329+0500] {processor.py:179} INFO - Processing /usr/local/lib/python3.10/dist-packages/airflow/example_dags/example_time_delta_sensor_async.py took 0.347 seconds
[2023-11-22T15:42:11.795+0500] {processor.py:157} INFO - Started process (PID=14063) to work on /usr/local/lib/python3.10/dist-packages/airflow/example_dags/example_time_delta_sensor_async.py
[2023-11-22T15:42:11.797+0500] {processor.py:829} INFO - Processing file /usr/local/lib/python3.10/dist-packages/airflow/example_dags/example_time_delta_sensor_async.py for tasks to queue
[2023-11-22T15:42:11.800+0500] {logging_mixin.py:154} INFO - [2023-11-22T15:42:11.799+0500] {dagbag.py:536} INFO - Filling up the DagBag from /usr/local/lib/python3.10/dist-packages/airflow/example_dags/example_time_delta_sensor_async.py
[2023-11-22T15:42:11.817+0500] {processor.py:839} INFO - DAG(s) dict_keys(['example_time_delta_sensor_async']) retrieved from /usr/local/lib/python3.10/dist-packages/airflow/example_dags/example_time_delta_sensor_async.py
[2023-11-22T15:42:11.920+0500] {logging_mixin.py:154} INFO - [2023-11-22T15:42:11.919+0500] {dag.py:2941} INFO - Sync 1 DAGs
[2023-11-22T15:42:11.997+0500] {logging_mixin.py:154} INFO - [2023-11-22T15:42:11.997+0500] {dag.py:3722} INFO - Setting next_dagrun for example_time_delta_sensor_async to None, run_after=None
[2023-11-22T15:42:12.080+0500] {processor.py:179} INFO - Processing /usr/local/lib/python3.10/dist-packages/airflow/example_dags/example_time_delta_sensor_async.py took 0.298 seconds
[2023-11-22T15:42:42.569+0500] {processor.py:157} INFO - Started process (PID=14220) to work on /usr/local/lib/python3.10/dist-packages/airflow/example_dags/example_time_delta_sensor_async.py
[2023-11-22T15:42:42.572+0500] {processor.py:829} INFO - Processing file /usr/local/lib/python3.10/dist-packages/airflow/example_dags/example_time_delta_sensor_async.py for tasks to queue
[2023-11-22T15:42:42.575+0500] {logging_mixin.py:154} INFO - [2023-11-22T15:42:42.574+0500] {dagbag.py:536} INFO - Filling up the DagBag from /usr/local/lib/python3.10/dist-packages/airflow/example_dags/example_time_delta_sensor_async.py
[2023-11-22T15:42:42.594+0500] {processor.py:839} INFO - DAG(s) dict_keys(['example_time_delta_sensor_async']) retrieved from /usr/local/lib/python3.10/dist-packages/airflow/example_dags/example_time_delta_sensor_async.py
[2023-11-22T15:42:42.715+0500] {logging_mixin.py:154} INFO - [2023-11-22T15:42:42.714+0500] {dag.py:2941} INFO - Sync 1 DAGs
[2023-11-22T15:42:42.780+0500] {logging_mixin.py:154} INFO - [2023-11-22T15:42:42.779+0500] {dag.py:3722} INFO - Setting next_dagrun for example_time_delta_sensor_async to None, run_after=None
[2023-11-22T15:42:42.875+0500] {processor.py:179} INFO - Processing /usr/local/lib/python3.10/dist-packages/airflow/example_dags/example_time_delta_sensor_async.py took 0.320 seconds
[2023-11-22T15:43:13.310+0500] {processor.py:157} INFO - Started process (PID=14341) to work on /usr/local/lib/python3.10/dist-packages/airflow/example_dags/example_time_delta_sensor_async.py
[2023-11-22T15:43:13.318+0500] {processor.py:829} INFO - Processing file /usr/local/lib/python3.10/dist-packages/airflow/example_dags/example_time_delta_sensor_async.py for tasks to queue
[2023-11-22T15:43:13.321+0500] {logging_mixin.py:154} INFO - [2023-11-22T15:43:13.320+0500] {dagbag.py:536} INFO - Filling up the DagBag from /usr/local/lib/python3.10/dist-packages/airflow/example_dags/example_time_delta_sensor_async.py
[2023-11-22T15:43:13.342+0500] {processor.py:839} INFO - DAG(s) dict_keys(['example_time_delta_sensor_async']) retrieved from /usr/local/lib/python3.10/dist-packages/airflow/example_dags/example_time_delta_sensor_async.py
[2023-11-22T15:43:13.473+0500] {logging_mixin.py:154} INFO - [2023-11-22T15:43:13.472+0500] {dag.py:2941} INFO - Sync 1 DAGs
[2023-11-22T15:43:13.530+0500] {logging_mixin.py:154} INFO - [2023-11-22T15:43:13.529+0500] {dag.py:3722} INFO - Setting next_dagrun for example_time_delta_sensor_async to None, run_after=None
[2023-11-22T15:43:13.616+0500] {processor.py:179} INFO - Processing /usr/local/lib/python3.10/dist-packages/airflow/example_dags/example_time_delta_sensor_async.py took 0.323 seconds
[2023-11-22T15:43:43.812+0500] {processor.py:157} INFO - Started process (PID=14477) to work on /usr/local/lib/python3.10/dist-packages/airflow/example_dags/example_time_delta_sensor_async.py
[2023-11-22T15:43:43.831+0500] {processor.py:829} INFO - Processing file /usr/local/lib/python3.10/dist-packages/airflow/example_dags/example_time_delta_sensor_async.py for tasks to queue
[2023-11-22T15:43:43.834+0500] {logging_mixin.py:154} INFO - [2023-11-22T15:43:43.833+0500] {dagbag.py:536} INFO - Filling up the DagBag from /usr/local/lib/python3.10/dist-packages/airflow/example_dags/example_time_delta_sensor_async.py
[2023-11-22T15:43:43.853+0500] {processor.py:839} INFO - DAG(s) dict_keys(['example_time_delta_sensor_async']) retrieved from /usr/local/lib/python3.10/dist-packages/airflow/example_dags/example_time_delta_sensor_async.py
[2023-11-22T15:43:43.956+0500] {logging_mixin.py:154} INFO - [2023-11-22T15:43:43.955+0500] {dag.py:2941} INFO - Sync 1 DAGs
[2023-11-22T15:43:44.016+0500] {logging_mixin.py:154} INFO - [2023-11-22T15:43:44.016+0500] {dag.py:3722} INFO - Setting next_dagrun for example_time_delta_sensor_async to None, run_after=None
[2023-11-22T15:43:44.111+0500] {processor.py:179} INFO - Processing /usr/local/lib/python3.10/dist-packages/airflow/example_dags/example_time_delta_sensor_async.py took 0.310 seconds
[2023-11-22T15:44:14.637+0500] {processor.py:157} INFO - Started process (PID=14621) to work on /usr/local/lib/python3.10/dist-packages/airflow/example_dags/example_time_delta_sensor_async.py
[2023-11-22T15:44:14.639+0500] {processor.py:829} INFO - Processing file /usr/local/lib/python3.10/dist-packages/airflow/example_dags/example_time_delta_sensor_async.py for tasks to queue
[2023-11-22T15:44:14.642+0500] {logging_mixin.py:154} INFO - [2023-11-22T15:44:14.641+0500] {dagbag.py:536} INFO - Filling up the DagBag from /usr/local/lib/python3.10/dist-packages/airflow/example_dags/example_time_delta_sensor_async.py
[2023-11-22T15:44:14.660+0500] {processor.py:839} INFO - DAG(s) dict_keys(['example_time_delta_sensor_async']) retrieved from /usr/local/lib/python3.10/dist-packages/airflow/example_dags/example_time_delta_sensor_async.py
[2023-11-22T15:44:14.769+0500] {logging_mixin.py:154} INFO - [2023-11-22T15:44:14.768+0500] {dag.py:2941} INFO - Sync 1 DAGs
[2023-11-22T15:44:14.888+0500] {logging_mixin.py:154} INFO - [2023-11-22T15:44:14.887+0500] {dag.py:3722} INFO - Setting next_dagrun for example_time_delta_sensor_async to None, run_after=None
[2023-11-22T15:44:15.128+0500] {processor.py:179} INFO - Processing /usr/local/lib/python3.10/dist-packages/airflow/example_dags/example_time_delta_sensor_async.py took 0.502 seconds
[2023-11-22T15:44:45.377+0500] {processor.py:157} INFO - Started process (PID=14773) to work on /usr/local/lib/python3.10/dist-packages/airflow/example_dags/example_time_delta_sensor_async.py
[2023-11-22T15:44:45.380+0500] {processor.py:829} INFO - Processing file /usr/local/lib/python3.10/dist-packages/airflow/example_dags/example_time_delta_sensor_async.py for tasks to queue
[2023-11-22T15:44:45.393+0500] {logging_mixin.py:154} INFO - [2023-11-22T15:44:45.384+0500] {dagbag.py:536} INFO - Filling up the DagBag from /usr/local/lib/python3.10/dist-packages/airflow/example_dags/example_time_delta_sensor_async.py
[2023-11-22T15:44:45.420+0500] {processor.py:839} INFO - DAG(s) dict_keys(['example_time_delta_sensor_async']) retrieved from /usr/local/lib/python3.10/dist-packages/airflow/example_dags/example_time_delta_sensor_async.py
[2023-11-22T15:44:45.636+0500] {logging_mixin.py:154} INFO - [2023-11-22T15:44:45.636+0500] {dag.py:2941} INFO - Sync 1 DAGs
[2023-11-22T15:44:45.696+0500] {logging_mixin.py:154} INFO - [2023-11-22T15:44:45.696+0500] {dag.py:3722} INFO - Setting next_dagrun for example_time_delta_sensor_async to None, run_after=None
[2023-11-22T15:44:45.806+0500] {processor.py:179} INFO - Processing /usr/local/lib/python3.10/dist-packages/airflow/example_dags/example_time_delta_sensor_async.py took 0.455 seconds
[2023-11-22T15:45:16.238+0500] {processor.py:157} INFO - Started process (PID=14939) to work on /usr/local/lib/python3.10/dist-packages/airflow/example_dags/example_time_delta_sensor_async.py
[2023-11-22T15:45:16.240+0500] {processor.py:829} INFO - Processing file /usr/local/lib/python3.10/dist-packages/airflow/example_dags/example_time_delta_sensor_async.py for tasks to queue
[2023-11-22T15:45:16.245+0500] {logging_mixin.py:154} INFO - [2023-11-22T15:45:16.244+0500] {dagbag.py:536} INFO - Filling up the DagBag from /usr/local/lib/python3.10/dist-packages/airflow/example_dags/example_time_delta_sensor_async.py
[2023-11-22T15:45:16.268+0500] {processor.py:839} INFO - DAG(s) dict_keys(['example_time_delta_sensor_async']) retrieved from /usr/local/lib/python3.10/dist-packages/airflow/example_dags/example_time_delta_sensor_async.py
[2023-11-22T15:45:16.370+0500] {logging_mixin.py:154} INFO - [2023-11-22T15:45:16.369+0500] {dag.py:2941} INFO - Sync 1 DAGs
[2023-11-22T15:45:16.430+0500] {logging_mixin.py:154} INFO - [2023-11-22T15:45:16.428+0500] {dag.py:3722} INFO - Setting next_dagrun for example_time_delta_sensor_async to None, run_after=None
[2023-11-22T15:45:16.526+0500] {processor.py:179} INFO - Processing /usr/local/lib/python3.10/dist-packages/airflow/example_dags/example_time_delta_sensor_async.py took 0.304 seconds
[2023-11-22T15:45:47.160+0500] {processor.py:157} INFO - Started process (PID=15086) to work on /usr/local/lib/python3.10/dist-packages/airflow/example_dags/example_time_delta_sensor_async.py
[2023-11-22T15:45:47.162+0500] {processor.py:829} INFO - Processing file /usr/local/lib/python3.10/dist-packages/airflow/example_dags/example_time_delta_sensor_async.py for tasks to queue
[2023-11-22T15:45:47.169+0500] {logging_mixin.py:154} INFO - [2023-11-22T15:45:47.167+0500] {dagbag.py:536} INFO - Filling up the DagBag from /usr/local/lib/python3.10/dist-packages/airflow/example_dags/example_time_delta_sensor_async.py
[2023-11-22T15:45:47.189+0500] {processor.py:839} INFO - DAG(s) dict_keys(['example_time_delta_sensor_async']) retrieved from /usr/local/lib/python3.10/dist-packages/airflow/example_dags/example_time_delta_sensor_async.py
[2023-11-22T15:45:47.319+0500] {logging_mixin.py:154} INFO - [2023-11-22T15:45:47.318+0500] {dag.py:2941} INFO - Sync 1 DAGs
[2023-11-22T15:45:47.406+0500] {logging_mixin.py:154} INFO - [2023-11-22T15:45:47.405+0500] {dag.py:3722} INFO - Setting next_dagrun for example_time_delta_sensor_async to None, run_after=None
[2023-11-22T15:45:47.508+0500] {processor.py:179} INFO - Processing /usr/local/lib/python3.10/dist-packages/airflow/example_dags/example_time_delta_sensor_async.py took 0.363 seconds
[2023-11-22T15:46:17.713+0500] {processor.py:157} INFO - Started process (PID=15203) to work on /usr/local/lib/python3.10/dist-packages/airflow/example_dags/example_time_delta_sensor_async.py
[2023-11-22T15:46:17.716+0500] {processor.py:829} INFO - Processing file /usr/local/lib/python3.10/dist-packages/airflow/example_dags/example_time_delta_sensor_async.py for tasks to queue
[2023-11-22T15:46:17.719+0500] {logging_mixin.py:154} INFO - [2023-11-22T15:46:17.718+0500] {dagbag.py:536} INFO - Filling up the DagBag from /usr/local/lib/python3.10/dist-packages/airflow/example_dags/example_time_delta_sensor_async.py
[2023-11-22T15:46:17.751+0500] {processor.py:839} INFO - DAG(s) dict_keys(['example_time_delta_sensor_async']) retrieved from /usr/local/lib/python3.10/dist-packages/airflow/example_dags/example_time_delta_sensor_async.py
[2023-11-22T15:46:17.867+0500] {logging_mixin.py:154} INFO - [2023-11-22T15:46:17.867+0500] {dag.py:2941} INFO - Sync 1 DAGs
[2023-11-22T15:46:17.926+0500] {logging_mixin.py:154} INFO - [2023-11-22T15:46:17.925+0500] {dag.py:3722} INFO - Setting next_dagrun for example_time_delta_sensor_async to None, run_after=None
[2023-11-22T15:46:18.017+0500] {processor.py:179} INFO - Processing /usr/local/lib/python3.10/dist-packages/airflow/example_dags/example_time_delta_sensor_async.py took 0.323 seconds
[2023-11-22T15:46:48.489+0500] {processor.py:157} INFO - Started process (PID=15344) to work on /usr/local/lib/python3.10/dist-packages/airflow/example_dags/example_time_delta_sensor_async.py
[2023-11-22T15:46:48.494+0500] {processor.py:829} INFO - Processing file /usr/local/lib/python3.10/dist-packages/airflow/example_dags/example_time_delta_sensor_async.py for tasks to queue
[2023-11-22T15:46:48.497+0500] {logging_mixin.py:154} INFO - [2023-11-22T15:46:48.496+0500] {dagbag.py:536} INFO - Filling up the DagBag from /usr/local/lib/python3.10/dist-packages/airflow/example_dags/example_time_delta_sensor_async.py
[2023-11-22T15:46:48.519+0500] {processor.py:839} INFO - DAG(s) dict_keys(['example_time_delta_sensor_async']) retrieved from /usr/local/lib/python3.10/dist-packages/airflow/example_dags/example_time_delta_sensor_async.py
[2023-11-22T15:46:48.686+0500] {logging_mixin.py:154} INFO - [2023-11-22T15:46:48.684+0500] {dag.py:2941} INFO - Sync 1 DAGs
[2023-11-22T15:46:48.776+0500] {logging_mixin.py:154} INFO - [2023-11-22T15:46:48.774+0500] {dag.py:3722} INFO - Setting next_dagrun for example_time_delta_sensor_async to None, run_after=None
[2023-11-22T15:46:48.892+0500] {processor.py:179} INFO - Processing /usr/local/lib/python3.10/dist-packages/airflow/example_dags/example_time_delta_sensor_async.py took 0.428 seconds
[2023-11-22T15:47:19.365+0500] {processor.py:157} INFO - Started process (PID=15531) to work on /usr/local/lib/python3.10/dist-packages/airflow/example_dags/example_time_delta_sensor_async.py
[2023-11-22T15:47:19.368+0500] {processor.py:829} INFO - Processing file /usr/local/lib/python3.10/dist-packages/airflow/example_dags/example_time_delta_sensor_async.py for tasks to queue
[2023-11-22T15:47:19.371+0500] {logging_mixin.py:154} INFO - [2023-11-22T15:47:19.370+0500] {dagbag.py:536} INFO - Filling up the DagBag from /usr/local/lib/python3.10/dist-packages/airflow/example_dags/example_time_delta_sensor_async.py
[2023-11-22T15:47:19.399+0500] {processor.py:839} INFO - DAG(s) dict_keys(['example_time_delta_sensor_async']) retrieved from /usr/local/lib/python3.10/dist-packages/airflow/example_dags/example_time_delta_sensor_async.py
[2023-11-22T15:47:19.556+0500] {logging_mixin.py:154} INFO - [2023-11-22T15:47:19.555+0500] {dag.py:2941} INFO - Sync 1 DAGs
[2023-11-22T15:47:19.623+0500] {logging_mixin.py:154} INFO - [2023-11-22T15:47:19.622+0500] {dag.py:3722} INFO - Setting next_dagrun for example_time_delta_sensor_async to None, run_after=None
[2023-11-22T15:47:19.771+0500] {processor.py:179} INFO - Processing /usr/local/lib/python3.10/dist-packages/airflow/example_dags/example_time_delta_sensor_async.py took 0.422 seconds
[2023-11-22T15:47:49.888+0500] {processor.py:157} INFO - Started process (PID=15687) to work on /usr/local/lib/python3.10/dist-packages/airflow/example_dags/example_time_delta_sensor_async.py
[2023-11-22T15:47:49.891+0500] {processor.py:829} INFO - Processing file /usr/local/lib/python3.10/dist-packages/airflow/example_dags/example_time_delta_sensor_async.py for tasks to queue
[2023-11-22T15:47:49.895+0500] {logging_mixin.py:154} INFO - [2023-11-22T15:47:49.893+0500] {dagbag.py:536} INFO - Filling up the DagBag from /usr/local/lib/python3.10/dist-packages/airflow/example_dags/example_time_delta_sensor_async.py
[2023-11-22T15:47:49.915+0500] {processor.py:839} INFO - DAG(s) dict_keys(['example_time_delta_sensor_async']) retrieved from /usr/local/lib/python3.10/dist-packages/airflow/example_dags/example_time_delta_sensor_async.py
[2023-11-22T15:47:50.044+0500] {logging_mixin.py:154} INFO - [2023-11-22T15:47:50.043+0500] {dag.py:2941} INFO - Sync 1 DAGs
[2023-11-22T15:47:50.102+0500] {logging_mixin.py:154} INFO - [2023-11-22T15:47:50.102+0500] {dag.py:3722} INFO - Setting next_dagrun for example_time_delta_sensor_async to None, run_after=None
[2023-11-22T15:47:50.182+0500] {processor.py:179} INFO - Processing /usr/local/lib/python3.10/dist-packages/airflow/example_dags/example_time_delta_sensor_async.py took 0.309 seconds
[2023-11-22T15:48:21.153+0500] {processor.py:157} INFO - Started process (PID=15814) to work on /usr/local/lib/python3.10/dist-packages/airflow/example_dags/example_time_delta_sensor_async.py
[2023-11-22T15:48:21.156+0500] {processor.py:829} INFO - Processing file /usr/local/lib/python3.10/dist-packages/airflow/example_dags/example_time_delta_sensor_async.py for tasks to queue
[2023-11-22T15:48:21.159+0500] {logging_mixin.py:154} INFO - [2023-11-22T15:48:21.157+0500] {dagbag.py:536} INFO - Filling up the DagBag from /usr/local/lib/python3.10/dist-packages/airflow/example_dags/example_time_delta_sensor_async.py
[2023-11-22T15:48:21.175+0500] {processor.py:839} INFO - DAG(s) dict_keys(['example_time_delta_sensor_async']) retrieved from /usr/local/lib/python3.10/dist-packages/airflow/example_dags/example_time_delta_sensor_async.py
[2023-11-22T15:48:21.287+0500] {logging_mixin.py:154} INFO - [2023-11-22T15:48:21.286+0500] {dag.py:2941} INFO - Sync 1 DAGs
[2023-11-22T15:48:21.364+0500] {logging_mixin.py:154} INFO - [2023-11-22T15:48:21.363+0500] {dag.py:3722} INFO - Setting next_dagrun for example_time_delta_sensor_async to None, run_after=None
[2023-11-22T15:48:21.452+0500] {processor.py:179} INFO - Processing /usr/local/lib/python3.10/dist-packages/airflow/example_dags/example_time_delta_sensor_async.py took 0.312 seconds
[2023-11-22T15:48:52.712+0500] {processor.py:157} INFO - Started process (PID=15952) to work on /usr/local/lib/python3.10/dist-packages/airflow/example_dags/example_time_delta_sensor_async.py
[2023-11-22T15:48:52.715+0500] {processor.py:829} INFO - Processing file /usr/local/lib/python3.10/dist-packages/airflow/example_dags/example_time_delta_sensor_async.py for tasks to queue
[2023-11-22T15:48:52.718+0500] {logging_mixin.py:154} INFO - [2023-11-22T15:48:52.717+0500] {dagbag.py:536} INFO - Filling up the DagBag from /usr/local/lib/python3.10/dist-packages/airflow/example_dags/example_time_delta_sensor_async.py
[2023-11-22T15:48:52.735+0500] {processor.py:839} INFO - DAG(s) dict_keys(['example_time_delta_sensor_async']) retrieved from /usr/local/lib/python3.10/dist-packages/airflow/example_dags/example_time_delta_sensor_async.py
[2023-11-22T15:48:52.847+0500] {logging_mixin.py:154} INFO - [2023-11-22T15:48:52.846+0500] {dag.py:2941} INFO - Sync 1 DAGs
[2023-11-22T15:48:52.904+0500] {logging_mixin.py:154} INFO - [2023-11-22T15:48:52.903+0500] {dag.py:3722} INFO - Setting next_dagrun for example_time_delta_sensor_async to None, run_after=None
[2023-11-22T15:48:52.977+0500] {processor.py:179} INFO - Processing /usr/local/lib/python3.10/dist-packages/airflow/example_dags/example_time_delta_sensor_async.py took 0.276 seconds
[2023-11-22T15:49:28.305+0500] {processor.py:157} INFO - Started process (PID=16083) to work on /usr/local/lib/python3.10/dist-packages/airflow/example_dags/example_time_delta_sensor_async.py
[2023-11-22T15:49:28.310+0500] {processor.py:829} INFO - Processing file /usr/local/lib/python3.10/dist-packages/airflow/example_dags/example_time_delta_sensor_async.py for tasks to queue
[2023-11-22T15:49:28.313+0500] {logging_mixin.py:154} INFO - [2023-11-22T15:49:28.312+0500] {dagbag.py:536} INFO - Filling up the DagBag from /usr/local/lib/python3.10/dist-packages/airflow/example_dags/example_time_delta_sensor_async.py
[2023-11-22T15:49:28.333+0500] {processor.py:839} INFO - DAG(s) dict_keys(['example_time_delta_sensor_async']) retrieved from /usr/local/lib/python3.10/dist-packages/airflow/example_dags/example_time_delta_sensor_async.py
[2023-11-22T15:49:28.443+0500] {logging_mixin.py:154} INFO - [2023-11-22T15:49:28.442+0500] {dag.py:2941} INFO - Sync 1 DAGs
[2023-11-22T15:49:28.508+0500] {logging_mixin.py:154} INFO - [2023-11-22T15:49:28.507+0500] {dag.py:3722} INFO - Setting next_dagrun for example_time_delta_sensor_async to None, run_after=None
[2023-11-22T15:49:28.594+0500] {processor.py:179} INFO - Processing /usr/local/lib/python3.10/dist-packages/airflow/example_dags/example_time_delta_sensor_async.py took 0.306 seconds
[2023-11-22T15:50:00.335+0500] {processor.py:157} INFO - Started process (PID=16219) to work on /usr/local/lib/python3.10/dist-packages/airflow/example_dags/example_time_delta_sensor_async.py
[2023-11-22T15:50:00.337+0500] {processor.py:829} INFO - Processing file /usr/local/lib/python3.10/dist-packages/airflow/example_dags/example_time_delta_sensor_async.py for tasks to queue
[2023-11-22T15:50:00.340+0500] {logging_mixin.py:154} INFO - [2023-11-22T15:50:00.339+0500] {dagbag.py:536} INFO - Filling up the DagBag from /usr/local/lib/python3.10/dist-packages/airflow/example_dags/example_time_delta_sensor_async.py
[2023-11-22T15:50:00.357+0500] {processor.py:839} INFO - DAG(s) dict_keys(['example_time_delta_sensor_async']) retrieved from /usr/local/lib/python3.10/dist-packages/airflow/example_dags/example_time_delta_sensor_async.py
[2023-11-22T15:50:00.483+0500] {logging_mixin.py:154} INFO - [2023-11-22T15:50:00.482+0500] {dag.py:2941} INFO - Sync 1 DAGs
[2023-11-22T15:50:00.543+0500] {logging_mixin.py:154} INFO - [2023-11-22T15:50:00.542+0500] {dag.py:3722} INFO - Setting next_dagrun for example_time_delta_sensor_async to None, run_after=None
[2023-11-22T15:50:00.633+0500] {processor.py:179} INFO - Processing /usr/local/lib/python3.10/dist-packages/airflow/example_dags/example_time_delta_sensor_async.py took 0.321 seconds
[2023-11-22T15:50:32.430+0500] {processor.py:157} INFO - Started process (PID=16362) to work on /usr/local/lib/python3.10/dist-packages/airflow/example_dags/example_time_delta_sensor_async.py
[2023-11-22T15:50:32.433+0500] {processor.py:829} INFO - Processing file /usr/local/lib/python3.10/dist-packages/airflow/example_dags/example_time_delta_sensor_async.py for tasks to queue
[2023-11-22T15:50:32.436+0500] {logging_mixin.py:154} INFO - [2023-11-22T15:50:32.435+0500] {dagbag.py:536} INFO - Filling up the DagBag from /usr/local/lib/python3.10/dist-packages/airflow/example_dags/example_time_delta_sensor_async.py
[2023-11-22T15:50:32.478+0500] {processor.py:839} INFO - DAG(s) dict_keys(['example_time_delta_sensor_async']) retrieved from /usr/local/lib/python3.10/dist-packages/airflow/example_dags/example_time_delta_sensor_async.py
[2023-11-22T15:50:32.766+0500] {logging_mixin.py:154} INFO - [2023-11-22T15:50:32.765+0500] {dag.py:2941} INFO - Sync 1 DAGs
[2023-11-22T15:50:32.871+0500] {logging_mixin.py:154} INFO - [2023-11-22T15:50:32.871+0500] {dag.py:3722} INFO - Setting next_dagrun for example_time_delta_sensor_async to None, run_after=None
[2023-11-22T15:50:32.980+0500] {processor.py:179} INFO - Processing /usr/local/lib/python3.10/dist-packages/airflow/example_dags/example_time_delta_sensor_async.py took 0.578 seconds
[2023-11-22T15:51:06.489+0500] {processor.py:157} INFO - Started process (PID=16488) to work on /usr/local/lib/python3.10/dist-packages/airflow/example_dags/example_time_delta_sensor_async.py
[2023-11-22T15:51:06.499+0500] {processor.py:829} INFO - Processing file /usr/local/lib/python3.10/dist-packages/airflow/example_dags/example_time_delta_sensor_async.py for tasks to queue
[2023-11-22T15:51:06.521+0500] {logging_mixin.py:154} INFO - [2023-11-22T15:51:06.512+0500] {dagbag.py:536} INFO - Filling up the DagBag from /usr/local/lib/python3.10/dist-packages/airflow/example_dags/example_time_delta_sensor_async.py
[2023-11-22T15:51:06.576+0500] {processor.py:839} INFO - DAG(s) dict_keys(['example_time_delta_sensor_async']) retrieved from /usr/local/lib/python3.10/dist-packages/airflow/example_dags/example_time_delta_sensor_async.py
[2023-11-22T15:51:06.812+0500] {logging_mixin.py:154} INFO - [2023-11-22T15:51:06.810+0500] {dag.py:2941} INFO - Sync 1 DAGs
[2023-11-22T15:51:06.957+0500] {logging_mixin.py:154} INFO - [2023-11-22T15:51:06.957+0500] {dag.py:3722} INFO - Setting next_dagrun for example_time_delta_sensor_async to None, run_after=None
[2023-11-22T15:51:07.167+0500] {processor.py:179} INFO - Processing /usr/local/lib/python3.10/dist-packages/airflow/example_dags/example_time_delta_sensor_async.py took 0.739 seconds
[2023-11-22T15:51:37.292+0500] {processor.py:157} INFO - Started process (PID=16630) to work on /usr/local/lib/python3.10/dist-packages/airflow/example_dags/example_time_delta_sensor_async.py
[2023-11-22T15:51:37.295+0500] {processor.py:829} INFO - Processing file /usr/local/lib/python3.10/dist-packages/airflow/example_dags/example_time_delta_sensor_async.py for tasks to queue
[2023-11-22T15:51:37.298+0500] {logging_mixin.py:154} INFO - [2023-11-22T15:51:37.297+0500] {dagbag.py:536} INFO - Filling up the DagBag from /usr/local/lib/python3.10/dist-packages/airflow/example_dags/example_time_delta_sensor_async.py
[2023-11-22T15:51:37.315+0500] {processor.py:839} INFO - DAG(s) dict_keys(['example_time_delta_sensor_async']) retrieved from /usr/local/lib/python3.10/dist-packages/airflow/example_dags/example_time_delta_sensor_async.py
[2023-11-22T15:51:37.416+0500] {logging_mixin.py:154} INFO - [2023-11-22T15:51:37.415+0500] {dag.py:2941} INFO - Sync 1 DAGs
[2023-11-22T15:51:37.472+0500] {logging_mixin.py:154} INFO - [2023-11-22T15:51:37.471+0500] {dag.py:3722} INFO - Setting next_dagrun for example_time_delta_sensor_async to None, run_after=None
[2023-11-22T15:51:37.550+0500] {processor.py:179} INFO - Processing /usr/local/lib/python3.10/dist-packages/airflow/example_dags/example_time_delta_sensor_async.py took 0.271 seconds
[2023-11-22T15:52:07.838+0500] {processor.py:157} INFO - Started process (PID=16772) to work on /usr/local/lib/python3.10/dist-packages/airflow/example_dags/example_time_delta_sensor_async.py
[2023-11-22T15:52:07.841+0500] {processor.py:829} INFO - Processing file /usr/local/lib/python3.10/dist-packages/airflow/example_dags/example_time_delta_sensor_async.py for tasks to queue
[2023-11-22T15:52:07.844+0500] {logging_mixin.py:154} INFO - [2023-11-22T15:52:07.843+0500] {dagbag.py:536} INFO - Filling up the DagBag from /usr/local/lib/python3.10/dist-packages/airflow/example_dags/example_time_delta_sensor_async.py
[2023-11-22T15:52:07.866+0500] {processor.py:839} INFO - DAG(s) dict_keys(['example_time_delta_sensor_async']) retrieved from /usr/local/lib/python3.10/dist-packages/airflow/example_dags/example_time_delta_sensor_async.py
[2023-11-22T15:52:07.975+0500] {logging_mixin.py:154} INFO - [2023-11-22T15:52:07.974+0500] {dag.py:2941} INFO - Sync 1 DAGs
[2023-11-22T15:52:08.036+0500] {logging_mixin.py:154} INFO - [2023-11-22T15:52:08.035+0500] {dag.py:3722} INFO - Setting next_dagrun for example_time_delta_sensor_async to None, run_after=None
[2023-11-22T15:52:08.120+0500] {processor.py:179} INFO - Processing /usr/local/lib/python3.10/dist-packages/airflow/example_dags/example_time_delta_sensor_async.py took 0.301 seconds
[2023-11-22T15:52:38.235+0500] {processor.py:157} INFO - Started process (PID=16908) to work on /usr/local/lib/python3.10/dist-packages/airflow/example_dags/example_time_delta_sensor_async.py
[2023-11-22T15:52:38.239+0500] {processor.py:829} INFO - Processing file /usr/local/lib/python3.10/dist-packages/airflow/example_dags/example_time_delta_sensor_async.py for tasks to queue
[2023-11-22T15:52:38.242+0500] {logging_mixin.py:154} INFO - [2023-11-22T15:52:38.241+0500] {dagbag.py:536} INFO - Filling up the DagBag from /usr/local/lib/python3.10/dist-packages/airflow/example_dags/example_time_delta_sensor_async.py
[2023-11-22T15:52:38.263+0500] {processor.py:839} INFO - DAG(s) dict_keys(['example_time_delta_sensor_async']) retrieved from /usr/local/lib/python3.10/dist-packages/airflow/example_dags/example_time_delta_sensor_async.py
[2023-11-22T15:52:38.365+0500] {logging_mixin.py:154} INFO - [2023-11-22T15:52:38.365+0500] {dag.py:2941} INFO - Sync 1 DAGs
[2023-11-22T15:52:38.426+0500] {logging_mixin.py:154} INFO - [2023-11-22T15:52:38.426+0500] {dag.py:3722} INFO - Setting next_dagrun for example_time_delta_sensor_async to None, run_after=None
[2023-11-22T15:52:38.510+0500] {processor.py:179} INFO - Processing /usr/local/lib/python3.10/dist-packages/airflow/example_dags/example_time_delta_sensor_async.py took 0.292 seconds
[2023-11-22T15:53:09.156+0500] {processor.py:157} INFO - Started process (PID=17070) to work on /usr/local/lib/python3.10/dist-packages/airflow/example_dags/example_time_delta_sensor_async.py
[2023-11-22T15:53:09.159+0500] {processor.py:829} INFO - Processing file /usr/local/lib/python3.10/dist-packages/airflow/example_dags/example_time_delta_sensor_async.py for tasks to queue
[2023-11-22T15:53:09.162+0500] {logging_mixin.py:154} INFO - [2023-11-22T15:53:09.161+0500] {dagbag.py:536} INFO - Filling up the DagBag from /usr/local/lib/python3.10/dist-packages/airflow/example_dags/example_time_delta_sensor_async.py
[2023-11-22T15:53:09.181+0500] {processor.py:839} INFO - DAG(s) dict_keys(['example_time_delta_sensor_async']) retrieved from /usr/local/lib/python3.10/dist-packages/airflow/example_dags/example_time_delta_sensor_async.py
[2023-11-22T15:53:09.293+0500] {logging_mixin.py:154} INFO - [2023-11-22T15:53:09.292+0500] {dag.py:2941} INFO - Sync 1 DAGs
[2023-11-22T15:53:09.358+0500] {logging_mixin.py:154} INFO - [2023-11-22T15:53:09.357+0500] {dag.py:3722} INFO - Setting next_dagrun for example_time_delta_sensor_async to None, run_after=None
[2023-11-22T15:53:09.452+0500] {processor.py:179} INFO - Processing /usr/local/lib/python3.10/dist-packages/airflow/example_dags/example_time_delta_sensor_async.py took 0.310 seconds
[2023-11-22T15:53:39.874+0500] {processor.py:157} INFO - Started process (PID=17244) to work on /usr/local/lib/python3.10/dist-packages/airflow/example_dags/example_time_delta_sensor_async.py
[2023-11-22T15:53:39.877+0500] {processor.py:829} INFO - Processing file /usr/local/lib/python3.10/dist-packages/airflow/example_dags/example_time_delta_sensor_async.py for tasks to queue
[2023-11-22T15:53:39.880+0500] {logging_mixin.py:154} INFO - [2023-11-22T15:53:39.879+0500] {dagbag.py:536} INFO - Filling up the DagBag from /usr/local/lib/python3.10/dist-packages/airflow/example_dags/example_time_delta_sensor_async.py
[2023-11-22T15:53:39.911+0500] {processor.py:839} INFO - DAG(s) dict_keys(['example_time_delta_sensor_async']) retrieved from /usr/local/lib/python3.10/dist-packages/airflow/example_dags/example_time_delta_sensor_async.py
[2023-11-22T15:53:40.026+0500] {logging_mixin.py:154} INFO - [2023-11-22T15:53:40.025+0500] {dag.py:2941} INFO - Sync 1 DAGs
[2023-11-22T15:53:40.082+0500] {logging_mixin.py:154} INFO - [2023-11-22T15:53:40.081+0500] {dag.py:3722} INFO - Setting next_dagrun for example_time_delta_sensor_async to None, run_after=None
[2023-11-22T15:53:40.157+0500] {processor.py:179} INFO - Processing /usr/local/lib/python3.10/dist-packages/airflow/example_dags/example_time_delta_sensor_async.py took 0.296 seconds
[2023-11-22T15:54:10.569+0500] {processor.py:157} INFO - Started process (PID=17449) to work on /usr/local/lib/python3.10/dist-packages/airflow/example_dags/example_time_delta_sensor_async.py
[2023-11-22T15:54:10.571+0500] {processor.py:829} INFO - Processing file /usr/local/lib/python3.10/dist-packages/airflow/example_dags/example_time_delta_sensor_async.py for tasks to queue
[2023-11-22T15:54:10.574+0500] {logging_mixin.py:154} INFO - [2023-11-22T15:54:10.573+0500] {dagbag.py:536} INFO - Filling up the DagBag from /usr/local/lib/python3.10/dist-packages/airflow/example_dags/example_time_delta_sensor_async.py
[2023-11-22T15:54:10.597+0500] {processor.py:839} INFO - DAG(s) dict_keys(['example_time_delta_sensor_async']) retrieved from /usr/local/lib/python3.10/dist-packages/airflow/example_dags/example_time_delta_sensor_async.py
[2023-11-22T15:54:10.748+0500] {logging_mixin.py:154} INFO - [2023-11-22T15:54:10.747+0500] {dag.py:2941} INFO - Sync 1 DAGs
[2023-11-22T15:54:10.811+0500] {logging_mixin.py:154} INFO - [2023-11-22T15:54:10.810+0500] {dag.py:3722} INFO - Setting next_dagrun for example_time_delta_sensor_async to None, run_after=None
[2023-11-22T15:54:10.897+0500] {processor.py:179} INFO - Processing /usr/local/lib/python3.10/dist-packages/airflow/example_dags/example_time_delta_sensor_async.py took 0.344 seconds
[2023-11-22T15:54:41.206+0500] {processor.py:157} INFO - Started process (PID=17635) to work on /usr/local/lib/python3.10/dist-packages/airflow/example_dags/example_time_delta_sensor_async.py
[2023-11-22T15:54:41.212+0500] {processor.py:829} INFO - Processing file /usr/local/lib/python3.10/dist-packages/airflow/example_dags/example_time_delta_sensor_async.py for tasks to queue
[2023-11-22T15:54:41.216+0500] {logging_mixin.py:154} INFO - [2023-11-22T15:54:41.215+0500] {dagbag.py:536} INFO - Filling up the DagBag from /usr/local/lib/python3.10/dist-packages/airflow/example_dags/example_time_delta_sensor_async.py
[2023-11-22T15:54:41.237+0500] {processor.py:839} INFO - DAG(s) dict_keys(['example_time_delta_sensor_async']) retrieved from /usr/local/lib/python3.10/dist-packages/airflow/example_dags/example_time_delta_sensor_async.py
[2023-11-22T15:54:41.333+0500] {logging_mixin.py:154} INFO - [2023-11-22T15:54:41.332+0500] {dag.py:2941} INFO - Sync 1 DAGs
[2023-11-22T15:54:41.389+0500] {logging_mixin.py:154} INFO - [2023-11-22T15:54:41.388+0500] {dag.py:3722} INFO - Setting next_dagrun for example_time_delta_sensor_async to None, run_after=None
[2023-11-22T15:54:41.471+0500] {processor.py:179} INFO - Processing /usr/local/lib/python3.10/dist-packages/airflow/example_dags/example_time_delta_sensor_async.py took 0.279 seconds
[2023-11-22T15:55:12.036+0500] {processor.py:157} INFO - Started process (PID=18034) to work on /usr/local/lib/python3.10/dist-packages/airflow/example_dags/example_time_delta_sensor_async.py
[2023-11-22T15:55:12.039+0500] {processor.py:829} INFO - Processing file /usr/local/lib/python3.10/dist-packages/airflow/example_dags/example_time_delta_sensor_async.py for tasks to queue
[2023-11-22T15:55:12.042+0500] {logging_mixin.py:154} INFO - [2023-11-22T15:55:12.040+0500] {dagbag.py:536} INFO - Filling up the DagBag from /usr/local/lib/python3.10/dist-packages/airflow/example_dags/example_time_delta_sensor_async.py
[2023-11-22T15:55:12.060+0500] {processor.py:839} INFO - DAG(s) dict_keys(['example_time_delta_sensor_async']) retrieved from /usr/local/lib/python3.10/dist-packages/airflow/example_dags/example_time_delta_sensor_async.py
[2023-11-22T15:55:12.156+0500] {logging_mixin.py:154} INFO - [2023-11-22T15:55:12.155+0500] {dag.py:2941} INFO - Sync 1 DAGs
[2023-11-22T15:55:12.207+0500] {logging_mixin.py:154} INFO - [2023-11-22T15:55:12.207+0500] {dag.py:3722} INFO - Setting next_dagrun for example_time_delta_sensor_async to None, run_after=None
[2023-11-22T15:55:12.280+0500] {processor.py:179} INFO - Processing /usr/local/lib/python3.10/dist-packages/airflow/example_dags/example_time_delta_sensor_async.py took 0.257 seconds
[2023-11-22T15:55:42.600+0500] {processor.py:157} INFO - Started process (PID=18207) to work on /usr/local/lib/python3.10/dist-packages/airflow/example_dags/example_time_delta_sensor_async.py
[2023-11-22T15:55:42.616+0500] {processor.py:829} INFO - Processing file /usr/local/lib/python3.10/dist-packages/airflow/example_dags/example_time_delta_sensor_async.py for tasks to queue
[2023-11-22T15:55:42.619+0500] {logging_mixin.py:154} INFO - [2023-11-22T15:55:42.618+0500] {dagbag.py:536} INFO - Filling up the DagBag from /usr/local/lib/python3.10/dist-packages/airflow/example_dags/example_time_delta_sensor_async.py
[2023-11-22T15:55:42.637+0500] {processor.py:839} INFO - DAG(s) dict_keys(['example_time_delta_sensor_async']) retrieved from /usr/local/lib/python3.10/dist-packages/airflow/example_dags/example_time_delta_sensor_async.py
[2023-11-22T15:55:42.733+0500] {logging_mixin.py:154} INFO - [2023-11-22T15:55:42.732+0500] {dag.py:2941} INFO - Sync 1 DAGs
[2023-11-22T15:55:42.791+0500] {logging_mixin.py:154} INFO - [2023-11-22T15:55:42.790+0500] {dag.py:3722} INFO - Setting next_dagrun for example_time_delta_sensor_async to None, run_after=None
[2023-11-22T15:55:42.869+0500] {processor.py:179} INFO - Processing /usr/local/lib/python3.10/dist-packages/airflow/example_dags/example_time_delta_sensor_async.py took 0.280 seconds
[2023-11-22T15:56:13.066+0500] {processor.py:157} INFO - Started process (PID=18311) to work on /usr/local/lib/python3.10/dist-packages/airflow/example_dags/example_time_delta_sensor_async.py
[2023-11-22T15:56:13.069+0500] {processor.py:829} INFO - Processing file /usr/local/lib/python3.10/dist-packages/airflow/example_dags/example_time_delta_sensor_async.py for tasks to queue
[2023-11-22T15:56:13.072+0500] {logging_mixin.py:154} INFO - [2023-11-22T15:56:13.071+0500] {dagbag.py:536} INFO - Filling up the DagBag from /usr/local/lib/python3.10/dist-packages/airflow/example_dags/example_time_delta_sensor_async.py
[2023-11-22T15:56:13.092+0500] {processor.py:839} INFO - DAG(s) dict_keys(['example_time_delta_sensor_async']) retrieved from /usr/local/lib/python3.10/dist-packages/airflow/example_dags/example_time_delta_sensor_async.py
[2023-11-22T15:56:13.203+0500] {logging_mixin.py:154} INFO - [2023-11-22T15:56:13.202+0500] {dag.py:2941} INFO - Sync 1 DAGs
[2023-11-22T15:56:13.263+0500] {logging_mixin.py:154} INFO - [2023-11-22T15:56:13.263+0500] {dag.py:3722} INFO - Setting next_dagrun for example_time_delta_sensor_async to None, run_after=None
[2023-11-22T15:56:13.344+0500] {processor.py:179} INFO - Processing /usr/local/lib/python3.10/dist-packages/airflow/example_dags/example_time_delta_sensor_async.py took 0.292 seconds
[2023-11-22T15:56:44.139+0500] {processor.py:157} INFO - Started process (PID=18411) to work on /usr/local/lib/python3.10/dist-packages/airflow/example_dags/example_time_delta_sensor_async.py
[2023-11-22T15:56:44.141+0500] {processor.py:829} INFO - Processing file /usr/local/lib/python3.10/dist-packages/airflow/example_dags/example_time_delta_sensor_async.py for tasks to queue
[2023-11-22T15:56:44.145+0500] {logging_mixin.py:154} INFO - [2023-11-22T15:56:44.144+0500] {dagbag.py:536} INFO - Filling up the DagBag from /usr/local/lib/python3.10/dist-packages/airflow/example_dags/example_time_delta_sensor_async.py
[2023-11-22T15:56:44.162+0500] {processor.py:839} INFO - DAG(s) dict_keys(['example_time_delta_sensor_async']) retrieved from /usr/local/lib/python3.10/dist-packages/airflow/example_dags/example_time_delta_sensor_async.py
[2023-11-22T15:56:44.266+0500] {logging_mixin.py:154} INFO - [2023-11-22T15:56:44.265+0500] {dag.py:2941} INFO - Sync 1 DAGs
[2023-11-22T15:56:44.328+0500] {logging_mixin.py:154} INFO - [2023-11-22T15:56:44.327+0500] {dag.py:3722} INFO - Setting next_dagrun for example_time_delta_sensor_async to None, run_after=None
[2023-11-22T15:56:44.405+0500] {processor.py:179} INFO - Processing /usr/local/lib/python3.10/dist-packages/airflow/example_dags/example_time_delta_sensor_async.py took 0.278 seconds
[2023-11-22T15:57:15.379+0500] {processor.py:157} INFO - Started process (PID=18527) to work on /usr/local/lib/python3.10/dist-packages/airflow/example_dags/example_time_delta_sensor_async.py
[2023-11-22T15:57:15.381+0500] {processor.py:829} INFO - Processing file /usr/local/lib/python3.10/dist-packages/airflow/example_dags/example_time_delta_sensor_async.py for tasks to queue
[2023-11-22T15:57:15.384+0500] {logging_mixin.py:154} INFO - [2023-11-22T15:57:15.383+0500] {dagbag.py:536} INFO - Filling up the DagBag from /usr/local/lib/python3.10/dist-packages/airflow/example_dags/example_time_delta_sensor_async.py
[2023-11-22T15:57:15.400+0500] {processor.py:839} INFO - DAG(s) dict_keys(['example_time_delta_sensor_async']) retrieved from /usr/local/lib/python3.10/dist-packages/airflow/example_dags/example_time_delta_sensor_async.py
[2023-11-22T15:57:15.505+0500] {logging_mixin.py:154} INFO - [2023-11-22T15:57:15.504+0500] {dag.py:2941} INFO - Sync 1 DAGs
[2023-11-22T15:57:15.558+0500] {logging_mixin.py:154} INFO - [2023-11-22T15:57:15.558+0500] {dag.py:3722} INFO - Setting next_dagrun for example_time_delta_sensor_async to None, run_after=None
[2023-11-22T15:57:15.631+0500] {processor.py:179} INFO - Processing /usr/local/lib/python3.10/dist-packages/airflow/example_dags/example_time_delta_sensor_async.py took 0.264 seconds
[2023-11-22T15:57:46.150+0500] {processor.py:157} INFO - Started process (PID=18624) to work on /usr/local/lib/python3.10/dist-packages/airflow/example_dags/example_time_delta_sensor_async.py
[2023-11-22T15:57:46.153+0500] {processor.py:829} INFO - Processing file /usr/local/lib/python3.10/dist-packages/airflow/example_dags/example_time_delta_sensor_async.py for tasks to queue
[2023-11-22T15:57:46.156+0500] {logging_mixin.py:154} INFO - [2023-11-22T15:57:46.155+0500] {dagbag.py:536} INFO - Filling up the DagBag from /usr/local/lib/python3.10/dist-packages/airflow/example_dags/example_time_delta_sensor_async.py
[2023-11-22T15:57:46.174+0500] {processor.py:839} INFO - DAG(s) dict_keys(['example_time_delta_sensor_async']) retrieved from /usr/local/lib/python3.10/dist-packages/airflow/example_dags/example_time_delta_sensor_async.py
[2023-11-22T15:57:46.272+0500] {logging_mixin.py:154} INFO - [2023-11-22T15:57:46.272+0500] {dag.py:2941} INFO - Sync 1 DAGs
[2023-11-22T15:57:46.324+0500] {logging_mixin.py:154} INFO - [2023-11-22T15:57:46.324+0500] {dag.py:3722} INFO - Setting next_dagrun for example_time_delta_sensor_async to None, run_after=None
[2023-11-22T15:57:46.395+0500] {processor.py:179} INFO - Processing /usr/local/lib/python3.10/dist-packages/airflow/example_dags/example_time_delta_sensor_async.py took 0.258 seconds
[2023-11-22T15:58:16.499+0500] {processor.py:157} INFO - Started process (PID=18723) to work on /usr/local/lib/python3.10/dist-packages/airflow/example_dags/example_time_delta_sensor_async.py
[2023-11-22T15:58:16.502+0500] {processor.py:829} INFO - Processing file /usr/local/lib/python3.10/dist-packages/airflow/example_dags/example_time_delta_sensor_async.py for tasks to queue
[2023-11-22T15:58:16.505+0500] {logging_mixin.py:154} INFO - [2023-11-22T15:58:16.504+0500] {dagbag.py:536} INFO - Filling up the DagBag from /usr/local/lib/python3.10/dist-packages/airflow/example_dags/example_time_delta_sensor_async.py
[2023-11-22T15:58:16.522+0500] {processor.py:839} INFO - DAG(s) dict_keys(['example_time_delta_sensor_async']) retrieved from /usr/local/lib/python3.10/dist-packages/airflow/example_dags/example_time_delta_sensor_async.py
[2023-11-22T15:58:16.625+0500] {logging_mixin.py:154} INFO - [2023-11-22T15:58:16.624+0500] {dag.py:2941} INFO - Sync 1 DAGs
[2023-11-22T15:58:16.682+0500] {logging_mixin.py:154} INFO - [2023-11-22T15:58:16.681+0500] {dag.py:3722} INFO - Setting next_dagrun for example_time_delta_sensor_async to None, run_after=None
[2023-11-22T15:58:16.757+0500] {processor.py:179} INFO - Processing /usr/local/lib/python3.10/dist-packages/airflow/example_dags/example_time_delta_sensor_async.py took 0.271 seconds
[2023-11-22T15:58:47.787+0500] {processor.py:157} INFO - Started process (PID=18821) to work on /usr/local/lib/python3.10/dist-packages/airflow/example_dags/example_time_delta_sensor_async.py
[2023-11-22T15:58:47.789+0500] {processor.py:829} INFO - Processing file /usr/local/lib/python3.10/dist-packages/airflow/example_dags/example_time_delta_sensor_async.py for tasks to queue
[2023-11-22T15:58:47.792+0500] {logging_mixin.py:154} INFO - [2023-11-22T15:58:47.791+0500] {dagbag.py:536} INFO - Filling up the DagBag from /usr/local/lib/python3.10/dist-packages/airflow/example_dags/example_time_delta_sensor_async.py
[2023-11-22T15:58:47.808+0500] {processor.py:839} INFO - DAG(s) dict_keys(['example_time_delta_sensor_async']) retrieved from /usr/local/lib/python3.10/dist-packages/airflow/example_dags/example_time_delta_sensor_async.py
[2023-11-22T15:58:47.913+0500] {logging_mixin.py:154} INFO - [2023-11-22T15:58:47.912+0500] {dag.py:2941} INFO - Sync 1 DAGs
[2023-11-22T15:58:47.976+0500] {logging_mixin.py:154} INFO - [2023-11-22T15:58:47.975+0500] {dag.py:3722} INFO - Setting next_dagrun for example_time_delta_sensor_async to None, run_after=None
[2023-11-22T15:58:48.057+0500] {processor.py:179} INFO - Processing /usr/local/lib/python3.10/dist-packages/airflow/example_dags/example_time_delta_sensor_async.py took 0.281 seconds
[2023-11-22T15:59:18.478+0500] {processor.py:157} INFO - Started process (PID=18919) to work on /usr/local/lib/python3.10/dist-packages/airflow/example_dags/example_time_delta_sensor_async.py
[2023-11-22T15:59:18.481+0500] {processor.py:829} INFO - Processing file /usr/local/lib/python3.10/dist-packages/airflow/example_dags/example_time_delta_sensor_async.py for tasks to queue
[2023-11-22T15:59:18.484+0500] {logging_mixin.py:154} INFO - [2023-11-22T15:59:18.483+0500] {dagbag.py:536} INFO - Filling up the DagBag from /usr/local/lib/python3.10/dist-packages/airflow/example_dags/example_time_delta_sensor_async.py
[2023-11-22T15:59:18.507+0500] {processor.py:839} INFO - DAG(s) dict_keys(['example_time_delta_sensor_async']) retrieved from /usr/local/lib/python3.10/dist-packages/airflow/example_dags/example_time_delta_sensor_async.py
[2023-11-22T15:59:18.607+0500] {logging_mixin.py:154} INFO - [2023-11-22T15:59:18.607+0500] {dag.py:2941} INFO - Sync 1 DAGs
[2023-11-22T15:59:18.661+0500] {logging_mixin.py:154} INFO - [2023-11-22T15:59:18.660+0500] {dag.py:3722} INFO - Setting next_dagrun for example_time_delta_sensor_async to None, run_after=None
[2023-11-22T15:59:18.735+0500] {processor.py:179} INFO - Processing /usr/local/lib/python3.10/dist-packages/airflow/example_dags/example_time_delta_sensor_async.py took 0.270 seconds
[2023-11-22T15:59:48.799+0500] {processor.py:157} INFO - Started process (PID=19013) to work on /usr/local/lib/python3.10/dist-packages/airflow/example_dags/example_time_delta_sensor_async.py
[2023-11-22T15:59:48.802+0500] {processor.py:829} INFO - Processing file /usr/local/lib/python3.10/dist-packages/airflow/example_dags/example_time_delta_sensor_async.py for tasks to queue
[2023-11-22T15:59:48.804+0500] {logging_mixin.py:154} INFO - [2023-11-22T15:59:48.803+0500] {dagbag.py:536} INFO - Filling up the DagBag from /usr/local/lib/python3.10/dist-packages/airflow/example_dags/example_time_delta_sensor_async.py
[2023-11-22T15:59:48.820+0500] {processor.py:839} INFO - DAG(s) dict_keys(['example_time_delta_sensor_async']) retrieved from /usr/local/lib/python3.10/dist-packages/airflow/example_dags/example_time_delta_sensor_async.py
[2023-11-22T15:59:48.919+0500] {logging_mixin.py:154} INFO - [2023-11-22T15:59:48.919+0500] {dag.py:2941} INFO - Sync 1 DAGs
[2023-11-22T15:59:48.972+0500] {logging_mixin.py:154} INFO - [2023-11-22T15:59:48.971+0500] {dag.py:3722} INFO - Setting next_dagrun for example_time_delta_sensor_async to None, run_after=None
[2023-11-22T15:59:49.041+0500] {processor.py:179} INFO - Processing /usr/local/lib/python3.10/dist-packages/airflow/example_dags/example_time_delta_sensor_async.py took 0.253 seconds
[2023-11-22T16:00:19.522+0500] {processor.py:157} INFO - Started process (PID=19119) to work on /usr/local/lib/python3.10/dist-packages/airflow/example_dags/example_time_delta_sensor_async.py
[2023-11-22T16:00:19.524+0500] {processor.py:829} INFO - Processing file /usr/local/lib/python3.10/dist-packages/airflow/example_dags/example_time_delta_sensor_async.py for tasks to queue
[2023-11-22T16:00:19.528+0500] {logging_mixin.py:154} INFO - [2023-11-22T16:00:19.526+0500] {dagbag.py:536} INFO - Filling up the DagBag from /usr/local/lib/python3.10/dist-packages/airflow/example_dags/example_time_delta_sensor_async.py
[2023-11-22T16:00:19.545+0500] {processor.py:839} INFO - DAG(s) dict_keys(['example_time_delta_sensor_async']) retrieved from /usr/local/lib/python3.10/dist-packages/airflow/example_dags/example_time_delta_sensor_async.py
[2023-11-22T16:00:19.653+0500] {logging_mixin.py:154} INFO - [2023-11-22T16:00:19.653+0500] {dag.py:2941} INFO - Sync 1 DAGs
[2023-11-22T16:00:19.708+0500] {logging_mixin.py:154} INFO - [2023-11-22T16:00:19.707+0500] {dag.py:3722} INFO - Setting next_dagrun for example_time_delta_sensor_async to None, run_after=None
[2023-11-22T16:00:19.780+0500] {processor.py:179} INFO - Processing /usr/local/lib/python3.10/dist-packages/airflow/example_dags/example_time_delta_sensor_async.py took 0.276 seconds
[2023-11-22T16:00:50.294+0500] {processor.py:157} INFO - Started process (PID=19216) to work on /usr/local/lib/python3.10/dist-packages/airflow/example_dags/example_time_delta_sensor_async.py
[2023-11-22T16:00:50.296+0500] {processor.py:829} INFO - Processing file /usr/local/lib/python3.10/dist-packages/airflow/example_dags/example_time_delta_sensor_async.py for tasks to queue
[2023-11-22T16:00:50.299+0500] {logging_mixin.py:154} INFO - [2023-11-22T16:00:50.298+0500] {dagbag.py:536} INFO - Filling up the DagBag from /usr/local/lib/python3.10/dist-packages/airflow/example_dags/example_time_delta_sensor_async.py
[2023-11-22T16:00:50.317+0500] {processor.py:839} INFO - DAG(s) dict_keys(['example_time_delta_sensor_async']) retrieved from /usr/local/lib/python3.10/dist-packages/airflow/example_dags/example_time_delta_sensor_async.py
[2023-11-22T16:00:50.413+0500] {logging_mixin.py:154} INFO - [2023-11-22T16:00:50.412+0500] {dag.py:2941} INFO - Sync 1 DAGs
[2023-11-22T16:00:50.467+0500] {logging_mixin.py:154} INFO - [2023-11-22T16:00:50.467+0500] {dag.py:3722} INFO - Setting next_dagrun for example_time_delta_sensor_async to None, run_after=None
[2023-11-22T16:00:50.537+0500] {processor.py:179} INFO - Processing /usr/local/lib/python3.10/dist-packages/airflow/example_dags/example_time_delta_sensor_async.py took 0.255 seconds
[2023-11-22T16:01:20.806+0500] {processor.py:157} INFO - Started process (PID=19311) to work on /usr/local/lib/python3.10/dist-packages/airflow/example_dags/example_time_delta_sensor_async.py
[2023-11-22T16:01:20.809+0500] {processor.py:829} INFO - Processing file /usr/local/lib/python3.10/dist-packages/airflow/example_dags/example_time_delta_sensor_async.py for tasks to queue
[2023-11-22T16:01:20.812+0500] {logging_mixin.py:154} INFO - [2023-11-22T16:01:20.811+0500] {dagbag.py:536} INFO - Filling up the DagBag from /usr/local/lib/python3.10/dist-packages/airflow/example_dags/example_time_delta_sensor_async.py
[2023-11-22T16:01:20.829+0500] {processor.py:839} INFO - DAG(s) dict_keys(['example_time_delta_sensor_async']) retrieved from /usr/local/lib/python3.10/dist-packages/airflow/example_dags/example_time_delta_sensor_async.py
[2023-11-22T16:01:20.922+0500] {logging_mixin.py:154} INFO - [2023-11-22T16:01:20.922+0500] {dag.py:2941} INFO - Sync 1 DAGs
[2023-11-22T16:01:20.974+0500] {logging_mixin.py:154} INFO - [2023-11-22T16:01:20.973+0500] {dag.py:3722} INFO - Setting next_dagrun for example_time_delta_sensor_async to None, run_after=None
[2023-11-22T16:01:21.044+0500] {processor.py:179} INFO - Processing /usr/local/lib/python3.10/dist-packages/airflow/example_dags/example_time_delta_sensor_async.py took 0.250 seconds
[2023-11-22T16:01:51.803+0500] {processor.py:157} INFO - Started process (PID=19411) to work on /usr/local/lib/python3.10/dist-packages/airflow/example_dags/example_time_delta_sensor_async.py
[2023-11-22T16:01:51.806+0500] {processor.py:829} INFO - Processing file /usr/local/lib/python3.10/dist-packages/airflow/example_dags/example_time_delta_sensor_async.py for tasks to queue
[2023-11-22T16:01:51.808+0500] {logging_mixin.py:154} INFO - [2023-11-22T16:01:51.807+0500] {dagbag.py:536} INFO - Filling up the DagBag from /usr/local/lib/python3.10/dist-packages/airflow/example_dags/example_time_delta_sensor_async.py
[2023-11-22T16:01:51.828+0500] {processor.py:839} INFO - DAG(s) dict_keys(['example_time_delta_sensor_async']) retrieved from /usr/local/lib/python3.10/dist-packages/airflow/example_dags/example_time_delta_sensor_async.py
[2023-11-22T16:01:51.934+0500] {logging_mixin.py:154} INFO - [2023-11-22T16:01:51.933+0500] {dag.py:2941} INFO - Sync 1 DAGs
[2023-11-22T16:01:51.991+0500] {logging_mixin.py:154} INFO - [2023-11-22T16:01:51.991+0500] {dag.py:3722} INFO - Setting next_dagrun for example_time_delta_sensor_async to None, run_after=None
[2023-11-22T16:01:52.072+0500] {processor.py:179} INFO - Processing /usr/local/lib/python3.10/dist-packages/airflow/example_dags/example_time_delta_sensor_async.py took 0.285 seconds
[2023-11-22T16:02:22.386+0500] {processor.py:157} INFO - Started process (PID=19533) to work on /usr/local/lib/python3.10/dist-packages/airflow/example_dags/example_time_delta_sensor_async.py
[2023-11-22T16:02:22.389+0500] {processor.py:829} INFO - Processing file /usr/local/lib/python3.10/dist-packages/airflow/example_dags/example_time_delta_sensor_async.py for tasks to queue
[2023-11-22T16:02:22.392+0500] {logging_mixin.py:154} INFO - [2023-11-22T16:02:22.391+0500] {dagbag.py:536} INFO - Filling up the DagBag from /usr/local/lib/python3.10/dist-packages/airflow/example_dags/example_time_delta_sensor_async.py
[2023-11-22T16:02:22.410+0500] {processor.py:839} INFO - DAG(s) dict_keys(['example_time_delta_sensor_async']) retrieved from /usr/local/lib/python3.10/dist-packages/airflow/example_dags/example_time_delta_sensor_async.py
[2023-11-22T16:02:22.509+0500] {logging_mixin.py:154} INFO - [2023-11-22T16:02:22.508+0500] {dag.py:2941} INFO - Sync 1 DAGs
[2023-11-22T16:02:22.570+0500] {logging_mixin.py:154} INFO - [2023-11-22T16:02:22.569+0500] {dag.py:3722} INFO - Setting next_dagrun for example_time_delta_sensor_async to None, run_after=None
[2023-11-22T16:02:22.656+0500] {processor.py:179} INFO - Processing /usr/local/lib/python3.10/dist-packages/airflow/example_dags/example_time_delta_sensor_async.py took 0.282 seconds
[2023-11-22T16:02:52.717+0500] {processor.py:157} INFO - Started process (PID=19635) to work on /usr/local/lib/python3.10/dist-packages/airflow/example_dags/example_time_delta_sensor_async.py
[2023-11-22T16:02:52.720+0500] {processor.py:829} INFO - Processing file /usr/local/lib/python3.10/dist-packages/airflow/example_dags/example_time_delta_sensor_async.py for tasks to queue
[2023-11-22T16:02:52.723+0500] {logging_mixin.py:154} INFO - [2023-11-22T16:02:52.722+0500] {dagbag.py:536} INFO - Filling up the DagBag from /usr/local/lib/python3.10/dist-packages/airflow/example_dags/example_time_delta_sensor_async.py
[2023-11-22T16:02:52.740+0500] {processor.py:839} INFO - DAG(s) dict_keys(['example_time_delta_sensor_async']) retrieved from /usr/local/lib/python3.10/dist-packages/airflow/example_dags/example_time_delta_sensor_async.py
[2023-11-22T16:02:52.837+0500] {logging_mixin.py:154} INFO - [2023-11-22T16:02:52.837+0500] {dag.py:2941} INFO - Sync 1 DAGs
[2023-11-22T16:02:52.889+0500] {logging_mixin.py:154} INFO - [2023-11-22T16:02:52.888+0500] {dag.py:3722} INFO - Setting next_dagrun for example_time_delta_sensor_async to None, run_after=None
[2023-11-22T16:02:52.960+0500] {processor.py:179} INFO - Processing /usr/local/lib/python3.10/dist-packages/airflow/example_dags/example_time_delta_sensor_async.py took 0.256 seconds
[2023-11-22T16:03:23.973+0500] {processor.py:157} INFO - Started process (PID=19735) to work on /usr/local/lib/python3.10/dist-packages/airflow/example_dags/example_time_delta_sensor_async.py
[2023-11-22T16:03:23.975+0500] {processor.py:829} INFO - Processing file /usr/local/lib/python3.10/dist-packages/airflow/example_dags/example_time_delta_sensor_async.py for tasks to queue
[2023-11-22T16:03:23.978+0500] {logging_mixin.py:154} INFO - [2023-11-22T16:03:23.977+0500] {dagbag.py:536} INFO - Filling up the DagBag from /usr/local/lib/python3.10/dist-packages/airflow/example_dags/example_time_delta_sensor_async.py
[2023-11-22T16:03:23.995+0500] {processor.py:839} INFO - DAG(s) dict_keys(['example_time_delta_sensor_async']) retrieved from /usr/local/lib/python3.10/dist-packages/airflow/example_dags/example_time_delta_sensor_async.py
[2023-11-22T16:03:24.095+0500] {logging_mixin.py:154} INFO - [2023-11-22T16:03:24.094+0500] {dag.py:2941} INFO - Sync 1 DAGs
[2023-11-22T16:03:24.148+0500] {logging_mixin.py:154} INFO - [2023-11-22T16:03:24.147+0500] {dag.py:3722} INFO - Setting next_dagrun for example_time_delta_sensor_async to None, run_after=None
[2023-11-22T16:03:24.222+0500] {processor.py:179} INFO - Processing /usr/local/lib/python3.10/dist-packages/airflow/example_dags/example_time_delta_sensor_async.py took 0.261 seconds
[2023-11-22T16:03:54.453+0500] {processor.py:157} INFO - Started process (PID=19833) to work on /usr/local/lib/python3.10/dist-packages/airflow/example_dags/example_time_delta_sensor_async.py
[2023-11-22T16:03:54.455+0500] {processor.py:829} INFO - Processing file /usr/local/lib/python3.10/dist-packages/airflow/example_dags/example_time_delta_sensor_async.py for tasks to queue
[2023-11-22T16:03:54.458+0500] {logging_mixin.py:154} INFO - [2023-11-22T16:03:54.457+0500] {dagbag.py:536} INFO - Filling up the DagBag from /usr/local/lib/python3.10/dist-packages/airflow/example_dags/example_time_delta_sensor_async.py
[2023-11-22T16:03:54.477+0500] {processor.py:839} INFO - DAG(s) dict_keys(['example_time_delta_sensor_async']) retrieved from /usr/local/lib/python3.10/dist-packages/airflow/example_dags/example_time_delta_sensor_async.py
[2023-11-22T16:03:54.576+0500] {logging_mixin.py:154} INFO - [2023-11-22T16:03:54.575+0500] {dag.py:2941} INFO - Sync 1 DAGs
[2023-11-22T16:03:54.628+0500] {logging_mixin.py:154} INFO - [2023-11-22T16:03:54.627+0500] {dag.py:3722} INFO - Setting next_dagrun for example_time_delta_sensor_async to None, run_after=None
[2023-11-22T16:03:54.700+0500] {processor.py:179} INFO - Processing /usr/local/lib/python3.10/dist-packages/airflow/example_dags/example_time_delta_sensor_async.py took 0.260 seconds
[2023-11-22T16:04:25.070+0500] {processor.py:157} INFO - Started process (PID=19985) to work on /usr/local/lib/python3.10/dist-packages/airflow/example_dags/example_time_delta_sensor_async.py
[2023-11-22T16:04:25.073+0500] {processor.py:829} INFO - Processing file /usr/local/lib/python3.10/dist-packages/airflow/example_dags/example_time_delta_sensor_async.py for tasks to queue
[2023-11-22T16:04:25.076+0500] {logging_mixin.py:154} INFO - [2023-11-22T16:04:25.075+0500] {dagbag.py:536} INFO - Filling up the DagBag from /usr/local/lib/python3.10/dist-packages/airflow/example_dags/example_time_delta_sensor_async.py
[2023-11-22T16:04:25.092+0500] {processor.py:839} INFO - DAG(s) dict_keys(['example_time_delta_sensor_async']) retrieved from /usr/local/lib/python3.10/dist-packages/airflow/example_dags/example_time_delta_sensor_async.py
[2023-11-22T16:04:25.191+0500] {logging_mixin.py:154} INFO - [2023-11-22T16:04:25.191+0500] {dag.py:2941} INFO - Sync 1 DAGs
[2023-11-22T16:04:25.257+0500] {logging_mixin.py:154} INFO - [2023-11-22T16:04:25.257+0500] {dag.py:3722} INFO - Setting next_dagrun for example_time_delta_sensor_async to None, run_after=None
[2023-11-22T16:04:25.331+0500] {processor.py:179} INFO - Processing /usr/local/lib/python3.10/dist-packages/airflow/example_dags/example_time_delta_sensor_async.py took 0.273 seconds
[2023-11-22T16:04:55.968+0500] {processor.py:157} INFO - Started process (PID=20093) to work on /usr/local/lib/python3.10/dist-packages/airflow/example_dags/example_time_delta_sensor_async.py
[2023-11-22T16:04:55.970+0500] {processor.py:829} INFO - Processing file /usr/local/lib/python3.10/dist-packages/airflow/example_dags/example_time_delta_sensor_async.py for tasks to queue
[2023-11-22T16:04:55.973+0500] {logging_mixin.py:154} INFO - [2023-11-22T16:04:55.972+0500] {dagbag.py:536} INFO - Filling up the DagBag from /usr/local/lib/python3.10/dist-packages/airflow/example_dags/example_time_delta_sensor_async.py
[2023-11-22T16:04:55.990+0500] {processor.py:839} INFO - DAG(s) dict_keys(['example_time_delta_sensor_async']) retrieved from /usr/local/lib/python3.10/dist-packages/airflow/example_dags/example_time_delta_sensor_async.py
[2023-11-22T16:04:56.089+0500] {logging_mixin.py:154} INFO - [2023-11-22T16:04:56.088+0500] {dag.py:2941} INFO - Sync 1 DAGs
[2023-11-22T16:04:56.141+0500] {logging_mixin.py:154} INFO - [2023-11-22T16:04:56.141+0500] {dag.py:3722} INFO - Setting next_dagrun for example_time_delta_sensor_async to None, run_after=None
[2023-11-22T16:04:56.219+0500] {processor.py:179} INFO - Processing /usr/local/lib/python3.10/dist-packages/airflow/example_dags/example_time_delta_sensor_async.py took 0.262 seconds
[2023-11-22T16:05:26.572+0500] {processor.py:157} INFO - Started process (PID=20202) to work on /usr/local/lib/python3.10/dist-packages/airflow/example_dags/example_time_delta_sensor_async.py
[2023-11-22T16:05:26.574+0500] {processor.py:829} INFO - Processing file /usr/local/lib/python3.10/dist-packages/airflow/example_dags/example_time_delta_sensor_async.py for tasks to queue
[2023-11-22T16:05:26.577+0500] {logging_mixin.py:154} INFO - [2023-11-22T16:05:26.576+0500] {dagbag.py:536} INFO - Filling up the DagBag from /usr/local/lib/python3.10/dist-packages/airflow/example_dags/example_time_delta_sensor_async.py
[2023-11-22T16:05:26.594+0500] {processor.py:839} INFO - DAG(s) dict_keys(['example_time_delta_sensor_async']) retrieved from /usr/local/lib/python3.10/dist-packages/airflow/example_dags/example_time_delta_sensor_async.py
[2023-11-22T16:05:26.704+0500] {logging_mixin.py:154} INFO - [2023-11-22T16:05:26.704+0500] {dag.py:2941} INFO - Sync 1 DAGs
[2023-11-22T16:05:26.758+0500] {logging_mixin.py:154} INFO - [2023-11-22T16:05:26.758+0500] {dag.py:3722} INFO - Setting next_dagrun for example_time_delta_sensor_async to None, run_after=None
[2023-11-22T16:05:26.834+0500] {processor.py:179} INFO - Processing /usr/local/lib/python3.10/dist-packages/airflow/example_dags/example_time_delta_sensor_async.py took 0.274 seconds
[2023-11-22T16:05:57.421+0500] {processor.py:157} INFO - Started process (PID=20302) to work on /usr/local/lib/python3.10/dist-packages/airflow/example_dags/example_time_delta_sensor_async.py
[2023-11-22T16:05:57.423+0500] {processor.py:829} INFO - Processing file /usr/local/lib/python3.10/dist-packages/airflow/example_dags/example_time_delta_sensor_async.py for tasks to queue
[2023-11-22T16:05:57.427+0500] {logging_mixin.py:154} INFO - [2023-11-22T16:05:57.425+0500] {dagbag.py:536} INFO - Filling up the DagBag from /usr/local/lib/python3.10/dist-packages/airflow/example_dags/example_time_delta_sensor_async.py
[2023-11-22T16:05:57.445+0500] {processor.py:839} INFO - DAG(s) dict_keys(['example_time_delta_sensor_async']) retrieved from /usr/local/lib/python3.10/dist-packages/airflow/example_dags/example_time_delta_sensor_async.py
[2023-11-22T16:05:57.550+0500] {logging_mixin.py:154} INFO - [2023-11-22T16:05:57.549+0500] {dag.py:2941} INFO - Sync 1 DAGs
[2023-11-22T16:05:57.613+0500] {logging_mixin.py:154} INFO - [2023-11-22T16:05:57.612+0500] {dag.py:3722} INFO - Setting next_dagrun for example_time_delta_sensor_async to None, run_after=None
[2023-11-22T16:05:57.688+0500] {processor.py:179} INFO - Processing /usr/local/lib/python3.10/dist-packages/airflow/example_dags/example_time_delta_sensor_async.py took 0.280 seconds
[2023-11-22T16:06:29.481+0500] {processor.py:157} INFO - Started process (PID=20825) to work on /usr/local/lib/python3.10/dist-packages/airflow/example_dags/example_time_delta_sensor_async.py
[2023-11-22T16:06:29.490+0500] {processor.py:829} INFO - Processing file /usr/local/lib/python3.10/dist-packages/airflow/example_dags/example_time_delta_sensor_async.py for tasks to queue
[2023-11-22T16:06:29.493+0500] {logging_mixin.py:154} INFO - [2023-11-22T16:06:29.492+0500] {dagbag.py:536} INFO - Filling up the DagBag from /usr/local/lib/python3.10/dist-packages/airflow/example_dags/example_time_delta_sensor_async.py
[2023-11-22T16:06:29.568+0500] {processor.py:839} INFO - DAG(s) dict_keys(['example_time_delta_sensor_async']) retrieved from /usr/local/lib/python3.10/dist-packages/airflow/example_dags/example_time_delta_sensor_async.py
[2023-11-22T16:06:29.922+0500] {logging_mixin.py:154} INFO - [2023-11-22T16:06:29.913+0500] {dag.py:2941} INFO - Sync 1 DAGs
[2023-11-22T16:06:30.530+0500] {logging_mixin.py:154} INFO - [2023-11-22T16:06:30.517+0500] {dag.py:3722} INFO - Setting next_dagrun for example_time_delta_sensor_async to None, run_after=None
[2023-11-22T16:06:30.915+0500] {processor.py:179} INFO - Processing /usr/local/lib/python3.10/dist-packages/airflow/example_dags/example_time_delta_sensor_async.py took 1.494 seconds
