[2023-11-22T15:27:09.555+0500] {processor.py:157} INFO - Started process (PID=9913) to work on /usr/local/lib/python3.10/dist-packages/airflow/example_dags/tutorial.py
[2023-11-22T15:27:09.557+0500] {processor.py:829} INFO - Processing file /usr/local/lib/python3.10/dist-packages/airflow/example_dags/tutorial.py for tasks to queue
[2023-11-22T15:27:09.560+0500] {logging_mixin.py:154} INFO - [2023-11-22T15:27:09.559+0500] {dagbag.py:536} INFO - Filling up the DagBag from /usr/local/lib/python3.10/dist-packages/airflow/example_dags/tutorial.py
[2023-11-22T15:27:09.593+0500] {processor.py:839} INFO - DAG(s) dict_keys(['tutorial']) retrieved from /usr/local/lib/python3.10/dist-packages/airflow/example_dags/tutorial.py
[2023-11-22T15:27:09.719+0500] {logging_mixin.py:154} INFO - [2023-11-22T15:27:09.718+0500] {dag.py:2941} INFO - Sync 1 DAGs
[2023-11-22T15:27:09.808+0500] {logging_mixin.py:154} INFO - [2023-11-22T15:27:09.807+0500] {dag.py:3722} INFO - Setting next_dagrun for tutorial to 2023-11-21T10:27:09.806520+00:00, run_after=2023-11-22T10:27:09.806520+00:00
[2023-11-22T15:27:09.888+0500] {processor.py:179} INFO - Processing /usr/local/lib/python3.10/dist-packages/airflow/example_dags/tutorial.py took 0.344 seconds
[2023-11-22T15:27:39.994+0500] {processor.py:157} INFO - Started process (PID=10042) to work on /usr/local/lib/python3.10/dist-packages/airflow/example_dags/tutorial.py
[2023-11-22T15:27:39.997+0500] {processor.py:829} INFO - Processing file /usr/local/lib/python3.10/dist-packages/airflow/example_dags/tutorial.py for tasks to queue
[2023-11-22T15:27:40.000+0500] {logging_mixin.py:154} INFO - [2023-11-22T15:27:39.999+0500] {dagbag.py:536} INFO - Filling up the DagBag from /usr/local/lib/python3.10/dist-packages/airflow/example_dags/tutorial.py
[2023-11-22T15:27:40.025+0500] {processor.py:839} INFO - DAG(s) dict_keys(['tutorial']) retrieved from /usr/local/lib/python3.10/dist-packages/airflow/example_dags/tutorial.py
[2023-11-22T15:27:40.155+0500] {logging_mixin.py:154} INFO - [2023-11-22T15:27:40.155+0500] {dag.py:2941} INFO - Sync 1 DAGs
[2023-11-22T15:27:40.260+0500] {logging_mixin.py:154} INFO - [2023-11-22T15:27:40.259+0500] {dag.py:3722} INFO - Setting next_dagrun for tutorial to 2023-11-21T10:27:40.258128+00:00, run_after=2023-11-22T10:27:40.258128+00:00
[2023-11-22T15:27:40.342+0500] {processor.py:179} INFO - Processing /usr/local/lib/python3.10/dist-packages/airflow/example_dags/tutorial.py took 0.361 seconds
[2023-11-22T15:28:10.548+0500] {processor.py:157} INFO - Started process (PID=10155) to work on /usr/local/lib/python3.10/dist-packages/airflow/example_dags/tutorial.py
[2023-11-22T15:28:10.554+0500] {processor.py:829} INFO - Processing file /usr/local/lib/python3.10/dist-packages/airflow/example_dags/tutorial.py for tasks to queue
[2023-11-22T15:28:10.558+0500] {logging_mixin.py:154} INFO - [2023-11-22T15:28:10.557+0500] {dagbag.py:536} INFO - Filling up the DagBag from /usr/local/lib/python3.10/dist-packages/airflow/example_dags/tutorial.py
[2023-11-22T15:28:10.592+0500] {processor.py:839} INFO - DAG(s) dict_keys(['tutorial']) retrieved from /usr/local/lib/python3.10/dist-packages/airflow/example_dags/tutorial.py
[2023-11-22T15:28:10.710+0500] {logging_mixin.py:154} INFO - [2023-11-22T15:28:10.709+0500] {dag.py:2941} INFO - Sync 1 DAGs
[2023-11-22T15:28:10.812+0500] {logging_mixin.py:154} INFO - [2023-11-22T15:28:10.811+0500] {dag.py:3722} INFO - Setting next_dagrun for tutorial to 2023-11-21T10:28:10.810740+00:00, run_after=2023-11-22T10:28:10.810740+00:00
[2023-11-22T15:28:10.887+0500] {processor.py:179} INFO - Processing /usr/local/lib/python3.10/dist-packages/airflow/example_dags/tutorial.py took 0.355 seconds
[2023-11-22T15:28:41.722+0500] {processor.py:157} INFO - Started process (PID=10289) to work on /usr/local/lib/python3.10/dist-packages/airflow/example_dags/tutorial.py
[2023-11-22T15:28:41.725+0500] {processor.py:829} INFO - Processing file /usr/local/lib/python3.10/dist-packages/airflow/example_dags/tutorial.py for tasks to queue
[2023-11-22T15:28:41.729+0500] {logging_mixin.py:154} INFO - [2023-11-22T15:28:41.728+0500] {dagbag.py:536} INFO - Filling up the DagBag from /usr/local/lib/python3.10/dist-packages/airflow/example_dags/tutorial.py
[2023-11-22T15:28:41.756+0500] {processor.py:839} INFO - DAG(s) dict_keys(['tutorial']) retrieved from /usr/local/lib/python3.10/dist-packages/airflow/example_dags/tutorial.py
[2023-11-22T15:28:41.883+0500] {logging_mixin.py:154} INFO - [2023-11-22T15:28:41.883+0500] {dag.py:2941} INFO - Sync 1 DAGs
[2023-11-22T15:28:41.987+0500] {logging_mixin.py:154} INFO - [2023-11-22T15:28:41.986+0500] {dag.py:3722} INFO - Setting next_dagrun for tutorial to 2023-11-21T10:28:41.985846+00:00, run_after=2023-11-22T10:28:41.985846+00:00
[2023-11-22T15:28:42.089+0500] {processor.py:179} INFO - Processing /usr/local/lib/python3.10/dist-packages/airflow/example_dags/tutorial.py took 0.386 seconds
[2023-11-22T15:29:12.945+0500] {processor.py:157} INFO - Started process (PID=10404) to work on /usr/local/lib/python3.10/dist-packages/airflow/example_dags/tutorial.py
[2023-11-22T15:29:12.948+0500] {processor.py:829} INFO - Processing file /usr/local/lib/python3.10/dist-packages/airflow/example_dags/tutorial.py for tasks to queue
[2023-11-22T15:29:12.951+0500] {logging_mixin.py:154} INFO - [2023-11-22T15:29:12.950+0500] {dagbag.py:536} INFO - Filling up the DagBag from /usr/local/lib/python3.10/dist-packages/airflow/example_dags/tutorial.py
[2023-11-22T15:29:12.997+0500] {processor.py:839} INFO - DAG(s) dict_keys(['tutorial']) retrieved from /usr/local/lib/python3.10/dist-packages/airflow/example_dags/tutorial.py
[2023-11-22T15:29:13.141+0500] {logging_mixin.py:154} INFO - [2023-11-22T15:29:13.140+0500] {dag.py:2941} INFO - Sync 1 DAGs
[2023-11-22T15:29:13.265+0500] {logging_mixin.py:154} INFO - [2023-11-22T15:29:13.264+0500] {dag.py:3722} INFO - Setting next_dagrun for tutorial to 2023-11-21T10:29:13.262682+00:00, run_after=2023-11-22T10:29:13.262682+00:00
[2023-11-22T15:29:13.371+0500] {processor.py:179} INFO - Processing /usr/local/lib/python3.10/dist-packages/airflow/example_dags/tutorial.py took 0.446 seconds
[2023-11-22T15:29:44.001+0500] {processor.py:157} INFO - Started process (PID=10631) to work on /usr/local/lib/python3.10/dist-packages/airflow/example_dags/tutorial.py
[2023-11-22T15:29:44.009+0500] {processor.py:829} INFO - Processing file /usr/local/lib/python3.10/dist-packages/airflow/example_dags/tutorial.py for tasks to queue
[2023-11-22T15:29:44.012+0500] {logging_mixin.py:154} INFO - [2023-11-22T15:29:44.011+0500] {dagbag.py:536} INFO - Filling up the DagBag from /usr/local/lib/python3.10/dist-packages/airflow/example_dags/tutorial.py
[2023-11-22T15:29:44.053+0500] {processor.py:839} INFO - DAG(s) dict_keys(['tutorial']) retrieved from /usr/local/lib/python3.10/dist-packages/airflow/example_dags/tutorial.py
[2023-11-22T15:29:44.162+0500] {logging_mixin.py:154} INFO - [2023-11-22T15:29:44.161+0500] {dag.py:2941} INFO - Sync 1 DAGs
[2023-11-22T15:29:44.274+0500] {logging_mixin.py:154} INFO - [2023-11-22T15:29:44.273+0500] {dag.py:3722} INFO - Setting next_dagrun for tutorial to 2023-11-21T10:29:44.272899+00:00, run_after=2023-11-22T10:29:44.272899+00:00
[2023-11-22T15:29:44.365+0500] {processor.py:179} INFO - Processing /usr/local/lib/python3.10/dist-packages/airflow/example_dags/tutorial.py took 0.375 seconds
[2023-11-22T15:30:15.096+0500] {processor.py:157} INFO - Started process (PID=10941) to work on /usr/local/lib/python3.10/dist-packages/airflow/example_dags/tutorial.py
[2023-11-22T15:30:15.099+0500] {processor.py:829} INFO - Processing file /usr/local/lib/python3.10/dist-packages/airflow/example_dags/tutorial.py for tasks to queue
[2023-11-22T15:30:15.101+0500] {logging_mixin.py:154} INFO - [2023-11-22T15:30:15.100+0500] {dagbag.py:536} INFO - Filling up the DagBag from /usr/local/lib/python3.10/dist-packages/airflow/example_dags/tutorial.py
[2023-11-22T15:30:15.124+0500] {processor.py:839} INFO - DAG(s) dict_keys(['tutorial']) retrieved from /usr/local/lib/python3.10/dist-packages/airflow/example_dags/tutorial.py
[2023-11-22T15:30:15.224+0500] {logging_mixin.py:154} INFO - [2023-11-22T15:30:15.222+0500] {dag.py:2941} INFO - Sync 1 DAGs
[2023-11-22T15:30:15.331+0500] {logging_mixin.py:154} INFO - [2023-11-22T15:30:15.330+0500] {dag.py:3722} INFO - Setting next_dagrun for tutorial to 2023-11-21T10:30:15.329479+00:00, run_after=2023-11-22T10:30:15.329479+00:00
[2023-11-22T15:30:15.412+0500] {processor.py:179} INFO - Processing /usr/local/lib/python3.10/dist-packages/airflow/example_dags/tutorial.py took 0.328 seconds
[2023-11-22T15:30:46.568+0500] {processor.py:157} INFO - Started process (PID=11142) to work on /usr/local/lib/python3.10/dist-packages/airflow/example_dags/tutorial.py
[2023-11-22T15:30:46.570+0500] {processor.py:829} INFO - Processing file /usr/local/lib/python3.10/dist-packages/airflow/example_dags/tutorial.py for tasks to queue
[2023-11-22T15:30:46.573+0500] {logging_mixin.py:154} INFO - [2023-11-22T15:30:46.572+0500] {dagbag.py:536} INFO - Filling up the DagBag from /usr/local/lib/python3.10/dist-packages/airflow/example_dags/tutorial.py
[2023-11-22T15:30:46.621+0500] {processor.py:839} INFO - DAG(s) dict_keys(['tutorial']) retrieved from /usr/local/lib/python3.10/dist-packages/airflow/example_dags/tutorial.py
[2023-11-22T15:30:46.736+0500] {logging_mixin.py:154} INFO - [2023-11-22T15:30:46.735+0500] {dag.py:2941} INFO - Sync 1 DAGs
[2023-11-22T15:30:46.874+0500] {logging_mixin.py:154} INFO - [2023-11-22T15:30:46.874+0500] {dag.py:3722} INFO - Setting next_dagrun for tutorial to 2023-11-21T10:30:46.872996+00:00, run_after=2023-11-22T10:30:46.872996+00:00
[2023-11-22T15:30:46.962+0500] {processor.py:179} INFO - Processing /usr/local/lib/python3.10/dist-packages/airflow/example_dags/tutorial.py took 0.407 seconds
[2023-11-22T15:31:17.325+0500] {processor.py:157} INFO - Started process (PID=11295) to work on /usr/local/lib/python3.10/dist-packages/airflow/example_dags/tutorial.py
[2023-11-22T15:31:17.332+0500] {processor.py:829} INFO - Processing file /usr/local/lib/python3.10/dist-packages/airflow/example_dags/tutorial.py for tasks to queue
[2023-11-22T15:31:17.335+0500] {logging_mixin.py:154} INFO - [2023-11-22T15:31:17.334+0500] {dagbag.py:536} INFO - Filling up the DagBag from /usr/local/lib/python3.10/dist-packages/airflow/example_dags/tutorial.py
[2023-11-22T15:31:17.370+0500] {processor.py:839} INFO - DAG(s) dict_keys(['tutorial']) retrieved from /usr/local/lib/python3.10/dist-packages/airflow/example_dags/tutorial.py
[2023-11-22T15:31:17.494+0500] {logging_mixin.py:154} INFO - [2023-11-22T15:31:17.493+0500] {dag.py:2941} INFO - Sync 1 DAGs
[2023-11-22T15:31:17.650+0500] {logging_mixin.py:154} INFO - [2023-11-22T15:31:17.649+0500] {dag.py:3722} INFO - Setting next_dagrun for tutorial to 2023-11-21T10:31:17.648526+00:00, run_after=2023-11-22T10:31:17.648526+00:00
[2023-11-22T15:31:17.736+0500] {processor.py:179} INFO - Processing /usr/local/lib/python3.10/dist-packages/airflow/example_dags/tutorial.py took 0.422 seconds
[2023-11-22T15:31:48.624+0500] {processor.py:157} INFO - Started process (PID=11441) to work on /usr/local/lib/python3.10/dist-packages/airflow/example_dags/tutorial.py
[2023-11-22T15:31:48.627+0500] {processor.py:829} INFO - Processing file /usr/local/lib/python3.10/dist-packages/airflow/example_dags/tutorial.py for tasks to queue
[2023-11-22T15:31:48.631+0500] {logging_mixin.py:154} INFO - [2023-11-22T15:31:48.629+0500] {dagbag.py:536} INFO - Filling up the DagBag from /usr/local/lib/python3.10/dist-packages/airflow/example_dags/tutorial.py
[2023-11-22T15:31:48.656+0500] {processor.py:839} INFO - DAG(s) dict_keys(['tutorial']) retrieved from /usr/local/lib/python3.10/dist-packages/airflow/example_dags/tutorial.py
[2023-11-22T15:31:48.772+0500] {logging_mixin.py:154} INFO - [2023-11-22T15:31:48.771+0500] {dag.py:2941} INFO - Sync 1 DAGs
[2023-11-22T15:31:48.888+0500] {logging_mixin.py:154} INFO - [2023-11-22T15:31:48.887+0500] {dag.py:3722} INFO - Setting next_dagrun for tutorial to 2023-11-21T10:31:48.886351+00:00, run_after=2023-11-22T10:31:48.886351+00:00
[2023-11-22T15:31:48.982+0500] {processor.py:179} INFO - Processing /usr/local/lib/python3.10/dist-packages/airflow/example_dags/tutorial.py took 0.371 seconds
[2023-11-22T15:32:20.078+0500] {processor.py:157} INFO - Started process (PID=11623) to work on /usr/local/lib/python3.10/dist-packages/airflow/example_dags/tutorial.py
[2023-11-22T15:32:20.084+0500] {processor.py:829} INFO - Processing file /usr/local/lib/python3.10/dist-packages/airflow/example_dags/tutorial.py for tasks to queue
[2023-11-22T15:32:20.091+0500] {logging_mixin.py:154} INFO - [2023-11-22T15:32:20.087+0500] {dagbag.py:536} INFO - Filling up the DagBag from /usr/local/lib/python3.10/dist-packages/airflow/example_dags/tutorial.py
[2023-11-22T15:32:20.116+0500] {processor.py:839} INFO - DAG(s) dict_keys(['tutorial']) retrieved from /usr/local/lib/python3.10/dist-packages/airflow/example_dags/tutorial.py
[2023-11-22T15:32:20.260+0500] {logging_mixin.py:154} INFO - [2023-11-22T15:32:20.260+0500] {dag.py:2941} INFO - Sync 1 DAGs
[2023-11-22T15:32:20.403+0500] {logging_mixin.py:154} INFO - [2023-11-22T15:32:20.403+0500] {dag.py:3722} INFO - Setting next_dagrun for tutorial to 2023-11-21T10:32:20.402071+00:00, run_after=2023-11-22T10:32:20.402071+00:00
[2023-11-22T15:32:20.493+0500] {processor.py:179} INFO - Processing /usr/local/lib/python3.10/dist-packages/airflow/example_dags/tutorial.py took 0.431 seconds
[2023-11-22T15:32:51.082+0500] {processor.py:157} INFO - Started process (PID=11764) to work on /usr/local/lib/python3.10/dist-packages/airflow/example_dags/tutorial.py
[2023-11-22T15:32:51.084+0500] {processor.py:829} INFO - Processing file /usr/local/lib/python3.10/dist-packages/airflow/example_dags/tutorial.py for tasks to queue
[2023-11-22T15:32:51.087+0500] {logging_mixin.py:154} INFO - [2023-11-22T15:32:51.086+0500] {dagbag.py:536} INFO - Filling up the DagBag from /usr/local/lib/python3.10/dist-packages/airflow/example_dags/tutorial.py
[2023-11-22T15:32:51.120+0500] {processor.py:839} INFO - DAG(s) dict_keys(['tutorial']) retrieved from /usr/local/lib/python3.10/dist-packages/airflow/example_dags/tutorial.py
[2023-11-22T15:32:51.282+0500] {logging_mixin.py:154} INFO - [2023-11-22T15:32:51.282+0500] {dag.py:2941} INFO - Sync 1 DAGs
[2023-11-22T15:32:51.420+0500] {logging_mixin.py:154} INFO - [2023-11-22T15:32:51.419+0500] {dag.py:3722} INFO - Setting next_dagrun for tutorial to 2023-11-21T10:32:51.418414+00:00, run_after=2023-11-22T10:32:51.418414+00:00
[2023-11-22T15:32:51.512+0500] {processor.py:179} INFO - Processing /usr/local/lib/python3.10/dist-packages/airflow/example_dags/tutorial.py took 0.483 seconds
[2023-11-22T15:33:21.845+0500] {processor.py:157} INFO - Started process (PID=11926) to work on /usr/local/lib/python3.10/dist-packages/airflow/example_dags/tutorial.py
[2023-11-22T15:33:21.850+0500] {processor.py:829} INFO - Processing file /usr/local/lib/python3.10/dist-packages/airflow/example_dags/tutorial.py for tasks to queue
[2023-11-22T15:33:21.854+0500] {logging_mixin.py:154} INFO - [2023-11-22T15:33:21.853+0500] {dagbag.py:536} INFO - Filling up the DagBag from /usr/local/lib/python3.10/dist-packages/airflow/example_dags/tutorial.py
[2023-11-22T15:33:21.889+0500] {processor.py:839} INFO - DAG(s) dict_keys(['tutorial']) retrieved from /usr/local/lib/python3.10/dist-packages/airflow/example_dags/tutorial.py
[2023-11-22T15:33:22.021+0500] {logging_mixin.py:154} INFO - [2023-11-22T15:33:22.021+0500] {dag.py:2941} INFO - Sync 1 DAGs
[2023-11-22T15:33:22.175+0500] {logging_mixin.py:154} INFO - [2023-11-22T15:33:22.174+0500] {dag.py:3722} INFO - Setting next_dagrun for tutorial to 2023-11-21T10:33:22.173859+00:00, run_after=2023-11-22T10:33:22.173859+00:00
[2023-11-22T15:33:22.287+0500] {processor.py:179} INFO - Processing /usr/local/lib/python3.10/dist-packages/airflow/example_dags/tutorial.py took 0.465 seconds
[2023-11-22T15:33:52.685+0500] {processor.py:157} INFO - Started process (PID=12077) to work on /usr/local/lib/python3.10/dist-packages/airflow/example_dags/tutorial.py
[2023-11-22T15:33:52.687+0500] {processor.py:829} INFO - Processing file /usr/local/lib/python3.10/dist-packages/airflow/example_dags/tutorial.py for tasks to queue
[2023-11-22T15:33:52.690+0500] {logging_mixin.py:154} INFO - [2023-11-22T15:33:52.689+0500] {dagbag.py:536} INFO - Filling up the DagBag from /usr/local/lib/python3.10/dist-packages/airflow/example_dags/tutorial.py
[2023-11-22T15:33:52.719+0500] {processor.py:839} INFO - DAG(s) dict_keys(['tutorial']) retrieved from /usr/local/lib/python3.10/dist-packages/airflow/example_dags/tutorial.py
[2023-11-22T15:33:52.846+0500] {logging_mixin.py:154} INFO - [2023-11-22T15:33:52.845+0500] {dag.py:2941} INFO - Sync 1 DAGs
[2023-11-22T15:33:52.970+0500] {logging_mixin.py:154} INFO - [2023-11-22T15:33:52.969+0500] {dag.py:3722} INFO - Setting next_dagrun for tutorial to 2023-11-21T10:33:52.969105+00:00, run_after=2023-11-22T10:33:52.969105+00:00
[2023-11-22T15:33:53.053+0500] {processor.py:179} INFO - Processing /usr/local/lib/python3.10/dist-packages/airflow/example_dags/tutorial.py took 0.380 seconds
[2023-11-22T15:34:25.042+0500] {processor.py:157} INFO - Started process (PID=12212) to work on /usr/local/lib/python3.10/dist-packages/airflow/example_dags/tutorial.py
[2023-11-22T15:34:25.048+0500] {processor.py:829} INFO - Processing file /usr/local/lib/python3.10/dist-packages/airflow/example_dags/tutorial.py for tasks to queue
[2023-11-22T15:34:25.051+0500] {logging_mixin.py:154} INFO - [2023-11-22T15:34:25.050+0500] {dagbag.py:536} INFO - Filling up the DagBag from /usr/local/lib/python3.10/dist-packages/airflow/example_dags/tutorial.py
[2023-11-22T15:34:25.087+0500] {processor.py:839} INFO - DAG(s) dict_keys(['tutorial']) retrieved from /usr/local/lib/python3.10/dist-packages/airflow/example_dags/tutorial.py
[2023-11-22T15:34:25.308+0500] {logging_mixin.py:154} INFO - [2023-11-22T15:34:25.307+0500] {dag.py:2941} INFO - Sync 1 DAGs
[2023-11-22T15:34:25.479+0500] {logging_mixin.py:154} INFO - [2023-11-22T15:34:25.469+0500] {dag.py:3722} INFO - Setting next_dagrun for tutorial to 2023-11-21T10:34:25.468224+00:00, run_after=2023-11-22T10:34:25.468224+00:00
[2023-11-22T15:34:25.595+0500] {processor.py:179} INFO - Processing /usr/local/lib/python3.10/dist-packages/airflow/example_dags/tutorial.py took 0.572 seconds
[2023-11-22T15:34:57.586+0500] {processor.py:157} INFO - Started process (PID=12396) to work on /usr/local/lib/python3.10/dist-packages/airflow/example_dags/tutorial.py
[2023-11-22T15:34:57.590+0500] {processor.py:829} INFO - Processing file /usr/local/lib/python3.10/dist-packages/airflow/example_dags/tutorial.py for tasks to queue
[2023-11-22T15:34:57.595+0500] {logging_mixin.py:154} INFO - [2023-11-22T15:34:57.593+0500] {dagbag.py:536} INFO - Filling up the DagBag from /usr/local/lib/python3.10/dist-packages/airflow/example_dags/tutorial.py
[2023-11-22T15:34:57.643+0500] {processor.py:839} INFO - DAG(s) dict_keys(['tutorial']) retrieved from /usr/local/lib/python3.10/dist-packages/airflow/example_dags/tutorial.py
[2023-11-22T15:34:57.764+0500] {logging_mixin.py:154} INFO - [2023-11-22T15:34:57.763+0500] {dag.py:2941} INFO - Sync 1 DAGs
[2023-11-22T15:34:57.900+0500] {logging_mixin.py:154} INFO - [2023-11-22T15:34:57.900+0500] {dag.py:3722} INFO - Setting next_dagrun for tutorial to 2023-11-21T10:34:57.899213+00:00, run_after=2023-11-22T10:34:57.899213+00:00
[2023-11-22T15:34:58.065+0500] {processor.py:179} INFO - Processing /usr/local/lib/python3.10/dist-packages/airflow/example_dags/tutorial.py took 0.498 seconds
[2023-11-22T15:35:34.820+0500] {processor.py:157} INFO - Started process (PID=12985) to work on /usr/local/lib/python3.10/dist-packages/airflow/example_dags/tutorial.py
[2023-11-22T15:35:34.827+0500] {processor.py:829} INFO - Processing file /usr/local/lib/python3.10/dist-packages/airflow/example_dags/tutorial.py for tasks to queue
[2023-11-22T15:35:34.834+0500] {logging_mixin.py:154} INFO - [2023-11-22T15:35:34.829+0500] {dagbag.py:536} INFO - Filling up the DagBag from /usr/local/lib/python3.10/dist-packages/airflow/example_dags/tutorial.py
[2023-11-22T15:35:34.893+0500] {processor.py:839} INFO - DAG(s) dict_keys(['tutorial']) retrieved from /usr/local/lib/python3.10/dist-packages/airflow/example_dags/tutorial.py
[2023-11-22T15:35:35.220+0500] {logging_mixin.py:154} INFO - [2023-11-22T15:35:35.219+0500] {dag.py:2941} INFO - Sync 1 DAGs
[2023-11-22T15:35:35.409+0500] {logging_mixin.py:154} INFO - [2023-11-22T15:35:35.401+0500] {dag.py:3722} INFO - Setting next_dagrun for tutorial to 2023-11-21T10:35:35.400525+00:00, run_after=2023-11-22T10:35:35.400525+00:00
[2023-11-22T15:35:35.631+0500] {processor.py:179} INFO - Processing /usr/local/lib/python3.10/dist-packages/airflow/example_dags/tutorial.py took 0.834 seconds
[2023-11-22T15:40:05.091+0500] {processor.py:157} INFO - Started process (PID=13453) to work on /usr/local/lib/python3.10/dist-packages/airflow/example_dags/tutorial.py
[2023-11-22T15:40:05.093+0500] {processor.py:829} INFO - Processing file /usr/local/lib/python3.10/dist-packages/airflow/example_dags/tutorial.py for tasks to queue
[2023-11-22T15:40:05.102+0500] {logging_mixin.py:154} INFO - [2023-11-22T15:40:05.095+0500] {dagbag.py:536} INFO - Filling up the DagBag from /usr/local/lib/python3.10/dist-packages/airflow/example_dags/tutorial.py
[2023-11-22T15:40:05.176+0500] {processor.py:839} INFO - DAG(s) dict_keys(['tutorial']) retrieved from /usr/local/lib/python3.10/dist-packages/airflow/example_dags/tutorial.py
[2023-11-22T15:40:05.619+0500] {logging_mixin.py:154} INFO - [2023-11-22T15:40:05.619+0500] {dag.py:2941} INFO - Sync 1 DAGs
[2023-11-22T15:40:05.727+0500] {logging_mixin.py:154} INFO - [2023-11-22T15:40:05.726+0500] {dag.py:3722} INFO - Setting next_dagrun for tutorial to 2023-11-21T10:40:05.725551+00:00, run_after=2023-11-22T10:40:05.725551+00:00
[2023-11-22T15:40:05.802+0500] {processor.py:179} INFO - Processing /usr/local/lib/python3.10/dist-packages/airflow/example_dags/tutorial.py took 0.745 seconds
[2023-11-22T15:40:35.927+0500] {processor.py:157} INFO - Started process (PID=13593) to work on /usr/local/lib/python3.10/dist-packages/airflow/example_dags/tutorial.py
[2023-11-22T15:40:35.930+0500] {processor.py:829} INFO - Processing file /usr/local/lib/python3.10/dist-packages/airflow/example_dags/tutorial.py for tasks to queue
[2023-11-22T15:40:35.933+0500] {logging_mixin.py:154} INFO - [2023-11-22T15:40:35.932+0500] {dagbag.py:536} INFO - Filling up the DagBag from /usr/local/lib/python3.10/dist-packages/airflow/example_dags/tutorial.py
[2023-11-22T15:40:35.963+0500] {processor.py:839} INFO - DAG(s) dict_keys(['tutorial']) retrieved from /usr/local/lib/python3.10/dist-packages/airflow/example_dags/tutorial.py
[2023-11-22T15:40:36.087+0500] {logging_mixin.py:154} INFO - [2023-11-22T15:40:36.086+0500] {dag.py:2941} INFO - Sync 1 DAGs
[2023-11-22T15:40:36.224+0500] {logging_mixin.py:154} INFO - [2023-11-22T15:40:36.223+0500] {dag.py:3722} INFO - Setting next_dagrun for tutorial to 2023-11-21T10:40:36.222931+00:00, run_after=2023-11-22T10:40:36.222931+00:00
[2023-11-22T15:40:36.310+0500] {processor.py:179} INFO - Processing /usr/local/lib/python3.10/dist-packages/airflow/example_dags/tutorial.py took 0.399 seconds
[2023-11-22T15:41:06.561+0500] {processor.py:157} INFO - Started process (PID=13730) to work on /usr/local/lib/python3.10/dist-packages/airflow/example_dags/tutorial.py
[2023-11-22T15:41:06.566+0500] {processor.py:829} INFO - Processing file /usr/local/lib/python3.10/dist-packages/airflow/example_dags/tutorial.py for tasks to queue
[2023-11-22T15:41:06.569+0500] {logging_mixin.py:154} INFO - [2023-11-22T15:41:06.568+0500] {dagbag.py:536} INFO - Filling up the DagBag from /usr/local/lib/python3.10/dist-packages/airflow/example_dags/tutorial.py
[2023-11-22T15:41:06.601+0500] {processor.py:839} INFO - DAG(s) dict_keys(['tutorial']) retrieved from /usr/local/lib/python3.10/dist-packages/airflow/example_dags/tutorial.py
[2023-11-22T15:41:06.708+0500] {logging_mixin.py:154} INFO - [2023-11-22T15:41:06.708+0500] {dag.py:2941} INFO - Sync 1 DAGs
[2023-11-22T15:41:06.812+0500] {logging_mixin.py:154} INFO - [2023-11-22T15:41:06.811+0500] {dag.py:3722} INFO - Setting next_dagrun for tutorial to 2023-11-21T10:41:06.809975+00:00, run_after=2023-11-22T10:41:06.809975+00:00
[2023-11-22T15:41:06.908+0500] {processor.py:179} INFO - Processing /usr/local/lib/python3.10/dist-packages/airflow/example_dags/tutorial.py took 0.358 seconds
[2023-11-22T15:41:37.038+0500] {processor.py:157} INFO - Started process (PID=13879) to work on /usr/local/lib/python3.10/dist-packages/airflow/example_dags/tutorial.py
[2023-11-22T15:41:37.041+0500] {processor.py:829} INFO - Processing file /usr/local/lib/python3.10/dist-packages/airflow/example_dags/tutorial.py for tasks to queue
[2023-11-22T15:41:37.044+0500] {logging_mixin.py:154} INFO - [2023-11-22T15:41:37.043+0500] {dagbag.py:536} INFO - Filling up the DagBag from /usr/local/lib/python3.10/dist-packages/airflow/example_dags/tutorial.py
[2023-11-22T15:41:37.073+0500] {processor.py:839} INFO - DAG(s) dict_keys(['tutorial']) retrieved from /usr/local/lib/python3.10/dist-packages/airflow/example_dags/tutorial.py
[2023-11-22T15:41:37.183+0500] {logging_mixin.py:154} INFO - [2023-11-22T15:41:37.182+0500] {dag.py:2941} INFO - Sync 1 DAGs
[2023-11-22T15:41:37.293+0500] {logging_mixin.py:154} INFO - [2023-11-22T15:41:37.292+0500] {dag.py:3722} INFO - Setting next_dagrun for tutorial to 2023-11-21T10:41:37.291658+00:00, run_after=2023-11-22T10:41:37.291658+00:00
[2023-11-22T15:41:37.371+0500] {processor.py:179} INFO - Processing /usr/local/lib/python3.10/dist-packages/airflow/example_dags/tutorial.py took 0.346 seconds
[2023-11-22T15:42:07.688+0500] {processor.py:157} INFO - Started process (PID=14046) to work on /usr/local/lib/python3.10/dist-packages/airflow/example_dags/tutorial.py
[2023-11-22T15:42:07.691+0500] {processor.py:829} INFO - Processing file /usr/local/lib/python3.10/dist-packages/airflow/example_dags/tutorial.py for tasks to queue
[2023-11-22T15:42:07.694+0500] {logging_mixin.py:154} INFO - [2023-11-22T15:42:07.693+0500] {dagbag.py:536} INFO - Filling up the DagBag from /usr/local/lib/python3.10/dist-packages/airflow/example_dags/tutorial.py
[2023-11-22T15:42:07.726+0500] {processor.py:839} INFO - DAG(s) dict_keys(['tutorial']) retrieved from /usr/local/lib/python3.10/dist-packages/airflow/example_dags/tutorial.py
[2023-11-22T15:42:07.837+0500] {logging_mixin.py:154} INFO - [2023-11-22T15:42:07.836+0500] {dag.py:2941} INFO - Sync 1 DAGs
[2023-11-22T15:42:07.944+0500] {logging_mixin.py:154} INFO - [2023-11-22T15:42:07.943+0500] {dag.py:3722} INFO - Setting next_dagrun for tutorial to 2023-11-21T10:42:07.942747+00:00, run_after=2023-11-22T10:42:07.942747+00:00
[2023-11-22T15:42:08.041+0500] {processor.py:179} INFO - Processing /usr/local/lib/python3.10/dist-packages/airflow/example_dags/tutorial.py took 0.376 seconds
[2023-11-22T15:42:38.245+0500] {processor.py:157} INFO - Started process (PID=14205) to work on /usr/local/lib/python3.10/dist-packages/airflow/example_dags/tutorial.py
[2023-11-22T15:42:38.248+0500] {processor.py:829} INFO - Processing file /usr/local/lib/python3.10/dist-packages/airflow/example_dags/tutorial.py for tasks to queue
[2023-11-22T15:42:38.251+0500] {logging_mixin.py:154} INFO - [2023-11-22T15:42:38.249+0500] {dagbag.py:536} INFO - Filling up the DagBag from /usr/local/lib/python3.10/dist-packages/airflow/example_dags/tutorial.py
[2023-11-22T15:42:38.275+0500] {processor.py:839} INFO - DAG(s) dict_keys(['tutorial']) retrieved from /usr/local/lib/python3.10/dist-packages/airflow/example_dags/tutorial.py
[2023-11-22T15:42:38.388+0500] {logging_mixin.py:154} INFO - [2023-11-22T15:42:38.387+0500] {dag.py:2941} INFO - Sync 1 DAGs
[2023-11-22T15:42:38.489+0500] {logging_mixin.py:154} INFO - [2023-11-22T15:42:38.488+0500] {dag.py:3722} INFO - Setting next_dagrun for tutorial to 2023-11-21T10:42:38.487520+00:00, run_after=2023-11-22T10:42:38.487520+00:00
[2023-11-22T15:42:38.569+0500] {processor.py:179} INFO - Processing /usr/local/lib/python3.10/dist-packages/airflow/example_dags/tutorial.py took 0.337 seconds
[2023-11-22T15:43:08.955+0500] {processor.py:157} INFO - Started process (PID=14331) to work on /usr/local/lib/python3.10/dist-packages/airflow/example_dags/tutorial.py
[2023-11-22T15:43:08.958+0500] {processor.py:829} INFO - Processing file /usr/local/lib/python3.10/dist-packages/airflow/example_dags/tutorial.py for tasks to queue
[2023-11-22T15:43:08.963+0500] {logging_mixin.py:154} INFO - [2023-11-22T15:43:08.961+0500] {dagbag.py:536} INFO - Filling up the DagBag from /usr/local/lib/python3.10/dist-packages/airflow/example_dags/tutorial.py
[2023-11-22T15:43:08.988+0500] {processor.py:839} INFO - DAG(s) dict_keys(['tutorial']) retrieved from /usr/local/lib/python3.10/dist-packages/airflow/example_dags/tutorial.py
[2023-11-22T15:43:09.091+0500] {logging_mixin.py:154} INFO - [2023-11-22T15:43:09.090+0500] {dag.py:2941} INFO - Sync 1 DAGs
[2023-11-22T15:43:09.207+0500] {logging_mixin.py:154} INFO - [2023-11-22T15:43:09.206+0500] {dag.py:3722} INFO - Setting next_dagrun for tutorial to 2023-11-21T10:43:09.205050+00:00, run_after=2023-11-22T10:43:09.205050+00:00
[2023-11-22T15:43:09.302+0500] {processor.py:179} INFO - Processing /usr/local/lib/python3.10/dist-packages/airflow/example_dags/tutorial.py took 0.364 seconds
[2023-11-22T15:43:39.786+0500] {processor.py:157} INFO - Started process (PID=14465) to work on /usr/local/lib/python3.10/dist-packages/airflow/example_dags/tutorial.py
[2023-11-22T15:43:39.788+0500] {processor.py:829} INFO - Processing file /usr/local/lib/python3.10/dist-packages/airflow/example_dags/tutorial.py for tasks to queue
[2023-11-22T15:43:39.792+0500] {logging_mixin.py:154} INFO - [2023-11-22T15:43:39.791+0500] {dagbag.py:536} INFO - Filling up the DagBag from /usr/local/lib/python3.10/dist-packages/airflow/example_dags/tutorial.py
[2023-11-22T15:43:39.816+0500] {processor.py:839} INFO - DAG(s) dict_keys(['tutorial']) retrieved from /usr/local/lib/python3.10/dist-packages/airflow/example_dags/tutorial.py
[2023-11-22T15:43:39.922+0500] {logging_mixin.py:154} INFO - [2023-11-22T15:43:39.921+0500] {dag.py:2941} INFO - Sync 1 DAGs
[2023-11-22T15:43:40.026+0500] {logging_mixin.py:154} INFO - [2023-11-22T15:43:40.025+0500] {dag.py:3722} INFO - Setting next_dagrun for tutorial to 2023-11-21T10:43:40.024260+00:00, run_after=2023-11-22T10:43:40.024260+00:00
[2023-11-22T15:43:40.116+0500] {processor.py:179} INFO - Processing /usr/local/lib/python3.10/dist-packages/airflow/example_dags/tutorial.py took 0.342 seconds
[2023-11-22T15:44:10.235+0500] {processor.py:157} INFO - Started process (PID=14607) to work on /usr/local/lib/python3.10/dist-packages/airflow/example_dags/tutorial.py
[2023-11-22T15:44:10.237+0500] {processor.py:829} INFO - Processing file /usr/local/lib/python3.10/dist-packages/airflow/example_dags/tutorial.py for tasks to queue
[2023-11-22T15:44:10.239+0500] {logging_mixin.py:154} INFO - [2023-11-22T15:44:10.239+0500] {dagbag.py:536} INFO - Filling up the DagBag from /usr/local/lib/python3.10/dist-packages/airflow/example_dags/tutorial.py
[2023-11-22T15:44:10.263+0500] {processor.py:839} INFO - DAG(s) dict_keys(['tutorial']) retrieved from /usr/local/lib/python3.10/dist-packages/airflow/example_dags/tutorial.py
[2023-11-22T15:44:10.369+0500] {logging_mixin.py:154} INFO - [2023-11-22T15:44:10.368+0500] {dag.py:2941} INFO - Sync 1 DAGs
[2023-11-22T15:44:10.474+0500] {logging_mixin.py:154} INFO - [2023-11-22T15:44:10.474+0500] {dag.py:3722} INFO - Setting next_dagrun for tutorial to 2023-11-21T10:44:10.473057+00:00, run_after=2023-11-22T10:44:10.473057+00:00
[2023-11-22T15:44:10.549+0500] {processor.py:179} INFO - Processing /usr/local/lib/python3.10/dist-packages/airflow/example_dags/tutorial.py took 0.326 seconds
[2023-11-22T15:44:41.467+0500] {processor.py:157} INFO - Started process (PID=14762) to work on /usr/local/lib/python3.10/dist-packages/airflow/example_dags/tutorial.py
[2023-11-22T15:44:41.470+0500] {processor.py:829} INFO - Processing file /usr/local/lib/python3.10/dist-packages/airflow/example_dags/tutorial.py for tasks to queue
[2023-11-22T15:44:41.473+0500] {logging_mixin.py:154} INFO - [2023-11-22T15:44:41.472+0500] {dagbag.py:536} INFO - Filling up the DagBag from /usr/local/lib/python3.10/dist-packages/airflow/example_dags/tutorial.py
[2023-11-22T15:44:41.499+0500] {processor.py:839} INFO - DAG(s) dict_keys(['tutorial']) retrieved from /usr/local/lib/python3.10/dist-packages/airflow/example_dags/tutorial.py
[2023-11-22T15:44:41.609+0500] {logging_mixin.py:154} INFO - [2023-11-22T15:44:41.608+0500] {dag.py:2941} INFO - Sync 1 DAGs
[2023-11-22T15:44:41.714+0500] {logging_mixin.py:154} INFO - [2023-11-22T15:44:41.713+0500] {dag.py:3722} INFO - Setting next_dagrun for tutorial to 2023-11-21T10:44:41.712666+00:00, run_after=2023-11-22T10:44:41.712666+00:00
[2023-11-22T15:44:41.800+0500] {processor.py:179} INFO - Processing /usr/local/lib/python3.10/dist-packages/airflow/example_dags/tutorial.py took 0.345 seconds
[2023-11-22T15:45:11.871+0500] {processor.py:157} INFO - Started process (PID=14922) to work on /usr/local/lib/python3.10/dist-packages/airflow/example_dags/tutorial.py
[2023-11-22T15:45:11.873+0500] {processor.py:829} INFO - Processing file /usr/local/lib/python3.10/dist-packages/airflow/example_dags/tutorial.py for tasks to queue
[2023-11-22T15:45:11.877+0500] {logging_mixin.py:154} INFO - [2023-11-22T15:45:11.876+0500] {dagbag.py:536} INFO - Filling up the DagBag from /usr/local/lib/python3.10/dist-packages/airflow/example_dags/tutorial.py
[2023-11-22T15:45:11.901+0500] {processor.py:839} INFO - DAG(s) dict_keys(['tutorial']) retrieved from /usr/local/lib/python3.10/dist-packages/airflow/example_dags/tutorial.py
[2023-11-22T15:45:12.004+0500] {logging_mixin.py:154} INFO - [2023-11-22T15:45:12.004+0500] {dag.py:2941} INFO - Sync 1 DAGs
[2023-11-22T15:45:12.109+0500] {logging_mixin.py:154} INFO - [2023-11-22T15:45:12.109+0500] {dag.py:3722} INFO - Setting next_dagrun for tutorial to 2023-11-21T10:45:12.108099+00:00, run_after=2023-11-22T10:45:12.108099+00:00
[2023-11-22T15:45:12.205+0500] {processor.py:179} INFO - Processing /usr/local/lib/python3.10/dist-packages/airflow/example_dags/tutorial.py took 0.345 seconds
[2023-11-22T15:45:42.305+0500] {processor.py:157} INFO - Started process (PID=15067) to work on /usr/local/lib/python3.10/dist-packages/airflow/example_dags/tutorial.py
[2023-11-22T15:45:42.308+0500] {processor.py:829} INFO - Processing file /usr/local/lib/python3.10/dist-packages/airflow/example_dags/tutorial.py for tasks to queue
[2023-11-22T15:45:42.312+0500] {logging_mixin.py:154} INFO - [2023-11-22T15:45:42.310+0500] {dagbag.py:536} INFO - Filling up the DagBag from /usr/local/lib/python3.10/dist-packages/airflow/example_dags/tutorial.py
[2023-11-22T15:45:42.338+0500] {processor.py:839} INFO - DAG(s) dict_keys(['tutorial']) retrieved from /usr/local/lib/python3.10/dist-packages/airflow/example_dags/tutorial.py
[2023-11-22T15:45:42.447+0500] {logging_mixin.py:154} INFO - [2023-11-22T15:45:42.446+0500] {dag.py:2941} INFO - Sync 1 DAGs
[2023-11-22T15:45:42.576+0500] {logging_mixin.py:154} INFO - [2023-11-22T15:45:42.575+0500] {dag.py:3722} INFO - Setting next_dagrun for tutorial to 2023-11-21T10:45:42.574664+00:00, run_after=2023-11-22T10:45:42.574664+00:00
[2023-11-22T15:45:42.715+0500] {processor.py:179} INFO - Processing /usr/local/lib/python3.10/dist-packages/airflow/example_dags/tutorial.py took 0.424 seconds
[2023-11-22T15:46:12.840+0500] {processor.py:157} INFO - Started process (PID=15188) to work on /usr/local/lib/python3.10/dist-packages/airflow/example_dags/tutorial.py
[2023-11-22T15:46:12.844+0500] {processor.py:829} INFO - Processing file /usr/local/lib/python3.10/dist-packages/airflow/example_dags/tutorial.py for tasks to queue
[2023-11-22T15:46:12.847+0500] {logging_mixin.py:154} INFO - [2023-11-22T15:46:12.846+0500] {dagbag.py:536} INFO - Filling up the DagBag from /usr/local/lib/python3.10/dist-packages/airflow/example_dags/tutorial.py
[2023-11-22T15:46:12.885+0500] {processor.py:839} INFO - DAG(s) dict_keys(['tutorial']) retrieved from /usr/local/lib/python3.10/dist-packages/airflow/example_dags/tutorial.py
[2023-11-22T15:46:12.985+0500] {logging_mixin.py:154} INFO - [2023-11-22T15:46:12.984+0500] {dag.py:2941} INFO - Sync 1 DAGs
[2023-11-22T15:46:13.088+0500] {logging_mixin.py:154} INFO - [2023-11-22T15:46:13.087+0500] {dag.py:3722} INFO - Setting next_dagrun for tutorial to 2023-11-21T10:46:13.086686+00:00, run_after=2023-11-22T10:46:13.086686+00:00
[2023-11-22T15:46:13.199+0500] {processor.py:179} INFO - Processing /usr/local/lib/python3.10/dist-packages/airflow/example_dags/tutorial.py took 0.372 seconds
[2023-11-22T15:46:44.358+0500] {processor.py:157} INFO - Started process (PID=15333) to work on /usr/local/lib/python3.10/dist-packages/airflow/example_dags/tutorial.py
[2023-11-22T15:46:44.371+0500] {processor.py:829} INFO - Processing file /usr/local/lib/python3.10/dist-packages/airflow/example_dags/tutorial.py for tasks to queue
[2023-11-22T15:46:44.374+0500] {logging_mixin.py:154} INFO - [2023-11-22T15:46:44.373+0500] {dagbag.py:536} INFO - Filling up the DagBag from /usr/local/lib/python3.10/dist-packages/airflow/example_dags/tutorial.py
[2023-11-22T15:46:44.414+0500] {processor.py:839} INFO - DAG(s) dict_keys(['tutorial']) retrieved from /usr/local/lib/python3.10/dist-packages/airflow/example_dags/tutorial.py
[2023-11-22T15:46:44.560+0500] {logging_mixin.py:154} INFO - [2023-11-22T15:46:44.559+0500] {dag.py:2941} INFO - Sync 1 DAGs
[2023-11-22T15:46:44.677+0500] {logging_mixin.py:154} INFO - [2023-11-22T15:46:44.676+0500] {dag.py:3722} INFO - Setting next_dagrun for tutorial to 2023-11-21T10:46:44.672506+00:00, run_after=2023-11-22T10:46:44.672506+00:00
[2023-11-22T15:46:44.767+0500] {processor.py:179} INFO - Processing /usr/local/lib/python3.10/dist-packages/airflow/example_dags/tutorial.py took 0.429 seconds
[2023-11-22T15:47:15.830+0500] {processor.py:157} INFO - Started process (PID=15513) to work on /usr/local/lib/python3.10/dist-packages/airflow/example_dags/tutorial.py
[2023-11-22T15:47:15.833+0500] {processor.py:829} INFO - Processing file /usr/local/lib/python3.10/dist-packages/airflow/example_dags/tutorial.py for tasks to queue
[2023-11-22T15:47:15.836+0500] {logging_mixin.py:154} INFO - [2023-11-22T15:47:15.835+0500] {dagbag.py:536} INFO - Filling up the DagBag from /usr/local/lib/python3.10/dist-packages/airflow/example_dags/tutorial.py
[2023-11-22T15:47:15.862+0500] {processor.py:839} INFO - DAG(s) dict_keys(['tutorial']) retrieved from /usr/local/lib/python3.10/dist-packages/airflow/example_dags/tutorial.py
[2023-11-22T15:47:16.025+0500] {logging_mixin.py:154} INFO - [2023-11-22T15:47:16.024+0500] {dag.py:2941} INFO - Sync 1 DAGs
[2023-11-22T15:47:16.191+0500] {logging_mixin.py:154} INFO - [2023-11-22T15:47:16.191+0500] {dag.py:3722} INFO - Setting next_dagrun for tutorial to 2023-11-21T10:47:16.189353+00:00, run_after=2023-11-22T10:47:16.189353+00:00
[2023-11-22T15:47:16.289+0500] {processor.py:179} INFO - Processing /usr/local/lib/python3.10/dist-packages/airflow/example_dags/tutorial.py took 0.472 seconds
[2023-11-22T15:47:47.226+0500] {processor.py:157} INFO - Started process (PID=15658) to work on /usr/local/lib/python3.10/dist-packages/airflow/example_dags/tutorial.py
[2023-11-22T15:47:47.229+0500] {processor.py:829} INFO - Processing file /usr/local/lib/python3.10/dist-packages/airflow/example_dags/tutorial.py for tasks to queue
[2023-11-22T15:47:47.233+0500] {logging_mixin.py:154} INFO - [2023-11-22T15:47:47.232+0500] {dagbag.py:536} INFO - Filling up the DagBag from /usr/local/lib/python3.10/dist-packages/airflow/example_dags/tutorial.py
[2023-11-22T15:47:47.259+0500] {processor.py:839} INFO - DAG(s) dict_keys(['tutorial']) retrieved from /usr/local/lib/python3.10/dist-packages/airflow/example_dags/tutorial.py
[2023-11-22T15:47:47.361+0500] {logging_mixin.py:154} INFO - [2023-11-22T15:47:47.361+0500] {dag.py:2941} INFO - Sync 1 DAGs
[2023-11-22T15:47:47.461+0500] {logging_mixin.py:154} INFO - [2023-11-22T15:47:47.460+0500] {dag.py:3722} INFO - Setting next_dagrun for tutorial to 2023-11-21T10:47:47.459887+00:00, run_after=2023-11-22T10:47:47.459887+00:00
[2023-11-22T15:47:47.540+0500] {processor.py:179} INFO - Processing /usr/local/lib/python3.10/dist-packages/airflow/example_dags/tutorial.py took 0.327 seconds
[2023-11-22T15:48:19.147+0500] {processor.py:157} INFO - Started process (PID=15803) to work on /usr/local/lib/python3.10/dist-packages/airflow/example_dags/tutorial.py
[2023-11-22T15:48:19.150+0500] {processor.py:829} INFO - Processing file /usr/local/lib/python3.10/dist-packages/airflow/example_dags/tutorial.py for tasks to queue
[2023-11-22T15:48:19.157+0500] {logging_mixin.py:154} INFO - [2023-11-22T15:48:19.154+0500] {dagbag.py:536} INFO - Filling up the DagBag from /usr/local/lib/python3.10/dist-packages/airflow/example_dags/tutorial.py
[2023-11-22T15:48:19.182+0500] {processor.py:839} INFO - DAG(s) dict_keys(['tutorial']) retrieved from /usr/local/lib/python3.10/dist-packages/airflow/example_dags/tutorial.py
[2023-11-22T15:48:19.282+0500] {logging_mixin.py:154} INFO - [2023-11-22T15:48:19.282+0500] {dag.py:2941} INFO - Sync 1 DAGs
[2023-11-22T15:48:19.382+0500] {logging_mixin.py:154} INFO - [2023-11-22T15:48:19.381+0500] {dag.py:3722} INFO - Setting next_dagrun for tutorial to 2023-11-21T10:48:19.381087+00:00, run_after=2023-11-22T10:48:19.381087+00:00
[2023-11-22T15:48:19.478+0500] {processor.py:179} INFO - Processing /usr/local/lib/python3.10/dist-packages/airflow/example_dags/tutorial.py took 0.346 seconds
[2023-11-22T15:48:51.687+0500] {processor.py:157} INFO - Started process (PID=15942) to work on /usr/local/lib/python3.10/dist-packages/airflow/example_dags/tutorial.py
[2023-11-22T15:48:51.691+0500] {processor.py:829} INFO - Processing file /usr/local/lib/python3.10/dist-packages/airflow/example_dags/tutorial.py for tasks to queue
[2023-11-22T15:48:51.695+0500] {logging_mixin.py:154} INFO - [2023-11-22T15:48:51.693+0500] {dagbag.py:536} INFO - Filling up the DagBag from /usr/local/lib/python3.10/dist-packages/airflow/example_dags/tutorial.py
[2023-11-22T15:48:51.723+0500] {processor.py:839} INFO - DAG(s) dict_keys(['tutorial']) retrieved from /usr/local/lib/python3.10/dist-packages/airflow/example_dags/tutorial.py
[2023-11-22T15:48:51.829+0500] {logging_mixin.py:154} INFO - [2023-11-22T15:48:51.828+0500] {dag.py:2941} INFO - Sync 1 DAGs
[2023-11-22T15:48:51.936+0500] {logging_mixin.py:154} INFO - [2023-11-22T15:48:51.934+0500] {dag.py:3722} INFO - Setting next_dagrun for tutorial to 2023-11-21T10:48:51.933989+00:00, run_after=2023-11-22T10:48:51.933989+00:00
[2023-11-22T15:48:52.014+0500] {processor.py:179} INFO - Processing /usr/local/lib/python3.10/dist-packages/airflow/example_dags/tutorial.py took 0.349 seconds
[2023-11-22T15:49:26.188+0500] {processor.py:157} INFO - Started process (PID=16072) to work on /usr/local/lib/python3.10/dist-packages/airflow/example_dags/tutorial.py
[2023-11-22T15:49:26.198+0500] {processor.py:829} INFO - Processing file /usr/local/lib/python3.10/dist-packages/airflow/example_dags/tutorial.py for tasks to queue
[2023-11-22T15:49:26.207+0500] {logging_mixin.py:154} INFO - [2023-11-22T15:49:26.202+0500] {dagbag.py:536} INFO - Filling up the DagBag from /usr/local/lib/python3.10/dist-packages/airflow/example_dags/tutorial.py
[2023-11-22T15:49:26.368+0500] {processor.py:839} INFO - DAG(s) dict_keys(['tutorial']) retrieved from /usr/local/lib/python3.10/dist-packages/airflow/example_dags/tutorial.py
[2023-11-22T15:49:26.604+0500] {logging_mixin.py:154} INFO - [2023-11-22T15:49:26.603+0500] {dag.py:2941} INFO - Sync 1 DAGs
[2023-11-22T15:49:26.884+0500] {logging_mixin.py:154} INFO - [2023-11-22T15:49:26.881+0500] {dag.py:3722} INFO - Setting next_dagrun for tutorial to 2023-11-21T10:49:26.872648+00:00, run_after=2023-11-22T10:49:26.872648+00:00
[2023-11-22T15:49:27.147+0500] {processor.py:179} INFO - Processing /usr/local/lib/python3.10/dist-packages/airflow/example_dags/tutorial.py took 1.007 seconds
[2023-11-22T15:49:57.286+0500] {processor.py:157} INFO - Started process (PID=16203) to work on /usr/local/lib/python3.10/dist-packages/airflow/example_dags/tutorial.py
[2023-11-22T15:49:57.291+0500] {processor.py:829} INFO - Processing file /usr/local/lib/python3.10/dist-packages/airflow/example_dags/tutorial.py for tasks to queue
[2023-11-22T15:49:57.294+0500] {logging_mixin.py:154} INFO - [2023-11-22T15:49:57.293+0500] {dagbag.py:536} INFO - Filling up the DagBag from /usr/local/lib/python3.10/dist-packages/airflow/example_dags/tutorial.py
[2023-11-22T15:49:57.326+0500] {processor.py:839} INFO - DAG(s) dict_keys(['tutorial']) retrieved from /usr/local/lib/python3.10/dist-packages/airflow/example_dags/tutorial.py
[2023-11-22T15:49:57.444+0500] {logging_mixin.py:154} INFO - [2023-11-22T15:49:57.443+0500] {dag.py:2941} INFO - Sync 1 DAGs
[2023-11-22T15:49:57.579+0500] {logging_mixin.py:154} INFO - [2023-11-22T15:49:57.578+0500] {dag.py:3722} INFO - Setting next_dagrun for tutorial to 2023-11-21T10:49:57.577611+00:00, run_after=2023-11-22T10:49:57.577611+00:00
[2023-11-22T15:49:57.663+0500] {processor.py:179} INFO - Processing /usr/local/lib/python3.10/dist-packages/airflow/example_dags/tutorial.py took 0.390 seconds
[2023-11-22T15:50:28.030+0500] {processor.py:157} INFO - Started process (PID=16342) to work on /usr/local/lib/python3.10/dist-packages/airflow/example_dags/tutorial.py
[2023-11-22T15:50:28.032+0500] {processor.py:829} INFO - Processing file /usr/local/lib/python3.10/dist-packages/airflow/example_dags/tutorial.py for tasks to queue
[2023-11-22T15:50:28.035+0500] {logging_mixin.py:154} INFO - [2023-11-22T15:50:28.034+0500] {dagbag.py:536} INFO - Filling up the DagBag from /usr/local/lib/python3.10/dist-packages/airflow/example_dags/tutorial.py
[2023-11-22T15:50:28.061+0500] {processor.py:839} INFO - DAG(s) dict_keys(['tutorial']) retrieved from /usr/local/lib/python3.10/dist-packages/airflow/example_dags/tutorial.py
[2023-11-22T15:50:28.178+0500] {logging_mixin.py:154} INFO - [2023-11-22T15:50:28.177+0500] {dag.py:2941} INFO - Sync 1 DAGs
[2023-11-22T15:50:28.282+0500] {logging_mixin.py:154} INFO - [2023-11-22T15:50:28.281+0500] {dag.py:3722} INFO - Setting next_dagrun for tutorial to 2023-11-21T10:50:28.280886+00:00, run_after=2023-11-22T10:50:28.280886+00:00
[2023-11-22T15:50:28.402+0500] {processor.py:179} INFO - Processing /usr/local/lib/python3.10/dist-packages/airflow/example_dags/tutorial.py took 0.385 seconds
[2023-11-22T15:50:59.122+0500] {processor.py:157} INFO - Started process (PID=16468) to work on /usr/local/lib/python3.10/dist-packages/airflow/example_dags/tutorial.py
[2023-11-22T15:50:59.128+0500] {processor.py:829} INFO - Processing file /usr/local/lib/python3.10/dist-packages/airflow/example_dags/tutorial.py for tasks to queue
[2023-11-22T15:50:59.132+0500] {logging_mixin.py:154} INFO - [2023-11-22T15:50:59.131+0500] {dagbag.py:536} INFO - Filling up the DagBag from /usr/local/lib/python3.10/dist-packages/airflow/example_dags/tutorial.py
[2023-11-22T15:50:59.160+0500] {processor.py:839} INFO - DAG(s) dict_keys(['tutorial']) retrieved from /usr/local/lib/python3.10/dist-packages/airflow/example_dags/tutorial.py
[2023-11-22T15:50:59.276+0500] {logging_mixin.py:154} INFO - [2023-11-22T15:50:59.276+0500] {dag.py:2941} INFO - Sync 1 DAGs
[2023-11-22T15:50:59.421+0500] {logging_mixin.py:154} INFO - [2023-11-22T15:50:59.417+0500] {dag.py:3722} INFO - Setting next_dagrun for tutorial to 2023-11-21T10:50:59.416786+00:00, run_after=2023-11-22T10:50:59.416786+00:00
[2023-11-22T15:50:59.550+0500] {processor.py:179} INFO - Processing /usr/local/lib/python3.10/dist-packages/airflow/example_dags/tutorial.py took 0.442 seconds
[2023-11-22T15:51:30.285+0500] {processor.py:157} INFO - Started process (PID=16607) to work on /usr/local/lib/python3.10/dist-packages/airflow/example_dags/tutorial.py
[2023-11-22T15:51:30.290+0500] {processor.py:829} INFO - Processing file /usr/local/lib/python3.10/dist-packages/airflow/example_dags/tutorial.py for tasks to queue
[2023-11-22T15:51:30.293+0500] {logging_mixin.py:154} INFO - [2023-11-22T15:51:30.292+0500] {dagbag.py:536} INFO - Filling up the DagBag from /usr/local/lib/python3.10/dist-packages/airflow/example_dags/tutorial.py
[2023-11-22T15:51:30.321+0500] {processor.py:839} INFO - DAG(s) dict_keys(['tutorial']) retrieved from /usr/local/lib/python3.10/dist-packages/airflow/example_dags/tutorial.py
[2023-11-22T15:51:30.427+0500] {logging_mixin.py:154} INFO - [2023-11-22T15:51:30.426+0500] {dag.py:2941} INFO - Sync 1 DAGs
[2023-11-22T15:51:30.526+0500] {logging_mixin.py:154} INFO - [2023-11-22T15:51:30.525+0500] {dag.py:3722} INFO - Setting next_dagrun for tutorial to 2023-11-21T10:51:30.524828+00:00, run_after=2023-11-22T10:51:30.524828+00:00
[2023-11-22T15:51:30.599+0500] {processor.py:179} INFO - Processing /usr/local/lib/python3.10/dist-packages/airflow/example_dags/tutorial.py took 0.325 seconds
[2023-11-22T15:52:00.916+0500] {processor.py:157} INFO - Started process (PID=16736) to work on /usr/local/lib/python3.10/dist-packages/airflow/example_dags/tutorial.py
[2023-11-22T15:52:00.922+0500] {processor.py:829} INFO - Processing file /usr/local/lib/python3.10/dist-packages/airflow/example_dags/tutorial.py for tasks to queue
[2023-11-22T15:52:00.928+0500] {logging_mixin.py:154} INFO - [2023-11-22T15:52:00.924+0500] {dagbag.py:536} INFO - Filling up the DagBag from /usr/local/lib/python3.10/dist-packages/airflow/example_dags/tutorial.py
[2023-11-22T15:52:00.972+0500] {processor.py:839} INFO - DAG(s) dict_keys(['tutorial']) retrieved from /usr/local/lib/python3.10/dist-packages/airflow/example_dags/tutorial.py
[2023-11-22T15:52:01.128+0500] {logging_mixin.py:154} INFO - [2023-11-22T15:52:01.127+0500] {dag.py:2941} INFO - Sync 1 DAGs
[2023-11-22T15:52:01.246+0500] {logging_mixin.py:154} INFO - [2023-11-22T15:52:01.245+0500] {dag.py:3722} INFO - Setting next_dagrun for tutorial to 2023-11-21T10:52:01.244572+00:00, run_after=2023-11-22T10:52:01.244572+00:00
[2023-11-22T15:52:01.356+0500] {processor.py:179} INFO - Processing /usr/local/lib/python3.10/dist-packages/airflow/example_dags/tutorial.py took 0.464 seconds
[2023-11-22T15:52:31.912+0500] {processor.py:157} INFO - Started process (PID=16894) to work on /usr/local/lib/python3.10/dist-packages/airflow/example_dags/tutorial.py
[2023-11-22T15:52:31.923+0500] {processor.py:829} INFO - Processing file /usr/local/lib/python3.10/dist-packages/airflow/example_dags/tutorial.py for tasks to queue
[2023-11-22T15:52:31.926+0500] {logging_mixin.py:154} INFO - [2023-11-22T15:52:31.925+0500] {dagbag.py:536} INFO - Filling up the DagBag from /usr/local/lib/python3.10/dist-packages/airflow/example_dags/tutorial.py
[2023-11-22T15:52:31.952+0500] {processor.py:839} INFO - DAG(s) dict_keys(['tutorial']) retrieved from /usr/local/lib/python3.10/dist-packages/airflow/example_dags/tutorial.py
[2023-11-22T15:52:32.058+0500] {logging_mixin.py:154} INFO - [2023-11-22T15:52:32.057+0500] {dag.py:2941} INFO - Sync 1 DAGs
[2023-11-22T15:52:32.165+0500] {logging_mixin.py:154} INFO - [2023-11-22T15:52:32.164+0500] {dag.py:3722} INFO - Setting next_dagrun for tutorial to 2023-11-21T10:52:32.163501+00:00, run_after=2023-11-22T10:52:32.163501+00:00
[2023-11-22T15:52:32.244+0500] {processor.py:179} INFO - Processing /usr/local/lib/python3.10/dist-packages/airflow/example_dags/tutorial.py took 0.343 seconds
[2023-11-22T15:53:03.041+0500] {processor.py:157} INFO - Started process (PID=17021) to work on /usr/local/lib/python3.10/dist-packages/airflow/example_dags/tutorial.py
[2023-11-22T15:53:03.043+0500] {processor.py:829} INFO - Processing file /usr/local/lib/python3.10/dist-packages/airflow/example_dags/tutorial.py for tasks to queue
[2023-11-22T15:53:03.046+0500] {logging_mixin.py:154} INFO - [2023-11-22T15:53:03.045+0500] {dagbag.py:536} INFO - Filling up the DagBag from /usr/local/lib/python3.10/dist-packages/airflow/example_dags/tutorial.py
[2023-11-22T15:53:03.072+0500] {processor.py:839} INFO - DAG(s) dict_keys(['tutorial']) retrieved from /usr/local/lib/python3.10/dist-packages/airflow/example_dags/tutorial.py
[2023-11-22T15:53:03.178+0500] {logging_mixin.py:154} INFO - [2023-11-22T15:53:03.178+0500] {dag.py:2941} INFO - Sync 1 DAGs
[2023-11-22T15:53:03.280+0500] {logging_mixin.py:154} INFO - [2023-11-22T15:53:03.279+0500] {dag.py:3722} INFO - Setting next_dagrun for tutorial to 2023-11-21T10:53:03.278545+00:00, run_after=2023-11-22T10:53:03.278545+00:00
[2023-11-22T15:53:03.360+0500] {processor.py:179} INFO - Processing /usr/local/lib/python3.10/dist-packages/airflow/example_dags/tutorial.py took 0.331 seconds
[2023-11-22T15:53:33.520+0500] {processor.py:157} INFO - Started process (PID=17213) to work on /usr/local/lib/python3.10/dist-packages/airflow/example_dags/tutorial.py
[2023-11-22T15:53:33.534+0500] {processor.py:829} INFO - Processing file /usr/local/lib/python3.10/dist-packages/airflow/example_dags/tutorial.py for tasks to queue
[2023-11-22T15:53:33.537+0500] {logging_mixin.py:154} INFO - [2023-11-22T15:53:33.536+0500] {dagbag.py:536} INFO - Filling up the DagBag from /usr/local/lib/python3.10/dist-packages/airflow/example_dags/tutorial.py
[2023-11-22T15:53:33.579+0500] {processor.py:839} INFO - DAG(s) dict_keys(['tutorial']) retrieved from /usr/local/lib/python3.10/dist-packages/airflow/example_dags/tutorial.py
[2023-11-22T15:53:33.703+0500] {logging_mixin.py:154} INFO - [2023-11-22T15:53:33.701+0500] {dag.py:2941} INFO - Sync 1 DAGs
[2023-11-22T15:53:33.831+0500] {logging_mixin.py:154} INFO - [2023-11-22T15:53:33.831+0500] {dag.py:3722} INFO - Setting next_dagrun for tutorial to 2023-11-21T10:53:33.829853+00:00, run_after=2023-11-22T10:53:33.829853+00:00
[2023-11-22T15:53:33.913+0500] {processor.py:179} INFO - Processing /usr/local/lib/python3.10/dist-packages/airflow/example_dags/tutorial.py took 0.413 seconds
[2023-11-22T15:54:04.991+0500] {processor.py:157} INFO - Started process (PID=17413) to work on /usr/local/lib/python3.10/dist-packages/airflow/example_dags/tutorial.py
[2023-11-22T15:54:04.993+0500] {processor.py:829} INFO - Processing file /usr/local/lib/python3.10/dist-packages/airflow/example_dags/tutorial.py for tasks to queue
[2023-11-22T15:54:05.007+0500] {logging_mixin.py:154} INFO - [2023-11-22T15:54:05.006+0500] {dagbag.py:536} INFO - Filling up the DagBag from /usr/local/lib/python3.10/dist-packages/airflow/example_dags/tutorial.py
[2023-11-22T15:54:05.083+0500] {processor.py:839} INFO - DAG(s) dict_keys(['tutorial']) retrieved from /usr/local/lib/python3.10/dist-packages/airflow/example_dags/tutorial.py
[2023-11-22T15:54:05.276+0500] {logging_mixin.py:154} INFO - [2023-11-22T15:54:05.275+0500] {dag.py:2941} INFO - Sync 1 DAGs
[2023-11-22T15:54:05.450+0500] {logging_mixin.py:154} INFO - [2023-11-22T15:54:05.450+0500] {dag.py:3722} INFO - Setting next_dagrun for tutorial to 2023-11-21T10:54:05.449149+00:00, run_after=2023-11-22T10:54:05.449149+00:00
[2023-11-22T15:54:05.589+0500] {processor.py:179} INFO - Processing /usr/local/lib/python3.10/dist-packages/airflow/example_dags/tutorial.py took 0.623 seconds
[2023-11-22T15:54:36.763+0500] {processor.py:157} INFO - Started process (PID=17600) to work on /usr/local/lib/python3.10/dist-packages/airflow/example_dags/tutorial.py
[2023-11-22T15:54:36.766+0500] {processor.py:829} INFO - Processing file /usr/local/lib/python3.10/dist-packages/airflow/example_dags/tutorial.py for tasks to queue
[2023-11-22T15:54:36.769+0500] {logging_mixin.py:154} INFO - [2023-11-22T15:54:36.768+0500] {dagbag.py:536} INFO - Filling up the DagBag from /usr/local/lib/python3.10/dist-packages/airflow/example_dags/tutorial.py
[2023-11-22T15:54:36.796+0500] {processor.py:839} INFO - DAG(s) dict_keys(['tutorial']) retrieved from /usr/local/lib/python3.10/dist-packages/airflow/example_dags/tutorial.py
[2023-11-22T15:54:36.903+0500] {logging_mixin.py:154} INFO - [2023-11-22T15:54:36.903+0500] {dag.py:2941} INFO - Sync 1 DAGs
[2023-11-22T15:54:37.005+0500] {logging_mixin.py:154} INFO - [2023-11-22T15:54:37.005+0500] {dag.py:3722} INFO - Setting next_dagrun for tutorial to 2023-11-21T10:54:37.004307+00:00, run_after=2023-11-22T10:54:37.004307+00:00
[2023-11-22T15:54:37.143+0500] {processor.py:179} INFO - Processing /usr/local/lib/python3.10/dist-packages/airflow/example_dags/tutorial.py took 0.392 seconds
[2023-11-22T15:55:07.476+0500] {processor.py:157} INFO - Started process (PID=17777) to work on /usr/local/lib/python3.10/dist-packages/airflow/example_dags/tutorial.py
[2023-11-22T15:55:07.478+0500] {processor.py:829} INFO - Processing file /usr/local/lib/python3.10/dist-packages/airflow/example_dags/tutorial.py for tasks to queue
[2023-11-22T15:55:07.481+0500] {logging_mixin.py:154} INFO - [2023-11-22T15:55:07.480+0500] {dagbag.py:536} INFO - Filling up the DagBag from /usr/local/lib/python3.10/dist-packages/airflow/example_dags/tutorial.py
[2023-11-22T15:55:07.513+0500] {processor.py:839} INFO - DAG(s) dict_keys(['tutorial']) retrieved from /usr/local/lib/python3.10/dist-packages/airflow/example_dags/tutorial.py
[2023-11-22T15:55:07.635+0500] {logging_mixin.py:154} INFO - [2023-11-22T15:55:07.635+0500] {dag.py:2941} INFO - Sync 1 DAGs
[2023-11-22T15:55:07.740+0500] {logging_mixin.py:154} INFO - [2023-11-22T15:55:07.739+0500] {dag.py:3722} INFO - Setting next_dagrun for tutorial to 2023-11-21T10:55:07.738961+00:00, run_after=2023-11-22T10:55:07.738961+00:00
[2023-11-22T15:55:07.817+0500] {processor.py:179} INFO - Processing /usr/local/lib/python3.10/dist-packages/airflow/example_dags/tutorial.py took 0.354 seconds
[2023-11-22T15:55:38.450+0500] {processor.py:157} INFO - Started process (PID=18182) to work on /usr/local/lib/python3.10/dist-packages/airflow/example_dags/tutorial.py
[2023-11-22T15:55:38.454+0500] {processor.py:829} INFO - Processing file /usr/local/lib/python3.10/dist-packages/airflow/example_dags/tutorial.py for tasks to queue
[2023-11-22T15:55:38.457+0500] {logging_mixin.py:154} INFO - [2023-11-22T15:55:38.456+0500] {dagbag.py:536} INFO - Filling up the DagBag from /usr/local/lib/python3.10/dist-packages/airflow/example_dags/tutorial.py
[2023-11-22T15:55:38.490+0500] {processor.py:839} INFO - DAG(s) dict_keys(['tutorial']) retrieved from /usr/local/lib/python3.10/dist-packages/airflow/example_dags/tutorial.py
[2023-11-22T15:55:38.600+0500] {logging_mixin.py:154} INFO - [2023-11-22T15:55:38.599+0500] {dag.py:2941} INFO - Sync 1 DAGs
[2023-11-22T15:55:38.708+0500] {logging_mixin.py:154} INFO - [2023-11-22T15:55:38.707+0500] {dag.py:3722} INFO - Setting next_dagrun for tutorial to 2023-11-21T10:55:38.706788+00:00, run_after=2023-11-22T10:55:38.706788+00:00
[2023-11-22T15:55:38.793+0500] {processor.py:179} INFO - Processing /usr/local/lib/python3.10/dist-packages/airflow/example_dags/tutorial.py took 0.358 seconds
[2023-11-22T15:56:09.631+0500] {processor.py:157} INFO - Started process (PID=18286) to work on /usr/local/lib/python3.10/dist-packages/airflow/example_dags/tutorial.py
[2023-11-22T15:56:09.634+0500] {processor.py:829} INFO - Processing file /usr/local/lib/python3.10/dist-packages/airflow/example_dags/tutorial.py for tasks to queue
[2023-11-22T15:56:09.637+0500] {logging_mixin.py:154} INFO - [2023-11-22T15:56:09.636+0500] {dagbag.py:536} INFO - Filling up the DagBag from /usr/local/lib/python3.10/dist-packages/airflow/example_dags/tutorial.py
[2023-11-22T15:56:09.666+0500] {processor.py:839} INFO - DAG(s) dict_keys(['tutorial']) retrieved from /usr/local/lib/python3.10/dist-packages/airflow/example_dags/tutorial.py
[2023-11-22T15:56:09.763+0500] {logging_mixin.py:154} INFO - [2023-11-22T15:56:09.762+0500] {dag.py:2941} INFO - Sync 1 DAGs
[2023-11-22T15:56:09.871+0500] {logging_mixin.py:154} INFO - [2023-11-22T15:56:09.870+0500] {dag.py:3722} INFO - Setting next_dagrun for tutorial to 2023-11-21T10:56:09.867642+00:00, run_after=2023-11-22T10:56:09.867642+00:00
[2023-11-22T15:56:09.950+0500] {processor.py:179} INFO - Processing /usr/local/lib/python3.10/dist-packages/airflow/example_dags/tutorial.py took 0.333 seconds
[2023-11-22T15:56:40.039+0500] {processor.py:157} INFO - Started process (PID=18391) to work on /usr/local/lib/python3.10/dist-packages/airflow/example_dags/tutorial.py
[2023-11-22T15:56:40.042+0500] {processor.py:829} INFO - Processing file /usr/local/lib/python3.10/dist-packages/airflow/example_dags/tutorial.py for tasks to queue
[2023-11-22T15:56:40.045+0500] {logging_mixin.py:154} INFO - [2023-11-22T15:56:40.044+0500] {dagbag.py:536} INFO - Filling up the DagBag from /usr/local/lib/python3.10/dist-packages/airflow/example_dags/tutorial.py
[2023-11-22T15:56:40.073+0500] {processor.py:839} INFO - DAG(s) dict_keys(['tutorial']) retrieved from /usr/local/lib/python3.10/dist-packages/airflow/example_dags/tutorial.py
[2023-11-22T15:56:40.181+0500] {logging_mixin.py:154} INFO - [2023-11-22T15:56:40.180+0500] {dag.py:2941} INFO - Sync 1 DAGs
[2023-11-22T15:56:40.289+0500] {logging_mixin.py:154} INFO - [2023-11-22T15:56:40.288+0500] {dag.py:3722} INFO - Setting next_dagrun for tutorial to 2023-11-21T10:56:40.287490+00:00, run_after=2023-11-22T10:56:40.287490+00:00
[2023-11-22T15:56:40.365+0500] {processor.py:179} INFO - Processing /usr/local/lib/python3.10/dist-packages/airflow/example_dags/tutorial.py took 0.346 seconds
[2023-11-22T15:57:11.391+0500] {processor.py:157} INFO - Started process (PID=18503) to work on /usr/local/lib/python3.10/dist-packages/airflow/example_dags/tutorial.py
[2023-11-22T15:57:11.394+0500] {processor.py:829} INFO - Processing file /usr/local/lib/python3.10/dist-packages/airflow/example_dags/tutorial.py for tasks to queue
[2023-11-22T15:57:11.397+0500] {logging_mixin.py:154} INFO - [2023-11-22T15:57:11.396+0500] {dagbag.py:536} INFO - Filling up the DagBag from /usr/local/lib/python3.10/dist-packages/airflow/example_dags/tutorial.py
[2023-11-22T15:57:11.423+0500] {processor.py:839} INFO - DAG(s) dict_keys(['tutorial']) retrieved from /usr/local/lib/python3.10/dist-packages/airflow/example_dags/tutorial.py
[2023-11-22T15:57:11.527+0500] {logging_mixin.py:154} INFO - [2023-11-22T15:57:11.527+0500] {dag.py:2941} INFO - Sync 1 DAGs
[2023-11-22T15:57:11.639+0500] {logging_mixin.py:154} INFO - [2023-11-22T15:57:11.638+0500] {dag.py:3722} INFO - Setting next_dagrun for tutorial to 2023-11-21T10:57:11.637878+00:00, run_after=2023-11-22T10:57:11.637878+00:00
[2023-11-22T15:57:11.718+0500] {processor.py:179} INFO - Processing /usr/local/lib/python3.10/dist-packages/airflow/example_dags/tutorial.py took 0.340 seconds
[2023-11-22T15:57:42.037+0500] {processor.py:157} INFO - Started process (PID=18600) to work on /usr/local/lib/python3.10/dist-packages/airflow/example_dags/tutorial.py
[2023-11-22T15:57:42.040+0500] {processor.py:829} INFO - Processing file /usr/local/lib/python3.10/dist-packages/airflow/example_dags/tutorial.py for tasks to queue
[2023-11-22T15:57:42.042+0500] {logging_mixin.py:154} INFO - [2023-11-22T15:57:42.041+0500] {dagbag.py:536} INFO - Filling up the DagBag from /usr/local/lib/python3.10/dist-packages/airflow/example_dags/tutorial.py
[2023-11-22T15:57:42.070+0500] {processor.py:839} INFO - DAG(s) dict_keys(['tutorial']) retrieved from /usr/local/lib/python3.10/dist-packages/airflow/example_dags/tutorial.py
[2023-11-22T15:57:42.167+0500] {logging_mixin.py:154} INFO - [2023-11-22T15:57:42.167+0500] {dag.py:2941} INFO - Sync 1 DAGs
[2023-11-22T15:57:42.267+0500] {logging_mixin.py:154} INFO - [2023-11-22T15:57:42.267+0500] {dag.py:3722} INFO - Setting next_dagrun for tutorial to 2023-11-21T10:57:42.266076+00:00, run_after=2023-11-22T10:57:42.266076+00:00
[2023-11-22T15:57:42.348+0500] {processor.py:179} INFO - Processing /usr/local/lib/python3.10/dist-packages/airflow/example_dags/tutorial.py took 0.324 seconds
[2023-11-22T15:58:12.928+0500] {processor.py:157} INFO - Started process (PID=18695) to work on /usr/local/lib/python3.10/dist-packages/airflow/example_dags/tutorial.py
[2023-11-22T15:58:12.931+0500] {processor.py:829} INFO - Processing file /usr/local/lib/python3.10/dist-packages/airflow/example_dags/tutorial.py for tasks to queue
[2023-11-22T15:58:12.934+0500] {logging_mixin.py:154} INFO - [2023-11-22T15:58:12.933+0500] {dagbag.py:536} INFO - Filling up the DagBag from /usr/local/lib/python3.10/dist-packages/airflow/example_dags/tutorial.py
[2023-11-22T15:58:12.960+0500] {processor.py:839} INFO - DAG(s) dict_keys(['tutorial']) retrieved from /usr/local/lib/python3.10/dist-packages/airflow/example_dags/tutorial.py
[2023-11-22T15:58:13.061+0500] {logging_mixin.py:154} INFO - [2023-11-22T15:58:13.061+0500] {dag.py:2941} INFO - Sync 1 DAGs
[2023-11-22T15:58:13.157+0500] {logging_mixin.py:154} INFO - [2023-11-22T15:58:13.157+0500] {dag.py:3722} INFO - Setting next_dagrun for tutorial to 2023-11-21T10:58:13.156304+00:00, run_after=2023-11-22T10:58:13.156304+00:00
[2023-11-22T15:58:13.232+0500] {processor.py:179} INFO - Processing /usr/local/lib/python3.10/dist-packages/airflow/example_dags/tutorial.py took 0.316 seconds
[2023-11-22T15:58:43.587+0500] {processor.py:157} INFO - Started process (PID=18795) to work on /usr/local/lib/python3.10/dist-packages/airflow/example_dags/tutorial.py
[2023-11-22T15:58:43.590+0500] {processor.py:829} INFO - Processing file /usr/local/lib/python3.10/dist-packages/airflow/example_dags/tutorial.py for tasks to queue
[2023-11-22T15:58:43.593+0500] {logging_mixin.py:154} INFO - [2023-11-22T15:58:43.592+0500] {dagbag.py:536} INFO - Filling up the DagBag from /usr/local/lib/python3.10/dist-packages/airflow/example_dags/tutorial.py
[2023-11-22T15:58:43.623+0500] {processor.py:839} INFO - DAG(s) dict_keys(['tutorial']) retrieved from /usr/local/lib/python3.10/dist-packages/airflow/example_dags/tutorial.py
[2023-11-22T15:58:43.745+0500] {logging_mixin.py:154} INFO - [2023-11-22T15:58:43.744+0500] {dag.py:2941} INFO - Sync 1 DAGs
[2023-11-22T15:58:43.858+0500] {logging_mixin.py:154} INFO - [2023-11-22T15:58:43.857+0500] {dag.py:3722} INFO - Setting next_dagrun for tutorial to 2023-11-21T10:58:43.856804+00:00, run_after=2023-11-22T10:58:43.856804+00:00
[2023-11-22T15:58:43.936+0500] {processor.py:179} INFO - Processing /usr/local/lib/python3.10/dist-packages/airflow/example_dags/tutorial.py took 0.363 seconds
[2023-11-22T15:59:14.702+0500] {processor.py:157} INFO - Started process (PID=18891) to work on /usr/local/lib/python3.10/dist-packages/airflow/example_dags/tutorial.py
[2023-11-22T15:59:14.704+0500] {processor.py:829} INFO - Processing file /usr/local/lib/python3.10/dist-packages/airflow/example_dags/tutorial.py for tasks to queue
[2023-11-22T15:59:14.707+0500] {logging_mixin.py:154} INFO - [2023-11-22T15:59:14.706+0500] {dagbag.py:536} INFO - Filling up the DagBag from /usr/local/lib/python3.10/dist-packages/airflow/example_dags/tutorial.py
[2023-11-22T15:59:14.733+0500] {processor.py:839} INFO - DAG(s) dict_keys(['tutorial']) retrieved from /usr/local/lib/python3.10/dist-packages/airflow/example_dags/tutorial.py
[2023-11-22T15:59:14.833+0500] {logging_mixin.py:154} INFO - [2023-11-22T15:59:14.832+0500] {dag.py:2941} INFO - Sync 1 DAGs
[2023-11-22T15:59:14.935+0500] {logging_mixin.py:154} INFO - [2023-11-22T15:59:14.934+0500] {dag.py:3722} INFO - Setting next_dagrun for tutorial to 2023-11-21T10:59:14.933205+00:00, run_after=2023-11-22T10:59:14.933205+00:00
[2023-11-22T15:59:15.014+0500] {processor.py:179} INFO - Processing /usr/local/lib/python3.10/dist-packages/airflow/example_dags/tutorial.py took 0.325 seconds
[2023-11-22T15:59:45.416+0500] {processor.py:157} INFO - Started process (PID=18988) to work on /usr/local/lib/python3.10/dist-packages/airflow/example_dags/tutorial.py
[2023-11-22T15:59:45.418+0500] {processor.py:829} INFO - Processing file /usr/local/lib/python3.10/dist-packages/airflow/example_dags/tutorial.py for tasks to queue
[2023-11-22T15:59:45.421+0500] {logging_mixin.py:154} INFO - [2023-11-22T15:59:45.420+0500] {dagbag.py:536} INFO - Filling up the DagBag from /usr/local/lib/python3.10/dist-packages/airflow/example_dags/tutorial.py
[2023-11-22T15:59:45.451+0500] {processor.py:839} INFO - DAG(s) dict_keys(['tutorial']) retrieved from /usr/local/lib/python3.10/dist-packages/airflow/example_dags/tutorial.py
[2023-11-22T15:59:45.551+0500] {logging_mixin.py:154} INFO - [2023-11-22T15:59:45.550+0500] {dag.py:2941} INFO - Sync 1 DAGs
[2023-11-22T15:59:45.644+0500] {logging_mixin.py:154} INFO - [2023-11-22T15:59:45.643+0500] {dag.py:3722} INFO - Setting next_dagrun for tutorial to 2023-11-21T10:59:45.642610+00:00, run_after=2023-11-22T10:59:45.642610+00:00
[2023-11-22T15:59:45.721+0500] {processor.py:179} INFO - Processing /usr/local/lib/python3.10/dist-packages/airflow/example_dags/tutorial.py took 0.317 seconds
[2023-11-22T16:00:16.129+0500] {processor.py:157} INFO - Started process (PID=19091) to work on /usr/local/lib/python3.10/dist-packages/airflow/example_dags/tutorial.py
[2023-11-22T16:00:16.132+0500] {processor.py:829} INFO - Processing file /usr/local/lib/python3.10/dist-packages/airflow/example_dags/tutorial.py for tasks to queue
[2023-11-22T16:00:16.135+0500] {logging_mixin.py:154} INFO - [2023-11-22T16:00:16.134+0500] {dagbag.py:536} INFO - Filling up the DagBag from /usr/local/lib/python3.10/dist-packages/airflow/example_dags/tutorial.py
[2023-11-22T16:00:16.163+0500] {processor.py:839} INFO - DAG(s) dict_keys(['tutorial']) retrieved from /usr/local/lib/python3.10/dist-packages/airflow/example_dags/tutorial.py
[2023-11-22T16:00:16.259+0500] {logging_mixin.py:154} INFO - [2023-11-22T16:00:16.258+0500] {dag.py:2941} INFO - Sync 1 DAGs
[2023-11-22T16:00:16.351+0500] {logging_mixin.py:154} INFO - [2023-11-22T16:00:16.350+0500] {dag.py:3722} INFO - Setting next_dagrun for tutorial to 2023-11-21T11:00:16.349689+00:00, run_after=2023-11-22T11:00:16.349689+00:00
[2023-11-22T16:00:16.424+0500] {processor.py:179} INFO - Processing /usr/local/lib/python3.10/dist-packages/airflow/example_dags/tutorial.py took 0.307 seconds
[2023-11-22T16:00:47.433+0500] {processor.py:157} INFO - Started process (PID=19194) to work on /usr/local/lib/python3.10/dist-packages/airflow/example_dags/tutorial.py
[2023-11-22T16:00:47.436+0500] {processor.py:829} INFO - Processing file /usr/local/lib/python3.10/dist-packages/airflow/example_dags/tutorial.py for tasks to queue
[2023-11-22T16:00:47.439+0500] {logging_mixin.py:154} INFO - [2023-11-22T16:00:47.438+0500] {dagbag.py:536} INFO - Filling up the DagBag from /usr/local/lib/python3.10/dist-packages/airflow/example_dags/tutorial.py
[2023-11-22T16:00:47.468+0500] {processor.py:839} INFO - DAG(s) dict_keys(['tutorial']) retrieved from /usr/local/lib/python3.10/dist-packages/airflow/example_dags/tutorial.py
[2023-11-22T16:00:47.579+0500] {logging_mixin.py:154} INFO - [2023-11-22T16:00:47.578+0500] {dag.py:2941} INFO - Sync 1 DAGs
[2023-11-22T16:00:47.692+0500] {logging_mixin.py:154} INFO - [2023-11-22T16:00:47.691+0500] {dag.py:3722} INFO - Setting next_dagrun for tutorial to 2023-11-21T11:00:47.690930+00:00, run_after=2023-11-22T11:00:47.690930+00:00
[2023-11-22T16:00:47.774+0500] {processor.py:179} INFO - Processing /usr/local/lib/python3.10/dist-packages/airflow/example_dags/tutorial.py took 0.356 seconds
[2023-11-22T16:01:18.202+0500] {processor.py:157} INFO - Started process (PID=19294) to work on /usr/local/lib/python3.10/dist-packages/airflow/example_dags/tutorial.py
[2023-11-22T16:01:18.204+0500] {processor.py:829} INFO - Processing file /usr/local/lib/python3.10/dist-packages/airflow/example_dags/tutorial.py for tasks to queue
[2023-11-22T16:01:18.207+0500] {logging_mixin.py:154} INFO - [2023-11-22T16:01:18.206+0500] {dagbag.py:536} INFO - Filling up the DagBag from /usr/local/lib/python3.10/dist-packages/airflow/example_dags/tutorial.py
[2023-11-22T16:01:18.231+0500] {processor.py:839} INFO - DAG(s) dict_keys(['tutorial']) retrieved from /usr/local/lib/python3.10/dist-packages/airflow/example_dags/tutorial.py
[2023-11-22T16:01:18.325+0500] {logging_mixin.py:154} INFO - [2023-11-22T16:01:18.324+0500] {dag.py:2941} INFO - Sync 1 DAGs
[2023-11-22T16:01:18.419+0500] {logging_mixin.py:154} INFO - [2023-11-22T16:01:18.418+0500] {dag.py:3722} INFO - Setting next_dagrun for tutorial to 2023-11-21T11:01:18.417023+00:00, run_after=2023-11-22T11:01:18.417023+00:00
[2023-11-22T16:01:18.507+0500] {processor.py:179} INFO - Processing /usr/local/lib/python3.10/dist-packages/airflow/example_dags/tutorial.py took 0.317 seconds
[2023-11-22T16:01:48.876+0500] {processor.py:157} INFO - Started process (PID=19395) to work on /usr/local/lib/python3.10/dist-packages/airflow/example_dags/tutorial.py
[2023-11-22T16:01:48.879+0500] {processor.py:829} INFO - Processing file /usr/local/lib/python3.10/dist-packages/airflow/example_dags/tutorial.py for tasks to queue
[2023-11-22T16:01:48.883+0500] {logging_mixin.py:154} INFO - [2023-11-22T16:01:48.881+0500] {dagbag.py:536} INFO - Filling up the DagBag from /usr/local/lib/python3.10/dist-packages/airflow/example_dags/tutorial.py
[2023-11-22T16:01:48.908+0500] {processor.py:839} INFO - DAG(s) dict_keys(['tutorial']) retrieved from /usr/local/lib/python3.10/dist-packages/airflow/example_dags/tutorial.py
[2023-11-22T16:01:49.012+0500] {logging_mixin.py:154} INFO - [2023-11-22T16:01:49.011+0500] {dag.py:2941} INFO - Sync 1 DAGs
[2023-11-22T16:01:49.123+0500] {logging_mixin.py:154} INFO - [2023-11-22T16:01:49.122+0500] {dag.py:3722} INFO - Setting next_dagrun for tutorial to 2023-11-21T11:01:49.121612+00:00, run_after=2023-11-22T11:01:49.121612+00:00
[2023-11-22T16:01:49.200+0500] {processor.py:179} INFO - Processing /usr/local/lib/python3.10/dist-packages/airflow/example_dags/tutorial.py took 0.335 seconds
[2023-11-22T16:02:19.869+0500] {processor.py:157} INFO - Started process (PID=19517) to work on /usr/local/lib/python3.10/dist-packages/airflow/example_dags/tutorial.py
[2023-11-22T16:02:19.872+0500] {processor.py:829} INFO - Processing file /usr/local/lib/python3.10/dist-packages/airflow/example_dags/tutorial.py for tasks to queue
[2023-11-22T16:02:19.875+0500] {logging_mixin.py:154} INFO - [2023-11-22T16:02:19.874+0500] {dagbag.py:536} INFO - Filling up the DagBag from /usr/local/lib/python3.10/dist-packages/airflow/example_dags/tutorial.py
[2023-11-22T16:02:19.901+0500] {processor.py:839} INFO - DAG(s) dict_keys(['tutorial']) retrieved from /usr/local/lib/python3.10/dist-packages/airflow/example_dags/tutorial.py
[2023-11-22T16:02:20.004+0500] {logging_mixin.py:154} INFO - [2023-11-22T16:02:20.003+0500] {dag.py:2941} INFO - Sync 1 DAGs
[2023-11-22T16:02:20.102+0500] {logging_mixin.py:154} INFO - [2023-11-22T16:02:20.101+0500] {dag.py:3722} INFO - Setting next_dagrun for tutorial to 2023-11-21T11:02:20.100136+00:00, run_after=2023-11-22T11:02:20.100136+00:00
[2023-11-22T16:02:20.184+0500] {processor.py:179} INFO - Processing /usr/local/lib/python3.10/dist-packages/airflow/example_dags/tutorial.py took 0.326 seconds
[2023-11-22T16:02:51.087+0500] {processor.py:157} INFO - Started process (PID=19619) to work on /usr/local/lib/python3.10/dist-packages/airflow/example_dags/tutorial.py
[2023-11-22T16:02:51.090+0500] {processor.py:829} INFO - Processing file /usr/local/lib/python3.10/dist-packages/airflow/example_dags/tutorial.py for tasks to queue
[2023-11-22T16:02:51.093+0500] {logging_mixin.py:154} INFO - [2023-11-22T16:02:51.092+0500] {dagbag.py:536} INFO - Filling up the DagBag from /usr/local/lib/python3.10/dist-packages/airflow/example_dags/tutorial.py
[2023-11-22T16:02:51.117+0500] {processor.py:839} INFO - DAG(s) dict_keys(['tutorial']) retrieved from /usr/local/lib/python3.10/dist-packages/airflow/example_dags/tutorial.py
[2023-11-22T16:02:51.210+0500] {logging_mixin.py:154} INFO - [2023-11-22T16:02:51.209+0500] {dag.py:2941} INFO - Sync 1 DAGs
[2023-11-22T16:02:51.301+0500] {logging_mixin.py:154} INFO - [2023-11-22T16:02:51.300+0500] {dag.py:3722} INFO - Setting next_dagrun for tutorial to 2023-11-21T11:02:51.299619+00:00, run_after=2023-11-22T11:02:51.299619+00:00
[2023-11-22T16:02:51.379+0500] {processor.py:179} INFO - Processing /usr/local/lib/python3.10/dist-packages/airflow/example_dags/tutorial.py took 0.304 seconds
[2023-11-22T16:03:22.236+0500] {processor.py:157} INFO - Started process (PID=19719) to work on /usr/local/lib/python3.10/dist-packages/airflow/example_dags/tutorial.py
[2023-11-22T16:03:22.239+0500] {processor.py:829} INFO - Processing file /usr/local/lib/python3.10/dist-packages/airflow/example_dags/tutorial.py for tasks to queue
[2023-11-22T16:03:22.241+0500] {logging_mixin.py:154} INFO - [2023-11-22T16:03:22.240+0500] {dagbag.py:536} INFO - Filling up the DagBag from /usr/local/lib/python3.10/dist-packages/airflow/example_dags/tutorial.py
[2023-11-22T16:03:22.266+0500] {processor.py:839} INFO - DAG(s) dict_keys(['tutorial']) retrieved from /usr/local/lib/python3.10/dist-packages/airflow/example_dags/tutorial.py
[2023-11-22T16:03:22.360+0500] {logging_mixin.py:154} INFO - [2023-11-22T16:03:22.359+0500] {dag.py:2941} INFO - Sync 1 DAGs
[2023-11-22T16:03:22.455+0500] {logging_mixin.py:154} INFO - [2023-11-22T16:03:22.454+0500] {dag.py:3722} INFO - Setting next_dagrun for tutorial to 2023-11-21T11:03:22.453768+00:00, run_after=2023-11-22T11:03:22.453768+00:00
[2023-11-22T16:03:22.531+0500] {processor.py:179} INFO - Processing /usr/local/lib/python3.10/dist-packages/airflow/example_dags/tutorial.py took 0.306 seconds
[2023-11-22T16:03:52.897+0500] {processor.py:157} INFO - Started process (PID=19817) to work on /usr/local/lib/python3.10/dist-packages/airflow/example_dags/tutorial.py
[2023-11-22T16:03:52.900+0500] {processor.py:829} INFO - Processing file /usr/local/lib/python3.10/dist-packages/airflow/example_dags/tutorial.py for tasks to queue
[2023-11-22T16:03:52.903+0500] {logging_mixin.py:154} INFO - [2023-11-22T16:03:52.902+0500] {dagbag.py:536} INFO - Filling up the DagBag from /usr/local/lib/python3.10/dist-packages/airflow/example_dags/tutorial.py
[2023-11-22T16:03:52.927+0500] {processor.py:839} INFO - DAG(s) dict_keys(['tutorial']) retrieved from /usr/local/lib/python3.10/dist-packages/airflow/example_dags/tutorial.py
[2023-11-22T16:03:53.027+0500] {logging_mixin.py:154} INFO - [2023-11-22T16:03:53.026+0500] {dag.py:2941} INFO - Sync 1 DAGs
[2023-11-22T16:03:53.123+0500] {logging_mixin.py:154} INFO - [2023-11-22T16:03:53.122+0500] {dag.py:3722} INFO - Setting next_dagrun for tutorial to 2023-11-21T11:03:53.121525+00:00, run_after=2023-11-22T11:03:53.121525+00:00
[2023-11-22T16:03:53.200+0500] {processor.py:179} INFO - Processing /usr/local/lib/python3.10/dist-packages/airflow/example_dags/tutorial.py took 0.315 seconds
[2023-11-22T16:04:23.371+0500] {processor.py:157} INFO - Started process (PID=19969) to work on /usr/local/lib/python3.10/dist-packages/airflow/example_dags/tutorial.py
[2023-11-22T16:04:23.373+0500] {processor.py:829} INFO - Processing file /usr/local/lib/python3.10/dist-packages/airflow/example_dags/tutorial.py for tasks to queue
[2023-11-22T16:04:23.376+0500] {logging_mixin.py:154} INFO - [2023-11-22T16:04:23.375+0500] {dagbag.py:536} INFO - Filling up the DagBag from /usr/local/lib/python3.10/dist-packages/airflow/example_dags/tutorial.py
[2023-11-22T16:04:23.401+0500] {processor.py:839} INFO - DAG(s) dict_keys(['tutorial']) retrieved from /usr/local/lib/python3.10/dist-packages/airflow/example_dags/tutorial.py
[2023-11-22T16:04:23.502+0500] {logging_mixin.py:154} INFO - [2023-11-22T16:04:23.501+0500] {dag.py:2941} INFO - Sync 1 DAGs
[2023-11-22T16:04:23.596+0500] {logging_mixin.py:154} INFO - [2023-11-22T16:04:23.595+0500] {dag.py:3722} INFO - Setting next_dagrun for tutorial to 2023-11-21T11:04:23.594706+00:00, run_after=2023-11-22T11:04:23.594706+00:00
[2023-11-22T16:04:23.671+0500] {processor.py:179} INFO - Processing /usr/local/lib/python3.10/dist-packages/airflow/example_dags/tutorial.py took 0.312 seconds
[2023-11-22T16:04:53.790+0500] {processor.py:157} INFO - Started process (PID=20075) to work on /usr/local/lib/python3.10/dist-packages/airflow/example_dags/tutorial.py
[2023-11-22T16:04:53.792+0500] {processor.py:829} INFO - Processing file /usr/local/lib/python3.10/dist-packages/airflow/example_dags/tutorial.py for tasks to queue
[2023-11-22T16:04:53.795+0500] {logging_mixin.py:154} INFO - [2023-11-22T16:04:53.794+0500] {dagbag.py:536} INFO - Filling up the DagBag from /usr/local/lib/python3.10/dist-packages/airflow/example_dags/tutorial.py
[2023-11-22T16:04:53.819+0500] {processor.py:839} INFO - DAG(s) dict_keys(['tutorial']) retrieved from /usr/local/lib/python3.10/dist-packages/airflow/example_dags/tutorial.py
[2023-11-22T16:04:53.915+0500] {logging_mixin.py:154} INFO - [2023-11-22T16:04:53.914+0500] {dag.py:2941} INFO - Sync 1 DAGs
[2023-11-22T16:04:54.009+0500] {logging_mixin.py:154} INFO - [2023-11-22T16:04:54.008+0500] {dag.py:3722} INFO - Setting next_dagrun for tutorial to 2023-11-21T11:04:54.007822+00:00, run_after=2023-11-22T11:04:54.007822+00:00
[2023-11-22T16:04:54.082+0500] {processor.py:179} INFO - Processing /usr/local/lib/python3.10/dist-packages/airflow/example_dags/tutorial.py took 0.303 seconds
[2023-11-22T16:05:24.227+0500] {processor.py:157} INFO - Started process (PID=20179) to work on /usr/local/lib/python3.10/dist-packages/airflow/example_dags/tutorial.py
[2023-11-22T16:05:24.230+0500] {processor.py:829} INFO - Processing file /usr/local/lib/python3.10/dist-packages/airflow/example_dags/tutorial.py for tasks to queue
[2023-11-22T16:05:24.234+0500] {logging_mixin.py:154} INFO - [2023-11-22T16:05:24.232+0500] {dagbag.py:536} INFO - Filling up the DagBag from /usr/local/lib/python3.10/dist-packages/airflow/example_dags/tutorial.py
[2023-11-22T16:05:24.261+0500] {processor.py:839} INFO - DAG(s) dict_keys(['tutorial']) retrieved from /usr/local/lib/python3.10/dist-packages/airflow/example_dags/tutorial.py
[2023-11-22T16:05:24.362+0500] {logging_mixin.py:154} INFO - [2023-11-22T16:05:24.361+0500] {dag.py:2941} INFO - Sync 1 DAGs
[2023-11-22T16:05:24.460+0500] {logging_mixin.py:154} INFO - [2023-11-22T16:05:24.460+0500] {dag.py:3722} INFO - Setting next_dagrun for tutorial to 2023-11-21T11:05:24.459346+00:00, run_after=2023-11-22T11:05:24.459346+00:00
[2023-11-22T16:05:24.544+0500] {processor.py:179} INFO - Processing /usr/local/lib/python3.10/dist-packages/airflow/example_dags/tutorial.py took 0.336 seconds
[2023-11-22T16:05:54.644+0500] {processor.py:157} INFO - Started process (PID=20285) to work on /usr/local/lib/python3.10/dist-packages/airflow/example_dags/tutorial.py
[2023-11-22T16:05:54.647+0500] {processor.py:829} INFO - Processing file /usr/local/lib/python3.10/dist-packages/airflow/example_dags/tutorial.py for tasks to queue
[2023-11-22T16:05:54.650+0500] {logging_mixin.py:154} INFO - [2023-11-22T16:05:54.649+0500] {dagbag.py:536} INFO - Filling up the DagBag from /usr/local/lib/python3.10/dist-packages/airflow/example_dags/tutorial.py
[2023-11-22T16:05:54.674+0500] {processor.py:839} INFO - DAG(s) dict_keys(['tutorial']) retrieved from /usr/local/lib/python3.10/dist-packages/airflow/example_dags/tutorial.py
[2023-11-22T16:05:54.768+0500] {logging_mixin.py:154} INFO - [2023-11-22T16:05:54.767+0500] {dag.py:2941} INFO - Sync 1 DAGs
[2023-11-22T16:05:54.869+0500] {logging_mixin.py:154} INFO - [2023-11-22T16:05:54.868+0500] {dag.py:3722} INFO - Setting next_dagrun for tutorial to 2023-11-21T11:05:54.867800+00:00, run_after=2023-11-22T11:05:54.867800+00:00
[2023-11-22T16:05:54.941+0500] {processor.py:179} INFO - Processing /usr/local/lib/python3.10/dist-packages/airflow/example_dags/tutorial.py took 0.308 seconds
[2023-11-22T16:06:25.462+0500] {processor.py:157} INFO - Started process (PID=20753) to work on /usr/local/lib/python3.10/dist-packages/airflow/example_dags/tutorial.py
[2023-11-22T16:06:25.465+0500] {processor.py:829} INFO - Processing file /usr/local/lib/python3.10/dist-packages/airflow/example_dags/tutorial.py for tasks to queue
[2023-11-22T16:06:25.469+0500] {logging_mixin.py:154} INFO - [2023-11-22T16:06:25.468+0500] {dagbag.py:536} INFO - Filling up the DagBag from /usr/local/lib/python3.10/dist-packages/airflow/example_dags/tutorial.py
[2023-11-22T16:06:25.528+0500] {processor.py:839} INFO - DAG(s) dict_keys(['tutorial']) retrieved from /usr/local/lib/python3.10/dist-packages/airflow/example_dags/tutorial.py
[2023-11-22T16:06:25.819+0500] {logging_mixin.py:154} INFO - [2023-11-22T16:06:25.818+0500] {dag.py:2941} INFO - Sync 1 DAGs
[2023-11-22T16:06:26.029+0500] {logging_mixin.py:154} INFO - [2023-11-22T16:06:26.028+0500] {dag.py:3722} INFO - Setting next_dagrun for tutorial to 2023-11-21T11:06:26.027541+00:00, run_after=2023-11-22T11:06:26.027541+00:00
[2023-11-22T16:06:26.142+0500] {processor.py:179} INFO - Processing /usr/local/lib/python3.10/dist-packages/airflow/example_dags/tutorial.py took 0.730 seconds
