[2023-11-22T15:27:09.218+0500] {processor.py:157} INFO - Started process (PID=9911) to work on /usr/local/lib/python3.10/dist-packages/airflow/example_dags/tutorial_dag.py
[2023-11-22T15:27:09.220+0500] {processor.py:829} INFO - Processing file /usr/local/lib/python3.10/dist-packages/airflow/example_dags/tutorial_dag.py for tasks to queue
[2023-11-22T15:27:09.223+0500] {logging_mixin.py:154} INFO - [2023-11-22T15:27:09.221+0500] {dagbag.py:536} INFO - Filling up the DagBag from /usr/local/lib/python3.10/dist-packages/airflow/example_dags/tutorial_dag.py
[2023-11-22T15:27:09.249+0500] {processor.py:839} INFO - DAG(s) dict_keys(['tutorial_dag']) retrieved from /usr/local/lib/python3.10/dist-packages/airflow/example_dags/tutorial_dag.py
[2023-11-22T15:27:09.361+0500] {logging_mixin.py:154} INFO - [2023-11-22T15:27:09.360+0500] {dag.py:2941} INFO - Sync 1 DAGs
[2023-11-22T15:27:09.426+0500] {logging_mixin.py:154} INFO - [2023-11-22T15:27:09.425+0500] {dag.py:3722} INFO - Setting next_dagrun for tutorial_dag to None, run_after=None
[2023-11-22T15:27:09.496+0500] {processor.py:179} INFO - Processing /usr/local/lib/python3.10/dist-packages/airflow/example_dags/tutorial_dag.py took 0.289 seconds
[2023-11-22T15:27:39.686+0500] {processor.py:157} INFO - Started process (PID=10040) to work on /usr/local/lib/python3.10/dist-packages/airflow/example_dags/tutorial_dag.py
[2023-11-22T15:27:39.689+0500] {processor.py:829} INFO - Processing file /usr/local/lib/python3.10/dist-packages/airflow/example_dags/tutorial_dag.py for tasks to queue
[2023-11-22T15:27:39.691+0500] {logging_mixin.py:154} INFO - [2023-11-22T15:27:39.690+0500] {dagbag.py:536} INFO - Filling up the DagBag from /usr/local/lib/python3.10/dist-packages/airflow/example_dags/tutorial_dag.py
[2023-11-22T15:27:39.709+0500] {processor.py:839} INFO - DAG(s) dict_keys(['tutorial_dag']) retrieved from /usr/local/lib/python3.10/dist-packages/airflow/example_dags/tutorial_dag.py
[2023-11-22T15:27:39.805+0500] {logging_mixin.py:154} INFO - [2023-11-22T15:27:39.804+0500] {dag.py:2941} INFO - Sync 1 DAGs
[2023-11-22T15:27:39.855+0500] {logging_mixin.py:154} INFO - [2023-11-22T15:27:39.854+0500] {dag.py:3722} INFO - Setting next_dagrun for tutorial_dag to None, run_after=None
[2023-11-22T15:27:39.931+0500] {processor.py:179} INFO - Processing /usr/local/lib/python3.10/dist-packages/airflow/example_dags/tutorial_dag.py took 0.256 seconds
[2023-11-22T15:28:10.196+0500] {processor.py:157} INFO - Started process (PID=10153) to work on /usr/local/lib/python3.10/dist-packages/airflow/example_dags/tutorial_dag.py
[2023-11-22T15:28:10.198+0500] {processor.py:829} INFO - Processing file /usr/local/lib/python3.10/dist-packages/airflow/example_dags/tutorial_dag.py for tasks to queue
[2023-11-22T15:28:10.201+0500] {logging_mixin.py:154} INFO - [2023-11-22T15:28:10.200+0500] {dagbag.py:536} INFO - Filling up the DagBag from /usr/local/lib/python3.10/dist-packages/airflow/example_dags/tutorial_dag.py
[2023-11-22T15:28:10.218+0500] {processor.py:839} INFO - DAG(s) dict_keys(['tutorial_dag']) retrieved from /usr/local/lib/python3.10/dist-packages/airflow/example_dags/tutorial_dag.py
[2023-11-22T15:28:10.314+0500] {logging_mixin.py:154} INFO - [2023-11-22T15:28:10.313+0500] {dag.py:2941} INFO - Sync 1 DAGs
[2023-11-22T15:28:10.366+0500] {logging_mixin.py:154} INFO - [2023-11-22T15:28:10.365+0500] {dag.py:3722} INFO - Setting next_dagrun for tutorial_dag to None, run_after=None
[2023-11-22T15:28:10.468+0500] {processor.py:179} INFO - Processing /usr/local/lib/python3.10/dist-packages/airflow/example_dags/tutorial_dag.py took 0.284 seconds
[2023-11-22T15:28:41.433+0500] {processor.py:157} INFO - Started process (PID=10286) to work on /usr/local/lib/python3.10/dist-packages/airflow/example_dags/tutorial_dag.py
[2023-11-22T15:28:41.436+0500] {processor.py:829} INFO - Processing file /usr/local/lib/python3.10/dist-packages/airflow/example_dags/tutorial_dag.py for tasks to queue
[2023-11-22T15:28:41.439+0500] {logging_mixin.py:154} INFO - [2023-11-22T15:28:41.438+0500] {dagbag.py:536} INFO - Filling up the DagBag from /usr/local/lib/python3.10/dist-packages/airflow/example_dags/tutorial_dag.py
[2023-11-22T15:28:41.460+0500] {processor.py:839} INFO - DAG(s) dict_keys(['tutorial_dag']) retrieved from /usr/local/lib/python3.10/dist-packages/airflow/example_dags/tutorial_dag.py
[2023-11-22T15:28:41.576+0500] {logging_mixin.py:154} INFO - [2023-11-22T15:28:41.575+0500] {dag.py:2941} INFO - Sync 1 DAGs
[2023-11-22T15:28:41.635+0500] {logging_mixin.py:154} INFO - [2023-11-22T15:28:41.634+0500] {dag.py:3722} INFO - Setting next_dagrun for tutorial_dag to None, run_after=None
[2023-11-22T15:28:41.712+0500] {processor.py:179} INFO - Processing /usr/local/lib/python3.10/dist-packages/airflow/example_dags/tutorial_dag.py took 0.293 seconds
[2023-11-22T15:29:12.636+0500] {processor.py:157} INFO - Started process (PID=10401) to work on /usr/local/lib/python3.10/dist-packages/airflow/example_dags/tutorial_dag.py
[2023-11-22T15:29:12.639+0500] {processor.py:829} INFO - Processing file /usr/local/lib/python3.10/dist-packages/airflow/example_dags/tutorial_dag.py for tasks to queue
[2023-11-22T15:29:12.642+0500] {logging_mixin.py:154} INFO - [2023-11-22T15:29:12.641+0500] {dagbag.py:536} INFO - Filling up the DagBag from /usr/local/lib/python3.10/dist-packages/airflow/example_dags/tutorial_dag.py
[2023-11-22T15:29:12.663+0500] {processor.py:839} INFO - DAG(s) dict_keys(['tutorial_dag']) retrieved from /usr/local/lib/python3.10/dist-packages/airflow/example_dags/tutorial_dag.py
[2023-11-22T15:29:12.777+0500] {logging_mixin.py:154} INFO - [2023-11-22T15:29:12.776+0500] {dag.py:2941} INFO - Sync 1 DAGs
[2023-11-22T15:29:12.840+0500] {logging_mixin.py:154} INFO - [2023-11-22T15:29:12.839+0500] {dag.py:3722} INFO - Setting next_dagrun for tutorial_dag to None, run_after=None
[2023-11-22T15:29:12.958+0500] {processor.py:179} INFO - Processing /usr/local/lib/python3.10/dist-packages/airflow/example_dags/tutorial_dag.py took 0.338 seconds
[2023-11-22T15:29:43.664+0500] {processor.py:157} INFO - Started process (PID=10591) to work on /usr/local/lib/python3.10/dist-packages/airflow/example_dags/tutorial_dag.py
[2023-11-22T15:29:43.667+0500] {processor.py:829} INFO - Processing file /usr/local/lib/python3.10/dist-packages/airflow/example_dags/tutorial_dag.py for tasks to queue
[2023-11-22T15:29:43.670+0500] {logging_mixin.py:154} INFO - [2023-11-22T15:29:43.669+0500] {dagbag.py:536} INFO - Filling up the DagBag from /usr/local/lib/python3.10/dist-packages/airflow/example_dags/tutorial_dag.py
[2023-11-22T15:29:43.691+0500] {processor.py:839} INFO - DAG(s) dict_keys(['tutorial_dag']) retrieved from /usr/local/lib/python3.10/dist-packages/airflow/example_dags/tutorial_dag.py
[2023-11-22T15:29:43.828+0500] {logging_mixin.py:154} INFO - [2023-11-22T15:29:43.827+0500] {dag.py:2941} INFO - Sync 1 DAGs
[2023-11-22T15:29:43.887+0500] {logging_mixin.py:154} INFO - [2023-11-22T15:29:43.886+0500] {dag.py:3722} INFO - Setting next_dagrun for tutorial_dag to None, run_after=None
[2023-11-22T15:29:43.979+0500] {processor.py:179} INFO - Processing /usr/local/lib/python3.10/dist-packages/airflow/example_dags/tutorial_dag.py took 0.328 seconds
[2023-11-22T15:30:14.816+0500] {processor.py:157} INFO - Started process (PID=10938) to work on /usr/local/lib/python3.10/dist-packages/airflow/example_dags/tutorial_dag.py
[2023-11-22T15:30:14.818+0500] {processor.py:829} INFO - Processing file /usr/local/lib/python3.10/dist-packages/airflow/example_dags/tutorial_dag.py for tasks to queue
[2023-11-22T15:30:14.821+0500] {logging_mixin.py:154} INFO - [2023-11-22T15:30:14.820+0500] {dagbag.py:536} INFO - Filling up the DagBag from /usr/local/lib/python3.10/dist-packages/airflow/example_dags/tutorial_dag.py
[2023-11-22T15:30:14.840+0500] {processor.py:839} INFO - DAG(s) dict_keys(['tutorial_dag']) retrieved from /usr/local/lib/python3.10/dist-packages/airflow/example_dags/tutorial_dag.py
[2023-11-22T15:30:14.947+0500] {logging_mixin.py:154} INFO - [2023-11-22T15:30:14.946+0500] {dag.py:2941} INFO - Sync 1 DAGs
[2023-11-22T15:30:15.005+0500] {logging_mixin.py:154} INFO - [2023-11-22T15:30:15.004+0500] {dag.py:3722} INFO - Setting next_dagrun for tutorial_dag to None, run_after=None
[2023-11-22T15:30:15.089+0500] {processor.py:179} INFO - Processing /usr/local/lib/python3.10/dist-packages/airflow/example_dags/tutorial_dag.py took 0.287 seconds
[2023-11-22T15:30:46.198+0500] {processor.py:157} INFO - Started process (PID=11140) to work on /usr/local/lib/python3.10/dist-packages/airflow/example_dags/tutorial_dag.py
[2023-11-22T15:30:46.200+0500] {processor.py:829} INFO - Processing file /usr/local/lib/python3.10/dist-packages/airflow/example_dags/tutorial_dag.py for tasks to queue
[2023-11-22T15:30:46.205+0500] {logging_mixin.py:154} INFO - [2023-11-22T15:30:46.203+0500] {dagbag.py:536} INFO - Filling up the DagBag from /usr/local/lib/python3.10/dist-packages/airflow/example_dags/tutorial_dag.py
[2023-11-22T15:30:46.226+0500] {processor.py:839} INFO - DAG(s) dict_keys(['tutorial_dag']) retrieved from /usr/local/lib/python3.10/dist-packages/airflow/example_dags/tutorial_dag.py
[2023-11-22T15:30:46.336+0500] {logging_mixin.py:154} INFO - [2023-11-22T15:30:46.335+0500] {dag.py:2941} INFO - Sync 1 DAGs
[2023-11-22T15:30:46.398+0500] {logging_mixin.py:154} INFO - [2023-11-22T15:30:46.397+0500] {dag.py:3722} INFO - Setting next_dagrun for tutorial_dag to None, run_after=None
[2023-11-22T15:30:46.498+0500] {processor.py:179} INFO - Processing /usr/local/lib/python3.10/dist-packages/airflow/example_dags/tutorial_dag.py took 0.314 seconds
[2023-11-22T15:31:16.979+0500] {processor.py:157} INFO - Started process (PID=11293) to work on /usr/local/lib/python3.10/dist-packages/airflow/example_dags/tutorial_dag.py
[2023-11-22T15:31:16.981+0500] {processor.py:829} INFO - Processing file /usr/local/lib/python3.10/dist-packages/airflow/example_dags/tutorial_dag.py for tasks to queue
[2023-11-22T15:31:16.984+0500] {logging_mixin.py:154} INFO - [2023-11-22T15:31:16.983+0500] {dagbag.py:536} INFO - Filling up the DagBag from /usr/local/lib/python3.10/dist-packages/airflow/example_dags/tutorial_dag.py
[2023-11-22T15:31:17.003+0500] {processor.py:839} INFO - DAG(s) dict_keys(['tutorial_dag']) retrieved from /usr/local/lib/python3.10/dist-packages/airflow/example_dags/tutorial_dag.py
[2023-11-22T15:31:17.115+0500] {logging_mixin.py:154} INFO - [2023-11-22T15:31:17.114+0500] {dag.py:2941} INFO - Sync 1 DAGs
[2023-11-22T15:31:17.169+0500] {logging_mixin.py:154} INFO - [2023-11-22T15:31:17.168+0500] {dag.py:3722} INFO - Setting next_dagrun for tutorial_dag to None, run_after=None
[2023-11-22T15:31:17.250+0500] {processor.py:179} INFO - Processing /usr/local/lib/python3.10/dist-packages/airflow/example_dags/tutorial_dag.py took 0.282 seconds
[2023-11-22T15:31:48.270+0500] {processor.py:157} INFO - Started process (PID=11438) to work on /usr/local/lib/python3.10/dist-packages/airflow/example_dags/tutorial_dag.py
[2023-11-22T15:31:48.273+0500] {processor.py:829} INFO - Processing file /usr/local/lib/python3.10/dist-packages/airflow/example_dags/tutorial_dag.py for tasks to queue
[2023-11-22T15:31:48.277+0500] {logging_mixin.py:154} INFO - [2023-11-22T15:31:48.275+0500] {dagbag.py:536} INFO - Filling up the DagBag from /usr/local/lib/python3.10/dist-packages/airflow/example_dags/tutorial_dag.py
[2023-11-22T15:31:48.297+0500] {processor.py:839} INFO - DAG(s) dict_keys(['tutorial_dag']) retrieved from /usr/local/lib/python3.10/dist-packages/airflow/example_dags/tutorial_dag.py
[2023-11-22T15:31:48.407+0500] {logging_mixin.py:154} INFO - [2023-11-22T15:31:48.407+0500] {dag.py:2941} INFO - Sync 1 DAGs
[2023-11-22T15:31:48.473+0500] {logging_mixin.py:154} INFO - [2023-11-22T15:31:48.472+0500] {dag.py:3722} INFO - Setting next_dagrun for tutorial_dag to None, run_after=None
[2023-11-22T15:31:48.553+0500] {processor.py:179} INFO - Processing /usr/local/lib/python3.10/dist-packages/airflow/example_dags/tutorial_dag.py took 0.295 seconds
[2023-11-22T15:32:19.677+0500] {processor.py:157} INFO - Started process (PID=11621) to work on /usr/local/lib/python3.10/dist-packages/airflow/example_dags/tutorial_dag.py
[2023-11-22T15:32:19.681+0500] {processor.py:829} INFO - Processing file /usr/local/lib/python3.10/dist-packages/airflow/example_dags/tutorial_dag.py for tasks to queue
[2023-11-22T15:32:19.690+0500] {logging_mixin.py:154} INFO - [2023-11-22T15:32:19.683+0500] {dagbag.py:536} INFO - Filling up the DagBag from /usr/local/lib/python3.10/dist-packages/airflow/example_dags/tutorial_dag.py
[2023-11-22T15:32:19.711+0500] {processor.py:839} INFO - DAG(s) dict_keys(['tutorial_dag']) retrieved from /usr/local/lib/python3.10/dist-packages/airflow/example_dags/tutorial_dag.py
[2023-11-22T15:32:19.824+0500] {logging_mixin.py:154} INFO - [2023-11-22T15:32:19.821+0500] {dag.py:2941} INFO - Sync 1 DAGs
[2023-11-22T15:32:19.887+0500] {logging_mixin.py:154} INFO - [2023-11-22T15:32:19.886+0500] {dag.py:3722} INFO - Setting next_dagrun for tutorial_dag to None, run_after=None
[2023-11-22T15:32:19.992+0500] {processor.py:179} INFO - Processing /usr/local/lib/python3.10/dist-packages/airflow/example_dags/tutorial_dag.py took 0.329 seconds
[2023-11-22T15:32:50.718+0500] {processor.py:157} INFO - Started process (PID=11759) to work on /usr/local/lib/python3.10/dist-packages/airflow/example_dags/tutorial_dag.py
[2023-11-22T15:32:50.720+0500] {processor.py:829} INFO - Processing file /usr/local/lib/python3.10/dist-packages/airflow/example_dags/tutorial_dag.py for tasks to queue
[2023-11-22T15:32:50.724+0500] {logging_mixin.py:154} INFO - [2023-11-22T15:32:50.722+0500] {dagbag.py:536} INFO - Filling up the DagBag from /usr/local/lib/python3.10/dist-packages/airflow/example_dags/tutorial_dag.py
[2023-11-22T15:32:50.748+0500] {processor.py:839} INFO - DAG(s) dict_keys(['tutorial_dag']) retrieved from /usr/local/lib/python3.10/dist-packages/airflow/example_dags/tutorial_dag.py
[2023-11-22T15:32:50.863+0500] {logging_mixin.py:154} INFO - [2023-11-22T15:32:50.862+0500] {dag.py:2941} INFO - Sync 1 DAGs
[2023-11-22T15:32:50.933+0500] {logging_mixin.py:154} INFO - [2023-11-22T15:32:50.932+0500] {dag.py:3722} INFO - Setting next_dagrun for tutorial_dag to None, run_after=None
[2023-11-22T15:32:51.142+0500] {processor.py:179} INFO - Processing /usr/local/lib/python3.10/dist-packages/airflow/example_dags/tutorial_dag.py took 0.438 seconds
[2023-11-22T15:33:21.503+0500] {processor.py:157} INFO - Started process (PID=11924) to work on /usr/local/lib/python3.10/dist-packages/airflow/example_dags/tutorial_dag.py
[2023-11-22T15:33:21.505+0500] {processor.py:829} INFO - Processing file /usr/local/lib/python3.10/dist-packages/airflow/example_dags/tutorial_dag.py for tasks to queue
[2023-11-22T15:33:21.508+0500] {logging_mixin.py:154} INFO - [2023-11-22T15:33:21.507+0500] {dagbag.py:536} INFO - Filling up the DagBag from /usr/local/lib/python3.10/dist-packages/airflow/example_dags/tutorial_dag.py
[2023-11-22T15:33:21.527+0500] {processor.py:839} INFO - DAG(s) dict_keys(['tutorial_dag']) retrieved from /usr/local/lib/python3.10/dist-packages/airflow/example_dags/tutorial_dag.py
[2023-11-22T15:33:21.624+0500] {logging_mixin.py:154} INFO - [2023-11-22T15:33:21.623+0500] {dag.py:2941} INFO - Sync 1 DAGs
[2023-11-22T15:33:21.681+0500] {logging_mixin.py:154} INFO - [2023-11-22T15:33:21.680+0500] {dag.py:3722} INFO - Setting next_dagrun for tutorial_dag to None, run_after=None
[2023-11-22T15:33:21.763+0500] {processor.py:179} INFO - Processing /usr/local/lib/python3.10/dist-packages/airflow/example_dags/tutorial_dag.py took 0.278 seconds
[2023-11-22T15:33:52.316+0500] {processor.py:157} INFO - Started process (PID=12070) to work on /usr/local/lib/python3.10/dist-packages/airflow/example_dags/tutorial_dag.py
[2023-11-22T15:33:52.319+0500] {processor.py:829} INFO - Processing file /usr/local/lib/python3.10/dist-packages/airflow/example_dags/tutorial_dag.py for tasks to queue
[2023-11-22T15:33:52.322+0500] {logging_mixin.py:154} INFO - [2023-11-22T15:33:52.321+0500] {dagbag.py:536} INFO - Filling up the DagBag from /usr/local/lib/python3.10/dist-packages/airflow/example_dags/tutorial_dag.py
[2023-11-22T15:33:52.345+0500] {processor.py:839} INFO - DAG(s) dict_keys(['tutorial_dag']) retrieved from /usr/local/lib/python3.10/dist-packages/airflow/example_dags/tutorial_dag.py
[2023-11-22T15:33:52.456+0500] {logging_mixin.py:154} INFO - [2023-11-22T15:33:52.455+0500] {dag.py:2941} INFO - Sync 1 DAGs
[2023-11-22T15:33:52.513+0500] {logging_mixin.py:154} INFO - [2023-11-22T15:33:52.513+0500] {dag.py:3722} INFO - Setting next_dagrun for tutorial_dag to None, run_after=None
[2023-11-22T15:33:52.601+0500] {processor.py:179} INFO - Processing /usr/local/lib/python3.10/dist-packages/airflow/example_dags/tutorial_dag.py took 0.299 seconds
[2023-11-22T15:34:24.681+0500] {processor.py:157} INFO - Started process (PID=12210) to work on /usr/local/lib/python3.10/dist-packages/airflow/example_dags/tutorial_dag.py
[2023-11-22T15:34:24.684+0500] {processor.py:829} INFO - Processing file /usr/local/lib/python3.10/dist-packages/airflow/example_dags/tutorial_dag.py for tasks to queue
[2023-11-22T15:34:24.687+0500] {logging_mixin.py:154} INFO - [2023-11-22T15:34:24.686+0500] {dagbag.py:536} INFO - Filling up the DagBag from /usr/local/lib/python3.10/dist-packages/airflow/example_dags/tutorial_dag.py
[2023-11-22T15:34:24.727+0500] {processor.py:839} INFO - DAG(s) dict_keys(['tutorial_dag']) retrieved from /usr/local/lib/python3.10/dist-packages/airflow/example_dags/tutorial_dag.py
[2023-11-22T15:34:24.886+0500] {logging_mixin.py:154} INFO - [2023-11-22T15:34:24.885+0500] {dag.py:2941} INFO - Sync 1 DAGs
[2023-11-22T15:34:24.970+0500] {logging_mixin.py:154} INFO - [2023-11-22T15:34:24.970+0500] {dag.py:3722} INFO - Setting next_dagrun for tutorial_dag to None, run_after=None
[2023-11-22T15:34:25.082+0500] {processor.py:179} INFO - Processing /usr/local/lib/python3.10/dist-packages/airflow/example_dags/tutorial_dag.py took 0.428 seconds
[2023-11-22T15:34:57.457+0500] {processor.py:157} INFO - Started process (PID=12394) to work on /usr/local/lib/python3.10/dist-packages/airflow/example_dags/tutorial_dag.py
[2023-11-22T15:34:57.461+0500] {processor.py:829} INFO - Processing file /usr/local/lib/python3.10/dist-packages/airflow/example_dags/tutorial_dag.py for tasks to queue
[2023-11-22T15:34:57.464+0500] {logging_mixin.py:154} INFO - [2023-11-22T15:34:57.463+0500] {dagbag.py:536} INFO - Filling up the DagBag from /usr/local/lib/python3.10/dist-packages/airflow/example_dags/tutorial_dag.py
[2023-11-22T15:34:57.485+0500] {processor.py:839} INFO - DAG(s) dict_keys(['tutorial_dag']) retrieved from /usr/local/lib/python3.10/dist-packages/airflow/example_dags/tutorial_dag.py
[2023-11-22T15:34:57.588+0500] {logging_mixin.py:154} INFO - [2023-11-22T15:34:57.588+0500] {dag.py:2941} INFO - Sync 1 DAGs
[2023-11-22T15:34:57.647+0500] {logging_mixin.py:154} INFO - [2023-11-22T15:34:57.646+0500] {dag.py:3722} INFO - Setting next_dagrun for tutorial_dag to None, run_after=None
[2023-11-22T15:34:57.752+0500] {processor.py:179} INFO - Processing /usr/local/lib/python3.10/dist-packages/airflow/example_dags/tutorial_dag.py took 0.308 seconds
[2023-11-22T15:35:34.086+0500] {processor.py:157} INFO - Started process (PID=12975) to work on /usr/local/lib/python3.10/dist-packages/airflow/example_dags/tutorial_dag.py
[2023-11-22T15:35:34.100+0500] {processor.py:829} INFO - Processing file /usr/local/lib/python3.10/dist-packages/airflow/example_dags/tutorial_dag.py for tasks to queue
[2023-11-22T15:35:34.104+0500] {logging_mixin.py:154} INFO - [2023-11-22T15:35:34.103+0500] {dagbag.py:536} INFO - Filling up the DagBag from /usr/local/lib/python3.10/dist-packages/airflow/example_dags/tutorial_dag.py
[2023-11-22T15:35:34.175+0500] {processor.py:839} INFO - DAG(s) dict_keys(['tutorial_dag']) retrieved from /usr/local/lib/python3.10/dist-packages/airflow/example_dags/tutorial_dag.py
[2023-11-22T15:35:34.410+0500] {logging_mixin.py:154} INFO - [2023-11-22T15:35:34.397+0500] {dag.py:2941} INFO - Sync 1 DAGs
[2023-11-22T15:35:34.572+0500] {logging_mixin.py:154} INFO - [2023-11-22T15:35:34.571+0500] {dag.py:3722} INFO - Setting next_dagrun for tutorial_dag to None, run_after=None
[2023-11-22T15:35:34.731+0500] {processor.py:179} INFO - Processing /usr/local/lib/python3.10/dist-packages/airflow/example_dags/tutorial_dag.py took 0.694 seconds
[2023-11-22T15:40:04.597+0500] {processor.py:157} INFO - Started process (PID=13450) to work on /usr/local/lib/python3.10/dist-packages/airflow/example_dags/tutorial_dag.py
[2023-11-22T15:40:04.600+0500] {processor.py:829} INFO - Processing file /usr/local/lib/python3.10/dist-packages/airflow/example_dags/tutorial_dag.py for tasks to queue
[2023-11-22T15:40:04.603+0500] {logging_mixin.py:154} INFO - [2023-11-22T15:40:04.602+0500] {dagbag.py:536} INFO - Filling up the DagBag from /usr/local/lib/python3.10/dist-packages/airflow/example_dags/tutorial_dag.py
[2023-11-22T15:40:04.640+0500] {processor.py:839} INFO - DAG(s) dict_keys(['tutorial_dag']) retrieved from /usr/local/lib/python3.10/dist-packages/airflow/example_dags/tutorial_dag.py
[2023-11-22T15:40:04.777+0500] {logging_mixin.py:154} INFO - [2023-11-22T15:40:04.777+0500] {dag.py:2941} INFO - Sync 1 DAGs
[2023-11-22T15:40:04.874+0500] {logging_mixin.py:154} INFO - [2023-11-22T15:40:04.873+0500] {dag.py:3722} INFO - Setting next_dagrun for tutorial_dag to None, run_after=None
[2023-11-22T15:40:04.992+0500] {processor.py:179} INFO - Processing /usr/local/lib/python3.10/dist-packages/airflow/example_dags/tutorial_dag.py took 0.407 seconds
[2023-11-22T15:40:35.299+0500] {processor.py:157} INFO - Started process (PID=13588) to work on /usr/local/lib/python3.10/dist-packages/airflow/example_dags/tutorial_dag.py
[2023-11-22T15:40:35.303+0500] {processor.py:829} INFO - Processing file /usr/local/lib/python3.10/dist-packages/airflow/example_dags/tutorial_dag.py for tasks to queue
[2023-11-22T15:40:35.308+0500] {logging_mixin.py:154} INFO - [2023-11-22T15:40:35.307+0500] {dagbag.py:536} INFO - Filling up the DagBag from /usr/local/lib/python3.10/dist-packages/airflow/example_dags/tutorial_dag.py
[2023-11-22T15:40:35.336+0500] {processor.py:839} INFO - DAG(s) dict_keys(['tutorial_dag']) retrieved from /usr/local/lib/python3.10/dist-packages/airflow/example_dags/tutorial_dag.py
[2023-11-22T15:40:35.631+0500] {logging_mixin.py:154} INFO - [2023-11-22T15:40:35.631+0500] {dag.py:2941} INFO - Sync 1 DAGs
[2023-11-22T15:40:35.730+0500] {logging_mixin.py:154} INFO - [2023-11-22T15:40:35.729+0500] {dag.py:3722} INFO - Setting next_dagrun for tutorial_dag to None, run_after=None
[2023-11-22T15:40:35.827+0500] {processor.py:179} INFO - Processing /usr/local/lib/python3.10/dist-packages/airflow/example_dags/tutorial_dag.py took 0.540 seconds
[2023-11-22T15:41:06.115+0500] {processor.py:157} INFO - Started process (PID=13728) to work on /usr/local/lib/python3.10/dist-packages/airflow/example_dags/tutorial_dag.py
[2023-11-22T15:41:06.118+0500] {processor.py:829} INFO - Processing file /usr/local/lib/python3.10/dist-packages/airflow/example_dags/tutorial_dag.py for tasks to queue
[2023-11-22T15:41:06.121+0500] {logging_mixin.py:154} INFO - [2023-11-22T15:41:06.120+0500] {dagbag.py:536} INFO - Filling up the DagBag from /usr/local/lib/python3.10/dist-packages/airflow/example_dags/tutorial_dag.py
[2023-11-22T15:41:06.140+0500] {processor.py:839} INFO - DAG(s) dict_keys(['tutorial_dag']) retrieved from /usr/local/lib/python3.10/dist-packages/airflow/example_dags/tutorial_dag.py
[2023-11-22T15:41:06.280+0500] {logging_mixin.py:154} INFO - [2023-11-22T15:41:06.279+0500] {dag.py:2941} INFO - Sync 1 DAGs
[2023-11-22T15:41:06.358+0500] {logging_mixin.py:154} INFO - [2023-11-22T15:41:06.357+0500] {dag.py:3722} INFO - Setting next_dagrun for tutorial_dag to None, run_after=None
[2023-11-22T15:41:06.444+0500] {processor.py:179} INFO - Processing /usr/local/lib/python3.10/dist-packages/airflow/example_dags/tutorial_dag.py took 0.341 seconds
[2023-11-22T15:41:36.642+0500] {processor.py:157} INFO - Started process (PID=13874) to work on /usr/local/lib/python3.10/dist-packages/airflow/example_dags/tutorial_dag.py
[2023-11-22T15:41:36.645+0500] {processor.py:829} INFO - Processing file /usr/local/lib/python3.10/dist-packages/airflow/example_dags/tutorial_dag.py for tasks to queue
[2023-11-22T15:41:36.647+0500] {logging_mixin.py:154} INFO - [2023-11-22T15:41:36.646+0500] {dagbag.py:536} INFO - Filling up the DagBag from /usr/local/lib/python3.10/dist-packages/airflow/example_dags/tutorial_dag.py
[2023-11-22T15:41:36.666+0500] {processor.py:839} INFO - DAG(s) dict_keys(['tutorial_dag']) retrieved from /usr/local/lib/python3.10/dist-packages/airflow/example_dags/tutorial_dag.py
[2023-11-22T15:41:36.773+0500] {logging_mixin.py:154} INFO - [2023-11-22T15:41:36.773+0500] {dag.py:2941} INFO - Sync 1 DAGs
[2023-11-22T15:41:36.854+0500] {logging_mixin.py:154} INFO - [2023-11-22T15:41:36.854+0500] {dag.py:3722} INFO - Setting next_dagrun for tutorial_dag to None, run_after=None
[2023-11-22T15:41:36.946+0500] {processor.py:179} INFO - Processing /usr/local/lib/python3.10/dist-packages/airflow/example_dags/tutorial_dag.py took 0.316 seconds
[2023-11-22T15:42:07.277+0500] {processor.py:157} INFO - Started process (PID=14044) to work on /usr/local/lib/python3.10/dist-packages/airflow/example_dags/tutorial_dag.py
[2023-11-22T15:42:07.279+0500] {processor.py:829} INFO - Processing file /usr/local/lib/python3.10/dist-packages/airflow/example_dags/tutorial_dag.py for tasks to queue
[2023-11-22T15:42:07.282+0500] {logging_mixin.py:154} INFO - [2023-11-22T15:42:07.281+0500] {dagbag.py:536} INFO - Filling up the DagBag from /usr/local/lib/python3.10/dist-packages/airflow/example_dags/tutorial_dag.py
[2023-11-22T15:42:07.313+0500] {processor.py:839} INFO - DAG(s) dict_keys(['tutorial_dag']) retrieved from /usr/local/lib/python3.10/dist-packages/airflow/example_dags/tutorial_dag.py
[2023-11-22T15:42:07.440+0500] {logging_mixin.py:154} INFO - [2023-11-22T15:42:07.439+0500] {dag.py:2941} INFO - Sync 1 DAGs
[2023-11-22T15:42:07.500+0500] {logging_mixin.py:154} INFO - [2023-11-22T15:42:07.499+0500] {dag.py:3722} INFO - Setting next_dagrun for tutorial_dag to None, run_after=None
[2023-11-22T15:42:07.583+0500] {processor.py:179} INFO - Processing /usr/local/lib/python3.10/dist-packages/airflow/example_dags/tutorial_dag.py took 0.318 seconds
[2023-11-22T15:42:38.120+0500] {processor.py:157} INFO - Started process (PID=14203) to work on /usr/local/lib/python3.10/dist-packages/airflow/example_dags/tutorial_dag.py
[2023-11-22T15:42:38.123+0500] {processor.py:829} INFO - Processing file /usr/local/lib/python3.10/dist-packages/airflow/example_dags/tutorial_dag.py for tasks to queue
[2023-11-22T15:42:38.126+0500] {logging_mixin.py:154} INFO - [2023-11-22T15:42:38.125+0500] {dagbag.py:536} INFO - Filling up the DagBag from /usr/local/lib/python3.10/dist-packages/airflow/example_dags/tutorial_dag.py
[2023-11-22T15:42:38.146+0500] {processor.py:839} INFO - DAG(s) dict_keys(['tutorial_dag']) retrieved from /usr/local/lib/python3.10/dist-packages/airflow/example_dags/tutorial_dag.py
[2023-11-22T15:42:38.252+0500] {logging_mixin.py:154} INFO - [2023-11-22T15:42:38.251+0500] {dag.py:2941} INFO - Sync 1 DAGs
[2023-11-22T15:42:38.312+0500] {logging_mixin.py:154} INFO - [2023-11-22T15:42:38.311+0500] {dag.py:3722} INFO - Setting next_dagrun for tutorial_dag to None, run_after=None
[2023-11-22T15:42:38.387+0500] {processor.py:179} INFO - Processing /usr/local/lib/python3.10/dist-packages/airflow/example_dags/tutorial_dag.py took 0.278 seconds
[2023-11-22T15:43:08.588+0500] {processor.py:157} INFO - Started process (PID=14326) to work on /usr/local/lib/python3.10/dist-packages/airflow/example_dags/tutorial_dag.py
[2023-11-22T15:43:08.591+0500] {processor.py:829} INFO - Processing file /usr/local/lib/python3.10/dist-packages/airflow/example_dags/tutorial_dag.py for tasks to queue
[2023-11-22T15:43:08.595+0500] {logging_mixin.py:154} INFO - [2023-11-22T15:43:08.593+0500] {dagbag.py:536} INFO - Filling up the DagBag from /usr/local/lib/python3.10/dist-packages/airflow/example_dags/tutorial_dag.py
[2023-11-22T15:43:08.617+0500] {processor.py:839} INFO - DAG(s) dict_keys(['tutorial_dag']) retrieved from /usr/local/lib/python3.10/dist-packages/airflow/example_dags/tutorial_dag.py
[2023-11-22T15:43:08.727+0500] {logging_mixin.py:154} INFO - [2023-11-22T15:43:08.727+0500] {dag.py:2941} INFO - Sync 1 DAGs
[2023-11-22T15:43:08.788+0500] {logging_mixin.py:154} INFO - [2023-11-22T15:43:08.787+0500] {dag.py:3722} INFO - Setting next_dagrun for tutorial_dag to None, run_after=None
[2023-11-22T15:43:08.868+0500] {processor.py:179} INFO - Processing /usr/local/lib/python3.10/dist-packages/airflow/example_dags/tutorial_dag.py took 0.295 seconds
[2023-11-22T15:43:39.446+0500] {processor.py:157} INFO - Started process (PID=14463) to work on /usr/local/lib/python3.10/dist-packages/airflow/example_dags/tutorial_dag.py
[2023-11-22T15:43:39.449+0500] {processor.py:829} INFO - Processing file /usr/local/lib/python3.10/dist-packages/airflow/example_dags/tutorial_dag.py for tasks to queue
[2023-11-22T15:43:39.451+0500] {logging_mixin.py:154} INFO - [2023-11-22T15:43:39.450+0500] {dagbag.py:536} INFO - Filling up the DagBag from /usr/local/lib/python3.10/dist-packages/airflow/example_dags/tutorial_dag.py
[2023-11-22T15:43:39.470+0500] {processor.py:839} INFO - DAG(s) dict_keys(['tutorial_dag']) retrieved from /usr/local/lib/python3.10/dist-packages/airflow/example_dags/tutorial_dag.py
[2023-11-22T15:43:39.566+0500] {logging_mixin.py:154} INFO - [2023-11-22T15:43:39.565+0500] {dag.py:2941} INFO - Sync 1 DAGs
[2023-11-22T15:43:39.628+0500] {logging_mixin.py:154} INFO - [2023-11-22T15:43:39.627+0500] {dag.py:3722} INFO - Setting next_dagrun for tutorial_dag to None, run_after=None
[2023-11-22T15:43:39.710+0500] {processor.py:179} INFO - Processing /usr/local/lib/python3.10/dist-packages/airflow/example_dags/tutorial_dag.py took 0.278 seconds
[2023-11-22T15:44:09.916+0500] {processor.py:157} INFO - Started process (PID=14605) to work on /usr/local/lib/python3.10/dist-packages/airflow/example_dags/tutorial_dag.py
[2023-11-22T15:44:09.919+0500] {processor.py:829} INFO - Processing file /usr/local/lib/python3.10/dist-packages/airflow/example_dags/tutorial_dag.py for tasks to queue
[2023-11-22T15:44:09.922+0500] {logging_mixin.py:154} INFO - [2023-11-22T15:44:09.921+0500] {dagbag.py:536} INFO - Filling up the DagBag from /usr/local/lib/python3.10/dist-packages/airflow/example_dags/tutorial_dag.py
[2023-11-22T15:44:09.940+0500] {processor.py:839} INFO - DAG(s) dict_keys(['tutorial_dag']) retrieved from /usr/local/lib/python3.10/dist-packages/airflow/example_dags/tutorial_dag.py
[2023-11-22T15:44:10.038+0500] {logging_mixin.py:154} INFO - [2023-11-22T15:44:10.038+0500] {dag.py:2941} INFO - Sync 1 DAGs
[2023-11-22T15:44:10.094+0500] {logging_mixin.py:154} INFO - [2023-11-22T15:44:10.093+0500] {dag.py:3722} INFO - Setting next_dagrun for tutorial_dag to None, run_after=None
[2023-11-22T15:44:10.171+0500] {processor.py:179} INFO - Processing /usr/local/lib/python3.10/dist-packages/airflow/example_dags/tutorial_dag.py took 0.269 seconds
[2023-11-22T15:44:41.124+0500] {processor.py:157} INFO - Started process (PID=14760) to work on /usr/local/lib/python3.10/dist-packages/airflow/example_dags/tutorial_dag.py
[2023-11-22T15:44:41.127+0500] {processor.py:829} INFO - Processing file /usr/local/lib/python3.10/dist-packages/airflow/example_dags/tutorial_dag.py for tasks to queue
[2023-11-22T15:44:41.129+0500] {logging_mixin.py:154} INFO - [2023-11-22T15:44:41.128+0500] {dagbag.py:536} INFO - Filling up the DagBag from /usr/local/lib/python3.10/dist-packages/airflow/example_dags/tutorial_dag.py
[2023-11-22T15:44:41.149+0500] {processor.py:839} INFO - DAG(s) dict_keys(['tutorial_dag']) retrieved from /usr/local/lib/python3.10/dist-packages/airflow/example_dags/tutorial_dag.py
[2023-11-22T15:44:41.253+0500] {logging_mixin.py:154} INFO - [2023-11-22T15:44:41.252+0500] {dag.py:2941} INFO - Sync 1 DAGs
[2023-11-22T15:44:41.315+0500] {logging_mixin.py:154} INFO - [2023-11-22T15:44:41.314+0500] {dag.py:3722} INFO - Setting next_dagrun for tutorial_dag to None, run_after=None
[2023-11-22T15:44:41.396+0500] {processor.py:179} INFO - Processing /usr/local/lib/python3.10/dist-packages/airflow/example_dags/tutorial_dag.py took 0.284 seconds
[2023-11-22T15:45:11.525+0500] {processor.py:157} INFO - Started process (PID=14920) to work on /usr/local/lib/python3.10/dist-packages/airflow/example_dags/tutorial_dag.py
[2023-11-22T15:45:11.528+0500] {processor.py:829} INFO - Processing file /usr/local/lib/python3.10/dist-packages/airflow/example_dags/tutorial_dag.py for tasks to queue
[2023-11-22T15:45:11.532+0500] {logging_mixin.py:154} INFO - [2023-11-22T15:45:11.531+0500] {dagbag.py:536} INFO - Filling up the DagBag from /usr/local/lib/python3.10/dist-packages/airflow/example_dags/tutorial_dag.py
[2023-11-22T15:45:11.562+0500] {processor.py:839} INFO - DAG(s) dict_keys(['tutorial_dag']) retrieved from /usr/local/lib/python3.10/dist-packages/airflow/example_dags/tutorial_dag.py
[2023-11-22T15:45:11.663+0500] {logging_mixin.py:154} INFO - [2023-11-22T15:45:11.663+0500] {dag.py:2941} INFO - Sync 1 DAGs
[2023-11-22T15:45:11.722+0500] {logging_mixin.py:154} INFO - [2023-11-22T15:45:11.721+0500] {dag.py:3722} INFO - Setting next_dagrun for tutorial_dag to None, run_after=None
[2023-11-22T15:45:11.803+0500] {processor.py:179} INFO - Processing /usr/local/lib/python3.10/dist-packages/airflow/example_dags/tutorial_dag.py took 0.289 seconds
[2023-11-22T15:45:41.961+0500] {processor.py:157} INFO - Started process (PID=15065) to work on /usr/local/lib/python3.10/dist-packages/airflow/example_dags/tutorial_dag.py
[2023-11-22T15:45:41.966+0500] {processor.py:829} INFO - Processing file /usr/local/lib/python3.10/dist-packages/airflow/example_dags/tutorial_dag.py for tasks to queue
[2023-11-22T15:45:41.969+0500] {logging_mixin.py:154} INFO - [2023-11-22T15:45:41.968+0500] {dagbag.py:536} INFO - Filling up the DagBag from /usr/local/lib/python3.10/dist-packages/airflow/example_dags/tutorial_dag.py
[2023-11-22T15:45:41.993+0500] {processor.py:839} INFO - DAG(s) dict_keys(['tutorial_dag']) retrieved from /usr/local/lib/python3.10/dist-packages/airflow/example_dags/tutorial_dag.py
[2023-11-22T15:45:42.102+0500] {logging_mixin.py:154} INFO - [2023-11-22T15:45:42.101+0500] {dag.py:2941} INFO - Sync 1 DAGs
[2023-11-22T15:45:42.161+0500] {logging_mixin.py:154} INFO - [2023-11-22T15:45:42.161+0500] {dag.py:3722} INFO - Setting next_dagrun for tutorial_dag to None, run_after=None
[2023-11-22T15:45:42.238+0500] {processor.py:179} INFO - Processing /usr/local/lib/python3.10/dist-packages/airflow/example_dags/tutorial_dag.py took 0.290 seconds
[2023-11-22T15:46:12.441+0500] {processor.py:157} INFO - Started process (PID=15185) to work on /usr/local/lib/python3.10/dist-packages/airflow/example_dags/tutorial_dag.py
[2023-11-22T15:46:12.445+0500] {processor.py:829} INFO - Processing file /usr/local/lib/python3.10/dist-packages/airflow/example_dags/tutorial_dag.py for tasks to queue
[2023-11-22T15:46:12.448+0500] {logging_mixin.py:154} INFO - [2023-11-22T15:46:12.447+0500] {dagbag.py:536} INFO - Filling up the DagBag from /usr/local/lib/python3.10/dist-packages/airflow/example_dags/tutorial_dag.py
[2023-11-22T15:46:12.471+0500] {processor.py:839} INFO - DAG(s) dict_keys(['tutorial_dag']) retrieved from /usr/local/lib/python3.10/dist-packages/airflow/example_dags/tutorial_dag.py
[2023-11-22T15:46:12.588+0500] {logging_mixin.py:154} INFO - [2023-11-22T15:46:12.587+0500] {dag.py:2941} INFO - Sync 1 DAGs
[2023-11-22T15:46:12.655+0500] {logging_mixin.py:154} INFO - [2023-11-22T15:46:12.654+0500] {dag.py:3722} INFO - Setting next_dagrun for tutorial_dag to None, run_after=None
[2023-11-22T15:46:12.749+0500] {processor.py:179} INFO - Processing /usr/local/lib/python3.10/dist-packages/airflow/example_dags/tutorial_dag.py took 0.320 seconds
[2023-11-22T15:46:44.155+0500] {processor.py:157} INFO - Started process (PID=15331) to work on /usr/local/lib/python3.10/dist-packages/airflow/example_dags/tutorial_dag.py
[2023-11-22T15:46:44.162+0500] {processor.py:829} INFO - Processing file /usr/local/lib/python3.10/dist-packages/airflow/example_dags/tutorial_dag.py for tasks to queue
[2023-11-22T15:46:44.169+0500] {logging_mixin.py:154} INFO - [2023-11-22T15:46:44.167+0500] {dagbag.py:536} INFO - Filling up the DagBag from /usr/local/lib/python3.10/dist-packages/airflow/example_dags/tutorial_dag.py
[2023-11-22T15:46:44.206+0500] {processor.py:839} INFO - DAG(s) dict_keys(['tutorial_dag']) retrieved from /usr/local/lib/python3.10/dist-packages/airflow/example_dags/tutorial_dag.py
[2023-11-22T15:46:44.309+0500] {logging_mixin.py:154} INFO - [2023-11-22T15:46:44.308+0500] {dag.py:2941} INFO - Sync 1 DAGs
[2023-11-22T15:46:44.396+0500] {logging_mixin.py:154} INFO - [2023-11-22T15:46:44.395+0500] {dag.py:3722} INFO - Setting next_dagrun for tutorial_dag to None, run_after=None
[2023-11-22T15:46:44.483+0500] {processor.py:179} INFO - Processing /usr/local/lib/python3.10/dist-packages/airflow/example_dags/tutorial_dag.py took 0.341 seconds
[2023-11-22T15:47:15.631+0500] {processor.py:157} INFO - Started process (PID=15511) to work on /usr/local/lib/python3.10/dist-packages/airflow/example_dags/tutorial_dag.py
[2023-11-22T15:47:15.634+0500] {processor.py:829} INFO - Processing file /usr/local/lib/python3.10/dist-packages/airflow/example_dags/tutorial_dag.py for tasks to queue
[2023-11-22T15:47:15.642+0500] {logging_mixin.py:154} INFO - [2023-11-22T15:47:15.641+0500] {dagbag.py:536} INFO - Filling up the DagBag from /usr/local/lib/python3.10/dist-packages/airflow/example_dags/tutorial_dag.py
[2023-11-22T15:47:15.662+0500] {processor.py:839} INFO - DAG(s) dict_keys(['tutorial_dag']) retrieved from /usr/local/lib/python3.10/dist-packages/airflow/example_dags/tutorial_dag.py
[2023-11-22T15:47:15.770+0500] {logging_mixin.py:154} INFO - [2023-11-22T15:47:15.769+0500] {dag.py:2941} INFO - Sync 1 DAGs
[2023-11-22T15:47:15.847+0500] {logging_mixin.py:154} INFO - [2023-11-22T15:47:15.846+0500] {dag.py:3722} INFO - Setting next_dagrun for tutorial_dag to None, run_after=None
[2023-11-22T15:47:15.917+0500] {processor.py:179} INFO - Processing /usr/local/lib/python3.10/dist-packages/airflow/example_dags/tutorial_dag.py took 0.299 seconds
[2023-11-22T15:47:46.187+0500] {processor.py:157} INFO - Started process (PID=15650) to work on /usr/local/lib/python3.10/dist-packages/airflow/example_dags/tutorial_dag.py
[2023-11-22T15:47:46.190+0500] {processor.py:829} INFO - Processing file /usr/local/lib/python3.10/dist-packages/airflow/example_dags/tutorial_dag.py for tasks to queue
[2023-11-22T15:47:46.193+0500] {logging_mixin.py:154} INFO - [2023-11-22T15:47:46.192+0500] {dagbag.py:536} INFO - Filling up the DagBag from /usr/local/lib/python3.10/dist-packages/airflow/example_dags/tutorial_dag.py
[2023-11-22T15:47:46.213+0500] {processor.py:839} INFO - DAG(s) dict_keys(['tutorial_dag']) retrieved from /usr/local/lib/python3.10/dist-packages/airflow/example_dags/tutorial_dag.py
[2023-11-22T15:47:46.309+0500] {logging_mixin.py:154} INFO - [2023-11-22T15:47:46.309+0500] {dag.py:2941} INFO - Sync 1 DAGs
[2023-11-22T15:47:46.363+0500] {logging_mixin.py:154} INFO - [2023-11-22T15:47:46.362+0500] {dag.py:3722} INFO - Setting next_dagrun for tutorial_dag to None, run_after=None
[2023-11-22T15:47:46.446+0500] {processor.py:179} INFO - Processing /usr/local/lib/python3.10/dist-packages/airflow/example_dags/tutorial_dag.py took 0.272 seconds
[2023-11-22T15:48:18.792+0500] {processor.py:157} INFO - Started process (PID=15799) to work on /usr/local/lib/python3.10/dist-packages/airflow/example_dags/tutorial_dag.py
[2023-11-22T15:48:18.794+0500] {processor.py:829} INFO - Processing file /usr/local/lib/python3.10/dist-packages/airflow/example_dags/tutorial_dag.py for tasks to queue
[2023-11-22T15:48:18.797+0500] {logging_mixin.py:154} INFO - [2023-11-22T15:48:18.796+0500] {dagbag.py:536} INFO - Filling up the DagBag from /usr/local/lib/python3.10/dist-packages/airflow/example_dags/tutorial_dag.py
[2023-11-22T15:48:18.817+0500] {processor.py:839} INFO - DAG(s) dict_keys(['tutorial_dag']) retrieved from /usr/local/lib/python3.10/dist-packages/airflow/example_dags/tutorial_dag.py
[2023-11-22T15:48:18.920+0500] {logging_mixin.py:154} INFO - [2023-11-22T15:48:18.919+0500] {dag.py:2941} INFO - Sync 1 DAGs
[2023-11-22T15:48:18.978+0500] {logging_mixin.py:154} INFO - [2023-11-22T15:48:18.977+0500] {dag.py:3722} INFO - Setting next_dagrun for tutorial_dag to None, run_after=None
[2023-11-22T15:48:19.066+0500] {processor.py:179} INFO - Processing /usr/local/lib/python3.10/dist-packages/airflow/example_dags/tutorial_dag.py took 0.286 seconds
[2023-11-22T15:48:51.421+0500] {processor.py:157} INFO - Started process (PID=15940) to work on /usr/local/lib/python3.10/dist-packages/airflow/example_dags/tutorial_dag.py
[2023-11-22T15:48:51.424+0500] {processor.py:829} INFO - Processing file /usr/local/lib/python3.10/dist-packages/airflow/example_dags/tutorial_dag.py for tasks to queue
[2023-11-22T15:48:51.427+0500] {logging_mixin.py:154} INFO - [2023-11-22T15:48:51.426+0500] {dagbag.py:536} INFO - Filling up the DagBag from /usr/local/lib/python3.10/dist-packages/airflow/example_dags/tutorial_dag.py
[2023-11-22T15:48:51.447+0500] {processor.py:839} INFO - DAG(s) dict_keys(['tutorial_dag']) retrieved from /usr/local/lib/python3.10/dist-packages/airflow/example_dags/tutorial_dag.py
[2023-11-22T15:48:51.596+0500] {logging_mixin.py:154} INFO - [2023-11-22T15:48:51.595+0500] {dag.py:2941} INFO - Sync 1 DAGs
[2023-11-22T15:48:51.663+0500] {logging_mixin.py:154} INFO - [2023-11-22T15:48:51.663+0500] {dag.py:3722} INFO - Setting next_dagrun for tutorial_dag to None, run_after=None
[2023-11-22T15:48:51.751+0500] {processor.py:179} INFO - Processing /usr/local/lib/python3.10/dist-packages/airflow/example_dags/tutorial_dag.py took 0.343 seconds
[2023-11-22T15:49:22.702+0500] {processor.py:157} INFO - Started process (PID=16065) to work on /usr/local/lib/python3.10/dist-packages/airflow/example_dags/tutorial_dag.py
[2023-11-22T15:49:22.705+0500] {processor.py:829} INFO - Processing file /usr/local/lib/python3.10/dist-packages/airflow/example_dags/tutorial_dag.py for tasks to queue
[2023-11-22T15:49:22.708+0500] {logging_mixin.py:154} INFO - [2023-11-22T15:49:22.707+0500] {dagbag.py:536} INFO - Filling up the DagBag from /usr/local/lib/python3.10/dist-packages/airflow/example_dags/tutorial_dag.py
[2023-11-22T15:49:22.728+0500] {processor.py:839} INFO - DAG(s) dict_keys(['tutorial_dag']) retrieved from /usr/local/lib/python3.10/dist-packages/airflow/example_dags/tutorial_dag.py
[2023-11-22T15:49:22.837+0500] {logging_mixin.py:154} INFO - [2023-11-22T15:49:22.837+0500] {dag.py:2941} INFO - Sync 1 DAGs
[2023-11-22T15:49:22.896+0500] {logging_mixin.py:154} INFO - [2023-11-22T15:49:22.895+0500] {dag.py:3722} INFO - Setting next_dagrun for tutorial_dag to None, run_after=None
[2023-11-22T15:49:22.975+0500] {processor.py:179} INFO - Processing /usr/local/lib/python3.10/dist-packages/airflow/example_dags/tutorial_dag.py took 0.284 seconds
[2023-11-22T15:49:53.181+0500] {processor.py:157} INFO - Started process (PID=16177) to work on /usr/local/lib/python3.10/dist-packages/airflow/example_dags/tutorial_dag.py
[2023-11-22T15:49:53.183+0500] {processor.py:829} INFO - Processing file /usr/local/lib/python3.10/dist-packages/airflow/example_dags/tutorial_dag.py for tasks to queue
[2023-11-22T15:49:53.186+0500] {logging_mixin.py:154} INFO - [2023-11-22T15:49:53.185+0500] {dagbag.py:536} INFO - Filling up the DagBag from /usr/local/lib/python3.10/dist-packages/airflow/example_dags/tutorial_dag.py
[2023-11-22T15:49:53.205+0500] {processor.py:839} INFO - DAG(s) dict_keys(['tutorial_dag']) retrieved from /usr/local/lib/python3.10/dist-packages/airflow/example_dags/tutorial_dag.py
[2023-11-22T15:49:53.311+0500] {logging_mixin.py:154} INFO - [2023-11-22T15:49:53.310+0500] {dag.py:2941} INFO - Sync 1 DAGs
[2023-11-22T15:49:53.365+0500] {logging_mixin.py:154} INFO - [2023-11-22T15:49:53.364+0500] {dag.py:3722} INFO - Setting next_dagrun for tutorial_dag to None, run_after=None
[2023-11-22T15:49:53.447+0500] {processor.py:179} INFO - Processing /usr/local/lib/python3.10/dist-packages/airflow/example_dags/tutorial_dag.py took 0.278 seconds
[2023-11-22T15:50:23.943+0500] {processor.py:157} INFO - Started process (PID=16335) to work on /usr/local/lib/python3.10/dist-packages/airflow/example_dags/tutorial_dag.py
[2023-11-22T15:50:23.956+0500] {processor.py:829} INFO - Processing file /usr/local/lib/python3.10/dist-packages/airflow/example_dags/tutorial_dag.py for tasks to queue
[2023-11-22T15:50:23.959+0500] {logging_mixin.py:154} INFO - [2023-11-22T15:50:23.958+0500] {dagbag.py:536} INFO - Filling up the DagBag from /usr/local/lib/python3.10/dist-packages/airflow/example_dags/tutorial_dag.py
[2023-11-22T15:50:24.011+0500] {processor.py:839} INFO - DAG(s) dict_keys(['tutorial_dag']) retrieved from /usr/local/lib/python3.10/dist-packages/airflow/example_dags/tutorial_dag.py
[2023-11-22T15:50:24.175+0500] {logging_mixin.py:154} INFO - [2023-11-22T15:50:24.174+0500] {dag.py:2941} INFO - Sync 1 DAGs
[2023-11-22T15:50:24.256+0500] {logging_mixin.py:154} INFO - [2023-11-22T15:50:24.255+0500] {dag.py:3722} INFO - Setting next_dagrun for tutorial_dag to None, run_after=None
[2023-11-22T15:50:24.450+0500] {processor.py:179} INFO - Processing /usr/local/lib/python3.10/dist-packages/airflow/example_dags/tutorial_dag.py took 0.569 seconds
[2023-11-22T15:50:55.050+0500] {processor.py:157} INFO - Started process (PID=16464) to work on /usr/local/lib/python3.10/dist-packages/airflow/example_dags/tutorial_dag.py
[2023-11-22T15:50:55.054+0500] {processor.py:829} INFO - Processing file /usr/local/lib/python3.10/dist-packages/airflow/example_dags/tutorial_dag.py for tasks to queue
[2023-11-22T15:50:55.057+0500] {logging_mixin.py:154} INFO - [2023-11-22T15:50:55.056+0500] {dagbag.py:536} INFO - Filling up the DagBag from /usr/local/lib/python3.10/dist-packages/airflow/example_dags/tutorial_dag.py
[2023-11-22T15:50:55.077+0500] {processor.py:839} INFO - DAG(s) dict_keys(['tutorial_dag']) retrieved from /usr/local/lib/python3.10/dist-packages/airflow/example_dags/tutorial_dag.py
[2023-11-22T15:50:55.180+0500] {logging_mixin.py:154} INFO - [2023-11-22T15:50:55.179+0500] {dag.py:2941} INFO - Sync 1 DAGs
[2023-11-22T15:50:55.241+0500] {logging_mixin.py:154} INFO - [2023-11-22T15:50:55.240+0500] {dag.py:3722} INFO - Setting next_dagrun for tutorial_dag to None, run_after=None
[2023-11-22T15:50:55.318+0500] {processor.py:179} INFO - Processing /usr/local/lib/python3.10/dist-packages/airflow/example_dags/tutorial_dag.py took 0.279 seconds
[2023-11-22T15:51:25.868+0500] {processor.py:157} INFO - Started process (PID=16585) to work on /usr/local/lib/python3.10/dist-packages/airflow/example_dags/tutorial_dag.py
[2023-11-22T15:51:25.959+0500] {processor.py:829} INFO - Processing file /usr/local/lib/python3.10/dist-packages/airflow/example_dags/tutorial_dag.py for tasks to queue
[2023-11-22T15:51:25.962+0500] {logging_mixin.py:154} INFO - [2023-11-22T15:51:25.961+0500] {dagbag.py:536} INFO - Filling up the DagBag from /usr/local/lib/python3.10/dist-packages/airflow/example_dags/tutorial_dag.py
[2023-11-22T15:51:25.980+0500] {processor.py:839} INFO - DAG(s) dict_keys(['tutorial_dag']) retrieved from /usr/local/lib/python3.10/dist-packages/airflow/example_dags/tutorial_dag.py
[2023-11-22T15:51:26.084+0500] {logging_mixin.py:154} INFO - [2023-11-22T15:51:26.083+0500] {dag.py:2941} INFO - Sync 1 DAGs
[2023-11-22T15:51:26.135+0500] {logging_mixin.py:154} INFO - [2023-11-22T15:51:26.135+0500] {dag.py:3722} INFO - Setting next_dagrun for tutorial_dag to None, run_after=None
[2023-11-22T15:51:26.214+0500] {processor.py:179} INFO - Processing /usr/local/lib/python3.10/dist-packages/airflow/example_dags/tutorial_dag.py took 0.358 seconds
[2023-11-22T15:51:56.762+0500] {processor.py:157} INFO - Started process (PID=16732) to work on /usr/local/lib/python3.10/dist-packages/airflow/example_dags/tutorial_dag.py
[2023-11-22T15:51:56.765+0500] {processor.py:829} INFO - Processing file /usr/local/lib/python3.10/dist-packages/airflow/example_dags/tutorial_dag.py for tasks to queue
[2023-11-22T15:51:56.768+0500] {logging_mixin.py:154} INFO - [2023-11-22T15:51:56.767+0500] {dagbag.py:536} INFO - Filling up the DagBag from /usr/local/lib/python3.10/dist-packages/airflow/example_dags/tutorial_dag.py
[2023-11-22T15:51:56.792+0500] {processor.py:839} INFO - DAG(s) dict_keys(['tutorial_dag']) retrieved from /usr/local/lib/python3.10/dist-packages/airflow/example_dags/tutorial_dag.py
[2023-11-22T15:51:56.898+0500] {logging_mixin.py:154} INFO - [2023-11-22T15:51:56.897+0500] {dag.py:2941} INFO - Sync 1 DAGs
[2023-11-22T15:51:56.955+0500] {logging_mixin.py:154} INFO - [2023-11-22T15:51:56.954+0500] {dag.py:3722} INFO - Setting next_dagrun for tutorial_dag to None, run_after=None
[2023-11-22T15:51:57.035+0500] {processor.py:179} INFO - Processing /usr/local/lib/python3.10/dist-packages/airflow/example_dags/tutorial_dag.py took 0.288 seconds
[2023-11-22T15:52:27.549+0500] {processor.py:157} INFO - Started process (PID=16873) to work on /usr/local/lib/python3.10/dist-packages/airflow/example_dags/tutorial_dag.py
[2023-11-22T15:52:27.637+0500] {processor.py:829} INFO - Processing file /usr/local/lib/python3.10/dist-packages/airflow/example_dags/tutorial_dag.py for tasks to queue
[2023-11-22T15:52:27.640+0500] {logging_mixin.py:154} INFO - [2023-11-22T15:52:27.639+0500] {dagbag.py:536} INFO - Filling up the DagBag from /usr/local/lib/python3.10/dist-packages/airflow/example_dags/tutorial_dag.py
[2023-11-22T15:52:27.661+0500] {processor.py:839} INFO - DAG(s) dict_keys(['tutorial_dag']) retrieved from /usr/local/lib/python3.10/dist-packages/airflow/example_dags/tutorial_dag.py
[2023-11-22T15:52:27.765+0500] {logging_mixin.py:154} INFO - [2023-11-22T15:52:27.764+0500] {dag.py:2941} INFO - Sync 1 DAGs
[2023-11-22T15:52:27.827+0500] {logging_mixin.py:154} INFO - [2023-11-22T15:52:27.826+0500] {dag.py:3722} INFO - Setting next_dagrun for tutorial_dag to None, run_after=None
[2023-11-22T15:52:27.911+0500] {processor.py:179} INFO - Processing /usr/local/lib/python3.10/dist-packages/airflow/example_dags/tutorial_dag.py took 0.384 seconds
[2023-11-22T15:52:58.707+0500] {processor.py:157} INFO - Started process (PID=17017) to work on /usr/local/lib/python3.10/dist-packages/airflow/example_dags/tutorial_dag.py
[2023-11-22T15:52:58.710+0500] {processor.py:829} INFO - Processing file /usr/local/lib/python3.10/dist-packages/airflow/example_dags/tutorial_dag.py for tasks to queue
[2023-11-22T15:52:58.714+0500] {logging_mixin.py:154} INFO - [2023-11-22T15:52:58.712+0500] {dagbag.py:536} INFO - Filling up the DagBag from /usr/local/lib/python3.10/dist-packages/airflow/example_dags/tutorial_dag.py
[2023-11-22T15:52:58.735+0500] {processor.py:839} INFO - DAG(s) dict_keys(['tutorial_dag']) retrieved from /usr/local/lib/python3.10/dist-packages/airflow/example_dags/tutorial_dag.py
[2023-11-22T15:52:58.849+0500] {logging_mixin.py:154} INFO - [2023-11-22T15:52:58.848+0500] {dag.py:2941} INFO - Sync 1 DAGs
[2023-11-22T15:52:58.910+0500] {logging_mixin.py:154} INFO - [2023-11-22T15:52:58.908+0500] {dag.py:3722} INFO - Setting next_dagrun for tutorial_dag to None, run_after=None
[2023-11-22T15:52:58.996+0500] {processor.py:179} INFO - Processing /usr/local/lib/python3.10/dist-packages/airflow/example_dags/tutorial_dag.py took 0.303 seconds
[2023-11-22T15:53:31.125+0500] {processor.py:157} INFO - Started process (PID=17207) to work on /usr/local/lib/python3.10/dist-packages/airflow/example_dags/tutorial_dag.py
[2023-11-22T15:53:31.128+0500] {processor.py:829} INFO - Processing file /usr/local/lib/python3.10/dist-packages/airflow/example_dags/tutorial_dag.py for tasks to queue
[2023-11-22T15:53:31.131+0500] {logging_mixin.py:154} INFO - [2023-11-22T15:53:31.130+0500] {dagbag.py:536} INFO - Filling up the DagBag from /usr/local/lib/python3.10/dist-packages/airflow/example_dags/tutorial_dag.py
[2023-11-22T15:53:31.152+0500] {processor.py:839} INFO - DAG(s) dict_keys(['tutorial_dag']) retrieved from /usr/local/lib/python3.10/dist-packages/airflow/example_dags/tutorial_dag.py
[2023-11-22T15:53:31.253+0500] {logging_mixin.py:154} INFO - [2023-11-22T15:53:31.253+0500] {dag.py:2941} INFO - Sync 1 DAGs
[2023-11-22T15:53:31.307+0500] {logging_mixin.py:154} INFO - [2023-11-22T15:53:31.307+0500] {dag.py:3722} INFO - Setting next_dagrun for tutorial_dag to None, run_after=None
[2023-11-22T15:53:31.394+0500] {processor.py:179} INFO - Processing /usr/local/lib/python3.10/dist-packages/airflow/example_dags/tutorial_dag.py took 0.281 seconds
[2023-11-22T15:54:04.677+0500] {processor.py:157} INFO - Started process (PID=17411) to work on /usr/local/lib/python3.10/dist-packages/airflow/example_dags/tutorial_dag.py
[2023-11-22T15:54:04.691+0500] {processor.py:829} INFO - Processing file /usr/local/lib/python3.10/dist-packages/airflow/example_dags/tutorial_dag.py for tasks to queue
[2023-11-22T15:54:04.694+0500] {logging_mixin.py:154} INFO - [2023-11-22T15:54:04.693+0500] {dagbag.py:536} INFO - Filling up the DagBag from /usr/local/lib/python3.10/dist-packages/airflow/example_dags/tutorial_dag.py
[2023-11-22T15:54:04.720+0500] {processor.py:839} INFO - DAG(s) dict_keys(['tutorial_dag']) retrieved from /usr/local/lib/python3.10/dist-packages/airflow/example_dags/tutorial_dag.py
[2023-11-22T15:54:04.925+0500] {logging_mixin.py:154} INFO - [2023-11-22T15:54:04.924+0500] {dag.py:2941} INFO - Sync 1 DAGs
[2023-11-22T15:54:05.032+0500] {logging_mixin.py:154} INFO - [2023-11-22T15:54:05.031+0500] {dag.py:3722} INFO - Setting next_dagrun for tutorial_dag to None, run_after=None
[2023-11-22T15:54:05.165+0500] {processor.py:179} INFO - Processing /usr/local/lib/python3.10/dist-packages/airflow/example_dags/tutorial_dag.py took 0.505 seconds
[2023-11-22T15:54:35.945+0500] {processor.py:157} INFO - Started process (PID=17591) to work on /usr/local/lib/python3.10/dist-packages/airflow/example_dags/tutorial_dag.py
[2023-11-22T15:54:35.948+0500] {processor.py:829} INFO - Processing file /usr/local/lib/python3.10/dist-packages/airflow/example_dags/tutorial_dag.py for tasks to queue
[2023-11-22T15:54:35.951+0500] {logging_mixin.py:154} INFO - [2023-11-22T15:54:35.950+0500] {dagbag.py:536} INFO - Filling up the DagBag from /usr/local/lib/python3.10/dist-packages/airflow/example_dags/tutorial_dag.py
[2023-11-22T15:54:35.972+0500] {processor.py:839} INFO - DAG(s) dict_keys(['tutorial_dag']) retrieved from /usr/local/lib/python3.10/dist-packages/airflow/example_dags/tutorial_dag.py
[2023-11-22T15:54:36.100+0500] {logging_mixin.py:154} INFO - [2023-11-22T15:54:36.099+0500] {dag.py:2941} INFO - Sync 1 DAGs
[2023-11-22T15:54:36.215+0500] {logging_mixin.py:154} INFO - [2023-11-22T15:54:36.214+0500] {dag.py:3722} INFO - Setting next_dagrun for tutorial_dag to None, run_after=None
[2023-11-22T15:54:36.306+0500] {processor.py:179} INFO - Processing /usr/local/lib/python3.10/dist-packages/airflow/example_dags/tutorial_dag.py took 0.373 seconds
[2023-11-22T15:55:06.667+0500] {processor.py:157} INFO - Started process (PID=17762) to work on /usr/local/lib/python3.10/dist-packages/airflow/example_dags/tutorial_dag.py
[2023-11-22T15:55:06.671+0500] {processor.py:829} INFO - Processing file /usr/local/lib/python3.10/dist-packages/airflow/example_dags/tutorial_dag.py for tasks to queue
[2023-11-22T15:55:06.682+0500] {logging_mixin.py:154} INFO - [2023-11-22T15:55:06.673+0500] {dagbag.py:536} INFO - Filling up the DagBag from /usr/local/lib/python3.10/dist-packages/airflow/example_dags/tutorial_dag.py
[2023-11-22T15:55:06.701+0500] {processor.py:839} INFO - DAG(s) dict_keys(['tutorial_dag']) retrieved from /usr/local/lib/python3.10/dist-packages/airflow/example_dags/tutorial_dag.py
[2023-11-22T15:55:06.817+0500] {logging_mixin.py:154} INFO - [2023-11-22T15:55:06.817+0500] {dag.py:2941} INFO - Sync 1 DAGs
[2023-11-22T15:55:06.876+0500] {logging_mixin.py:154} INFO - [2023-11-22T15:55:06.876+0500] {dag.py:3722} INFO - Setting next_dagrun for tutorial_dag to None, run_after=None
[2023-11-22T15:55:06.953+0500] {processor.py:179} INFO - Processing /usr/local/lib/python3.10/dist-packages/airflow/example_dags/tutorial_dag.py took 0.299 seconds
[2023-11-22T15:55:37.429+0500] {processor.py:157} INFO - Started process (PID=18172) to work on /usr/local/lib/python3.10/dist-packages/airflow/example_dags/tutorial_dag.py
[2023-11-22T15:55:37.433+0500] {processor.py:829} INFO - Processing file /usr/local/lib/python3.10/dist-packages/airflow/example_dags/tutorial_dag.py for tasks to queue
[2023-11-22T15:55:37.436+0500] {logging_mixin.py:154} INFO - [2023-11-22T15:55:37.435+0500] {dagbag.py:536} INFO - Filling up the DagBag from /usr/local/lib/python3.10/dist-packages/airflow/example_dags/tutorial_dag.py
[2023-11-22T15:55:37.462+0500] {processor.py:839} INFO - DAG(s) dict_keys(['tutorial_dag']) retrieved from /usr/local/lib/python3.10/dist-packages/airflow/example_dags/tutorial_dag.py
[2023-11-22T15:55:37.575+0500] {logging_mixin.py:154} INFO - [2023-11-22T15:55:37.574+0500] {dag.py:2941} INFO - Sync 1 DAGs
[2023-11-22T15:55:37.631+0500] {logging_mixin.py:154} INFO - [2023-11-22T15:55:37.631+0500] {dag.py:3722} INFO - Setting next_dagrun for tutorial_dag to None, run_after=None
[2023-11-22T15:55:37.713+0500] {processor.py:179} INFO - Processing /usr/local/lib/python3.10/dist-packages/airflow/example_dags/tutorial_dag.py took 0.299 seconds
[2023-11-22T15:56:07.777+0500] {processor.py:157} INFO - Started process (PID=18279) to work on /usr/local/lib/python3.10/dist-packages/airflow/example_dags/tutorial_dag.py
[2023-11-22T15:56:07.780+0500] {processor.py:829} INFO - Processing file /usr/local/lib/python3.10/dist-packages/airflow/example_dags/tutorial_dag.py for tasks to queue
[2023-11-22T15:56:07.783+0500] {logging_mixin.py:154} INFO - [2023-11-22T15:56:07.782+0500] {dagbag.py:536} INFO - Filling up the DagBag from /usr/local/lib/python3.10/dist-packages/airflow/example_dags/tutorial_dag.py
[2023-11-22T15:56:07.803+0500] {processor.py:839} INFO - DAG(s) dict_keys(['tutorial_dag']) retrieved from /usr/local/lib/python3.10/dist-packages/airflow/example_dags/tutorial_dag.py
[2023-11-22T15:56:07.900+0500] {logging_mixin.py:154} INFO - [2023-11-22T15:56:07.900+0500] {dag.py:2941} INFO - Sync 1 DAGs
[2023-11-22T15:56:07.957+0500] {logging_mixin.py:154} INFO - [2023-11-22T15:56:07.956+0500] {dag.py:3722} INFO - Setting next_dagrun for tutorial_dag to None, run_after=None
[2023-11-22T15:56:08.039+0500] {processor.py:179} INFO - Processing /usr/local/lib/python3.10/dist-packages/airflow/example_dags/tutorial_dag.py took 0.275 seconds
[2023-11-22T15:56:39.231+0500] {processor.py:157} INFO - Started process (PID=18383) to work on /usr/local/lib/python3.10/dist-packages/airflow/example_dags/tutorial_dag.py
[2023-11-22T15:56:39.233+0500] {processor.py:829} INFO - Processing file /usr/local/lib/python3.10/dist-packages/airflow/example_dags/tutorial_dag.py for tasks to queue
[2023-11-22T15:56:39.236+0500] {logging_mixin.py:154} INFO - [2023-11-22T15:56:39.235+0500] {dagbag.py:536} INFO - Filling up the DagBag from /usr/local/lib/python3.10/dist-packages/airflow/example_dags/tutorial_dag.py
[2023-11-22T15:56:39.256+0500] {processor.py:839} INFO - DAG(s) dict_keys(['tutorial_dag']) retrieved from /usr/local/lib/python3.10/dist-packages/airflow/example_dags/tutorial_dag.py
[2023-11-22T15:56:39.357+0500] {logging_mixin.py:154} INFO - [2023-11-22T15:56:39.357+0500] {dag.py:2941} INFO - Sync 1 DAGs
[2023-11-22T15:56:39.416+0500] {logging_mixin.py:154} INFO - [2023-11-22T15:56:39.415+0500] {dag.py:3722} INFO - Setting next_dagrun for tutorial_dag to None, run_after=None
[2023-11-22T15:56:39.503+0500] {processor.py:179} INFO - Processing /usr/local/lib/python3.10/dist-packages/airflow/example_dags/tutorial_dag.py took 0.285 seconds
[2023-11-22T15:57:10.485+0500] {processor.py:157} INFO - Started process (PID=18498) to work on /usr/local/lib/python3.10/dist-packages/airflow/example_dags/tutorial_dag.py
[2023-11-22T15:57:10.488+0500] {processor.py:829} INFO - Processing file /usr/local/lib/python3.10/dist-packages/airflow/example_dags/tutorial_dag.py for tasks to queue
[2023-11-22T15:57:10.491+0500] {logging_mixin.py:154} INFO - [2023-11-22T15:57:10.490+0500] {dagbag.py:536} INFO - Filling up the DagBag from /usr/local/lib/python3.10/dist-packages/airflow/example_dags/tutorial_dag.py
[2023-11-22T15:57:10.512+0500] {processor.py:839} INFO - DAG(s) dict_keys(['tutorial_dag']) retrieved from /usr/local/lib/python3.10/dist-packages/airflow/example_dags/tutorial_dag.py
[2023-11-22T15:57:10.614+0500] {logging_mixin.py:154} INFO - [2023-11-22T15:57:10.613+0500] {dag.py:2941} INFO - Sync 1 DAGs
[2023-11-22T15:57:10.670+0500] {logging_mixin.py:154} INFO - [2023-11-22T15:57:10.669+0500] {dag.py:3722} INFO - Setting next_dagrun for tutorial_dag to None, run_after=None
[2023-11-22T15:57:10.746+0500] {processor.py:179} INFO - Processing /usr/local/lib/python3.10/dist-packages/airflow/example_dags/tutorial_dag.py took 0.273 seconds
[2023-11-22T15:57:41.006+0500] {processor.py:157} INFO - Started process (PID=18594) to work on /usr/local/lib/python3.10/dist-packages/airflow/example_dags/tutorial_dag.py
[2023-11-22T15:57:41.008+0500] {processor.py:829} INFO - Processing file /usr/local/lib/python3.10/dist-packages/airflow/example_dags/tutorial_dag.py for tasks to queue
[2023-11-22T15:57:41.011+0500] {logging_mixin.py:154} INFO - [2023-11-22T15:57:41.010+0500] {dagbag.py:536} INFO - Filling up the DagBag from /usr/local/lib/python3.10/dist-packages/airflow/example_dags/tutorial_dag.py
[2023-11-22T15:57:41.029+0500] {processor.py:839} INFO - DAG(s) dict_keys(['tutorial_dag']) retrieved from /usr/local/lib/python3.10/dist-packages/airflow/example_dags/tutorial_dag.py
[2023-11-22T15:57:41.126+0500] {logging_mixin.py:154} INFO - [2023-11-22T15:57:41.125+0500] {dag.py:2941} INFO - Sync 1 DAGs
[2023-11-22T15:57:41.178+0500] {logging_mixin.py:154} INFO - [2023-11-22T15:57:41.177+0500] {dag.py:3722} INFO - Setting next_dagrun for tutorial_dag to None, run_after=None
[2023-11-22T15:57:41.247+0500] {processor.py:179} INFO - Processing /usr/local/lib/python3.10/dist-packages/airflow/example_dags/tutorial_dag.py took 0.253 seconds
[2023-11-22T15:58:11.902+0500] {processor.py:157} INFO - Started process (PID=18692) to work on /usr/local/lib/python3.10/dist-packages/airflow/example_dags/tutorial_dag.py
[2023-11-22T15:58:11.905+0500] {processor.py:829} INFO - Processing file /usr/local/lib/python3.10/dist-packages/airflow/example_dags/tutorial_dag.py for tasks to queue
[2023-11-22T15:58:11.908+0500] {logging_mixin.py:154} INFO - [2023-11-22T15:58:11.907+0500] {dagbag.py:536} INFO - Filling up the DagBag from /usr/local/lib/python3.10/dist-packages/airflow/example_dags/tutorial_dag.py
[2023-11-22T15:58:11.929+0500] {processor.py:839} INFO - DAG(s) dict_keys(['tutorial_dag']) retrieved from /usr/local/lib/python3.10/dist-packages/airflow/example_dags/tutorial_dag.py
[2023-11-22T15:58:12.031+0500] {logging_mixin.py:154} INFO - [2023-11-22T15:58:12.031+0500] {dag.py:2941} INFO - Sync 1 DAGs
[2023-11-22T15:58:12.088+0500] {logging_mixin.py:154} INFO - [2023-11-22T15:58:12.087+0500] {dag.py:3722} INFO - Setting next_dagrun for tutorial_dag to None, run_after=None
[2023-11-22T15:58:12.168+0500] {processor.py:179} INFO - Processing /usr/local/lib/python3.10/dist-packages/airflow/example_dags/tutorial_dag.py took 0.278 seconds
[2023-11-22T15:58:42.682+0500] {processor.py:157} INFO - Started process (PID=18787) to work on /usr/local/lib/python3.10/dist-packages/airflow/example_dags/tutorial_dag.py
[2023-11-22T15:58:42.685+0500] {processor.py:829} INFO - Processing file /usr/local/lib/python3.10/dist-packages/airflow/example_dags/tutorial_dag.py for tasks to queue
[2023-11-22T15:58:42.689+0500] {logging_mixin.py:154} INFO - [2023-11-22T15:58:42.687+0500] {dagbag.py:536} INFO - Filling up the DagBag from /usr/local/lib/python3.10/dist-packages/airflow/example_dags/tutorial_dag.py
[2023-11-22T15:58:42.710+0500] {processor.py:839} INFO - DAG(s) dict_keys(['tutorial_dag']) retrieved from /usr/local/lib/python3.10/dist-packages/airflow/example_dags/tutorial_dag.py
[2023-11-22T15:58:42.813+0500] {logging_mixin.py:154} INFO - [2023-11-22T15:58:42.813+0500] {dag.py:2941} INFO - Sync 1 DAGs
[2023-11-22T15:58:42.875+0500] {logging_mixin.py:154} INFO - [2023-11-22T15:58:42.874+0500] {dag.py:3722} INFO - Setting next_dagrun for tutorial_dag to None, run_after=None
[2023-11-22T15:58:42.954+0500] {processor.py:179} INFO - Processing /usr/local/lib/python3.10/dist-packages/airflow/example_dags/tutorial_dag.py took 0.286 seconds
[2023-11-22T15:59:14.300+0500] {processor.py:157} INFO - Started process (PID=18887) to work on /usr/local/lib/python3.10/dist-packages/airflow/example_dags/tutorial_dag.py
[2023-11-22T15:59:14.303+0500] {processor.py:829} INFO - Processing file /usr/local/lib/python3.10/dist-packages/airflow/example_dags/tutorial_dag.py for tasks to queue
[2023-11-22T15:59:14.306+0500] {logging_mixin.py:154} INFO - [2023-11-22T15:59:14.305+0500] {dagbag.py:536} INFO - Filling up the DagBag from /usr/local/lib/python3.10/dist-packages/airflow/example_dags/tutorial_dag.py
[2023-11-22T15:59:14.328+0500] {processor.py:839} INFO - DAG(s) dict_keys(['tutorial_dag']) retrieved from /usr/local/lib/python3.10/dist-packages/airflow/example_dags/tutorial_dag.py
[2023-11-22T15:59:14.476+0500] {logging_mixin.py:154} INFO - [2023-11-22T15:59:14.475+0500] {dag.py:2941} INFO - Sync 1 DAGs
[2023-11-22T15:59:14.549+0500] {logging_mixin.py:154} INFO - [2023-11-22T15:59:14.549+0500] {dag.py:3722} INFO - Setting next_dagrun for tutorial_dag to None, run_after=None
[2023-11-22T15:59:14.632+0500] {processor.py:179} INFO - Processing /usr/local/lib/python3.10/dist-packages/airflow/example_dags/tutorial_dag.py took 0.345 seconds
[2023-11-22T15:59:45.061+0500] {processor.py:157} INFO - Started process (PID=18985) to work on /usr/local/lib/python3.10/dist-packages/airflow/example_dags/tutorial_dag.py
[2023-11-22T15:59:45.064+0500] {processor.py:829} INFO - Processing file /usr/local/lib/python3.10/dist-packages/airflow/example_dags/tutorial_dag.py for tasks to queue
[2023-11-22T15:59:45.067+0500] {logging_mixin.py:154} INFO - [2023-11-22T15:59:45.066+0500] {dagbag.py:536} INFO - Filling up the DagBag from /usr/local/lib/python3.10/dist-packages/airflow/example_dags/tutorial_dag.py
[2023-11-22T15:59:45.088+0500] {processor.py:839} INFO - DAG(s) dict_keys(['tutorial_dag']) retrieved from /usr/local/lib/python3.10/dist-packages/airflow/example_dags/tutorial_dag.py
[2023-11-22T15:59:45.196+0500] {logging_mixin.py:154} INFO - [2023-11-22T15:59:45.196+0500] {dag.py:2941} INFO - Sync 1 DAGs
[2023-11-22T15:59:45.273+0500] {logging_mixin.py:154} INFO - [2023-11-22T15:59:45.269+0500] {dag.py:3722} INFO - Setting next_dagrun for tutorial_dag to None, run_after=None
[2023-11-22T15:59:45.345+0500] {processor.py:179} INFO - Processing /usr/local/lib/python3.10/dist-packages/airflow/example_dags/tutorial_dag.py took 0.297 seconds
[2023-11-22T16:00:16.084+0500] {processor.py:157} INFO - Started process (PID=19090) to work on /usr/local/lib/python3.10/dist-packages/airflow/example_dags/tutorial_dag.py
[2023-11-22T16:00:16.088+0500] {processor.py:829} INFO - Processing file /usr/local/lib/python3.10/dist-packages/airflow/example_dags/tutorial_dag.py for tasks to queue
[2023-11-22T16:00:16.091+0500] {logging_mixin.py:154} INFO - [2023-11-22T16:00:16.090+0500] {dagbag.py:536} INFO - Filling up the DagBag from /usr/local/lib/python3.10/dist-packages/airflow/example_dags/tutorial_dag.py
[2023-11-22T16:00:16.112+0500] {processor.py:839} INFO - DAG(s) dict_keys(['tutorial_dag']) retrieved from /usr/local/lib/python3.10/dist-packages/airflow/example_dags/tutorial_dag.py
[2023-11-22T16:00:16.207+0500] {logging_mixin.py:154} INFO - [2023-11-22T16:00:16.207+0500] {dag.py:2941} INFO - Sync 1 DAGs
[2023-11-22T16:00:16.259+0500] {logging_mixin.py:154} INFO - [2023-11-22T16:00:16.258+0500] {dag.py:3722} INFO - Setting next_dagrun for tutorial_dag to None, run_after=None
[2023-11-22T16:00:16.329+0500] {processor.py:179} INFO - Processing /usr/local/lib/python3.10/dist-packages/airflow/example_dags/tutorial_dag.py took 0.258 seconds
[2023-11-22T16:00:47.343+0500] {processor.py:157} INFO - Started process (PID=19192) to work on /usr/local/lib/python3.10/dist-packages/airflow/example_dags/tutorial_dag.py
[2023-11-22T16:00:47.346+0500] {processor.py:829} INFO - Processing file /usr/local/lib/python3.10/dist-packages/airflow/example_dags/tutorial_dag.py for tasks to queue
[2023-11-22T16:00:47.350+0500] {logging_mixin.py:154} INFO - [2023-11-22T16:00:47.348+0500] {dagbag.py:536} INFO - Filling up the DagBag from /usr/local/lib/python3.10/dist-packages/airflow/example_dags/tutorial_dag.py
[2023-11-22T16:00:47.373+0500] {processor.py:839} INFO - DAG(s) dict_keys(['tutorial_dag']) retrieved from /usr/local/lib/python3.10/dist-packages/airflow/example_dags/tutorial_dag.py
[2023-11-22T16:00:47.478+0500] {logging_mixin.py:154} INFO - [2023-11-22T16:00:47.477+0500] {dag.py:2941} INFO - Sync 1 DAGs
[2023-11-22T16:00:47.537+0500] {logging_mixin.py:154} INFO - [2023-11-22T16:00:47.536+0500] {dag.py:3722} INFO - Setting next_dagrun for tutorial_dag to None, run_after=None
[2023-11-22T16:00:47.623+0500] {processor.py:179} INFO - Processing /usr/local/lib/python3.10/dist-packages/airflow/example_dags/tutorial_dag.py took 0.295 seconds
[2023-11-22T16:01:18.134+0500] {processor.py:157} INFO - Started process (PID=19292) to work on /usr/local/lib/python3.10/dist-packages/airflow/example_dags/tutorial_dag.py
[2023-11-22T16:01:18.136+0500] {processor.py:829} INFO - Processing file /usr/local/lib/python3.10/dist-packages/airflow/example_dags/tutorial_dag.py for tasks to queue
[2023-11-22T16:01:18.139+0500] {logging_mixin.py:154} INFO - [2023-11-22T16:01:18.138+0500] {dagbag.py:536} INFO - Filling up the DagBag from /usr/local/lib/python3.10/dist-packages/airflow/example_dags/tutorial_dag.py
[2023-11-22T16:01:18.162+0500] {processor.py:839} INFO - DAG(s) dict_keys(['tutorial_dag']) retrieved from /usr/local/lib/python3.10/dist-packages/airflow/example_dags/tutorial_dag.py
[2023-11-22T16:01:18.256+0500] {logging_mixin.py:154} INFO - [2023-11-22T16:01:18.255+0500] {dag.py:2941} INFO - Sync 1 DAGs
[2023-11-22T16:01:18.307+0500] {logging_mixin.py:154} INFO - [2023-11-22T16:01:18.306+0500] {dag.py:3722} INFO - Setting next_dagrun for tutorial_dag to None, run_after=None
[2023-11-22T16:01:18.377+0500] {processor.py:179} INFO - Processing /usr/local/lib/python3.10/dist-packages/airflow/example_dags/tutorial_dag.py took 0.254 seconds
[2023-11-22T16:01:48.519+0500] {processor.py:157} INFO - Started process (PID=19391) to work on /usr/local/lib/python3.10/dist-packages/airflow/example_dags/tutorial_dag.py
[2023-11-22T16:01:48.523+0500] {processor.py:829} INFO - Processing file /usr/local/lib/python3.10/dist-packages/airflow/example_dags/tutorial_dag.py for tasks to queue
[2023-11-22T16:01:48.526+0500] {logging_mixin.py:154} INFO - [2023-11-22T16:01:48.525+0500] {dagbag.py:536} INFO - Filling up the DagBag from /usr/local/lib/python3.10/dist-packages/airflow/example_dags/tutorial_dag.py
[2023-11-22T16:01:48.547+0500] {processor.py:839} INFO - DAG(s) dict_keys(['tutorial_dag']) retrieved from /usr/local/lib/python3.10/dist-packages/airflow/example_dags/tutorial_dag.py
[2023-11-22T16:01:48.656+0500] {logging_mixin.py:154} INFO - [2023-11-22T16:01:48.655+0500] {dag.py:2941} INFO - Sync 1 DAGs
[2023-11-22T16:01:48.717+0500] {logging_mixin.py:154} INFO - [2023-11-22T16:01:48.716+0500] {dag.py:3722} INFO - Setting next_dagrun for tutorial_dag to None, run_after=None
[2023-11-22T16:01:48.802+0500] {processor.py:179} INFO - Processing /usr/local/lib/python3.10/dist-packages/airflow/example_dags/tutorial_dag.py took 0.295 seconds
[2023-11-22T16:02:19.616+0500] {processor.py:157} INFO - Started process (PID=19515) to work on /usr/local/lib/python3.10/dist-packages/airflow/example_dags/tutorial_dag.py
[2023-11-22T16:02:19.619+0500] {processor.py:829} INFO - Processing file /usr/local/lib/python3.10/dist-packages/airflow/example_dags/tutorial_dag.py for tasks to queue
[2023-11-22T16:02:19.623+0500] {logging_mixin.py:154} INFO - [2023-11-22T16:02:19.622+0500] {dagbag.py:536} INFO - Filling up the DagBag from /usr/local/lib/python3.10/dist-packages/airflow/example_dags/tutorial_dag.py
[2023-11-22T16:02:19.643+0500] {processor.py:839} INFO - DAG(s) dict_keys(['tutorial_dag']) retrieved from /usr/local/lib/python3.10/dist-packages/airflow/example_dags/tutorial_dag.py
[2023-11-22T16:02:19.746+0500] {logging_mixin.py:154} INFO - [2023-11-22T16:02:19.746+0500] {dag.py:2941} INFO - Sync 1 DAGs
[2023-11-22T16:02:19.807+0500] {logging_mixin.py:154} INFO - [2023-11-22T16:02:19.806+0500] {dag.py:3722} INFO - Setting next_dagrun for tutorial_dag to None, run_after=None
[2023-11-22T16:02:19.889+0500] {processor.py:179} INFO - Processing /usr/local/lib/python3.10/dist-packages/airflow/example_dags/tutorial_dag.py took 0.285 seconds
[2023-11-22T16:02:50.924+0500] {processor.py:157} INFO - Started process (PID=19617) to work on /usr/local/lib/python3.10/dist-packages/airflow/example_dags/tutorial_dag.py
[2023-11-22T16:02:50.927+0500] {processor.py:829} INFO - Processing file /usr/local/lib/python3.10/dist-packages/airflow/example_dags/tutorial_dag.py for tasks to queue
[2023-11-22T16:02:50.929+0500] {logging_mixin.py:154} INFO - [2023-11-22T16:02:50.928+0500] {dagbag.py:536} INFO - Filling up the DagBag from /usr/local/lib/python3.10/dist-packages/airflow/example_dags/tutorial_dag.py
[2023-11-22T16:02:50.948+0500] {processor.py:839} INFO - DAG(s) dict_keys(['tutorial_dag']) retrieved from /usr/local/lib/python3.10/dist-packages/airflow/example_dags/tutorial_dag.py
[2023-11-22T16:02:51.043+0500] {logging_mixin.py:154} INFO - [2023-11-22T16:02:51.043+0500] {dag.py:2941} INFO - Sync 1 DAGs
[2023-11-22T16:02:51.097+0500] {logging_mixin.py:154} INFO - [2023-11-22T16:02:51.097+0500] {dag.py:3722} INFO - Setting next_dagrun for tutorial_dag to None, run_after=None
[2023-11-22T16:02:51.168+0500] {processor.py:179} INFO - Processing /usr/local/lib/python3.10/dist-packages/airflow/example_dags/tutorial_dag.py took 0.256 seconds
[2023-11-22T16:03:21.947+0500] {processor.py:157} INFO - Started process (PID=19717) to work on /usr/local/lib/python3.10/dist-packages/airflow/example_dags/tutorial_dag.py
[2023-11-22T16:03:21.950+0500] {processor.py:829} INFO - Processing file /usr/local/lib/python3.10/dist-packages/airflow/example_dags/tutorial_dag.py for tasks to queue
[2023-11-22T16:03:21.953+0500] {logging_mixin.py:154} INFO - [2023-11-22T16:03:21.952+0500] {dagbag.py:536} INFO - Filling up the DagBag from /usr/local/lib/python3.10/dist-packages/airflow/example_dags/tutorial_dag.py
[2023-11-22T16:03:21.971+0500] {processor.py:839} INFO - DAG(s) dict_keys(['tutorial_dag']) retrieved from /usr/local/lib/python3.10/dist-packages/airflow/example_dags/tutorial_dag.py
[2023-11-22T16:03:22.068+0500] {logging_mixin.py:154} INFO - [2023-11-22T16:03:22.067+0500] {dag.py:2941} INFO - Sync 1 DAGs
[2023-11-22T16:03:22.122+0500] {logging_mixin.py:154} INFO - [2023-11-22T16:03:22.121+0500] {dag.py:3722} INFO - Setting next_dagrun for tutorial_dag to None, run_after=None
[2023-11-22T16:03:22.198+0500] {processor.py:179} INFO - Processing /usr/local/lib/python3.10/dist-packages/airflow/example_dags/tutorial_dag.py took 0.263 seconds
[2023-11-22T16:03:52.591+0500] {processor.py:157} INFO - Started process (PID=19815) to work on /usr/local/lib/python3.10/dist-packages/airflow/example_dags/tutorial_dag.py
[2023-11-22T16:03:52.595+0500] {processor.py:829} INFO - Processing file /usr/local/lib/python3.10/dist-packages/airflow/example_dags/tutorial_dag.py for tasks to queue
[2023-11-22T16:03:52.598+0500] {logging_mixin.py:154} INFO - [2023-11-22T16:03:52.597+0500] {dagbag.py:536} INFO - Filling up the DagBag from /usr/local/lib/python3.10/dist-packages/airflow/example_dags/tutorial_dag.py
[2023-11-22T16:03:52.617+0500] {processor.py:839} INFO - DAG(s) dict_keys(['tutorial_dag']) retrieved from /usr/local/lib/python3.10/dist-packages/airflow/example_dags/tutorial_dag.py
[2023-11-22T16:03:52.722+0500] {logging_mixin.py:154} INFO - [2023-11-22T16:03:52.722+0500] {dag.py:2941} INFO - Sync 1 DAGs
[2023-11-22T16:03:52.779+0500] {logging_mixin.py:154} INFO - [2023-11-22T16:03:52.778+0500] {dag.py:3722} INFO - Setting next_dagrun for tutorial_dag to None, run_after=None
[2023-11-22T16:03:52.863+0500] {processor.py:179} INFO - Processing /usr/local/lib/python3.10/dist-packages/airflow/example_dags/tutorial_dag.py took 0.284 seconds
[2023-11-22T16:04:23.054+0500] {processor.py:157} INFO - Started process (PID=19965) to work on /usr/local/lib/python3.10/dist-packages/airflow/example_dags/tutorial_dag.py
[2023-11-22T16:04:23.057+0500] {processor.py:829} INFO - Processing file /usr/local/lib/python3.10/dist-packages/airflow/example_dags/tutorial_dag.py for tasks to queue
[2023-11-22T16:04:23.060+0500] {logging_mixin.py:154} INFO - [2023-11-22T16:04:23.059+0500] {dagbag.py:536} INFO - Filling up the DagBag from /usr/local/lib/python3.10/dist-packages/airflow/example_dags/tutorial_dag.py
[2023-11-22T16:04:23.077+0500] {processor.py:839} INFO - DAG(s) dict_keys(['tutorial_dag']) retrieved from /usr/local/lib/python3.10/dist-packages/airflow/example_dags/tutorial_dag.py
[2023-11-22T16:04:23.178+0500] {logging_mixin.py:154} INFO - [2023-11-22T16:04:23.177+0500] {dag.py:2941} INFO - Sync 1 DAGs
[2023-11-22T16:04:23.230+0500] {logging_mixin.py:154} INFO - [2023-11-22T16:04:23.230+0500] {dag.py:3722} INFO - Setting next_dagrun for tutorial_dag to None, run_after=None
[2023-11-22T16:04:23.302+0500] {processor.py:179} INFO - Processing /usr/local/lib/python3.10/dist-packages/airflow/example_dags/tutorial_dag.py took 0.260 seconds
[2023-11-22T16:04:53.467+0500] {processor.py:157} INFO - Started process (PID=20071) to work on /usr/local/lib/python3.10/dist-packages/airflow/example_dags/tutorial_dag.py
[2023-11-22T16:04:53.469+0500] {processor.py:829} INFO - Processing file /usr/local/lib/python3.10/dist-packages/airflow/example_dags/tutorial_dag.py for tasks to queue
[2023-11-22T16:04:53.472+0500] {logging_mixin.py:154} INFO - [2023-11-22T16:04:53.471+0500] {dagbag.py:536} INFO - Filling up the DagBag from /usr/local/lib/python3.10/dist-packages/airflow/example_dags/tutorial_dag.py
[2023-11-22T16:04:53.490+0500] {processor.py:839} INFO - DAG(s) dict_keys(['tutorial_dag']) retrieved from /usr/local/lib/python3.10/dist-packages/airflow/example_dags/tutorial_dag.py
[2023-11-22T16:04:53.596+0500] {logging_mixin.py:154} INFO - [2023-11-22T16:04:53.595+0500] {dag.py:2941} INFO - Sync 1 DAGs
[2023-11-22T16:04:53.651+0500] {logging_mixin.py:154} INFO - [2023-11-22T16:04:53.650+0500] {dag.py:3722} INFO - Setting next_dagrun for tutorial_dag to None, run_after=None
[2023-11-22T16:04:53.728+0500] {processor.py:179} INFO - Processing /usr/local/lib/python3.10/dist-packages/airflow/example_dags/tutorial_dag.py took 0.273 seconds
[2023-11-22T16:05:24.197+0500] {processor.py:157} INFO - Started process (PID=20178) to work on /usr/local/lib/python3.10/dist-packages/airflow/example_dags/tutorial_dag.py
[2023-11-22T16:05:24.200+0500] {processor.py:829} INFO - Processing file /usr/local/lib/python3.10/dist-packages/airflow/example_dags/tutorial_dag.py for tasks to queue
[2023-11-22T16:05:24.204+0500] {logging_mixin.py:154} INFO - [2023-11-22T16:05:24.202+0500] {dagbag.py:536} INFO - Filling up the DagBag from /usr/local/lib/python3.10/dist-packages/airflow/example_dags/tutorial_dag.py
[2023-11-22T16:05:24.225+0500] {processor.py:839} INFO - DAG(s) dict_keys(['tutorial_dag']) retrieved from /usr/local/lib/python3.10/dist-packages/airflow/example_dags/tutorial_dag.py
[2023-11-22T16:05:24.326+0500] {logging_mixin.py:154} INFO - [2023-11-22T16:05:24.325+0500] {dag.py:2941} INFO - Sync 1 DAGs
[2023-11-22T16:05:24.383+0500] {logging_mixin.py:154} INFO - [2023-11-22T16:05:24.382+0500] {dag.py:3722} INFO - Setting next_dagrun for tutorial_dag to None, run_after=None
[2023-11-22T16:05:24.453+0500] {processor.py:179} INFO - Processing /usr/local/lib/python3.10/dist-packages/airflow/example_dags/tutorial_dag.py took 0.270 seconds
[2023-11-22T16:05:54.587+0500] {processor.py:157} INFO - Started process (PID=20283) to work on /usr/local/lib/python3.10/dist-packages/airflow/example_dags/tutorial_dag.py
[2023-11-22T16:05:54.589+0500] {processor.py:829} INFO - Processing file /usr/local/lib/python3.10/dist-packages/airflow/example_dags/tutorial_dag.py for tasks to queue
[2023-11-22T16:05:54.592+0500] {logging_mixin.py:154} INFO - [2023-11-22T16:05:54.591+0500] {dagbag.py:536} INFO - Filling up the DagBag from /usr/local/lib/python3.10/dist-packages/airflow/example_dags/tutorial_dag.py
[2023-11-22T16:05:54.610+0500] {processor.py:839} INFO - DAG(s) dict_keys(['tutorial_dag']) retrieved from /usr/local/lib/python3.10/dist-packages/airflow/example_dags/tutorial_dag.py
[2023-11-22T16:05:54.704+0500] {logging_mixin.py:154} INFO - [2023-11-22T16:05:54.703+0500] {dag.py:2941} INFO - Sync 1 DAGs
[2023-11-22T16:05:54.756+0500] {logging_mixin.py:154} INFO - [2023-11-22T16:05:54.755+0500] {dag.py:3722} INFO - Setting next_dagrun for tutorial_dag to None, run_after=None
[2023-11-22T16:05:54.828+0500] {processor.py:179} INFO - Processing /usr/local/lib/python3.10/dist-packages/airflow/example_dags/tutorial_dag.py took 0.253 seconds
[2023-11-22T16:06:25.405+0500] {processor.py:157} INFO - Started process (PID=20748) to work on /usr/local/lib/python3.10/dist-packages/airflow/example_dags/tutorial_dag.py
[2023-11-22T16:06:25.408+0500] {processor.py:829} INFO - Processing file /usr/local/lib/python3.10/dist-packages/airflow/example_dags/tutorial_dag.py for tasks to queue
[2023-11-22T16:06:25.412+0500] {logging_mixin.py:154} INFO - [2023-11-22T16:06:25.410+0500] {dagbag.py:536} INFO - Filling up the DagBag from /usr/local/lib/python3.10/dist-packages/airflow/example_dags/tutorial_dag.py
[2023-11-22T16:06:25.431+0500] {processor.py:839} INFO - DAG(s) dict_keys(['tutorial_dag']) retrieved from /usr/local/lib/python3.10/dist-packages/airflow/example_dags/tutorial_dag.py
[2023-11-22T16:06:25.569+0500] {logging_mixin.py:154} INFO - [2023-11-22T16:06:25.568+0500] {dag.py:2941} INFO - Sync 1 DAGs
[2023-11-22T16:06:25.669+0500] {logging_mixin.py:154} INFO - [2023-11-22T16:06:25.668+0500] {dag.py:3722} INFO - Setting next_dagrun for tutorial_dag to None, run_after=None
[2023-11-22T16:06:25.795+0500] {processor.py:179} INFO - Processing /usr/local/lib/python3.10/dist-packages/airflow/example_dags/tutorial_dag.py took 0.407 seconds
