[2023-11-20T21:05:44.799+0500] {processor.py:157} INFO - Started process (PID=27046) to work on /usr/local/lib/python3.10/dist-packages/airflow/example_dags/plugins/event_listener.py
[2023-11-20T21:05:44.802+0500] {processor.py:829} INFO - Processing file /usr/local/lib/python3.10/dist-packages/airflow/example_dags/plugins/event_listener.py for tasks to queue
[2023-11-20T21:05:44.805+0500] {logging_mixin.py:154} INFO - [2023-11-20T21:05:44.804+0500] {dagbag.py:536} INFO - Filling up the DagBag from /usr/local/lib/python3.10/dist-packages/airflow/example_dags/plugins/event_listener.py
[2023-11-20T21:05:44.812+0500] {processor.py:841} WARNING - No viable dags retrieved from /usr/local/lib/python3.10/dist-packages/airflow/example_dags/plugins/event_listener.py
[2023-11-20T21:05:44.875+0500] {processor.py:179} INFO - Processing /usr/local/lib/python3.10/dist-packages/airflow/example_dags/plugins/event_listener.py took 0.088 seconds
[2023-11-20T21:06:15.012+0500] {processor.py:157} INFO - Started process (PID=27236) to work on /usr/local/lib/python3.10/dist-packages/airflow/example_dags/plugins/event_listener.py
[2023-11-20T21:06:15.015+0500] {processor.py:829} INFO - Processing file /usr/local/lib/python3.10/dist-packages/airflow/example_dags/plugins/event_listener.py for tasks to queue
[2023-11-20T21:06:15.018+0500] {logging_mixin.py:154} INFO - [2023-11-20T21:06:15.017+0500] {dagbag.py:536} INFO - Filling up the DagBag from /usr/local/lib/python3.10/dist-packages/airflow/example_dags/plugins/event_listener.py
[2023-11-20T21:06:15.025+0500] {processor.py:841} WARNING - No viable dags retrieved from /usr/local/lib/python3.10/dist-packages/airflow/example_dags/plugins/event_listener.py
[2023-11-20T21:06:15.091+0500] {processor.py:179} INFO - Processing /usr/local/lib/python3.10/dist-packages/airflow/example_dags/plugins/event_listener.py took 0.091 seconds
[2023-11-20T21:06:45.179+0500] {processor.py:157} INFO - Started process (PID=27625) to work on /usr/local/lib/python3.10/dist-packages/airflow/example_dags/plugins/event_listener.py
[2023-11-20T21:06:45.182+0500] {processor.py:829} INFO - Processing file /usr/local/lib/python3.10/dist-packages/airflow/example_dags/plugins/event_listener.py for tasks to queue
[2023-11-20T21:06:45.186+0500] {logging_mixin.py:154} INFO - [2023-11-20T21:06:45.184+0500] {dagbag.py:536} INFO - Filling up the DagBag from /usr/local/lib/python3.10/dist-packages/airflow/example_dags/plugins/event_listener.py
[2023-11-20T21:06:45.194+0500] {processor.py:841} WARNING - No viable dags retrieved from /usr/local/lib/python3.10/dist-packages/airflow/example_dags/plugins/event_listener.py
[2023-11-20T21:06:45.267+0500] {processor.py:179} INFO - Processing /usr/local/lib/python3.10/dist-packages/airflow/example_dags/plugins/event_listener.py took 0.100 seconds
[2023-11-20T21:07:15.549+0500] {processor.py:157} INFO - Started process (PID=27895) to work on /usr/local/lib/python3.10/dist-packages/airflow/example_dags/plugins/event_listener.py
[2023-11-20T21:07:15.553+0500] {processor.py:829} INFO - Processing file /usr/local/lib/python3.10/dist-packages/airflow/example_dags/plugins/event_listener.py for tasks to queue
[2023-11-20T21:07:15.556+0500] {logging_mixin.py:154} INFO - [2023-11-20T21:07:15.555+0500] {dagbag.py:536} INFO - Filling up the DagBag from /usr/local/lib/python3.10/dist-packages/airflow/example_dags/plugins/event_listener.py
[2023-11-20T21:07:15.579+0500] {processor.py:841} WARNING - No viable dags retrieved from /usr/local/lib/python3.10/dist-packages/airflow/example_dags/plugins/event_listener.py
[2023-11-20T21:07:15.761+0500] {processor.py:179} INFO - Processing /usr/local/lib/python3.10/dist-packages/airflow/example_dags/plugins/event_listener.py took 0.224 seconds
[2023-11-20T21:07:46.145+0500] {processor.py:157} INFO - Started process (PID=28144) to work on /usr/local/lib/python3.10/dist-packages/airflow/example_dags/plugins/event_listener.py
[2023-11-20T21:07:46.148+0500] {processor.py:829} INFO - Processing file /usr/local/lib/python3.10/dist-packages/airflow/example_dags/plugins/event_listener.py for tasks to queue
[2023-11-20T21:07:46.151+0500] {logging_mixin.py:154} INFO - [2023-11-20T21:07:46.150+0500] {dagbag.py:536} INFO - Filling up the DagBag from /usr/local/lib/python3.10/dist-packages/airflow/example_dags/plugins/event_listener.py
[2023-11-20T21:07:46.159+0500] {processor.py:841} WARNING - No viable dags retrieved from /usr/local/lib/python3.10/dist-packages/airflow/example_dags/plugins/event_listener.py
[2023-11-20T21:07:46.227+0500] {processor.py:179} INFO - Processing /usr/local/lib/python3.10/dist-packages/airflow/example_dags/plugins/event_listener.py took 0.093 seconds
[2023-11-20T21:08:18.460+0500] {processor.py:157} INFO - Started process (PID=28362) to work on /usr/local/lib/python3.10/dist-packages/airflow/example_dags/plugins/event_listener.py
[2023-11-20T21:08:18.463+0500] {processor.py:829} INFO - Processing file /usr/local/lib/python3.10/dist-packages/airflow/example_dags/plugins/event_listener.py for tasks to queue
[2023-11-20T21:08:18.466+0500] {logging_mixin.py:154} INFO - [2023-11-20T21:08:18.465+0500] {dagbag.py:536} INFO - Filling up the DagBag from /usr/local/lib/python3.10/dist-packages/airflow/example_dags/plugins/event_listener.py
[2023-11-20T21:08:18.475+0500] {processor.py:841} WARNING - No viable dags retrieved from /usr/local/lib/python3.10/dist-packages/airflow/example_dags/plugins/event_listener.py
[2023-11-20T21:08:18.545+0500] {processor.py:179} INFO - Processing /usr/local/lib/python3.10/dist-packages/airflow/example_dags/plugins/event_listener.py took 0.098 seconds
[2023-11-20T21:08:51.684+0500] {processor.py:157} INFO - Started process (PID=28547) to work on /usr/local/lib/python3.10/dist-packages/airflow/example_dags/plugins/event_listener.py
[2023-11-20T21:08:51.688+0500] {processor.py:829} INFO - Processing file /usr/local/lib/python3.10/dist-packages/airflow/example_dags/plugins/event_listener.py for tasks to queue
[2023-11-20T21:08:51.696+0500] {logging_mixin.py:154} INFO - [2023-11-20T21:08:51.694+0500] {dagbag.py:536} INFO - Filling up the DagBag from /usr/local/lib/python3.10/dist-packages/airflow/example_dags/plugins/event_listener.py
[2023-11-20T21:08:51.711+0500] {processor.py:841} WARNING - No viable dags retrieved from /usr/local/lib/python3.10/dist-packages/airflow/example_dags/plugins/event_listener.py
[2023-11-20T21:08:51.814+0500] {processor.py:179} INFO - Processing /usr/local/lib/python3.10/dist-packages/airflow/example_dags/plugins/event_listener.py took 0.148 seconds
[2023-11-20T21:09:23.005+0500] {processor.py:157} INFO - Started process (PID=28749) to work on /usr/local/lib/python3.10/dist-packages/airflow/example_dags/plugins/event_listener.py
[2023-11-20T21:09:23.008+0500] {processor.py:829} INFO - Processing file /usr/local/lib/python3.10/dist-packages/airflow/example_dags/plugins/event_listener.py for tasks to queue
[2023-11-20T21:09:23.012+0500] {logging_mixin.py:154} INFO - [2023-11-20T21:09:23.010+0500] {dagbag.py:536} INFO - Filling up the DagBag from /usr/local/lib/python3.10/dist-packages/airflow/example_dags/plugins/event_listener.py
[2023-11-20T21:09:23.021+0500] {processor.py:841} WARNING - No viable dags retrieved from /usr/local/lib/python3.10/dist-packages/airflow/example_dags/plugins/event_listener.py
[2023-11-20T21:09:23.094+0500] {processor.py:179} INFO - Processing /usr/local/lib/python3.10/dist-packages/airflow/example_dags/plugins/event_listener.py took 0.105 seconds
[2023-11-20T21:09:53.540+0500] {processor.py:157} INFO - Started process (PID=29001) to work on /usr/local/lib/python3.10/dist-packages/airflow/example_dags/plugins/event_listener.py
[2023-11-20T21:09:53.544+0500] {processor.py:829} INFO - Processing file /usr/local/lib/python3.10/dist-packages/airflow/example_dags/plugins/event_listener.py for tasks to queue
[2023-11-20T21:09:53.548+0500] {logging_mixin.py:154} INFO - [2023-11-20T21:09:53.547+0500] {dagbag.py:536} INFO - Filling up the DagBag from /usr/local/lib/python3.10/dist-packages/airflow/example_dags/plugins/event_listener.py
[2023-11-20T21:09:53.559+0500] {processor.py:841} WARNING - No viable dags retrieved from /usr/local/lib/python3.10/dist-packages/airflow/example_dags/plugins/event_listener.py
[2023-11-20T21:09:53.704+0500] {processor.py:179} INFO - Processing /usr/local/lib/python3.10/dist-packages/airflow/example_dags/plugins/event_listener.py took 0.176 seconds
[2023-11-20T21:10:26.027+0500] {processor.py:157} INFO - Started process (PID=29279) to work on /usr/local/lib/python3.10/dist-packages/airflow/example_dags/plugins/event_listener.py
[2023-11-20T21:10:26.031+0500] {processor.py:829} INFO - Processing file /usr/local/lib/python3.10/dist-packages/airflow/example_dags/plugins/event_listener.py for tasks to queue
[2023-11-20T21:10:26.036+0500] {logging_mixin.py:154} INFO - [2023-11-20T21:10:26.035+0500] {dagbag.py:536} INFO - Filling up the DagBag from /usr/local/lib/python3.10/dist-packages/airflow/example_dags/plugins/event_listener.py
[2023-11-20T21:10:26.050+0500] {processor.py:841} WARNING - No viable dags retrieved from /usr/local/lib/python3.10/dist-packages/airflow/example_dags/plugins/event_listener.py
[2023-11-20T21:10:26.140+0500] {processor.py:179} INFO - Processing /usr/local/lib/python3.10/dist-packages/airflow/example_dags/plugins/event_listener.py took 0.150 seconds
[2023-11-20T21:10:56.561+0500] {processor.py:157} INFO - Started process (PID=29444) to work on /usr/local/lib/python3.10/dist-packages/airflow/example_dags/plugins/event_listener.py
[2023-11-20T21:10:56.563+0500] {processor.py:829} INFO - Processing file /usr/local/lib/python3.10/dist-packages/airflow/example_dags/plugins/event_listener.py for tasks to queue
[2023-11-20T21:10:56.567+0500] {logging_mixin.py:154} INFO - [2023-11-20T21:10:56.565+0500] {dagbag.py:536} INFO - Filling up the DagBag from /usr/local/lib/python3.10/dist-packages/airflow/example_dags/plugins/event_listener.py
[2023-11-20T21:10:56.574+0500] {processor.py:841} WARNING - No viable dags retrieved from /usr/local/lib/python3.10/dist-packages/airflow/example_dags/plugins/event_listener.py
[2023-11-20T21:10:56.649+0500] {processor.py:179} INFO - Processing /usr/local/lib/python3.10/dist-packages/airflow/example_dags/plugins/event_listener.py took 0.100 seconds
[2023-11-20T21:11:26.772+0500] {processor.py:157} INFO - Started process (PID=29554) to work on /usr/local/lib/python3.10/dist-packages/airflow/example_dags/plugins/event_listener.py
[2023-11-20T21:11:26.774+0500] {processor.py:829} INFO - Processing file /usr/local/lib/python3.10/dist-packages/airflow/example_dags/plugins/event_listener.py for tasks to queue
[2023-11-20T21:11:26.777+0500] {logging_mixin.py:154} INFO - [2023-11-20T21:11:26.776+0500] {dagbag.py:536} INFO - Filling up the DagBag from /usr/local/lib/python3.10/dist-packages/airflow/example_dags/plugins/event_listener.py
[2023-11-20T21:11:26.785+0500] {processor.py:841} WARNING - No viable dags retrieved from /usr/local/lib/python3.10/dist-packages/airflow/example_dags/plugins/event_listener.py
[2023-11-20T21:11:26.851+0500] {processor.py:179} INFO - Processing /usr/local/lib/python3.10/dist-packages/airflow/example_dags/plugins/event_listener.py took 0.090 seconds
[2023-11-20T21:11:57.558+0500] {processor.py:157} INFO - Started process (PID=29774) to work on /usr/local/lib/python3.10/dist-packages/airflow/example_dags/plugins/event_listener.py
[2023-11-20T21:11:57.564+0500] {processor.py:829} INFO - Processing file /usr/local/lib/python3.10/dist-packages/airflow/example_dags/plugins/event_listener.py for tasks to queue
[2023-11-20T21:11:57.567+0500] {logging_mixin.py:154} INFO - [2023-11-20T21:11:57.566+0500] {dagbag.py:536} INFO - Filling up the DagBag from /usr/local/lib/python3.10/dist-packages/airflow/example_dags/plugins/event_listener.py
[2023-11-20T21:11:57.588+0500] {processor.py:841} WARNING - No viable dags retrieved from /usr/local/lib/python3.10/dist-packages/airflow/example_dags/plugins/event_listener.py
[2023-11-20T21:11:57.692+0500] {processor.py:179} INFO - Processing /usr/local/lib/python3.10/dist-packages/airflow/example_dags/plugins/event_listener.py took 0.158 seconds
[2023-11-20T21:12:27.974+0500] {processor.py:157} INFO - Started process (PID=29966) to work on /usr/local/lib/python3.10/dist-packages/airflow/example_dags/plugins/event_listener.py
[2023-11-20T21:12:27.977+0500] {processor.py:829} INFO - Processing file /usr/local/lib/python3.10/dist-packages/airflow/example_dags/plugins/event_listener.py for tasks to queue
[2023-11-20T21:12:27.980+0500] {logging_mixin.py:154} INFO - [2023-11-20T21:12:27.979+0500] {dagbag.py:536} INFO - Filling up the DagBag from /usr/local/lib/python3.10/dist-packages/airflow/example_dags/plugins/event_listener.py
[2023-11-20T21:12:27.990+0500] {processor.py:841} WARNING - No viable dags retrieved from /usr/local/lib/python3.10/dist-packages/airflow/example_dags/plugins/event_listener.py
[2023-11-20T21:12:28.121+0500] {processor.py:179} INFO - Processing /usr/local/lib/python3.10/dist-packages/airflow/example_dags/plugins/event_listener.py took 0.159 seconds
[2023-11-20T21:12:58.276+0500] {processor.py:157} INFO - Started process (PID=30125) to work on /usr/local/lib/python3.10/dist-packages/airflow/example_dags/plugins/event_listener.py
[2023-11-20T21:12:58.283+0500] {processor.py:829} INFO - Processing file /usr/local/lib/python3.10/dist-packages/airflow/example_dags/plugins/event_listener.py for tasks to queue
[2023-11-20T21:12:58.292+0500] {logging_mixin.py:154} INFO - [2023-11-20T21:12:58.285+0500] {dagbag.py:536} INFO - Filling up the DagBag from /usr/local/lib/python3.10/dist-packages/airflow/example_dags/plugins/event_listener.py
[2023-11-20T21:12:58.324+0500] {processor.py:841} WARNING - No viable dags retrieved from /usr/local/lib/python3.10/dist-packages/airflow/example_dags/plugins/event_listener.py
[2023-11-20T21:12:58.471+0500] {processor.py:179} INFO - Processing /usr/local/lib/python3.10/dist-packages/airflow/example_dags/plugins/event_listener.py took 0.227 seconds
[2023-11-20T21:13:28.729+0500] {processor.py:157} INFO - Started process (PID=30289) to work on /usr/local/lib/python3.10/dist-packages/airflow/example_dags/plugins/event_listener.py
[2023-11-20T21:13:28.732+0500] {processor.py:829} INFO - Processing file /usr/local/lib/python3.10/dist-packages/airflow/example_dags/plugins/event_listener.py for tasks to queue
[2023-11-20T21:13:28.735+0500] {logging_mixin.py:154} INFO - [2023-11-20T21:13:28.734+0500] {dagbag.py:536} INFO - Filling up the DagBag from /usr/local/lib/python3.10/dist-packages/airflow/example_dags/plugins/event_listener.py
[2023-11-20T21:13:28.744+0500] {processor.py:841} WARNING - No viable dags retrieved from /usr/local/lib/python3.10/dist-packages/airflow/example_dags/plugins/event_listener.py
[2023-11-20T21:13:28.813+0500] {processor.py:179} INFO - Processing /usr/local/lib/python3.10/dist-packages/airflow/example_dags/plugins/event_listener.py took 0.095 seconds
[2023-11-20T21:13:59.001+0500] {processor.py:157} INFO - Started process (PID=30389) to work on /usr/local/lib/python3.10/dist-packages/airflow/example_dags/plugins/event_listener.py
[2023-11-20T21:13:59.004+0500] {processor.py:829} INFO - Processing file /usr/local/lib/python3.10/dist-packages/airflow/example_dags/plugins/event_listener.py for tasks to queue
[2023-11-20T21:13:59.007+0500] {logging_mixin.py:154} INFO - [2023-11-20T21:13:59.006+0500] {dagbag.py:536} INFO - Filling up the DagBag from /usr/local/lib/python3.10/dist-packages/airflow/example_dags/plugins/event_listener.py
[2023-11-20T21:13:59.015+0500] {processor.py:841} WARNING - No viable dags retrieved from /usr/local/lib/python3.10/dist-packages/airflow/example_dags/plugins/event_listener.py
[2023-11-20T21:13:59.084+0500] {processor.py:179} INFO - Processing /usr/local/lib/python3.10/dist-packages/airflow/example_dags/plugins/event_listener.py took 0.095 seconds
[2023-11-20T21:14:29.611+0500] {processor.py:157} INFO - Started process (PID=30504) to work on /usr/local/lib/python3.10/dist-packages/airflow/example_dags/plugins/event_listener.py
[2023-11-20T21:14:29.614+0500] {processor.py:829} INFO - Processing file /usr/local/lib/python3.10/dist-packages/airflow/example_dags/plugins/event_listener.py for tasks to queue
[2023-11-20T21:14:29.617+0500] {logging_mixin.py:154} INFO - [2023-11-20T21:14:29.616+0500] {dagbag.py:536} INFO - Filling up the DagBag from /usr/local/lib/python3.10/dist-packages/airflow/example_dags/plugins/event_listener.py
[2023-11-20T21:14:29.626+0500] {processor.py:841} WARNING - No viable dags retrieved from /usr/local/lib/python3.10/dist-packages/airflow/example_dags/plugins/event_listener.py
[2023-11-20T21:14:29.692+0500] {processor.py:179} INFO - Processing /usr/local/lib/python3.10/dist-packages/airflow/example_dags/plugins/event_listener.py took 0.092 seconds
[2023-11-20T21:15:05.439+0500] {processor.py:157} INFO - Started process (PID=30746) to work on /usr/local/lib/python3.10/dist-packages/airflow/example_dags/plugins/event_listener.py
[2023-11-20T21:15:05.452+0500] {processor.py:829} INFO - Processing file /usr/local/lib/python3.10/dist-packages/airflow/example_dags/plugins/event_listener.py for tasks to queue
[2023-11-20T21:15:05.456+0500] {logging_mixin.py:154} INFO - [2023-11-20T21:15:05.454+0500] {dagbag.py:536} INFO - Filling up the DagBag from /usr/local/lib/python3.10/dist-packages/airflow/example_dags/plugins/event_listener.py
[2023-11-20T21:15:05.473+0500] {processor.py:841} WARNING - No viable dags retrieved from /usr/local/lib/python3.10/dist-packages/airflow/example_dags/plugins/event_listener.py
[2023-11-20T21:15:05.597+0500] {processor.py:179} INFO - Processing /usr/local/lib/python3.10/dist-packages/airflow/example_dags/plugins/event_listener.py took 0.172 seconds
[2023-11-20T21:15:37.088+0500] {processor.py:157} INFO - Started process (PID=30972) to work on /usr/local/lib/python3.10/dist-packages/airflow/example_dags/plugins/event_listener.py
[2023-11-20T21:15:37.092+0500] {processor.py:829} INFO - Processing file /usr/local/lib/python3.10/dist-packages/airflow/example_dags/plugins/event_listener.py for tasks to queue
[2023-11-20T21:15:37.095+0500] {logging_mixin.py:154} INFO - [2023-11-20T21:15:37.094+0500] {dagbag.py:536} INFO - Filling up the DagBag from /usr/local/lib/python3.10/dist-packages/airflow/example_dags/plugins/event_listener.py
[2023-11-20T21:15:37.105+0500] {processor.py:841} WARNING - No viable dags retrieved from /usr/local/lib/python3.10/dist-packages/airflow/example_dags/plugins/event_listener.py
[2023-11-20T21:15:37.187+0500] {processor.py:179} INFO - Processing /usr/local/lib/python3.10/dist-packages/airflow/example_dags/plugins/event_listener.py took 0.111 seconds
[2023-11-20T21:16:07.636+0500] {processor.py:157} INFO - Started process (PID=31126) to work on /usr/local/lib/python3.10/dist-packages/airflow/example_dags/plugins/event_listener.py
[2023-11-20T21:16:07.639+0500] {processor.py:829} INFO - Processing file /usr/local/lib/python3.10/dist-packages/airflow/example_dags/plugins/event_listener.py for tasks to queue
[2023-11-20T21:16:07.642+0500] {logging_mixin.py:154} INFO - [2023-11-20T21:16:07.641+0500] {dagbag.py:536} INFO - Filling up the DagBag from /usr/local/lib/python3.10/dist-packages/airflow/example_dags/plugins/event_listener.py
[2023-11-20T21:16:07.650+0500] {processor.py:841} WARNING - No viable dags retrieved from /usr/local/lib/python3.10/dist-packages/airflow/example_dags/plugins/event_listener.py
[2023-11-20T21:16:07.722+0500] {processor.py:179} INFO - Processing /usr/local/lib/python3.10/dist-packages/airflow/example_dags/plugins/event_listener.py took 0.098 seconds
[2023-11-20T21:16:38.590+0500] {processor.py:157} INFO - Started process (PID=31225) to work on /usr/local/lib/python3.10/dist-packages/airflow/example_dags/plugins/event_listener.py
[2023-11-20T21:16:38.593+0500] {processor.py:829} INFO - Processing file /usr/local/lib/python3.10/dist-packages/airflow/example_dags/plugins/event_listener.py for tasks to queue
[2023-11-20T21:16:38.596+0500] {logging_mixin.py:154} INFO - [2023-11-20T21:16:38.595+0500] {dagbag.py:536} INFO - Filling up the DagBag from /usr/local/lib/python3.10/dist-packages/airflow/example_dags/plugins/event_listener.py
[2023-11-20T21:16:38.604+0500] {processor.py:841} WARNING - No viable dags retrieved from /usr/local/lib/python3.10/dist-packages/airflow/example_dags/plugins/event_listener.py
[2023-11-20T21:16:38.674+0500] {processor.py:179} INFO - Processing /usr/local/lib/python3.10/dist-packages/airflow/example_dags/plugins/event_listener.py took 0.095 seconds
[2023-11-20T21:17:09.050+0500] {processor.py:157} INFO - Started process (PID=31352) to work on /usr/local/lib/python3.10/dist-packages/airflow/example_dags/plugins/event_listener.py
[2023-11-20T21:17:09.053+0500] {processor.py:829} INFO - Processing file /usr/local/lib/python3.10/dist-packages/airflow/example_dags/plugins/event_listener.py for tasks to queue
[2023-11-20T21:17:09.056+0500] {logging_mixin.py:154} INFO - [2023-11-20T21:17:09.055+0500] {dagbag.py:536} INFO - Filling up the DagBag from /usr/local/lib/python3.10/dist-packages/airflow/example_dags/plugins/event_listener.py
[2023-11-20T21:17:09.066+0500] {processor.py:841} WARNING - No viable dags retrieved from /usr/local/lib/python3.10/dist-packages/airflow/example_dags/plugins/event_listener.py
[2023-11-20T21:17:09.151+0500] {processor.py:179} INFO - Processing /usr/local/lib/python3.10/dist-packages/airflow/example_dags/plugins/event_listener.py took 0.114 seconds
[2023-11-20T21:17:39.710+0500] {processor.py:157} INFO - Started process (PID=31456) to work on /usr/local/lib/python3.10/dist-packages/airflow/example_dags/plugins/event_listener.py
[2023-11-20T21:17:39.716+0500] {processor.py:829} INFO - Processing file /usr/local/lib/python3.10/dist-packages/airflow/example_dags/plugins/event_listener.py for tasks to queue
[2023-11-20T21:17:39.719+0500] {logging_mixin.py:154} INFO - [2023-11-20T21:17:39.718+0500] {dagbag.py:536} INFO - Filling up the DagBag from /usr/local/lib/python3.10/dist-packages/airflow/example_dags/plugins/event_listener.py
[2023-11-20T21:17:39.727+0500] {processor.py:841} WARNING - No viable dags retrieved from /usr/local/lib/python3.10/dist-packages/airflow/example_dags/plugins/event_listener.py
[2023-11-20T21:17:39.798+0500] {processor.py:179} INFO - Processing /usr/local/lib/python3.10/dist-packages/airflow/example_dags/plugins/event_listener.py took 0.102 seconds
[2023-11-20T21:18:11.221+0500] {processor.py:157} INFO - Started process (PID=31570) to work on /usr/local/lib/python3.10/dist-packages/airflow/example_dags/plugins/event_listener.py
[2023-11-20T21:18:11.227+0500] {processor.py:829} INFO - Processing file /usr/local/lib/python3.10/dist-packages/airflow/example_dags/plugins/event_listener.py for tasks to queue
[2023-11-20T21:18:11.230+0500] {logging_mixin.py:154} INFO - [2023-11-20T21:18:11.229+0500] {dagbag.py:536} INFO - Filling up the DagBag from /usr/local/lib/python3.10/dist-packages/airflow/example_dags/plugins/event_listener.py
[2023-11-20T21:18:11.237+0500] {processor.py:841} WARNING - No viable dags retrieved from /usr/local/lib/python3.10/dist-packages/airflow/example_dags/plugins/event_listener.py
[2023-11-20T21:18:11.329+0500] {processor.py:179} INFO - Processing /usr/local/lib/python3.10/dist-packages/airflow/example_dags/plugins/event_listener.py took 0.120 seconds
[2023-11-20T21:18:41.724+0500] {processor.py:157} INFO - Started process (PID=31679) to work on /usr/local/lib/python3.10/dist-packages/airflow/example_dags/plugins/event_listener.py
[2023-11-20T21:18:41.751+0500] {processor.py:829} INFO - Processing file /usr/local/lib/python3.10/dist-packages/airflow/example_dags/plugins/event_listener.py for tasks to queue
[2023-11-20T21:18:41.762+0500] {logging_mixin.py:154} INFO - [2023-11-20T21:18:41.761+0500] {dagbag.py:536} INFO - Filling up the DagBag from /usr/local/lib/python3.10/dist-packages/airflow/example_dags/plugins/event_listener.py
[2023-11-20T21:18:41.783+0500] {processor.py:841} WARNING - No viable dags retrieved from /usr/local/lib/python3.10/dist-packages/airflow/example_dags/plugins/event_listener.py
[2023-11-20T21:18:41.854+0500] {processor.py:179} INFO - Processing /usr/local/lib/python3.10/dist-packages/airflow/example_dags/plugins/event_listener.py took 0.176 seconds
[2023-11-20T21:19:12.140+0500] {processor.py:157} INFO - Started process (PID=31783) to work on /usr/local/lib/python3.10/dist-packages/airflow/example_dags/plugins/event_listener.py
[2023-11-20T21:19:12.144+0500] {processor.py:829} INFO - Processing file /usr/local/lib/python3.10/dist-packages/airflow/example_dags/plugins/event_listener.py for tasks to queue
[2023-11-20T21:19:12.147+0500] {logging_mixin.py:154} INFO - [2023-11-20T21:19:12.146+0500] {dagbag.py:536} INFO - Filling up the DagBag from /usr/local/lib/python3.10/dist-packages/airflow/example_dags/plugins/event_listener.py
[2023-11-20T21:19:12.162+0500] {processor.py:841} WARNING - No viable dags retrieved from /usr/local/lib/python3.10/dist-packages/airflow/example_dags/plugins/event_listener.py
[2023-11-20T21:19:12.279+0500] {processor.py:179} INFO - Processing /usr/local/lib/python3.10/dist-packages/airflow/example_dags/plugins/event_listener.py took 0.152 seconds
[2023-11-20T21:19:42.573+0500] {processor.py:157} INFO - Started process (PID=31948) to work on /usr/local/lib/python3.10/dist-packages/airflow/example_dags/plugins/event_listener.py
[2023-11-20T21:19:42.575+0500] {processor.py:829} INFO - Processing file /usr/local/lib/python3.10/dist-packages/airflow/example_dags/plugins/event_listener.py for tasks to queue
[2023-11-20T21:19:42.578+0500] {logging_mixin.py:154} INFO - [2023-11-20T21:19:42.577+0500] {dagbag.py:536} INFO - Filling up the DagBag from /usr/local/lib/python3.10/dist-packages/airflow/example_dags/plugins/event_listener.py
[2023-11-20T21:19:42.586+0500] {processor.py:841} WARNING - No viable dags retrieved from /usr/local/lib/python3.10/dist-packages/airflow/example_dags/plugins/event_listener.py
[2023-11-20T21:19:42.655+0500] {processor.py:179} INFO - Processing /usr/local/lib/python3.10/dist-packages/airflow/example_dags/plugins/event_listener.py took 0.095 seconds
[2023-11-20T21:20:13.556+0500] {processor.py:157} INFO - Started process (PID=32499) to work on /usr/local/lib/python3.10/dist-packages/airflow/example_dags/plugins/event_listener.py
[2023-11-20T21:20:13.559+0500] {processor.py:829} INFO - Processing file /usr/local/lib/python3.10/dist-packages/airflow/example_dags/plugins/event_listener.py for tasks to queue
[2023-11-20T21:20:13.563+0500] {logging_mixin.py:154} INFO - [2023-11-20T21:20:13.562+0500] {dagbag.py:536} INFO - Filling up the DagBag from /usr/local/lib/python3.10/dist-packages/airflow/example_dags/plugins/event_listener.py
[2023-11-20T21:20:13.573+0500] {processor.py:841} WARNING - No viable dags retrieved from /usr/local/lib/python3.10/dist-packages/airflow/example_dags/plugins/event_listener.py
[2023-11-20T21:20:13.647+0500] {processor.py:179} INFO - Processing /usr/local/lib/python3.10/dist-packages/airflow/example_dags/plugins/event_listener.py took 0.103 seconds
[2023-11-20T21:20:46.188+0500] {processor.py:157} INFO - Started process (PID=32760) to work on /usr/local/lib/python3.10/dist-packages/airflow/example_dags/plugins/event_listener.py
[2023-11-20T21:20:46.195+0500] {processor.py:829} INFO - Processing file /usr/local/lib/python3.10/dist-packages/airflow/example_dags/plugins/event_listener.py for tasks to queue
[2023-11-20T21:20:46.207+0500] {logging_mixin.py:154} INFO - [2023-11-20T21:20:46.197+0500] {dagbag.py:536} INFO - Filling up the DagBag from /usr/local/lib/python3.10/dist-packages/airflow/example_dags/plugins/event_listener.py
[2023-11-20T21:20:46.215+0500] {processor.py:841} WARNING - No viable dags retrieved from /usr/local/lib/python3.10/dist-packages/airflow/example_dags/plugins/event_listener.py
[2023-11-20T21:20:46.291+0500] {processor.py:179} INFO - Processing /usr/local/lib/python3.10/dist-packages/airflow/example_dags/plugins/event_listener.py took 0.134 seconds
[2023-11-20T21:21:39.899+0500] {processor.py:157} INFO - Started process (PID=33021) to work on /usr/local/lib/python3.10/dist-packages/airflow/example_dags/plugins/event_listener.py
[2023-11-20T21:21:39.902+0500] {processor.py:829} INFO - Processing file /usr/local/lib/python3.10/dist-packages/airflow/example_dags/plugins/event_listener.py for tasks to queue
[2023-11-20T21:21:39.905+0500] {logging_mixin.py:154} INFO - [2023-11-20T21:21:39.904+0500] {dagbag.py:536} INFO - Filling up the DagBag from /usr/local/lib/python3.10/dist-packages/airflow/example_dags/plugins/event_listener.py
[2023-11-20T21:21:39.913+0500] {processor.py:841} WARNING - No viable dags retrieved from /usr/local/lib/python3.10/dist-packages/airflow/example_dags/plugins/event_listener.py
[2023-11-20T21:21:39.988+0500] {processor.py:179} INFO - Processing /usr/local/lib/python3.10/dist-packages/airflow/example_dags/plugins/event_listener.py took 0.102 seconds
[2023-11-20T21:22:14.579+0500] {processor.py:157} INFO - Started process (PID=33165) to work on /usr/local/lib/python3.10/dist-packages/airflow/example_dags/plugins/event_listener.py
[2023-11-20T21:22:14.585+0500] {processor.py:829} INFO - Processing file /usr/local/lib/python3.10/dist-packages/airflow/example_dags/plugins/event_listener.py for tasks to queue
[2023-11-20T21:22:14.589+0500] {logging_mixin.py:154} INFO - [2023-11-20T21:22:14.587+0500] {dagbag.py:536} INFO - Filling up the DagBag from /usr/local/lib/python3.10/dist-packages/airflow/example_dags/plugins/event_listener.py
[2023-11-20T21:22:14.600+0500] {processor.py:841} WARNING - No viable dags retrieved from /usr/local/lib/python3.10/dist-packages/airflow/example_dags/plugins/event_listener.py
[2023-11-20T21:22:14.704+0500] {processor.py:179} INFO - Processing /usr/local/lib/python3.10/dist-packages/airflow/example_dags/plugins/event_listener.py took 0.137 seconds
[2023-11-20T21:22:45.532+0500] {processor.py:157} INFO - Started process (PID=33261) to work on /usr/local/lib/python3.10/dist-packages/airflow/example_dags/plugins/event_listener.py
[2023-11-20T21:22:45.541+0500] {processor.py:829} INFO - Processing file /usr/local/lib/python3.10/dist-packages/airflow/example_dags/plugins/event_listener.py for tasks to queue
[2023-11-20T21:22:45.544+0500] {logging_mixin.py:154} INFO - [2023-11-20T21:22:45.543+0500] {dagbag.py:536} INFO - Filling up the DagBag from /usr/local/lib/python3.10/dist-packages/airflow/example_dags/plugins/event_listener.py
[2023-11-20T21:22:45.552+0500] {processor.py:841} WARNING - No viable dags retrieved from /usr/local/lib/python3.10/dist-packages/airflow/example_dags/plugins/event_listener.py
[2023-11-20T21:22:45.629+0500] {processor.py:179} INFO - Processing /usr/local/lib/python3.10/dist-packages/airflow/example_dags/plugins/event_listener.py took 0.109 seconds
[2023-11-20T21:23:15.825+0500] {processor.py:157} INFO - Started process (PID=33436) to work on /usr/local/lib/python3.10/dist-packages/airflow/example_dags/plugins/event_listener.py
[2023-11-20T21:23:15.828+0500] {processor.py:829} INFO - Processing file /usr/local/lib/python3.10/dist-packages/airflow/example_dags/plugins/event_listener.py for tasks to queue
[2023-11-20T21:23:15.832+0500] {logging_mixin.py:154} INFO - [2023-11-20T21:23:15.830+0500] {dagbag.py:536} INFO - Filling up the DagBag from /usr/local/lib/python3.10/dist-packages/airflow/example_dags/plugins/event_listener.py
[2023-11-20T21:23:15.840+0500] {processor.py:841} WARNING - No viable dags retrieved from /usr/local/lib/python3.10/dist-packages/airflow/example_dags/plugins/event_listener.py
[2023-11-20T21:23:15.904+0500] {processor.py:179} INFO - Processing /usr/local/lib/python3.10/dist-packages/airflow/example_dags/plugins/event_listener.py took 0.091 seconds
[2023-11-20T21:23:46.498+0500] {processor.py:157} INFO - Started process (PID=33540) to work on /usr/local/lib/python3.10/dist-packages/airflow/example_dags/plugins/event_listener.py
[2023-11-20T21:23:46.504+0500] {processor.py:829} INFO - Processing file /usr/local/lib/python3.10/dist-packages/airflow/example_dags/plugins/event_listener.py for tasks to queue
[2023-11-20T21:23:46.509+0500] {logging_mixin.py:154} INFO - [2023-11-20T21:23:46.508+0500] {dagbag.py:536} INFO - Filling up the DagBag from /usr/local/lib/python3.10/dist-packages/airflow/example_dags/plugins/event_listener.py
[2023-11-20T21:23:46.521+0500] {processor.py:841} WARNING - No viable dags retrieved from /usr/local/lib/python3.10/dist-packages/airflow/example_dags/plugins/event_listener.py
[2023-11-20T21:23:46.605+0500] {processor.py:179} INFO - Processing /usr/local/lib/python3.10/dist-packages/airflow/example_dags/plugins/event_listener.py took 0.123 seconds
[2023-11-20T21:24:21.364+0500] {processor.py:157} INFO - Started process (PID=33652) to work on /usr/local/lib/python3.10/dist-packages/airflow/example_dags/plugins/event_listener.py
[2023-11-20T21:24:21.368+0500] {processor.py:829} INFO - Processing file /usr/local/lib/python3.10/dist-packages/airflow/example_dags/plugins/event_listener.py for tasks to queue
[2023-11-20T21:24:21.371+0500] {logging_mixin.py:154} INFO - [2023-11-20T21:24:21.370+0500] {dagbag.py:536} INFO - Filling up the DagBag from /usr/local/lib/python3.10/dist-packages/airflow/example_dags/plugins/event_listener.py
[2023-11-20T21:24:21.388+0500] {processor.py:841} WARNING - No viable dags retrieved from /usr/local/lib/python3.10/dist-packages/airflow/example_dags/plugins/event_listener.py
[2023-11-20T21:24:21.539+0500] {processor.py:179} INFO - Processing /usr/local/lib/python3.10/dist-packages/airflow/example_dags/plugins/event_listener.py took 0.215 seconds
[2023-11-20T21:24:53.953+0500] {processor.py:157} INFO - Started process (PID=33734) to work on /usr/local/lib/python3.10/dist-packages/airflow/example_dags/plugins/event_listener.py
[2023-11-20T21:24:53.972+0500] {processor.py:829} INFO - Processing file /usr/local/lib/python3.10/dist-packages/airflow/example_dags/plugins/event_listener.py for tasks to queue
[2023-11-20T21:24:53.976+0500] {logging_mixin.py:154} INFO - [2023-11-20T21:24:53.974+0500] {dagbag.py:536} INFO - Filling up the DagBag from /usr/local/lib/python3.10/dist-packages/airflow/example_dags/plugins/event_listener.py
[2023-11-20T21:24:53.990+0500] {processor.py:841} WARNING - No viable dags retrieved from /usr/local/lib/python3.10/dist-packages/airflow/example_dags/plugins/event_listener.py
[2023-11-20T21:24:54.089+0500] {processor.py:179} INFO - Processing /usr/local/lib/python3.10/dist-packages/airflow/example_dags/plugins/event_listener.py took 0.215 seconds
[2023-11-20T21:25:37.240+0500] {processor.py:157} INFO - Started process (PID=33834) to work on /usr/local/lib/python3.10/dist-packages/airflow/example_dags/plugins/event_listener.py
[2023-11-20T21:25:37.247+0500] {processor.py:829} INFO - Processing file /usr/local/lib/python3.10/dist-packages/airflow/example_dags/plugins/event_listener.py for tasks to queue
[2023-11-20T21:25:37.252+0500] {logging_mixin.py:154} INFO - [2023-11-20T21:25:37.250+0500] {dagbag.py:536} INFO - Filling up the DagBag from /usr/local/lib/python3.10/dist-packages/airflow/example_dags/plugins/event_listener.py
[2023-11-20T21:25:37.277+0500] {processor.py:841} WARNING - No viable dags retrieved from /usr/local/lib/python3.10/dist-packages/airflow/example_dags/plugins/event_listener.py
[2023-11-20T21:25:37.631+0500] {processor.py:179} INFO - Processing /usr/local/lib/python3.10/dist-packages/airflow/example_dags/plugins/event_listener.py took 0.448 seconds
[2023-11-20T21:26:17.511+0500] {processor.py:157} INFO - Started process (PID=33997) to work on /usr/local/lib/python3.10/dist-packages/airflow/example_dags/plugins/event_listener.py
[2023-11-20T21:26:17.528+0500] {processor.py:829} INFO - Processing file /usr/local/lib/python3.10/dist-packages/airflow/example_dags/plugins/event_listener.py for tasks to queue
[2023-11-20T21:26:17.533+0500] {logging_mixin.py:154} INFO - [2023-11-20T21:26:17.531+0500] {dagbag.py:536} INFO - Filling up the DagBag from /usr/local/lib/python3.10/dist-packages/airflow/example_dags/plugins/event_listener.py
[2023-11-20T21:26:17.567+0500] {processor.py:841} WARNING - No viable dags retrieved from /usr/local/lib/python3.10/dist-packages/airflow/example_dags/plugins/event_listener.py
[2023-11-20T21:26:17.664+0500] {processor.py:179} INFO - Processing /usr/local/lib/python3.10/dist-packages/airflow/example_dags/plugins/event_listener.py took 0.167 seconds
[2023-11-20T21:26:48.760+0500] {processor.py:157} INFO - Started process (PID=34073) to work on /usr/local/lib/python3.10/dist-packages/airflow/example_dags/plugins/event_listener.py
[2023-11-20T21:26:48.765+0500] {processor.py:829} INFO - Processing file /usr/local/lib/python3.10/dist-packages/airflow/example_dags/plugins/event_listener.py for tasks to queue
[2023-11-20T21:26:48.769+0500] {logging_mixin.py:154} INFO - [2023-11-20T21:26:48.768+0500] {dagbag.py:536} INFO - Filling up the DagBag from /usr/local/lib/python3.10/dist-packages/airflow/example_dags/plugins/event_listener.py
[2023-11-20T21:26:48.810+0500] {processor.py:841} WARNING - No viable dags retrieved from /usr/local/lib/python3.10/dist-packages/airflow/example_dags/plugins/event_listener.py
[2023-11-20T21:26:49.528+0500] {processor.py:179} INFO - Processing /usr/local/lib/python3.10/dist-packages/airflow/example_dags/plugins/event_listener.py took 0.780 seconds
[2023-11-20T21:28:15.323+0500] {processor.py:157} INFO - Started process (PID=34188) to work on /usr/local/lib/python3.10/dist-packages/airflow/example_dags/plugins/event_listener.py
[2023-11-20T21:28:15.349+0500] {processor.py:829} INFO - Processing file /usr/local/lib/python3.10/dist-packages/airflow/example_dags/plugins/event_listener.py for tasks to queue
[2023-11-20T21:28:15.368+0500] {logging_mixin.py:154} INFO - [2023-11-20T21:28:15.366+0500] {dagbag.py:536} INFO - Filling up the DagBag from /usr/local/lib/python3.10/dist-packages/airflow/example_dags/plugins/event_listener.py
[2023-11-20T21:28:15.384+0500] {processor.py:841} WARNING - No viable dags retrieved from /usr/local/lib/python3.10/dist-packages/airflow/example_dags/plugins/event_listener.py
[2023-11-20T21:28:15.767+0500] {processor.py:179} INFO - Processing /usr/local/lib/python3.10/dist-packages/airflow/example_dags/plugins/event_listener.py took 0.487 seconds
[2023-11-20T21:30:27.562+0500] {processor.py:157} INFO - Started process (PID=34393) to work on /usr/local/lib/python3.10/dist-packages/airflow/example_dags/plugins/event_listener.py
[2023-11-20T21:30:27.766+0500] {processor.py:829} INFO - Processing file /usr/local/lib/python3.10/dist-packages/airflow/example_dags/plugins/event_listener.py for tasks to queue
[2023-11-20T21:30:27.797+0500] {logging_mixin.py:154} INFO - [2023-11-20T21:30:27.768+0500] {dagbag.py:536} INFO - Filling up the DagBag from /usr/local/lib/python3.10/dist-packages/airflow/example_dags/plugins/event_listener.py
[2023-11-20T21:30:27.865+0500] {processor.py:841} WARNING - No viable dags retrieved from /usr/local/lib/python3.10/dist-packages/airflow/example_dags/plugins/event_listener.py
[2023-11-20T21:30:28.642+0500] {processor.py:179} INFO - Processing /usr/local/lib/python3.10/dist-packages/airflow/example_dags/plugins/event_listener.py took 1.180 seconds
