[2023-11-20T21:05:58.470+0500] {processor.py:157} INFO - Started process (PID=27202) to work on /usr/local/lib/python3.10/dist-packages/airflow/example_dags/example_local_kubernetes_executor.py
[2023-11-20T21:05:58.473+0500] {processor.py:829} INFO - Processing file /usr/local/lib/python3.10/dist-packages/airflow/example_dags/example_local_kubernetes_executor.py for tasks to queue
[2023-11-20T21:05:58.476+0500] {logging_mixin.py:154} INFO - [2023-11-20T21:05:58.475+0500] {dagbag.py:536} INFO - Filling up the DagBag from /usr/local/lib/python3.10/dist-packages/airflow/example_dags/example_local_kubernetes_executor.py
[2023-11-20T21:05:59.915+0500] {processor.py:839} INFO - DAG(s) dict_keys(['example_local_kubernetes_executor']) retrieved from /usr/local/lib/python3.10/dist-packages/airflow/example_dags/example_local_kubernetes_executor.py
[2023-11-20T21:06:00.020+0500] {logging_mixin.py:154} WARNING - /usr/local/lib/python3.10/dist-packages/airflow/serialization/serialized_objects.py:1534 DeprecationWarning: This module is deprecated. The `cncf.kubernetes` provider before version 7.4.0 uses this module - you should migrate to a newer version of `cncf.kubernetes` to get rid of this warning. If you import the module via `airflow.kubernetes` import, please use `cncf.kubernetes' provider 7.4.0+ and switch all your imports to use `apache.airflow.providers.cncf.kubernetes` to get rid of the warning.
[2023-11-20T21:06:00.417+0500] {logging_mixin.py:154} INFO - [2023-11-20T21:06:00.416+0500] {manager.py:499} INFO - Created Permission View: %s
[2023-11-20T21:06:00.463+0500] {logging_mixin.py:154} INFO - [2023-11-20T21:06:00.462+0500] {manager.py:499} INFO - Created Permission View: %s
[2023-11-20T21:06:00.492+0500] {logging_mixin.py:154} INFO - [2023-11-20T21:06:00.491+0500] {manager.py:499} INFO - Created Permission View: %s
[2023-11-20T21:06:00.493+0500] {logging_mixin.py:154} INFO - [2023-11-20T21:06:00.493+0500] {dag.py:2941} INFO - Sync 1 DAGs
[2023-11-20T21:06:00.843+0500] {logging_mixin.py:154} INFO - [2023-11-20T21:06:00.842+0500] {dag.py:2963} INFO - Creating ORM DAG for example_local_kubernetes_executor
[2023-11-20T21:06:00.845+0500] {logging_mixin.py:154} INFO - [2023-11-20T21:06:00.845+0500] {dag.py:3722} INFO - Setting next_dagrun for example_local_kubernetes_executor to None, run_after=None
[2023-11-20T21:06:00.920+0500] {processor.py:179} INFO - Processing /usr/local/lib/python3.10/dist-packages/airflow/example_dags/example_local_kubernetes_executor.py took 2.462 seconds
[2023-11-20T21:06:31.279+0500] {processor.py:157} INFO - Started process (PID=27498) to work on /usr/local/lib/python3.10/dist-packages/airflow/example_dags/example_local_kubernetes_executor.py
[2023-11-20T21:06:31.284+0500] {processor.py:829} INFO - Processing file /usr/local/lib/python3.10/dist-packages/airflow/example_dags/example_local_kubernetes_executor.py for tasks to queue
[2023-11-20T21:06:31.299+0500] {logging_mixin.py:154} INFO - [2023-11-20T21:06:31.287+0500] {dagbag.py:536} INFO - Filling up the DagBag from /usr/local/lib/python3.10/dist-packages/airflow/example_dags/example_local_kubernetes_executor.py
[2023-11-20T21:06:35.305+0500] {processor.py:839} INFO - DAG(s) dict_keys(['example_local_kubernetes_executor']) retrieved from /usr/local/lib/python3.10/dist-packages/airflow/example_dags/example_local_kubernetes_executor.py
[2023-11-20T21:06:35.491+0500] {logging_mixin.py:154} WARNING - /usr/local/lib/python3.10/dist-packages/airflow/serialization/serialized_objects.py:1534 DeprecationWarning: This module is deprecated. The `cncf.kubernetes` provider before version 7.4.0 uses this module - you should migrate to a newer version of `cncf.kubernetes` to get rid of this warning. If you import the module via `airflow.kubernetes` import, please use `cncf.kubernetes' provider 7.4.0+ and switch all your imports to use `apache.airflow.providers.cncf.kubernetes` to get rid of the warning.
[2023-11-20T21:06:35.590+0500] {logging_mixin.py:154} INFO - [2023-11-20T21:06:35.589+0500] {dag.py:2941} INFO - Sync 1 DAGs
[2023-11-20T21:06:35.681+0500] {logging_mixin.py:154} INFO - [2023-11-20T21:06:35.680+0500] {dag.py:3722} INFO - Setting next_dagrun for example_local_kubernetes_executor to None, run_after=None
[2023-11-20T21:06:35.797+0500] {processor.py:179} INFO - Processing /usr/local/lib/python3.10/dist-packages/airflow/example_dags/example_local_kubernetes_executor.py took 4.545 seconds
[2023-11-20T21:07:06.287+0500] {processor.py:157} INFO - Started process (PID=27836) to work on /usr/local/lib/python3.10/dist-packages/airflow/example_dags/example_local_kubernetes_executor.py
[2023-11-20T21:07:06.292+0500] {processor.py:829} INFO - Processing file /usr/local/lib/python3.10/dist-packages/airflow/example_dags/example_local_kubernetes_executor.py for tasks to queue
[2023-11-20T21:07:06.295+0500] {logging_mixin.py:154} INFO - [2023-11-20T21:07:06.294+0500] {dagbag.py:536} INFO - Filling up the DagBag from /usr/local/lib/python3.10/dist-packages/airflow/example_dags/example_local_kubernetes_executor.py
[2023-11-20T21:07:09.427+0500] {processor.py:839} INFO - DAG(s) dict_keys(['example_local_kubernetes_executor']) retrieved from /usr/local/lib/python3.10/dist-packages/airflow/example_dags/example_local_kubernetes_executor.py
[2023-11-20T21:07:09.680+0500] {logging_mixin.py:154} WARNING - /usr/local/lib/python3.10/dist-packages/airflow/serialization/serialized_objects.py:1534 DeprecationWarning: This module is deprecated. The `cncf.kubernetes` provider before version 7.4.0 uses this module - you should migrate to a newer version of `cncf.kubernetes` to get rid of this warning. If you import the module via `airflow.kubernetes` import, please use `cncf.kubernetes' provider 7.4.0+ and switch all your imports to use `apache.airflow.providers.cncf.kubernetes` to get rid of the warning.
[2023-11-20T21:07:09.798+0500] {logging_mixin.py:154} INFO - [2023-11-20T21:07:09.798+0500] {dag.py:2941} INFO - Sync 1 DAGs
[2023-11-20T21:07:10.421+0500] {logging_mixin.py:154} INFO - [2023-11-20T21:07:10.420+0500] {dag.py:3722} INFO - Setting next_dagrun for example_local_kubernetes_executor to None, run_after=None
[2023-11-20T21:07:10.513+0500] {processor.py:179} INFO - Processing /usr/local/lib/python3.10/dist-packages/airflow/example_dags/example_local_kubernetes_executor.py took 4.254 seconds
[2023-11-20T21:07:40.699+0500] {processor.py:157} INFO - Started process (PID=28086) to work on /usr/local/lib/python3.10/dist-packages/airflow/example_dags/example_local_kubernetes_executor.py
[2023-11-20T21:07:40.702+0500] {processor.py:829} INFO - Processing file /usr/local/lib/python3.10/dist-packages/airflow/example_dags/example_local_kubernetes_executor.py for tasks to queue
[2023-11-20T21:07:40.705+0500] {logging_mixin.py:154} INFO - [2023-11-20T21:07:40.704+0500] {dagbag.py:536} INFO - Filling up the DagBag from /usr/local/lib/python3.10/dist-packages/airflow/example_dags/example_local_kubernetes_executor.py
[2023-11-20T21:07:42.155+0500] {processor.py:839} INFO - DAG(s) dict_keys(['example_local_kubernetes_executor']) retrieved from /usr/local/lib/python3.10/dist-packages/airflow/example_dags/example_local_kubernetes_executor.py
[2023-11-20T21:07:42.273+0500] {logging_mixin.py:154} WARNING - /usr/local/lib/python3.10/dist-packages/airflow/serialization/serialized_objects.py:1534 DeprecationWarning: This module is deprecated. The `cncf.kubernetes` provider before version 7.4.0 uses this module - you should migrate to a newer version of `cncf.kubernetes` to get rid of this warning. If you import the module via `airflow.kubernetes` import, please use `cncf.kubernetes' provider 7.4.0+ and switch all your imports to use `apache.airflow.providers.cncf.kubernetes` to get rid of the warning.
[2023-11-20T21:07:42.312+0500] {logging_mixin.py:154} INFO - [2023-11-20T21:07:42.312+0500] {dag.py:2941} INFO - Sync 1 DAGs
[2023-11-20T21:07:42.375+0500] {logging_mixin.py:154} INFO - [2023-11-20T21:07:42.374+0500] {dag.py:3722} INFO - Setting next_dagrun for example_local_kubernetes_executor to None, run_after=None
[2023-11-20T21:07:42.469+0500] {processor.py:179} INFO - Processing /usr/local/lib/python3.10/dist-packages/airflow/example_dags/example_local_kubernetes_executor.py took 1.782 seconds
[2023-11-20T21:08:12.899+0500] {processor.py:157} INFO - Started process (PID=28287) to work on /usr/local/lib/python3.10/dist-packages/airflow/example_dags/example_local_kubernetes_executor.py
[2023-11-20T21:08:12.906+0500] {processor.py:829} INFO - Processing file /usr/local/lib/python3.10/dist-packages/airflow/example_dags/example_local_kubernetes_executor.py for tasks to queue
[2023-11-20T21:08:12.910+0500] {logging_mixin.py:154} INFO - [2023-11-20T21:08:12.908+0500] {dagbag.py:536} INFO - Filling up the DagBag from /usr/local/lib/python3.10/dist-packages/airflow/example_dags/example_local_kubernetes_executor.py
[2023-11-20T21:08:15.247+0500] {processor.py:839} INFO - DAG(s) dict_keys(['example_local_kubernetes_executor']) retrieved from /usr/local/lib/python3.10/dist-packages/airflow/example_dags/example_local_kubernetes_executor.py
[2023-11-20T21:08:15.434+0500] {logging_mixin.py:154} WARNING - /usr/local/lib/python3.10/dist-packages/airflow/serialization/serialized_objects.py:1534 DeprecationWarning: This module is deprecated. The `cncf.kubernetes` provider before version 7.4.0 uses this module - you should migrate to a newer version of `cncf.kubernetes` to get rid of this warning. If you import the module via `airflow.kubernetes` import, please use `cncf.kubernetes' provider 7.4.0+ and switch all your imports to use `apache.airflow.providers.cncf.kubernetes` to get rid of the warning.
[2023-11-20T21:08:15.471+0500] {logging_mixin.py:154} INFO - [2023-11-20T21:08:15.470+0500] {dag.py:2941} INFO - Sync 1 DAGs
[2023-11-20T21:08:15.530+0500] {logging_mixin.py:154} INFO - [2023-11-20T21:08:15.529+0500] {dag.py:3722} INFO - Setting next_dagrun for example_local_kubernetes_executor to None, run_after=None
[2023-11-20T21:08:15.609+0500] {processor.py:179} INFO - Processing /usr/local/lib/python3.10/dist-packages/airflow/example_dags/example_local_kubernetes_executor.py took 2.740 seconds
[2023-11-20T21:08:45.905+0500] {processor.py:157} INFO - Started process (PID=28510) to work on /usr/local/lib/python3.10/dist-packages/airflow/example_dags/example_local_kubernetes_executor.py
[2023-11-20T21:08:45.908+0500] {processor.py:829} INFO - Processing file /usr/local/lib/python3.10/dist-packages/airflow/example_dags/example_local_kubernetes_executor.py for tasks to queue
[2023-11-20T21:08:45.911+0500] {logging_mixin.py:154} INFO - [2023-11-20T21:08:45.910+0500] {dagbag.py:536} INFO - Filling up the DagBag from /usr/local/lib/python3.10/dist-packages/airflow/example_dags/example_local_kubernetes_executor.py
[2023-11-20T21:08:47.445+0500] {processor.py:839} INFO - DAG(s) dict_keys(['example_local_kubernetes_executor']) retrieved from /usr/local/lib/python3.10/dist-packages/airflow/example_dags/example_local_kubernetes_executor.py
[2023-11-20T21:08:47.579+0500] {logging_mixin.py:154} WARNING - /usr/local/lib/python3.10/dist-packages/airflow/serialization/serialized_objects.py:1534 DeprecationWarning: This module is deprecated. The `cncf.kubernetes` provider before version 7.4.0 uses this module - you should migrate to a newer version of `cncf.kubernetes` to get rid of this warning. If you import the module via `airflow.kubernetes` import, please use `cncf.kubernetes' provider 7.4.0+ and switch all your imports to use `apache.airflow.providers.cncf.kubernetes` to get rid of the warning.
[2023-11-20T21:08:47.620+0500] {logging_mixin.py:154} INFO - [2023-11-20T21:08:47.620+0500] {dag.py:2941} INFO - Sync 1 DAGs
[2023-11-20T21:08:47.692+0500] {logging_mixin.py:154} INFO - [2023-11-20T21:08:47.690+0500] {dag.py:3722} INFO - Setting next_dagrun for example_local_kubernetes_executor to None, run_after=None
[2023-11-20T21:08:48.143+0500] {processor.py:179} INFO - Processing /usr/local/lib/python3.10/dist-packages/airflow/example_dags/example_local_kubernetes_executor.py took 2.251 seconds
[2023-11-20T21:09:18.470+0500] {processor.py:157} INFO - Started process (PID=28713) to work on /usr/local/lib/python3.10/dist-packages/airflow/example_dags/example_local_kubernetes_executor.py
[2023-11-20T21:09:18.472+0500] {processor.py:829} INFO - Processing file /usr/local/lib/python3.10/dist-packages/airflow/example_dags/example_local_kubernetes_executor.py for tasks to queue
[2023-11-20T21:09:18.475+0500] {logging_mixin.py:154} INFO - [2023-11-20T21:09:18.474+0500] {dagbag.py:536} INFO - Filling up the DagBag from /usr/local/lib/python3.10/dist-packages/airflow/example_dags/example_local_kubernetes_executor.py
[2023-11-20T21:09:20.161+0500] {processor.py:839} INFO - DAG(s) dict_keys(['example_local_kubernetes_executor']) retrieved from /usr/local/lib/python3.10/dist-packages/airflow/example_dags/example_local_kubernetes_executor.py
[2023-11-20T21:09:20.300+0500] {logging_mixin.py:154} WARNING - /usr/local/lib/python3.10/dist-packages/airflow/serialization/serialized_objects.py:1534 DeprecationWarning: This module is deprecated. The `cncf.kubernetes` provider before version 7.4.0 uses this module - you should migrate to a newer version of `cncf.kubernetes` to get rid of this warning. If you import the module via `airflow.kubernetes` import, please use `cncf.kubernetes' provider 7.4.0+ and switch all your imports to use `apache.airflow.providers.cncf.kubernetes` to get rid of the warning.
[2023-11-20T21:09:20.341+0500] {logging_mixin.py:154} INFO - [2023-11-20T21:09:20.340+0500] {dag.py:2941} INFO - Sync 1 DAGs
[2023-11-20T21:09:20.397+0500] {logging_mixin.py:154} INFO - [2023-11-20T21:09:20.396+0500] {dag.py:3722} INFO - Setting next_dagrun for example_local_kubernetes_executor to None, run_after=None
[2023-11-20T21:09:20.489+0500] {processor.py:179} INFO - Processing /usr/local/lib/python3.10/dist-packages/airflow/example_dags/example_local_kubernetes_executor.py took 2.031 seconds
[2023-11-20T21:09:50.608+0500] {processor.py:157} INFO - Started process (PID=28993) to work on /usr/local/lib/python3.10/dist-packages/airflow/example_dags/example_local_kubernetes_executor.py
[2023-11-20T21:09:50.610+0500] {processor.py:829} INFO - Processing file /usr/local/lib/python3.10/dist-packages/airflow/example_dags/example_local_kubernetes_executor.py for tasks to queue
[2023-11-20T21:09:50.614+0500] {logging_mixin.py:154} INFO - [2023-11-20T21:09:50.612+0500] {dagbag.py:536} INFO - Filling up the DagBag from /usr/local/lib/python3.10/dist-packages/airflow/example_dags/example_local_kubernetes_executor.py
[2023-11-20T21:09:52.200+0500] {processor.py:839} INFO - DAG(s) dict_keys(['example_local_kubernetes_executor']) retrieved from /usr/local/lib/python3.10/dist-packages/airflow/example_dags/example_local_kubernetes_executor.py
[2023-11-20T21:09:52.321+0500] {logging_mixin.py:154} WARNING - /usr/local/lib/python3.10/dist-packages/airflow/serialization/serialized_objects.py:1534 DeprecationWarning: This module is deprecated. The `cncf.kubernetes` provider before version 7.4.0 uses this module - you should migrate to a newer version of `cncf.kubernetes` to get rid of this warning. If you import the module via `airflow.kubernetes` import, please use `cncf.kubernetes' provider 7.4.0+ and switch all your imports to use `apache.airflow.providers.cncf.kubernetes` to get rid of the warning.
[2023-11-20T21:09:52.362+0500] {logging_mixin.py:154} INFO - [2023-11-20T21:09:52.361+0500] {dag.py:2941} INFO - Sync 1 DAGs
[2023-11-20T21:09:52.976+0500] {logging_mixin.py:154} INFO - [2023-11-20T21:09:52.976+0500] {dag.py:3722} INFO - Setting next_dagrun for example_local_kubernetes_executor to None, run_after=None
[2023-11-20T21:09:53.105+0500] {processor.py:179} INFO - Processing /usr/local/lib/python3.10/dist-packages/airflow/example_dags/example_local_kubernetes_executor.py took 2.511 seconds
[2023-11-20T21:10:23.392+0500] {processor.py:157} INFO - Started process (PID=29273) to work on /usr/local/lib/python3.10/dist-packages/airflow/example_dags/example_local_kubernetes_executor.py
[2023-11-20T21:10:23.394+0500] {processor.py:829} INFO - Processing file /usr/local/lib/python3.10/dist-packages/airflow/example_dags/example_local_kubernetes_executor.py for tasks to queue
[2023-11-20T21:10:23.397+0500] {logging_mixin.py:154} INFO - [2023-11-20T21:10:23.396+0500] {dagbag.py:536} INFO - Filling up the DagBag from /usr/local/lib/python3.10/dist-packages/airflow/example_dags/example_local_kubernetes_executor.py
[2023-11-20T21:10:24.764+0500] {processor.py:839} INFO - DAG(s) dict_keys(['example_local_kubernetes_executor']) retrieved from /usr/local/lib/python3.10/dist-packages/airflow/example_dags/example_local_kubernetes_executor.py
[2023-11-20T21:10:24.942+0500] {logging_mixin.py:154} WARNING - /usr/local/lib/python3.10/dist-packages/airflow/serialization/serialized_objects.py:1534 DeprecationWarning: This module is deprecated. The `cncf.kubernetes` provider before version 7.4.0 uses this module - you should migrate to a newer version of `cncf.kubernetes` to get rid of this warning. If you import the module via `airflow.kubernetes` import, please use `cncf.kubernetes' provider 7.4.0+ and switch all your imports to use `apache.airflow.providers.cncf.kubernetes` to get rid of the warning.
[2023-11-20T21:10:24.985+0500] {logging_mixin.py:154} INFO - [2023-11-20T21:10:24.984+0500] {dag.py:2941} INFO - Sync 1 DAGs
[2023-11-20T21:10:25.095+0500] {logging_mixin.py:154} INFO - [2023-11-20T21:10:25.094+0500] {dag.py:3722} INFO - Setting next_dagrun for example_local_kubernetes_executor to None, run_after=None
[2023-11-20T21:10:25.879+0500] {processor.py:179} INFO - Processing /usr/local/lib/python3.10/dist-packages/airflow/example_dags/example_local_kubernetes_executor.py took 2.498 seconds
[2023-11-20T21:10:56.704+0500] {processor.py:157} INFO - Started process (PID=29447) to work on /usr/local/lib/python3.10/dist-packages/airflow/example_dags/example_local_kubernetes_executor.py
[2023-11-20T21:10:56.706+0500] {processor.py:829} INFO - Processing file /usr/local/lib/python3.10/dist-packages/airflow/example_dags/example_local_kubernetes_executor.py for tasks to queue
[2023-11-20T21:10:56.710+0500] {logging_mixin.py:154} INFO - [2023-11-20T21:10:56.708+0500] {dagbag.py:536} INFO - Filling up the DagBag from /usr/local/lib/python3.10/dist-packages/airflow/example_dags/example_local_kubernetes_executor.py
[2023-11-20T21:10:58.220+0500] {processor.py:839} INFO - DAG(s) dict_keys(['example_local_kubernetes_executor']) retrieved from /usr/local/lib/python3.10/dist-packages/airflow/example_dags/example_local_kubernetes_executor.py
[2023-11-20T21:10:58.349+0500] {logging_mixin.py:154} WARNING - /usr/local/lib/python3.10/dist-packages/airflow/serialization/serialized_objects.py:1534 DeprecationWarning: This module is deprecated. The `cncf.kubernetes` provider before version 7.4.0 uses this module - you should migrate to a newer version of `cncf.kubernetes` to get rid of this warning. If you import the module via `airflow.kubernetes` import, please use `cncf.kubernetes' provider 7.4.0+ and switch all your imports to use `apache.airflow.providers.cncf.kubernetes` to get rid of the warning.
[2023-11-20T21:10:58.386+0500] {logging_mixin.py:154} INFO - [2023-11-20T21:10:58.385+0500] {dag.py:2941} INFO - Sync 1 DAGs
[2023-11-20T21:10:58.448+0500] {logging_mixin.py:154} INFO - [2023-11-20T21:10:58.443+0500] {dag.py:3722} INFO - Setting next_dagrun for example_local_kubernetes_executor to None, run_after=None
[2023-11-20T21:10:58.549+0500] {processor.py:179} INFO - Processing /usr/local/lib/python3.10/dist-packages/airflow/example_dags/example_local_kubernetes_executor.py took 1.856 seconds
[2023-11-20T21:11:28.902+0500] {processor.py:157} INFO - Started process (PID=29556) to work on /usr/local/lib/python3.10/dist-packages/airflow/example_dags/example_local_kubernetes_executor.py
[2023-11-20T21:11:28.905+0500] {processor.py:829} INFO - Processing file /usr/local/lib/python3.10/dist-packages/airflow/example_dags/example_local_kubernetes_executor.py for tasks to queue
[2023-11-20T21:11:28.908+0500] {logging_mixin.py:154} INFO - [2023-11-20T21:11:28.907+0500] {dagbag.py:536} INFO - Filling up the DagBag from /usr/local/lib/python3.10/dist-packages/airflow/example_dags/example_local_kubernetes_executor.py
[2023-11-20T21:11:30.847+0500] {processor.py:839} INFO - DAG(s) dict_keys(['example_local_kubernetes_executor']) retrieved from /usr/local/lib/python3.10/dist-packages/airflow/example_dags/example_local_kubernetes_executor.py
[2023-11-20T21:11:31.425+0500] {logging_mixin.py:154} WARNING - /usr/local/lib/python3.10/dist-packages/airflow/serialization/serialized_objects.py:1534 DeprecationWarning: This module is deprecated. The `cncf.kubernetes` provider before version 7.4.0 uses this module - you should migrate to a newer version of `cncf.kubernetes` to get rid of this warning. If you import the module via `airflow.kubernetes` import, please use `cncf.kubernetes' provider 7.4.0+ and switch all your imports to use `apache.airflow.providers.cncf.kubernetes` to get rid of the warning.
[2023-11-20T21:11:31.475+0500] {logging_mixin.py:154} INFO - [2023-11-20T21:11:31.474+0500] {dag.py:2941} INFO - Sync 1 DAGs
[2023-11-20T21:11:31.549+0500] {logging_mixin.py:154} INFO - [2023-11-20T21:11:31.548+0500] {dag.py:3722} INFO - Setting next_dagrun for example_local_kubernetes_executor to None, run_after=None
[2023-11-20T21:11:31.768+0500] {processor.py:179} INFO - Processing /usr/local/lib/python3.10/dist-packages/airflow/example_dags/example_local_kubernetes_executor.py took 2.877 seconds
[2023-11-20T21:12:01.860+0500] {processor.py:157} INFO - Started process (PID=29793) to work on /usr/local/lib/python3.10/dist-packages/airflow/example_dags/example_local_kubernetes_executor.py
[2023-11-20T21:12:01.864+0500] {processor.py:829} INFO - Processing file /usr/local/lib/python3.10/dist-packages/airflow/example_dags/example_local_kubernetes_executor.py for tasks to queue
[2023-11-20T21:12:01.868+0500] {logging_mixin.py:154} INFO - [2023-11-20T21:12:01.866+0500] {dagbag.py:536} INFO - Filling up the DagBag from /usr/local/lib/python3.10/dist-packages/airflow/example_dags/example_local_kubernetes_executor.py
[2023-11-20T21:12:03.763+0500] {processor.py:839} INFO - DAG(s) dict_keys(['example_local_kubernetes_executor']) retrieved from /usr/local/lib/python3.10/dist-packages/airflow/example_dags/example_local_kubernetes_executor.py
[2023-11-20T21:12:03.989+0500] {logging_mixin.py:154} WARNING - /usr/local/lib/python3.10/dist-packages/airflow/serialization/serialized_objects.py:1534 DeprecationWarning: This module is deprecated. The `cncf.kubernetes` provider before version 7.4.0 uses this module - you should migrate to a newer version of `cncf.kubernetes` to get rid of this warning. If you import the module via `airflow.kubernetes` import, please use `cncf.kubernetes' provider 7.4.0+ and switch all your imports to use `apache.airflow.providers.cncf.kubernetes` to get rid of the warning.
[2023-11-20T21:12:04.065+0500] {logging_mixin.py:154} INFO - [2023-11-20T21:12:04.064+0500] {dag.py:2941} INFO - Sync 1 DAGs
[2023-11-20T21:12:04.142+0500] {logging_mixin.py:154} INFO - [2023-11-20T21:12:04.141+0500] {dag.py:3722} INFO - Setting next_dagrun for example_local_kubernetes_executor to None, run_after=None
[2023-11-20T21:12:04.250+0500] {processor.py:179} INFO - Processing /usr/local/lib/python3.10/dist-packages/airflow/example_dags/example_local_kubernetes_executor.py took 2.402 seconds
[2023-11-20T21:12:34.947+0500] {processor.py:157} INFO - Started process (PID=30026) to work on /usr/local/lib/python3.10/dist-packages/airflow/example_dags/example_local_kubernetes_executor.py
[2023-11-20T21:12:34.950+0500] {processor.py:829} INFO - Processing file /usr/local/lib/python3.10/dist-packages/airflow/example_dags/example_local_kubernetes_executor.py for tasks to queue
[2023-11-20T21:12:34.954+0500] {logging_mixin.py:154} INFO - [2023-11-20T21:12:34.953+0500] {dagbag.py:536} INFO - Filling up the DagBag from /usr/local/lib/python3.10/dist-packages/airflow/example_dags/example_local_kubernetes_executor.py
[2023-11-20T21:12:36.557+0500] {processor.py:839} INFO - DAG(s) dict_keys(['example_local_kubernetes_executor']) retrieved from /usr/local/lib/python3.10/dist-packages/airflow/example_dags/example_local_kubernetes_executor.py
[2023-11-20T21:12:36.958+0500] {logging_mixin.py:154} WARNING - /usr/local/lib/python3.10/dist-packages/airflow/serialization/serialized_objects.py:1534 DeprecationWarning: This module is deprecated. The `cncf.kubernetes` provider before version 7.4.0 uses this module - you should migrate to a newer version of `cncf.kubernetes` to get rid of this warning. If you import the module via `airflow.kubernetes` import, please use `cncf.kubernetes' provider 7.4.0+ and switch all your imports to use `apache.airflow.providers.cncf.kubernetes` to get rid of the warning.
[2023-11-20T21:12:36.999+0500] {logging_mixin.py:154} INFO - [2023-11-20T21:12:36.998+0500] {dag.py:2941} INFO - Sync 1 DAGs
[2023-11-20T21:12:37.054+0500] {logging_mixin.py:154} INFO - [2023-11-20T21:12:37.053+0500] {dag.py:3722} INFO - Setting next_dagrun for example_local_kubernetes_executor to None, run_after=None
[2023-11-20T21:12:37.133+0500] {processor.py:179} INFO - Processing /usr/local/lib/python3.10/dist-packages/airflow/example_dags/example_local_kubernetes_executor.py took 2.199 seconds
[2023-11-20T21:13:07.745+0500] {processor.py:157} INFO - Started process (PID=30148) to work on /usr/local/lib/python3.10/dist-packages/airflow/example_dags/example_local_kubernetes_executor.py
[2023-11-20T21:13:07.747+0500] {processor.py:829} INFO - Processing file /usr/local/lib/python3.10/dist-packages/airflow/example_dags/example_local_kubernetes_executor.py for tasks to queue
[2023-11-20T21:13:07.751+0500] {logging_mixin.py:154} INFO - [2023-11-20T21:13:07.749+0500] {dagbag.py:536} INFO - Filling up the DagBag from /usr/local/lib/python3.10/dist-packages/airflow/example_dags/example_local_kubernetes_executor.py
[2023-11-20T21:13:10.072+0500] {processor.py:839} INFO - DAG(s) dict_keys(['example_local_kubernetes_executor']) retrieved from /usr/local/lib/python3.10/dist-packages/airflow/example_dags/example_local_kubernetes_executor.py
[2023-11-20T21:13:10.241+0500] {logging_mixin.py:154} WARNING - /usr/local/lib/python3.10/dist-packages/airflow/serialization/serialized_objects.py:1534 DeprecationWarning: This module is deprecated. The `cncf.kubernetes` provider before version 7.4.0 uses this module - you should migrate to a newer version of `cncf.kubernetes` to get rid of this warning. If you import the module via `airflow.kubernetes` import, please use `cncf.kubernetes' provider 7.4.0+ and switch all your imports to use `apache.airflow.providers.cncf.kubernetes` to get rid of the warning.
[2023-11-20T21:13:10.363+0500] {logging_mixin.py:154} INFO - [2023-11-20T21:13:10.362+0500] {dag.py:2941} INFO - Sync 1 DAGs
[2023-11-20T21:13:10.535+0500] {logging_mixin.py:154} INFO - [2023-11-20T21:13:10.534+0500] {dag.py:3722} INFO - Setting next_dagrun for example_local_kubernetes_executor to None, run_after=None
[2023-11-20T21:13:12.038+0500] {processor.py:179} INFO - Processing /usr/local/lib/python3.10/dist-packages/airflow/example_dags/example_local_kubernetes_executor.py took 4.305 seconds
[2023-11-20T21:13:42.497+0500] {processor.py:157} INFO - Started process (PID=30321) to work on /usr/local/lib/python3.10/dist-packages/airflow/example_dags/example_local_kubernetes_executor.py
[2023-11-20T21:13:42.500+0500] {processor.py:829} INFO - Processing file /usr/local/lib/python3.10/dist-packages/airflow/example_dags/example_local_kubernetes_executor.py for tasks to queue
[2023-11-20T21:13:42.503+0500] {logging_mixin.py:154} INFO - [2023-11-20T21:13:42.502+0500] {dagbag.py:536} INFO - Filling up the DagBag from /usr/local/lib/python3.10/dist-packages/airflow/example_dags/example_local_kubernetes_executor.py
[2023-11-20T21:13:44.216+0500] {processor.py:839} INFO - DAG(s) dict_keys(['example_local_kubernetes_executor']) retrieved from /usr/local/lib/python3.10/dist-packages/airflow/example_dags/example_local_kubernetes_executor.py
[2023-11-20T21:13:44.320+0500] {logging_mixin.py:154} WARNING - /usr/local/lib/python3.10/dist-packages/airflow/serialization/serialized_objects.py:1534 DeprecationWarning: This module is deprecated. The `cncf.kubernetes` provider before version 7.4.0 uses this module - you should migrate to a newer version of `cncf.kubernetes` to get rid of this warning. If you import the module via `airflow.kubernetes` import, please use `cncf.kubernetes' provider 7.4.0+ and switch all your imports to use `apache.airflow.providers.cncf.kubernetes` to get rid of the warning.
[2023-11-20T21:13:44.356+0500] {logging_mixin.py:154} INFO - [2023-11-20T21:13:44.355+0500] {dag.py:2941} INFO - Sync 1 DAGs
[2023-11-20T21:13:44.406+0500] {logging_mixin.py:154} INFO - [2023-11-20T21:13:44.405+0500] {dag.py:3722} INFO - Setting next_dagrun for example_local_kubernetes_executor to None, run_after=None
[2023-11-20T21:13:44.481+0500] {processor.py:179} INFO - Processing /usr/local/lib/python3.10/dist-packages/airflow/example_dags/example_local_kubernetes_executor.py took 1.997 seconds
[2023-11-20T21:14:14.693+0500] {processor.py:157} INFO - Started process (PID=30428) to work on /usr/local/lib/python3.10/dist-packages/airflow/example_dags/example_local_kubernetes_executor.py
[2023-11-20T21:14:14.696+0500] {processor.py:829} INFO - Processing file /usr/local/lib/python3.10/dist-packages/airflow/example_dags/example_local_kubernetes_executor.py for tasks to queue
[2023-11-20T21:14:14.699+0500] {logging_mixin.py:154} INFO - [2023-11-20T21:14:14.698+0500] {dagbag.py:536} INFO - Filling up the DagBag from /usr/local/lib/python3.10/dist-packages/airflow/example_dags/example_local_kubernetes_executor.py
[2023-11-20T21:14:16.074+0500] {processor.py:839} INFO - DAG(s) dict_keys(['example_local_kubernetes_executor']) retrieved from /usr/local/lib/python3.10/dist-packages/airflow/example_dags/example_local_kubernetes_executor.py
[2023-11-20T21:14:16.452+0500] {logging_mixin.py:154} WARNING - /usr/local/lib/python3.10/dist-packages/airflow/serialization/serialized_objects.py:1534 DeprecationWarning: This module is deprecated. The `cncf.kubernetes` provider before version 7.4.0 uses this module - you should migrate to a newer version of `cncf.kubernetes` to get rid of this warning. If you import the module via `airflow.kubernetes` import, please use `cncf.kubernetes' provider 7.4.0+ and switch all your imports to use `apache.airflow.providers.cncf.kubernetes` to get rid of the warning.
[2023-11-20T21:14:16.485+0500] {logging_mixin.py:154} INFO - [2023-11-20T21:14:16.484+0500] {dag.py:2941} INFO - Sync 1 DAGs
[2023-11-20T21:14:16.535+0500] {logging_mixin.py:154} INFO - [2023-11-20T21:14:16.534+0500] {dag.py:3722} INFO - Setting next_dagrun for example_local_kubernetes_executor to None, run_after=None
[2023-11-20T21:14:16.608+0500] {processor.py:179} INFO - Processing /usr/local/lib/python3.10/dist-packages/airflow/example_dags/example_local_kubernetes_executor.py took 1.927 seconds
[2023-11-20T21:14:55.367+0500] {processor.py:157} INFO - Started process (PID=30587) to work on /usr/local/lib/python3.10/dist-packages/airflow/example_dags/example_local_kubernetes_executor.py
[2023-11-20T21:14:55.388+0500] {processor.py:829} INFO - Processing file /usr/local/lib/python3.10/dist-packages/airflow/example_dags/example_local_kubernetes_executor.py for tasks to queue
[2023-11-20T21:14:55.407+0500] {logging_mixin.py:154} INFO - [2023-11-20T21:14:55.390+0500] {dagbag.py:536} INFO - Filling up the DagBag from /usr/local/lib/python3.10/dist-packages/airflow/example_dags/example_local_kubernetes_executor.py
[2023-11-20T21:15:01.641+0500] {processor.py:839} INFO - DAG(s) dict_keys(['example_local_kubernetes_executor']) retrieved from /usr/local/lib/python3.10/dist-packages/airflow/example_dags/example_local_kubernetes_executor.py
[2023-11-20T21:15:02.652+0500] {logging_mixin.py:154} WARNING - /usr/local/lib/python3.10/dist-packages/airflow/serialization/serialized_objects.py:1534 DeprecationWarning: This module is deprecated. The `cncf.kubernetes` provider before version 7.4.0 uses this module - you should migrate to a newer version of `cncf.kubernetes` to get rid of this warning. If you import the module via `airflow.kubernetes` import, please use `cncf.kubernetes' provider 7.4.0+ and switch all your imports to use `apache.airflow.providers.cncf.kubernetes` to get rid of the warning.
[2023-11-20T21:15:03.123+0500] {logging_mixin.py:154} INFO - [2023-11-20T21:15:03.122+0500] {dag.py:2941} INFO - Sync 1 DAGs
[2023-11-20T21:15:03.790+0500] {logging_mixin.py:154} INFO - [2023-11-20T21:15:03.790+0500] {dag.py:3722} INFO - Setting next_dagrun for example_local_kubernetes_executor to None, run_after=None
[2023-11-20T21:15:04.152+0500] {processor.py:179} INFO - Processing /usr/local/lib/python3.10/dist-packages/airflow/example_dags/example_local_kubernetes_executor.py took 8.852 seconds
[2023-11-20T21:15:34.612+0500] {processor.py:157} INFO - Started process (PID=30967) to work on /usr/local/lib/python3.10/dist-packages/airflow/example_dags/example_local_kubernetes_executor.py
[2023-11-20T21:15:34.615+0500] {processor.py:829} INFO - Processing file /usr/local/lib/python3.10/dist-packages/airflow/example_dags/example_local_kubernetes_executor.py for tasks to queue
[2023-11-20T21:15:34.619+0500] {logging_mixin.py:154} INFO - [2023-11-20T21:15:34.617+0500] {dagbag.py:536} INFO - Filling up the DagBag from /usr/local/lib/python3.10/dist-packages/airflow/example_dags/example_local_kubernetes_executor.py
[2023-11-20T21:15:36.644+0500] {processor.py:839} INFO - DAG(s) dict_keys(['example_local_kubernetes_executor']) retrieved from /usr/local/lib/python3.10/dist-packages/airflow/example_dags/example_local_kubernetes_executor.py
[2023-11-20T21:15:36.748+0500] {logging_mixin.py:154} WARNING - /usr/local/lib/python3.10/dist-packages/airflow/serialization/serialized_objects.py:1534 DeprecationWarning: This module is deprecated. The `cncf.kubernetes` provider before version 7.4.0 uses this module - you should migrate to a newer version of `cncf.kubernetes` to get rid of this warning. If you import the module via `airflow.kubernetes` import, please use `cncf.kubernetes' provider 7.4.0+ and switch all your imports to use `apache.airflow.providers.cncf.kubernetes` to get rid of the warning.
[2023-11-20T21:15:36.802+0500] {logging_mixin.py:154} INFO - [2023-11-20T21:15:36.800+0500] {dag.py:2941} INFO - Sync 1 DAGs
[2023-11-20T21:15:36.869+0500] {logging_mixin.py:154} INFO - [2023-11-20T21:15:36.866+0500] {dag.py:3722} INFO - Setting next_dagrun for example_local_kubernetes_executor to None, run_after=None
[2023-11-20T21:15:36.952+0500] {processor.py:179} INFO - Processing /usr/local/lib/python3.10/dist-packages/airflow/example_dags/example_local_kubernetes_executor.py took 2.352 seconds
[2023-11-20T21:16:07.914+0500] {processor.py:157} INFO - Started process (PID=31131) to work on /usr/local/lib/python3.10/dist-packages/airflow/example_dags/example_local_kubernetes_executor.py
[2023-11-20T21:16:07.917+0500] {processor.py:829} INFO - Processing file /usr/local/lib/python3.10/dist-packages/airflow/example_dags/example_local_kubernetes_executor.py for tasks to queue
[2023-11-20T21:16:07.921+0500] {logging_mixin.py:154} INFO - [2023-11-20T21:16:07.919+0500] {dagbag.py:536} INFO - Filling up the DagBag from /usr/local/lib/python3.10/dist-packages/airflow/example_dags/example_local_kubernetes_executor.py
[2023-11-20T21:16:09.682+0500] {processor.py:839} INFO - DAG(s) dict_keys(['example_local_kubernetes_executor']) retrieved from /usr/local/lib/python3.10/dist-packages/airflow/example_dags/example_local_kubernetes_executor.py
[2023-11-20T21:16:09.817+0500] {logging_mixin.py:154} WARNING - /usr/local/lib/python3.10/dist-packages/airflow/serialization/serialized_objects.py:1534 DeprecationWarning: This module is deprecated. The `cncf.kubernetes` provider before version 7.4.0 uses this module - you should migrate to a newer version of `cncf.kubernetes` to get rid of this warning. If you import the module via `airflow.kubernetes` import, please use `cncf.kubernetes' provider 7.4.0+ and switch all your imports to use `apache.airflow.providers.cncf.kubernetes` to get rid of the warning.
[2023-11-20T21:16:09.851+0500] {logging_mixin.py:154} INFO - [2023-11-20T21:16:09.850+0500] {dag.py:2941} INFO - Sync 1 DAGs
[2023-11-20T21:16:09.902+0500] {logging_mixin.py:154} INFO - [2023-11-20T21:16:09.901+0500] {dag.py:3722} INFO - Setting next_dagrun for example_local_kubernetes_executor to None, run_after=None
[2023-11-20T21:16:09.980+0500] {processor.py:179} INFO - Processing /usr/local/lib/python3.10/dist-packages/airflow/example_dags/example_local_kubernetes_executor.py took 2.077 seconds
[2023-11-20T21:16:41.117+0500] {processor.py:157} INFO - Started process (PID=31234) to work on /usr/local/lib/python3.10/dist-packages/airflow/example_dags/example_local_kubernetes_executor.py
[2023-11-20T21:16:41.120+0500] {processor.py:829} INFO - Processing file /usr/local/lib/python3.10/dist-packages/airflow/example_dags/example_local_kubernetes_executor.py for tasks to queue
[2023-11-20T21:16:41.123+0500] {logging_mixin.py:154} INFO - [2023-11-20T21:16:41.122+0500] {dagbag.py:536} INFO - Filling up the DagBag from /usr/local/lib/python3.10/dist-packages/airflow/example_dags/example_local_kubernetes_executor.py
[2023-11-20T21:16:42.504+0500] {processor.py:839} INFO - DAG(s) dict_keys(['example_local_kubernetes_executor']) retrieved from /usr/local/lib/python3.10/dist-packages/airflow/example_dags/example_local_kubernetes_executor.py
[2023-11-20T21:16:42.598+0500] {logging_mixin.py:154} WARNING - /usr/local/lib/python3.10/dist-packages/airflow/serialization/serialized_objects.py:1534 DeprecationWarning: This module is deprecated. The `cncf.kubernetes` provider before version 7.4.0 uses this module - you should migrate to a newer version of `cncf.kubernetes` to get rid of this warning. If you import the module via `airflow.kubernetes` import, please use `cncf.kubernetes' provider 7.4.0+ and switch all your imports to use `apache.airflow.providers.cncf.kubernetes` to get rid of the warning.
[2023-11-20T21:16:42.631+0500] {logging_mixin.py:154} INFO - [2023-11-20T21:16:42.631+0500] {dag.py:2941} INFO - Sync 1 DAGs
[2023-11-20T21:16:42.688+0500] {logging_mixin.py:154} INFO - [2023-11-20T21:16:42.687+0500] {dag.py:3722} INFO - Setting next_dagrun for example_local_kubernetes_executor to None, run_after=None
[2023-11-20T21:16:42.774+0500] {processor.py:179} INFO - Processing /usr/local/lib/python3.10/dist-packages/airflow/example_dags/example_local_kubernetes_executor.py took 1.669 seconds
[2023-11-20T21:17:13.659+0500] {processor.py:157} INFO - Started process (PID=31362) to work on /usr/local/lib/python3.10/dist-packages/airflow/example_dags/example_local_kubernetes_executor.py
[2023-11-20T21:17:13.662+0500] {processor.py:829} INFO - Processing file /usr/local/lib/python3.10/dist-packages/airflow/example_dags/example_local_kubernetes_executor.py for tasks to queue
[2023-11-20T21:17:13.665+0500] {logging_mixin.py:154} INFO - [2023-11-20T21:17:13.664+0500] {dagbag.py:536} INFO - Filling up the DagBag from /usr/local/lib/python3.10/dist-packages/airflow/example_dags/example_local_kubernetes_executor.py
[2023-11-20T21:17:16.169+0500] {processor.py:839} INFO - DAG(s) dict_keys(['example_local_kubernetes_executor']) retrieved from /usr/local/lib/python3.10/dist-packages/airflow/example_dags/example_local_kubernetes_executor.py
[2023-11-20T21:17:16.354+0500] {logging_mixin.py:154} WARNING - /usr/local/lib/python3.10/dist-packages/airflow/serialization/serialized_objects.py:1534 DeprecationWarning: This module is deprecated. The `cncf.kubernetes` provider before version 7.4.0 uses this module - you should migrate to a newer version of `cncf.kubernetes` to get rid of this warning. If you import the module via `airflow.kubernetes` import, please use `cncf.kubernetes' provider 7.4.0+ and switch all your imports to use `apache.airflow.providers.cncf.kubernetes` to get rid of the warning.
[2023-11-20T21:17:16.421+0500] {logging_mixin.py:154} INFO - [2023-11-20T21:17:16.420+0500] {dag.py:2941} INFO - Sync 1 DAGs
[2023-11-20T21:17:16.488+0500] {logging_mixin.py:154} INFO - [2023-11-20T21:17:16.487+0500] {dag.py:3722} INFO - Setting next_dagrun for example_local_kubernetes_executor to None, run_after=None
[2023-11-20T21:17:16.674+0500] {processor.py:179} INFO - Processing /usr/local/lib/python3.10/dist-packages/airflow/example_dags/example_local_kubernetes_executor.py took 3.026 seconds
[2023-11-20T21:17:46.847+0500] {processor.py:157} INFO - Started process (PID=31479) to work on /usr/local/lib/python3.10/dist-packages/airflow/example_dags/example_local_kubernetes_executor.py
[2023-11-20T21:17:46.851+0500] {processor.py:829} INFO - Processing file /usr/local/lib/python3.10/dist-packages/airflow/example_dags/example_local_kubernetes_executor.py for tasks to queue
[2023-11-20T21:17:46.854+0500] {logging_mixin.py:154} INFO - [2023-11-20T21:17:46.853+0500] {dagbag.py:536} INFO - Filling up the DagBag from /usr/local/lib/python3.10/dist-packages/airflow/example_dags/example_local_kubernetes_executor.py
[2023-11-20T21:17:48.782+0500] {processor.py:839} INFO - DAG(s) dict_keys(['example_local_kubernetes_executor']) retrieved from /usr/local/lib/python3.10/dist-packages/airflow/example_dags/example_local_kubernetes_executor.py
[2023-11-20T21:17:48.960+0500] {logging_mixin.py:154} WARNING - /usr/local/lib/python3.10/dist-packages/airflow/serialization/serialized_objects.py:1534 DeprecationWarning: This module is deprecated. The `cncf.kubernetes` provider before version 7.4.0 uses this module - you should migrate to a newer version of `cncf.kubernetes` to get rid of this warning. If you import the module via `airflow.kubernetes` import, please use `cncf.kubernetes' provider 7.4.0+ and switch all your imports to use `apache.airflow.providers.cncf.kubernetes` to get rid of the warning.
[2023-11-20T21:17:48.991+0500] {logging_mixin.py:154} INFO - [2023-11-20T21:17:48.990+0500] {dag.py:2941} INFO - Sync 1 DAGs
[2023-11-20T21:17:49.045+0500] {logging_mixin.py:154} INFO - [2023-11-20T21:17:49.045+0500] {dag.py:3722} INFO - Setting next_dagrun for example_local_kubernetes_executor to None, run_after=None
[2023-11-20T21:17:49.126+0500] {processor.py:179} INFO - Processing /usr/local/lib/python3.10/dist-packages/airflow/example_dags/example_local_kubernetes_executor.py took 2.291 seconds
[2023-11-20T21:18:20.134+0500] {processor.py:157} INFO - Started process (PID=31592) to work on /usr/local/lib/python3.10/dist-packages/airflow/example_dags/example_local_kubernetes_executor.py
[2023-11-20T21:18:20.137+0500] {processor.py:829} INFO - Processing file /usr/local/lib/python3.10/dist-packages/airflow/example_dags/example_local_kubernetes_executor.py for tasks to queue
[2023-11-20T21:18:20.140+0500] {logging_mixin.py:154} INFO - [2023-11-20T21:18:20.139+0500] {dagbag.py:536} INFO - Filling up the DagBag from /usr/local/lib/python3.10/dist-packages/airflow/example_dags/example_local_kubernetes_executor.py
[2023-11-20T21:18:22.538+0500] {processor.py:839} INFO - DAG(s) dict_keys(['example_local_kubernetes_executor']) retrieved from /usr/local/lib/python3.10/dist-packages/airflow/example_dags/example_local_kubernetes_executor.py
[2023-11-20T21:18:22.738+0500] {logging_mixin.py:154} WARNING - /usr/local/lib/python3.10/dist-packages/airflow/serialization/serialized_objects.py:1534 DeprecationWarning: This module is deprecated. The `cncf.kubernetes` provider before version 7.4.0 uses this module - you should migrate to a newer version of `cncf.kubernetes` to get rid of this warning. If you import the module via `airflow.kubernetes` import, please use `cncf.kubernetes' provider 7.4.0+ and switch all your imports to use `apache.airflow.providers.cncf.kubernetes` to get rid of the warning.
[2023-11-20T21:18:22.779+0500] {logging_mixin.py:154} INFO - [2023-11-20T21:18:22.778+0500] {dag.py:2941} INFO - Sync 1 DAGs
[2023-11-20T21:18:22.840+0500] {logging_mixin.py:154} INFO - [2023-11-20T21:18:22.840+0500] {dag.py:3722} INFO - Setting next_dagrun for example_local_kubernetes_executor to None, run_after=None
[2023-11-20T21:18:22.919+0500] {processor.py:179} INFO - Processing /usr/local/lib/python3.10/dist-packages/airflow/example_dags/example_local_kubernetes_executor.py took 2.798 seconds
[2023-11-20T21:18:53.008+0500] {processor.py:157} INFO - Started process (PID=31702) to work on /usr/local/lib/python3.10/dist-packages/airflow/example_dags/example_local_kubernetes_executor.py
[2023-11-20T21:18:53.010+0500] {processor.py:829} INFO - Processing file /usr/local/lib/python3.10/dist-packages/airflow/example_dags/example_local_kubernetes_executor.py for tasks to queue
[2023-11-20T21:18:53.014+0500] {logging_mixin.py:154} INFO - [2023-11-20T21:18:53.013+0500] {dagbag.py:536} INFO - Filling up the DagBag from /usr/local/lib/python3.10/dist-packages/airflow/example_dags/example_local_kubernetes_executor.py
[2023-11-20T21:18:55.688+0500] {processor.py:839} INFO - DAG(s) dict_keys(['example_local_kubernetes_executor']) retrieved from /usr/local/lib/python3.10/dist-packages/airflow/example_dags/example_local_kubernetes_executor.py
[2023-11-20T21:18:55.961+0500] {logging_mixin.py:154} WARNING - /usr/local/lib/python3.10/dist-packages/airflow/serialization/serialized_objects.py:1534 DeprecationWarning: This module is deprecated. The `cncf.kubernetes` provider before version 7.4.0 uses this module - you should migrate to a newer version of `cncf.kubernetes` to get rid of this warning. If you import the module via `airflow.kubernetes` import, please use `cncf.kubernetes' provider 7.4.0+ and switch all your imports to use `apache.airflow.providers.cncf.kubernetes` to get rid of the warning.
[2023-11-20T21:18:56.104+0500] {logging_mixin.py:154} INFO - [2023-11-20T21:18:56.100+0500] {dag.py:2941} INFO - Sync 1 DAGs
[2023-11-20T21:18:56.209+0500] {logging_mixin.py:154} INFO - [2023-11-20T21:18:56.208+0500] {dag.py:3722} INFO - Setting next_dagrun for example_local_kubernetes_executor to None, run_after=None
[2023-11-20T21:18:56.363+0500] {processor.py:179} INFO - Processing /usr/local/lib/python3.10/dist-packages/airflow/example_dags/example_local_kubernetes_executor.py took 3.368 seconds
[2023-11-20T21:19:26.899+0500] {processor.py:157} INFO - Started process (PID=31847) to work on /usr/local/lib/python3.10/dist-packages/airflow/example_dags/example_local_kubernetes_executor.py
[2023-11-20T21:19:26.902+0500] {processor.py:829} INFO - Processing file /usr/local/lib/python3.10/dist-packages/airflow/example_dags/example_local_kubernetes_executor.py for tasks to queue
[2023-11-20T21:19:26.905+0500] {logging_mixin.py:154} INFO - [2023-11-20T21:19:26.904+0500] {dagbag.py:536} INFO - Filling up the DagBag from /usr/local/lib/python3.10/dist-packages/airflow/example_dags/example_local_kubernetes_executor.py
[2023-11-20T21:19:28.629+0500] {processor.py:839} INFO - DAG(s) dict_keys(['example_local_kubernetes_executor']) retrieved from /usr/local/lib/python3.10/dist-packages/airflow/example_dags/example_local_kubernetes_executor.py
[2023-11-20T21:19:28.773+0500] {logging_mixin.py:154} WARNING - /usr/local/lib/python3.10/dist-packages/airflow/serialization/serialized_objects.py:1534 DeprecationWarning: This module is deprecated. The `cncf.kubernetes` provider before version 7.4.0 uses this module - you should migrate to a newer version of `cncf.kubernetes` to get rid of this warning. If you import the module via `airflow.kubernetes` import, please use `cncf.kubernetes' provider 7.4.0+ and switch all your imports to use `apache.airflow.providers.cncf.kubernetes` to get rid of the warning.
[2023-11-20T21:19:28.804+0500] {logging_mixin.py:154} INFO - [2023-11-20T21:19:28.804+0500] {dag.py:2941} INFO - Sync 1 DAGs
[2023-11-20T21:19:28.858+0500] {logging_mixin.py:154} INFO - [2023-11-20T21:19:28.857+0500] {dag.py:3722} INFO - Setting next_dagrun for example_local_kubernetes_executor to None, run_after=None
[2023-11-20T21:19:28.936+0500] {processor.py:179} INFO - Processing /usr/local/lib/python3.10/dist-packages/airflow/example_dags/example_local_kubernetes_executor.py took 2.050 seconds
[2023-11-20T21:19:59.350+0500] {processor.py:157} INFO - Started process (PID=32237) to work on /usr/local/lib/python3.10/dist-packages/airflow/example_dags/example_local_kubernetes_executor.py
[2023-11-20T21:19:59.354+0500] {processor.py:829} INFO - Processing file /usr/local/lib/python3.10/dist-packages/airflow/example_dags/example_local_kubernetes_executor.py for tasks to queue
[2023-11-20T21:19:59.357+0500] {logging_mixin.py:154} INFO - [2023-11-20T21:19:59.356+0500] {dagbag.py:536} INFO - Filling up the DagBag from /usr/local/lib/python3.10/dist-packages/airflow/example_dags/example_local_kubernetes_executor.py
[2023-11-20T21:20:01.451+0500] {processor.py:839} INFO - DAG(s) dict_keys(['example_local_kubernetes_executor']) retrieved from /usr/local/lib/python3.10/dist-packages/airflow/example_dags/example_local_kubernetes_executor.py
[2023-11-20T21:20:01.612+0500] {logging_mixin.py:154} WARNING - /usr/local/lib/python3.10/dist-packages/airflow/serialization/serialized_objects.py:1534 DeprecationWarning: This module is deprecated. The `cncf.kubernetes` provider before version 7.4.0 uses this module - you should migrate to a newer version of `cncf.kubernetes` to get rid of this warning. If you import the module via `airflow.kubernetes` import, please use `cncf.kubernetes' provider 7.4.0+ and switch all your imports to use `apache.airflow.providers.cncf.kubernetes` to get rid of the warning.
[2023-11-20T21:20:01.648+0500] {logging_mixin.py:154} INFO - [2023-11-20T21:20:01.647+0500] {dag.py:2941} INFO - Sync 1 DAGs
[2023-11-20T21:20:01.706+0500] {logging_mixin.py:154} INFO - [2023-11-20T21:20:01.705+0500] {dag.py:3722} INFO - Setting next_dagrun for example_local_kubernetes_executor to None, run_after=None
[2023-11-20T21:20:01.807+0500] {processor.py:179} INFO - Processing /usr/local/lib/python3.10/dist-packages/airflow/example_dags/example_local_kubernetes_executor.py took 2.469 seconds
[2023-11-20T21:20:32.767+0500] {processor.py:157} INFO - Started process (PID=32613) to work on /usr/local/lib/python3.10/dist-packages/airflow/example_dags/example_local_kubernetes_executor.py
[2023-11-20T21:20:32.780+0500] {processor.py:829} INFO - Processing file /usr/local/lib/python3.10/dist-packages/airflow/example_dags/example_local_kubernetes_executor.py for tasks to queue
[2023-11-20T21:20:32.783+0500] {logging_mixin.py:154} INFO - [2023-11-20T21:20:32.782+0500] {dagbag.py:536} INFO - Filling up the DagBag from /usr/local/lib/python3.10/dist-packages/airflow/example_dags/example_local_kubernetes_executor.py
[2023-11-20T21:20:35.073+0500] {processor.py:839} INFO - DAG(s) dict_keys(['example_local_kubernetes_executor']) retrieved from /usr/local/lib/python3.10/dist-packages/airflow/example_dags/example_local_kubernetes_executor.py
[2023-11-20T21:20:35.220+0500] {logging_mixin.py:154} WARNING - /usr/local/lib/python3.10/dist-packages/airflow/serialization/serialized_objects.py:1534 DeprecationWarning: This module is deprecated. The `cncf.kubernetes` provider before version 7.4.0 uses this module - you should migrate to a newer version of `cncf.kubernetes` to get rid of this warning. If you import the module via `airflow.kubernetes` import, please use `cncf.kubernetes' provider 7.4.0+ and switch all your imports to use `apache.airflow.providers.cncf.kubernetes` to get rid of the warning.
[2023-11-20T21:20:35.252+0500] {logging_mixin.py:154} INFO - [2023-11-20T21:20:35.252+0500] {dag.py:2941} INFO - Sync 1 DAGs
[2023-11-20T21:20:35.303+0500] {logging_mixin.py:154} INFO - [2023-11-20T21:20:35.302+0500] {dag.py:3722} INFO - Setting next_dagrun for example_local_kubernetes_executor to None, run_after=None
[2023-11-20T21:20:35.379+0500] {processor.py:179} INFO - Processing /usr/local/lib/python3.10/dist-packages/airflow/example_dags/example_local_kubernetes_executor.py took 2.640 seconds
[2023-11-20T21:21:06.078+0500] {processor.py:157} INFO - Started process (PID=32882) to work on /usr/local/lib/python3.10/dist-packages/airflow/example_dags/example_local_kubernetes_executor.py
[2023-11-20T21:21:06.101+0500] {processor.py:829} INFO - Processing file /usr/local/lib/python3.10/dist-packages/airflow/example_dags/example_local_kubernetes_executor.py for tasks to queue
[2023-11-20T21:21:06.314+0500] {logging_mixin.py:154} INFO - [2023-11-20T21:21:06.254+0500] {dagbag.py:536} INFO - Filling up the DagBag from /usr/local/lib/python3.10/dist-packages/airflow/example_dags/example_local_kubernetes_executor.py
[2023-11-20T21:21:21.450+0500] {processor.py:839} INFO - DAG(s) dict_keys(['example_local_kubernetes_executor']) retrieved from /usr/local/lib/python3.10/dist-packages/airflow/example_dags/example_local_kubernetes_executor.py
[2023-11-20T21:21:22.464+0500] {logging_mixin.py:154} WARNING - /usr/local/lib/python3.10/dist-packages/airflow/serialization/serialized_objects.py:1534 DeprecationWarning: This module is deprecated. The `cncf.kubernetes` provider before version 7.4.0 uses this module - you should migrate to a newer version of `cncf.kubernetes` to get rid of this warning. If you import the module via `airflow.kubernetes` import, please use `cncf.kubernetes' provider 7.4.0+ and switch all your imports to use `apache.airflow.providers.cncf.kubernetes` to get rid of the warning.
[2023-11-20T21:21:22.681+0500] {logging_mixin.py:154} INFO - [2023-11-20T21:21:22.680+0500] {dag.py:2941} INFO - Sync 1 DAGs
[2023-11-20T21:21:23.571+0500] {logging_mixin.py:154} INFO - [2023-11-20T21:21:23.504+0500] {dag.py:3722} INFO - Setting next_dagrun for example_local_kubernetes_executor to None, run_after=None
[2023-11-20T21:21:24.408+0500] {processor.py:179} INFO - Processing /usr/local/lib/python3.10/dist-packages/airflow/example_dags/example_local_kubernetes_executor.py took 18.472 seconds
[2023-11-20T21:21:55.363+0500] {processor.py:157} INFO - Started process (PID=33057) to work on /usr/local/lib/python3.10/dist-packages/airflow/example_dags/example_local_kubernetes_executor.py
[2023-11-20T21:21:55.377+0500] {processor.py:829} INFO - Processing file /usr/local/lib/python3.10/dist-packages/airflow/example_dags/example_local_kubernetes_executor.py for tasks to queue
[2023-11-20T21:21:55.384+0500] {logging_mixin.py:154} INFO - [2023-11-20T21:21:55.380+0500] {dagbag.py:536} INFO - Filling up the DagBag from /usr/local/lib/python3.10/dist-packages/airflow/example_dags/example_local_kubernetes_executor.py
[2023-11-20T21:21:57.520+0500] {processor.py:839} INFO - DAG(s) dict_keys(['example_local_kubernetes_executor']) retrieved from /usr/local/lib/python3.10/dist-packages/airflow/example_dags/example_local_kubernetes_executor.py
[2023-11-20T21:21:57.731+0500] {logging_mixin.py:154} WARNING - /usr/local/lib/python3.10/dist-packages/airflow/serialization/serialized_objects.py:1534 DeprecationWarning: This module is deprecated. The `cncf.kubernetes` provider before version 7.4.0 uses this module - you should migrate to a newer version of `cncf.kubernetes` to get rid of this warning. If you import the module via `airflow.kubernetes` import, please use `cncf.kubernetes' provider 7.4.0+ and switch all your imports to use `apache.airflow.providers.cncf.kubernetes` to get rid of the warning.
[2023-11-20T21:21:57.766+0500] {logging_mixin.py:154} INFO - [2023-11-20T21:21:57.765+0500] {dag.py:2941} INFO - Sync 1 DAGs
[2023-11-20T21:21:57.822+0500] {logging_mixin.py:154} INFO - [2023-11-20T21:21:57.821+0500] {dag.py:3722} INFO - Setting next_dagrun for example_local_kubernetes_executor to None, run_after=None
[2023-11-20T21:21:57.903+0500] {processor.py:179} INFO - Processing /usr/local/lib/python3.10/dist-packages/airflow/example_dags/example_local_kubernetes_executor.py took 2.574 seconds
[2023-11-20T21:22:28.395+0500] {processor.py:157} INFO - Started process (PID=33210) to work on /usr/local/lib/python3.10/dist-packages/airflow/example_dags/example_local_kubernetes_executor.py
[2023-11-20T21:22:28.402+0500] {processor.py:829} INFO - Processing file /usr/local/lib/python3.10/dist-packages/airflow/example_dags/example_local_kubernetes_executor.py for tasks to queue
[2023-11-20T21:22:28.408+0500] {logging_mixin.py:154} INFO - [2023-11-20T21:22:28.404+0500] {dagbag.py:536} INFO - Filling up the DagBag from /usr/local/lib/python3.10/dist-packages/airflow/example_dags/example_local_kubernetes_executor.py
[2023-11-20T21:22:32.403+0500] {processor.py:839} INFO - DAG(s) dict_keys(['example_local_kubernetes_executor']) retrieved from /usr/local/lib/python3.10/dist-packages/airflow/example_dags/example_local_kubernetes_executor.py
[2023-11-20T21:22:32.652+0500] {logging_mixin.py:154} WARNING - /usr/local/lib/python3.10/dist-packages/airflow/serialization/serialized_objects.py:1534 DeprecationWarning: This module is deprecated. The `cncf.kubernetes` provider before version 7.4.0 uses this module - you should migrate to a newer version of `cncf.kubernetes` to get rid of this warning. If you import the module via `airflow.kubernetes` import, please use `cncf.kubernetes' provider 7.4.0+ and switch all your imports to use `apache.airflow.providers.cncf.kubernetes` to get rid of the warning.
[2023-11-20T21:22:32.706+0500] {logging_mixin.py:154} INFO - [2023-11-20T21:22:32.703+0500] {dag.py:2941} INFO - Sync 1 DAGs
[2023-11-20T21:22:32.867+0500] {logging_mixin.py:154} INFO - [2023-11-20T21:22:32.867+0500] {dag.py:3722} INFO - Setting next_dagrun for example_local_kubernetes_executor to None, run_after=None
[2023-11-20T21:22:32.961+0500] {processor.py:179} INFO - Processing /usr/local/lib/python3.10/dist-packages/airflow/example_dags/example_local_kubernetes_executor.py took 4.580 seconds
[2023-11-20T21:23:03.555+0500] {processor.py:157} INFO - Started process (PID=33387) to work on /usr/local/lib/python3.10/dist-packages/airflow/example_dags/example_local_kubernetes_executor.py
[2023-11-20T21:23:03.558+0500] {processor.py:829} INFO - Processing file /usr/local/lib/python3.10/dist-packages/airflow/example_dags/example_local_kubernetes_executor.py for tasks to queue
[2023-11-20T21:23:03.562+0500] {logging_mixin.py:154} INFO - [2023-11-20T21:23:03.561+0500] {dagbag.py:536} INFO - Filling up the DagBag from /usr/local/lib/python3.10/dist-packages/airflow/example_dags/example_local_kubernetes_executor.py
[2023-11-20T21:23:05.259+0500] {processor.py:839} INFO - DAG(s) dict_keys(['example_local_kubernetes_executor']) retrieved from /usr/local/lib/python3.10/dist-packages/airflow/example_dags/example_local_kubernetes_executor.py
[2023-11-20T21:23:05.364+0500] {logging_mixin.py:154} WARNING - /usr/local/lib/python3.10/dist-packages/airflow/serialization/serialized_objects.py:1534 DeprecationWarning: This module is deprecated. The `cncf.kubernetes` provider before version 7.4.0 uses this module - you should migrate to a newer version of `cncf.kubernetes` to get rid of this warning. If you import the module via `airflow.kubernetes` import, please use `cncf.kubernetes' provider 7.4.0+ and switch all your imports to use `apache.airflow.providers.cncf.kubernetes` to get rid of the warning.
[2023-11-20T21:23:05.402+0500] {logging_mixin.py:154} INFO - [2023-11-20T21:23:05.401+0500] {dag.py:2941} INFO - Sync 1 DAGs
[2023-11-20T21:23:05.454+0500] {logging_mixin.py:154} INFO - [2023-11-20T21:23:05.453+0500] {dag.py:3722} INFO - Setting next_dagrun for example_local_kubernetes_executor to None, run_after=None
[2023-11-20T21:23:05.530+0500] {processor.py:179} INFO - Processing /usr/local/lib/python3.10/dist-packages/airflow/example_dags/example_local_kubernetes_executor.py took 1.989 seconds
[2023-11-20T21:23:36.271+0500] {processor.py:157} INFO - Started process (PID=33494) to work on /usr/local/lib/python3.10/dist-packages/airflow/example_dags/example_local_kubernetes_executor.py
[2023-11-20T21:23:36.277+0500] {processor.py:829} INFO - Processing file /usr/local/lib/python3.10/dist-packages/airflow/example_dags/example_local_kubernetes_executor.py for tasks to queue
[2023-11-20T21:23:36.280+0500] {logging_mixin.py:154} INFO - [2023-11-20T21:23:36.279+0500] {dagbag.py:536} INFO - Filling up the DagBag from /usr/local/lib/python3.10/dist-packages/airflow/example_dags/example_local_kubernetes_executor.py
[2023-11-20T21:23:38.142+0500] {processor.py:839} INFO - DAG(s) dict_keys(['example_local_kubernetes_executor']) retrieved from /usr/local/lib/python3.10/dist-packages/airflow/example_dags/example_local_kubernetes_executor.py
[2023-11-20T21:23:38.251+0500] {logging_mixin.py:154} WARNING - /usr/local/lib/python3.10/dist-packages/airflow/serialization/serialized_objects.py:1534 DeprecationWarning: This module is deprecated. The `cncf.kubernetes` provider before version 7.4.0 uses this module - you should migrate to a newer version of `cncf.kubernetes` to get rid of this warning. If you import the module via `airflow.kubernetes` import, please use `cncf.kubernetes' provider 7.4.0+ and switch all your imports to use `apache.airflow.providers.cncf.kubernetes` to get rid of the warning.
[2023-11-20T21:23:38.286+0500] {logging_mixin.py:154} INFO - [2023-11-20T21:23:38.285+0500] {dag.py:2941} INFO - Sync 1 DAGs
[2023-11-20T21:23:38.344+0500] {logging_mixin.py:154} INFO - [2023-11-20T21:23:38.343+0500] {dag.py:3722} INFO - Setting next_dagrun for example_local_kubernetes_executor to None, run_after=None
[2023-11-20T21:23:38.425+0500] {processor.py:179} INFO - Processing /usr/local/lib/python3.10/dist-packages/airflow/example_dags/example_local_kubernetes_executor.py took 2.166 seconds
[2023-11-20T21:24:08.561+0500] {processor.py:157} INFO - Started process (PID=33609) to work on /usr/local/lib/python3.10/dist-packages/airflow/example_dags/example_local_kubernetes_executor.py
[2023-11-20T21:24:08.569+0500] {processor.py:829} INFO - Processing file /usr/local/lib/python3.10/dist-packages/airflow/example_dags/example_local_kubernetes_executor.py for tasks to queue
[2023-11-20T21:24:08.575+0500] {logging_mixin.py:154} INFO - [2023-11-20T21:24:08.572+0500] {dagbag.py:536} INFO - Filling up the DagBag from /usr/local/lib/python3.10/dist-packages/airflow/example_dags/example_local_kubernetes_executor.py
[2023-11-20T21:24:13.549+0500] {processor.py:839} INFO - DAG(s) dict_keys(['example_local_kubernetes_executor']) retrieved from /usr/local/lib/python3.10/dist-packages/airflow/example_dags/example_local_kubernetes_executor.py
[2023-11-20T21:24:13.909+0500] {logging_mixin.py:154} WARNING - /usr/local/lib/python3.10/dist-packages/airflow/serialization/serialized_objects.py:1534 DeprecationWarning: This module is deprecated. The `cncf.kubernetes` provider before version 7.4.0 uses this module - you should migrate to a newer version of `cncf.kubernetes` to get rid of this warning. If you import the module via `airflow.kubernetes` import, please use `cncf.kubernetes' provider 7.4.0+ and switch all your imports to use `apache.airflow.providers.cncf.kubernetes` to get rid of the warning.
[2023-11-20T21:24:14.133+0500] {logging_mixin.py:154} INFO - [2023-11-20T21:24:14.133+0500] {dag.py:2941} INFO - Sync 1 DAGs
[2023-11-20T21:24:14.506+0500] {logging_mixin.py:154} INFO - [2023-11-20T21:24:14.505+0500] {dag.py:3722} INFO - Setting next_dagrun for example_local_kubernetes_executor to None, run_after=None
[2023-11-20T21:24:14.736+0500] {processor.py:179} INFO - Processing /usr/local/lib/python3.10/dist-packages/airflow/example_dags/example_local_kubernetes_executor.py took 6.195 seconds
[2023-11-20T21:25:07.398+0500] {processor.py:157} INFO - Started process (PID=33776) to work on /usr/local/lib/python3.10/dist-packages/airflow/example_dags/example_local_kubernetes_executor.py
[2023-11-20T21:25:07.415+0500] {processor.py:829} INFO - Processing file /usr/local/lib/python3.10/dist-packages/airflow/example_dags/example_local_kubernetes_executor.py for tasks to queue
[2023-11-20T21:25:07.438+0500] {logging_mixin.py:154} INFO - [2023-11-20T21:25:07.437+0500] {dagbag.py:536} INFO - Filling up the DagBag from /usr/local/lib/python3.10/dist-packages/airflow/example_dags/example_local_kubernetes_executor.py
[2023-11-20T21:25:14.550+0500] {processor.py:839} INFO - DAG(s) dict_keys(['example_local_kubernetes_executor']) retrieved from /usr/local/lib/python3.10/dist-packages/airflow/example_dags/example_local_kubernetes_executor.py
[2023-11-20T21:25:14.990+0500] {logging_mixin.py:154} WARNING - /usr/local/lib/python3.10/dist-packages/airflow/serialization/serialized_objects.py:1534 DeprecationWarning: This module is deprecated. The `cncf.kubernetes` provider before version 7.4.0 uses this module - you should migrate to a newer version of `cncf.kubernetes` to get rid of this warning. If you import the module via `airflow.kubernetes` import, please use `cncf.kubernetes' provider 7.4.0+ and switch all your imports to use `apache.airflow.providers.cncf.kubernetes` to get rid of the warning.
[2023-11-20T21:25:15.086+0500] {logging_mixin.py:154} INFO - [2023-11-20T21:25:15.085+0500] {dag.py:2941} INFO - Sync 1 DAGs
[2023-11-20T21:25:15.206+0500] {logging_mixin.py:154} INFO - [2023-11-20T21:25:15.205+0500] {dag.py:3722} INFO - Setting next_dagrun for example_local_kubernetes_executor to None, run_after=None
[2023-11-20T21:25:15.386+0500] {processor.py:179} INFO - Processing /usr/local/lib/python3.10/dist-packages/airflow/example_dags/example_local_kubernetes_executor.py took 8.014 seconds
[2023-11-20T21:26:02.750+0500] {processor.py:157} INFO - Started process (PID=33960) to work on /usr/local/lib/python3.10/dist-packages/airflow/example_dags/example_local_kubernetes_executor.py
[2023-11-20T21:26:02.804+0500] {processor.py:829} INFO - Processing file /usr/local/lib/python3.10/dist-packages/airflow/example_dags/example_local_kubernetes_executor.py for tasks to queue
[2023-11-20T21:26:02.807+0500] {logging_mixin.py:154} INFO - [2023-11-20T21:26:02.806+0500] {dagbag.py:536} INFO - Filling up the DagBag from /usr/local/lib/python3.10/dist-packages/airflow/example_dags/example_local_kubernetes_executor.py
[2023-11-20T21:26:07.043+0500] {processor.py:839} INFO - DAG(s) dict_keys(['example_local_kubernetes_executor']) retrieved from /usr/local/lib/python3.10/dist-packages/airflow/example_dags/example_local_kubernetes_executor.py
[2023-11-20T21:26:07.595+0500] {logging_mixin.py:154} WARNING - /usr/local/lib/python3.10/dist-packages/airflow/serialization/serialized_objects.py:1534 DeprecationWarning: This module is deprecated. The `cncf.kubernetes` provider before version 7.4.0 uses this module - you should migrate to a newer version of `cncf.kubernetes` to get rid of this warning. If you import the module via `airflow.kubernetes` import, please use `cncf.kubernetes' provider 7.4.0+ and switch all your imports to use `apache.airflow.providers.cncf.kubernetes` to get rid of the warning.
[2023-11-20T21:26:07.936+0500] {logging_mixin.py:154} INFO - [2023-11-20T21:26:07.934+0500] {dag.py:2941} INFO - Sync 1 DAGs
[2023-11-20T21:26:08.164+0500] {logging_mixin.py:154} INFO - [2023-11-20T21:26:08.163+0500] {dag.py:3722} INFO - Setting next_dagrun for example_local_kubernetes_executor to None, run_after=None
[2023-11-20T21:26:08.444+0500] {processor.py:179} INFO - Processing /usr/local/lib/python3.10/dist-packages/airflow/example_dags/example_local_kubernetes_executor.py took 5.776 seconds
[2023-11-20T21:26:55.431+0500] {processor.py:157} INFO - Started process (PID=34085) to work on /usr/local/lib/python3.10/dist-packages/airflow/example_dags/example_local_kubernetes_executor.py
[2023-11-20T21:26:55.436+0500] {processor.py:829} INFO - Processing file /usr/local/lib/python3.10/dist-packages/airflow/example_dags/example_local_kubernetes_executor.py for tasks to queue
[2023-11-20T21:26:55.440+0500] {logging_mixin.py:154} INFO - [2023-11-20T21:26:55.438+0500] {dagbag.py:536} INFO - Filling up the DagBag from /usr/local/lib/python3.10/dist-packages/airflow/example_dags/example_local_kubernetes_executor.py
[2023-11-20T21:27:26.552+0500] {logging_mixin.py:154} INFO - [2023-11-20T21:27:25.566+0500] {timeout.py:68} ERROR - Process timed out, PID: 34085
[2023-11-20T21:27:28.708+0500] {logging_mixin.py:154} INFO - [2023-11-20T21:27:27.551+0500] {dagbag.py:346} ERROR - Failed to import: /usr/local/lib/python3.10/dist-packages/airflow/example_dags/example_local_kubernetes_executor.py
Traceback (most recent call last):
  File "/usr/local/lib/python3.10/dist-packages/airflow/models/dagbag.py", line 342, in parse
    loader.exec_module(new_module)
  File "<frozen importlib._bootstrap_external>", line 883, in exec_module
  File "<frozen importlib._bootstrap>", line 241, in _call_with_frames_removed
  File "/usr/local/lib/python3.10/dist-packages/airflow/example_dags/example_local_kubernetes_executor.py", line 37, in <module>
    from kubernetes.client import models as k8s
  File "/home/makar/.local/lib/python3.10/site-packages/kubernetes/__init__.py", line 20, in <module>
    from . import config
  File "/home/makar/.local/lib/python3.10/site-packages/kubernetes/config/__init__.py", line 19, in <module>
    from .kube_config import (KUBE_CONFIG_DEFAULT_LOCATION,
  File "/home/makar/.local/lib/python3.10/site-packages/kubernetes/config/kube_config.py", line 28, in <module>
    import google.auth
  File "/home/makar/.local/lib/python3.10/site-packages/google/auth/__init__.py", line 19, in <module>
    from google.auth import version as google_auth_version
  File "<frozen importlib._bootstrap>", line 1027, in _find_and_load
  File "<frozen importlib._bootstrap>", line 1002, in _find_and_load_unlocked
  File "<frozen importlib._bootstrap>", line 945, in _find_spec
  File "<frozen importlib._bootstrap_external>", line 1439, in find_spec
  File "<frozen importlib._bootstrap_external>", line 1411, in _get_spec
  File "<frozen importlib._bootstrap_external>", line 1577, in find_spec
  File "<frozen importlib._bootstrap_external>", line 161, in _path_isfile
  File "<frozen importlib._bootstrap_external>", line 153, in _path_is_mode_type
  File "<frozen importlib._bootstrap_external>", line 147, in _path_stat
  File "/usr/local/lib/python3.10/dist-packages/airflow/utils/timeout.py", line 69, in handle_timeout
    raise AirflowTaskTimeout(self.error_message)
airflow.exceptions.AirflowTaskTimeout: DagBag import timeout for /usr/local/lib/python3.10/dist-packages/airflow/example_dags/example_local_kubernetes_executor.py after 30.0s.
Please take a look at these docs to improve your DAG import time:
* https://airflow.apache.org/docs/apache-airflow/2.7.3/best-practices.html#top-level-python-code
* https://airflow.apache.org/docs/apache-airflow/2.7.3/best-practices.html#reducing-dag-complexity, PID: 34085
[2023-11-20T21:27:30.027+0500] {processor.py:841} WARNING - No viable dags retrieved from /usr/local/lib/python3.10/dist-packages/airflow/example_dags/example_local_kubernetes_executor.py
[2023-11-20T21:28:37.126+0500] {processor.py:157} INFO - Started process (PID=34342) to work on /usr/local/lib/python3.10/dist-packages/airflow/example_dags/example_local_kubernetes_executor.py
[2023-11-20T21:28:37.132+0500] {processor.py:829} INFO - Processing file /usr/local/lib/python3.10/dist-packages/airflow/example_dags/example_local_kubernetes_executor.py for tasks to queue
[2023-11-20T21:28:37.135+0500] {logging_mixin.py:154} INFO - [2023-11-20T21:28:37.134+0500] {dagbag.py:536} INFO - Filling up the DagBag from /usr/local/lib/python3.10/dist-packages/airflow/example_dags/example_local_kubernetes_executor.py
[2023-11-20T21:29:33.983+0500] {logging_mixin.py:154} INFO - [2023-11-20T21:29:09.137+0500] {timeout.py:68} ERROR - Process timed out, PID: 34342
[2023-11-20T21:30:17.820+0500] {logging_mixin.py:154} INFO - [2023-11-20T21:30:13.476+0500] {dagbag.py:346} ERROR - Failed to import: /usr/local/lib/python3.10/dist-packages/airflow/example_dags/example_local_kubernetes_executor.py
Traceback (most recent call last):
  File "/usr/local/lib/python3.10/dist-packages/airflow/models/dagbag.py", line 342, in parse
    loader.exec_module(new_module)
  File "<frozen importlib._bootstrap_external>", line 883, in exec_module
  File "<frozen importlib._bootstrap>", line 241, in _call_with_frames_removed
  File "/usr/local/lib/python3.10/dist-packages/airflow/example_dags/example_local_kubernetes_executor.py", line 37, in <module>
    from kubernetes.client import models as k8s
  File "/home/makar/.local/lib/python3.10/site-packages/kubernetes/__init__.py", line 20, in <module>
    from . import config
  File "/home/makar/.local/lib/python3.10/site-packages/kubernetes/config/__init__.py", line 19, in <module>
    from .kube_config import (KUBE_CONFIG_DEFAULT_LOCATION,
  File "/home/makar/.local/lib/python3.10/site-packages/kubernetes/config/kube_config.py", line 28, in <module>
    import google.auth
  File "/home/makar/.local/lib/python3.10/site-packages/google/auth/__init__.py", line 19, in <module>
    from google.auth import version as google_auth_version
  File "<frozen importlib._bootstrap>", line 1027, in _find_and_load
  File "<frozen importlib._bootstrap>", line 1006, in _find_and_load_unlocked
  File "<frozen importlib._bootstrap>", line 688, in _load_unlocked
  File "<frozen importlib._bootstrap_external>", line 879, in exec_module
  File "<frozen importlib._bootstrap_external>", line 975, in get_code
  File "<frozen importlib._bootstrap_external>", line 1074, in get_data
  File "/usr/local/lib/python3.10/dist-packages/airflow/utils/timeout.py", line 69, in handle_timeout
    raise AirflowTaskTimeout(self.error_message)
airflow.exceptions.AirflowTaskTimeout: DagBag import timeout for /usr/local/lib/python3.10/dist-packages/airflow/example_dags/example_local_kubernetes_executor.py after 30.0s.
Please take a look at these docs to improve your DAG import time:
* https://airflow.apache.org/docs/apache-airflow/2.7.3/best-practices.html#top-level-python-code
* https://airflow.apache.org/docs/apache-airflow/2.7.3/best-practices.html#reducing-dag-complexity, PID: 34342
[2023-11-20T21:30:18.576+0500] {processor.py:841} WARNING - No viable dags retrieved from /usr/local/lib/python3.10/dist-packages/airflow/example_dags/example_local_kubernetes_executor.py
