[2023-11-20T21:05:55.865+0500] {processor.py:157} INFO - Started process (PID=27191) to work on /usr/local/lib/python3.10/dist-packages/airflow/example_dags/example_params_ui_tutorial.py
[2023-11-20T21:05:55.868+0500] {processor.py:829} INFO - Processing file /usr/local/lib/python3.10/dist-packages/airflow/example_dags/example_params_ui_tutorial.py for tasks to queue
[2023-11-20T21:05:55.870+0500] {logging_mixin.py:154} INFO - [2023-11-20T21:05:55.869+0500] {dagbag.py:536} INFO - Filling up the DagBag from /usr/local/lib/python3.10/dist-packages/airflow/example_dags/example_params_ui_tutorial.py
[2023-11-20T21:05:56.099+0500] {processor.py:839} INFO - DAG(s) dict_keys(['example_params_ui_tutorial']) retrieved from /usr/local/lib/python3.10/dist-packages/airflow/example_dags/example_params_ui_tutorial.py
[2023-11-20T21:05:56.921+0500] {logging_mixin.py:154} INFO - [2023-11-20T21:05:56.921+0500] {manager.py:499} INFO - Created Permission View: %s
[2023-11-20T21:05:56.965+0500] {logging_mixin.py:154} INFO - [2023-11-20T21:05:56.965+0500] {manager.py:499} INFO - Created Permission View: %s
[2023-11-20T21:05:56.994+0500] {logging_mixin.py:154} INFO - [2023-11-20T21:05:56.993+0500] {manager.py:499} INFO - Created Permission View: %s
[2023-11-20T21:05:56.995+0500] {logging_mixin.py:154} INFO - [2023-11-20T21:05:56.994+0500] {dag.py:2941} INFO - Sync 1 DAGs
[2023-11-20T21:05:57.049+0500] {logging_mixin.py:154} INFO - [2023-11-20T21:05:57.048+0500] {dag.py:2963} INFO - Creating ORM DAG for example_params_ui_tutorial
[2023-11-20T21:05:57.051+0500] {logging_mixin.py:154} INFO - [2023-11-20T21:05:57.050+0500] {dag.py:3722} INFO - Setting next_dagrun for example_params_ui_tutorial to None, run_after=None
[2023-11-20T21:05:57.129+0500] {processor.py:179} INFO - Processing /usr/local/lib/python3.10/dist-packages/airflow/example_dags/example_params_ui_tutorial.py took 1.276 seconds
[2023-11-20T21:06:27.751+0500] {processor.py:157} INFO - Started process (PID=27446) to work on /usr/local/lib/python3.10/dist-packages/airflow/example_dags/example_params_ui_tutorial.py
[2023-11-20T21:06:27.768+0500] {processor.py:829} INFO - Processing file /usr/local/lib/python3.10/dist-packages/airflow/example_dags/example_params_ui_tutorial.py for tasks to queue
[2023-11-20T21:06:27.771+0500] {logging_mixin.py:154} INFO - [2023-11-20T21:06:27.770+0500] {dagbag.py:536} INFO - Filling up the DagBag from /usr/local/lib/python3.10/dist-packages/airflow/example_dags/example_params_ui_tutorial.py
[2023-11-20T21:06:28.566+0500] {processor.py:839} INFO - DAG(s) dict_keys(['example_params_ui_tutorial']) retrieved from /usr/local/lib/python3.10/dist-packages/airflow/example_dags/example_params_ui_tutorial.py
[2023-11-20T21:06:29.404+0500] {logging_mixin.py:154} INFO - [2023-11-20T21:06:29.403+0500] {dag.py:2941} INFO - Sync 1 DAGs
[2023-11-20T21:06:29.472+0500] {logging_mixin.py:154} INFO - [2023-11-20T21:06:29.471+0500] {dag.py:3722} INFO - Setting next_dagrun for example_params_ui_tutorial to None, run_after=None
[2023-11-20T21:06:29.566+0500] {processor.py:179} INFO - Processing /usr/local/lib/python3.10/dist-packages/airflow/example_dags/example_params_ui_tutorial.py took 1.868 seconds
[2023-11-20T21:07:00.030+0500] {processor.py:157} INFO - Started process (PID=27764) to work on /usr/local/lib/python3.10/dist-packages/airflow/example_dags/example_params_ui_tutorial.py
[2023-11-20T21:07:00.033+0500] {processor.py:829} INFO - Processing file /usr/local/lib/python3.10/dist-packages/airflow/example_dags/example_params_ui_tutorial.py for tasks to queue
[2023-11-20T21:07:00.037+0500] {logging_mixin.py:154} INFO - [2023-11-20T21:07:00.035+0500] {dagbag.py:536} INFO - Filling up the DagBag from /usr/local/lib/python3.10/dist-packages/airflow/example_dags/example_params_ui_tutorial.py
[2023-11-20T21:07:00.370+0500] {processor.py:839} INFO - DAG(s) dict_keys(['example_params_ui_tutorial']) retrieved from /usr/local/lib/python3.10/dist-packages/airflow/example_dags/example_params_ui_tutorial.py
[2023-11-20T21:07:01.177+0500] {logging_mixin.py:154} INFO - [2023-11-20T21:07:01.176+0500] {dag.py:2941} INFO - Sync 1 DAGs
[2023-11-20T21:07:01.314+0500] {logging_mixin.py:154} INFO - [2023-11-20T21:07:01.314+0500] {dag.py:3722} INFO - Setting next_dagrun for example_params_ui_tutorial to None, run_after=None
[2023-11-20T21:07:01.508+0500] {processor.py:179} INFO - Processing /usr/local/lib/python3.10/dist-packages/airflow/example_dags/example_params_ui_tutorial.py took 1.491 seconds
[2023-11-20T21:07:31.996+0500] {processor.py:157} INFO - Started process (PID=28041) to work on /usr/local/lib/python3.10/dist-packages/airflow/example_dags/example_params_ui_tutorial.py
[2023-11-20T21:07:32.009+0500] {processor.py:829} INFO - Processing file /usr/local/lib/python3.10/dist-packages/airflow/example_dags/example_params_ui_tutorial.py for tasks to queue
[2023-11-20T21:07:32.012+0500] {logging_mixin.py:154} INFO - [2023-11-20T21:07:32.011+0500] {dagbag.py:536} INFO - Filling up the DagBag from /usr/local/lib/python3.10/dist-packages/airflow/example_dags/example_params_ui_tutorial.py
[2023-11-20T21:07:32.423+0500] {processor.py:839} INFO - DAG(s) dict_keys(['example_params_ui_tutorial']) retrieved from /usr/local/lib/python3.10/dist-packages/airflow/example_dags/example_params_ui_tutorial.py
[2023-11-20T21:07:33.247+0500] {logging_mixin.py:154} INFO - [2023-11-20T21:07:33.238+0500] {dag.py:2941} INFO - Sync 1 DAGs
[2023-11-20T21:07:33.345+0500] {logging_mixin.py:154} INFO - [2023-11-20T21:07:33.344+0500] {dag.py:3722} INFO - Setting next_dagrun for example_params_ui_tutorial to None, run_after=None
[2023-11-20T21:07:33.694+0500] {processor.py:179} INFO - Processing /usr/local/lib/python3.10/dist-packages/airflow/example_dags/example_params_ui_tutorial.py took 1.710 seconds
[2023-11-20T21:08:05.830+0500] {processor.py:157} INFO - Started process (PID=28253) to work on /usr/local/lib/python3.10/dist-packages/airflow/example_dags/example_params_ui_tutorial.py
[2023-11-20T21:08:05.835+0500] {processor.py:829} INFO - Processing file /usr/local/lib/python3.10/dist-packages/airflow/example_dags/example_params_ui_tutorial.py for tasks to queue
[2023-11-20T21:08:05.842+0500] {logging_mixin.py:154} INFO - [2023-11-20T21:08:05.840+0500] {dagbag.py:536} INFO - Filling up the DagBag from /usr/local/lib/python3.10/dist-packages/airflow/example_dags/example_params_ui_tutorial.py
[2023-11-20T21:08:06.310+0500] {processor.py:839} INFO - DAG(s) dict_keys(['example_params_ui_tutorial']) retrieved from /usr/local/lib/python3.10/dist-packages/airflow/example_dags/example_params_ui_tutorial.py
[2023-11-20T21:08:06.836+0500] {logging_mixin.py:154} INFO - [2023-11-20T21:08:06.835+0500] {dag.py:2941} INFO - Sync 1 DAGs
[2023-11-20T21:08:06.922+0500] {logging_mixin.py:154} INFO - [2023-11-20T21:08:06.921+0500] {dag.py:3722} INFO - Setting next_dagrun for example_params_ui_tutorial to None, run_after=None
[2023-11-20T21:08:07.086+0500] {processor.py:179} INFO - Processing /usr/local/lib/python3.10/dist-packages/airflow/example_dags/example_params_ui_tutorial.py took 1.297 seconds
[2023-11-20T21:08:37.419+0500] {processor.py:157} INFO - Started process (PID=28461) to work on /usr/local/lib/python3.10/dist-packages/airflow/example_dags/example_params_ui_tutorial.py
[2023-11-20T21:08:37.422+0500] {processor.py:829} INFO - Processing file /usr/local/lib/python3.10/dist-packages/airflow/example_dags/example_params_ui_tutorial.py for tasks to queue
[2023-11-20T21:08:37.425+0500] {logging_mixin.py:154} INFO - [2023-11-20T21:08:37.424+0500] {dagbag.py:536} INFO - Filling up the DagBag from /usr/local/lib/python3.10/dist-packages/airflow/example_dags/example_params_ui_tutorial.py
[2023-11-20T21:08:37.680+0500] {processor.py:839} INFO - DAG(s) dict_keys(['example_params_ui_tutorial']) retrieved from /usr/local/lib/python3.10/dist-packages/airflow/example_dags/example_params_ui_tutorial.py
[2023-11-20T21:08:38.209+0500] {logging_mixin.py:154} INFO - [2023-11-20T21:08:38.208+0500] {dag.py:2941} INFO - Sync 1 DAGs
[2023-11-20T21:08:38.289+0500] {logging_mixin.py:154} INFO - [2023-11-20T21:08:38.289+0500] {dag.py:3722} INFO - Setting next_dagrun for example_params_ui_tutorial to None, run_after=None
[2023-11-20T21:08:38.399+0500] {processor.py:179} INFO - Processing /usr/local/lib/python3.10/dist-packages/airflow/example_dags/example_params_ui_tutorial.py took 0.993 seconds
[2023-11-20T21:09:08.909+0500] {processor.py:157} INFO - Started process (PID=28682) to work on /usr/local/lib/python3.10/dist-packages/airflow/example_dags/example_params_ui_tutorial.py
[2023-11-20T21:09:08.912+0500] {processor.py:829} INFO - Processing file /usr/local/lib/python3.10/dist-packages/airflow/example_dags/example_params_ui_tutorial.py for tasks to queue
[2023-11-20T21:09:08.915+0500] {logging_mixin.py:154} INFO - [2023-11-20T21:09:08.914+0500] {dagbag.py:536} INFO - Filling up the DagBag from /usr/local/lib/python3.10/dist-packages/airflow/example_dags/example_params_ui_tutorial.py
[2023-11-20T21:09:09.142+0500] {processor.py:839} INFO - DAG(s) dict_keys(['example_params_ui_tutorial']) retrieved from /usr/local/lib/python3.10/dist-packages/airflow/example_dags/example_params_ui_tutorial.py
[2023-11-20T21:09:09.623+0500] {logging_mixin.py:154} INFO - [2023-11-20T21:09:09.622+0500] {dag.py:2941} INFO - Sync 1 DAGs
[2023-11-20T21:09:09.691+0500] {logging_mixin.py:154} INFO - [2023-11-20T21:09:09.690+0500] {dag.py:3722} INFO - Setting next_dagrun for example_params_ui_tutorial to None, run_after=None
[2023-11-20T21:09:09.781+0500] {processor.py:179} INFO - Processing /usr/local/lib/python3.10/dist-packages/airflow/example_dags/example_params_ui_tutorial.py took 0.883 seconds
[2023-11-20T21:09:40.006+0500] {processor.py:157} INFO - Started process (PID=28916) to work on /usr/local/lib/python3.10/dist-packages/airflow/example_dags/example_params_ui_tutorial.py
[2023-11-20T21:09:40.009+0500] {processor.py:829} INFO - Processing file /usr/local/lib/python3.10/dist-packages/airflow/example_dags/example_params_ui_tutorial.py for tasks to queue
[2023-11-20T21:09:40.012+0500] {logging_mixin.py:154} INFO - [2023-11-20T21:09:40.011+0500] {dagbag.py:536} INFO - Filling up the DagBag from /usr/local/lib/python3.10/dist-packages/airflow/example_dags/example_params_ui_tutorial.py
[2023-11-20T21:09:40.258+0500] {processor.py:839} INFO - DAG(s) dict_keys(['example_params_ui_tutorial']) retrieved from /usr/local/lib/python3.10/dist-packages/airflow/example_dags/example_params_ui_tutorial.py
[2023-11-20T21:09:40.721+0500] {logging_mixin.py:154} INFO - [2023-11-20T21:09:40.720+0500] {dag.py:2941} INFO - Sync 1 DAGs
[2023-11-20T21:09:40.775+0500] {logging_mixin.py:154} INFO - [2023-11-20T21:09:40.774+0500] {dag.py:3722} INFO - Setting next_dagrun for example_params_ui_tutorial to None, run_after=None
[2023-11-20T21:09:40.869+0500] {processor.py:179} INFO - Processing /usr/local/lib/python3.10/dist-packages/airflow/example_dags/example_params_ui_tutorial.py took 0.875 seconds
[2023-11-20T21:10:11.478+0500] {processor.py:157} INFO - Started process (PID=29182) to work on /usr/local/lib/python3.10/dist-packages/airflow/example_dags/example_params_ui_tutorial.py
[2023-11-20T21:10:11.481+0500] {processor.py:829} INFO - Processing file /usr/local/lib/python3.10/dist-packages/airflow/example_dags/example_params_ui_tutorial.py for tasks to queue
[2023-11-20T21:10:11.486+0500] {logging_mixin.py:154} INFO - [2023-11-20T21:10:11.485+0500] {dagbag.py:536} INFO - Filling up the DagBag from /usr/local/lib/python3.10/dist-packages/airflow/example_dags/example_params_ui_tutorial.py
[2023-11-20T21:10:11.993+0500] {processor.py:839} INFO - DAG(s) dict_keys(['example_params_ui_tutorial']) retrieved from /usr/local/lib/python3.10/dist-packages/airflow/example_dags/example_params_ui_tutorial.py
[2023-11-20T21:10:12.685+0500] {logging_mixin.py:154} INFO - [2023-11-20T21:10:12.684+0500] {dag.py:2941} INFO - Sync 1 DAGs
[2023-11-20T21:10:12.839+0500] {logging_mixin.py:154} INFO - [2023-11-20T21:10:12.838+0500] {dag.py:3722} INFO - Setting next_dagrun for example_params_ui_tutorial to None, run_after=None
[2023-11-20T21:10:12.974+0500] {processor.py:179} INFO - Processing /usr/local/lib/python3.10/dist-packages/airflow/example_dags/example_params_ui_tutorial.py took 1.509 seconds
[2023-11-20T21:10:43.413+0500] {processor.py:157} INFO - Started process (PID=29371) to work on /usr/local/lib/python3.10/dist-packages/airflow/example_dags/example_params_ui_tutorial.py
[2023-11-20T21:10:43.416+0500] {processor.py:829} INFO - Processing file /usr/local/lib/python3.10/dist-packages/airflow/example_dags/example_params_ui_tutorial.py for tasks to queue
[2023-11-20T21:10:43.418+0500] {logging_mixin.py:154} INFO - [2023-11-20T21:10:43.417+0500] {dagbag.py:536} INFO - Filling up the DagBag from /usr/local/lib/python3.10/dist-packages/airflow/example_dags/example_params_ui_tutorial.py
[2023-11-20T21:10:43.645+0500] {processor.py:839} INFO - DAG(s) dict_keys(['example_params_ui_tutorial']) retrieved from /usr/local/lib/python3.10/dist-packages/airflow/example_dags/example_params_ui_tutorial.py
[2023-11-20T21:10:44.086+0500] {logging_mixin.py:154} INFO - [2023-11-20T21:10:44.085+0500] {dag.py:2941} INFO - Sync 1 DAGs
[2023-11-20T21:10:44.147+0500] {logging_mixin.py:154} INFO - [2023-11-20T21:10:44.146+0500] {dag.py:3722} INFO - Setting next_dagrun for example_params_ui_tutorial to None, run_after=None
[2023-11-20T21:10:44.233+0500] {processor.py:179} INFO - Processing /usr/local/lib/python3.10/dist-packages/airflow/example_dags/example_params_ui_tutorial.py took 0.832 seconds
[2023-11-20T21:11:14.606+0500] {processor.py:157} INFO - Started process (PID=29534) to work on /usr/local/lib/python3.10/dist-packages/airflow/example_dags/example_params_ui_tutorial.py
[2023-11-20T21:11:14.610+0500] {processor.py:829} INFO - Processing file /usr/local/lib/python3.10/dist-packages/airflow/example_dags/example_params_ui_tutorial.py for tasks to queue
[2023-11-20T21:11:14.614+0500] {logging_mixin.py:154} INFO - [2023-11-20T21:11:14.612+0500] {dagbag.py:536} INFO - Filling up the DagBag from /usr/local/lib/python3.10/dist-packages/airflow/example_dags/example_params_ui_tutorial.py
[2023-11-20T21:11:14.882+0500] {processor.py:839} INFO - DAG(s) dict_keys(['example_params_ui_tutorial']) retrieved from /usr/local/lib/python3.10/dist-packages/airflow/example_dags/example_params_ui_tutorial.py
[2023-11-20T21:11:15.352+0500] {logging_mixin.py:154} INFO - [2023-11-20T21:11:15.351+0500] {dag.py:2941} INFO - Sync 1 DAGs
[2023-11-20T21:11:15.408+0500] {logging_mixin.py:154} INFO - [2023-11-20T21:11:15.408+0500] {dag.py:3722} INFO - Setting next_dagrun for example_params_ui_tutorial to None, run_after=None
[2023-11-20T21:11:15.489+0500] {processor.py:179} INFO - Processing /usr/local/lib/python3.10/dist-packages/airflow/example_dags/example_params_ui_tutorial.py took 0.895 seconds
[2023-11-20T21:11:45.611+0500] {processor.py:157} INFO - Started process (PID=29701) to work on /usr/local/lib/python3.10/dist-packages/airflow/example_dags/example_params_ui_tutorial.py
[2023-11-20T21:11:45.616+0500] {processor.py:829} INFO - Processing file /usr/local/lib/python3.10/dist-packages/airflow/example_dags/example_params_ui_tutorial.py for tasks to queue
[2023-11-20T21:11:45.619+0500] {logging_mixin.py:154} INFO - [2023-11-20T21:11:45.618+0500] {dagbag.py:536} INFO - Filling up the DagBag from /usr/local/lib/python3.10/dist-packages/airflow/example_dags/example_params_ui_tutorial.py
[2023-11-20T21:11:46.009+0500] {processor.py:839} INFO - DAG(s) dict_keys(['example_params_ui_tutorial']) retrieved from /usr/local/lib/python3.10/dist-packages/airflow/example_dags/example_params_ui_tutorial.py
[2023-11-20T21:11:46.645+0500] {logging_mixin.py:154} INFO - [2023-11-20T21:11:46.644+0500] {dag.py:2941} INFO - Sync 1 DAGs
[2023-11-20T21:11:46.745+0500] {logging_mixin.py:154} INFO - [2023-11-20T21:11:46.742+0500] {dag.py:3722} INFO - Setting next_dagrun for example_params_ui_tutorial to None, run_after=None
[2023-11-20T21:11:46.920+0500] {processor.py:179} INFO - Processing /usr/local/lib/python3.10/dist-packages/airflow/example_dags/example_params_ui_tutorial.py took 1.330 seconds
[2023-11-20T21:12:17.270+0500] {processor.py:157} INFO - Started process (PID=29909) to work on /usr/local/lib/python3.10/dist-packages/airflow/example_dags/example_params_ui_tutorial.py
[2023-11-20T21:12:17.273+0500] {processor.py:829} INFO - Processing file /usr/local/lib/python3.10/dist-packages/airflow/example_dags/example_params_ui_tutorial.py for tasks to queue
[2023-11-20T21:12:17.276+0500] {logging_mixin.py:154} INFO - [2023-11-20T21:12:17.275+0500] {dagbag.py:536} INFO - Filling up the DagBag from /usr/local/lib/python3.10/dist-packages/airflow/example_dags/example_params_ui_tutorial.py
[2023-11-20T21:12:17.586+0500] {processor.py:839} INFO - DAG(s) dict_keys(['example_params_ui_tutorial']) retrieved from /usr/local/lib/python3.10/dist-packages/airflow/example_dags/example_params_ui_tutorial.py
[2023-11-20T21:12:18.444+0500] {logging_mixin.py:154} INFO - [2023-11-20T21:12:18.444+0500] {dag.py:2941} INFO - Sync 1 DAGs
[2023-11-20T21:12:18.516+0500] {logging_mixin.py:154} INFO - [2023-11-20T21:12:18.515+0500] {dag.py:3722} INFO - Setting next_dagrun for example_params_ui_tutorial to None, run_after=None
[2023-11-20T21:12:18.613+0500] {processor.py:179} INFO - Processing /usr/local/lib/python3.10/dist-packages/airflow/example_dags/example_params_ui_tutorial.py took 1.371 seconds
[2023-11-20T21:12:48.972+0500] {processor.py:157} INFO - Started process (PID=30105) to work on /usr/local/lib/python3.10/dist-packages/airflow/example_dags/example_params_ui_tutorial.py
[2023-11-20T21:12:48.975+0500] {processor.py:829} INFO - Processing file /usr/local/lib/python3.10/dist-packages/airflow/example_dags/example_params_ui_tutorial.py for tasks to queue
[2023-11-20T21:12:48.979+0500] {logging_mixin.py:154} INFO - [2023-11-20T21:12:48.978+0500] {dagbag.py:536} INFO - Filling up the DagBag from /usr/local/lib/python3.10/dist-packages/airflow/example_dags/example_params_ui_tutorial.py
[2023-11-20T21:12:49.240+0500] {processor.py:839} INFO - DAG(s) dict_keys(['example_params_ui_tutorial']) retrieved from /usr/local/lib/python3.10/dist-packages/airflow/example_dags/example_params_ui_tutorial.py
[2023-11-20T21:12:49.746+0500] {logging_mixin.py:154} INFO - [2023-11-20T21:12:49.745+0500] {dag.py:2941} INFO - Sync 1 DAGs
[2023-11-20T21:12:49.830+0500] {logging_mixin.py:154} INFO - [2023-11-20T21:12:49.829+0500] {dag.py:3722} INFO - Setting next_dagrun for example_params_ui_tutorial to None, run_after=None
[2023-11-20T21:12:50.062+0500] {processor.py:179} INFO - Processing /usr/local/lib/python3.10/dist-packages/airflow/example_dags/example_params_ui_tutorial.py took 1.104 seconds
[2023-11-20T21:13:20.269+0500] {processor.py:157} INFO - Started process (PID=30279) to work on /usr/local/lib/python3.10/dist-packages/airflow/example_dags/example_params_ui_tutorial.py
[2023-11-20T21:13:20.272+0500] {processor.py:829} INFO - Processing file /usr/local/lib/python3.10/dist-packages/airflow/example_dags/example_params_ui_tutorial.py for tasks to queue
[2023-11-20T21:13:20.275+0500] {logging_mixin.py:154} INFO - [2023-11-20T21:13:20.274+0500] {dagbag.py:536} INFO - Filling up the DagBag from /usr/local/lib/python3.10/dist-packages/airflow/example_dags/example_params_ui_tutorial.py
[2023-11-20T21:13:20.541+0500] {processor.py:839} INFO - DAG(s) dict_keys(['example_params_ui_tutorial']) retrieved from /usr/local/lib/python3.10/dist-packages/airflow/example_dags/example_params_ui_tutorial.py
[2023-11-20T21:13:21.092+0500] {logging_mixin.py:154} INFO - [2023-11-20T21:13:21.087+0500] {dag.py:2941} INFO - Sync 1 DAGs
[2023-11-20T21:13:21.229+0500] {logging_mixin.py:154} INFO - [2023-11-20T21:13:21.228+0500] {dag.py:3722} INFO - Setting next_dagrun for example_params_ui_tutorial to None, run_after=None
[2023-11-20T21:13:21.451+0500] {processor.py:179} INFO - Processing /usr/local/lib/python3.10/dist-packages/airflow/example_dags/example_params_ui_tutorial.py took 1.193 seconds
[2023-11-20T21:13:51.833+0500] {processor.py:157} INFO - Started process (PID=30380) to work on /usr/local/lib/python3.10/dist-packages/airflow/example_dags/example_params_ui_tutorial.py
[2023-11-20T21:13:51.837+0500] {processor.py:829} INFO - Processing file /usr/local/lib/python3.10/dist-packages/airflow/example_dags/example_params_ui_tutorial.py for tasks to queue
[2023-11-20T21:13:51.840+0500] {logging_mixin.py:154} INFO - [2023-11-20T21:13:51.839+0500] {dagbag.py:536} INFO - Filling up the DagBag from /usr/local/lib/python3.10/dist-packages/airflow/example_dags/example_params_ui_tutorial.py
[2023-11-20T21:13:52.091+0500] {processor.py:839} INFO - DAG(s) dict_keys(['example_params_ui_tutorial']) retrieved from /usr/local/lib/python3.10/dist-packages/airflow/example_dags/example_params_ui_tutorial.py
[2023-11-20T21:13:52.651+0500] {logging_mixin.py:154} INFO - [2023-11-20T21:13:52.650+0500] {dag.py:2941} INFO - Sync 1 DAGs
[2023-11-20T21:13:52.728+0500] {logging_mixin.py:154} INFO - [2023-11-20T21:13:52.728+0500] {dag.py:3722} INFO - Setting next_dagrun for example_params_ui_tutorial to None, run_after=None
[2023-11-20T21:13:52.816+0500] {processor.py:179} INFO - Processing /usr/local/lib/python3.10/dist-packages/airflow/example_dags/example_params_ui_tutorial.py took 0.994 seconds
[2023-11-20T21:14:24.122+0500] {processor.py:157} INFO - Started process (PID=30495) to work on /usr/local/lib/python3.10/dist-packages/airflow/example_dags/example_params_ui_tutorial.py
[2023-11-20T21:14:24.125+0500] {processor.py:829} INFO - Processing file /usr/local/lib/python3.10/dist-packages/airflow/example_dags/example_params_ui_tutorial.py for tasks to queue
[2023-11-20T21:14:24.129+0500] {logging_mixin.py:154} INFO - [2023-11-20T21:14:24.127+0500] {dagbag.py:536} INFO - Filling up the DagBag from /usr/local/lib/python3.10/dist-packages/airflow/example_dags/example_params_ui_tutorial.py
[2023-11-20T21:14:24.354+0500] {processor.py:839} INFO - DAG(s) dict_keys(['example_params_ui_tutorial']) retrieved from /usr/local/lib/python3.10/dist-packages/airflow/example_dags/example_params_ui_tutorial.py
[2023-11-20T21:14:24.804+0500] {logging_mixin.py:154} INFO - [2023-11-20T21:14:24.803+0500] {dag.py:2941} INFO - Sync 1 DAGs
[2023-11-20T21:14:24.870+0500] {logging_mixin.py:154} INFO - [2023-11-20T21:14:24.869+0500] {dag.py:3722} INFO - Setting next_dagrun for example_params_ui_tutorial to None, run_after=None
[2023-11-20T21:14:24.957+0500] {processor.py:179} INFO - Processing /usr/local/lib/python3.10/dist-packages/airflow/example_dags/example_params_ui_tutorial.py took 0.847 seconds
[2023-11-20T21:15:07.132+0500] {processor.py:157} INFO - Started process (PID=30766) to work on /usr/local/lib/python3.10/dist-packages/airflow/example_dags/example_params_ui_tutorial.py
[2023-11-20T21:15:07.137+0500] {processor.py:829} INFO - Processing file /usr/local/lib/python3.10/dist-packages/airflow/example_dags/example_params_ui_tutorial.py for tasks to queue
[2023-11-20T21:15:07.141+0500] {logging_mixin.py:154} INFO - [2023-11-20T21:15:07.140+0500] {dagbag.py:536} INFO - Filling up the DagBag from /usr/local/lib/python3.10/dist-packages/airflow/example_dags/example_params_ui_tutorial.py
[2023-11-20T21:15:07.492+0500] {processor.py:839} INFO - DAG(s) dict_keys(['example_params_ui_tutorial']) retrieved from /usr/local/lib/python3.10/dist-packages/airflow/example_dags/example_params_ui_tutorial.py
[2023-11-20T21:15:08.470+0500] {logging_mixin.py:154} INFO - [2023-11-20T21:15:08.469+0500] {dag.py:2941} INFO - Sync 1 DAGs
[2023-11-20T21:15:08.543+0500] {logging_mixin.py:154} INFO - [2023-11-20T21:15:08.542+0500] {dag.py:3722} INFO - Setting next_dagrun for example_params_ui_tutorial to None, run_after=None
[2023-11-20T21:15:08.723+0500] {processor.py:179} INFO - Processing /usr/local/lib/python3.10/dist-packages/airflow/example_dags/example_params_ui_tutorial.py took 1.603 seconds
[2023-11-20T21:15:39.174+0500] {processor.py:157} INFO - Started process (PID=30988) to work on /usr/local/lib/python3.10/dist-packages/airflow/example_dags/example_params_ui_tutorial.py
[2023-11-20T21:15:39.177+0500] {processor.py:829} INFO - Processing file /usr/local/lib/python3.10/dist-packages/airflow/example_dags/example_params_ui_tutorial.py for tasks to queue
[2023-11-20T21:15:39.180+0500] {logging_mixin.py:154} INFO - [2023-11-20T21:15:39.179+0500] {dagbag.py:536} INFO - Filling up the DagBag from /usr/local/lib/python3.10/dist-packages/airflow/example_dags/example_params_ui_tutorial.py
[2023-11-20T21:15:39.428+0500] {processor.py:839} INFO - DAG(s) dict_keys(['example_params_ui_tutorial']) retrieved from /usr/local/lib/python3.10/dist-packages/airflow/example_dags/example_params_ui_tutorial.py
[2023-11-20T21:15:39.888+0500] {logging_mixin.py:154} INFO - [2023-11-20T21:15:39.887+0500] {dag.py:2941} INFO - Sync 1 DAGs
[2023-11-20T21:15:39.954+0500] {logging_mixin.py:154} INFO - [2023-11-20T21:15:39.954+0500] {dag.py:3722} INFO - Setting next_dagrun for example_params_ui_tutorial to None, run_after=None
[2023-11-20T21:15:40.036+0500] {processor.py:179} INFO - Processing /usr/local/lib/python3.10/dist-packages/airflow/example_dags/example_params_ui_tutorial.py took 0.874 seconds
[2023-11-20T21:16:11.242+0500] {processor.py:157} INFO - Started process (PID=31145) to work on /usr/local/lib/python3.10/dist-packages/airflow/example_dags/example_params_ui_tutorial.py
[2023-11-20T21:16:11.245+0500] {processor.py:829} INFO - Processing file /usr/local/lib/python3.10/dist-packages/airflow/example_dags/example_params_ui_tutorial.py for tasks to queue
[2023-11-20T21:16:11.248+0500] {logging_mixin.py:154} INFO - [2023-11-20T21:16:11.247+0500] {dagbag.py:536} INFO - Filling up the DagBag from /usr/local/lib/python3.10/dist-packages/airflow/example_dags/example_params_ui_tutorial.py
[2023-11-20T21:16:11.480+0500] {processor.py:839} INFO - DAG(s) dict_keys(['example_params_ui_tutorial']) retrieved from /usr/local/lib/python3.10/dist-packages/airflow/example_dags/example_params_ui_tutorial.py
[2023-11-20T21:16:11.908+0500] {logging_mixin.py:154} INFO - [2023-11-20T21:16:11.907+0500] {dag.py:2941} INFO - Sync 1 DAGs
[2023-11-20T21:16:11.963+0500] {logging_mixin.py:154} INFO - [2023-11-20T21:16:11.962+0500] {dag.py:3722} INFO - Setting next_dagrun for example_params_ui_tutorial to None, run_after=None
[2023-11-20T21:16:12.044+0500] {processor.py:179} INFO - Processing /usr/local/lib/python3.10/dist-packages/airflow/example_dags/example_params_ui_tutorial.py took 0.814 seconds
[2023-11-20T21:16:43.659+0500] {processor.py:157} INFO - Started process (PID=31242) to work on /usr/local/lib/python3.10/dist-packages/airflow/example_dags/example_params_ui_tutorial.py
[2023-11-20T21:16:43.662+0500] {processor.py:829} INFO - Processing file /usr/local/lib/python3.10/dist-packages/airflow/example_dags/example_params_ui_tutorial.py for tasks to queue
[2023-11-20T21:16:43.665+0500] {logging_mixin.py:154} INFO - [2023-11-20T21:16:43.664+0500] {dagbag.py:536} INFO - Filling up the DagBag from /usr/local/lib/python3.10/dist-packages/airflow/example_dags/example_params_ui_tutorial.py
[2023-11-20T21:16:43.889+0500] {processor.py:839} INFO - DAG(s) dict_keys(['example_params_ui_tutorial']) retrieved from /usr/local/lib/python3.10/dist-packages/airflow/example_dags/example_params_ui_tutorial.py
[2023-11-20T21:16:44.345+0500] {logging_mixin.py:154} INFO - [2023-11-20T21:16:44.344+0500] {dag.py:2941} INFO - Sync 1 DAGs
[2023-11-20T21:16:44.399+0500] {logging_mixin.py:154} INFO - [2023-11-20T21:16:44.398+0500] {dag.py:3722} INFO - Setting next_dagrun for example_params_ui_tutorial to None, run_after=None
[2023-11-20T21:16:44.478+0500] {processor.py:179} INFO - Processing /usr/local/lib/python3.10/dist-packages/airflow/example_dags/example_params_ui_tutorial.py took 0.830 seconds
[2023-11-20T21:17:16.836+0500] {processor.py:157} INFO - Started process (PID=31369) to work on /usr/local/lib/python3.10/dist-packages/airflow/example_dags/example_params_ui_tutorial.py
[2023-11-20T21:17:16.840+0500] {processor.py:829} INFO - Processing file /usr/local/lib/python3.10/dist-packages/airflow/example_dags/example_params_ui_tutorial.py for tasks to queue
[2023-11-20T21:17:16.843+0500] {logging_mixin.py:154} INFO - [2023-11-20T21:17:16.842+0500] {dagbag.py:536} INFO - Filling up the DagBag from /usr/local/lib/python3.10/dist-packages/airflow/example_dags/example_params_ui_tutorial.py
[2023-11-20T21:17:17.117+0500] {processor.py:839} INFO - DAG(s) dict_keys(['example_params_ui_tutorial']) retrieved from /usr/local/lib/python3.10/dist-packages/airflow/example_dags/example_params_ui_tutorial.py
[2023-11-20T21:17:17.614+0500] {logging_mixin.py:154} INFO - [2023-11-20T21:17:17.613+0500] {dag.py:2941} INFO - Sync 1 DAGs
[2023-11-20T21:17:17.674+0500] {logging_mixin.py:154} INFO - [2023-11-20T21:17:17.673+0500] {dag.py:3722} INFO - Setting next_dagrun for example_params_ui_tutorial to None, run_after=None
[2023-11-20T21:17:17.896+0500] {processor.py:179} INFO - Processing /usr/local/lib/python3.10/dist-packages/airflow/example_dags/example_params_ui_tutorial.py took 1.075 seconds
[2023-11-20T21:17:49.222+0500] {processor.py:157} INFO - Started process (PID=31483) to work on /usr/local/lib/python3.10/dist-packages/airflow/example_dags/example_params_ui_tutorial.py
[2023-11-20T21:17:49.225+0500] {processor.py:829} INFO - Processing file /usr/local/lib/python3.10/dist-packages/airflow/example_dags/example_params_ui_tutorial.py for tasks to queue
[2023-11-20T21:17:49.228+0500] {logging_mixin.py:154} INFO - [2023-11-20T21:17:49.227+0500] {dagbag.py:536} INFO - Filling up the DagBag from /usr/local/lib/python3.10/dist-packages/airflow/example_dags/example_params_ui_tutorial.py
[2023-11-20T21:17:49.456+0500] {processor.py:839} INFO - DAG(s) dict_keys(['example_params_ui_tutorial']) retrieved from /usr/local/lib/python3.10/dist-packages/airflow/example_dags/example_params_ui_tutorial.py
[2023-11-20T21:17:49.892+0500] {logging_mixin.py:154} INFO - [2023-11-20T21:17:49.892+0500] {dag.py:2941} INFO - Sync 1 DAGs
[2023-11-20T21:17:49.948+0500] {logging_mixin.py:154} INFO - [2023-11-20T21:17:49.947+0500] {dag.py:3722} INFO - Setting next_dagrun for example_params_ui_tutorial to None, run_after=None
[2023-11-20T21:17:50.024+0500] {processor.py:179} INFO - Processing /usr/local/lib/python3.10/dist-packages/airflow/example_dags/example_params_ui_tutorial.py took 0.814 seconds
[2023-11-20T21:18:20.103+0500] {processor.py:157} INFO - Started process (PID=31591) to work on /usr/local/lib/python3.10/dist-packages/airflow/example_dags/example_params_ui_tutorial.py
[2023-11-20T21:18:20.106+0500] {processor.py:829} INFO - Processing file /usr/local/lib/python3.10/dist-packages/airflow/example_dags/example_params_ui_tutorial.py for tasks to queue
[2023-11-20T21:18:20.110+0500] {logging_mixin.py:154} INFO - [2023-11-20T21:18:20.108+0500] {dagbag.py:536} INFO - Filling up the DagBag from /usr/local/lib/python3.10/dist-packages/airflow/example_dags/example_params_ui_tutorial.py
[2023-11-20T21:18:20.356+0500] {processor.py:839} INFO - DAG(s) dict_keys(['example_params_ui_tutorial']) retrieved from /usr/local/lib/python3.10/dist-packages/airflow/example_dags/example_params_ui_tutorial.py
[2023-11-20T21:18:20.827+0500] {logging_mixin.py:154} INFO - [2023-11-20T21:18:20.827+0500] {dag.py:2941} INFO - Sync 1 DAGs
[2023-11-20T21:18:20.893+0500] {logging_mixin.py:154} INFO - [2023-11-20T21:18:20.893+0500] {dag.py:3722} INFO - Setting next_dagrun for example_params_ui_tutorial to None, run_after=None
[2023-11-20T21:18:20.981+0500] {processor.py:179} INFO - Processing /usr/local/lib/python3.10/dist-packages/airflow/example_dags/example_params_ui_tutorial.py took 0.890 seconds
[2023-11-20T21:18:51.810+0500] {processor.py:157} INFO - Started process (PID=31700) to work on /usr/local/lib/python3.10/dist-packages/airflow/example_dags/example_params_ui_tutorial.py
[2023-11-20T21:18:51.813+0500] {processor.py:829} INFO - Processing file /usr/local/lib/python3.10/dist-packages/airflow/example_dags/example_params_ui_tutorial.py for tasks to queue
[2023-11-20T21:18:51.816+0500] {logging_mixin.py:154} INFO - [2023-11-20T21:18:51.815+0500] {dagbag.py:536} INFO - Filling up the DagBag from /usr/local/lib/python3.10/dist-packages/airflow/example_dags/example_params_ui_tutorial.py
[2023-11-20T21:18:52.043+0500] {processor.py:839} INFO - DAG(s) dict_keys(['example_params_ui_tutorial']) retrieved from /usr/local/lib/python3.10/dist-packages/airflow/example_dags/example_params_ui_tutorial.py
[2023-11-20T21:18:52.479+0500] {logging_mixin.py:154} INFO - [2023-11-20T21:18:52.478+0500] {dag.py:2941} INFO - Sync 1 DAGs
[2023-11-20T21:18:52.533+0500] {logging_mixin.py:154} INFO - [2023-11-20T21:18:52.532+0500] {dag.py:3722} INFO - Setting next_dagrun for example_params_ui_tutorial to None, run_after=None
[2023-11-20T21:18:52.615+0500] {processor.py:179} INFO - Processing /usr/local/lib/python3.10/dist-packages/airflow/example_dags/example_params_ui_tutorial.py took 0.817 seconds
[2023-11-20T21:19:22.982+0500] {processor.py:157} INFO - Started process (PID=31839) to work on /usr/local/lib/python3.10/dist-packages/airflow/example_dags/example_params_ui_tutorial.py
[2023-11-20T21:19:22.985+0500] {processor.py:829} INFO - Processing file /usr/local/lib/python3.10/dist-packages/airflow/example_dags/example_params_ui_tutorial.py for tasks to queue
[2023-11-20T21:19:22.988+0500] {logging_mixin.py:154} INFO - [2023-11-20T21:19:22.987+0500] {dagbag.py:536} INFO - Filling up the DagBag from /usr/local/lib/python3.10/dist-packages/airflow/example_dags/example_params_ui_tutorial.py
[2023-11-20T21:19:23.211+0500] {processor.py:839} INFO - DAG(s) dict_keys(['example_params_ui_tutorial']) retrieved from /usr/local/lib/python3.10/dist-packages/airflow/example_dags/example_params_ui_tutorial.py
[2023-11-20T21:19:23.656+0500] {logging_mixin.py:154} INFO - [2023-11-20T21:19:23.655+0500] {dag.py:2941} INFO - Sync 1 DAGs
[2023-11-20T21:19:23.710+0500] {logging_mixin.py:154} INFO - [2023-11-20T21:19:23.709+0500] {dag.py:3722} INFO - Setting next_dagrun for example_params_ui_tutorial to None, run_after=None
[2023-11-20T21:19:23.790+0500] {processor.py:179} INFO - Processing /usr/local/lib/python3.10/dist-packages/airflow/example_dags/example_params_ui_tutorial.py took 0.820 seconds
[2023-11-20T21:19:54.323+0500] {processor.py:157} INFO - Started process (PID=32200) to work on /usr/local/lib/python3.10/dist-packages/airflow/example_dags/example_params_ui_tutorial.py
[2023-11-20T21:19:54.329+0500] {processor.py:829} INFO - Processing file /usr/local/lib/python3.10/dist-packages/airflow/example_dags/example_params_ui_tutorial.py for tasks to queue
[2023-11-20T21:19:54.334+0500] {logging_mixin.py:154} INFO - [2023-11-20T21:19:54.333+0500] {dagbag.py:536} INFO - Filling up the DagBag from /usr/local/lib/python3.10/dist-packages/airflow/example_dags/example_params_ui_tutorial.py
[2023-11-20T21:19:54.562+0500] {processor.py:839} INFO - DAG(s) dict_keys(['example_params_ui_tutorial']) retrieved from /usr/local/lib/python3.10/dist-packages/airflow/example_dags/example_params_ui_tutorial.py
[2023-11-20T21:19:55.090+0500] {logging_mixin.py:154} INFO - [2023-11-20T21:19:55.089+0500] {dag.py:2941} INFO - Sync 1 DAGs
[2023-11-20T21:19:55.147+0500] {logging_mixin.py:154} INFO - [2023-11-20T21:19:55.146+0500] {dag.py:3722} INFO - Setting next_dagrun for example_params_ui_tutorial to None, run_after=None
[2023-11-20T21:19:55.226+0500] {processor.py:179} INFO - Processing /usr/local/lib/python3.10/dist-packages/airflow/example_dags/example_params_ui_tutorial.py took 0.916 seconds
[2023-11-20T21:20:25.754+0500] {processor.py:157} INFO - Started process (PID=32588) to work on /usr/local/lib/python3.10/dist-packages/airflow/example_dags/example_params_ui_tutorial.py
[2023-11-20T21:20:25.757+0500] {processor.py:829} INFO - Processing file /usr/local/lib/python3.10/dist-packages/airflow/example_dags/example_params_ui_tutorial.py for tasks to queue
[2023-11-20T21:20:25.761+0500] {logging_mixin.py:154} INFO - [2023-11-20T21:20:25.760+0500] {dagbag.py:536} INFO - Filling up the DagBag from /usr/local/lib/python3.10/dist-packages/airflow/example_dags/example_params_ui_tutorial.py
[2023-11-20T21:20:26.015+0500] {processor.py:839} INFO - DAG(s) dict_keys(['example_params_ui_tutorial']) retrieved from /usr/local/lib/python3.10/dist-packages/airflow/example_dags/example_params_ui_tutorial.py
[2023-11-20T21:20:26.578+0500] {logging_mixin.py:154} INFO - [2023-11-20T21:20:26.578+0500] {dag.py:2941} INFO - Sync 1 DAGs
[2023-11-20T21:20:26.636+0500] {logging_mixin.py:154} INFO - [2023-11-20T21:20:26.635+0500] {dag.py:3722} INFO - Setting next_dagrun for example_params_ui_tutorial to None, run_after=None
[2023-11-20T21:20:26.718+0500] {processor.py:179} INFO - Processing /usr/local/lib/python3.10/dist-packages/airflow/example_dags/example_params_ui_tutorial.py took 0.976 seconds
[2023-11-20T21:20:57.135+0500] {processor.py:157} INFO - Started process (PID=32871) to work on /usr/local/lib/python3.10/dist-packages/airflow/example_dags/example_params_ui_tutorial.py
[2023-11-20T21:20:57.145+0500] {processor.py:829} INFO - Processing file /usr/local/lib/python3.10/dist-packages/airflow/example_dags/example_params_ui_tutorial.py for tasks to queue
[2023-11-20T21:20:57.164+0500] {logging_mixin.py:154} INFO - [2023-11-20T21:20:57.157+0500] {dagbag.py:536} INFO - Filling up the DagBag from /usr/local/lib/python3.10/dist-packages/airflow/example_dags/example_params_ui_tutorial.py
[2023-11-20T21:20:57.708+0500] {processor.py:839} INFO - DAG(s) dict_keys(['example_params_ui_tutorial']) retrieved from /usr/local/lib/python3.10/dist-packages/airflow/example_dags/example_params_ui_tutorial.py
[2023-11-20T21:20:58.736+0500] {logging_mixin.py:154} INFO - [2023-11-20T21:20:58.736+0500] {dag.py:2941} INFO - Sync 1 DAGs
[2023-11-20T21:20:58.832+0500] {logging_mixin.py:154} INFO - [2023-11-20T21:20:58.831+0500] {dag.py:3722} INFO - Setting next_dagrun for example_params_ui_tutorial to None, run_after=None
[2023-11-20T21:20:59.042+0500] {processor.py:179} INFO - Processing /usr/local/lib/python3.10/dist-packages/airflow/example_dags/example_params_ui_tutorial.py took 1.976 seconds
[2023-11-20T21:21:42.468+0500] {processor.py:157} INFO - Started process (PID=33037) to work on /usr/local/lib/python3.10/dist-packages/airflow/example_dags/example_params_ui_tutorial.py
[2023-11-20T21:21:42.473+0500] {processor.py:829} INFO - Processing file /usr/local/lib/python3.10/dist-packages/airflow/example_dags/example_params_ui_tutorial.py for tasks to queue
[2023-11-20T21:21:42.479+0500] {logging_mixin.py:154} INFO - [2023-11-20T21:21:42.478+0500] {dagbag.py:536} INFO - Filling up the DagBag from /usr/local/lib/python3.10/dist-packages/airflow/example_dags/example_params_ui_tutorial.py
[2023-11-20T21:21:42.918+0500] {processor.py:839} INFO - DAG(s) dict_keys(['example_params_ui_tutorial']) retrieved from /usr/local/lib/python3.10/dist-packages/airflow/example_dags/example_params_ui_tutorial.py
[2023-11-20T21:21:43.884+0500] {logging_mixin.py:154} INFO - [2023-11-20T21:21:43.883+0500] {dag.py:2941} INFO - Sync 1 DAGs
[2023-11-20T21:21:44.024+0500] {logging_mixin.py:154} INFO - [2023-11-20T21:21:44.016+0500] {dag.py:3722} INFO - Setting next_dagrun for example_params_ui_tutorial to None, run_after=None
[2023-11-20T21:21:44.246+0500] {processor.py:179} INFO - Processing /usr/local/lib/python3.10/dist-packages/airflow/example_dags/example_params_ui_tutorial.py took 1.790 seconds
[2023-11-20T21:22:16.365+0500] {processor.py:157} INFO - Started process (PID=33180) to work on /usr/local/lib/python3.10/dist-packages/airflow/example_dags/example_params_ui_tutorial.py
[2023-11-20T21:22:16.370+0500] {processor.py:829} INFO - Processing file /usr/local/lib/python3.10/dist-packages/airflow/example_dags/example_params_ui_tutorial.py for tasks to queue
[2023-11-20T21:22:16.376+0500] {logging_mixin.py:154} INFO - [2023-11-20T21:22:16.375+0500] {dagbag.py:536} INFO - Filling up the DagBag from /usr/local/lib/python3.10/dist-packages/airflow/example_dags/example_params_ui_tutorial.py
[2023-11-20T21:22:16.689+0500] {processor.py:839} INFO - DAG(s) dict_keys(['example_params_ui_tutorial']) retrieved from /usr/local/lib/python3.10/dist-packages/airflow/example_dags/example_params_ui_tutorial.py
[2023-11-20T21:22:17.257+0500] {logging_mixin.py:154} INFO - [2023-11-20T21:22:17.256+0500] {dag.py:2941} INFO - Sync 1 DAGs
[2023-11-20T21:22:17.323+0500] {logging_mixin.py:154} INFO - [2023-11-20T21:22:17.322+0500] {dag.py:3722} INFO - Setting next_dagrun for example_params_ui_tutorial to None, run_after=None
[2023-11-20T21:22:17.444+0500] {processor.py:179} INFO - Processing /usr/local/lib/python3.10/dist-packages/airflow/example_dags/example_params_ui_tutorial.py took 1.096 seconds
[2023-11-20T21:22:48.081+0500] {processor.py:157} INFO - Started process (PID=33310) to work on /usr/local/lib/python3.10/dist-packages/airflow/example_dags/example_params_ui_tutorial.py
[2023-11-20T21:22:48.084+0500] {processor.py:829} INFO - Processing file /usr/local/lib/python3.10/dist-packages/airflow/example_dags/example_params_ui_tutorial.py for tasks to queue
[2023-11-20T21:22:48.088+0500] {logging_mixin.py:154} INFO - [2023-11-20T21:22:48.087+0500] {dagbag.py:536} INFO - Filling up the DagBag from /usr/local/lib/python3.10/dist-packages/airflow/example_dags/example_params_ui_tutorial.py
[2023-11-20T21:22:48.381+0500] {processor.py:839} INFO - DAG(s) dict_keys(['example_params_ui_tutorial']) retrieved from /usr/local/lib/python3.10/dist-packages/airflow/example_dags/example_params_ui_tutorial.py
[2023-11-20T21:22:48.851+0500] {logging_mixin.py:154} INFO - [2023-11-20T21:22:48.850+0500] {dag.py:2941} INFO - Sync 1 DAGs
[2023-11-20T21:22:48.911+0500] {logging_mixin.py:154} INFO - [2023-11-20T21:22:48.910+0500] {dag.py:3722} INFO - Setting next_dagrun for example_params_ui_tutorial to None, run_after=None
[2023-11-20T21:22:48.993+0500] {processor.py:179} INFO - Processing /usr/local/lib/python3.10/dist-packages/airflow/example_dags/example_params_ui_tutorial.py took 0.924 seconds
[2023-11-20T21:23:19.787+0500] {processor.py:157} INFO - Started process (PID=33459) to work on /usr/local/lib/python3.10/dist-packages/airflow/example_dags/example_params_ui_tutorial.py
[2023-11-20T21:23:19.790+0500] {processor.py:829} INFO - Processing file /usr/local/lib/python3.10/dist-packages/airflow/example_dags/example_params_ui_tutorial.py for tasks to queue
[2023-11-20T21:23:19.794+0500] {logging_mixin.py:154} INFO - [2023-11-20T21:23:19.792+0500] {dagbag.py:536} INFO - Filling up the DagBag from /usr/local/lib/python3.10/dist-packages/airflow/example_dags/example_params_ui_tutorial.py
[2023-11-20T21:23:20.104+0500] {processor.py:839} INFO - DAG(s) dict_keys(['example_params_ui_tutorial']) retrieved from /usr/local/lib/python3.10/dist-packages/airflow/example_dags/example_params_ui_tutorial.py
[2023-11-20T21:23:20.602+0500] {logging_mixin.py:154} INFO - [2023-11-20T21:23:20.601+0500] {dag.py:2941} INFO - Sync 1 DAGs
[2023-11-20T21:23:20.683+0500] {logging_mixin.py:154} INFO - [2023-11-20T21:23:20.682+0500] {dag.py:3722} INFO - Setting next_dagrun for example_params_ui_tutorial to None, run_after=None
[2023-11-20T21:23:20.794+0500] {processor.py:179} INFO - Processing /usr/local/lib/python3.10/dist-packages/airflow/example_dags/example_params_ui_tutorial.py took 1.019 seconds
[2023-11-20T21:23:51.232+0500] {processor.py:157} INFO - Started process (PID=33570) to work on /usr/local/lib/python3.10/dist-packages/airflow/example_dags/example_params_ui_tutorial.py
[2023-11-20T21:23:51.241+0500] {processor.py:829} INFO - Processing file /usr/local/lib/python3.10/dist-packages/airflow/example_dags/example_params_ui_tutorial.py for tasks to queue
[2023-11-20T21:23:51.248+0500] {logging_mixin.py:154} INFO - [2023-11-20T21:23:51.246+0500] {dagbag.py:536} INFO - Filling up the DagBag from /usr/local/lib/python3.10/dist-packages/airflow/example_dags/example_params_ui_tutorial.py
[2023-11-20T21:23:51.682+0500] {processor.py:839} INFO - DAG(s) dict_keys(['example_params_ui_tutorial']) retrieved from /usr/local/lib/python3.10/dist-packages/airflow/example_dags/example_params_ui_tutorial.py
[2023-11-20T21:23:52.198+0500] {logging_mixin.py:154} INFO - [2023-11-20T21:23:52.197+0500] {dag.py:2941} INFO - Sync 1 DAGs
[2023-11-20T21:23:52.258+0500] {logging_mixin.py:154} INFO - [2023-11-20T21:23:52.257+0500] {dag.py:3722} INFO - Setting next_dagrun for example_params_ui_tutorial to None, run_after=None
[2023-11-20T21:23:52.452+0500] {processor.py:179} INFO - Processing /usr/local/lib/python3.10/dist-packages/airflow/example_dags/example_params_ui_tutorial.py took 1.238 seconds
[2023-11-20T21:24:42.231+0500] {processor.py:157} INFO - Started process (PID=33703) to work on /usr/local/lib/python3.10/dist-packages/airflow/example_dags/example_params_ui_tutorial.py
[2023-11-20T21:24:42.271+0500] {processor.py:829} INFO - Processing file /usr/local/lib/python3.10/dist-packages/airflow/example_dags/example_params_ui_tutorial.py for tasks to queue
[2023-11-20T21:24:42.275+0500] {logging_mixin.py:154} INFO - [2023-11-20T21:24:42.273+0500] {dagbag.py:536} INFO - Filling up the DagBag from /usr/local/lib/python3.10/dist-packages/airflow/example_dags/example_params_ui_tutorial.py
[2023-11-20T21:24:43.496+0500] {processor.py:839} INFO - DAG(s) dict_keys(['example_params_ui_tutorial']) retrieved from /usr/local/lib/python3.10/dist-packages/airflow/example_dags/example_params_ui_tutorial.py
[2023-11-20T21:24:45.719+0500] {logging_mixin.py:154} INFO - [2023-11-20T21:24:45.708+0500] {dag.py:2941} INFO - Sync 1 DAGs
[2023-11-20T21:24:45.932+0500] {logging_mixin.py:154} INFO - [2023-11-20T21:24:45.931+0500] {dag.py:3722} INFO - Setting next_dagrun for example_params_ui_tutorial to None, run_after=None
[2023-11-20T21:24:46.020+0500] {processor.py:179} INFO - Processing /usr/local/lib/python3.10/dist-packages/airflow/example_dags/example_params_ui_tutorial.py took 3.825 seconds
[2023-11-20T21:25:29.186+0500] {processor.py:157} INFO - Started process (PID=33817) to work on /usr/local/lib/python3.10/dist-packages/airflow/example_dags/example_params_ui_tutorial.py
[2023-11-20T21:25:29.206+0500] {processor.py:829} INFO - Processing file /usr/local/lib/python3.10/dist-packages/airflow/example_dags/example_params_ui_tutorial.py for tasks to queue
[2023-11-20T21:25:29.211+0500] {logging_mixin.py:154} INFO - [2023-11-20T21:25:29.208+0500] {dagbag.py:536} INFO - Filling up the DagBag from /usr/local/lib/python3.10/dist-packages/airflow/example_dags/example_params_ui_tutorial.py
[2023-11-20T21:25:29.943+0500] {processor.py:839} INFO - DAG(s) dict_keys(['example_params_ui_tutorial']) retrieved from /usr/local/lib/python3.10/dist-packages/airflow/example_dags/example_params_ui_tutorial.py
[2023-11-20T21:25:31.547+0500] {logging_mixin.py:154} INFO - [2023-11-20T21:25:31.546+0500] {dag.py:2941} INFO - Sync 1 DAGs
[2023-11-20T21:25:31.687+0500] {logging_mixin.py:154} INFO - [2023-11-20T21:25:31.675+0500] {dag.py:3722} INFO - Setting next_dagrun for example_params_ui_tutorial to None, run_after=None
[2023-11-20T21:25:31.902+0500] {processor.py:179} INFO - Processing /usr/local/lib/python3.10/dist-packages/airflow/example_dags/example_params_ui_tutorial.py took 2.791 seconds
[2023-11-20T21:26:09.751+0500] {processor.py:157} INFO - Started process (PID=33981) to work on /usr/local/lib/python3.10/dist-packages/airflow/example_dags/example_params_ui_tutorial.py
[2023-11-20T21:26:09.758+0500] {processor.py:829} INFO - Processing file /usr/local/lib/python3.10/dist-packages/airflow/example_dags/example_params_ui_tutorial.py for tasks to queue
[2023-11-20T21:26:09.772+0500] {logging_mixin.py:154} INFO - [2023-11-20T21:26:09.761+0500] {dagbag.py:536} INFO - Filling up the DagBag from /usr/local/lib/python3.10/dist-packages/airflow/example_dags/example_params_ui_tutorial.py
[2023-11-20T21:26:10.322+0500] {processor.py:839} INFO - DAG(s) dict_keys(['example_params_ui_tutorial']) retrieved from /usr/local/lib/python3.10/dist-packages/airflow/example_dags/example_params_ui_tutorial.py
[2023-11-20T21:26:11.526+0500] {logging_mixin.py:154} INFO - [2023-11-20T21:26:11.497+0500] {dag.py:2941} INFO - Sync 1 DAGs
[2023-11-20T21:26:11.733+0500] {logging_mixin.py:154} INFO - [2023-11-20T21:26:11.731+0500] {dag.py:3722} INFO - Setting next_dagrun for example_params_ui_tutorial to None, run_after=None
[2023-11-20T21:26:12.056+0500] {processor.py:179} INFO - Processing /usr/local/lib/python3.10/dist-packages/airflow/example_dags/example_params_ui_tutorial.py took 2.322 seconds
[2023-11-20T21:26:55.175+0500] {processor.py:157} INFO - Started process (PID=34084) to work on /usr/local/lib/python3.10/dist-packages/airflow/example_dags/example_params_ui_tutorial.py
[2023-11-20T21:26:55.213+0500] {processor.py:829} INFO - Processing file /usr/local/lib/python3.10/dist-packages/airflow/example_dags/example_params_ui_tutorial.py for tasks to queue
[2023-11-20T21:26:55.226+0500] {logging_mixin.py:154} INFO - [2023-11-20T21:26:55.216+0500] {dagbag.py:536} INFO - Filling up the DagBag from /usr/local/lib/python3.10/dist-packages/airflow/example_dags/example_params_ui_tutorial.py
[2023-11-20T21:26:55.904+0500] {processor.py:839} INFO - DAG(s) dict_keys(['example_params_ui_tutorial']) retrieved from /usr/local/lib/python3.10/dist-packages/airflow/example_dags/example_params_ui_tutorial.py
[2023-11-20T21:26:57.480+0500] {logging_mixin.py:154} INFO - [2023-11-20T21:26:57.435+0500] {dag.py:2941} INFO - Sync 1 DAGs
[2023-11-20T21:26:57.723+0500] {logging_mixin.py:154} INFO - [2023-11-20T21:26:57.722+0500] {dag.py:3722} INFO - Setting next_dagrun for example_params_ui_tutorial to None, run_after=None
[2023-11-20T21:26:58.332+0500] {processor.py:179} INFO - Processing /usr/local/lib/python3.10/dist-packages/airflow/example_dags/example_params_ui_tutorial.py took 3.211 seconds
[2023-11-20T21:28:31.970+0500] {processor.py:157} INFO - Started process (PID=34299) to work on /usr/local/lib/python3.10/dist-packages/airflow/example_dags/example_params_ui_tutorial.py
[2023-11-20T21:28:31.977+0500] {processor.py:829} INFO - Processing file /usr/local/lib/python3.10/dist-packages/airflow/example_dags/example_params_ui_tutorial.py for tasks to queue
[2023-11-20T21:28:31.980+0500] {logging_mixin.py:154} INFO - [2023-11-20T21:28:31.979+0500] {dagbag.py:536} INFO - Filling up the DagBag from /usr/local/lib/python3.10/dist-packages/airflow/example_dags/example_params_ui_tutorial.py
[2023-11-20T21:28:32.306+0500] {processor.py:839} INFO - DAG(s) dict_keys(['example_params_ui_tutorial']) retrieved from /usr/local/lib/python3.10/dist-packages/airflow/example_dags/example_params_ui_tutorial.py
[2023-11-20T21:28:32.823+0500] {logging_mixin.py:154} INFO - [2023-11-20T21:28:32.822+0500] {dag.py:2941} INFO - Sync 1 DAGs
[2023-11-20T21:28:32.889+0500] {logging_mixin.py:154} INFO - [2023-11-20T21:28:32.888+0500] {dag.py:3722} INFO - Setting next_dagrun for example_params_ui_tutorial to None, run_after=None
[2023-11-20T21:28:33.009+0500] {processor.py:179} INFO - Processing /usr/local/lib/python3.10/dist-packages/airflow/example_dags/example_params_ui_tutorial.py took 1.052 seconds
[2023-11-20T21:30:39.708+0500] {processor.py:157} INFO - Started process (PID=34518) to work on /usr/local/lib/python3.10/dist-packages/airflow/example_dags/example_params_ui_tutorial.py
[2023-11-20T21:30:39.711+0500] {processor.py:829} INFO - Processing file /usr/local/lib/python3.10/dist-packages/airflow/example_dags/example_params_ui_tutorial.py for tasks to queue
[2023-11-20T21:30:39.714+0500] {logging_mixin.py:154} INFO - [2023-11-20T21:30:39.713+0500] {dagbag.py:536} INFO - Filling up the DagBag from /usr/local/lib/python3.10/dist-packages/airflow/example_dags/example_params_ui_tutorial.py
[2023-11-20T21:30:39.956+0500] {processor.py:839} INFO - DAG(s) dict_keys(['example_params_ui_tutorial']) retrieved from /usr/local/lib/python3.10/dist-packages/airflow/example_dags/example_params_ui_tutorial.py
[2023-11-20T21:30:40.389+0500] {logging_mixin.py:154} INFO - [2023-11-20T21:30:40.388+0500] {dag.py:2941} INFO - Sync 1 DAGs
[2023-11-20T21:30:40.445+0500] {logging_mixin.py:154} INFO - [2023-11-20T21:30:40.445+0500] {dag.py:3722} INFO - Setting next_dagrun for example_params_ui_tutorial to None, run_after=None
[2023-11-20T21:30:40.532+0500] {processor.py:179} INFO - Processing /usr/local/lib/python3.10/dist-packages/airflow/example_dags/example_params_ui_tutorial.py took 0.837 seconds
