[2023-11-20T21:05:52.245+0500] {processor.py:157} INFO - Started process (PID=27173) to work on /usr/local/lib/python3.10/dist-packages/airflow/example_dags/example_sla_dag.py
[2023-11-20T21:05:52.250+0500] {processor.py:829} INFO - Processing file /usr/local/lib/python3.10/dist-packages/airflow/example_dags/example_sla_dag.py for tasks to queue
[2023-11-20T21:05:52.253+0500] {logging_mixin.py:154} INFO - [2023-11-20T21:05:52.252+0500] {dagbag.py:536} INFO - Filling up the DagBag from /usr/local/lib/python3.10/dist-packages/airflow/example_dags/example_sla_dag.py
[2023-11-20T21:05:52.295+0500] {processor.py:839} INFO - DAG(s) dict_keys(['example_sla_dag']) retrieved from /usr/local/lib/python3.10/dist-packages/airflow/example_dags/example_sla_dag.py
[2023-11-20T21:05:52.784+0500] {logging_mixin.py:154} INFO - [2023-11-20T21:05:52.784+0500] {manager.py:499} INFO - Created Permission View: %s
[2023-11-20T21:05:52.828+0500] {logging_mixin.py:154} INFO - [2023-11-20T21:05:52.827+0500] {manager.py:499} INFO - Created Permission View: %s
[2023-11-20T21:05:52.856+0500] {logging_mixin.py:154} INFO - [2023-11-20T21:05:52.856+0500] {manager.py:499} INFO - Created Permission View: %s
[2023-11-20T21:05:52.858+0500] {logging_mixin.py:154} INFO - [2023-11-20T21:05:52.857+0500] {dag.py:2941} INFO - Sync 1 DAGs
[2023-11-20T21:05:52.913+0500] {logging_mixin.py:154} INFO - [2023-11-20T21:05:52.912+0500] {dag.py:2963} INFO - Creating ORM DAG for example_sla_dag
[2023-11-20T21:05:52.981+0500] {logging_mixin.py:154} INFO - [2023-11-20T21:05:52.980+0500] {dag.py:3722} INFO - Setting next_dagrun for example_sla_dag to 2023-11-20T16:02:00+00:00, run_after=2023-11-20T16:04:00+00:00
[2023-11-20T21:05:53.048+0500] {processor.py:179} INFO - Processing /usr/local/lib/python3.10/dist-packages/airflow/example_dags/example_sla_dag.py took 0.815 seconds
[2023-11-20T21:06:23.480+0500] {processor.py:157} INFO - Started process (PID=27350) to work on /usr/local/lib/python3.10/dist-packages/airflow/example_dags/example_sla_dag.py
[2023-11-20T21:06:23.483+0500] {processor.py:829} INFO - Processing file /usr/local/lib/python3.10/dist-packages/airflow/example_dags/example_sla_dag.py for tasks to queue
[2023-11-20T21:06:23.486+0500] {logging_mixin.py:154} INFO - [2023-11-20T21:06:23.485+0500] {dagbag.py:536} INFO - Filling up the DagBag from /usr/local/lib/python3.10/dist-packages/airflow/example_dags/example_sla_dag.py
[2023-11-20T21:06:23.522+0500] {processor.py:839} INFO - DAG(s) dict_keys(['example_sla_dag']) retrieved from /usr/local/lib/python3.10/dist-packages/airflow/example_dags/example_sla_dag.py
[2023-11-20T21:06:23.638+0500] {logging_mixin.py:154} INFO - [2023-11-20T21:06:23.637+0500] {dag.py:2941} INFO - Sync 1 DAGs
[2023-11-20T21:06:23.907+0500] {logging_mixin.py:154} INFO - [2023-11-20T21:06:23.906+0500] {dag.py:3722} INFO - Setting next_dagrun for example_sla_dag to 2023-11-20T16:04:00+00:00, run_after=2023-11-20T16:06:00+00:00
[2023-11-20T21:06:23.993+0500] {processor.py:179} INFO - Processing /usr/local/lib/python3.10/dist-packages/airflow/example_dags/example_sla_dag.py took 0.525 seconds
[2023-11-20T21:06:54.938+0500] {processor.py:157} INFO - Started process (PID=27733) to work on /usr/local/lib/python3.10/dist-packages/airflow/example_dags/example_sla_dag.py
[2023-11-20T21:06:54.941+0500] {processor.py:829} INFO - Processing file /usr/local/lib/python3.10/dist-packages/airflow/example_dags/example_sla_dag.py for tasks to queue
[2023-11-20T21:06:54.944+0500] {logging_mixin.py:154} INFO - [2023-11-20T21:06:54.943+0500] {dagbag.py:536} INFO - Filling up the DagBag from /usr/local/lib/python3.10/dist-packages/airflow/example_dags/example_sla_dag.py
[2023-11-20T21:06:54.981+0500] {processor.py:839} INFO - DAG(s) dict_keys(['example_sla_dag']) retrieved from /usr/local/lib/python3.10/dist-packages/airflow/example_dags/example_sla_dag.py
[2023-11-20T21:06:55.084+0500] {logging_mixin.py:154} INFO - [2023-11-20T21:06:55.083+0500] {dag.py:2941} INFO - Sync 1 DAGs
[2023-11-20T21:06:55.203+0500] {logging_mixin.py:154} INFO - [2023-11-20T21:06:55.202+0500] {dag.py:3722} INFO - Setting next_dagrun for example_sla_dag to 2023-11-20T16:04:00+00:00, run_after=2023-11-20T16:06:00+00:00
[2023-11-20T21:06:55.276+0500] {processor.py:179} INFO - Processing /usr/local/lib/python3.10/dist-packages/airflow/example_dags/example_sla_dag.py took 0.349 seconds
[2023-11-20T21:07:25.473+0500] {processor.py:157} INFO - Started process (PID=27989) to work on /usr/local/lib/python3.10/dist-packages/airflow/example_dags/example_sla_dag.py
[2023-11-20T21:07:25.476+0500] {processor.py:829} INFO - Processing file /usr/local/lib/python3.10/dist-packages/airflow/example_dags/example_sla_dag.py for tasks to queue
[2023-11-20T21:07:25.481+0500] {logging_mixin.py:154} INFO - [2023-11-20T21:07:25.480+0500] {dagbag.py:536} INFO - Filling up the DagBag from /usr/local/lib/python3.10/dist-packages/airflow/example_dags/example_sla_dag.py
[2023-11-20T21:07:25.545+0500] {processor.py:839} INFO - DAG(s) dict_keys(['example_sla_dag']) retrieved from /usr/local/lib/python3.10/dist-packages/airflow/example_dags/example_sla_dag.py
[2023-11-20T21:07:25.723+0500] {logging_mixin.py:154} INFO - [2023-11-20T21:07:25.722+0500] {dag.py:2941} INFO - Sync 1 DAGs
[2023-11-20T21:07:25.988+0500] {logging_mixin.py:154} INFO - [2023-11-20T21:07:25.987+0500] {dag.py:3722} INFO - Setting next_dagrun for example_sla_dag to 2023-11-20T16:04:00+00:00, run_after=2023-11-20T16:06:00+00:00
[2023-11-20T21:07:26.116+0500] {processor.py:179} INFO - Processing /usr/local/lib/python3.10/dist-packages/airflow/example_dags/example_sla_dag.py took 0.667 seconds
[2023-11-20T21:07:56.426+0500] {processor.py:157} INFO - Started process (PID=28173) to work on /usr/local/lib/python3.10/dist-packages/airflow/example_dags/example_sla_dag.py
[2023-11-20T21:07:56.429+0500] {processor.py:829} INFO - Processing file /usr/local/lib/python3.10/dist-packages/airflow/example_dags/example_sla_dag.py for tasks to queue
[2023-11-20T21:07:56.435+0500] {logging_mixin.py:154} INFO - [2023-11-20T21:07:56.433+0500] {dagbag.py:536} INFO - Filling up the DagBag from /usr/local/lib/python3.10/dist-packages/airflow/example_dags/example_sla_dag.py
[2023-11-20T21:07:56.477+0500] {processor.py:839} INFO - DAG(s) dict_keys(['example_sla_dag']) retrieved from /usr/local/lib/python3.10/dist-packages/airflow/example_dags/example_sla_dag.py
[2023-11-20T21:07:56.589+0500] {logging_mixin.py:154} INFO - [2023-11-20T21:07:56.588+0500] {dag.py:2941} INFO - Sync 1 DAGs
[2023-11-20T21:07:56.714+0500] {logging_mixin.py:154} INFO - [2023-11-20T21:07:56.713+0500] {dag.py:3722} INFO - Setting next_dagrun for example_sla_dag to 2023-11-20T16:04:00+00:00, run_after=2023-11-20T16:06:00+00:00
[2023-11-20T21:07:56.788+0500] {processor.py:179} INFO - Processing /usr/local/lib/python3.10/dist-packages/airflow/example_dags/example_sla_dag.py took 0.375 seconds
[2023-11-20T21:08:27.068+0500] {processor.py:157} INFO - Started process (PID=28408) to work on /usr/local/lib/python3.10/dist-packages/airflow/example_dags/example_sla_dag.py
[2023-11-20T21:08:27.071+0500] {processor.py:829} INFO - Processing file /usr/local/lib/python3.10/dist-packages/airflow/example_dags/example_sla_dag.py for tasks to queue
[2023-11-20T21:08:27.074+0500] {logging_mixin.py:154} INFO - [2023-11-20T21:08:27.073+0500] {dagbag.py:536} INFO - Filling up the DagBag from /usr/local/lib/python3.10/dist-packages/airflow/example_dags/example_sla_dag.py
[2023-11-20T21:08:27.110+0500] {processor.py:839} INFO - DAG(s) dict_keys(['example_sla_dag']) retrieved from /usr/local/lib/python3.10/dist-packages/airflow/example_dags/example_sla_dag.py
[2023-11-20T21:08:27.214+0500] {logging_mixin.py:154} INFO - [2023-11-20T21:08:27.213+0500] {dag.py:2941} INFO - Sync 1 DAGs
[2023-11-20T21:08:27.334+0500] {logging_mixin.py:154} INFO - [2023-11-20T21:08:27.333+0500] {dag.py:3722} INFO - Setting next_dagrun for example_sla_dag to 2023-11-20T16:06:00+00:00, run_after=2023-11-20T16:08:00+00:00
[2023-11-20T21:08:27.413+0500] {processor.py:179} INFO - Processing /usr/local/lib/python3.10/dist-packages/airflow/example_dags/example_sla_dag.py took 0.356 seconds
[2023-11-20T21:08:57.485+0500] {processor.py:157} INFO - Started process (PID=28629) to work on /usr/local/lib/python3.10/dist-packages/airflow/example_dags/example_sla_dag.py
[2023-11-20T21:08:57.488+0500] {processor.py:829} INFO - Processing file /usr/local/lib/python3.10/dist-packages/airflow/example_dags/example_sla_dag.py for tasks to queue
[2023-11-20T21:08:57.491+0500] {logging_mixin.py:154} INFO - [2023-11-20T21:08:57.490+0500] {dagbag.py:536} INFO - Filling up the DagBag from /usr/local/lib/python3.10/dist-packages/airflow/example_dags/example_sla_dag.py
[2023-11-20T21:08:57.525+0500] {processor.py:839} INFO - DAG(s) dict_keys(['example_sla_dag']) retrieved from /usr/local/lib/python3.10/dist-packages/airflow/example_dags/example_sla_dag.py
[2023-11-20T21:08:57.630+0500] {logging_mixin.py:154} INFO - [2023-11-20T21:08:57.629+0500] {dag.py:2941} INFO - Sync 1 DAGs
[2023-11-20T21:08:57.750+0500] {logging_mixin.py:154} INFO - [2023-11-20T21:08:57.750+0500] {dag.py:3722} INFO - Setting next_dagrun for example_sla_dag to 2023-11-20T16:06:00+00:00, run_after=2023-11-20T16:08:00+00:00
[2023-11-20T21:08:57.824+0500] {processor.py:179} INFO - Processing /usr/local/lib/python3.10/dist-packages/airflow/example_dags/example_sla_dag.py took 0.350 seconds
[2023-11-20T21:09:28.240+0500] {processor.py:157} INFO - Started process (PID=28814) to work on /usr/local/lib/python3.10/dist-packages/airflow/example_dags/example_sla_dag.py
[2023-11-20T21:09:28.243+0500] {processor.py:829} INFO - Processing file /usr/local/lib/python3.10/dist-packages/airflow/example_dags/example_sla_dag.py for tasks to queue
[2023-11-20T21:09:28.246+0500] {logging_mixin.py:154} INFO - [2023-11-20T21:09:28.245+0500] {dagbag.py:536} INFO - Filling up the DagBag from /usr/local/lib/python3.10/dist-packages/airflow/example_dags/example_sla_dag.py
[2023-11-20T21:09:28.284+0500] {processor.py:839} INFO - DAG(s) dict_keys(['example_sla_dag']) retrieved from /usr/local/lib/python3.10/dist-packages/airflow/example_dags/example_sla_dag.py
[2023-11-20T21:09:28.393+0500] {logging_mixin.py:154} INFO - [2023-11-20T21:09:28.392+0500] {dag.py:2941} INFO - Sync 1 DAGs
[2023-11-20T21:09:28.528+0500] {logging_mixin.py:154} INFO - [2023-11-20T21:09:28.527+0500] {dag.py:3722} INFO - Setting next_dagrun for example_sla_dag to 2023-11-20T16:06:00+00:00, run_after=2023-11-20T16:08:00+00:00
[2023-11-20T21:09:28.612+0500] {processor.py:179} INFO - Processing /usr/local/lib/python3.10/dist-packages/airflow/example_dags/example_sla_dag.py took 0.385 seconds
[2023-11-20T21:10:02.404+0500] {processor.py:157} INFO - Started process (PID=29111) to work on /usr/local/lib/python3.10/dist-packages/airflow/example_dags/example_sla_dag.py
[2023-11-20T21:10:02.409+0500] {processor.py:829} INFO - Processing file /usr/local/lib/python3.10/dist-packages/airflow/example_dags/example_sla_dag.py for tasks to queue
[2023-11-20T21:10:02.412+0500] {logging_mixin.py:154} INFO - [2023-11-20T21:10:02.411+0500] {dagbag.py:536} INFO - Filling up the DagBag from /usr/local/lib/python3.10/dist-packages/airflow/example_dags/example_sla_dag.py
[2023-11-20T21:10:02.466+0500] {processor.py:839} INFO - DAG(s) dict_keys(['example_sla_dag']) retrieved from /usr/local/lib/python3.10/dist-packages/airflow/example_dags/example_sla_dag.py
[2023-11-20T21:10:02.597+0500] {logging_mixin.py:154} INFO - [2023-11-20T21:10:02.596+0500] {dag.py:2941} INFO - Sync 1 DAGs
[2023-11-20T21:10:02.765+0500] {logging_mixin.py:154} INFO - [2023-11-20T21:10:02.764+0500] {dag.py:3722} INFO - Setting next_dagrun for example_sla_dag to 2023-11-20T16:08:00+00:00, run_after=2023-11-20T16:10:00+00:00
[2023-11-20T21:10:02.934+0500] {processor.py:179} INFO - Processing /usr/local/lib/python3.10/dist-packages/airflow/example_dags/example_sla_dag.py took 0.554 seconds
[2023-11-20T21:10:33.306+0500] {processor.py:157} INFO - Started process (PID=29343) to work on /usr/local/lib/python3.10/dist-packages/airflow/example_dags/example_sla_dag.py
[2023-11-20T21:10:33.309+0500] {processor.py:829} INFO - Processing file /usr/local/lib/python3.10/dist-packages/airflow/example_dags/example_sla_dag.py for tasks to queue
[2023-11-20T21:10:33.313+0500] {logging_mixin.py:154} INFO - [2023-11-20T21:10:33.311+0500] {dagbag.py:536} INFO - Filling up the DagBag from /usr/local/lib/python3.10/dist-packages/airflow/example_dags/example_sla_dag.py
[2023-11-20T21:10:33.348+0500] {processor.py:839} INFO - DAG(s) dict_keys(['example_sla_dag']) retrieved from /usr/local/lib/python3.10/dist-packages/airflow/example_dags/example_sla_dag.py
[2023-11-20T21:10:33.448+0500] {logging_mixin.py:154} INFO - [2023-11-20T21:10:33.448+0500] {dag.py:2941} INFO - Sync 1 DAGs
[2023-11-20T21:10:33.569+0500] {logging_mixin.py:154} INFO - [2023-11-20T21:10:33.569+0500] {dag.py:3722} INFO - Setting next_dagrun for example_sla_dag to 2023-11-20T16:08:00+00:00, run_after=2023-11-20T16:10:00+00:00
[2023-11-20T21:10:33.650+0500] {processor.py:179} INFO - Processing /usr/local/lib/python3.10/dist-packages/airflow/example_dags/example_sla_dag.py took 0.356 seconds
[2023-11-20T21:11:04.374+0500] {processor.py:157} INFO - Started process (PID=29500) to work on /usr/local/lib/python3.10/dist-packages/airflow/example_dags/example_sla_dag.py
[2023-11-20T21:11:04.377+0500] {processor.py:829} INFO - Processing file /usr/local/lib/python3.10/dist-packages/airflow/example_dags/example_sla_dag.py for tasks to queue
[2023-11-20T21:11:04.380+0500] {logging_mixin.py:154} INFO - [2023-11-20T21:11:04.378+0500] {dagbag.py:536} INFO - Filling up the DagBag from /usr/local/lib/python3.10/dist-packages/airflow/example_dags/example_sla_dag.py
[2023-11-20T21:11:04.421+0500] {processor.py:839} INFO - DAG(s) dict_keys(['example_sla_dag']) retrieved from /usr/local/lib/python3.10/dist-packages/airflow/example_dags/example_sla_dag.py
[2023-11-20T21:11:04.545+0500] {logging_mixin.py:154} INFO - [2023-11-20T21:11:04.544+0500] {dag.py:2941} INFO - Sync 1 DAGs
[2023-11-20T21:11:04.706+0500] {logging_mixin.py:154} INFO - [2023-11-20T21:11:04.705+0500] {dag.py:3722} INFO - Setting next_dagrun for example_sla_dag to 2023-11-20T16:08:00+00:00, run_after=2023-11-20T16:10:00+00:00
[2023-11-20T21:11:04.802+0500] {processor.py:179} INFO - Processing /usr/local/lib/python3.10/dist-packages/airflow/example_dags/example_sla_dag.py took 0.439 seconds
[2023-11-20T21:11:39.113+0500] {processor.py:157} INFO - Started process (PID=29636) to work on /usr/local/lib/python3.10/dist-packages/airflow/example_dags/example_sla_dag.py
[2023-11-20T21:11:39.118+0500] {processor.py:829} INFO - Processing file /usr/local/lib/python3.10/dist-packages/airflow/example_dags/example_sla_dag.py for tasks to queue
[2023-11-20T21:11:39.122+0500] {logging_mixin.py:154} INFO - [2023-11-20T21:11:39.121+0500] {dagbag.py:536} INFO - Filling up the DagBag from /usr/local/lib/python3.10/dist-packages/airflow/example_dags/example_sla_dag.py
[2023-11-20T21:11:39.176+0500] {processor.py:839} INFO - DAG(s) dict_keys(['example_sla_dag']) retrieved from /usr/local/lib/python3.10/dist-packages/airflow/example_dags/example_sla_dag.py
[2023-11-20T21:11:39.332+0500] {logging_mixin.py:154} INFO - [2023-11-20T21:11:39.332+0500] {dag.py:2941} INFO - Sync 1 DAGs
[2023-11-20T21:11:39.515+0500] {logging_mixin.py:154} INFO - [2023-11-20T21:11:39.514+0500] {dag.py:3722} INFO - Setting next_dagrun for example_sla_dag to 2023-11-20T16:08:00+00:00, run_after=2023-11-20T16:10:00+00:00
[2023-11-20T21:11:39.629+0500] {processor.py:179} INFO - Processing /usr/local/lib/python3.10/dist-packages/airflow/example_dags/example_sla_dag.py took 0.543 seconds
[2023-11-20T21:12:09.855+0500] {processor.py:157} INFO - Started process (PID=29845) to work on /usr/local/lib/python3.10/dist-packages/airflow/example_dags/example_sla_dag.py
[2023-11-20T21:12:09.858+0500] {processor.py:829} INFO - Processing file /usr/local/lib/python3.10/dist-packages/airflow/example_dags/example_sla_dag.py for tasks to queue
[2023-11-20T21:12:09.861+0500] {logging_mixin.py:154} INFO - [2023-11-20T21:12:09.860+0500] {dagbag.py:536} INFO - Filling up the DagBag from /usr/local/lib/python3.10/dist-packages/airflow/example_dags/example_sla_dag.py
[2023-11-20T21:12:09.894+0500] {processor.py:839} INFO - DAG(s) dict_keys(['example_sla_dag']) retrieved from /usr/local/lib/python3.10/dist-packages/airflow/example_dags/example_sla_dag.py
[2023-11-20T21:12:09.999+0500] {logging_mixin.py:154} INFO - [2023-11-20T21:12:09.998+0500] {dag.py:2941} INFO - Sync 1 DAGs
[2023-11-20T21:12:10.140+0500] {logging_mixin.py:154} INFO - [2023-11-20T21:12:10.139+0500] {dag.py:3722} INFO - Setting next_dagrun for example_sla_dag to 2023-11-20T16:10:00+00:00, run_after=2023-11-20T16:12:00+00:00
[2023-11-20T21:12:10.229+0500] {processor.py:179} INFO - Processing /usr/local/lib/python3.10/dist-packages/airflow/example_dags/example_sla_dag.py took 0.386 seconds
[2023-11-20T21:12:41.493+0500] {processor.py:157} INFO - Started process (PID=30069) to work on /usr/local/lib/python3.10/dist-packages/airflow/example_dags/example_sla_dag.py
[2023-11-20T21:12:41.496+0500] {processor.py:829} INFO - Processing file /usr/local/lib/python3.10/dist-packages/airflow/example_dags/example_sla_dag.py for tasks to queue
[2023-11-20T21:12:41.499+0500] {logging_mixin.py:154} INFO - [2023-11-20T21:12:41.498+0500] {dagbag.py:536} INFO - Filling up the DagBag from /usr/local/lib/python3.10/dist-packages/airflow/example_dags/example_sla_dag.py
[2023-11-20T21:12:41.534+0500] {processor.py:839} INFO - DAG(s) dict_keys(['example_sla_dag']) retrieved from /usr/local/lib/python3.10/dist-packages/airflow/example_dags/example_sla_dag.py
[2023-11-20T21:12:41.637+0500] {logging_mixin.py:154} INFO - [2023-11-20T21:12:41.636+0500] {dag.py:2941} INFO - Sync 1 DAGs
[2023-11-20T21:12:41.766+0500] {logging_mixin.py:154} INFO - [2023-11-20T21:12:41.765+0500] {dag.py:3722} INFO - Setting next_dagrun for example_sla_dag to 2023-11-20T16:10:00+00:00, run_after=2023-11-20T16:12:00+00:00
[2023-11-20T21:12:41.844+0500] {processor.py:179} INFO - Processing /usr/local/lib/python3.10/dist-packages/airflow/example_dags/example_sla_dag.py took 0.362 seconds
[2023-11-20T21:13:14.721+0500] {processor.py:157} INFO - Started process (PID=30202) to work on /usr/local/lib/python3.10/dist-packages/airflow/example_dags/example_sla_dag.py
[2023-11-20T21:13:14.724+0500] {processor.py:829} INFO - Processing file /usr/local/lib/python3.10/dist-packages/airflow/example_dags/example_sla_dag.py for tasks to queue
[2023-11-20T21:13:14.727+0500] {logging_mixin.py:154} INFO - [2023-11-20T21:13:14.726+0500] {dagbag.py:536} INFO - Filling up the DagBag from /usr/local/lib/python3.10/dist-packages/airflow/example_dags/example_sla_dag.py
[2023-11-20T21:13:14.765+0500] {processor.py:839} INFO - DAG(s) dict_keys(['example_sla_dag']) retrieved from /usr/local/lib/python3.10/dist-packages/airflow/example_dags/example_sla_dag.py
[2023-11-20T21:13:14.862+0500] {logging_mixin.py:154} INFO - [2023-11-20T21:13:14.861+0500] {dag.py:2941} INFO - Sync 1 DAGs
[2023-11-20T21:13:14.980+0500] {logging_mixin.py:154} INFO - [2023-11-20T21:13:14.979+0500] {dag.py:3722} INFO - Setting next_dagrun for example_sla_dag to 2023-11-20T16:10:00+00:00, run_after=2023-11-20T16:12:00+00:00
[2023-11-20T21:13:15.054+0500] {processor.py:179} INFO - Processing /usr/local/lib/python3.10/dist-packages/airflow/example_dags/example_sla_dag.py took 0.345 seconds
[2023-11-20T21:13:46.014+0500] {processor.py:157} INFO - Started process (PID=30335) to work on /usr/local/lib/python3.10/dist-packages/airflow/example_dags/example_sla_dag.py
[2023-11-20T21:13:46.017+0500] {processor.py:829} INFO - Processing file /usr/local/lib/python3.10/dist-packages/airflow/example_dags/example_sla_dag.py for tasks to queue
[2023-11-20T21:13:46.020+0500] {logging_mixin.py:154} INFO - [2023-11-20T21:13:46.019+0500] {dagbag.py:536} INFO - Filling up the DagBag from /usr/local/lib/python3.10/dist-packages/airflow/example_dags/example_sla_dag.py
[2023-11-20T21:13:46.053+0500] {processor.py:839} INFO - DAG(s) dict_keys(['example_sla_dag']) retrieved from /usr/local/lib/python3.10/dist-packages/airflow/example_dags/example_sla_dag.py
[2023-11-20T21:13:46.152+0500] {logging_mixin.py:154} INFO - [2023-11-20T21:13:46.151+0500] {dag.py:2941} INFO - Sync 1 DAGs
[2023-11-20T21:13:46.273+0500] {logging_mixin.py:154} INFO - [2023-11-20T21:13:46.272+0500] {dag.py:3722} INFO - Setting next_dagrun for example_sla_dag to 2023-11-20T16:10:00+00:00, run_after=2023-11-20T16:12:00+00:00
[2023-11-20T21:13:46.348+0500] {processor.py:179} INFO - Processing /usr/local/lib/python3.10/dist-packages/airflow/example_dags/example_sla_dag.py took 0.345 seconds
[2023-11-20T21:14:16.701+0500] {processor.py:157} INFO - Started process (PID=30437) to work on /usr/local/lib/python3.10/dist-packages/airflow/example_dags/example_sla_dag.py
[2023-11-20T21:14:16.703+0500] {processor.py:829} INFO - Processing file /usr/local/lib/python3.10/dist-packages/airflow/example_dags/example_sla_dag.py for tasks to queue
[2023-11-20T21:14:16.706+0500] {logging_mixin.py:154} INFO - [2023-11-20T21:14:16.705+0500] {dagbag.py:536} INFO - Filling up the DagBag from /usr/local/lib/python3.10/dist-packages/airflow/example_dags/example_sla_dag.py
[2023-11-20T21:14:16.742+0500] {processor.py:839} INFO - DAG(s) dict_keys(['example_sla_dag']) retrieved from /usr/local/lib/python3.10/dist-packages/airflow/example_dags/example_sla_dag.py
[2023-11-20T21:14:16.855+0500] {logging_mixin.py:154} INFO - [2023-11-20T21:14:16.855+0500] {dag.py:2941} INFO - Sync 1 DAGs
[2023-11-20T21:14:16.978+0500] {logging_mixin.py:154} INFO - [2023-11-20T21:14:16.978+0500] {dag.py:3722} INFO - Setting next_dagrun for example_sla_dag to 2023-11-20T16:12:00+00:00, run_after=2023-11-20T16:14:00+00:00
[2023-11-20T21:14:17.054+0500] {processor.py:179} INFO - Processing /usr/local/lib/python3.10/dist-packages/airflow/example_dags/example_sla_dag.py took 0.365 seconds
[2023-11-20T21:14:51.673+0500] {processor.py:157} INFO - Started process (PID=30555) to work on /usr/local/lib/python3.10/dist-packages/airflow/example_dags/example_sla_dag.py
[2023-11-20T21:14:51.683+0500] {processor.py:829} INFO - Processing file /usr/local/lib/python3.10/dist-packages/airflow/example_dags/example_sla_dag.py for tasks to queue
[2023-11-20T21:14:51.686+0500] {logging_mixin.py:154} INFO - [2023-11-20T21:14:51.685+0500] {dagbag.py:536} INFO - Filling up the DagBag from /usr/local/lib/python3.10/dist-packages/airflow/example_dags/example_sla_dag.py
[2023-11-20T21:14:51.745+0500] {processor.py:839} INFO - DAG(s) dict_keys(['example_sla_dag']) retrieved from /usr/local/lib/python3.10/dist-packages/airflow/example_dags/example_sla_dag.py
[2023-11-20T21:14:51.858+0500] {logging_mixin.py:154} INFO - [2023-11-20T21:14:51.858+0500] {dag.py:2941} INFO - Sync 1 DAGs
[2023-11-20T21:14:52.055+0500] {logging_mixin.py:154} INFO - [2023-11-20T21:14:52.054+0500] {dag.py:3722} INFO - Setting next_dagrun for example_sla_dag to 2023-11-20T16:12:00+00:00, run_after=2023-11-20T16:14:00+00:00
[2023-11-20T21:14:52.207+0500] {processor.py:179} INFO - Processing /usr/local/lib/python3.10/dist-packages/airflow/example_dags/example_sla_dag.py took 0.547 seconds
[2023-11-20T21:15:23.128+0500] {processor.py:157} INFO - Started process (PID=30911) to work on /usr/local/lib/python3.10/dist-packages/airflow/example_dags/example_sla_dag.py
[2023-11-20T21:15:23.131+0500] {processor.py:829} INFO - Processing file /usr/local/lib/python3.10/dist-packages/airflow/example_dags/example_sla_dag.py for tasks to queue
[2023-11-20T21:15:23.134+0500] {logging_mixin.py:154} INFO - [2023-11-20T21:15:23.133+0500] {dagbag.py:536} INFO - Filling up the DagBag from /usr/local/lib/python3.10/dist-packages/airflow/example_dags/example_sla_dag.py
[2023-11-20T21:15:23.169+0500] {processor.py:839} INFO - DAG(s) dict_keys(['example_sla_dag']) retrieved from /usr/local/lib/python3.10/dist-packages/airflow/example_dags/example_sla_dag.py
[2023-11-20T21:15:23.310+0500] {logging_mixin.py:154} INFO - [2023-11-20T21:15:23.309+0500] {dag.py:2941} INFO - Sync 1 DAGs
[2023-11-20T21:15:23.506+0500] {logging_mixin.py:154} INFO - [2023-11-20T21:15:23.505+0500] {dag.py:3722} INFO - Setting next_dagrun for example_sla_dag to 2023-11-20T16:12:00+00:00, run_after=2023-11-20T16:14:00+00:00
[2023-11-20T21:15:23.588+0500] {processor.py:179} INFO - Processing /usr/local/lib/python3.10/dist-packages/airflow/example_dags/example_sla_dag.py took 0.476 seconds
[2023-11-20T21:15:53.674+0500] {processor.py:157} INFO - Started process (PID=31104) to work on /usr/local/lib/python3.10/dist-packages/airflow/example_dags/example_sla_dag.py
[2023-11-20T21:15:53.677+0500] {processor.py:829} INFO - Processing file /usr/local/lib/python3.10/dist-packages/airflow/example_dags/example_sla_dag.py for tasks to queue
[2023-11-20T21:15:53.681+0500] {logging_mixin.py:154} INFO - [2023-11-20T21:15:53.679+0500] {dagbag.py:536} INFO - Filling up the DagBag from /usr/local/lib/python3.10/dist-packages/airflow/example_dags/example_sla_dag.py
[2023-11-20T21:15:53.718+0500] {processor.py:839} INFO - DAG(s) dict_keys(['example_sla_dag']) retrieved from /usr/local/lib/python3.10/dist-packages/airflow/example_dags/example_sla_dag.py
[2023-11-20T21:15:53.818+0500] {logging_mixin.py:154} INFO - [2023-11-20T21:15:53.817+0500] {dag.py:2941} INFO - Sync 1 DAGs
[2023-11-20T21:15:53.941+0500] {logging_mixin.py:154} INFO - [2023-11-20T21:15:53.940+0500] {dag.py:3722} INFO - Setting next_dagrun for example_sla_dag to 2023-11-20T16:12:00+00:00, run_after=2023-11-20T16:14:00+00:00
[2023-11-20T21:15:54.020+0500] {processor.py:179} INFO - Processing /usr/local/lib/python3.10/dist-packages/airflow/example_dags/example_sla_dag.py took 0.359 seconds
[2023-11-20T21:16:24.217+0500] {processor.py:157} INFO - Started process (PID=31204) to work on /usr/local/lib/python3.10/dist-packages/airflow/example_dags/example_sla_dag.py
[2023-11-20T21:16:24.220+0500] {processor.py:829} INFO - Processing file /usr/local/lib/python3.10/dist-packages/airflow/example_dags/example_sla_dag.py for tasks to queue
[2023-11-20T21:16:24.223+0500] {logging_mixin.py:154} INFO - [2023-11-20T21:16:24.222+0500] {dagbag.py:536} INFO - Filling up the DagBag from /usr/local/lib/python3.10/dist-packages/airflow/example_dags/example_sla_dag.py
[2023-11-20T21:16:24.257+0500] {processor.py:839} INFO - DAG(s) dict_keys(['example_sla_dag']) retrieved from /usr/local/lib/python3.10/dist-packages/airflow/example_dags/example_sla_dag.py
[2023-11-20T21:16:24.359+0500] {logging_mixin.py:154} INFO - [2023-11-20T21:16:24.358+0500] {dag.py:2941} INFO - Sync 1 DAGs
[2023-11-20T21:16:24.484+0500] {logging_mixin.py:154} INFO - [2023-11-20T21:16:24.484+0500] {dag.py:3722} INFO - Setting next_dagrun for example_sla_dag to 2023-11-20T16:14:00+00:00, run_after=2023-11-20T16:16:00+00:00
[2023-11-20T21:16:24.560+0500] {processor.py:179} INFO - Processing /usr/local/lib/python3.10/dist-packages/airflow/example_dags/example_sla_dag.py took 0.358 seconds
[2023-11-20T21:16:54.922+0500] {processor.py:157} INFO - Started process (PID=31308) to work on /usr/local/lib/python3.10/dist-packages/airflow/example_dags/example_sla_dag.py
[2023-11-20T21:16:54.926+0500] {processor.py:829} INFO - Processing file /usr/local/lib/python3.10/dist-packages/airflow/example_dags/example_sla_dag.py for tasks to queue
[2023-11-20T21:16:54.929+0500] {logging_mixin.py:154} INFO - [2023-11-20T21:16:54.928+0500] {dagbag.py:536} INFO - Filling up the DagBag from /usr/local/lib/python3.10/dist-packages/airflow/example_dags/example_sla_dag.py
[2023-11-20T21:16:54.969+0500] {processor.py:839} INFO - DAG(s) dict_keys(['example_sla_dag']) retrieved from /usr/local/lib/python3.10/dist-packages/airflow/example_dags/example_sla_dag.py
[2023-11-20T21:16:55.096+0500] {logging_mixin.py:154} INFO - [2023-11-20T21:16:55.095+0500] {dag.py:2941} INFO - Sync 1 DAGs
[2023-11-20T21:16:55.251+0500] {logging_mixin.py:154} INFO - [2023-11-20T21:16:55.250+0500] {dag.py:3722} INFO - Setting next_dagrun for example_sla_dag to 2023-11-20T16:14:00+00:00, run_after=2023-11-20T16:16:00+00:00
[2023-11-20T21:16:55.329+0500] {processor.py:179} INFO - Processing /usr/local/lib/python3.10/dist-packages/airflow/example_dags/example_sla_dag.py took 0.419 seconds
[2023-11-20T21:17:25.734+0500] {processor.py:157} INFO - Started process (PID=31436) to work on /usr/local/lib/python3.10/dist-packages/airflow/example_dags/example_sla_dag.py
[2023-11-20T21:17:25.737+0500] {processor.py:829} INFO - Processing file /usr/local/lib/python3.10/dist-packages/airflow/example_dags/example_sla_dag.py for tasks to queue
[2023-11-20T21:17:25.740+0500] {logging_mixin.py:154} INFO - [2023-11-20T21:17:25.739+0500] {dagbag.py:536} INFO - Filling up the DagBag from /usr/local/lib/python3.10/dist-packages/airflow/example_dags/example_sla_dag.py
[2023-11-20T21:17:25.778+0500] {processor.py:839} INFO - DAG(s) dict_keys(['example_sla_dag']) retrieved from /usr/local/lib/python3.10/dist-packages/airflow/example_dags/example_sla_dag.py
[2023-11-20T21:17:25.887+0500] {logging_mixin.py:154} INFO - [2023-11-20T21:17:25.887+0500] {dag.py:2941} INFO - Sync 1 DAGs
[2023-11-20T21:17:26.011+0500] {logging_mixin.py:154} INFO - [2023-11-20T21:17:26.011+0500] {dag.py:3722} INFO - Setting next_dagrun for example_sla_dag to 2023-11-20T16:14:00+00:00, run_after=2023-11-20T16:16:00+00:00
[2023-11-20T21:17:26.085+0500] {processor.py:179} INFO - Processing /usr/local/lib/python3.10/dist-packages/airflow/example_dags/example_sla_dag.py took 0.368 seconds
[2023-11-20T21:17:57.472+0500] {processor.py:157} INFO - Started process (PID=31545) to work on /usr/local/lib/python3.10/dist-packages/airflow/example_dags/example_sla_dag.py
[2023-11-20T21:17:57.475+0500] {processor.py:829} INFO - Processing file /usr/local/lib/python3.10/dist-packages/airflow/example_dags/example_sla_dag.py for tasks to queue
[2023-11-20T21:17:57.478+0500] {logging_mixin.py:154} INFO - [2023-11-20T21:17:57.477+0500] {dagbag.py:536} INFO - Filling up the DagBag from /usr/local/lib/python3.10/dist-packages/airflow/example_dags/example_sla_dag.py
[2023-11-20T21:17:57.516+0500] {processor.py:839} INFO - DAG(s) dict_keys(['example_sla_dag']) retrieved from /usr/local/lib/python3.10/dist-packages/airflow/example_dags/example_sla_dag.py
[2023-11-20T21:17:57.639+0500] {logging_mixin.py:154} INFO - [2023-11-20T21:17:57.638+0500] {dag.py:2941} INFO - Sync 1 DAGs
[2023-11-20T21:17:57.761+0500] {logging_mixin.py:154} INFO - [2023-11-20T21:17:57.760+0500] {dag.py:3722} INFO - Setting next_dagrun for example_sla_dag to 2023-11-20T16:14:00+00:00, run_after=2023-11-20T16:16:00+00:00
[2023-11-20T21:17:57.841+0500] {processor.py:179} INFO - Processing /usr/local/lib/python3.10/dist-packages/airflow/example_dags/example_sla_dag.py took 0.381 seconds
[2023-11-20T21:18:30.788+0500] {processor.py:157} INFO - Started process (PID=31651) to work on /usr/local/lib/python3.10/dist-packages/airflow/example_dags/example_sla_dag.py
[2023-11-20T21:18:30.795+0500] {processor.py:829} INFO - Processing file /usr/local/lib/python3.10/dist-packages/airflow/example_dags/example_sla_dag.py for tasks to queue
[2023-11-20T21:18:30.798+0500] {logging_mixin.py:154} INFO - [2023-11-20T21:18:30.797+0500] {dagbag.py:536} INFO - Filling up the DagBag from /usr/local/lib/python3.10/dist-packages/airflow/example_dags/example_sla_dag.py
[2023-11-20T21:18:30.878+0500] {processor.py:839} INFO - DAG(s) dict_keys(['example_sla_dag']) retrieved from /usr/local/lib/python3.10/dist-packages/airflow/example_dags/example_sla_dag.py
[2023-11-20T21:18:31.075+0500] {logging_mixin.py:154} INFO - [2023-11-20T21:18:31.074+0500] {dag.py:2941} INFO - Sync 1 DAGs
[2023-11-20T21:18:31.294+0500] {logging_mixin.py:154} INFO - [2023-11-20T21:18:31.291+0500] {dag.py:3722} INFO - Setting next_dagrun for example_sla_dag to 2023-11-20T16:16:00+00:00, run_after=2023-11-20T16:18:00+00:00
[2023-11-20T21:18:31.396+0500] {processor.py:179} INFO - Processing /usr/local/lib/python3.10/dist-packages/airflow/example_dags/example_sla_dag.py took 0.623 seconds
[2023-11-20T21:19:03.297+0500] {processor.py:157} INFO - Started process (PID=31758) to work on /usr/local/lib/python3.10/dist-packages/airflow/example_dags/example_sla_dag.py
[2023-11-20T21:19:03.301+0500] {processor.py:829} INFO - Processing file /usr/local/lib/python3.10/dist-packages/airflow/example_dags/example_sla_dag.py for tasks to queue
[2023-11-20T21:19:03.304+0500] {logging_mixin.py:154} INFO - [2023-11-20T21:19:03.303+0500] {dagbag.py:536} INFO - Filling up the DagBag from /usr/local/lib/python3.10/dist-packages/airflow/example_dags/example_sla_dag.py
[2023-11-20T21:19:03.343+0500] {processor.py:839} INFO - DAG(s) dict_keys(['example_sla_dag']) retrieved from /usr/local/lib/python3.10/dist-packages/airflow/example_dags/example_sla_dag.py
[2023-11-20T21:19:03.449+0500] {logging_mixin.py:154} INFO - [2023-11-20T21:19:03.448+0500] {dag.py:2941} INFO - Sync 1 DAGs
[2023-11-20T21:19:03.584+0500] {logging_mixin.py:154} INFO - [2023-11-20T21:19:03.583+0500] {dag.py:3722} INFO - Setting next_dagrun for example_sla_dag to 2023-11-20T16:16:00+00:00, run_after=2023-11-20T16:18:00+00:00
[2023-11-20T21:19:03.671+0500] {processor.py:179} INFO - Processing /usr/local/lib/python3.10/dist-packages/airflow/example_dags/example_sla_dag.py took 0.392 seconds
[2023-11-20T21:19:34.141+0500] {processor.py:157} INFO - Started process (PID=31921) to work on /usr/local/lib/python3.10/dist-packages/airflow/example_dags/example_sla_dag.py
[2023-11-20T21:19:34.145+0500] {processor.py:829} INFO - Processing file /usr/local/lib/python3.10/dist-packages/airflow/example_dags/example_sla_dag.py for tasks to queue
[2023-11-20T21:19:34.149+0500] {logging_mixin.py:154} INFO - [2023-11-20T21:19:34.148+0500] {dagbag.py:536} INFO - Filling up the DagBag from /usr/local/lib/python3.10/dist-packages/airflow/example_dags/example_sla_dag.py
[2023-11-20T21:19:34.188+0500] {processor.py:839} INFO - DAG(s) dict_keys(['example_sla_dag']) retrieved from /usr/local/lib/python3.10/dist-packages/airflow/example_dags/example_sla_dag.py
[2023-11-20T21:19:34.291+0500] {logging_mixin.py:154} INFO - [2023-11-20T21:19:34.290+0500] {dag.py:2941} INFO - Sync 1 DAGs
[2023-11-20T21:19:34.430+0500] {logging_mixin.py:154} INFO - [2023-11-20T21:19:34.429+0500] {dag.py:3722} INFO - Setting next_dagrun for example_sla_dag to 2023-11-20T16:16:00+00:00, run_after=2023-11-20T16:18:00+00:00
[2023-11-20T21:19:34.524+0500] {processor.py:179} INFO - Processing /usr/local/lib/python3.10/dist-packages/airflow/example_dags/example_sla_dag.py took 0.396 seconds
[2023-11-20T21:20:07.383+0500] {processor.py:157} INFO - Started process (PID=32448) to work on /usr/local/lib/python3.10/dist-packages/airflow/example_dags/example_sla_dag.py
[2023-11-20T21:20:07.386+0500] {processor.py:829} INFO - Processing file /usr/local/lib/python3.10/dist-packages/airflow/example_dags/example_sla_dag.py for tasks to queue
[2023-11-20T21:20:07.389+0500] {logging_mixin.py:154} INFO - [2023-11-20T21:20:07.388+0500] {dagbag.py:536} INFO - Filling up the DagBag from /usr/local/lib/python3.10/dist-packages/airflow/example_dags/example_sla_dag.py
[2023-11-20T21:20:07.422+0500] {processor.py:839} INFO - DAG(s) dict_keys(['example_sla_dag']) retrieved from /usr/local/lib/python3.10/dist-packages/airflow/example_dags/example_sla_dag.py
[2023-11-20T21:20:07.524+0500] {logging_mixin.py:154} INFO - [2023-11-20T21:20:07.523+0500] {dag.py:2941} INFO - Sync 1 DAGs
[2023-11-20T21:20:07.645+0500] {logging_mixin.py:154} INFO - [2023-11-20T21:20:07.644+0500] {dag.py:3722} INFO - Setting next_dagrun for example_sla_dag to 2023-11-20T16:18:00+00:00, run_after=2023-11-20T16:20:00+00:00
[2023-11-20T21:20:07.723+0500] {processor.py:179} INFO - Processing /usr/local/lib/python3.10/dist-packages/airflow/example_dags/example_sla_dag.py took 0.353 seconds
[2023-11-20T21:20:38.736+0500] {processor.py:157} INFO - Started process (PID=32663) to work on /usr/local/lib/python3.10/dist-packages/airflow/example_dags/example_sla_dag.py
[2023-11-20T21:20:38.739+0500] {processor.py:829} INFO - Processing file /usr/local/lib/python3.10/dist-packages/airflow/example_dags/example_sla_dag.py for tasks to queue
[2023-11-20T21:20:38.742+0500] {logging_mixin.py:154} INFO - [2023-11-20T21:20:38.741+0500] {dagbag.py:536} INFO - Filling up the DagBag from /usr/local/lib/python3.10/dist-packages/airflow/example_dags/example_sla_dag.py
[2023-11-20T21:20:38.781+0500] {processor.py:839} INFO - DAG(s) dict_keys(['example_sla_dag']) retrieved from /usr/local/lib/python3.10/dist-packages/airflow/example_dags/example_sla_dag.py
[2023-11-20T21:20:38.897+0500] {logging_mixin.py:154} INFO - [2023-11-20T21:20:38.897+0500] {dag.py:2941} INFO - Sync 1 DAGs
[2023-11-20T21:20:39.039+0500] {logging_mixin.py:154} INFO - [2023-11-20T21:20:39.038+0500] {dag.py:3722} INFO - Setting next_dagrun for example_sla_dag to 2023-11-20T16:18:00+00:00, run_after=2023-11-20T16:20:00+00:00
[2023-11-20T21:20:39.132+0500] {processor.py:179} INFO - Processing /usr/local/lib/python3.10/dist-packages/airflow/example_dags/example_sla_dag.py took 0.410 seconds
[2023-11-20T21:21:32.757+0500] {processor.py:157} INFO - Started process (PID=32977) to work on /usr/local/lib/python3.10/dist-packages/airflow/example_dags/example_sla_dag.py
[2023-11-20T21:21:32.772+0500] {processor.py:829} INFO - Processing file /usr/local/lib/python3.10/dist-packages/airflow/example_dags/example_sla_dag.py for tasks to queue
[2023-11-20T21:21:32.778+0500] {logging_mixin.py:154} INFO - [2023-11-20T21:21:32.776+0500] {dagbag.py:536} INFO - Filling up the DagBag from /usr/local/lib/python3.10/dist-packages/airflow/example_dags/example_sla_dag.py
[2023-11-20T21:21:32.842+0500] {processor.py:839} INFO - DAG(s) dict_keys(['example_sla_dag']) retrieved from /usr/local/lib/python3.10/dist-packages/airflow/example_dags/example_sla_dag.py
[2023-11-20T21:21:32.950+0500] {logging_mixin.py:154} INFO - [2023-11-20T21:21:32.949+0500] {dag.py:2941} INFO - Sync 1 DAGs
[2023-11-20T21:21:33.083+0500] {logging_mixin.py:154} INFO - [2023-11-20T21:21:33.082+0500] {dag.py:3722} INFO - Setting next_dagrun for example_sla_dag to 2023-11-20T16:18:00+00:00, run_after=2023-11-20T16:20:00+00:00
[2023-11-20T21:21:33.212+0500] {processor.py:179} INFO - Processing /usr/local/lib/python3.10/dist-packages/airflow/example_dags/example_sla_dag.py took 0.469 seconds
[2023-11-20T21:22:07.847+0500] {processor.py:157} INFO - Started process (PID=33131) to work on /usr/local/lib/python3.10/dist-packages/airflow/example_dags/example_sla_dag.py
[2023-11-20T21:22:07.850+0500] {processor.py:829} INFO - Processing file /usr/local/lib/python3.10/dist-packages/airflow/example_dags/example_sla_dag.py for tasks to queue
[2023-11-20T21:22:07.854+0500] {logging_mixin.py:154} INFO - [2023-11-20T21:22:07.853+0500] {dagbag.py:536} INFO - Filling up the DagBag from /usr/local/lib/python3.10/dist-packages/airflow/example_dags/example_sla_dag.py
[2023-11-20T21:22:07.913+0500] {processor.py:839} INFO - DAG(s) dict_keys(['example_sla_dag']) retrieved from /usr/local/lib/python3.10/dist-packages/airflow/example_dags/example_sla_dag.py
[2023-11-20T21:22:08.045+0500] {logging_mixin.py:154} INFO - [2023-11-20T21:22:08.044+0500] {dag.py:2941} INFO - Sync 1 DAGs
[2023-11-20T21:22:08.195+0500] {logging_mixin.py:154} INFO - [2023-11-20T21:22:08.194+0500] {dag.py:3722} INFO - Setting next_dagrun for example_sla_dag to 2023-11-20T16:20:00+00:00, run_after=2023-11-20T16:22:00+00:00
[2023-11-20T21:22:08.323+0500] {processor.py:179} INFO - Processing /usr/local/lib/python3.10/dist-packages/airflow/example_dags/example_sla_dag.py took 0.490 seconds
[2023-11-20T21:22:39.468+0500] {processor.py:157} INFO - Started process (PID=33235) to work on /usr/local/lib/python3.10/dist-packages/airflow/example_dags/example_sla_dag.py
[2023-11-20T21:22:39.471+0500] {processor.py:829} INFO - Processing file /usr/local/lib/python3.10/dist-packages/airflow/example_dags/example_sla_dag.py for tasks to queue
[2023-11-20T21:22:39.477+0500] {logging_mixin.py:154} INFO - [2023-11-20T21:22:39.476+0500] {dagbag.py:536} INFO - Filling up the DagBag from /usr/local/lib/python3.10/dist-packages/airflow/example_dags/example_sla_dag.py
[2023-11-20T21:22:39.555+0500] {processor.py:839} INFO - DAG(s) dict_keys(['example_sla_dag']) retrieved from /usr/local/lib/python3.10/dist-packages/airflow/example_dags/example_sla_dag.py
[2023-11-20T21:22:39.693+0500] {logging_mixin.py:154} INFO - [2023-11-20T21:22:39.692+0500] {dag.py:2941} INFO - Sync 1 DAGs
[2023-11-20T21:22:39.830+0500] {logging_mixin.py:154} INFO - [2023-11-20T21:22:39.829+0500] {dag.py:3722} INFO - Setting next_dagrun for example_sla_dag to 2023-11-20T16:20:00+00:00, run_after=2023-11-20T16:22:00+00:00
[2023-11-20T21:22:39.947+0500] {processor.py:179} INFO - Processing /usr/local/lib/python3.10/dist-packages/airflow/example_dags/example_sla_dag.py took 0.499 seconds
[2023-11-20T21:23:10.388+0500] {processor.py:157} INFO - Started process (PID=33405) to work on /usr/local/lib/python3.10/dist-packages/airflow/example_dags/example_sla_dag.py
[2023-11-20T21:23:10.391+0500] {processor.py:829} INFO - Processing file /usr/local/lib/python3.10/dist-packages/airflow/example_dags/example_sla_dag.py for tasks to queue
[2023-11-20T21:23:10.395+0500] {logging_mixin.py:154} INFO - [2023-11-20T21:23:10.393+0500] {dagbag.py:536} INFO - Filling up the DagBag from /usr/local/lib/python3.10/dist-packages/airflow/example_dags/example_sla_dag.py
[2023-11-20T21:23:10.438+0500] {processor.py:839} INFO - DAG(s) dict_keys(['example_sla_dag']) retrieved from /usr/local/lib/python3.10/dist-packages/airflow/example_dags/example_sla_dag.py
[2023-11-20T21:23:10.543+0500] {logging_mixin.py:154} INFO - [2023-11-20T21:23:10.542+0500] {dag.py:2941} INFO - Sync 1 DAGs
[2023-11-20T21:23:10.676+0500] {logging_mixin.py:154} INFO - [2023-11-20T21:23:10.675+0500] {dag.py:3722} INFO - Setting next_dagrun for example_sla_dag to 2023-11-20T16:20:00+00:00, run_after=2023-11-20T16:22:00+00:00
[2023-11-20T21:23:10.762+0500] {processor.py:179} INFO - Processing /usr/local/lib/python3.10/dist-packages/airflow/example_dags/example_sla_dag.py took 0.388 seconds
[2023-11-20T21:23:40.881+0500] {processor.py:157} INFO - Started process (PID=33512) to work on /usr/local/lib/python3.10/dist-packages/airflow/example_dags/example_sla_dag.py
[2023-11-20T21:23:40.884+0500] {processor.py:829} INFO - Processing file /usr/local/lib/python3.10/dist-packages/airflow/example_dags/example_sla_dag.py for tasks to queue
[2023-11-20T21:23:40.888+0500] {logging_mixin.py:154} INFO - [2023-11-20T21:23:40.887+0500] {dagbag.py:536} INFO - Filling up the DagBag from /usr/local/lib/python3.10/dist-packages/airflow/example_dags/example_sla_dag.py
[2023-11-20T21:23:40.925+0500] {processor.py:839} INFO - DAG(s) dict_keys(['example_sla_dag']) retrieved from /usr/local/lib/python3.10/dist-packages/airflow/example_dags/example_sla_dag.py
[2023-11-20T21:23:41.024+0500] {logging_mixin.py:154} INFO - [2023-11-20T21:23:41.023+0500] {dag.py:2941} INFO - Sync 1 DAGs
[2023-11-20T21:23:41.148+0500] {logging_mixin.py:154} INFO - [2023-11-20T21:23:41.147+0500] {dag.py:3722} INFO - Setting next_dagrun for example_sla_dag to 2023-11-20T16:20:00+00:00, run_after=2023-11-20T16:22:00+00:00
[2023-11-20T21:23:41.250+0500] {processor.py:179} INFO - Processing /usr/local/lib/python3.10/dist-packages/airflow/example_dags/example_sla_dag.py took 0.381 seconds
[2023-11-20T21:24:15.114+0500] {processor.py:157} INFO - Started process (PID=33633) to work on /usr/local/lib/python3.10/dist-packages/airflow/example_dags/example_sla_dag.py
[2023-11-20T21:24:15.122+0500] {processor.py:829} INFO - Processing file /usr/local/lib/python3.10/dist-packages/airflow/example_dags/example_sla_dag.py for tasks to queue
[2023-11-20T21:24:15.128+0500] {logging_mixin.py:154} INFO - [2023-11-20T21:24:15.125+0500] {dagbag.py:536} INFO - Filling up the DagBag from /usr/local/lib/python3.10/dist-packages/airflow/example_dags/example_sla_dag.py
[2023-11-20T21:24:15.341+0500] {processor.py:839} INFO - DAG(s) dict_keys(['example_sla_dag']) retrieved from /usr/local/lib/python3.10/dist-packages/airflow/example_dags/example_sla_dag.py
[2023-11-20T21:24:15.690+0500] {logging_mixin.py:154} INFO - [2023-11-20T21:24:15.689+0500] {dag.py:2941} INFO - Sync 1 DAGs
[2023-11-20T21:24:15.992+0500] {logging_mixin.py:154} INFO - [2023-11-20T21:24:15.991+0500] {dag.py:3722} INFO - Setting next_dagrun for example_sla_dag to 2023-11-20T16:22:00+00:00, run_after=2023-11-20T16:24:00+00:00
[2023-11-20T21:24:16.116+0500] {processor.py:179} INFO - Processing /usr/local/lib/python3.10/dist-packages/airflow/example_dags/example_sla_dag.py took 1.064 seconds
[2023-11-20T21:25:02.750+0500] {processor.py:157} INFO - Started process (PID=33763) to work on /usr/local/lib/python3.10/dist-packages/airflow/example_dags/example_sla_dag.py
[2023-11-20T21:25:02.760+0500] {processor.py:829} INFO - Processing file /usr/local/lib/python3.10/dist-packages/airflow/example_dags/example_sla_dag.py for tasks to queue
[2023-11-20T21:25:02.769+0500] {logging_mixin.py:154} INFO - [2023-11-20T21:25:02.764+0500] {dagbag.py:536} INFO - Filling up the DagBag from /usr/local/lib/python3.10/dist-packages/airflow/example_dags/example_sla_dag.py
[2023-11-20T21:25:02.981+0500] {processor.py:839} INFO - DAG(s) dict_keys(['example_sla_dag']) retrieved from /usr/local/lib/python3.10/dist-packages/airflow/example_dags/example_sla_dag.py
[2023-11-20T21:25:03.583+0500] {logging_mixin.py:154} INFO - [2023-11-20T21:25:03.537+0500] {dag.py:2941} INFO - Sync 1 DAGs
[2023-11-20T21:25:04.272+0500] {logging_mixin.py:154} INFO - [2023-11-20T21:25:04.260+0500] {dag.py:3722} INFO - Setting next_dagrun for example_sla_dag to 2023-11-20T16:22:00+00:00, run_after=2023-11-20T16:24:00+00:00
[2023-11-20T21:25:04.746+0500] {processor.py:179} INFO - Processing /usr/local/lib/python3.10/dist-packages/airflow/example_dags/example_sla_dag.py took 2.013 seconds
[2023-11-20T21:25:48.589+0500] {processor.py:157} INFO - Started process (PID=33868) to work on /usr/local/lib/python3.10/dist-packages/airflow/example_dags/example_sla_dag.py
[2023-11-20T21:25:48.612+0500] {processor.py:829} INFO - Processing file /usr/local/lib/python3.10/dist-packages/airflow/example_dags/example_sla_dag.py for tasks to queue
[2023-11-20T21:25:48.631+0500] {logging_mixin.py:154} INFO - [2023-11-20T21:25:48.614+0500] {dagbag.py:536} INFO - Filling up the DagBag from /usr/local/lib/python3.10/dist-packages/airflow/example_dags/example_sla_dag.py
[2023-11-20T21:25:48.786+0500] {processor.py:839} INFO - DAG(s) dict_keys(['example_sla_dag']) retrieved from /usr/local/lib/python3.10/dist-packages/airflow/example_dags/example_sla_dag.py
[2023-11-20T21:25:49.603+0500] {logging_mixin.py:154} INFO - [2023-11-20T21:25:49.572+0500] {dag.py:2941} INFO - Sync 1 DAGs
[2023-11-20T21:25:50.108+0500] {logging_mixin.py:154} INFO - [2023-11-20T21:25:50.107+0500] {dag.py:3722} INFO - Setting next_dagrun for example_sla_dag to 2023-11-20T16:22:00+00:00, run_after=2023-11-20T16:24:00+00:00
[2023-11-20T21:25:50.665+0500] {processor.py:179} INFO - Processing /usr/local/lib/python3.10/dist-packages/airflow/example_dags/example_sla_dag.py took 2.177 seconds
[2023-11-20T21:26:22.492+0500] {processor.py:157} INFO - Started process (PID=34022) to work on /usr/local/lib/python3.10/dist-packages/airflow/example_dags/example_sla_dag.py
[2023-11-20T21:26:22.504+0500] {processor.py:829} INFO - Processing file /usr/local/lib/python3.10/dist-packages/airflow/example_dags/example_sla_dag.py for tasks to queue
[2023-11-20T21:26:22.508+0500] {logging_mixin.py:154} INFO - [2023-11-20T21:26:22.507+0500] {dagbag.py:536} INFO - Filling up the DagBag from /usr/local/lib/python3.10/dist-packages/airflow/example_dags/example_sla_dag.py
[2023-11-20T21:26:22.642+0500] {processor.py:839} INFO - DAG(s) dict_keys(['example_sla_dag']) retrieved from /usr/local/lib/python3.10/dist-packages/airflow/example_dags/example_sla_dag.py
[2023-11-20T21:26:23.104+0500] {logging_mixin.py:154} INFO - [2023-11-20T21:26:23.103+0500] {dag.py:2941} INFO - Sync 1 DAGs
[2023-11-20T21:26:23.712+0500] {logging_mixin.py:154} INFO - [2023-11-20T21:26:23.699+0500] {dag.py:3722} INFO - Setting next_dagrun for example_sla_dag to 2023-11-20T16:24:00+00:00, run_after=2023-11-20T16:26:00+00:00
[2023-11-20T21:26:24.003+0500] {processor.py:179} INFO - Processing /usr/local/lib/python3.10/dist-packages/airflow/example_dags/example_sla_dag.py took 1.524 seconds
[2023-11-20T21:28:29.029+0500] {processor.py:157} INFO - Started process (PID=34280) to work on /usr/local/lib/python3.10/dist-packages/airflow/example_dags/example_sla_dag.py
[2023-11-20T21:28:29.033+0500] {processor.py:829} INFO - Processing file /usr/local/lib/python3.10/dist-packages/airflow/example_dags/example_sla_dag.py for tasks to queue
[2023-11-20T21:28:29.038+0500] {logging_mixin.py:154} INFO - [2023-11-20T21:28:29.037+0500] {dagbag.py:536} INFO - Filling up the DagBag from /usr/local/lib/python3.10/dist-packages/airflow/example_dags/example_sla_dag.py
[2023-11-20T21:28:29.149+0500] {processor.py:839} INFO - DAG(s) dict_keys(['example_sla_dag']) retrieved from /usr/local/lib/python3.10/dist-packages/airflow/example_dags/example_sla_dag.py
[2023-11-20T21:28:29.496+0500] {logging_mixin.py:154} INFO - [2023-11-20T21:28:29.495+0500] {dag.py:2941} INFO - Sync 1 DAGs
[2023-11-20T21:28:29.659+0500] {logging_mixin.py:154} INFO - [2023-11-20T21:28:29.658+0500] {dag.py:3722} INFO - Setting next_dagrun for example_sla_dag to 2023-11-20T16:26:00+00:00, run_after=2023-11-20T16:28:00+00:00
[2023-11-20T21:28:29.768+0500] {processor.py:179} INFO - Processing /usr/local/lib/python3.10/dist-packages/airflow/example_dags/example_sla_dag.py took 0.754 seconds
[2023-11-20T21:30:37.557+0500] {processor.py:157} INFO - Started process (PID=34493) to work on /usr/local/lib/python3.10/dist-packages/airflow/example_dags/example_sla_dag.py
[2023-11-20T21:30:37.560+0500] {processor.py:829} INFO - Processing file /usr/local/lib/python3.10/dist-packages/airflow/example_dags/example_sla_dag.py for tasks to queue
[2023-11-20T21:30:37.563+0500] {logging_mixin.py:154} INFO - [2023-11-20T21:30:37.562+0500] {dagbag.py:536} INFO - Filling up the DagBag from /usr/local/lib/python3.10/dist-packages/airflow/example_dags/example_sla_dag.py
[2023-11-20T21:30:37.601+0500] {processor.py:839} INFO - DAG(s) dict_keys(['example_sla_dag']) retrieved from /usr/local/lib/python3.10/dist-packages/airflow/example_dags/example_sla_dag.py
[2023-11-20T21:30:37.710+0500] {logging_mixin.py:154} INFO - [2023-11-20T21:30:37.709+0500] {dag.py:2941} INFO - Sync 1 DAGs
[2023-11-20T21:30:37.849+0500] {logging_mixin.py:154} INFO - [2023-11-20T21:30:37.848+0500] {dag.py:3722} INFO - Setting next_dagrun for example_sla_dag to 2023-11-20T16:28:00+00:00, run_after=2023-11-20T16:30:00+00:00
[2023-11-20T21:30:37.931+0500] {processor.py:179} INFO - Processing /usr/local/lib/python3.10/dist-packages/airflow/example_dags/example_sla_dag.py took 0.386 seconds
