[2023-11-20T21:05:49.742+0500] {processor.py:157} INFO - Started process (PID=27130) to work on /usr/local/lib/python3.10/dist-packages/airflow/example_dags/example_trigger_target_dag.py
[2023-11-20T21:05:49.744+0500] {processor.py:829} INFO - Processing file /usr/local/lib/python3.10/dist-packages/airflow/example_dags/example_trigger_target_dag.py for tasks to queue
[2023-11-20T21:05:49.748+0500] {logging_mixin.py:154} INFO - [2023-11-20T21:05:49.746+0500] {dagbag.py:536} INFO - Filling up the DagBag from /usr/local/lib/python3.10/dist-packages/airflow/example_dags/example_trigger_target_dag.py
[2023-11-20T21:05:49.776+0500] {processor.py:839} INFO - DAG(s) dict_keys(['example_trigger_target_dag']) retrieved from /usr/local/lib/python3.10/dist-packages/airflow/example_dags/example_trigger_target_dag.py
[2023-11-20T21:05:50.271+0500] {logging_mixin.py:154} INFO - [2023-11-20T21:05:50.270+0500] {manager.py:499} INFO - Created Permission View: %s
[2023-11-20T21:05:50.317+0500] {logging_mixin.py:154} INFO - [2023-11-20T21:05:50.316+0500] {manager.py:499} INFO - Created Permission View: %s
[2023-11-20T21:05:50.347+0500] {logging_mixin.py:154} INFO - [2023-11-20T21:05:50.346+0500] {manager.py:499} INFO - Created Permission View: %s
[2023-11-20T21:05:50.349+0500] {logging_mixin.py:154} INFO - [2023-11-20T21:05:50.348+0500] {dag.py:2941} INFO - Sync 1 DAGs
[2023-11-20T21:05:50.415+0500] {logging_mixin.py:154} INFO - [2023-11-20T21:05:50.414+0500] {dag.py:2963} INFO - Creating ORM DAG for example_trigger_target_dag
[2023-11-20T21:05:50.418+0500] {logging_mixin.py:154} INFO - [2023-11-20T21:05:50.417+0500] {dag.py:3722} INFO - Setting next_dagrun for example_trigger_target_dag to None, run_after=None
[2023-11-20T21:05:50.490+0500] {processor.py:179} INFO - Processing /usr/local/lib/python3.10/dist-packages/airflow/example_dags/example_trigger_target_dag.py took 0.760 seconds
[2023-11-20T21:06:20.637+0500] {processor.py:157} INFO - Started process (PID=27261) to work on /usr/local/lib/python3.10/dist-packages/airflow/example_dags/example_trigger_target_dag.py
[2023-11-20T21:06:20.641+0500] {processor.py:829} INFO - Processing file /usr/local/lib/python3.10/dist-packages/airflow/example_dags/example_trigger_target_dag.py for tasks to queue
[2023-11-20T21:06:20.644+0500] {logging_mixin.py:154} INFO - [2023-11-20T21:06:20.643+0500] {dagbag.py:536} INFO - Filling up the DagBag from /usr/local/lib/python3.10/dist-packages/airflow/example_dags/example_trigger_target_dag.py
[2023-11-20T21:06:20.668+0500] {processor.py:839} INFO - DAG(s) dict_keys(['example_trigger_target_dag']) retrieved from /usr/local/lib/python3.10/dist-packages/airflow/example_dags/example_trigger_target_dag.py
[2023-11-20T21:06:20.771+0500] {logging_mixin.py:154} INFO - [2023-11-20T21:06:20.770+0500] {dag.py:2941} INFO - Sync 1 DAGs
[2023-11-20T21:06:20.832+0500] {logging_mixin.py:154} INFO - [2023-11-20T21:06:20.832+0500] {dag.py:3722} INFO - Setting next_dagrun for example_trigger_target_dag to None, run_after=None
[2023-11-20T21:06:20.916+0500] {processor.py:179} INFO - Processing /usr/local/lib/python3.10/dist-packages/airflow/example_dags/example_trigger_target_dag.py took 0.291 seconds
[2023-11-20T21:06:51.828+0500] {processor.py:157} INFO - Started process (PID=27710) to work on /usr/local/lib/python3.10/dist-packages/airflow/example_dags/example_trigger_target_dag.py
[2023-11-20T21:06:51.831+0500] {processor.py:829} INFO - Processing file /usr/local/lib/python3.10/dist-packages/airflow/example_dags/example_trigger_target_dag.py for tasks to queue
[2023-11-20T21:06:51.834+0500] {logging_mixin.py:154} INFO - [2023-11-20T21:06:51.833+0500] {dagbag.py:536} INFO - Filling up the DagBag from /usr/local/lib/python3.10/dist-packages/airflow/example_dags/example_trigger_target_dag.py
[2023-11-20T21:06:51.857+0500] {processor.py:839} INFO - DAG(s) dict_keys(['example_trigger_target_dag']) retrieved from /usr/local/lib/python3.10/dist-packages/airflow/example_dags/example_trigger_target_dag.py
[2023-11-20T21:06:51.965+0500] {logging_mixin.py:154} INFO - [2023-11-20T21:06:51.964+0500] {dag.py:2941} INFO - Sync 1 DAGs
[2023-11-20T21:06:52.103+0500] {logging_mixin.py:154} INFO - [2023-11-20T21:06:52.103+0500] {dag.py:3722} INFO - Setting next_dagrun for example_trigger_target_dag to None, run_after=None
[2023-11-20T21:06:52.189+0500] {processor.py:179} INFO - Processing /usr/local/lib/python3.10/dist-packages/airflow/example_dags/example_trigger_target_dag.py took 0.374 seconds
[2023-11-20T21:07:22.841+0500] {processor.py:157} INFO - Started process (PID=27959) to work on /usr/local/lib/python3.10/dist-packages/airflow/example_dags/example_trigger_target_dag.py
[2023-11-20T21:07:22.845+0500] {processor.py:829} INFO - Processing file /usr/local/lib/python3.10/dist-packages/airflow/example_dags/example_trigger_target_dag.py for tasks to queue
[2023-11-20T21:07:22.848+0500] {logging_mixin.py:154} INFO - [2023-11-20T21:07:22.847+0500] {dagbag.py:536} INFO - Filling up the DagBag from /usr/local/lib/python3.10/dist-packages/airflow/example_dags/example_trigger_target_dag.py
[2023-11-20T21:07:22.876+0500] {processor.py:839} INFO - DAG(s) dict_keys(['example_trigger_target_dag']) retrieved from /usr/local/lib/python3.10/dist-packages/airflow/example_dags/example_trigger_target_dag.py
[2023-11-20T21:07:23.081+0500] {logging_mixin.py:154} INFO - [2023-11-20T21:07:23.077+0500] {dag.py:2941} INFO - Sync 1 DAGs
[2023-11-20T21:07:23.278+0500] {logging_mixin.py:154} INFO - [2023-11-20T21:07:23.271+0500] {dag.py:3722} INFO - Setting next_dagrun for example_trigger_target_dag to None, run_after=None
[2023-11-20T21:07:23.476+0500] {processor.py:179} INFO - Processing /usr/local/lib/python3.10/dist-packages/airflow/example_dags/example_trigger_target_dag.py took 0.656 seconds
[2023-11-20T21:07:54.135+0500] {processor.py:157} INFO - Started process (PID=28162) to work on /usr/local/lib/python3.10/dist-packages/airflow/example_dags/example_trigger_target_dag.py
[2023-11-20T21:07:54.139+0500] {processor.py:829} INFO - Processing file /usr/local/lib/python3.10/dist-packages/airflow/example_dags/example_trigger_target_dag.py for tasks to queue
[2023-11-20T21:07:54.143+0500] {logging_mixin.py:154} INFO - [2023-11-20T21:07:54.141+0500] {dagbag.py:536} INFO - Filling up the DagBag from /usr/local/lib/python3.10/dist-packages/airflow/example_dags/example_trigger_target_dag.py
[2023-11-20T21:07:54.178+0500] {processor.py:839} INFO - DAG(s) dict_keys(['example_trigger_target_dag']) retrieved from /usr/local/lib/python3.10/dist-packages/airflow/example_dags/example_trigger_target_dag.py
[2023-11-20T21:07:54.286+0500] {logging_mixin.py:154} INFO - [2023-11-20T21:07:54.285+0500] {dag.py:2941} INFO - Sync 1 DAGs
[2023-11-20T21:07:54.349+0500] {logging_mixin.py:154} INFO - [2023-11-20T21:07:54.349+0500] {dag.py:3722} INFO - Setting next_dagrun for example_trigger_target_dag to None, run_after=None
[2023-11-20T21:07:54.461+0500] {processor.py:179} INFO - Processing /usr/local/lib/python3.10/dist-packages/airflow/example_dags/example_trigger_target_dag.py took 0.340 seconds
[2023-11-20T21:08:24.801+0500] {processor.py:157} INFO - Started process (PID=28397) to work on /usr/local/lib/python3.10/dist-packages/airflow/example_dags/example_trigger_target_dag.py
[2023-11-20T21:08:24.812+0500] {processor.py:829} INFO - Processing file /usr/local/lib/python3.10/dist-packages/airflow/example_dags/example_trigger_target_dag.py for tasks to queue
[2023-11-20T21:08:24.815+0500] {logging_mixin.py:154} INFO - [2023-11-20T21:08:24.814+0500] {dagbag.py:536} INFO - Filling up the DagBag from /usr/local/lib/python3.10/dist-packages/airflow/example_dags/example_trigger_target_dag.py
[2023-11-20T21:08:24.872+0500] {processor.py:839} INFO - DAG(s) dict_keys(['example_trigger_target_dag']) retrieved from /usr/local/lib/python3.10/dist-packages/airflow/example_dags/example_trigger_target_dag.py
[2023-11-20T21:08:25.013+0500] {logging_mixin.py:154} INFO - [2023-11-20T21:08:25.009+0500] {dag.py:2941} INFO - Sync 1 DAGs
[2023-11-20T21:08:25.082+0500] {logging_mixin.py:154} INFO - [2023-11-20T21:08:25.081+0500] {dag.py:3722} INFO - Setting next_dagrun for example_trigger_target_dag to None, run_after=None
[2023-11-20T21:08:25.163+0500] {processor.py:179} INFO - Processing /usr/local/lib/python3.10/dist-packages/airflow/example_dags/example_trigger_target_dag.py took 0.373 seconds
[2023-11-20T21:08:55.358+0500] {processor.py:157} INFO - Started process (PID=28588) to work on /usr/local/lib/python3.10/dist-packages/airflow/example_dags/example_trigger_target_dag.py
[2023-11-20T21:08:55.360+0500] {processor.py:829} INFO - Processing file /usr/local/lib/python3.10/dist-packages/airflow/example_dags/example_trigger_target_dag.py for tasks to queue
[2023-11-20T21:08:55.366+0500] {logging_mixin.py:154} INFO - [2023-11-20T21:08:55.364+0500] {dagbag.py:536} INFO - Filling up the DagBag from /usr/local/lib/python3.10/dist-packages/airflow/example_dags/example_trigger_target_dag.py
[2023-11-20T21:08:55.386+0500] {processor.py:839} INFO - DAG(s) dict_keys(['example_trigger_target_dag']) retrieved from /usr/local/lib/python3.10/dist-packages/airflow/example_dags/example_trigger_target_dag.py
[2023-11-20T21:08:55.486+0500] {logging_mixin.py:154} INFO - [2023-11-20T21:08:55.485+0500] {dag.py:2941} INFO - Sync 1 DAGs
[2023-11-20T21:08:55.545+0500] {logging_mixin.py:154} INFO - [2023-11-20T21:08:55.544+0500] {dag.py:3722} INFO - Setting next_dagrun for example_trigger_target_dag to None, run_after=None
[2023-11-20T21:08:55.628+0500] {processor.py:179} INFO - Processing /usr/local/lib/python3.10/dist-packages/airflow/example_dags/example_trigger_target_dag.py took 0.283 seconds
[2023-11-20T21:09:26.347+0500] {processor.py:157} INFO - Started process (PID=28790) to work on /usr/local/lib/python3.10/dist-packages/airflow/example_dags/example_trigger_target_dag.py
[2023-11-20T21:09:26.350+0500] {processor.py:829} INFO - Processing file /usr/local/lib/python3.10/dist-packages/airflow/example_dags/example_trigger_target_dag.py for tasks to queue
[2023-11-20T21:09:26.354+0500] {logging_mixin.py:154} INFO - [2023-11-20T21:09:26.353+0500] {dagbag.py:536} INFO - Filling up the DagBag from /usr/local/lib/python3.10/dist-packages/airflow/example_dags/example_trigger_target_dag.py
[2023-11-20T21:09:26.379+0500] {processor.py:839} INFO - DAG(s) dict_keys(['example_trigger_target_dag']) retrieved from /usr/local/lib/python3.10/dist-packages/airflow/example_dags/example_trigger_target_dag.py
[2023-11-20T21:09:26.485+0500] {logging_mixin.py:154} INFO - [2023-11-20T21:09:26.485+0500] {dag.py:2941} INFO - Sync 1 DAGs
[2023-11-20T21:09:26.551+0500] {logging_mixin.py:154} INFO - [2023-11-20T21:09:26.550+0500] {dag.py:3722} INFO - Setting next_dagrun for example_trigger_target_dag to None, run_after=None
[2023-11-20T21:09:26.638+0500] {processor.py:179} INFO - Processing /usr/local/lib/python3.10/dist-packages/airflow/example_dags/example_trigger_target_dag.py took 0.304 seconds
[2023-11-20T21:09:59.137+0500] {processor.py:157} INFO - Started process (PID=29062) to work on /usr/local/lib/python3.10/dist-packages/airflow/example_dags/example_trigger_target_dag.py
[2023-11-20T21:09:59.148+0500] {processor.py:829} INFO - Processing file /usr/local/lib/python3.10/dist-packages/airflow/example_dags/example_trigger_target_dag.py for tasks to queue
[2023-11-20T21:09:59.156+0500] {logging_mixin.py:154} INFO - [2023-11-20T21:09:59.155+0500] {dagbag.py:536} INFO - Filling up the DagBag from /usr/local/lib/python3.10/dist-packages/airflow/example_dags/example_trigger_target_dag.py
[2023-11-20T21:09:59.231+0500] {processor.py:839} INFO - DAG(s) dict_keys(['example_trigger_target_dag']) retrieved from /usr/local/lib/python3.10/dist-packages/airflow/example_dags/example_trigger_target_dag.py
[2023-11-20T21:09:59.536+0500] {logging_mixin.py:154} INFO - [2023-11-20T21:09:59.535+0500] {dag.py:2941} INFO - Sync 1 DAGs
[2023-11-20T21:09:59.634+0500] {logging_mixin.py:154} INFO - [2023-11-20T21:09:59.633+0500] {dag.py:3722} INFO - Setting next_dagrun for example_trigger_target_dag to None, run_after=None
[2023-11-20T21:09:59.770+0500] {processor.py:179} INFO - Processing /usr/local/lib/python3.10/dist-packages/airflow/example_dags/example_trigger_target_dag.py took 0.646 seconds
[2023-11-20T21:10:30.787+0500] {processor.py:157} INFO - Started process (PID=29324) to work on /usr/local/lib/python3.10/dist-packages/airflow/example_dags/example_trigger_target_dag.py
[2023-11-20T21:10:30.790+0500] {processor.py:829} INFO - Processing file /usr/local/lib/python3.10/dist-packages/airflow/example_dags/example_trigger_target_dag.py for tasks to queue
[2023-11-20T21:10:30.793+0500] {logging_mixin.py:154} INFO - [2023-11-20T21:10:30.792+0500] {dagbag.py:536} INFO - Filling up the DagBag from /usr/local/lib/python3.10/dist-packages/airflow/example_dags/example_trigger_target_dag.py
[2023-11-20T21:10:30.815+0500] {processor.py:839} INFO - DAG(s) dict_keys(['example_trigger_target_dag']) retrieved from /usr/local/lib/python3.10/dist-packages/airflow/example_dags/example_trigger_target_dag.py
[2023-11-20T21:10:30.919+0500] {logging_mixin.py:154} INFO - [2023-11-20T21:10:30.918+0500] {dag.py:2941} INFO - Sync 1 DAGs
[2023-11-20T21:10:30.979+0500] {logging_mixin.py:154} INFO - [2023-11-20T21:10:30.978+0500] {dag.py:3722} INFO - Setting next_dagrun for example_trigger_target_dag to None, run_after=None
[2023-11-20T21:10:31.084+0500] {processor.py:179} INFO - Processing /usr/local/lib/python3.10/dist-packages/airflow/example_dags/example_trigger_target_dag.py took 0.310 seconds
[2023-11-20T21:11:02.222+0500] {processor.py:157} INFO - Started process (PID=29482) to work on /usr/local/lib/python3.10/dist-packages/airflow/example_dags/example_trigger_target_dag.py
[2023-11-20T21:11:02.225+0500] {processor.py:829} INFO - Processing file /usr/local/lib/python3.10/dist-packages/airflow/example_dags/example_trigger_target_dag.py for tasks to queue
[2023-11-20T21:11:02.228+0500] {logging_mixin.py:154} INFO - [2023-11-20T21:11:02.227+0500] {dagbag.py:536} INFO - Filling up the DagBag from /usr/local/lib/python3.10/dist-packages/airflow/example_dags/example_trigger_target_dag.py
[2023-11-20T21:11:02.252+0500] {processor.py:839} INFO - DAG(s) dict_keys(['example_trigger_target_dag']) retrieved from /usr/local/lib/python3.10/dist-packages/airflow/example_dags/example_trigger_target_dag.py
[2023-11-20T21:11:02.353+0500] {logging_mixin.py:154} INFO - [2023-11-20T21:11:02.352+0500] {dag.py:2941} INFO - Sync 1 DAGs
[2023-11-20T21:11:02.411+0500] {logging_mixin.py:154} INFO - [2023-11-20T21:11:02.410+0500] {dag.py:3722} INFO - Setting next_dagrun for example_trigger_target_dag to None, run_after=None
[2023-11-20T21:11:02.498+0500] {processor.py:179} INFO - Processing /usr/local/lib/python3.10/dist-packages/airflow/example_dags/example_trigger_target_dag.py took 0.289 seconds
[2023-11-20T21:11:34.741+0500] {processor.py:157} INFO - Started process (PID=29583) to work on /usr/local/lib/python3.10/dist-packages/airflow/example_dags/example_trigger_target_dag.py
[2023-11-20T21:11:34.745+0500] {processor.py:829} INFO - Processing file /usr/local/lib/python3.10/dist-packages/airflow/example_dags/example_trigger_target_dag.py for tasks to queue
[2023-11-20T21:11:34.756+0500] {logging_mixin.py:154} INFO - [2023-11-20T21:11:34.753+0500] {dagbag.py:536} INFO - Filling up the DagBag from /usr/local/lib/python3.10/dist-packages/airflow/example_dags/example_trigger_target_dag.py
[2023-11-20T21:11:34.783+0500] {processor.py:839} INFO - DAG(s) dict_keys(['example_trigger_target_dag']) retrieved from /usr/local/lib/python3.10/dist-packages/airflow/example_dags/example_trigger_target_dag.py
[2023-11-20T21:11:34.892+0500] {logging_mixin.py:154} INFO - [2023-11-20T21:11:34.891+0500] {dag.py:2941} INFO - Sync 1 DAGs
[2023-11-20T21:11:34.949+0500] {logging_mixin.py:154} INFO - [2023-11-20T21:11:34.948+0500] {dag.py:3722} INFO - Setting next_dagrun for example_trigger_target_dag to None, run_after=None
[2023-11-20T21:11:35.031+0500] {processor.py:179} INFO - Processing /usr/local/lib/python3.10/dist-packages/airflow/example_dags/example_trigger_target_dag.py took 0.304 seconds
[2023-11-20T21:12:06.753+0500] {processor.py:157} INFO - Started process (PID=29823) to work on /usr/local/lib/python3.10/dist-packages/airflow/example_dags/example_trigger_target_dag.py
[2023-11-20T21:12:06.756+0500] {processor.py:829} INFO - Processing file /usr/local/lib/python3.10/dist-packages/airflow/example_dags/example_trigger_target_dag.py for tasks to queue
[2023-11-20T21:12:06.759+0500] {logging_mixin.py:154} INFO - [2023-11-20T21:12:06.758+0500] {dagbag.py:536} INFO - Filling up the DagBag from /usr/local/lib/python3.10/dist-packages/airflow/example_dags/example_trigger_target_dag.py
[2023-11-20T21:12:06.780+0500] {processor.py:839} INFO - DAG(s) dict_keys(['example_trigger_target_dag']) retrieved from /usr/local/lib/python3.10/dist-packages/airflow/example_dags/example_trigger_target_dag.py
[2023-11-20T21:12:06.881+0500] {logging_mixin.py:154} INFO - [2023-11-20T21:12:06.880+0500] {dag.py:2941} INFO - Sync 1 DAGs
[2023-11-20T21:12:06.935+0500] {logging_mixin.py:154} INFO - [2023-11-20T21:12:06.934+0500] {dag.py:3722} INFO - Setting next_dagrun for example_trigger_target_dag to None, run_after=None
[2023-11-20T21:12:07.017+0500] {processor.py:179} INFO - Processing /usr/local/lib/python3.10/dist-packages/airflow/example_dags/example_trigger_target_dag.py took 0.275 seconds
[2023-11-20T21:12:38.650+0500] {processor.py:157} INFO - Started process (PID=30043) to work on /usr/local/lib/python3.10/dist-packages/airflow/example_dags/example_trigger_target_dag.py
[2023-11-20T21:12:38.653+0500] {processor.py:829} INFO - Processing file /usr/local/lib/python3.10/dist-packages/airflow/example_dags/example_trigger_target_dag.py for tasks to queue
[2023-11-20T21:12:38.656+0500] {logging_mixin.py:154} INFO - [2023-11-20T21:12:38.655+0500] {dagbag.py:536} INFO - Filling up the DagBag from /usr/local/lib/python3.10/dist-packages/airflow/example_dags/example_trigger_target_dag.py
[2023-11-20T21:12:38.676+0500] {processor.py:839} INFO - DAG(s) dict_keys(['example_trigger_target_dag']) retrieved from /usr/local/lib/python3.10/dist-packages/airflow/example_dags/example_trigger_target_dag.py
[2023-11-20T21:12:38.776+0500] {logging_mixin.py:154} INFO - [2023-11-20T21:12:38.775+0500] {dag.py:2941} INFO - Sync 1 DAGs
[2023-11-20T21:12:38.837+0500] {logging_mixin.py:154} INFO - [2023-11-20T21:12:38.837+0500] {dag.py:3722} INFO - Setting next_dagrun for example_trigger_target_dag to None, run_after=None
[2023-11-20T21:12:38.917+0500] {processor.py:179} INFO - Processing /usr/local/lib/python3.10/dist-packages/airflow/example_dags/example_trigger_target_dag.py took 0.279 seconds
[2023-11-20T21:13:09.316+0500] {processor.py:157} INFO - Started process (PID=30156) to work on /usr/local/lib/python3.10/dist-packages/airflow/example_dags/example_trigger_target_dag.py
[2023-11-20T21:13:09.319+0500] {processor.py:829} INFO - Processing file /usr/local/lib/python3.10/dist-packages/airflow/example_dags/example_trigger_target_dag.py for tasks to queue
[2023-11-20T21:13:09.322+0500] {logging_mixin.py:154} INFO - [2023-11-20T21:13:09.321+0500] {dagbag.py:536} INFO - Filling up the DagBag from /usr/local/lib/python3.10/dist-packages/airflow/example_dags/example_trigger_target_dag.py
[2023-11-20T21:13:09.347+0500] {processor.py:839} INFO - DAG(s) dict_keys(['example_trigger_target_dag']) retrieved from /usr/local/lib/python3.10/dist-packages/airflow/example_dags/example_trigger_target_dag.py
[2023-11-20T21:13:09.482+0500] {logging_mixin.py:154} INFO - [2023-11-20T21:13:09.481+0500] {dag.py:2941} INFO - Sync 1 DAGs
[2023-11-20T21:13:09.552+0500] {logging_mixin.py:154} INFO - [2023-11-20T21:13:09.551+0500] {dag.py:3722} INFO - Setting next_dagrun for example_trigger_target_dag to None, run_after=None
[2023-11-20T21:13:09.741+0500] {processor.py:179} INFO - Processing /usr/local/lib/python3.10/dist-packages/airflow/example_dags/example_trigger_target_dag.py took 0.441 seconds
[2023-11-20T21:13:40.088+0500] {processor.py:157} INFO - Started process (PID=30318) to work on /usr/local/lib/python3.10/dist-packages/airflow/example_dags/example_trigger_target_dag.py
[2023-11-20T21:13:40.091+0500] {processor.py:829} INFO - Processing file /usr/local/lib/python3.10/dist-packages/airflow/example_dags/example_trigger_target_dag.py for tasks to queue
[2023-11-20T21:13:40.094+0500] {logging_mixin.py:154} INFO - [2023-11-20T21:13:40.093+0500] {dagbag.py:536} INFO - Filling up the DagBag from /usr/local/lib/python3.10/dist-packages/airflow/example_dags/example_trigger_target_dag.py
[2023-11-20T21:13:40.117+0500] {processor.py:839} INFO - DAG(s) dict_keys(['example_trigger_target_dag']) retrieved from /usr/local/lib/python3.10/dist-packages/airflow/example_dags/example_trigger_target_dag.py
[2023-11-20T21:13:40.218+0500] {logging_mixin.py:154} INFO - [2023-11-20T21:13:40.218+0500] {dag.py:2941} INFO - Sync 1 DAGs
[2023-11-20T21:13:40.276+0500] {logging_mixin.py:154} INFO - [2023-11-20T21:13:40.276+0500] {dag.py:3722} INFO - Setting next_dagrun for example_trigger_target_dag to None, run_after=None
[2023-11-20T21:13:40.394+0500] {processor.py:179} INFO - Processing /usr/local/lib/python3.10/dist-packages/airflow/example_dags/example_trigger_target_dag.py took 0.319 seconds
[2023-11-20T21:14:10.754+0500] {processor.py:157} INFO - Started process (PID=30416) to work on /usr/local/lib/python3.10/dist-packages/airflow/example_dags/example_trigger_target_dag.py
[2023-11-20T21:14:10.757+0500] {processor.py:829} INFO - Processing file /usr/local/lib/python3.10/dist-packages/airflow/example_dags/example_trigger_target_dag.py for tasks to queue
[2023-11-20T21:14:10.760+0500] {logging_mixin.py:154} INFO - [2023-11-20T21:14:10.759+0500] {dagbag.py:536} INFO - Filling up the DagBag from /usr/local/lib/python3.10/dist-packages/airflow/example_dags/example_trigger_target_dag.py
[2023-11-20T21:14:10.783+0500] {processor.py:839} INFO - DAG(s) dict_keys(['example_trigger_target_dag']) retrieved from /usr/local/lib/python3.10/dist-packages/airflow/example_dags/example_trigger_target_dag.py
[2023-11-20T21:14:10.900+0500] {logging_mixin.py:154} INFO - [2023-11-20T21:14:10.899+0500] {dag.py:2941} INFO - Sync 1 DAGs
[2023-11-20T21:14:10.970+0500] {logging_mixin.py:154} INFO - [2023-11-20T21:14:10.969+0500] {dag.py:3722} INFO - Setting next_dagrun for example_trigger_target_dag to None, run_after=None
[2023-11-20T21:14:11.062+0500] {processor.py:179} INFO - Processing /usr/local/lib/python3.10/dist-packages/airflow/example_dags/example_trigger_target_dag.py took 0.320 seconds
[2023-11-20T21:14:41.566+0500] {processor.py:157} INFO - Started process (PID=30525) to work on /usr/local/lib/python3.10/dist-packages/airflow/example_dags/example_trigger_target_dag.py
[2023-11-20T21:14:41.569+0500] {processor.py:829} INFO - Processing file /usr/local/lib/python3.10/dist-packages/airflow/example_dags/example_trigger_target_dag.py for tasks to queue
[2023-11-20T21:14:41.572+0500] {logging_mixin.py:154} INFO - [2023-11-20T21:14:41.570+0500] {dagbag.py:536} INFO - Filling up the DagBag from /usr/local/lib/python3.10/dist-packages/airflow/example_dags/example_trigger_target_dag.py
[2023-11-20T21:14:41.592+0500] {processor.py:839} INFO - DAG(s) dict_keys(['example_trigger_target_dag']) retrieved from /usr/local/lib/python3.10/dist-packages/airflow/example_dags/example_trigger_target_dag.py
[2023-11-20T21:14:41.689+0500] {logging_mixin.py:154} INFO - [2023-11-20T21:14:41.689+0500] {dag.py:2941} INFO - Sync 1 DAGs
[2023-11-20T21:14:41.747+0500] {logging_mixin.py:154} INFO - [2023-11-20T21:14:41.746+0500] {dag.py:3722} INFO - Setting next_dagrun for example_trigger_target_dag to None, run_after=None
[2023-11-20T21:14:41.824+0500] {processor.py:179} INFO - Processing /usr/local/lib/python3.10/dist-packages/airflow/example_dags/example_trigger_target_dag.py took 0.270 seconds
[2023-11-20T21:15:16.268+0500] {processor.py:157} INFO - Started process (PID=30838) to work on /usr/local/lib/python3.10/dist-packages/airflow/example_dags/example_trigger_target_dag.py
[2023-11-20T21:15:16.276+0500] {processor.py:829} INFO - Processing file /usr/local/lib/python3.10/dist-packages/airflow/example_dags/example_trigger_target_dag.py for tasks to queue
[2023-11-20T21:15:16.279+0500] {logging_mixin.py:154} INFO - [2023-11-20T21:15:16.278+0500] {dagbag.py:536} INFO - Filling up the DagBag from /usr/local/lib/python3.10/dist-packages/airflow/example_dags/example_trigger_target_dag.py
[2023-11-20T21:15:16.303+0500] {processor.py:839} INFO - DAG(s) dict_keys(['example_trigger_target_dag']) retrieved from /usr/local/lib/python3.10/dist-packages/airflow/example_dags/example_trigger_target_dag.py
[2023-11-20T21:15:16.412+0500] {logging_mixin.py:154} INFO - [2023-11-20T21:15:16.412+0500] {dag.py:2941} INFO - Sync 1 DAGs
[2023-11-20T21:15:16.481+0500] {logging_mixin.py:154} INFO - [2023-11-20T21:15:16.479+0500] {dag.py:3722} INFO - Setting next_dagrun for example_trigger_target_dag to None, run_after=None
[2023-11-20T21:15:16.562+0500] {processor.py:179} INFO - Processing /usr/local/lib/python3.10/dist-packages/airflow/example_dags/example_trigger_target_dag.py took 0.307 seconds
[2023-11-20T21:15:47.164+0500] {processor.py:157} INFO - Started process (PID=31089) to work on /usr/local/lib/python3.10/dist-packages/airflow/example_dags/example_trigger_target_dag.py
[2023-11-20T21:15:47.167+0500] {processor.py:829} INFO - Processing file /usr/local/lib/python3.10/dist-packages/airflow/example_dags/example_trigger_target_dag.py for tasks to queue
[2023-11-20T21:15:47.170+0500] {logging_mixin.py:154} INFO - [2023-11-20T21:15:47.169+0500] {dagbag.py:536} INFO - Filling up the DagBag from /usr/local/lib/python3.10/dist-packages/airflow/example_dags/example_trigger_target_dag.py
[2023-11-20T21:15:47.192+0500] {processor.py:839} INFO - DAG(s) dict_keys(['example_trigger_target_dag']) retrieved from /usr/local/lib/python3.10/dist-packages/airflow/example_dags/example_trigger_target_dag.py
[2023-11-20T21:15:47.297+0500] {logging_mixin.py:154} INFO - [2023-11-20T21:15:47.297+0500] {dag.py:2941} INFO - Sync 1 DAGs
[2023-11-20T21:15:47.356+0500] {logging_mixin.py:154} INFO - [2023-11-20T21:15:47.355+0500] {dag.py:3722} INFO - Setting next_dagrun for example_trigger_target_dag to None, run_after=None
[2023-11-20T21:15:47.437+0500] {processor.py:179} INFO - Processing /usr/local/lib/python3.10/dist-packages/airflow/example_dags/example_trigger_target_dag.py took 0.285 seconds
[2023-11-20T21:16:18.325+0500] {processor.py:157} INFO - Started process (PID=31190) to work on /usr/local/lib/python3.10/dist-packages/airflow/example_dags/example_trigger_target_dag.py
[2023-11-20T21:16:18.332+0500] {processor.py:829} INFO - Processing file /usr/local/lib/python3.10/dist-packages/airflow/example_dags/example_trigger_target_dag.py for tasks to queue
[2023-11-20T21:16:18.336+0500] {logging_mixin.py:154} INFO - [2023-11-20T21:16:18.335+0500] {dagbag.py:536} INFO - Filling up the DagBag from /usr/local/lib/python3.10/dist-packages/airflow/example_dags/example_trigger_target_dag.py
[2023-11-20T21:16:18.362+0500] {processor.py:839} INFO - DAG(s) dict_keys(['example_trigger_target_dag']) retrieved from /usr/local/lib/python3.10/dist-packages/airflow/example_dags/example_trigger_target_dag.py
[2023-11-20T21:16:18.477+0500] {logging_mixin.py:154} INFO - [2023-11-20T21:16:18.476+0500] {dag.py:2941} INFO - Sync 1 DAGs
[2023-11-20T21:16:18.548+0500] {logging_mixin.py:154} INFO - [2023-11-20T21:16:18.547+0500] {dag.py:3722} INFO - Setting next_dagrun for example_trigger_target_dag to None, run_after=None
[2023-11-20T21:16:18.632+0500] {processor.py:179} INFO - Processing /usr/local/lib/python3.10/dist-packages/airflow/example_dags/example_trigger_target_dag.py took 0.321 seconds
[2023-11-20T21:16:51.385+0500] {processor.py:157} INFO - Started process (PID=31290) to work on /usr/local/lib/python3.10/dist-packages/airflow/example_dags/example_trigger_target_dag.py
[2023-11-20T21:16:51.388+0500] {processor.py:829} INFO - Processing file /usr/local/lib/python3.10/dist-packages/airflow/example_dags/example_trigger_target_dag.py for tasks to queue
[2023-11-20T21:16:51.391+0500] {logging_mixin.py:154} INFO - [2023-11-20T21:16:51.390+0500] {dagbag.py:536} INFO - Filling up the DagBag from /usr/local/lib/python3.10/dist-packages/airflow/example_dags/example_trigger_target_dag.py
[2023-11-20T21:16:51.472+0500] {processor.py:839} INFO - DAG(s) dict_keys(['example_trigger_target_dag']) retrieved from /usr/local/lib/python3.10/dist-packages/airflow/example_dags/example_trigger_target_dag.py
[2023-11-20T21:16:51.746+0500] {logging_mixin.py:154} INFO - [2023-11-20T21:16:51.745+0500] {dag.py:2941} INFO - Sync 1 DAGs
[2023-11-20T21:16:51.914+0500] {logging_mixin.py:154} INFO - [2023-11-20T21:16:51.913+0500] {dag.py:3722} INFO - Setting next_dagrun for example_trigger_target_dag to None, run_after=None
[2023-11-20T21:16:52.340+0500] {processor.py:179} INFO - Processing /usr/local/lib/python3.10/dist-packages/airflow/example_dags/example_trigger_target_dag.py took 1.010 seconds
[2023-11-20T21:17:23.555+0500] {processor.py:157} INFO - Started process (PID=31419) to work on /usr/local/lib/python3.10/dist-packages/airflow/example_dags/example_trigger_target_dag.py
[2023-11-20T21:17:23.558+0500] {processor.py:829} INFO - Processing file /usr/local/lib/python3.10/dist-packages/airflow/example_dags/example_trigger_target_dag.py for tasks to queue
[2023-11-20T21:17:23.561+0500] {logging_mixin.py:154} INFO - [2023-11-20T21:17:23.560+0500] {dagbag.py:536} INFO - Filling up the DagBag from /usr/local/lib/python3.10/dist-packages/airflow/example_dags/example_trigger_target_dag.py
[2023-11-20T21:17:23.585+0500] {processor.py:839} INFO - DAG(s) dict_keys(['example_trigger_target_dag']) retrieved from /usr/local/lib/python3.10/dist-packages/airflow/example_dags/example_trigger_target_dag.py
[2023-11-20T21:17:23.699+0500] {logging_mixin.py:154} INFO - [2023-11-20T21:17:23.698+0500] {dag.py:2941} INFO - Sync 1 DAGs
[2023-11-20T21:17:23.761+0500] {logging_mixin.py:154} INFO - [2023-11-20T21:17:23.760+0500] {dag.py:3722} INFO - Setting next_dagrun for example_trigger_target_dag to None, run_after=None
[2023-11-20T21:17:23.849+0500] {processor.py:179} INFO - Processing /usr/local/lib/python3.10/dist-packages/airflow/example_dags/example_trigger_target_dag.py took 0.307 seconds
[2023-11-20T21:17:54.170+0500] {processor.py:157} INFO - Started process (PID=31524) to work on /usr/local/lib/python3.10/dist-packages/airflow/example_dags/example_trigger_target_dag.py
[2023-11-20T21:17:54.174+0500] {processor.py:829} INFO - Processing file /usr/local/lib/python3.10/dist-packages/airflow/example_dags/example_trigger_target_dag.py for tasks to queue
[2023-11-20T21:17:54.178+0500] {logging_mixin.py:154} INFO - [2023-11-20T21:17:54.177+0500] {dagbag.py:536} INFO - Filling up the DagBag from /usr/local/lib/python3.10/dist-packages/airflow/example_dags/example_trigger_target_dag.py
[2023-11-20T21:17:54.207+0500] {processor.py:839} INFO - DAG(s) dict_keys(['example_trigger_target_dag']) retrieved from /usr/local/lib/python3.10/dist-packages/airflow/example_dags/example_trigger_target_dag.py
[2023-11-20T21:17:54.373+0500] {logging_mixin.py:154} INFO - [2023-11-20T21:17:54.368+0500] {dag.py:2941} INFO - Sync 1 DAGs
[2023-11-20T21:17:54.471+0500] {logging_mixin.py:154} INFO - [2023-11-20T21:17:54.471+0500] {dag.py:3722} INFO - Setting next_dagrun for example_trigger_target_dag to None, run_after=None
[2023-11-20T21:17:54.598+0500] {processor.py:179} INFO - Processing /usr/local/lib/python3.10/dist-packages/airflow/example_dags/example_trigger_target_dag.py took 0.444 seconds
[2023-11-20T21:18:26.145+0500] {processor.py:157} INFO - Started process (PID=31619) to work on /usr/local/lib/python3.10/dist-packages/airflow/example_dags/example_trigger_target_dag.py
[2023-11-20T21:18:26.151+0500] {processor.py:829} INFO - Processing file /usr/local/lib/python3.10/dist-packages/airflow/example_dags/example_trigger_target_dag.py for tasks to queue
[2023-11-20T21:18:26.156+0500] {logging_mixin.py:154} INFO - [2023-11-20T21:18:26.155+0500] {dagbag.py:536} INFO - Filling up the DagBag from /usr/local/lib/python3.10/dist-packages/airflow/example_dags/example_trigger_target_dag.py
[2023-11-20T21:18:26.198+0500] {processor.py:839} INFO - DAG(s) dict_keys(['example_trigger_target_dag']) retrieved from /usr/local/lib/python3.10/dist-packages/airflow/example_dags/example_trigger_target_dag.py
[2023-11-20T21:18:26.335+0500] {logging_mixin.py:154} INFO - [2023-11-20T21:18:26.334+0500] {dag.py:2941} INFO - Sync 1 DAGs
[2023-11-20T21:18:26.400+0500] {logging_mixin.py:154} INFO - [2023-11-20T21:18:26.399+0500] {dag.py:3722} INFO - Setting next_dagrun for example_trigger_target_dag to None, run_after=None
[2023-11-20T21:18:26.504+0500] {processor.py:179} INFO - Processing /usr/local/lib/python3.10/dist-packages/airflow/example_dags/example_trigger_target_dag.py took 0.375 seconds
[2023-11-20T21:18:59.204+0500] {processor.py:157} INFO - Started process (PID=31725) to work on /usr/local/lib/python3.10/dist-packages/airflow/example_dags/example_trigger_target_dag.py
[2023-11-20T21:18:59.207+0500] {processor.py:829} INFO - Processing file /usr/local/lib/python3.10/dist-packages/airflow/example_dags/example_trigger_target_dag.py for tasks to queue
[2023-11-20T21:18:59.210+0500] {logging_mixin.py:154} INFO - [2023-11-20T21:18:59.209+0500] {dagbag.py:536} INFO - Filling up the DagBag from /usr/local/lib/python3.10/dist-packages/airflow/example_dags/example_trigger_target_dag.py
[2023-11-20T21:18:59.231+0500] {processor.py:839} INFO - DAG(s) dict_keys(['example_trigger_target_dag']) retrieved from /usr/local/lib/python3.10/dist-packages/airflow/example_dags/example_trigger_target_dag.py
[2023-11-20T21:18:59.335+0500] {logging_mixin.py:154} INFO - [2023-11-20T21:18:59.334+0500] {dag.py:2941} INFO - Sync 1 DAGs
[2023-11-20T21:18:59.397+0500] {logging_mixin.py:154} INFO - [2023-11-20T21:18:59.396+0500] {dag.py:3722} INFO - Setting next_dagrun for example_trigger_target_dag to None, run_after=None
[2023-11-20T21:18:59.479+0500] {processor.py:179} INFO - Processing /usr/local/lib/python3.10/dist-packages/airflow/example_dags/example_trigger_target_dag.py took 0.287 seconds
[2023-11-20T21:19:30.880+0500] {processor.py:157} INFO - Started process (PID=31879) to work on /usr/local/lib/python3.10/dist-packages/airflow/example_dags/example_trigger_target_dag.py
[2023-11-20T21:19:30.883+0500] {processor.py:829} INFO - Processing file /usr/local/lib/python3.10/dist-packages/airflow/example_dags/example_trigger_target_dag.py for tasks to queue
[2023-11-20T21:19:30.886+0500] {logging_mixin.py:154} INFO - [2023-11-20T21:19:30.885+0500] {dagbag.py:536} INFO - Filling up the DagBag from /usr/local/lib/python3.10/dist-packages/airflow/example_dags/example_trigger_target_dag.py
[2023-11-20T21:19:30.907+0500] {processor.py:839} INFO - DAG(s) dict_keys(['example_trigger_target_dag']) retrieved from /usr/local/lib/python3.10/dist-packages/airflow/example_dags/example_trigger_target_dag.py
[2023-11-20T21:19:31.006+0500] {logging_mixin.py:154} INFO - [2023-11-20T21:19:31.006+0500] {dag.py:2941} INFO - Sync 1 DAGs
[2023-11-20T21:19:31.064+0500] {logging_mixin.py:154} INFO - [2023-11-20T21:19:31.064+0500] {dag.py:3722} INFO - Setting next_dagrun for example_trigger_target_dag to None, run_after=None
[2023-11-20T21:19:31.144+0500] {processor.py:179} INFO - Processing /usr/local/lib/python3.10/dist-packages/airflow/example_dags/example_trigger_target_dag.py took 0.275 seconds
[2023-11-20T21:20:04.465+0500] {processor.py:157} INFO - Started process (PID=32277) to work on /usr/local/lib/python3.10/dist-packages/airflow/example_dags/example_trigger_target_dag.py
[2023-11-20T21:20:04.468+0500] {processor.py:829} INFO - Processing file /usr/local/lib/python3.10/dist-packages/airflow/example_dags/example_trigger_target_dag.py for tasks to queue
[2023-11-20T21:20:04.471+0500] {logging_mixin.py:154} INFO - [2023-11-20T21:20:04.470+0500] {dagbag.py:536} INFO - Filling up the DagBag from /usr/local/lib/python3.10/dist-packages/airflow/example_dags/example_trigger_target_dag.py
[2023-11-20T21:20:04.492+0500] {processor.py:839} INFO - DAG(s) dict_keys(['example_trigger_target_dag']) retrieved from /usr/local/lib/python3.10/dist-packages/airflow/example_dags/example_trigger_target_dag.py
[2023-11-20T21:20:04.597+0500] {logging_mixin.py:154} INFO - [2023-11-20T21:20:04.596+0500] {dag.py:2941} INFO - Sync 1 DAGs
[2023-11-20T21:20:04.709+0500] {logging_mixin.py:154} INFO - [2023-11-20T21:20:04.708+0500] {dag.py:3722} INFO - Setting next_dagrun for example_trigger_target_dag to None, run_after=None
[2023-11-20T21:20:04.828+0500] {processor.py:179} INFO - Processing /usr/local/lib/python3.10/dist-packages/airflow/example_dags/example_trigger_target_dag.py took 0.375 seconds
[2023-11-20T21:20:36.642+0500] {processor.py:157} INFO - Started process (PID=32636) to work on /usr/local/lib/python3.10/dist-packages/airflow/example_dags/example_trigger_target_dag.py
[2023-11-20T21:20:36.645+0500] {processor.py:829} INFO - Processing file /usr/local/lib/python3.10/dist-packages/airflow/example_dags/example_trigger_target_dag.py for tasks to queue
[2023-11-20T21:20:36.650+0500] {logging_mixin.py:154} INFO - [2023-11-20T21:20:36.649+0500] {dagbag.py:536} INFO - Filling up the DagBag from /usr/local/lib/python3.10/dist-packages/airflow/example_dags/example_trigger_target_dag.py
[2023-11-20T21:20:36.675+0500] {processor.py:839} INFO - DAG(s) dict_keys(['example_trigger_target_dag']) retrieved from /usr/local/lib/python3.10/dist-packages/airflow/example_dags/example_trigger_target_dag.py
[2023-11-20T21:20:36.785+0500] {logging_mixin.py:154} INFO - [2023-11-20T21:20:36.785+0500] {dag.py:2941} INFO - Sync 1 DAGs
[2023-11-20T21:20:36.844+0500] {logging_mixin.py:154} INFO - [2023-11-20T21:20:36.844+0500] {dag.py:3722} INFO - Setting next_dagrun for example_trigger_target_dag to None, run_after=None
[2023-11-20T21:20:36.925+0500] {processor.py:179} INFO - Processing /usr/local/lib/python3.10/dist-packages/airflow/example_dags/example_trigger_target_dag.py took 0.303 seconds
[2023-11-20T21:21:30.999+0500] {processor.py:157} INFO - Started process (PID=32951) to work on /usr/local/lib/python3.10/dist-packages/airflow/example_dags/example_trigger_target_dag.py
[2023-11-20T21:21:31.006+0500] {processor.py:829} INFO - Processing file /usr/local/lib/python3.10/dist-packages/airflow/example_dags/example_trigger_target_dag.py for tasks to queue
[2023-11-20T21:21:31.010+0500] {logging_mixin.py:154} INFO - [2023-11-20T21:21:31.009+0500] {dagbag.py:536} INFO - Filling up the DagBag from /usr/local/lib/python3.10/dist-packages/airflow/example_dags/example_trigger_target_dag.py
[2023-11-20T21:21:31.038+0500] {processor.py:839} INFO - DAG(s) dict_keys(['example_trigger_target_dag']) retrieved from /usr/local/lib/python3.10/dist-packages/airflow/example_dags/example_trigger_target_dag.py
[2023-11-20T21:21:31.162+0500] {logging_mixin.py:154} INFO - [2023-11-20T21:21:31.161+0500] {dag.py:2941} INFO - Sync 1 DAGs
[2023-11-20T21:21:31.231+0500] {logging_mixin.py:154} INFO - [2023-11-20T21:21:31.230+0500] {dag.py:3722} INFO - Setting next_dagrun for example_trigger_target_dag to None, run_after=None
[2023-11-20T21:21:31.324+0500] {processor.py:179} INFO - Processing /usr/local/lib/python3.10/dist-packages/airflow/example_dags/example_trigger_target_dag.py took 0.337 seconds
[2023-11-20T21:22:05.728+0500] {processor.py:157} INFO - Started process (PID=33112) to work on /usr/local/lib/python3.10/dist-packages/airflow/example_dags/example_trigger_target_dag.py
[2023-11-20T21:22:05.740+0500] {processor.py:829} INFO - Processing file /usr/local/lib/python3.10/dist-packages/airflow/example_dags/example_trigger_target_dag.py for tasks to queue
[2023-11-20T21:22:05.749+0500] {logging_mixin.py:154} INFO - [2023-11-20T21:22:05.747+0500] {dagbag.py:536} INFO - Filling up the DagBag from /usr/local/lib/python3.10/dist-packages/airflow/example_dags/example_trigger_target_dag.py
[2023-11-20T21:22:05.791+0500] {processor.py:839} INFO - DAG(s) dict_keys(['example_trigger_target_dag']) retrieved from /usr/local/lib/python3.10/dist-packages/airflow/example_dags/example_trigger_target_dag.py
[2023-11-20T21:22:06.005+0500] {logging_mixin.py:154} INFO - [2023-11-20T21:22:05.999+0500] {dag.py:2941} INFO - Sync 1 DAGs
[2023-11-20T21:22:06.248+0500] {logging_mixin.py:154} INFO - [2023-11-20T21:22:06.248+0500] {dag.py:3722} INFO - Setting next_dagrun for example_trigger_target_dag to None, run_after=None
[2023-11-20T21:22:06.551+0500] {processor.py:179} INFO - Processing /usr/local/lib/python3.10/dist-packages/airflow/example_dags/example_trigger_target_dag.py took 0.836 seconds
[2023-11-20T21:22:37.048+0500] {processor.py:157} INFO - Started process (PID=33223) to work on /usr/local/lib/python3.10/dist-packages/airflow/example_dags/example_trigger_target_dag.py
[2023-11-20T21:22:37.053+0500] {processor.py:829} INFO - Processing file /usr/local/lib/python3.10/dist-packages/airflow/example_dags/example_trigger_target_dag.py for tasks to queue
[2023-11-20T21:22:37.056+0500] {logging_mixin.py:154} INFO - [2023-11-20T21:22:37.055+0500] {dagbag.py:536} INFO - Filling up the DagBag from /usr/local/lib/python3.10/dist-packages/airflow/example_dags/example_trigger_target_dag.py
[2023-11-20T21:22:37.080+0500] {processor.py:839} INFO - DAG(s) dict_keys(['example_trigger_target_dag']) retrieved from /usr/local/lib/python3.10/dist-packages/airflow/example_dags/example_trigger_target_dag.py
[2023-11-20T21:22:37.192+0500] {logging_mixin.py:154} INFO - [2023-11-20T21:22:37.191+0500] {dag.py:2941} INFO - Sync 1 DAGs
[2023-11-20T21:22:37.257+0500] {logging_mixin.py:154} INFO - [2023-11-20T21:22:37.256+0500] {dag.py:3722} INFO - Setting next_dagrun for example_trigger_target_dag to None, run_after=None
[2023-11-20T21:22:37.342+0500] {processor.py:179} INFO - Processing /usr/local/lib/python3.10/dist-packages/airflow/example_dags/example_trigger_target_dag.py took 0.308 seconds
[2023-11-20T21:23:07.682+0500] {processor.py:157} INFO - Started process (PID=33393) to work on /usr/local/lib/python3.10/dist-packages/airflow/example_dags/example_trigger_target_dag.py
[2023-11-20T21:23:07.685+0500] {processor.py:829} INFO - Processing file /usr/local/lib/python3.10/dist-packages/airflow/example_dags/example_trigger_target_dag.py for tasks to queue
[2023-11-20T21:23:07.688+0500] {logging_mixin.py:154} INFO - [2023-11-20T21:23:07.687+0500] {dagbag.py:536} INFO - Filling up the DagBag from /usr/local/lib/python3.10/dist-packages/airflow/example_dags/example_trigger_target_dag.py
[2023-11-20T21:23:07.709+0500] {processor.py:839} INFO - DAG(s) dict_keys(['example_trigger_target_dag']) retrieved from /usr/local/lib/python3.10/dist-packages/airflow/example_dags/example_trigger_target_dag.py
[2023-11-20T21:23:07.810+0500] {logging_mixin.py:154} INFO - [2023-11-20T21:23:07.809+0500] {dag.py:2941} INFO - Sync 1 DAGs
[2023-11-20T21:23:07.872+0500] {logging_mixin.py:154} INFO - [2023-11-20T21:23:07.871+0500] {dag.py:3722} INFO - Setting next_dagrun for example_trigger_target_dag to None, run_after=None
[2023-11-20T21:23:07.950+0500] {processor.py:179} INFO - Processing /usr/local/lib/python3.10/dist-packages/airflow/example_dags/example_trigger_target_dag.py took 0.280 seconds
[2023-11-20T21:23:38.540+0500] {processor.py:157} INFO - Started process (PID=33500) to work on /usr/local/lib/python3.10/dist-packages/airflow/example_dags/example_trigger_target_dag.py
[2023-11-20T21:23:38.543+0500] {processor.py:829} INFO - Processing file /usr/local/lib/python3.10/dist-packages/airflow/example_dags/example_trigger_target_dag.py for tasks to queue
[2023-11-20T21:23:38.546+0500] {logging_mixin.py:154} INFO - [2023-11-20T21:23:38.545+0500] {dagbag.py:536} INFO - Filling up the DagBag from /usr/local/lib/python3.10/dist-packages/airflow/example_dags/example_trigger_target_dag.py
[2023-11-20T21:23:38.568+0500] {processor.py:839} INFO - DAG(s) dict_keys(['example_trigger_target_dag']) retrieved from /usr/local/lib/python3.10/dist-packages/airflow/example_dags/example_trigger_target_dag.py
[2023-11-20T21:23:38.674+0500] {logging_mixin.py:154} INFO - [2023-11-20T21:23:38.674+0500] {dag.py:2941} INFO - Sync 1 DAGs
[2023-11-20T21:23:38.735+0500] {logging_mixin.py:154} INFO - [2023-11-20T21:23:38.735+0500] {dag.py:3722} INFO - Setting next_dagrun for example_trigger_target_dag to None, run_after=None
[2023-11-20T21:23:38.815+0500] {processor.py:179} INFO - Processing /usr/local/lib/python3.10/dist-packages/airflow/example_dags/example_trigger_target_dag.py took 0.286 seconds
[2023-11-20T21:24:09.892+0500] {processor.py:157} INFO - Started process (PID=33614) to work on /usr/local/lib/python3.10/dist-packages/airflow/example_dags/example_trigger_target_dag.py
[2023-11-20T21:24:09.907+0500] {processor.py:829} INFO - Processing file /usr/local/lib/python3.10/dist-packages/airflow/example_dags/example_trigger_target_dag.py for tasks to queue
[2023-11-20T21:24:09.910+0500] {logging_mixin.py:154} INFO - [2023-11-20T21:24:09.909+0500] {dagbag.py:536} INFO - Filling up the DagBag from /usr/local/lib/python3.10/dist-packages/airflow/example_dags/example_trigger_target_dag.py
[2023-11-20T21:24:09.945+0500] {processor.py:839} INFO - DAG(s) dict_keys(['example_trigger_target_dag']) retrieved from /usr/local/lib/python3.10/dist-packages/airflow/example_dags/example_trigger_target_dag.py
[2023-11-20T21:24:10.060+0500] {logging_mixin.py:154} INFO - [2023-11-20T21:24:10.059+0500] {dag.py:2941} INFO - Sync 1 DAGs
[2023-11-20T21:24:10.124+0500] {logging_mixin.py:154} INFO - [2023-11-20T21:24:10.123+0500] {dag.py:3722} INFO - Setting next_dagrun for example_trigger_target_dag to None, run_after=None
[2023-11-20T21:24:10.215+0500] {processor.py:179} INFO - Processing /usr/local/lib/python3.10/dist-packages/airflow/example_dags/example_trigger_target_dag.py took 0.354 seconds
[2023-11-20T21:24:56.029+0500] {processor.py:157} INFO - Started process (PID=33740) to work on /usr/local/lib/python3.10/dist-packages/airflow/example_dags/example_trigger_target_dag.py
[2023-11-20T21:24:56.037+0500] {processor.py:829} INFO - Processing file /usr/local/lib/python3.10/dist-packages/airflow/example_dags/example_trigger_target_dag.py for tasks to queue
[2023-11-20T21:24:56.041+0500] {logging_mixin.py:154} INFO - [2023-11-20T21:24:56.039+0500] {dagbag.py:536} INFO - Filling up the DagBag from /usr/local/lib/python3.10/dist-packages/airflow/example_dags/example_trigger_target_dag.py
[2023-11-20T21:24:56.086+0500] {processor.py:839} INFO - DAG(s) dict_keys(['example_trigger_target_dag']) retrieved from /usr/local/lib/python3.10/dist-packages/airflow/example_dags/example_trigger_target_dag.py
[2023-11-20T21:24:56.255+0500] {logging_mixin.py:154} INFO - [2023-11-20T21:24:56.254+0500] {dag.py:2941} INFO - Sync 1 DAGs
[2023-11-20T21:24:56.317+0500] {logging_mixin.py:154} INFO - [2023-11-20T21:24:56.317+0500] {dag.py:3722} INFO - Setting next_dagrun for example_trigger_target_dag to None, run_after=None
[2023-11-20T21:24:56.585+0500] {processor.py:179} INFO - Processing /usr/local/lib/python3.10/dist-packages/airflow/example_dags/example_trigger_target_dag.py took 0.583 seconds
[2023-11-20T21:25:40.061+0500] {processor.py:157} INFO - Started process (PID=33844) to work on /usr/local/lib/python3.10/dist-packages/airflow/example_dags/example_trigger_target_dag.py
[2023-11-20T21:25:40.070+0500] {processor.py:829} INFO - Processing file /usr/local/lib/python3.10/dist-packages/airflow/example_dags/example_trigger_target_dag.py for tasks to queue
[2023-11-20T21:25:40.084+0500] {logging_mixin.py:154} INFO - [2023-11-20T21:25:40.081+0500] {dagbag.py:536} INFO - Filling up the DagBag from /usr/local/lib/python3.10/dist-packages/airflow/example_dags/example_trigger_target_dag.py
[2023-11-20T21:25:40.153+0500] {processor.py:839} INFO - DAG(s) dict_keys(['example_trigger_target_dag']) retrieved from /usr/local/lib/python3.10/dist-packages/airflow/example_dags/example_trigger_target_dag.py
[2023-11-20T21:25:40.415+0500] {logging_mixin.py:154} INFO - [2023-11-20T21:25:40.412+0500] {dag.py:2941} INFO - Sync 1 DAGs
[2023-11-20T21:25:40.569+0500] {logging_mixin.py:154} INFO - [2023-11-20T21:25:40.568+0500] {dag.py:3722} INFO - Setting next_dagrun for example_trigger_target_dag to None, run_after=None
[2023-11-20T21:25:40.700+0500] {processor.py:179} INFO - Processing /usr/local/lib/python3.10/dist-packages/airflow/example_dags/example_trigger_target_dag.py took 0.700 seconds
[2023-11-20T21:26:18.284+0500] {processor.py:157} INFO - Started process (PID=34003) to work on /usr/local/lib/python3.10/dist-packages/airflow/example_dags/example_trigger_target_dag.py
[2023-11-20T21:26:18.287+0500] {processor.py:829} INFO - Processing file /usr/local/lib/python3.10/dist-packages/airflow/example_dags/example_trigger_target_dag.py for tasks to queue
[2023-11-20T21:26:18.308+0500] {logging_mixin.py:154} INFO - [2023-11-20T21:26:18.303+0500] {dagbag.py:536} INFO - Filling up the DagBag from /usr/local/lib/python3.10/dist-packages/airflow/example_dags/example_trigger_target_dag.py
[2023-11-20T21:26:18.384+0500] {processor.py:839} INFO - DAG(s) dict_keys(['example_trigger_target_dag']) retrieved from /usr/local/lib/python3.10/dist-packages/airflow/example_dags/example_trigger_target_dag.py
[2023-11-20T21:26:18.612+0500] {logging_mixin.py:154} INFO - [2023-11-20T21:26:18.608+0500] {dag.py:2941} INFO - Sync 1 DAGs
[2023-11-20T21:26:18.885+0500] {logging_mixin.py:154} INFO - [2023-11-20T21:26:18.853+0500] {dag.py:3722} INFO - Setting next_dagrun for example_trigger_target_dag to None, run_after=None
[2023-11-20T21:26:19.060+0500] {processor.py:179} INFO - Processing /usr/local/lib/python3.10/dist-packages/airflow/example_dags/example_trigger_target_dag.py took 0.868 seconds
[2023-11-20T21:28:26.381+0500] {processor.py:157} INFO - Started process (PID=34270) to work on /usr/local/lib/python3.10/dist-packages/airflow/example_dags/example_trigger_target_dag.py
[2023-11-20T21:28:26.410+0500] {processor.py:829} INFO - Processing file /usr/local/lib/python3.10/dist-packages/airflow/example_dags/example_trigger_target_dag.py for tasks to queue
[2023-11-20T21:28:26.449+0500] {logging_mixin.py:154} INFO - [2023-11-20T21:28:26.436+0500] {dagbag.py:536} INFO - Filling up the DagBag from /usr/local/lib/python3.10/dist-packages/airflow/example_dags/example_trigger_target_dag.py
[2023-11-20T21:28:26.544+0500] {processor.py:839} INFO - DAG(s) dict_keys(['example_trigger_target_dag']) retrieved from /usr/local/lib/python3.10/dist-packages/airflow/example_dags/example_trigger_target_dag.py
[2023-11-20T21:28:26.930+0500] {logging_mixin.py:154} INFO - [2023-11-20T21:28:26.929+0500] {dag.py:2941} INFO - Sync 1 DAGs
[2023-11-20T21:28:27.130+0500] {logging_mixin.py:154} INFO - [2023-11-20T21:28:27.130+0500] {dag.py:3722} INFO - Setting next_dagrun for example_trigger_target_dag to None, run_after=None
[2023-11-20T21:28:27.394+0500] {processor.py:179} INFO - Processing /usr/local/lib/python3.10/dist-packages/airflow/example_dags/example_trigger_target_dag.py took 1.087 seconds
[2023-11-20T21:30:36.407+0500] {processor.py:157} INFO - Started process (PID=34482) to work on /usr/local/lib/python3.10/dist-packages/airflow/example_dags/example_trigger_target_dag.py
[2023-11-20T21:30:36.411+0500] {processor.py:829} INFO - Processing file /usr/local/lib/python3.10/dist-packages/airflow/example_dags/example_trigger_target_dag.py for tasks to queue
[2023-11-20T21:30:36.414+0500] {logging_mixin.py:154} INFO - [2023-11-20T21:30:36.413+0500] {dagbag.py:536} INFO - Filling up the DagBag from /usr/local/lib/python3.10/dist-packages/airflow/example_dags/example_trigger_target_dag.py
[2023-11-20T21:30:36.437+0500] {processor.py:839} INFO - DAG(s) dict_keys(['example_trigger_target_dag']) retrieved from /usr/local/lib/python3.10/dist-packages/airflow/example_dags/example_trigger_target_dag.py
[2023-11-20T21:30:36.540+0500] {logging_mixin.py:154} INFO - [2023-11-20T21:30:36.540+0500] {dag.py:2941} INFO - Sync 1 DAGs
[2023-11-20T21:30:36.608+0500] {logging_mixin.py:154} INFO - [2023-11-20T21:30:36.607+0500] {dag.py:3722} INFO - Setting next_dagrun for example_trigger_target_dag to None, run_after=None
[2023-11-20T21:30:36.703+0500] {processor.py:179} INFO - Processing /usr/local/lib/python3.10/dist-packages/airflow/example_dags/example_trigger_target_dag.py took 0.307 seconds
