[2023-11-20T21:06:05.723+0500] {processor.py:157} INFO - Started process (PID=27228) to work on /usr/local/lib/python3.10/dist-packages/airflow/example_dags/example_branch_datetime_operator.py
[2023-11-20T21:06:05.725+0500] {processor.py:829} INFO - Processing file /usr/local/lib/python3.10/dist-packages/airflow/example_dags/example_branch_datetime_operator.py for tasks to queue
[2023-11-20T21:06:05.728+0500] {logging_mixin.py:154} INFO - [2023-11-20T21:06:05.727+0500] {dagbag.py:536} INFO - Filling up the DagBag from /usr/local/lib/python3.10/dist-packages/airflow/example_dags/example_branch_datetime_operator.py
[2023-11-20T21:06:05.772+0500] {processor.py:839} INFO - DAG(s) dict_keys(['example_branch_datetime_operator_2', 'example_branch_datetime_operator', 'example_branch_datetime_operator_3']) retrieved from /usr/local/lib/python3.10/dist-packages/airflow/example_dags/example_branch_datetime_operator.py
[2023-11-20T21:06:06.233+0500] {logging_mixin.py:154} INFO - [2023-11-20T21:06:06.232+0500] {manager.py:499} INFO - Created Permission View: %s
[2023-11-20T21:06:06.276+0500] {logging_mixin.py:154} INFO - [2023-11-20T21:06:06.275+0500] {manager.py:499} INFO - Created Permission View: %s
[2023-11-20T21:06:06.305+0500] {logging_mixin.py:154} INFO - [2023-11-20T21:06:06.304+0500] {manager.py:499} INFO - Created Permission View: %s
[2023-11-20T21:06:06.359+0500] {logging_mixin.py:154} INFO - [2023-11-20T21:06:06.358+0500] {manager.py:499} INFO - Created Permission View: %s
[2023-11-20T21:06:06.387+0500] {logging_mixin.py:154} INFO - [2023-11-20T21:06:06.386+0500] {manager.py:499} INFO - Created Permission View: %s
[2023-11-20T21:06:06.416+0500] {logging_mixin.py:154} INFO - [2023-11-20T21:06:06.416+0500] {manager.py:499} INFO - Created Permission View: %s
[2023-11-20T21:06:06.473+0500] {logging_mixin.py:154} INFO - [2023-11-20T21:06:06.473+0500] {manager.py:499} INFO - Created Permission View: %s
[2023-11-20T21:06:06.503+0500] {logging_mixin.py:154} INFO - [2023-11-20T21:06:06.503+0500] {manager.py:499} INFO - Created Permission View: %s
[2023-11-20T21:06:06.540+0500] {logging_mixin.py:154} INFO - [2023-11-20T21:06:06.539+0500] {manager.py:499} INFO - Created Permission View: %s
[2023-11-20T21:06:06.542+0500] {logging_mixin.py:154} INFO - [2023-11-20T21:06:06.541+0500] {dag.py:2941} INFO - Sync 3 DAGs
[2023-11-20T21:06:06.596+0500] {logging_mixin.py:154} INFO - [2023-11-20T21:06:06.595+0500] {dag.py:2963} INFO - Creating ORM DAG for example_branch_datetime_operator
[2023-11-20T21:06:06.598+0500] {logging_mixin.py:154} INFO - [2023-11-20T21:06:06.598+0500] {dag.py:2963} INFO - Creating ORM DAG for example_branch_datetime_operator_2
[2023-11-20T21:06:06.601+0500] {logging_mixin.py:154} INFO - [2023-11-20T21:06:06.600+0500] {dag.py:2963} INFO - Creating ORM DAG for example_branch_datetime_operator_3
[2023-11-20T21:06:06.652+0500] {logging_mixin.py:154} INFO - [2023-11-20T21:06:06.651+0500] {dag.py:3722} INFO - Setting next_dagrun for example_branch_datetime_operator to 2023-11-19T00:00:00+00:00, run_after=2023-11-20T00:00:00+00:00
[2023-11-20T21:06:06.663+0500] {logging_mixin.py:154} INFO - [2023-11-20T21:06:06.662+0500] {dag.py:3722} INFO - Setting next_dagrun for example_branch_datetime_operator_2 to 2023-11-19T00:00:00+00:00, run_after=2023-11-20T00:00:00+00:00
[2023-11-20T21:06:06.675+0500] {logging_mixin.py:154} INFO - [2023-11-20T21:06:06.674+0500] {dag.py:3722} INFO - Setting next_dagrun for example_branch_datetime_operator_3 to 2023-11-19T00:00:00+00:00, run_after=2023-11-20T00:00:00+00:00
[2023-11-20T21:06:06.759+0500] {processor.py:179} INFO - Processing /usr/local/lib/python3.10/dist-packages/airflow/example_dags/example_branch_datetime_operator.py took 1.048 seconds
[2023-11-20T21:06:38.922+0500] {processor.py:157} INFO - Started process (PID=27559) to work on /usr/local/lib/python3.10/dist-packages/airflow/example_dags/example_branch_datetime_operator.py
[2023-11-20T21:06:38.928+0500] {processor.py:829} INFO - Processing file /usr/local/lib/python3.10/dist-packages/airflow/example_dags/example_branch_datetime_operator.py for tasks to queue
[2023-11-20T21:06:38.939+0500] {logging_mixin.py:154} INFO - [2023-11-20T21:06:38.930+0500] {dagbag.py:536} INFO - Filling up the DagBag from /usr/local/lib/python3.10/dist-packages/airflow/example_dags/example_branch_datetime_operator.py
[2023-11-20T21:06:39.003+0500] {processor.py:839} INFO - DAG(s) dict_keys(['example_branch_datetime_operator', 'example_branch_datetime_operator_2', 'example_branch_datetime_operator_3']) retrieved from /usr/local/lib/python3.10/dist-packages/airflow/example_dags/example_branch_datetime_operator.py
[2023-11-20T21:06:39.155+0500] {logging_mixin.py:154} INFO - [2023-11-20T21:06:39.154+0500] {dag.py:2941} INFO - Sync 3 DAGs
[2023-11-20T21:06:39.278+0500] {logging_mixin.py:154} INFO - [2023-11-20T21:06:39.277+0500] {dag.py:3722} INFO - Setting next_dagrun for example_branch_datetime_operator to 2023-11-19T00:00:00+00:00, run_after=2023-11-20T00:00:00+00:00
[2023-11-20T21:06:39.326+0500] {logging_mixin.py:154} INFO - [2023-11-20T21:06:39.325+0500] {dag.py:3722} INFO - Setting next_dagrun for example_branch_datetime_operator_2 to 2023-11-19T00:00:00+00:00, run_after=2023-11-20T00:00:00+00:00
[2023-11-20T21:06:39.357+0500] {logging_mixin.py:154} INFO - [2023-11-20T21:06:39.355+0500] {dag.py:3722} INFO - Setting next_dagrun for example_branch_datetime_operator_3 to 2023-11-19T00:00:00+00:00, run_after=2023-11-20T00:00:00+00:00
[2023-11-20T21:06:39.448+0500] {processor.py:179} INFO - Processing /usr/local/lib/python3.10/dist-packages/airflow/example_dags/example_branch_datetime_operator.py took 0.583 seconds
[2023-11-20T21:07:13.915+0500] {processor.py:157} INFO - Started process (PID=27888) to work on /usr/local/lib/python3.10/dist-packages/airflow/example_dags/example_branch_datetime_operator.py
[2023-11-20T21:07:13.920+0500] {processor.py:829} INFO - Processing file /usr/local/lib/python3.10/dist-packages/airflow/example_dags/example_branch_datetime_operator.py for tasks to queue
[2023-11-20T21:07:13.924+0500] {logging_mixin.py:154} INFO - [2023-11-20T21:07:13.923+0500] {dagbag.py:536} INFO - Filling up the DagBag from /usr/local/lib/python3.10/dist-packages/airflow/example_dags/example_branch_datetime_operator.py
[2023-11-20T21:07:13.999+0500] {processor.py:839} INFO - DAG(s) dict_keys(['example_branch_datetime_operator_3', 'example_branch_datetime_operator_2', 'example_branch_datetime_operator']) retrieved from /usr/local/lib/python3.10/dist-packages/airflow/example_dags/example_branch_datetime_operator.py
[2023-11-20T21:07:14.376+0500] {logging_mixin.py:154} INFO - [2023-11-20T21:07:14.375+0500] {dag.py:2941} INFO - Sync 3 DAGs
[2023-11-20T21:07:14.560+0500] {logging_mixin.py:154} INFO - [2023-11-20T21:07:14.559+0500] {dag.py:3722} INFO - Setting next_dagrun for example_branch_datetime_operator to 2023-11-19T00:00:00+00:00, run_after=2023-11-20T00:00:00+00:00
[2023-11-20T21:07:14.593+0500] {logging_mixin.py:154} INFO - [2023-11-20T21:07:14.592+0500] {dag.py:3722} INFO - Setting next_dagrun for example_branch_datetime_operator_2 to 2023-11-19T00:00:00+00:00, run_after=2023-11-20T00:00:00+00:00
[2023-11-20T21:07:14.614+0500] {logging_mixin.py:154} INFO - [2023-11-20T21:07:14.613+0500] {dag.py:3722} INFO - Setting next_dagrun for example_branch_datetime_operator_3 to 2023-11-19T00:00:00+00:00, run_after=2023-11-20T00:00:00+00:00
[2023-11-20T21:07:14.787+0500] {processor.py:179} INFO - Processing /usr/local/lib/python3.10/dist-packages/airflow/example_dags/example_branch_datetime_operator.py took 0.886 seconds
[2023-11-20T21:07:45.109+0500] {processor.py:157} INFO - Started process (PID=28139) to work on /usr/local/lib/python3.10/dist-packages/airflow/example_dags/example_branch_datetime_operator.py
[2023-11-20T21:07:45.113+0500] {processor.py:829} INFO - Processing file /usr/local/lib/python3.10/dist-packages/airflow/example_dags/example_branch_datetime_operator.py for tasks to queue
[2023-11-20T21:07:45.116+0500] {logging_mixin.py:154} INFO - [2023-11-20T21:07:45.115+0500] {dagbag.py:536} INFO - Filling up the DagBag from /usr/local/lib/python3.10/dist-packages/airflow/example_dags/example_branch_datetime_operator.py
[2023-11-20T21:07:45.161+0500] {processor.py:839} INFO - DAG(s) dict_keys(['example_branch_datetime_operator_2', 'example_branch_datetime_operator_3', 'example_branch_datetime_operator']) retrieved from /usr/local/lib/python3.10/dist-packages/airflow/example_dags/example_branch_datetime_operator.py
[2023-11-20T21:07:45.297+0500] {logging_mixin.py:154} INFO - [2023-11-20T21:07:45.296+0500] {dag.py:2941} INFO - Sync 3 DAGs
[2023-11-20T21:07:45.410+0500] {logging_mixin.py:154} INFO - [2023-11-20T21:07:45.410+0500] {dag.py:3722} INFO - Setting next_dagrun for example_branch_datetime_operator to 2023-11-19T00:00:00+00:00, run_after=2023-11-20T00:00:00+00:00
[2023-11-20T21:07:45.434+0500] {logging_mixin.py:154} INFO - [2023-11-20T21:07:45.434+0500] {dag.py:3722} INFO - Setting next_dagrun for example_branch_datetime_operator_2 to 2023-11-19T00:00:00+00:00, run_after=2023-11-20T00:00:00+00:00
[2023-11-20T21:07:45.449+0500] {logging_mixin.py:154} INFO - [2023-11-20T21:07:45.448+0500] {dag.py:3722} INFO - Setting next_dagrun for example_branch_datetime_operator_3 to 2023-11-19T00:00:00+00:00, run_after=2023-11-20T00:00:00+00:00
[2023-11-20T21:07:45.534+0500] {processor.py:179} INFO - Processing /usr/local/lib/python3.10/dist-packages/airflow/example_dags/example_branch_datetime_operator.py took 0.437 seconds
[2023-11-20T21:08:17.853+0500] {processor.py:157} INFO - Started process (PID=28342) to work on /usr/local/lib/python3.10/dist-packages/airflow/example_dags/example_branch_datetime_operator.py
[2023-11-20T21:08:17.856+0500] {processor.py:829} INFO - Processing file /usr/local/lib/python3.10/dist-packages/airflow/example_dags/example_branch_datetime_operator.py for tasks to queue
[2023-11-20T21:08:17.859+0500] {logging_mixin.py:154} INFO - [2023-11-20T21:08:17.858+0500] {dagbag.py:536} INFO - Filling up the DagBag from /usr/local/lib/python3.10/dist-packages/airflow/example_dags/example_branch_datetime_operator.py
[2023-11-20T21:08:17.906+0500] {processor.py:839} INFO - DAG(s) dict_keys(['example_branch_datetime_operator', 'example_branch_datetime_operator_3', 'example_branch_datetime_operator_2']) retrieved from /usr/local/lib/python3.10/dist-packages/airflow/example_dags/example_branch_datetime_operator.py
[2023-11-20T21:08:18.054+0500] {logging_mixin.py:154} INFO - [2023-11-20T21:08:18.053+0500] {dag.py:2941} INFO - Sync 3 DAGs
[2023-11-20T21:08:18.187+0500] {logging_mixin.py:154} INFO - [2023-11-20T21:08:18.186+0500] {dag.py:3722} INFO - Setting next_dagrun for example_branch_datetime_operator to 2023-11-19T00:00:00+00:00, run_after=2023-11-20T00:00:00+00:00
[2023-11-20T21:08:18.219+0500] {logging_mixin.py:154} INFO - [2023-11-20T21:08:18.218+0500] {dag.py:3722} INFO - Setting next_dagrun for example_branch_datetime_operator_2 to 2023-11-19T00:00:00+00:00, run_after=2023-11-20T00:00:00+00:00
[2023-11-20T21:08:18.236+0500] {logging_mixin.py:154} INFO - [2023-11-20T21:08:18.235+0500] {dag.py:3722} INFO - Setting next_dagrun for example_branch_datetime_operator_3 to 2023-11-19T00:00:00+00:00, run_after=2023-11-20T00:00:00+00:00
[2023-11-20T21:08:18.312+0500] {processor.py:179} INFO - Processing /usr/local/lib/python3.10/dist-packages/airflow/example_dags/example_branch_datetime_operator.py took 0.470 seconds
[2023-11-20T21:08:52.676+0500] {processor.py:157} INFO - Started process (PID=28561) to work on /usr/local/lib/python3.10/dist-packages/airflow/example_dags/example_branch_datetime_operator.py
[2023-11-20T21:08:52.680+0500] {processor.py:829} INFO - Processing file /usr/local/lib/python3.10/dist-packages/airflow/example_dags/example_branch_datetime_operator.py for tasks to queue
[2023-11-20T21:08:52.683+0500] {logging_mixin.py:154} INFO - [2023-11-20T21:08:52.682+0500] {dagbag.py:536} INFO - Filling up the DagBag from /usr/local/lib/python3.10/dist-packages/airflow/example_dags/example_branch_datetime_operator.py
[2023-11-20T21:08:52.762+0500] {processor.py:839} INFO - DAG(s) dict_keys(['example_branch_datetime_operator', 'example_branch_datetime_operator_3', 'example_branch_datetime_operator_2']) retrieved from /usr/local/lib/python3.10/dist-packages/airflow/example_dags/example_branch_datetime_operator.py
[2023-11-20T21:08:52.967+0500] {logging_mixin.py:154} INFO - [2023-11-20T21:08:52.966+0500] {dag.py:2941} INFO - Sync 3 DAGs
[2023-11-20T21:08:53.116+0500] {logging_mixin.py:154} INFO - [2023-11-20T21:08:53.115+0500] {dag.py:3722} INFO - Setting next_dagrun for example_branch_datetime_operator to 2023-11-19T00:00:00+00:00, run_after=2023-11-20T00:00:00+00:00
[2023-11-20T21:08:53.147+0500] {logging_mixin.py:154} INFO - [2023-11-20T21:08:53.146+0500] {dag.py:3722} INFO - Setting next_dagrun for example_branch_datetime_operator_2 to 2023-11-19T00:00:00+00:00, run_after=2023-11-20T00:00:00+00:00
[2023-11-20T21:08:53.165+0500] {logging_mixin.py:154} INFO - [2023-11-20T21:08:53.164+0500] {dag.py:3722} INFO - Setting next_dagrun for example_branch_datetime_operator_3 to 2023-11-19T00:00:00+00:00, run_after=2023-11-20T00:00:00+00:00
[2023-11-20T21:08:53.261+0500] {processor.py:179} INFO - Processing /usr/local/lib/python3.10/dist-packages/airflow/example_dags/example_branch_datetime_operator.py took 0.602 seconds
[2023-11-20T21:09:24.447+0500] {processor.py:157} INFO - Started process (PID=28778) to work on /usr/local/lib/python3.10/dist-packages/airflow/example_dags/example_branch_datetime_operator.py
[2023-11-20T21:09:24.450+0500] {processor.py:829} INFO - Processing file /usr/local/lib/python3.10/dist-packages/airflow/example_dags/example_branch_datetime_operator.py for tasks to queue
[2023-11-20T21:09:24.453+0500] {logging_mixin.py:154} INFO - [2023-11-20T21:09:24.452+0500] {dagbag.py:536} INFO - Filling up the DagBag from /usr/local/lib/python3.10/dist-packages/airflow/example_dags/example_branch_datetime_operator.py
[2023-11-20T21:09:24.497+0500] {processor.py:839} INFO - DAG(s) dict_keys(['example_branch_datetime_operator_2', 'example_branch_datetime_operator_3', 'example_branch_datetime_operator']) retrieved from /usr/local/lib/python3.10/dist-packages/airflow/example_dags/example_branch_datetime_operator.py
[2023-11-20T21:09:24.646+0500] {logging_mixin.py:154} INFO - [2023-11-20T21:09:24.646+0500] {dag.py:2941} INFO - Sync 3 DAGs
[2023-11-20T21:09:24.754+0500] {logging_mixin.py:154} INFO - [2023-11-20T21:09:24.754+0500] {dag.py:3722} INFO - Setting next_dagrun for example_branch_datetime_operator to 2023-11-19T00:00:00+00:00, run_after=2023-11-20T00:00:00+00:00
[2023-11-20T21:09:24.779+0500] {logging_mixin.py:154} INFO - [2023-11-20T21:09:24.778+0500] {dag.py:3722} INFO - Setting next_dagrun for example_branch_datetime_operator_2 to 2023-11-19T00:00:00+00:00, run_after=2023-11-20T00:00:00+00:00
[2023-11-20T21:09:24.793+0500] {logging_mixin.py:154} INFO - [2023-11-20T21:09:24.792+0500] {dag.py:3722} INFO - Setting next_dagrun for example_branch_datetime_operator_3 to 2023-11-19T00:00:00+00:00, run_after=2023-11-20T00:00:00+00:00
[2023-11-20T21:09:24.862+0500] {processor.py:179} INFO - Processing /usr/local/lib/python3.10/dist-packages/airflow/example_dags/example_branch_datetime_operator.py took 0.426 seconds
[2023-11-20T21:09:59.905+0500] {processor.py:157} INFO - Started process (PID=29082) to work on /usr/local/lib/python3.10/dist-packages/airflow/example_dags/example_branch_datetime_operator.py
[2023-11-20T21:09:59.908+0500] {processor.py:829} INFO - Processing file /usr/local/lib/python3.10/dist-packages/airflow/example_dags/example_branch_datetime_operator.py for tasks to queue
[2023-11-20T21:09:59.912+0500] {logging_mixin.py:154} INFO - [2023-11-20T21:09:59.910+0500] {dagbag.py:536} INFO - Filling up the DagBag from /usr/local/lib/python3.10/dist-packages/airflow/example_dags/example_branch_datetime_operator.py
[2023-11-20T21:09:59.962+0500] {processor.py:839} INFO - DAG(s) dict_keys(['example_branch_datetime_operator_3', 'example_branch_datetime_operator_2', 'example_branch_datetime_operator']) retrieved from /usr/local/lib/python3.10/dist-packages/airflow/example_dags/example_branch_datetime_operator.py
[2023-11-20T21:10:00.330+0500] {logging_mixin.py:154} INFO - [2023-11-20T21:10:00.329+0500] {dag.py:2941} INFO - Sync 3 DAGs
[2023-11-20T21:10:00.500+0500] {logging_mixin.py:154} INFO - [2023-11-20T21:10:00.499+0500] {dag.py:3722} INFO - Setting next_dagrun for example_branch_datetime_operator to 2023-11-19T00:00:00+00:00, run_after=2023-11-20T00:00:00+00:00
[2023-11-20T21:10:00.533+0500] {logging_mixin.py:154} INFO - [2023-11-20T21:10:00.533+0500] {dag.py:3722} INFO - Setting next_dagrun for example_branch_datetime_operator_2 to 2023-11-19T00:00:00+00:00, run_after=2023-11-20T00:00:00+00:00
[2023-11-20T21:10:00.555+0500] {logging_mixin.py:154} INFO - [2023-11-20T21:10:00.554+0500] {dag.py:3722} INFO - Setting next_dagrun for example_branch_datetime_operator_3 to 2023-11-19T00:00:00+00:00, run_after=2023-11-20T00:00:00+00:00
[2023-11-20T21:10:00.667+0500] {processor.py:179} INFO - Processing /usr/local/lib/python3.10/dist-packages/airflow/example_dags/example_branch_datetime_operator.py took 0.783 seconds
[2023-11-20T21:10:31.326+0500] {processor.py:157} INFO - Started process (PID=29329) to work on /usr/local/lib/python3.10/dist-packages/airflow/example_dags/example_branch_datetime_operator.py
[2023-11-20T21:10:31.330+0500] {processor.py:829} INFO - Processing file /usr/local/lib/python3.10/dist-packages/airflow/example_dags/example_branch_datetime_operator.py for tasks to queue
[2023-11-20T21:10:31.334+0500] {logging_mixin.py:154} INFO - [2023-11-20T21:10:31.333+0500] {dagbag.py:536} INFO - Filling up the DagBag from /usr/local/lib/python3.10/dist-packages/airflow/example_dags/example_branch_datetime_operator.py
[2023-11-20T21:10:31.387+0500] {processor.py:839} INFO - DAG(s) dict_keys(['example_branch_datetime_operator', 'example_branch_datetime_operator_2', 'example_branch_datetime_operator_3']) retrieved from /usr/local/lib/python3.10/dist-packages/airflow/example_dags/example_branch_datetime_operator.py
[2023-11-20T21:10:31.525+0500] {logging_mixin.py:154} INFO - [2023-11-20T21:10:31.525+0500] {dag.py:2941} INFO - Sync 3 DAGs
[2023-11-20T21:10:31.640+0500] {logging_mixin.py:154} INFO - [2023-11-20T21:10:31.639+0500] {dag.py:3722} INFO - Setting next_dagrun for example_branch_datetime_operator to 2023-11-19T00:00:00+00:00, run_after=2023-11-20T00:00:00+00:00
[2023-11-20T21:10:31.678+0500] {logging_mixin.py:154} INFO - [2023-11-20T21:10:31.677+0500] {dag.py:3722} INFO - Setting next_dagrun for example_branch_datetime_operator_2 to 2023-11-19T00:00:00+00:00, run_after=2023-11-20T00:00:00+00:00
[2023-11-20T21:10:31.698+0500] {logging_mixin.py:154} INFO - [2023-11-20T21:10:31.697+0500] {dag.py:3722} INFO - Setting next_dagrun for example_branch_datetime_operator_3 to 2023-11-19T00:00:00+00:00, run_after=2023-11-20T00:00:00+00:00
[2023-11-20T21:10:31.837+0500] {processor.py:179} INFO - Processing /usr/local/lib/python3.10/dist-packages/airflow/example_dags/example_branch_datetime_operator.py took 0.524 seconds
[2023-11-20T21:11:02.920+0500] {processor.py:157} INFO - Started process (PID=29488) to work on /usr/local/lib/python3.10/dist-packages/airflow/example_dags/example_branch_datetime_operator.py
[2023-11-20T21:11:02.925+0500] {processor.py:829} INFO - Processing file /usr/local/lib/python3.10/dist-packages/airflow/example_dags/example_branch_datetime_operator.py for tasks to queue
[2023-11-20T21:11:02.929+0500] {logging_mixin.py:154} INFO - [2023-11-20T21:11:02.928+0500] {dagbag.py:536} INFO - Filling up the DagBag from /usr/local/lib/python3.10/dist-packages/airflow/example_dags/example_branch_datetime_operator.py
[2023-11-20T21:11:02.982+0500] {processor.py:839} INFO - DAG(s) dict_keys(['example_branch_datetime_operator', 'example_branch_datetime_operator_2', 'example_branch_datetime_operator_3']) retrieved from /usr/local/lib/python3.10/dist-packages/airflow/example_dags/example_branch_datetime_operator.py
[2023-11-20T21:11:03.145+0500] {logging_mixin.py:154} INFO - [2023-11-20T21:11:03.144+0500] {dag.py:2941} INFO - Sync 3 DAGs
[2023-11-20T21:11:03.268+0500] {logging_mixin.py:154} INFO - [2023-11-20T21:11:03.267+0500] {dag.py:3722} INFO - Setting next_dagrun for example_branch_datetime_operator to 2023-11-19T00:00:00+00:00, run_after=2023-11-20T00:00:00+00:00
[2023-11-20T21:11:03.297+0500] {logging_mixin.py:154} INFO - [2023-11-20T21:11:03.296+0500] {dag.py:3722} INFO - Setting next_dagrun for example_branch_datetime_operator_2 to 2023-11-19T00:00:00+00:00, run_after=2023-11-20T00:00:00+00:00
[2023-11-20T21:11:03.318+0500] {logging_mixin.py:154} INFO - [2023-11-20T21:11:03.317+0500] {dag.py:3722} INFO - Setting next_dagrun for example_branch_datetime_operator_3 to 2023-11-19T00:00:00+00:00, run_after=2023-11-20T00:00:00+00:00
[2023-11-20T21:11:03.393+0500] {processor.py:179} INFO - Processing /usr/local/lib/python3.10/dist-packages/airflow/example_dags/example_branch_datetime_operator.py took 0.487 seconds
[2023-11-20T21:11:42.088+0500] {processor.py:157} INFO - Started process (PID=29668) to work on /usr/local/lib/python3.10/dist-packages/airflow/example_dags/example_branch_datetime_operator.py
[2023-11-20T21:11:42.101+0500] {processor.py:829} INFO - Processing file /usr/local/lib/python3.10/dist-packages/airflow/example_dags/example_branch_datetime_operator.py for tasks to queue
[2023-11-20T21:11:42.134+0500] {logging_mixin.py:154} INFO - [2023-11-20T21:11:42.133+0500] {dagbag.py:536} INFO - Filling up the DagBag from /usr/local/lib/python3.10/dist-packages/airflow/example_dags/example_branch_datetime_operator.py
[2023-11-20T21:11:42.220+0500] {processor.py:839} INFO - DAG(s) dict_keys(['example_branch_datetime_operator_3', 'example_branch_datetime_operator', 'example_branch_datetime_operator_2']) retrieved from /usr/local/lib/python3.10/dist-packages/airflow/example_dags/example_branch_datetime_operator.py
[2023-11-20T21:11:42.617+0500] {logging_mixin.py:154} INFO - [2023-11-20T21:11:42.610+0500] {dag.py:2941} INFO - Sync 3 DAGs
[2023-11-20T21:11:42.810+0500] {logging_mixin.py:154} INFO - [2023-11-20T21:11:42.809+0500] {dag.py:3722} INFO - Setting next_dagrun for example_branch_datetime_operator to 2023-11-19T00:00:00+00:00, run_after=2023-11-20T00:00:00+00:00
[2023-11-20T21:11:42.909+0500] {logging_mixin.py:154} INFO - [2023-11-20T21:11:42.909+0500] {dag.py:3722} INFO - Setting next_dagrun for example_branch_datetime_operator_2 to 2023-11-19T00:00:00+00:00, run_after=2023-11-20T00:00:00+00:00
[2023-11-20T21:11:42.951+0500] {logging_mixin.py:154} INFO - [2023-11-20T21:11:42.950+0500] {dag.py:3722} INFO - Setting next_dagrun for example_branch_datetime_operator_3 to 2023-11-19T00:00:00+00:00, run_after=2023-11-20T00:00:00+00:00
[2023-11-20T21:11:43.210+0500] {processor.py:179} INFO - Processing /usr/local/lib/python3.10/dist-packages/airflow/example_dags/example_branch_datetime_operator.py took 1.135 seconds
[2023-11-20T21:12:13.464+0500] {processor.py:157} INFO - Started process (PID=29863) to work on /usr/local/lib/python3.10/dist-packages/airflow/example_dags/example_branch_datetime_operator.py
[2023-11-20T21:12:13.469+0500] {processor.py:829} INFO - Processing file /usr/local/lib/python3.10/dist-packages/airflow/example_dags/example_branch_datetime_operator.py for tasks to queue
[2023-11-20T21:12:13.472+0500] {logging_mixin.py:154} INFO - [2023-11-20T21:12:13.471+0500] {dagbag.py:536} INFO - Filling up the DagBag from /usr/local/lib/python3.10/dist-packages/airflow/example_dags/example_branch_datetime_operator.py
[2023-11-20T21:12:13.576+0500] {processor.py:839} INFO - DAG(s) dict_keys(['example_branch_datetime_operator_3', 'example_branch_datetime_operator', 'example_branch_datetime_operator_2']) retrieved from /usr/local/lib/python3.10/dist-packages/airflow/example_dags/example_branch_datetime_operator.py
[2023-11-20T21:12:13.752+0500] {logging_mixin.py:154} INFO - [2023-11-20T21:12:13.751+0500] {dag.py:2941} INFO - Sync 3 DAGs
[2023-11-20T21:12:13.968+0500] {logging_mixin.py:154} INFO - [2023-11-20T21:12:13.967+0500] {dag.py:3722} INFO - Setting next_dagrun for example_branch_datetime_operator to 2023-11-19T00:00:00+00:00, run_after=2023-11-20T00:00:00+00:00
[2023-11-20T21:12:14.000+0500] {logging_mixin.py:154} INFO - [2023-11-20T21:12:13.999+0500] {dag.py:3722} INFO - Setting next_dagrun for example_branch_datetime_operator_2 to 2023-11-19T00:00:00+00:00, run_after=2023-11-20T00:00:00+00:00
[2023-11-20T21:12:14.031+0500] {logging_mixin.py:154} INFO - [2023-11-20T21:12:14.030+0500] {dag.py:3722} INFO - Setting next_dagrun for example_branch_datetime_operator_3 to 2023-11-19T00:00:00+00:00, run_after=2023-11-20T00:00:00+00:00
[2023-11-20T21:12:14.314+0500] {processor.py:179} INFO - Processing /usr/local/lib/python3.10/dist-packages/airflow/example_dags/example_branch_datetime_operator.py took 0.864 seconds
[2023-11-20T21:12:44.450+0500] {processor.py:157} INFO - Started process (PID=30089) to work on /usr/local/lib/python3.10/dist-packages/airflow/example_dags/example_branch_datetime_operator.py
[2023-11-20T21:12:44.453+0500] {processor.py:829} INFO - Processing file /usr/local/lib/python3.10/dist-packages/airflow/example_dags/example_branch_datetime_operator.py for tasks to queue
[2023-11-20T21:12:44.456+0500] {logging_mixin.py:154} INFO - [2023-11-20T21:12:44.455+0500] {dagbag.py:536} INFO - Filling up the DagBag from /usr/local/lib/python3.10/dist-packages/airflow/example_dags/example_branch_datetime_operator.py
[2023-11-20T21:12:44.498+0500] {processor.py:839} INFO - DAG(s) dict_keys(['example_branch_datetime_operator_3', 'example_branch_datetime_operator', 'example_branch_datetime_operator_2']) retrieved from /usr/local/lib/python3.10/dist-packages/airflow/example_dags/example_branch_datetime_operator.py
[2023-11-20T21:12:44.639+0500] {logging_mixin.py:154} INFO - [2023-11-20T21:12:44.638+0500] {dag.py:2941} INFO - Sync 3 DAGs
[2023-11-20T21:12:44.763+0500] {logging_mixin.py:154} INFO - [2023-11-20T21:12:44.762+0500] {dag.py:3722} INFO - Setting next_dagrun for example_branch_datetime_operator to 2023-11-19T00:00:00+00:00, run_after=2023-11-20T00:00:00+00:00
[2023-11-20T21:12:44.789+0500] {logging_mixin.py:154} INFO - [2023-11-20T21:12:44.788+0500] {dag.py:3722} INFO - Setting next_dagrun for example_branch_datetime_operator_2 to 2023-11-19T00:00:00+00:00, run_after=2023-11-20T00:00:00+00:00
[2023-11-20T21:12:44.804+0500] {logging_mixin.py:154} INFO - [2023-11-20T21:12:44.804+0500] {dag.py:3722} INFO - Setting next_dagrun for example_branch_datetime_operator_3 to 2023-11-19T00:00:00+00:00, run_after=2023-11-20T00:00:00+00:00
[2023-11-20T21:12:44.877+0500] {processor.py:179} INFO - Processing /usr/local/lib/python3.10/dist-packages/airflow/example_dags/example_branch_datetime_operator.py took 0.439 seconds
[2023-11-20T21:13:18.688+0500] {processor.py:157} INFO - Started process (PID=30267) to work on /usr/local/lib/python3.10/dist-packages/airflow/example_dags/example_branch_datetime_operator.py
[2023-11-20T21:13:18.692+0500] {processor.py:829} INFO - Processing file /usr/local/lib/python3.10/dist-packages/airflow/example_dags/example_branch_datetime_operator.py for tasks to queue
[2023-11-20T21:13:18.696+0500] {logging_mixin.py:154} INFO - [2023-11-20T21:13:18.695+0500] {dagbag.py:536} INFO - Filling up the DagBag from /usr/local/lib/python3.10/dist-packages/airflow/example_dags/example_branch_datetime_operator.py
[2023-11-20T21:13:18.749+0500] {processor.py:839} INFO - DAG(s) dict_keys(['example_branch_datetime_operator', 'example_branch_datetime_operator_2', 'example_branch_datetime_operator_3']) retrieved from /usr/local/lib/python3.10/dist-packages/airflow/example_dags/example_branch_datetime_operator.py
[2023-11-20T21:13:18.907+0500] {logging_mixin.py:154} INFO - [2023-11-20T21:13:18.906+0500] {dag.py:2941} INFO - Sync 3 DAGs
[2023-11-20T21:13:19.029+0500] {logging_mixin.py:154} INFO - [2023-11-20T21:13:19.028+0500] {dag.py:3722} INFO - Setting next_dagrun for example_branch_datetime_operator to 2023-11-19T00:00:00+00:00, run_after=2023-11-20T00:00:00+00:00
[2023-11-20T21:13:19.064+0500] {logging_mixin.py:154} INFO - [2023-11-20T21:13:19.063+0500] {dag.py:3722} INFO - Setting next_dagrun for example_branch_datetime_operator_2 to 2023-11-19T00:00:00+00:00, run_after=2023-11-20T00:00:00+00:00
[2023-11-20T21:13:19.080+0500] {logging_mixin.py:154} INFO - [2023-11-20T21:13:19.080+0500] {dag.py:3722} INFO - Setting next_dagrun for example_branch_datetime_operator_3 to 2023-11-19T00:00:00+00:00, run_after=2023-11-20T00:00:00+00:00
[2023-11-20T21:13:19.158+0500] {processor.py:179} INFO - Processing /usr/local/lib/python3.10/dist-packages/airflow/example_dags/example_branch_datetime_operator.py took 0.486 seconds
[2023-11-20T21:13:49.937+0500] {processor.py:157} INFO - Started process (PID=30369) to work on /usr/local/lib/python3.10/dist-packages/airflow/example_dags/example_branch_datetime_operator.py
[2023-11-20T21:13:49.941+0500] {processor.py:829} INFO - Processing file /usr/local/lib/python3.10/dist-packages/airflow/example_dags/example_branch_datetime_operator.py for tasks to queue
[2023-11-20T21:13:49.945+0500] {logging_mixin.py:154} INFO - [2023-11-20T21:13:49.944+0500] {dagbag.py:536} INFO - Filling up the DagBag from /usr/local/lib/python3.10/dist-packages/airflow/example_dags/example_branch_datetime_operator.py
[2023-11-20T21:13:49.996+0500] {processor.py:839} INFO - DAG(s) dict_keys(['example_branch_datetime_operator_2', 'example_branch_datetime_operator_3', 'example_branch_datetime_operator']) retrieved from /usr/local/lib/python3.10/dist-packages/airflow/example_dags/example_branch_datetime_operator.py
[2023-11-20T21:13:50.154+0500] {logging_mixin.py:154} INFO - [2023-11-20T21:13:50.153+0500] {dag.py:2941} INFO - Sync 3 DAGs
[2023-11-20T21:13:50.266+0500] {logging_mixin.py:154} INFO - [2023-11-20T21:13:50.265+0500] {dag.py:3722} INFO - Setting next_dagrun for example_branch_datetime_operator to 2023-11-19T00:00:00+00:00, run_after=2023-11-20T00:00:00+00:00
[2023-11-20T21:13:50.291+0500] {logging_mixin.py:154} INFO - [2023-11-20T21:13:50.290+0500] {dag.py:3722} INFO - Setting next_dagrun for example_branch_datetime_operator_2 to 2023-11-19T00:00:00+00:00, run_after=2023-11-20T00:00:00+00:00
[2023-11-20T21:13:50.306+0500] {logging_mixin.py:154} INFO - [2023-11-20T21:13:50.306+0500] {dag.py:3722} INFO - Setting next_dagrun for example_branch_datetime_operator_3 to 2023-11-19T00:00:00+00:00, run_after=2023-11-20T00:00:00+00:00
[2023-11-20T21:13:50.379+0500] {processor.py:179} INFO - Processing /usr/local/lib/python3.10/dist-packages/airflow/example_dags/example_branch_datetime_operator.py took 0.454 seconds
[2023-11-20T21:14:23.595+0500] {processor.py:157} INFO - Started process (PID=30491) to work on /usr/local/lib/python3.10/dist-packages/airflow/example_dags/example_branch_datetime_operator.py
[2023-11-20T21:14:23.598+0500] {processor.py:829} INFO - Processing file /usr/local/lib/python3.10/dist-packages/airflow/example_dags/example_branch_datetime_operator.py for tasks to queue
[2023-11-20T21:14:23.602+0500] {logging_mixin.py:154} INFO - [2023-11-20T21:14:23.601+0500] {dagbag.py:536} INFO - Filling up the DagBag from /usr/local/lib/python3.10/dist-packages/airflow/example_dags/example_branch_datetime_operator.py
[2023-11-20T21:14:23.645+0500] {processor.py:839} INFO - DAG(s) dict_keys(['example_branch_datetime_operator_2', 'example_branch_datetime_operator_3', 'example_branch_datetime_operator']) retrieved from /usr/local/lib/python3.10/dist-packages/airflow/example_dags/example_branch_datetime_operator.py
[2023-11-20T21:14:23.830+0500] {logging_mixin.py:154} INFO - [2023-11-20T21:14:23.829+0500] {dag.py:2941} INFO - Sync 3 DAGs
[2023-11-20T21:14:23.996+0500] {logging_mixin.py:154} INFO - [2023-11-20T21:14:23.995+0500] {dag.py:3722} INFO - Setting next_dagrun for example_branch_datetime_operator to 2023-11-19T00:00:00+00:00, run_after=2023-11-20T00:00:00+00:00
[2023-11-20T21:14:24.025+0500] {logging_mixin.py:154} INFO - [2023-11-20T21:14:24.025+0500] {dag.py:3722} INFO - Setting next_dagrun for example_branch_datetime_operator_2 to 2023-11-19T00:00:00+00:00, run_after=2023-11-20T00:00:00+00:00
[2023-11-20T21:14:24.043+0500] {logging_mixin.py:154} INFO - [2023-11-20T21:14:24.042+0500] {dag.py:3722} INFO - Setting next_dagrun for example_branch_datetime_operator_3 to 2023-11-19T00:00:00+00:00, run_after=2023-11-20T00:00:00+00:00
[2023-11-20T21:14:24.120+0500] {processor.py:179} INFO - Processing /usr/local/lib/python3.10/dist-packages/airflow/example_dags/example_branch_datetime_operator.py took 0.536 seconds
[2023-11-20T21:15:13.390+0500] {processor.py:157} INFO - Started process (PID=30804) to work on /usr/local/lib/python3.10/dist-packages/airflow/example_dags/example_branch_datetime_operator.py
[2023-11-20T21:15:13.393+0500] {processor.py:829} INFO - Processing file /usr/local/lib/python3.10/dist-packages/airflow/example_dags/example_branch_datetime_operator.py for tasks to queue
[2023-11-20T21:15:13.396+0500] {logging_mixin.py:154} INFO - [2023-11-20T21:15:13.395+0500] {dagbag.py:536} INFO - Filling up the DagBag from /usr/local/lib/python3.10/dist-packages/airflow/example_dags/example_branch_datetime_operator.py
[2023-11-20T21:15:13.445+0500] {processor.py:839} INFO - DAG(s) dict_keys(['example_branch_datetime_operator', 'example_branch_datetime_operator_3', 'example_branch_datetime_operator_2']) retrieved from /usr/local/lib/python3.10/dist-packages/airflow/example_dags/example_branch_datetime_operator.py
[2023-11-20T21:15:13.699+0500] {logging_mixin.py:154} INFO - [2023-11-20T21:15:13.698+0500] {dag.py:2941} INFO - Sync 3 DAGs
[2023-11-20T21:15:13.826+0500] {logging_mixin.py:154} INFO - [2023-11-20T21:15:13.825+0500] {dag.py:3722} INFO - Setting next_dagrun for example_branch_datetime_operator to 2023-11-19T00:00:00+00:00, run_after=2023-11-20T00:00:00+00:00
[2023-11-20T21:15:13.860+0500] {logging_mixin.py:154} INFO - [2023-11-20T21:15:13.859+0500] {dag.py:3722} INFO - Setting next_dagrun for example_branch_datetime_operator_2 to 2023-11-19T00:00:00+00:00, run_after=2023-11-20T00:00:00+00:00
[2023-11-20T21:15:13.884+0500] {logging_mixin.py:154} INFO - [2023-11-20T21:15:13.884+0500] {dag.py:3722} INFO - Setting next_dagrun for example_branch_datetime_operator_3 to 2023-11-19T00:00:00+00:00, run_after=2023-11-20T00:00:00+00:00
[2023-11-20T21:15:14.036+0500] {processor.py:179} INFO - Processing /usr/local/lib/python3.10/dist-packages/airflow/example_dags/example_branch_datetime_operator.py took 0.658 seconds
[2023-11-20T21:15:45.151+0500] {processor.py:157} INFO - Started process (PID=31014) to work on /usr/local/lib/python3.10/dist-packages/airflow/example_dags/example_branch_datetime_operator.py
[2023-11-20T21:15:45.156+0500] {processor.py:829} INFO - Processing file /usr/local/lib/python3.10/dist-packages/airflow/example_dags/example_branch_datetime_operator.py for tasks to queue
[2023-11-20T21:15:45.159+0500] {logging_mixin.py:154} INFO - [2023-11-20T21:15:45.158+0500] {dagbag.py:536} INFO - Filling up the DagBag from /usr/local/lib/python3.10/dist-packages/airflow/example_dags/example_branch_datetime_operator.py
[2023-11-20T21:15:45.204+0500] {processor.py:839} INFO - DAG(s) dict_keys(['example_branch_datetime_operator', 'example_branch_datetime_operator_3', 'example_branch_datetime_operator_2']) retrieved from /usr/local/lib/python3.10/dist-packages/airflow/example_dags/example_branch_datetime_operator.py
[2023-11-20T21:15:45.346+0500] {logging_mixin.py:154} INFO - [2023-11-20T21:15:45.345+0500] {dag.py:2941} INFO - Sync 3 DAGs
[2023-11-20T21:15:45.476+0500] {logging_mixin.py:154} INFO - [2023-11-20T21:15:45.475+0500] {dag.py:3722} INFO - Setting next_dagrun for example_branch_datetime_operator to 2023-11-19T00:00:00+00:00, run_after=2023-11-20T00:00:00+00:00
[2023-11-20T21:15:45.503+0500] {logging_mixin.py:154} INFO - [2023-11-20T21:15:45.502+0500] {dag.py:3722} INFO - Setting next_dagrun for example_branch_datetime_operator_2 to 2023-11-19T00:00:00+00:00, run_after=2023-11-20T00:00:00+00:00
[2023-11-20T21:15:45.518+0500] {logging_mixin.py:154} INFO - [2023-11-20T21:15:45.518+0500] {dag.py:3722} INFO - Setting next_dagrun for example_branch_datetime_operator_3 to 2023-11-19T00:00:00+00:00, run_after=2023-11-20T00:00:00+00:00
[2023-11-20T21:15:45.596+0500] {processor.py:179} INFO - Processing /usr/local/lib/python3.10/dist-packages/airflow/example_dags/example_branch_datetime_operator.py took 0.458 seconds
[2023-11-20T21:16:16.074+0500] {processor.py:157} INFO - Started process (PID=31171) to work on /usr/local/lib/python3.10/dist-packages/airflow/example_dags/example_branch_datetime_operator.py
[2023-11-20T21:16:16.077+0500] {processor.py:829} INFO - Processing file /usr/local/lib/python3.10/dist-packages/airflow/example_dags/example_branch_datetime_operator.py for tasks to queue
[2023-11-20T21:16:16.080+0500] {logging_mixin.py:154} INFO - [2023-11-20T21:16:16.079+0500] {dagbag.py:536} INFO - Filling up the DagBag from /usr/local/lib/python3.10/dist-packages/airflow/example_dags/example_branch_datetime_operator.py
[2023-11-20T21:16:16.127+0500] {processor.py:839} INFO - DAG(s) dict_keys(['example_branch_datetime_operator_3', 'example_branch_datetime_operator_2', 'example_branch_datetime_operator']) retrieved from /usr/local/lib/python3.10/dist-packages/airflow/example_dags/example_branch_datetime_operator.py
[2023-11-20T21:16:16.276+0500] {logging_mixin.py:154} INFO - [2023-11-20T21:16:16.276+0500] {dag.py:2941} INFO - Sync 3 DAGs
[2023-11-20T21:16:16.395+0500] {logging_mixin.py:154} INFO - [2023-11-20T21:16:16.394+0500] {dag.py:3722} INFO - Setting next_dagrun for example_branch_datetime_operator to 2023-11-19T00:00:00+00:00, run_after=2023-11-20T00:00:00+00:00
[2023-11-20T21:16:16.422+0500] {logging_mixin.py:154} INFO - [2023-11-20T21:16:16.422+0500] {dag.py:3722} INFO - Setting next_dagrun for example_branch_datetime_operator_2 to 2023-11-19T00:00:00+00:00, run_after=2023-11-20T00:00:00+00:00
[2023-11-20T21:16:16.440+0500] {logging_mixin.py:154} INFO - [2023-11-20T21:16:16.439+0500] {dag.py:3722} INFO - Setting next_dagrun for example_branch_datetime_operator_3 to 2023-11-19T00:00:00+00:00, run_after=2023-11-20T00:00:00+00:00
[2023-11-20T21:16:16.514+0500] {processor.py:179} INFO - Processing /usr/local/lib/python3.10/dist-packages/airflow/example_dags/example_branch_datetime_operator.py took 0.453 seconds
[2023-11-20T21:16:48.090+0500] {processor.py:157} INFO - Started process (PID=31271) to work on /usr/local/lib/python3.10/dist-packages/airflow/example_dags/example_branch_datetime_operator.py
[2023-11-20T21:16:48.093+0500] {processor.py:829} INFO - Processing file /usr/local/lib/python3.10/dist-packages/airflow/example_dags/example_branch_datetime_operator.py for tasks to queue
[2023-11-20T21:16:48.096+0500] {logging_mixin.py:154} INFO - [2023-11-20T21:16:48.095+0500] {dagbag.py:536} INFO - Filling up the DagBag from /usr/local/lib/python3.10/dist-packages/airflow/example_dags/example_branch_datetime_operator.py
[2023-11-20T21:16:48.147+0500] {processor.py:839} INFO - DAG(s) dict_keys(['example_branch_datetime_operator_3', 'example_branch_datetime_operator_2', 'example_branch_datetime_operator']) retrieved from /usr/local/lib/python3.10/dist-packages/airflow/example_dags/example_branch_datetime_operator.py
[2023-11-20T21:16:48.308+0500] {logging_mixin.py:154} INFO - [2023-11-20T21:16:48.308+0500] {dag.py:2941} INFO - Sync 3 DAGs
[2023-11-20T21:16:48.477+0500] {logging_mixin.py:154} INFO - [2023-11-20T21:16:48.476+0500] {dag.py:3722} INFO - Setting next_dagrun for example_branch_datetime_operator to 2023-11-19T00:00:00+00:00, run_after=2023-11-20T00:00:00+00:00
[2023-11-20T21:16:48.517+0500] {logging_mixin.py:154} INFO - [2023-11-20T21:16:48.516+0500] {dag.py:3722} INFO - Setting next_dagrun for example_branch_datetime_operator_2 to 2023-11-19T00:00:00+00:00, run_after=2023-11-20T00:00:00+00:00
[2023-11-20T21:16:48.538+0500] {logging_mixin.py:154} INFO - [2023-11-20T21:16:48.538+0500] {dag.py:3722} INFO - Setting next_dagrun for example_branch_datetime_operator_3 to 2023-11-19T00:00:00+00:00, run_after=2023-11-20T00:00:00+00:00
[2023-11-20T21:16:48.635+0500] {processor.py:179} INFO - Processing /usr/local/lib/python3.10/dist-packages/airflow/example_dags/example_branch_datetime_operator.py took 0.558 seconds
[2023-11-20T21:17:22.943+0500] {processor.py:157} INFO - Started process (PID=31415) to work on /usr/local/lib/python3.10/dist-packages/airflow/example_dags/example_branch_datetime_operator.py
[2023-11-20T21:17:22.946+0500] {processor.py:829} INFO - Processing file /usr/local/lib/python3.10/dist-packages/airflow/example_dags/example_branch_datetime_operator.py for tasks to queue
[2023-11-20T21:17:22.949+0500] {logging_mixin.py:154} INFO - [2023-11-20T21:17:22.948+0500] {dagbag.py:536} INFO - Filling up the DagBag from /usr/local/lib/python3.10/dist-packages/airflow/example_dags/example_branch_datetime_operator.py
[2023-11-20T21:17:22.993+0500] {processor.py:839} INFO - DAG(s) dict_keys(['example_branch_datetime_operator_3', 'example_branch_datetime_operator', 'example_branch_datetime_operator_2']) retrieved from /usr/local/lib/python3.10/dist-packages/airflow/example_dags/example_branch_datetime_operator.py
[2023-11-20T21:17:23.134+0500] {logging_mixin.py:154} INFO - [2023-11-20T21:17:23.134+0500] {dag.py:2941} INFO - Sync 3 DAGs
[2023-11-20T21:17:23.261+0500] {logging_mixin.py:154} INFO - [2023-11-20T21:17:23.259+0500] {dag.py:3722} INFO - Setting next_dagrun for example_branch_datetime_operator to 2023-11-19T00:00:00+00:00, run_after=2023-11-20T00:00:00+00:00
[2023-11-20T21:17:23.305+0500] {logging_mixin.py:154} INFO - [2023-11-20T21:17:23.304+0500] {dag.py:3722} INFO - Setting next_dagrun for example_branch_datetime_operator_2 to 2023-11-19T00:00:00+00:00, run_after=2023-11-20T00:00:00+00:00
[2023-11-20T21:17:23.322+0500] {logging_mixin.py:154} INFO - [2023-11-20T21:17:23.321+0500] {dag.py:3722} INFO - Setting next_dagrun for example_branch_datetime_operator_3 to 2023-11-19T00:00:00+00:00, run_after=2023-11-20T00:00:00+00:00
[2023-11-20T21:17:23.455+0500] {processor.py:179} INFO - Processing /usr/local/lib/python3.10/dist-packages/airflow/example_dags/example_branch_datetime_operator.py took 0.523 seconds
[2023-11-20T21:17:54.670+0500] {processor.py:157} INFO - Started process (PID=31527) to work on /usr/local/lib/python3.10/dist-packages/airflow/example_dags/example_branch_datetime_operator.py
[2023-11-20T21:17:54.673+0500] {processor.py:829} INFO - Processing file /usr/local/lib/python3.10/dist-packages/airflow/example_dags/example_branch_datetime_operator.py for tasks to queue
[2023-11-20T21:17:54.676+0500] {logging_mixin.py:154} INFO - [2023-11-20T21:17:54.675+0500] {dagbag.py:536} INFO - Filling up the DagBag from /usr/local/lib/python3.10/dist-packages/airflow/example_dags/example_branch_datetime_operator.py
[2023-11-20T21:17:54.718+0500] {processor.py:839} INFO - DAG(s) dict_keys(['example_branch_datetime_operator_3', 'example_branch_datetime_operator_2', 'example_branch_datetime_operator']) retrieved from /usr/local/lib/python3.10/dist-packages/airflow/example_dags/example_branch_datetime_operator.py
[2023-11-20T21:17:54.863+0500] {logging_mixin.py:154} INFO - [2023-11-20T21:17:54.862+0500] {dag.py:2941} INFO - Sync 3 DAGs
[2023-11-20T21:17:54.979+0500] {logging_mixin.py:154} INFO - [2023-11-20T21:17:54.978+0500] {dag.py:3722} INFO - Setting next_dagrun for example_branch_datetime_operator to 2023-11-19T00:00:00+00:00, run_after=2023-11-20T00:00:00+00:00
[2023-11-20T21:17:55.004+0500] {logging_mixin.py:154} INFO - [2023-11-20T21:17:55.003+0500] {dag.py:3722} INFO - Setting next_dagrun for example_branch_datetime_operator_2 to 2023-11-19T00:00:00+00:00, run_after=2023-11-20T00:00:00+00:00
[2023-11-20T21:17:55.019+0500] {logging_mixin.py:154} INFO - [2023-11-20T21:17:55.018+0500] {dag.py:3722} INFO - Setting next_dagrun for example_branch_datetime_operator_3 to 2023-11-19T00:00:00+00:00, run_after=2023-11-20T00:00:00+00:00
[2023-11-20T21:17:55.091+0500] {processor.py:179} INFO - Processing /usr/local/lib/python3.10/dist-packages/airflow/example_dags/example_branch_datetime_operator.py took 0.432 seconds
[2023-11-20T21:18:32.924+0500] {processor.py:157} INFO - Started process (PID=31663) to work on /usr/local/lib/python3.10/dist-packages/airflow/example_dags/example_branch_datetime_operator.py
[2023-11-20T21:18:32.928+0500] {processor.py:829} INFO - Processing file /usr/local/lib/python3.10/dist-packages/airflow/example_dags/example_branch_datetime_operator.py for tasks to queue
[2023-11-20T21:18:32.931+0500] {logging_mixin.py:154} INFO - [2023-11-20T21:18:32.930+0500] {dagbag.py:536} INFO - Filling up the DagBag from /usr/local/lib/python3.10/dist-packages/airflow/example_dags/example_branch_datetime_operator.py
[2023-11-20T21:18:32.974+0500] {processor.py:839} INFO - DAG(s) dict_keys(['example_branch_datetime_operator_2', 'example_branch_datetime_operator_3', 'example_branch_datetime_operator']) retrieved from /usr/local/lib/python3.10/dist-packages/airflow/example_dags/example_branch_datetime_operator.py
[2023-11-20T21:18:33.128+0500] {logging_mixin.py:154} INFO - [2023-11-20T21:18:33.127+0500] {dag.py:2941} INFO - Sync 3 DAGs
[2023-11-20T21:18:33.291+0500] {logging_mixin.py:154} INFO - [2023-11-20T21:18:33.290+0500] {dag.py:3722} INFO - Setting next_dagrun for example_branch_datetime_operator to 2023-11-19T00:00:00+00:00, run_after=2023-11-20T00:00:00+00:00
[2023-11-20T21:18:33.336+0500] {logging_mixin.py:154} INFO - [2023-11-20T21:18:33.336+0500] {dag.py:3722} INFO - Setting next_dagrun for example_branch_datetime_operator_2 to 2023-11-19T00:00:00+00:00, run_after=2023-11-20T00:00:00+00:00
[2023-11-20T21:18:33.352+0500] {logging_mixin.py:154} INFO - [2023-11-20T21:18:33.351+0500] {dag.py:3722} INFO - Setting next_dagrun for example_branch_datetime_operator_3 to 2023-11-19T00:00:00+00:00, run_after=2023-11-20T00:00:00+00:00
[2023-11-20T21:18:33.460+0500] {processor.py:179} INFO - Processing /usr/local/lib/python3.10/dist-packages/airflow/example_dags/example_branch_datetime_operator.py took 0.549 seconds
[2023-11-20T21:19:04.984+0500] {processor.py:157} INFO - Started process (PID=31771) to work on /usr/local/lib/python3.10/dist-packages/airflow/example_dags/example_branch_datetime_operator.py
[2023-11-20T21:19:04.988+0500] {processor.py:829} INFO - Processing file /usr/local/lib/python3.10/dist-packages/airflow/example_dags/example_branch_datetime_operator.py for tasks to queue
[2023-11-20T21:19:04.991+0500] {logging_mixin.py:154} INFO - [2023-11-20T21:19:04.990+0500] {dagbag.py:536} INFO - Filling up the DagBag from /usr/local/lib/python3.10/dist-packages/airflow/example_dags/example_branch_datetime_operator.py
[2023-11-20T21:19:05.065+0500] {processor.py:839} INFO - DAG(s) dict_keys(['example_branch_datetime_operator_2', 'example_branch_datetime_operator_3', 'example_branch_datetime_operator']) retrieved from /usr/local/lib/python3.10/dist-packages/airflow/example_dags/example_branch_datetime_operator.py
[2023-11-20T21:19:05.218+0500] {logging_mixin.py:154} INFO - [2023-11-20T21:19:05.211+0500] {dag.py:2941} INFO - Sync 3 DAGs
[2023-11-20T21:19:05.449+0500] {logging_mixin.py:154} INFO - [2023-11-20T21:19:05.448+0500] {dag.py:3722} INFO - Setting next_dagrun for example_branch_datetime_operator to 2023-11-19T00:00:00+00:00, run_after=2023-11-20T00:00:00+00:00
[2023-11-20T21:19:05.511+0500] {logging_mixin.py:154} INFO - [2023-11-20T21:19:05.507+0500] {dag.py:3722} INFO - Setting next_dagrun for example_branch_datetime_operator_2 to 2023-11-19T00:00:00+00:00, run_after=2023-11-20T00:00:00+00:00
[2023-11-20T21:19:05.590+0500] {logging_mixin.py:154} INFO - [2023-11-20T21:19:05.590+0500] {dag.py:3722} INFO - Setting next_dagrun for example_branch_datetime_operator_3 to 2023-11-19T00:00:00+00:00, run_after=2023-11-20T00:00:00+00:00
[2023-11-20T21:19:05.853+0500] {processor.py:179} INFO - Processing /usr/local/lib/python3.10/dist-packages/airflow/example_dags/example_branch_datetime_operator.py took 0.882 seconds
[2023-11-20T21:19:36.069+0500] {processor.py:157} INFO - Started process (PID=31935) to work on /usr/local/lib/python3.10/dist-packages/airflow/example_dags/example_branch_datetime_operator.py
[2023-11-20T21:19:36.072+0500] {processor.py:829} INFO - Processing file /usr/local/lib/python3.10/dist-packages/airflow/example_dags/example_branch_datetime_operator.py for tasks to queue
[2023-11-20T21:19:36.076+0500] {logging_mixin.py:154} INFO - [2023-11-20T21:19:36.074+0500] {dagbag.py:536} INFO - Filling up the DagBag from /usr/local/lib/python3.10/dist-packages/airflow/example_dags/example_branch_datetime_operator.py
[2023-11-20T21:19:36.121+0500] {processor.py:839} INFO - DAG(s) dict_keys(['example_branch_datetime_operator_2', 'example_branch_datetime_operator_3', 'example_branch_datetime_operator']) retrieved from /usr/local/lib/python3.10/dist-packages/airflow/example_dags/example_branch_datetime_operator.py
[2023-11-20T21:19:36.263+0500] {logging_mixin.py:154} INFO - [2023-11-20T21:19:36.262+0500] {dag.py:2941} INFO - Sync 3 DAGs
[2023-11-20T21:19:36.373+0500] {logging_mixin.py:154} INFO - [2023-11-20T21:19:36.372+0500] {dag.py:3722} INFO - Setting next_dagrun for example_branch_datetime_operator to 2023-11-19T00:00:00+00:00, run_after=2023-11-20T00:00:00+00:00
[2023-11-20T21:19:36.397+0500] {logging_mixin.py:154} INFO - [2023-11-20T21:19:36.397+0500] {dag.py:3722} INFO - Setting next_dagrun for example_branch_datetime_operator_2 to 2023-11-19T00:00:00+00:00, run_after=2023-11-20T00:00:00+00:00
[2023-11-20T21:19:36.412+0500] {logging_mixin.py:154} INFO - [2023-11-20T21:19:36.411+0500] {dag.py:3722} INFO - Setting next_dagrun for example_branch_datetime_operator_3 to 2023-11-19T00:00:00+00:00, run_after=2023-11-20T00:00:00+00:00
[2023-11-20T21:19:36.482+0500] {processor.py:179} INFO - Processing /usr/local/lib/python3.10/dist-packages/airflow/example_dags/example_branch_datetime_operator.py took 0.426 seconds
[2023-11-20T21:20:10.676+0500] {processor.py:157} INFO - Started process (PID=32487) to work on /usr/local/lib/python3.10/dist-packages/airflow/example_dags/example_branch_datetime_operator.py
[2023-11-20T21:20:10.682+0500] {processor.py:829} INFO - Processing file /usr/local/lib/python3.10/dist-packages/airflow/example_dags/example_branch_datetime_operator.py for tasks to queue
[2023-11-20T21:20:10.685+0500] {logging_mixin.py:154} INFO - [2023-11-20T21:20:10.684+0500] {dagbag.py:536} INFO - Filling up the DagBag from /usr/local/lib/python3.10/dist-packages/airflow/example_dags/example_branch_datetime_operator.py
[2023-11-20T21:20:10.751+0500] {processor.py:839} INFO - DAG(s) dict_keys(['example_branch_datetime_operator_3', 'example_branch_datetime_operator_2', 'example_branch_datetime_operator']) retrieved from /usr/local/lib/python3.10/dist-packages/airflow/example_dags/example_branch_datetime_operator.py
[2023-11-20T21:20:10.904+0500] {logging_mixin.py:154} INFO - [2023-11-20T21:20:10.904+0500] {dag.py:2941} INFO - Sync 3 DAGs
[2023-11-20T21:20:11.044+0500] {logging_mixin.py:154} INFO - [2023-11-20T21:20:11.043+0500] {dag.py:3722} INFO - Setting next_dagrun for example_branch_datetime_operator to 2023-11-19T00:00:00+00:00, run_after=2023-11-20T00:00:00+00:00
[2023-11-20T21:20:11.071+0500] {logging_mixin.py:154} INFO - [2023-11-20T21:20:11.070+0500] {dag.py:3722} INFO - Setting next_dagrun for example_branch_datetime_operator_2 to 2023-11-19T00:00:00+00:00, run_after=2023-11-20T00:00:00+00:00
[2023-11-20T21:20:11.090+0500] {logging_mixin.py:154} INFO - [2023-11-20T21:20:11.089+0500] {dag.py:3722} INFO - Setting next_dagrun for example_branch_datetime_operator_3 to 2023-11-19T00:00:00+00:00, run_after=2023-11-20T00:00:00+00:00
[2023-11-20T21:20:11.194+0500] {processor.py:179} INFO - Processing /usr/local/lib/python3.10/dist-packages/airflow/example_dags/example_branch_datetime_operator.py took 0.530 seconds
[2023-11-20T21:20:45.564+0500] {processor.py:157} INFO - Started process (PID=32735) to work on /usr/local/lib/python3.10/dist-packages/airflow/example_dags/example_branch_datetime_operator.py
[2023-11-20T21:20:45.579+0500] {processor.py:829} INFO - Processing file /usr/local/lib/python3.10/dist-packages/airflow/example_dags/example_branch_datetime_operator.py for tasks to queue
[2023-11-20T21:20:45.585+0500] {logging_mixin.py:154} INFO - [2023-11-20T21:20:45.584+0500] {dagbag.py:536} INFO - Filling up the DagBag from /usr/local/lib/python3.10/dist-packages/airflow/example_dags/example_branch_datetime_operator.py
[2023-11-20T21:20:45.654+0500] {processor.py:839} INFO - DAG(s) dict_keys(['example_branch_datetime_operator_2', 'example_branch_datetime_operator_3', 'example_branch_datetime_operator']) retrieved from /usr/local/lib/python3.10/dist-packages/airflow/example_dags/example_branch_datetime_operator.py
[2023-11-20T21:20:45.902+0500] {logging_mixin.py:154} INFO - [2023-11-20T21:20:45.901+0500] {dag.py:2941} INFO - Sync 3 DAGs
[2023-11-20T21:20:46.064+0500] {logging_mixin.py:154} INFO - [2023-11-20T21:20:46.063+0500] {dag.py:3722} INFO - Setting next_dagrun for example_branch_datetime_operator to 2023-11-19T00:00:00+00:00, run_after=2023-11-20T00:00:00+00:00
[2023-11-20T21:20:46.091+0500] {logging_mixin.py:154} INFO - [2023-11-20T21:20:46.090+0500] {dag.py:3722} INFO - Setting next_dagrun for example_branch_datetime_operator_2 to 2023-11-19T00:00:00+00:00, run_after=2023-11-20T00:00:00+00:00
[2023-11-20T21:20:46.107+0500] {logging_mixin.py:154} INFO - [2023-11-20T21:20:46.106+0500] {dag.py:3722} INFO - Setting next_dagrun for example_branch_datetime_operator_3 to 2023-11-19T00:00:00+00:00, run_after=2023-11-20T00:00:00+00:00
[2023-11-20T21:20:46.187+0500] {processor.py:179} INFO - Processing /usr/local/lib/python3.10/dist-packages/airflow/example_dags/example_branch_datetime_operator.py took 0.644 seconds
[2023-11-20T21:21:43.876+0500] {processor.py:157} INFO - Started process (PID=33042) to work on /usr/local/lib/python3.10/dist-packages/airflow/example_dags/example_branch_datetime_operator.py
[2023-11-20T21:21:43.881+0500] {processor.py:829} INFO - Processing file /usr/local/lib/python3.10/dist-packages/airflow/example_dags/example_branch_datetime_operator.py for tasks to queue
[2023-11-20T21:21:43.890+0500] {logging_mixin.py:154} INFO - [2023-11-20T21:21:43.884+0500] {dagbag.py:536} INFO - Filling up the DagBag from /usr/local/lib/python3.10/dist-packages/airflow/example_dags/example_branch_datetime_operator.py
[2023-11-20T21:21:44.114+0500] {processor.py:839} INFO - DAG(s) dict_keys(['example_branch_datetime_operator', 'example_branch_datetime_operator_3', 'example_branch_datetime_operator_2']) retrieved from /usr/local/lib/python3.10/dist-packages/airflow/example_dags/example_branch_datetime_operator.py
[2023-11-20T21:21:44.873+0500] {logging_mixin.py:154} INFO - [2023-11-20T21:21:44.872+0500] {dag.py:2941} INFO - Sync 3 DAGs
[2023-11-20T21:21:45.107+0500] {logging_mixin.py:154} INFO - [2023-11-20T21:21:45.106+0500] {dag.py:3722} INFO - Setting next_dagrun for example_branch_datetime_operator to 2023-11-19T00:00:00+00:00, run_after=2023-11-20T00:00:00+00:00
[2023-11-20T21:21:45.154+0500] {logging_mixin.py:154} INFO - [2023-11-20T21:21:45.154+0500] {dag.py:3722} INFO - Setting next_dagrun for example_branch_datetime_operator_2 to 2023-11-19T00:00:00+00:00, run_after=2023-11-20T00:00:00+00:00
[2023-11-20T21:21:45.183+0500] {logging_mixin.py:154} INFO - [2023-11-20T21:21:45.182+0500] {dag.py:3722} INFO - Setting next_dagrun for example_branch_datetime_operator_3 to 2023-11-19T00:00:00+00:00, run_after=2023-11-20T00:00:00+00:00
[2023-11-20T21:21:45.322+0500] {processor.py:179} INFO - Processing /usr/local/lib/python3.10/dist-packages/airflow/example_dags/example_branch_datetime_operator.py took 1.550 seconds
[2023-11-20T21:22:18.938+0500] {processor.py:157} INFO - Started process (PID=33194) to work on /usr/local/lib/python3.10/dist-packages/airflow/example_dags/example_branch_datetime_operator.py
[2023-11-20T21:22:18.942+0500] {processor.py:829} INFO - Processing file /usr/local/lib/python3.10/dist-packages/airflow/example_dags/example_branch_datetime_operator.py for tasks to queue
[2023-11-20T21:22:18.945+0500] {logging_mixin.py:154} INFO - [2023-11-20T21:22:18.944+0500] {dagbag.py:536} INFO - Filling up the DagBag from /usr/local/lib/python3.10/dist-packages/airflow/example_dags/example_branch_datetime_operator.py
[2023-11-20T21:22:18.993+0500] {processor.py:839} INFO - DAG(s) dict_keys(['example_branch_datetime_operator', 'example_branch_datetime_operator_2', 'example_branch_datetime_operator_3']) retrieved from /usr/local/lib/python3.10/dist-packages/airflow/example_dags/example_branch_datetime_operator.py
[2023-11-20T21:22:19.132+0500] {logging_mixin.py:154} INFO - [2023-11-20T21:22:19.131+0500] {dag.py:2941} INFO - Sync 3 DAGs
[2023-11-20T21:22:19.259+0500] {logging_mixin.py:154} INFO - [2023-11-20T21:22:19.258+0500] {dag.py:3722} INFO - Setting next_dagrun for example_branch_datetime_operator to 2023-11-19T00:00:00+00:00, run_after=2023-11-20T00:00:00+00:00
[2023-11-20T21:22:19.293+0500] {logging_mixin.py:154} INFO - [2023-11-20T21:22:19.292+0500] {dag.py:3722} INFO - Setting next_dagrun for example_branch_datetime_operator_2 to 2023-11-19T00:00:00+00:00, run_after=2023-11-20T00:00:00+00:00
[2023-11-20T21:22:19.313+0500] {logging_mixin.py:154} INFO - [2023-11-20T21:22:19.312+0500] {dag.py:3722} INFO - Setting next_dagrun for example_branch_datetime_operator_3 to 2023-11-19T00:00:00+00:00, run_after=2023-11-20T00:00:00+00:00
[2023-11-20T21:22:19.401+0500] {processor.py:179} INFO - Processing /usr/local/lib/python3.10/dist-packages/airflow/example_dags/example_branch_datetime_operator.py took 0.477 seconds
[2023-11-20T21:22:50.031+0500] {processor.py:157} INFO - Started process (PID=33328) to work on /usr/local/lib/python3.10/dist-packages/airflow/example_dags/example_branch_datetime_operator.py
[2023-11-20T21:22:50.034+0500] {processor.py:829} INFO - Processing file /usr/local/lib/python3.10/dist-packages/airflow/example_dags/example_branch_datetime_operator.py for tasks to queue
[2023-11-20T21:22:50.037+0500] {logging_mixin.py:154} INFO - [2023-11-20T21:22:50.036+0500] {dagbag.py:536} INFO - Filling up the DagBag from /usr/local/lib/python3.10/dist-packages/airflow/example_dags/example_branch_datetime_operator.py
[2023-11-20T21:22:50.083+0500] {processor.py:839} INFO - DAG(s) dict_keys(['example_branch_datetime_operator_3', 'example_branch_datetime_operator_2', 'example_branch_datetime_operator']) retrieved from /usr/local/lib/python3.10/dist-packages/airflow/example_dags/example_branch_datetime_operator.py
[2023-11-20T21:22:50.237+0500] {logging_mixin.py:154} INFO - [2023-11-20T21:22:50.236+0500] {dag.py:2941} INFO - Sync 3 DAGs
[2023-11-20T21:22:50.378+0500] {logging_mixin.py:154} INFO - [2023-11-20T21:22:50.377+0500] {dag.py:3722} INFO - Setting next_dagrun for example_branch_datetime_operator to 2023-11-19T00:00:00+00:00, run_after=2023-11-20T00:00:00+00:00
[2023-11-20T21:22:50.406+0500] {logging_mixin.py:154} INFO - [2023-11-20T21:22:50.405+0500] {dag.py:3722} INFO - Setting next_dagrun for example_branch_datetime_operator_2 to 2023-11-19T00:00:00+00:00, run_after=2023-11-20T00:00:00+00:00
[2023-11-20T21:22:50.423+0500] {logging_mixin.py:154} INFO - [2023-11-20T21:22:50.422+0500] {dag.py:3722} INFO - Setting next_dagrun for example_branch_datetime_operator_3 to 2023-11-19T00:00:00+00:00, run_after=2023-11-20T00:00:00+00:00
[2023-11-20T21:22:50.495+0500] {processor.py:179} INFO - Processing /usr/local/lib/python3.10/dist-packages/airflow/example_dags/example_branch_datetime_operator.py took 0.477 seconds
[2023-11-20T21:23:22.202+0500] {processor.py:157} INFO - Started process (PID=33472) to work on /usr/local/lib/python3.10/dist-packages/airflow/example_dags/example_branch_datetime_operator.py
[2023-11-20T21:23:22.209+0500] {processor.py:829} INFO - Processing file /usr/local/lib/python3.10/dist-packages/airflow/example_dags/example_branch_datetime_operator.py for tasks to queue
[2023-11-20T21:23:22.212+0500] {logging_mixin.py:154} INFO - [2023-11-20T21:23:22.211+0500] {dagbag.py:536} INFO - Filling up the DagBag from /usr/local/lib/python3.10/dist-packages/airflow/example_dags/example_branch_datetime_operator.py
[2023-11-20T21:23:22.260+0500] {processor.py:839} INFO - DAG(s) dict_keys(['example_branch_datetime_operator', 'example_branch_datetime_operator_2', 'example_branch_datetime_operator_3']) retrieved from /usr/local/lib/python3.10/dist-packages/airflow/example_dags/example_branch_datetime_operator.py
[2023-11-20T21:23:22.415+0500] {logging_mixin.py:154} INFO - [2023-11-20T21:23:22.414+0500] {dag.py:2941} INFO - Sync 3 DAGs
[2023-11-20T21:23:22.548+0500] {logging_mixin.py:154} INFO - [2023-11-20T21:23:22.546+0500] {dag.py:3722} INFO - Setting next_dagrun for example_branch_datetime_operator to 2023-11-19T00:00:00+00:00, run_after=2023-11-20T00:00:00+00:00
[2023-11-20T21:23:22.575+0500] {logging_mixin.py:154} INFO - [2023-11-20T21:23:22.574+0500] {dag.py:3722} INFO - Setting next_dagrun for example_branch_datetime_operator_2 to 2023-11-19T00:00:00+00:00, run_after=2023-11-20T00:00:00+00:00
[2023-11-20T21:23:22.591+0500] {logging_mixin.py:154} INFO - [2023-11-20T21:23:22.590+0500] {dag.py:3722} INFO - Setting next_dagrun for example_branch_datetime_operator_3 to 2023-11-19T00:00:00+00:00, run_after=2023-11-20T00:00:00+00:00
[2023-11-20T21:23:22.675+0500] {processor.py:179} INFO - Processing /usr/local/lib/python3.10/dist-packages/airflow/example_dags/example_branch_datetime_operator.py took 0.485 seconds
[2023-11-20T21:23:53.579+0500] {processor.py:157} INFO - Started process (PID=33585) to work on /usr/local/lib/python3.10/dist-packages/airflow/example_dags/example_branch_datetime_operator.py
[2023-11-20T21:23:53.582+0500] {processor.py:829} INFO - Processing file /usr/local/lib/python3.10/dist-packages/airflow/example_dags/example_branch_datetime_operator.py for tasks to queue
[2023-11-20T21:23:53.585+0500] {logging_mixin.py:154} INFO - [2023-11-20T21:23:53.584+0500] {dagbag.py:536} INFO - Filling up the DagBag from /usr/local/lib/python3.10/dist-packages/airflow/example_dags/example_branch_datetime_operator.py
[2023-11-20T21:23:53.631+0500] {processor.py:839} INFO - DAG(s) dict_keys(['example_branch_datetime_operator', 'example_branch_datetime_operator_2', 'example_branch_datetime_operator_3']) retrieved from /usr/local/lib/python3.10/dist-packages/airflow/example_dags/example_branch_datetime_operator.py
[2023-11-20T21:23:53.806+0500] {logging_mixin.py:154} INFO - [2023-11-20T21:23:53.801+0500] {dag.py:2941} INFO - Sync 3 DAGs
[2023-11-20T21:23:53.978+0500] {logging_mixin.py:154} INFO - [2023-11-20T21:23:53.977+0500] {dag.py:3722} INFO - Setting next_dagrun for example_branch_datetime_operator to 2023-11-19T00:00:00+00:00, run_after=2023-11-20T00:00:00+00:00
[2023-11-20T21:23:54.021+0500] {logging_mixin.py:154} INFO - [2023-11-20T21:23:54.020+0500] {dag.py:3722} INFO - Setting next_dagrun for example_branch_datetime_operator_2 to 2023-11-19T00:00:00+00:00, run_after=2023-11-20T00:00:00+00:00
[2023-11-20T21:23:54.040+0500] {logging_mixin.py:154} INFO - [2023-11-20T21:23:54.039+0500] {dag.py:3722} INFO - Setting next_dagrun for example_branch_datetime_operator_3 to 2023-11-19T00:00:00+00:00, run_after=2023-11-20T00:00:00+00:00
[2023-11-20T21:23:54.131+0500] {processor.py:179} INFO - Processing /usr/local/lib/python3.10/dist-packages/airflow/example_dags/example_branch_datetime_operator.py took 0.565 seconds
[2023-11-20T21:24:51.222+0500] {processor.py:157} INFO - Started process (PID=33722) to work on /usr/local/lib/python3.10/dist-packages/airflow/example_dags/example_branch_datetime_operator.py
[2023-11-20T21:24:51.229+0500] {processor.py:829} INFO - Processing file /usr/local/lib/python3.10/dist-packages/airflow/example_dags/example_branch_datetime_operator.py for tasks to queue
[2023-11-20T21:24:51.236+0500] {logging_mixin.py:154} INFO - [2023-11-20T21:24:51.233+0500] {dagbag.py:536} INFO - Filling up the DagBag from /usr/local/lib/python3.10/dist-packages/airflow/example_dags/example_branch_datetime_operator.py
[2023-11-20T21:24:51.477+0500] {processor.py:839} INFO - DAG(s) dict_keys(['example_branch_datetime_operator_3', 'example_branch_datetime_operator_2', 'example_branch_datetime_operator']) retrieved from /usr/local/lib/python3.10/dist-packages/airflow/example_dags/example_branch_datetime_operator.py
[2023-11-20T21:24:51.905+0500] {logging_mixin.py:154} INFO - [2023-11-20T21:24:51.905+0500] {dag.py:2941} INFO - Sync 3 DAGs
[2023-11-20T21:24:52.436+0500] {logging_mixin.py:154} INFO - [2023-11-20T21:24:52.429+0500] {dag.py:3722} INFO - Setting next_dagrun for example_branch_datetime_operator to 2023-11-19T00:00:00+00:00, run_after=2023-11-20T00:00:00+00:00
[2023-11-20T21:24:52.537+0500] {logging_mixin.py:154} INFO - [2023-11-20T21:24:52.536+0500] {dag.py:3722} INFO - Setting next_dagrun for example_branch_datetime_operator_2 to 2023-11-19T00:00:00+00:00, run_after=2023-11-20T00:00:00+00:00
[2023-11-20T21:24:52.573+0500] {logging_mixin.py:154} INFO - [2023-11-20T21:24:52.572+0500] {dag.py:3722} INFO - Setting next_dagrun for example_branch_datetime_operator_3 to 2023-11-19T00:00:00+00:00, run_after=2023-11-20T00:00:00+00:00
[2023-11-20T21:24:52.749+0500] {processor.py:179} INFO - Processing /usr/local/lib/python3.10/dist-packages/airflow/example_dags/example_branch_datetime_operator.py took 1.599 seconds
[2023-11-20T21:25:51.246+0500] {processor.py:157} INFO - Started process (PID=33874) to work on /usr/local/lib/python3.10/dist-packages/airflow/example_dags/example_branch_datetime_operator.py
[2023-11-20T21:25:51.255+0500] {processor.py:829} INFO - Processing file /usr/local/lib/python3.10/dist-packages/airflow/example_dags/example_branch_datetime_operator.py for tasks to queue
[2023-11-20T21:25:51.258+0500] {logging_mixin.py:154} INFO - [2023-11-20T21:25:51.257+0500] {dagbag.py:536} INFO - Filling up the DagBag from /usr/local/lib/python3.10/dist-packages/airflow/example_dags/example_branch_datetime_operator.py
[2023-11-20T21:25:51.345+0500] {processor.py:839} INFO - DAG(s) dict_keys(['example_branch_datetime_operator_3', 'example_branch_datetime_operator_2', 'example_branch_datetime_operator']) retrieved from /usr/local/lib/python3.10/dist-packages/airflow/example_dags/example_branch_datetime_operator.py
[2023-11-20T21:25:51.776+0500] {logging_mixin.py:154} INFO - [2023-11-20T21:25:51.774+0500] {dag.py:2941} INFO - Sync 3 DAGs
[2023-11-20T21:25:51.976+0500] {logging_mixin.py:154} INFO - [2023-11-20T21:25:51.975+0500] {dag.py:3722} INFO - Setting next_dagrun for example_branch_datetime_operator to 2023-11-19T00:00:00+00:00, run_after=2023-11-20T00:00:00+00:00
[2023-11-20T21:25:52.005+0500] {logging_mixin.py:154} INFO - [2023-11-20T21:25:52.005+0500] {dag.py:3722} INFO - Setting next_dagrun for example_branch_datetime_operator_2 to 2023-11-19T00:00:00+00:00, run_after=2023-11-20T00:00:00+00:00
[2023-11-20T21:25:52.047+0500] {logging_mixin.py:154} INFO - [2023-11-20T21:25:52.046+0500] {dag.py:3722} INFO - Setting next_dagrun for example_branch_datetime_operator_3 to 2023-11-19T00:00:00+00:00, run_after=2023-11-20T00:00:00+00:00
[2023-11-20T21:25:52.244+0500] {processor.py:179} INFO - Processing /usr/local/lib/python3.10/dist-packages/airflow/example_dags/example_branch_datetime_operator.py took 1.065 seconds
[2023-11-20T21:26:25.042+0500] {processor.py:157} INFO - Started process (PID=34028) to work on /usr/local/lib/python3.10/dist-packages/airflow/example_dags/example_branch_datetime_operator.py
[2023-11-20T21:26:25.060+0500] {processor.py:829} INFO - Processing file /usr/local/lib/python3.10/dist-packages/airflow/example_dags/example_branch_datetime_operator.py for tasks to queue
[2023-11-20T21:26:25.072+0500] {logging_mixin.py:154} INFO - [2023-11-20T21:26:25.070+0500] {dagbag.py:536} INFO - Filling up the DagBag from /usr/local/lib/python3.10/dist-packages/airflow/example_dags/example_branch_datetime_operator.py
[2023-11-20T21:26:25.192+0500] {processor.py:839} INFO - DAG(s) dict_keys(['example_branch_datetime_operator_2', 'example_branch_datetime_operator', 'example_branch_datetime_operator_3']) retrieved from /usr/local/lib/python3.10/dist-packages/airflow/example_dags/example_branch_datetime_operator.py
[2023-11-20T21:26:25.591+0500] {logging_mixin.py:154} INFO - [2023-11-20T21:26:25.590+0500] {dag.py:2941} INFO - Sync 3 DAGs
[2023-11-20T21:26:25.940+0500] {logging_mixin.py:154} INFO - [2023-11-20T21:26:25.917+0500] {dag.py:3722} INFO - Setting next_dagrun for example_branch_datetime_operator to 2023-11-19T00:00:00+00:00, run_after=2023-11-20T00:00:00+00:00
[2023-11-20T21:26:26.017+0500] {logging_mixin.py:154} INFO - [2023-11-20T21:26:26.016+0500] {dag.py:3722} INFO - Setting next_dagrun for example_branch_datetime_operator_2 to 2023-11-19T00:00:00+00:00, run_after=2023-11-20T00:00:00+00:00
[2023-11-20T21:26:26.072+0500] {logging_mixin.py:154} INFO - [2023-11-20T21:26:26.071+0500] {dag.py:3722} INFO - Setting next_dagrun for example_branch_datetime_operator_3 to 2023-11-19T00:00:00+00:00, run_after=2023-11-20T00:00:00+00:00
[2023-11-20T21:26:26.266+0500] {processor.py:179} INFO - Processing /usr/local/lib/python3.10/dist-packages/airflow/example_dags/example_branch_datetime_operator.py took 1.242 seconds
[2023-11-20T21:28:36.213+0500] {processor.py:157} INFO - Started process (PID=34336) to work on /usr/local/lib/python3.10/dist-packages/airflow/example_dags/example_branch_datetime_operator.py
[2023-11-20T21:28:36.216+0500] {processor.py:829} INFO - Processing file /usr/local/lib/python3.10/dist-packages/airflow/example_dags/example_branch_datetime_operator.py for tasks to queue
[2023-11-20T21:28:36.219+0500] {logging_mixin.py:154} INFO - [2023-11-20T21:28:36.218+0500] {dagbag.py:536} INFO - Filling up the DagBag from /usr/local/lib/python3.10/dist-packages/airflow/example_dags/example_branch_datetime_operator.py
[2023-11-20T21:28:36.278+0500] {processor.py:839} INFO - DAG(s) dict_keys(['example_branch_datetime_operator_3', 'example_branch_datetime_operator_2', 'example_branch_datetime_operator']) retrieved from /usr/local/lib/python3.10/dist-packages/airflow/example_dags/example_branch_datetime_operator.py
[2023-11-20T21:28:36.426+0500] {logging_mixin.py:154} INFO - [2023-11-20T21:28:36.426+0500] {dag.py:2941} INFO - Sync 3 DAGs
[2023-11-20T21:28:36.544+0500] {logging_mixin.py:154} INFO - [2023-11-20T21:28:36.543+0500] {dag.py:3722} INFO - Setting next_dagrun for example_branch_datetime_operator to 2023-11-19T00:00:00+00:00, run_after=2023-11-20T00:00:00+00:00
[2023-11-20T21:28:36.570+0500] {logging_mixin.py:154} INFO - [2023-11-20T21:28:36.569+0500] {dag.py:3722} INFO - Setting next_dagrun for example_branch_datetime_operator_2 to 2023-11-19T00:00:00+00:00, run_after=2023-11-20T00:00:00+00:00
[2023-11-20T21:28:36.587+0500] {logging_mixin.py:154} INFO - [2023-11-20T21:28:36.586+0500] {dag.py:3722} INFO - Setting next_dagrun for example_branch_datetime_operator_3 to 2023-11-19T00:00:00+00:00, run_after=2023-11-20T00:00:00+00:00
[2023-11-20T21:28:36.661+0500] {processor.py:179} INFO - Processing /usr/local/lib/python3.10/dist-packages/airflow/example_dags/example_branch_datetime_operator.py took 0.463 seconds
[2023-11-20T21:30:43.966+0500] {processor.py:157} INFO - Started process (PID=34549) to work on /usr/local/lib/python3.10/dist-packages/airflow/example_dags/example_branch_datetime_operator.py
[2023-11-20T21:30:43.969+0500] {processor.py:829} INFO - Processing file /usr/local/lib/python3.10/dist-packages/airflow/example_dags/example_branch_datetime_operator.py for tasks to queue
[2023-11-20T21:30:43.972+0500] {logging_mixin.py:154} INFO - [2023-11-20T21:30:43.971+0500] {dagbag.py:536} INFO - Filling up the DagBag from /usr/local/lib/python3.10/dist-packages/airflow/example_dags/example_branch_datetime_operator.py
[2023-11-20T21:30:44.015+0500] {processor.py:839} INFO - DAG(s) dict_keys(['example_branch_datetime_operator', 'example_branch_datetime_operator_2', 'example_branch_datetime_operator_3']) retrieved from /usr/local/lib/python3.10/dist-packages/airflow/example_dags/example_branch_datetime_operator.py
[2023-11-20T21:30:44.150+0500] {logging_mixin.py:154} INFO - [2023-11-20T21:30:44.149+0500] {dag.py:2941} INFO - Sync 3 DAGs
[2023-11-20T21:30:44.258+0500] {logging_mixin.py:154} INFO - [2023-11-20T21:30:44.257+0500] {dag.py:3722} INFO - Setting next_dagrun for example_branch_datetime_operator to 2023-11-19T00:00:00+00:00, run_after=2023-11-20T00:00:00+00:00
[2023-11-20T21:30:44.281+0500] {logging_mixin.py:154} INFO - [2023-11-20T21:30:44.281+0500] {dag.py:3722} INFO - Setting next_dagrun for example_branch_datetime_operator_2 to 2023-11-19T00:00:00+00:00, run_after=2023-11-20T00:00:00+00:00
[2023-11-20T21:30:44.296+0500] {logging_mixin.py:154} INFO - [2023-11-20T21:30:44.295+0500] {dag.py:3722} INFO - Setting next_dagrun for example_branch_datetime_operator_3 to 2023-11-19T00:00:00+00:00, run_after=2023-11-20T00:00:00+00:00
[2023-11-20T21:30:44.363+0500] {processor.py:179} INFO - Processing /usr/local/lib/python3.10/dist-packages/airflow/example_dags/example_branch_datetime_operator.py took 0.409 seconds
