[2023-11-20T21:06:05.590+0500] {processor.py:157} INFO - Started process (PID=27226) to work on /usr/local/lib/python3.10/dist-packages/airflow/example_dags/example_branch_python_dop_operator_3.py
[2023-11-20T21:06:05.593+0500] {processor.py:829} INFO - Processing file /usr/local/lib/python3.10/dist-packages/airflow/example_dags/example_branch_python_dop_operator_3.py for tasks to queue
[2023-11-20T21:06:05.597+0500] {logging_mixin.py:154} INFO - [2023-11-20T21:06:05.596+0500] {dagbag.py:536} INFO - Filling up the DagBag from /usr/local/lib/python3.10/dist-packages/airflow/example_dags/example_branch_python_dop_operator_3.py
[2023-11-20T21:06:05.636+0500] {processor.py:839} INFO - DAG(s) dict_keys(['example_branch_dop_operator_v3']) retrieved from /usr/local/lib/python3.10/dist-packages/airflow/example_dags/example_branch_python_dop_operator_3.py
[2023-11-20T21:06:06.101+0500] {logging_mixin.py:154} INFO - [2023-11-20T21:06:06.101+0500] {manager.py:499} INFO - Created Permission View: %s
[2023-11-20T21:06:06.144+0500] {logging_mixin.py:154} INFO - [2023-11-20T21:06:06.143+0500] {manager.py:499} INFO - Created Permission View: %s
[2023-11-20T21:06:06.172+0500] {logging_mixin.py:154} INFO - [2023-11-20T21:06:06.172+0500] {manager.py:499} INFO - Created Permission View: %s
[2023-11-20T21:06:06.174+0500] {logging_mixin.py:154} INFO - [2023-11-20T21:06:06.173+0500] {dag.py:2941} INFO - Sync 1 DAGs
[2023-11-20T21:06:06.223+0500] {logging_mixin.py:154} INFO - [2023-11-20T21:06:06.222+0500] {dag.py:2963} INFO - Creating ORM DAG for example_branch_dop_operator_v3
[2023-11-20T21:06:06.300+0500] {logging_mixin.py:154} INFO - [2023-11-20T21:06:06.300+0500] {dag.py:3722} INFO - Setting next_dagrun for example_branch_dop_operator_v3 to 2023-11-20T16:05:00+00:00, run_after=2023-11-20T16:06:00+00:00
[2023-11-20T21:06:06.376+0500] {processor.py:179} INFO - Processing /usr/local/lib/python3.10/dist-packages/airflow/example_dags/example_branch_python_dop_operator_3.py took 0.798 seconds
[2023-11-20T21:06:38.428+0500] {processor.py:157} INFO - Started process (PID=27556) to work on /usr/local/lib/python3.10/dist-packages/airflow/example_dags/example_branch_python_dop_operator_3.py
[2023-11-20T21:06:38.432+0500] {processor.py:829} INFO - Processing file /usr/local/lib/python3.10/dist-packages/airflow/example_dags/example_branch_python_dop_operator_3.py for tasks to queue
[2023-11-20T21:06:38.435+0500] {logging_mixin.py:154} INFO - [2023-11-20T21:06:38.434+0500] {dagbag.py:536} INFO - Filling up the DagBag from /usr/local/lib/python3.10/dist-packages/airflow/example_dags/example_branch_python_dop_operator_3.py
[2023-11-20T21:06:38.513+0500] {processor.py:839} INFO - DAG(s) dict_keys(['example_branch_dop_operator_v3']) retrieved from /usr/local/lib/python3.10/dist-packages/airflow/example_dags/example_branch_python_dop_operator_3.py
[2023-11-20T21:06:38.624+0500] {logging_mixin.py:154} INFO - [2023-11-20T21:06:38.623+0500] {dag.py:2941} INFO - Sync 1 DAGs
[2023-11-20T21:06:38.849+0500] {logging_mixin.py:154} INFO - [2023-11-20T21:06:38.848+0500] {dag.py:3722} INFO - Setting next_dagrun for example_branch_dop_operator_v3 to 2023-11-20T16:05:00+00:00, run_after=2023-11-20T16:06:00+00:00
[2023-11-20T21:06:38.970+0500] {processor.py:179} INFO - Processing /usr/local/lib/python3.10/dist-packages/airflow/example_dags/example_branch_python_dop_operator_3.py took 0.555 seconds
[2023-11-20T21:07:13.334+0500] {processor.py:157} INFO - Started process (PID=27885) to work on /usr/local/lib/python3.10/dist-packages/airflow/example_dags/example_branch_python_dop_operator_3.py
[2023-11-20T21:07:13.342+0500] {processor.py:829} INFO - Processing file /usr/local/lib/python3.10/dist-packages/airflow/example_dags/example_branch_python_dop_operator_3.py for tasks to queue
[2023-11-20T21:07:13.370+0500] {logging_mixin.py:154} INFO - [2023-11-20T21:07:13.369+0500] {dagbag.py:536} INFO - Filling up the DagBag from /usr/local/lib/python3.10/dist-packages/airflow/example_dags/example_branch_python_dop_operator_3.py
[2023-11-20T21:07:13.455+0500] {processor.py:839} INFO - DAG(s) dict_keys(['example_branch_dop_operator_v3']) retrieved from /usr/local/lib/python3.10/dist-packages/airflow/example_dags/example_branch_python_dop_operator_3.py
[2023-11-20T21:07:13.584+0500] {logging_mixin.py:154} INFO - [2023-11-20T21:07:13.583+0500] {dag.py:2941} INFO - Sync 1 DAGs
[2023-11-20T21:07:13.754+0500] {logging_mixin.py:154} INFO - [2023-11-20T21:07:13.752+0500] {dag.py:3722} INFO - Setting next_dagrun for example_branch_dop_operator_v3 to 2023-11-20T16:06:00+00:00, run_after=2023-11-20T16:07:00+00:00
[2023-11-20T21:07:13.877+0500] {processor.py:179} INFO - Processing /usr/local/lib/python3.10/dist-packages/airflow/example_dags/example_branch_python_dop_operator_3.py took 0.559 seconds
[2023-11-20T21:07:44.679+0500] {processor.py:157} INFO - Started process (PID=28135) to work on /usr/local/lib/python3.10/dist-packages/airflow/example_dags/example_branch_python_dop_operator_3.py
[2023-11-20T21:07:44.682+0500] {processor.py:829} INFO - Processing file /usr/local/lib/python3.10/dist-packages/airflow/example_dags/example_branch_python_dop_operator_3.py for tasks to queue
[2023-11-20T21:07:44.685+0500] {logging_mixin.py:154} INFO - [2023-11-20T21:07:44.684+0500] {dagbag.py:536} INFO - Filling up the DagBag from /usr/local/lib/python3.10/dist-packages/airflow/example_dags/example_branch_python_dop_operator_3.py
[2023-11-20T21:07:44.726+0500] {processor.py:839} INFO - DAG(s) dict_keys(['example_branch_dop_operator_v3']) retrieved from /usr/local/lib/python3.10/dist-packages/airflow/example_dags/example_branch_python_dop_operator_3.py
[2023-11-20T21:07:44.824+0500] {logging_mixin.py:154} INFO - [2023-11-20T21:07:44.823+0500] {dag.py:2941} INFO - Sync 1 DAGs
[2023-11-20T21:07:44.955+0500] {logging_mixin.py:154} INFO - [2023-11-20T21:07:44.955+0500] {dag.py:3722} INFO - Setting next_dagrun for example_branch_dop_operator_v3 to 2023-11-20T16:06:00+00:00, run_after=2023-11-20T16:07:00+00:00
[2023-11-20T21:07:45.032+0500] {processor.py:179} INFO - Processing /usr/local/lib/python3.10/dist-packages/airflow/example_dags/example_branch_python_dop_operator_3.py took 0.364 seconds
[2023-11-20T21:08:17.495+0500] {processor.py:157} INFO - Started process (PID=28338) to work on /usr/local/lib/python3.10/dist-packages/airflow/example_dags/example_branch_python_dop_operator_3.py
[2023-11-20T21:08:17.498+0500] {processor.py:829} INFO - Processing file /usr/local/lib/python3.10/dist-packages/airflow/example_dags/example_branch_python_dop_operator_3.py for tasks to queue
[2023-11-20T21:08:17.501+0500] {logging_mixin.py:154} INFO - [2023-11-20T21:08:17.500+0500] {dagbag.py:536} INFO - Filling up the DagBag from /usr/local/lib/python3.10/dist-packages/airflow/example_dags/example_branch_python_dop_operator_3.py
[2023-11-20T21:08:17.539+0500] {processor.py:839} INFO - DAG(s) dict_keys(['example_branch_dop_operator_v3']) retrieved from /usr/local/lib/python3.10/dist-packages/airflow/example_dags/example_branch_python_dop_operator_3.py
[2023-11-20T21:08:17.638+0500] {logging_mixin.py:154} INFO - [2023-11-20T21:08:17.637+0500] {dag.py:2941} INFO - Sync 1 DAGs
[2023-11-20T21:08:17.783+0500] {logging_mixin.py:154} INFO - [2023-11-20T21:08:17.782+0500] {dag.py:3722} INFO - Setting next_dagrun for example_branch_dop_operator_v3 to 2023-11-20T16:07:00+00:00, run_after=2023-11-20T16:08:00+00:00
[2023-11-20T21:08:17.863+0500] {processor.py:179} INFO - Processing /usr/local/lib/python3.10/dist-packages/airflow/example_dags/example_branch_python_dop_operator_3.py took 0.380 seconds
[2023-11-20T21:08:50.897+0500] {processor.py:157} INFO - Started process (PID=28529) to work on /usr/local/lib/python3.10/dist-packages/airflow/example_dags/example_branch_python_dop_operator_3.py
[2023-11-20T21:08:50.902+0500] {processor.py:829} INFO - Processing file /usr/local/lib/python3.10/dist-packages/airflow/example_dags/example_branch_python_dop_operator_3.py for tasks to queue
[2023-11-20T21:08:50.906+0500] {logging_mixin.py:154} INFO - [2023-11-20T21:08:50.905+0500] {dagbag.py:536} INFO - Filling up the DagBag from /usr/local/lib/python3.10/dist-packages/airflow/example_dags/example_branch_python_dop_operator_3.py
[2023-11-20T21:08:50.974+0500] {processor.py:839} INFO - DAG(s) dict_keys(['example_branch_dop_operator_v3']) retrieved from /usr/local/lib/python3.10/dist-packages/airflow/example_dags/example_branch_python_dop_operator_3.py
[2023-11-20T21:08:51.105+0500] {logging_mixin.py:154} INFO - [2023-11-20T21:08:51.105+0500] {dag.py:2941} INFO - Sync 1 DAGs
[2023-11-20T21:08:51.271+0500] {logging_mixin.py:154} INFO - [2023-11-20T21:08:51.270+0500] {dag.py:3722} INFO - Setting next_dagrun for example_branch_dop_operator_v3 to 2023-11-20T16:07:00+00:00, run_after=2023-11-20T16:08:00+00:00
[2023-11-20T21:08:51.423+0500] {processor.py:179} INFO - Processing /usr/local/lib/python3.10/dist-packages/airflow/example_dags/example_branch_python_dop_operator_3.py took 0.539 seconds
[2023-11-20T21:09:23.686+0500] {processor.py:157} INFO - Started process (PID=28757) to work on /usr/local/lib/python3.10/dist-packages/airflow/example_dags/example_branch_python_dop_operator_3.py
[2023-11-20T21:09:23.689+0500] {processor.py:829} INFO - Processing file /usr/local/lib/python3.10/dist-packages/airflow/example_dags/example_branch_python_dop_operator_3.py for tasks to queue
[2023-11-20T21:09:23.692+0500] {logging_mixin.py:154} INFO - [2023-11-20T21:09:23.691+0500] {dagbag.py:536} INFO - Filling up the DagBag from /usr/local/lib/python3.10/dist-packages/airflow/example_dags/example_branch_python_dop_operator_3.py
[2023-11-20T21:09:23.735+0500] {processor.py:839} INFO - DAG(s) dict_keys(['example_branch_dop_operator_v3']) retrieved from /usr/local/lib/python3.10/dist-packages/airflow/example_dags/example_branch_python_dop_operator_3.py
[2023-11-20T21:09:23.835+0500] {logging_mixin.py:154} INFO - [2023-11-20T21:09:23.834+0500] {dag.py:2941} INFO - Sync 1 DAGs
[2023-11-20T21:09:23.968+0500] {logging_mixin.py:154} INFO - [2023-11-20T21:09:23.967+0500] {dag.py:3722} INFO - Setting next_dagrun for example_branch_dop_operator_v3 to 2023-11-20T16:08:00+00:00, run_after=2023-11-20T16:09:00+00:00
[2023-11-20T21:09:24.047+0500] {processor.py:179} INFO - Processing /usr/local/lib/python3.10/dist-packages/airflow/example_dags/example_branch_python_dop_operator_3.py took 0.373 seconds
[2023-11-20T21:09:59.743+0500] {processor.py:157} INFO - Started process (PID=29075) to work on /usr/local/lib/python3.10/dist-packages/airflow/example_dags/example_branch_python_dop_operator_3.py
[2023-11-20T21:09:59.746+0500] {processor.py:829} INFO - Processing file /usr/local/lib/python3.10/dist-packages/airflow/example_dags/example_branch_python_dop_operator_3.py for tasks to queue
[2023-11-20T21:09:59.749+0500] {logging_mixin.py:154} INFO - [2023-11-20T21:09:59.748+0500] {dagbag.py:536} INFO - Filling up the DagBag from /usr/local/lib/python3.10/dist-packages/airflow/example_dags/example_branch_python_dop_operator_3.py
[2023-11-20T21:09:59.804+0500] {processor.py:839} INFO - DAG(s) dict_keys(['example_branch_dop_operator_v3']) retrieved from /usr/local/lib/python3.10/dist-packages/airflow/example_dags/example_branch_python_dop_operator_3.py
[2023-11-20T21:09:59.969+0500] {logging_mixin.py:154} INFO - [2023-11-20T21:09:59.969+0500] {dag.py:2941} INFO - Sync 1 DAGs
[2023-11-20T21:10:00.125+0500] {logging_mixin.py:154} INFO - [2023-11-20T21:10:00.124+0500] {dag.py:3722} INFO - Setting next_dagrun for example_branch_dop_operator_v3 to 2023-11-20T16:09:00+00:00, run_after=2023-11-20T16:10:00+00:00
[2023-11-20T21:10:00.231+0500] {processor.py:179} INFO - Processing /usr/local/lib/python3.10/dist-packages/airflow/example_dags/example_branch_python_dop_operator_3.py took 0.517 seconds
[2023-11-20T21:10:31.243+0500] {processor.py:157} INFO - Started process (PID=29327) to work on /usr/local/lib/python3.10/dist-packages/airflow/example_dags/example_branch_python_dop_operator_3.py
[2023-11-20T21:10:31.249+0500] {processor.py:829} INFO - Processing file /usr/local/lib/python3.10/dist-packages/airflow/example_dags/example_branch_python_dop_operator_3.py for tasks to queue
[2023-11-20T21:10:31.253+0500] {logging_mixin.py:154} INFO - [2023-11-20T21:10:31.251+0500] {dagbag.py:536} INFO - Filling up the DagBag from /usr/local/lib/python3.10/dist-packages/airflow/example_dags/example_branch_python_dop_operator_3.py
[2023-11-20T21:10:31.300+0500] {processor.py:839} INFO - DAG(s) dict_keys(['example_branch_dop_operator_v3']) retrieved from /usr/local/lib/python3.10/dist-packages/airflow/example_dags/example_branch_python_dop_operator_3.py
[2023-11-20T21:10:31.420+0500] {logging_mixin.py:154} INFO - [2023-11-20T21:10:31.419+0500] {dag.py:2941} INFO - Sync 1 DAGs
[2023-11-20T21:10:31.553+0500] {logging_mixin.py:154} INFO - [2023-11-20T21:10:31.552+0500] {dag.py:3722} INFO - Setting next_dagrun for example_branch_dop_operator_v3 to 2023-11-20T16:09:00+00:00, run_after=2023-11-20T16:10:00+00:00
[2023-11-20T21:10:31.631+0500] {processor.py:179} INFO - Processing /usr/local/lib/python3.10/dist-packages/airflow/example_dags/example_branch_python_dop_operator_3.py took 0.414 seconds
[2023-11-20T21:11:02.616+0500] {processor.py:157} INFO - Started process (PID=29485) to work on /usr/local/lib/python3.10/dist-packages/airflow/example_dags/example_branch_python_dop_operator_3.py
[2023-11-20T21:11:02.619+0500] {processor.py:829} INFO - Processing file /usr/local/lib/python3.10/dist-packages/airflow/example_dags/example_branch_python_dop_operator_3.py for tasks to queue
[2023-11-20T21:11:02.622+0500] {logging_mixin.py:154} INFO - [2023-11-20T21:11:02.621+0500] {dagbag.py:536} INFO - Filling up the DagBag from /usr/local/lib/python3.10/dist-packages/airflow/example_dags/example_branch_python_dop_operator_3.py
[2023-11-20T21:11:02.661+0500] {processor.py:839} INFO - DAG(s) dict_keys(['example_branch_dop_operator_v3']) retrieved from /usr/local/lib/python3.10/dist-packages/airflow/example_dags/example_branch_python_dop_operator_3.py
[2023-11-20T21:11:02.765+0500] {logging_mixin.py:154} INFO - [2023-11-20T21:11:02.764+0500] {dag.py:2941} INFO - Sync 1 DAGs
[2023-11-20T21:11:02.907+0500] {logging_mixin.py:154} INFO - [2023-11-20T21:11:02.906+0500] {dag.py:3722} INFO - Setting next_dagrun for example_branch_dop_operator_v3 to 2023-11-20T16:10:00+00:00, run_after=2023-11-20T16:11:00+00:00
[2023-11-20T21:11:02.997+0500] {processor.py:179} INFO - Processing /usr/local/lib/python3.10/dist-packages/airflow/example_dags/example_branch_python_dop_operator_3.py took 0.393 seconds
[2023-11-20T21:11:37.522+0500] {processor.py:157} INFO - Started process (PID=29606) to work on /usr/local/lib/python3.10/dist-packages/airflow/example_dags/example_branch_python_dop_operator_3.py
[2023-11-20T21:11:37.528+0500] {processor.py:829} INFO - Processing file /usr/local/lib/python3.10/dist-packages/airflow/example_dags/example_branch_python_dop_operator_3.py for tasks to queue
[2023-11-20T21:11:37.531+0500] {logging_mixin.py:154} INFO - [2023-11-20T21:11:37.530+0500] {dagbag.py:536} INFO - Filling up the DagBag from /usr/local/lib/python3.10/dist-packages/airflow/example_dags/example_branch_python_dop_operator_3.py
[2023-11-20T21:11:37.616+0500] {processor.py:839} INFO - DAG(s) dict_keys(['example_branch_dop_operator_v3']) retrieved from /usr/local/lib/python3.10/dist-packages/airflow/example_dags/example_branch_python_dop_operator_3.py
[2023-11-20T21:11:37.881+0500] {logging_mixin.py:154} INFO - [2023-11-20T21:11:37.880+0500] {dag.py:2941} INFO - Sync 1 DAGs
[2023-11-20T21:11:38.067+0500] {logging_mixin.py:154} INFO - [2023-11-20T21:11:38.066+0500] {dag.py:3722} INFO - Setting next_dagrun for example_branch_dop_operator_v3 to 2023-11-20T16:10:00+00:00, run_after=2023-11-20T16:11:00+00:00
[2023-11-20T21:11:38.180+0500] {processor.py:179} INFO - Processing /usr/local/lib/python3.10/dist-packages/airflow/example_dags/example_branch_python_dop_operator_3.py took 0.670 seconds
[2023-11-20T21:12:08.423+0500] {processor.py:157} INFO - Started process (PID=29837) to work on /usr/local/lib/python3.10/dist-packages/airflow/example_dags/example_branch_python_dop_operator_3.py
[2023-11-20T21:12:08.426+0500] {processor.py:829} INFO - Processing file /usr/local/lib/python3.10/dist-packages/airflow/example_dags/example_branch_python_dop_operator_3.py for tasks to queue
[2023-11-20T21:12:08.429+0500] {logging_mixin.py:154} INFO - [2023-11-20T21:12:08.428+0500] {dagbag.py:536} INFO - Filling up the DagBag from /usr/local/lib/python3.10/dist-packages/airflow/example_dags/example_branch_python_dop_operator_3.py
[2023-11-20T21:12:08.467+0500] {processor.py:839} INFO - DAG(s) dict_keys(['example_branch_dop_operator_v3']) retrieved from /usr/local/lib/python3.10/dist-packages/airflow/example_dags/example_branch_python_dop_operator_3.py
[2023-11-20T21:12:08.566+0500] {logging_mixin.py:154} INFO - [2023-11-20T21:12:08.565+0500] {dag.py:2941} INFO - Sync 1 DAGs
[2023-11-20T21:12:08.710+0500] {logging_mixin.py:154} INFO - [2023-11-20T21:12:08.709+0500] {dag.py:3722} INFO - Setting next_dagrun for example_branch_dop_operator_v3 to 2023-11-20T16:11:00+00:00, run_after=2023-11-20T16:12:00+00:00
[2023-11-20T21:12:08.800+0500] {processor.py:179} INFO - Processing /usr/local/lib/python3.10/dist-packages/airflow/example_dags/example_branch_python_dop_operator_3.py took 0.389 seconds
[2023-11-20T21:12:40.622+0500] {processor.py:157} INFO - Started process (PID=30061) to work on /usr/local/lib/python3.10/dist-packages/airflow/example_dags/example_branch_python_dop_operator_3.py
[2023-11-20T21:12:40.625+0500] {processor.py:829} INFO - Processing file /usr/local/lib/python3.10/dist-packages/airflow/example_dags/example_branch_python_dop_operator_3.py for tasks to queue
[2023-11-20T21:12:40.628+0500] {logging_mixin.py:154} INFO - [2023-11-20T21:12:40.627+0500] {dagbag.py:536} INFO - Filling up the DagBag from /usr/local/lib/python3.10/dist-packages/airflow/example_dags/example_branch_python_dop_operator_3.py
[2023-11-20T21:12:40.669+0500] {processor.py:839} INFO - DAG(s) dict_keys(['example_branch_dop_operator_v3']) retrieved from /usr/local/lib/python3.10/dist-packages/airflow/example_dags/example_branch_python_dop_operator_3.py
[2023-11-20T21:12:40.783+0500] {logging_mixin.py:154} INFO - [2023-11-20T21:12:40.782+0500] {dag.py:2941} INFO - Sync 1 DAGs
[2023-11-20T21:12:40.932+0500] {logging_mixin.py:154} INFO - [2023-11-20T21:12:40.931+0500] {dag.py:3722} INFO - Setting next_dagrun for example_branch_dop_operator_v3 to 2023-11-20T16:11:00+00:00, run_after=2023-11-20T16:12:00+00:00
[2023-11-20T21:12:41.029+0500] {processor.py:179} INFO - Processing /usr/local/lib/python3.10/dist-packages/airflow/example_dags/example_branch_python_dop_operator_3.py took 0.420 seconds
[2023-11-20T21:13:17.125+0500] {processor.py:157} INFO - Started process (PID=30237) to work on /usr/local/lib/python3.10/dist-packages/airflow/example_dags/example_branch_python_dop_operator_3.py
[2023-11-20T21:13:17.129+0500] {processor.py:829} INFO - Processing file /usr/local/lib/python3.10/dist-packages/airflow/example_dags/example_branch_python_dop_operator_3.py for tasks to queue
[2023-11-20T21:13:17.132+0500] {logging_mixin.py:154} INFO - [2023-11-20T21:13:17.131+0500] {dagbag.py:536} INFO - Filling up the DagBag from /usr/local/lib/python3.10/dist-packages/airflow/example_dags/example_branch_python_dop_operator_3.py
[2023-11-20T21:13:17.175+0500] {processor.py:839} INFO - DAG(s) dict_keys(['example_branch_dop_operator_v3']) retrieved from /usr/local/lib/python3.10/dist-packages/airflow/example_dags/example_branch_python_dop_operator_3.py
[2023-11-20T21:13:17.293+0500] {logging_mixin.py:154} INFO - [2023-11-20T21:13:17.292+0500] {dag.py:2941} INFO - Sync 1 DAGs
[2023-11-20T21:13:17.443+0500] {logging_mixin.py:154} INFO - [2023-11-20T21:13:17.442+0500] {dag.py:3722} INFO - Setting next_dagrun for example_branch_dop_operator_v3 to 2023-11-20T16:12:00+00:00, run_after=2023-11-20T16:13:00+00:00
[2023-11-20T21:13:17.543+0500] {processor.py:179} INFO - Processing /usr/local/lib/python3.10/dist-packages/airflow/example_dags/example_branch_python_dop_operator_3.py took 0.430 seconds
[2023-11-20T21:13:48.611+0500] {processor.py:157} INFO - Started process (PID=30357) to work on /usr/local/lib/python3.10/dist-packages/airflow/example_dags/example_branch_python_dop_operator_3.py
[2023-11-20T21:13:48.614+0500] {processor.py:829} INFO - Processing file /usr/local/lib/python3.10/dist-packages/airflow/example_dags/example_branch_python_dop_operator_3.py for tasks to queue
[2023-11-20T21:13:48.618+0500] {logging_mixin.py:154} INFO - [2023-11-20T21:13:48.617+0500] {dagbag.py:536} INFO - Filling up the DagBag from /usr/local/lib/python3.10/dist-packages/airflow/example_dags/example_branch_python_dop_operator_3.py
[2023-11-20T21:13:48.658+0500] {processor.py:839} INFO - DAG(s) dict_keys(['example_branch_dop_operator_v3']) retrieved from /usr/local/lib/python3.10/dist-packages/airflow/example_dags/example_branch_python_dop_operator_3.py
[2023-11-20T21:13:48.782+0500] {logging_mixin.py:154} INFO - [2023-11-20T21:13:48.781+0500] {dag.py:2941} INFO - Sync 1 DAGs
[2023-11-20T21:13:48.919+0500] {logging_mixin.py:154} INFO - [2023-11-20T21:13:48.918+0500] {dag.py:3722} INFO - Setting next_dagrun for example_branch_dop_operator_v3 to 2023-11-20T16:12:00+00:00, run_after=2023-11-20T16:13:00+00:00
[2023-11-20T21:13:48.997+0500] {processor.py:179} INFO - Processing /usr/local/lib/python3.10/dist-packages/airflow/example_dags/example_branch_python_dop_operator_3.py took 0.399 seconds
[2023-11-20T21:14:22.152+0500] {processor.py:157} INFO - Started process (PID=30483) to work on /usr/local/lib/python3.10/dist-packages/airflow/example_dags/example_branch_python_dop_operator_3.py
[2023-11-20T21:14:22.155+0500] {processor.py:829} INFO - Processing file /usr/local/lib/python3.10/dist-packages/airflow/example_dags/example_branch_python_dop_operator_3.py for tasks to queue
[2023-11-20T21:14:22.158+0500] {logging_mixin.py:154} INFO - [2023-11-20T21:14:22.157+0500] {dagbag.py:536} INFO - Filling up the DagBag from /usr/local/lib/python3.10/dist-packages/airflow/example_dags/example_branch_python_dop_operator_3.py
[2023-11-20T21:14:22.201+0500] {processor.py:839} INFO - DAG(s) dict_keys(['example_branch_dop_operator_v3']) retrieved from /usr/local/lib/python3.10/dist-packages/airflow/example_dags/example_branch_python_dop_operator_3.py
[2023-11-20T21:14:22.308+0500] {logging_mixin.py:154} INFO - [2023-11-20T21:14:22.307+0500] {dag.py:2941} INFO - Sync 1 DAGs
[2023-11-20T21:14:22.507+0500] {logging_mixin.py:154} INFO - [2023-11-20T21:14:22.506+0500] {dag.py:3722} INFO - Setting next_dagrun for example_branch_dop_operator_v3 to 2023-11-20T16:13:00+00:00, run_after=2023-11-20T16:14:00+00:00
[2023-11-20T21:14:22.587+0500] {processor.py:179} INFO - Processing /usr/local/lib/python3.10/dist-packages/airflow/example_dags/example_branch_python_dop_operator_3.py took 0.447 seconds
[2023-11-20T21:15:13.187+0500] {processor.py:157} INFO - Started process (PID=30802) to work on /usr/local/lib/python3.10/dist-packages/airflow/example_dags/example_branch_python_dop_operator_3.py
[2023-11-20T21:15:13.195+0500] {processor.py:829} INFO - Processing file /usr/local/lib/python3.10/dist-packages/airflow/example_dags/example_branch_python_dop_operator_3.py for tasks to queue
[2023-11-20T21:15:13.198+0500] {logging_mixin.py:154} INFO - [2023-11-20T21:15:13.197+0500] {dagbag.py:536} INFO - Filling up the DagBag from /usr/local/lib/python3.10/dist-packages/airflow/example_dags/example_branch_python_dop_operator_3.py
[2023-11-20T21:15:13.246+0500] {processor.py:839} INFO - DAG(s) dict_keys(['example_branch_dop_operator_v3']) retrieved from /usr/local/lib/python3.10/dist-packages/airflow/example_dags/example_branch_python_dop_operator_3.py
[2023-11-20T21:15:13.391+0500] {logging_mixin.py:154} INFO - [2023-11-20T21:15:13.390+0500] {dag.py:2941} INFO - Sync 1 DAGs
[2023-11-20T21:15:13.537+0500] {logging_mixin.py:154} INFO - [2023-11-20T21:15:13.536+0500] {dag.py:3722} INFO - Setting next_dagrun for example_branch_dop_operator_v3 to 2023-11-20T16:14:00+00:00, run_after=2023-11-20T16:15:00+00:00
[2023-11-20T21:15:13.631+0500] {processor.py:179} INFO - Processing /usr/local/lib/python3.10/dist-packages/airflow/example_dags/example_branch_python_dop_operator_3.py took 0.456 seconds
[2023-11-20T21:15:44.752+0500] {processor.py:157} INFO - Started process (PID=31012) to work on /usr/local/lib/python3.10/dist-packages/airflow/example_dags/example_branch_python_dop_operator_3.py
[2023-11-20T21:15:44.756+0500] {processor.py:829} INFO - Processing file /usr/local/lib/python3.10/dist-packages/airflow/example_dags/example_branch_python_dop_operator_3.py for tasks to queue
[2023-11-20T21:15:44.759+0500] {logging_mixin.py:154} INFO - [2023-11-20T21:15:44.758+0500] {dagbag.py:536} INFO - Filling up the DagBag from /usr/local/lib/python3.10/dist-packages/airflow/example_dags/example_branch_python_dop_operator_3.py
[2023-11-20T21:15:44.801+0500] {processor.py:839} INFO - DAG(s) dict_keys(['example_branch_dop_operator_v3']) retrieved from /usr/local/lib/python3.10/dist-packages/airflow/example_dags/example_branch_python_dop_operator_3.py
[2023-11-20T21:15:44.904+0500] {logging_mixin.py:154} INFO - [2023-11-20T21:15:44.903+0500] {dag.py:2941} INFO - Sync 1 DAGs
[2023-11-20T21:15:45.039+0500] {logging_mixin.py:154} INFO - [2023-11-20T21:15:45.038+0500] {dag.py:3722} INFO - Setting next_dagrun for example_branch_dop_operator_v3 to 2023-11-20T16:14:00+00:00, run_after=2023-11-20T16:15:00+00:00
[2023-11-20T21:15:45.117+0500] {processor.py:179} INFO - Processing /usr/local/lib/python3.10/dist-packages/airflow/example_dags/example_branch_python_dop_operator_3.py took 0.377 seconds
[2023-11-20T21:16:15.825+0500] {processor.py:157} INFO - Started process (PID=31169) to work on /usr/local/lib/python3.10/dist-packages/airflow/example_dags/example_branch_python_dop_operator_3.py
[2023-11-20T21:16:15.828+0500] {processor.py:829} INFO - Processing file /usr/local/lib/python3.10/dist-packages/airflow/example_dags/example_branch_python_dop_operator_3.py for tasks to queue
[2023-11-20T21:16:15.830+0500] {logging_mixin.py:154} INFO - [2023-11-20T21:16:15.829+0500] {dagbag.py:536} INFO - Filling up the DagBag from /usr/local/lib/python3.10/dist-packages/airflow/example_dags/example_branch_python_dop_operator_3.py
[2023-11-20T21:16:15.868+0500] {processor.py:839} INFO - DAG(s) dict_keys(['example_branch_dop_operator_v3']) retrieved from /usr/local/lib/python3.10/dist-packages/airflow/example_dags/example_branch_python_dop_operator_3.py
[2023-11-20T21:16:15.974+0500] {logging_mixin.py:154} INFO - [2023-11-20T21:16:15.974+0500] {dag.py:2941} INFO - Sync 1 DAGs
[2023-11-20T21:16:16.112+0500] {logging_mixin.py:154} INFO - [2023-11-20T21:16:16.111+0500] {dag.py:3722} INFO - Setting next_dagrun for example_branch_dop_operator_v3 to 2023-11-20T16:15:00+00:00, run_after=2023-11-20T16:16:00+00:00
[2023-11-20T21:16:16.192+0500] {processor.py:179} INFO - Processing /usr/local/lib/python3.10/dist-packages/airflow/example_dags/example_branch_python_dop_operator_3.py took 0.379 seconds
[2023-11-20T21:16:47.640+0500] {processor.py:157} INFO - Started process (PID=31268) to work on /usr/local/lib/python3.10/dist-packages/airflow/example_dags/example_branch_python_dop_operator_3.py
[2023-11-20T21:16:47.643+0500] {processor.py:829} INFO - Processing file /usr/local/lib/python3.10/dist-packages/airflow/example_dags/example_branch_python_dop_operator_3.py for tasks to queue
[2023-11-20T21:16:47.646+0500] {logging_mixin.py:154} INFO - [2023-11-20T21:16:47.645+0500] {dagbag.py:536} INFO - Filling up the DagBag from /usr/local/lib/python3.10/dist-packages/airflow/example_dags/example_branch_python_dop_operator_3.py
[2023-11-20T21:16:47.691+0500] {processor.py:839} INFO - DAG(s) dict_keys(['example_branch_dop_operator_v3']) retrieved from /usr/local/lib/python3.10/dist-packages/airflow/example_dags/example_branch_python_dop_operator_3.py
[2023-11-20T21:16:47.796+0500] {logging_mixin.py:154} INFO - [2023-11-20T21:16:47.795+0500] {dag.py:2941} INFO - Sync 1 DAGs
[2023-11-20T21:16:47.928+0500] {logging_mixin.py:154} INFO - [2023-11-20T21:16:47.927+0500] {dag.py:3722} INFO - Setting next_dagrun for example_branch_dop_operator_v3 to 2023-11-20T16:15:00+00:00, run_after=2023-11-20T16:16:00+00:00
[2023-11-20T21:16:48.015+0500] {processor.py:179} INFO - Processing /usr/local/lib/python3.10/dist-packages/airflow/example_dags/example_branch_python_dop_operator_3.py took 0.386 seconds
[2023-11-20T21:17:21.371+0500] {processor.py:157} INFO - Started process (PID=31401) to work on /usr/local/lib/python3.10/dist-packages/airflow/example_dags/example_branch_python_dop_operator_3.py
[2023-11-20T21:17:21.381+0500] {processor.py:829} INFO - Processing file /usr/local/lib/python3.10/dist-packages/airflow/example_dags/example_branch_python_dop_operator_3.py for tasks to queue
[2023-11-20T21:17:21.385+0500] {logging_mixin.py:154} INFO - [2023-11-20T21:17:21.384+0500] {dagbag.py:536} INFO - Filling up the DagBag from /usr/local/lib/python3.10/dist-packages/airflow/example_dags/example_branch_python_dop_operator_3.py
[2023-11-20T21:17:21.438+0500] {processor.py:839} INFO - DAG(s) dict_keys(['example_branch_dop_operator_v3']) retrieved from /usr/local/lib/python3.10/dist-packages/airflow/example_dags/example_branch_python_dop_operator_3.py
[2023-11-20T21:17:21.560+0500] {logging_mixin.py:154} INFO - [2023-11-20T21:17:21.559+0500] {dag.py:2941} INFO - Sync 1 DAGs
[2023-11-20T21:17:21.707+0500] {logging_mixin.py:154} INFO - [2023-11-20T21:17:21.706+0500] {dag.py:3722} INFO - Setting next_dagrun for example_branch_dop_operator_v3 to 2023-11-20T16:16:00+00:00, run_after=2023-11-20T16:17:00+00:00
[2023-11-20T21:17:21.815+0500] {processor.py:179} INFO - Processing /usr/local/lib/python3.10/dist-packages/airflow/example_dags/example_branch_python_dop_operator_3.py took 0.457 seconds
[2023-11-20T21:17:52.970+0500] {processor.py:157} INFO - Started process (PID=31513) to work on /usr/local/lib/python3.10/dist-packages/airflow/example_dags/example_branch_python_dop_operator_3.py
[2023-11-20T21:17:52.973+0500] {processor.py:829} INFO - Processing file /usr/local/lib/python3.10/dist-packages/airflow/example_dags/example_branch_python_dop_operator_3.py for tasks to queue
[2023-11-20T21:17:52.976+0500] {logging_mixin.py:154} INFO - [2023-11-20T21:17:52.975+0500] {dagbag.py:536} INFO - Filling up the DagBag from /usr/local/lib/python3.10/dist-packages/airflow/example_dags/example_branch_python_dop_operator_3.py
[2023-11-20T21:17:53.013+0500] {processor.py:839} INFO - DAG(s) dict_keys(['example_branch_dop_operator_v3']) retrieved from /usr/local/lib/python3.10/dist-packages/airflow/example_dags/example_branch_python_dop_operator_3.py
[2023-11-20T21:17:53.120+0500] {logging_mixin.py:154} INFO - [2023-11-20T21:17:53.119+0500] {dag.py:2941} INFO - Sync 1 DAGs
[2023-11-20T21:17:53.327+0500] {logging_mixin.py:154} INFO - [2023-11-20T21:17:53.326+0500] {dag.py:3722} INFO - Setting next_dagrun for example_branch_dop_operator_v3 to 2023-11-20T16:16:00+00:00, run_after=2023-11-20T16:17:00+00:00
[2023-11-20T21:17:53.423+0500] {processor.py:179} INFO - Processing /usr/local/lib/python3.10/dist-packages/airflow/example_dags/example_branch_python_dop_operator_3.py took 0.465 seconds
[2023-11-20T21:18:29.062+0500] {processor.py:157} INFO - Started process (PID=31639) to work on /usr/local/lib/python3.10/dist-packages/airflow/example_dags/example_branch_python_dop_operator_3.py
[2023-11-20T21:18:29.065+0500] {processor.py:829} INFO - Processing file /usr/local/lib/python3.10/dist-packages/airflow/example_dags/example_branch_python_dop_operator_3.py for tasks to queue
[2023-11-20T21:18:29.069+0500] {logging_mixin.py:154} INFO - [2023-11-20T21:18:29.067+0500] {dagbag.py:536} INFO - Filling up the DagBag from /usr/local/lib/python3.10/dist-packages/airflow/example_dags/example_branch_python_dop_operator_3.py
[2023-11-20T21:18:29.116+0500] {processor.py:839} INFO - DAG(s) dict_keys(['example_branch_dop_operator_v3']) retrieved from /usr/local/lib/python3.10/dist-packages/airflow/example_dags/example_branch_python_dop_operator_3.py
[2023-11-20T21:18:29.232+0500] {logging_mixin.py:154} INFO - [2023-11-20T21:18:29.231+0500] {dag.py:2941} INFO - Sync 1 DAGs
[2023-11-20T21:18:29.369+0500] {logging_mixin.py:154} INFO - [2023-11-20T21:18:29.369+0500] {dag.py:3722} INFO - Setting next_dagrun for example_branch_dop_operator_v3 to 2023-11-20T16:17:00+00:00, run_after=2023-11-20T16:18:00+00:00
[2023-11-20T21:18:29.468+0500] {processor.py:179} INFO - Processing /usr/local/lib/python3.10/dist-packages/airflow/example_dags/example_branch_python_dop_operator_3.py took 0.418 seconds
[2023-11-20T21:19:02.423+0500] {processor.py:157} INFO - Started process (PID=31751) to work on /usr/local/lib/python3.10/dist-packages/airflow/example_dags/example_branch_python_dop_operator_3.py
[2023-11-20T21:19:02.426+0500] {processor.py:829} INFO - Processing file /usr/local/lib/python3.10/dist-packages/airflow/example_dags/example_branch_python_dop_operator_3.py for tasks to queue
[2023-11-20T21:19:02.429+0500] {logging_mixin.py:154} INFO - [2023-11-20T21:19:02.428+0500] {dagbag.py:536} INFO - Filling up the DagBag from /usr/local/lib/python3.10/dist-packages/airflow/example_dags/example_branch_python_dop_operator_3.py
[2023-11-20T21:19:02.473+0500] {processor.py:839} INFO - DAG(s) dict_keys(['example_branch_dop_operator_v3']) retrieved from /usr/local/lib/python3.10/dist-packages/airflow/example_dags/example_branch_python_dop_operator_3.py
[2023-11-20T21:19:02.594+0500] {logging_mixin.py:154} INFO - [2023-11-20T21:19:02.594+0500] {dag.py:2941} INFO - Sync 1 DAGs
[2023-11-20T21:19:02.752+0500] {logging_mixin.py:154} INFO - [2023-11-20T21:19:02.751+0500] {dag.py:3722} INFO - Setting next_dagrun for example_branch_dop_operator_v3 to 2023-11-20T16:18:00+00:00, run_after=2023-11-20T16:19:00+00:00
[2023-11-20T21:19:02.834+0500] {processor.py:179} INFO - Processing /usr/local/lib/python3.10/dist-packages/airflow/example_dags/example_branch_python_dop_operator_3.py took 0.424 seconds
[2023-11-20T21:19:34.297+0500] {processor.py:157} INFO - Started process (PID=31923) to work on /usr/local/lib/python3.10/dist-packages/airflow/example_dags/example_branch_python_dop_operator_3.py
[2023-11-20T21:19:34.300+0500] {processor.py:829} INFO - Processing file /usr/local/lib/python3.10/dist-packages/airflow/example_dags/example_branch_python_dop_operator_3.py for tasks to queue
[2023-11-20T21:19:34.303+0500] {logging_mixin.py:154} INFO - [2023-11-20T21:19:34.302+0500] {dagbag.py:536} INFO - Filling up the DagBag from /usr/local/lib/python3.10/dist-packages/airflow/example_dags/example_branch_python_dop_operator_3.py
[2023-11-20T21:19:34.344+0500] {processor.py:839} INFO - DAG(s) dict_keys(['example_branch_dop_operator_v3']) retrieved from /usr/local/lib/python3.10/dist-packages/airflow/example_dags/example_branch_python_dop_operator_3.py
[2023-11-20T21:19:34.454+0500] {logging_mixin.py:154} INFO - [2023-11-20T21:19:34.453+0500] {dag.py:2941} INFO - Sync 1 DAGs
[2023-11-20T21:19:34.618+0500] {logging_mixin.py:154} INFO - [2023-11-20T21:19:34.617+0500] {dag.py:3722} INFO - Setting next_dagrun for example_branch_dop_operator_v3 to 2023-11-20T16:18:00+00:00, run_after=2023-11-20T16:19:00+00:00
[2023-11-20T21:19:34.706+0500] {processor.py:179} INFO - Processing /usr/local/lib/python3.10/dist-packages/airflow/example_dags/example_branch_python_dop_operator_3.py took 0.421 seconds
[2023-11-20T21:20:10.383+0500] {processor.py:157} INFO - Started process (PID=32485) to work on /usr/local/lib/python3.10/dist-packages/airflow/example_dags/example_branch_python_dop_operator_3.py
[2023-11-20T21:20:10.386+0500] {processor.py:829} INFO - Processing file /usr/local/lib/python3.10/dist-packages/airflow/example_dags/example_branch_python_dop_operator_3.py for tasks to queue
[2023-11-20T21:20:10.389+0500] {logging_mixin.py:154} INFO - [2023-11-20T21:20:10.388+0500] {dagbag.py:536} INFO - Filling up the DagBag from /usr/local/lib/python3.10/dist-packages/airflow/example_dags/example_branch_python_dop_operator_3.py
[2023-11-20T21:20:10.428+0500] {processor.py:839} INFO - DAG(s) dict_keys(['example_branch_dop_operator_v3']) retrieved from /usr/local/lib/python3.10/dist-packages/airflow/example_dags/example_branch_python_dop_operator_3.py
[2023-11-20T21:20:10.554+0500] {logging_mixin.py:154} INFO - [2023-11-20T21:20:10.553+0500] {dag.py:2941} INFO - Sync 1 DAGs
[2023-11-20T21:20:10.710+0500] {logging_mixin.py:154} INFO - [2023-11-20T21:20:10.709+0500] {dag.py:3722} INFO - Setting next_dagrun for example_branch_dop_operator_v3 to 2023-11-20T16:19:00+00:00, run_after=2023-11-20T16:20:00+00:00
[2023-11-20T21:20:10.814+0500] {processor.py:179} INFO - Processing /usr/local/lib/python3.10/dist-packages/airflow/example_dags/example_branch_python_dop_operator_3.py took 0.443 seconds
[2023-11-20T21:20:45.248+0500] {processor.py:157} INFO - Started process (PID=32730) to work on /usr/local/lib/python3.10/dist-packages/airflow/example_dags/example_branch_python_dop_operator_3.py
[2023-11-20T21:20:45.256+0500] {processor.py:829} INFO - Processing file /usr/local/lib/python3.10/dist-packages/airflow/example_dags/example_branch_python_dop_operator_3.py for tasks to queue
[2023-11-20T21:20:45.265+0500] {logging_mixin.py:154} INFO - [2023-11-20T21:20:45.262+0500] {dagbag.py:536} INFO - Filling up the DagBag from /usr/local/lib/python3.10/dist-packages/airflow/example_dags/example_branch_python_dop_operator_3.py
[2023-11-20T21:20:45.335+0500] {processor.py:839} INFO - DAG(s) dict_keys(['example_branch_dop_operator_v3']) retrieved from /usr/local/lib/python3.10/dist-packages/airflow/example_dags/example_branch_python_dop_operator_3.py
[2023-11-20T21:20:45.471+0500] {logging_mixin.py:154} INFO - [2023-11-20T21:20:45.470+0500] {dag.py:2941} INFO - Sync 1 DAGs
[2023-11-20T21:20:45.663+0500] {logging_mixin.py:154} INFO - [2023-11-20T21:20:45.662+0500] {dag.py:3722} INFO - Setting next_dagrun for example_branch_dop_operator_v3 to 2023-11-20T16:19:00+00:00, run_after=2023-11-20T16:20:00+00:00
[2023-11-20T21:20:45.754+0500] {processor.py:179} INFO - Processing /usr/local/lib/python3.10/dist-packages/airflow/example_dags/example_branch_python_dop_operator_3.py took 0.519 seconds
[2023-11-20T21:21:42.877+0500] {processor.py:157} INFO - Started process (PID=33038) to work on /usr/local/lib/python3.10/dist-packages/airflow/example_dags/example_branch_python_dop_operator_3.py
[2023-11-20T21:21:42.899+0500] {processor.py:829} INFO - Processing file /usr/local/lib/python3.10/dist-packages/airflow/example_dags/example_branch_python_dop_operator_3.py for tasks to queue
[2023-11-20T21:21:42.929+0500] {logging_mixin.py:154} INFO - [2023-11-20T21:21:42.923+0500] {dagbag.py:536} INFO - Filling up the DagBag from /usr/local/lib/python3.10/dist-packages/airflow/example_dags/example_branch_python_dop_operator_3.py
[2023-11-20T21:21:42.997+0500] {processor.py:839} INFO - DAG(s) dict_keys(['example_branch_dop_operator_v3']) retrieved from /usr/local/lib/python3.10/dist-packages/airflow/example_dags/example_branch_python_dop_operator_3.py
[2023-11-20T21:21:43.261+0500] {logging_mixin.py:154} INFO - [2023-11-20T21:21:43.260+0500] {dag.py:2941} INFO - Sync 1 DAGs
[2023-11-20T21:21:43.426+0500] {logging_mixin.py:154} INFO - [2023-11-20T21:21:43.425+0500] {dag.py:3722} INFO - Setting next_dagrun for example_branch_dop_operator_v3 to 2023-11-20T16:20:00+00:00, run_after=2023-11-20T16:21:00+00:00
[2023-11-20T21:21:43.618+0500] {processor.py:179} INFO - Processing /usr/local/lib/python3.10/dist-packages/airflow/example_dags/example_branch_python_dop_operator_3.py took 0.755 seconds
[2023-11-20T21:22:18.514+0500] {processor.py:157} INFO - Started process (PID=33191) to work on /usr/local/lib/python3.10/dist-packages/airflow/example_dags/example_branch_python_dop_operator_3.py
[2023-11-20T21:22:18.517+0500] {processor.py:829} INFO - Processing file /usr/local/lib/python3.10/dist-packages/airflow/example_dags/example_branch_python_dop_operator_3.py for tasks to queue
[2023-11-20T21:22:18.522+0500] {logging_mixin.py:154} INFO - [2023-11-20T21:22:18.520+0500] {dagbag.py:536} INFO - Filling up the DagBag from /usr/local/lib/python3.10/dist-packages/airflow/example_dags/example_branch_python_dop_operator_3.py
[2023-11-20T21:22:18.566+0500] {processor.py:839} INFO - DAG(s) dict_keys(['example_branch_dop_operator_v3']) retrieved from /usr/local/lib/python3.10/dist-packages/airflow/example_dags/example_branch_python_dop_operator_3.py
[2023-11-20T21:22:18.672+0500] {logging_mixin.py:154} INFO - [2023-11-20T21:22:18.672+0500] {dag.py:2941} INFO - Sync 1 DAGs
[2023-11-20T21:22:18.818+0500] {logging_mixin.py:154} INFO - [2023-11-20T21:22:18.817+0500] {dag.py:3722} INFO - Setting next_dagrun for example_branch_dop_operator_v3 to 2023-11-20T16:21:00+00:00, run_after=2023-11-20T16:22:00+00:00
[2023-11-20T21:22:18.906+0500] {processor.py:179} INFO - Processing /usr/local/lib/python3.10/dist-packages/airflow/example_dags/example_branch_python_dop_operator_3.py took 0.407 seconds
[2023-11-20T21:22:49.864+0500] {processor.py:157} INFO - Started process (PID=33326) to work on /usr/local/lib/python3.10/dist-packages/airflow/example_dags/example_branch_python_dop_operator_3.py
[2023-11-20T21:22:49.867+0500] {processor.py:829} INFO - Processing file /usr/local/lib/python3.10/dist-packages/airflow/example_dags/example_branch_python_dop_operator_3.py for tasks to queue
[2023-11-20T21:22:49.870+0500] {logging_mixin.py:154} INFO - [2023-11-20T21:22:49.869+0500] {dagbag.py:536} INFO - Filling up the DagBag from /usr/local/lib/python3.10/dist-packages/airflow/example_dags/example_branch_python_dop_operator_3.py
[2023-11-20T21:22:49.916+0500] {processor.py:839} INFO - DAG(s) dict_keys(['example_branch_dop_operator_v3']) retrieved from /usr/local/lib/python3.10/dist-packages/airflow/example_dags/example_branch_python_dop_operator_3.py
[2023-11-20T21:22:50.020+0500] {logging_mixin.py:154} INFO - [2023-11-20T21:22:50.020+0500] {dag.py:2941} INFO - Sync 1 DAGs
[2023-11-20T21:22:50.170+0500] {logging_mixin.py:154} INFO - [2023-11-20T21:22:50.170+0500] {dag.py:3722} INFO - Setting next_dagrun for example_branch_dop_operator_v3 to 2023-11-20T16:21:00+00:00, run_after=2023-11-20T16:22:00+00:00
[2023-11-20T21:22:50.260+0500] {processor.py:179} INFO - Processing /usr/local/lib/python3.10/dist-packages/airflow/example_dags/example_branch_python_dop_operator_3.py took 0.408 seconds
[2023-11-20T21:23:21.749+0500] {processor.py:157} INFO - Started process (PID=33470) to work on /usr/local/lib/python3.10/dist-packages/airflow/example_dags/example_branch_python_dop_operator_3.py
[2023-11-20T21:23:21.753+0500] {processor.py:829} INFO - Processing file /usr/local/lib/python3.10/dist-packages/airflow/example_dags/example_branch_python_dop_operator_3.py for tasks to queue
[2023-11-20T21:23:21.756+0500] {logging_mixin.py:154} INFO - [2023-11-20T21:23:21.755+0500] {dagbag.py:536} INFO - Filling up the DagBag from /usr/local/lib/python3.10/dist-packages/airflow/example_dags/example_branch_python_dop_operator_3.py
[2023-11-20T21:23:21.794+0500] {processor.py:839} INFO - DAG(s) dict_keys(['example_branch_dop_operator_v3']) retrieved from /usr/local/lib/python3.10/dist-packages/airflow/example_dags/example_branch_python_dop_operator_3.py
[2023-11-20T21:23:21.908+0500] {logging_mixin.py:154} INFO - [2023-11-20T21:23:21.907+0500] {dag.py:2941} INFO - Sync 1 DAGs
[2023-11-20T21:23:22.046+0500] {logging_mixin.py:154} INFO - [2023-11-20T21:23:22.045+0500] {dag.py:3722} INFO - Setting next_dagrun for example_branch_dop_operator_v3 to 2023-11-20T16:22:00+00:00, run_after=2023-11-20T16:23:00+00:00
[2023-11-20T21:23:22.129+0500] {processor.py:179} INFO - Processing /usr/local/lib/python3.10/dist-packages/airflow/example_dags/example_branch_python_dop_operator_3.py took 0.391 seconds
[2023-11-20T21:23:53.245+0500] {processor.py:157} INFO - Started process (PID=33583) to work on /usr/local/lib/python3.10/dist-packages/airflow/example_dags/example_branch_python_dop_operator_3.py
[2023-11-20T21:23:53.248+0500] {processor.py:829} INFO - Processing file /usr/local/lib/python3.10/dist-packages/airflow/example_dags/example_branch_python_dop_operator_3.py for tasks to queue
[2023-11-20T21:23:53.251+0500] {logging_mixin.py:154} INFO - [2023-11-20T21:23:53.250+0500] {dagbag.py:536} INFO - Filling up the DagBag from /usr/local/lib/python3.10/dist-packages/airflow/example_dags/example_branch_python_dop_operator_3.py
[2023-11-20T21:23:53.294+0500] {processor.py:839} INFO - DAG(s) dict_keys(['example_branch_dop_operator_v3']) retrieved from /usr/local/lib/python3.10/dist-packages/airflow/example_dags/example_branch_python_dop_operator_3.py
[2023-11-20T21:23:53.403+0500] {logging_mixin.py:154} INFO - [2023-11-20T21:23:53.402+0500] {dag.py:2941} INFO - Sync 1 DAGs
[2023-11-20T21:23:53.553+0500] {logging_mixin.py:154} INFO - [2023-11-20T21:23:53.552+0500] {dag.py:3722} INFO - Setting next_dagrun for example_branch_dop_operator_v3 to 2023-11-20T16:22:00+00:00, run_after=2023-11-20T16:23:00+00:00
[2023-11-20T21:23:53.634+0500] {processor.py:179} INFO - Processing /usr/local/lib/python3.10/dist-packages/airflow/example_dags/example_branch_python_dop_operator_3.py took 0.401 seconds
[2023-11-20T21:24:48.694+0500] {processor.py:157} INFO - Started process (PID=33716) to work on /usr/local/lib/python3.10/dist-packages/airflow/example_dags/example_branch_python_dop_operator_3.py
[2023-11-20T21:24:48.745+0500] {processor.py:829} INFO - Processing file /usr/local/lib/python3.10/dist-packages/airflow/example_dags/example_branch_python_dop_operator_3.py for tasks to queue
[2023-11-20T21:24:48.758+0500] {logging_mixin.py:154} INFO - [2023-11-20T21:24:48.757+0500] {dagbag.py:536} INFO - Filling up the DagBag from /usr/local/lib/python3.10/dist-packages/airflow/example_dags/example_branch_python_dop_operator_3.py
[2023-11-20T21:24:49.010+0500] {processor.py:839} INFO - DAG(s) dict_keys(['example_branch_dop_operator_v3']) retrieved from /usr/local/lib/python3.10/dist-packages/airflow/example_dags/example_branch_python_dop_operator_3.py
[2023-11-20T21:24:49.590+0500] {logging_mixin.py:154} INFO - [2023-11-20T21:24:49.569+0500] {dag.py:2941} INFO - Sync 1 DAGs
[2023-11-20T21:24:50.469+0500] {logging_mixin.py:154} INFO - [2023-11-20T21:24:50.468+0500] {dag.py:3722} INFO - Setting next_dagrun for example_branch_dop_operator_v3 to 2023-11-20T16:23:00+00:00, run_after=2023-11-20T16:24:00+00:00
[2023-11-20T21:24:50.760+0500] {processor.py:179} INFO - Processing /usr/local/lib/python3.10/dist-packages/airflow/example_dags/example_branch_python_dop_operator_3.py took 2.125 seconds
[2023-11-20T21:25:35.763+0500] {processor.py:157} INFO - Started process (PID=33829) to work on /usr/local/lib/python3.10/dist-packages/airflow/example_dags/example_branch_python_dop_operator_3.py
[2023-11-20T21:25:35.796+0500] {processor.py:829} INFO - Processing file /usr/local/lib/python3.10/dist-packages/airflow/example_dags/example_branch_python_dop_operator_3.py for tasks to queue
[2023-11-20T21:25:35.812+0500] {logging_mixin.py:154} INFO - [2023-11-20T21:25:35.806+0500] {dagbag.py:536} INFO - Filling up the DagBag from /usr/local/lib/python3.10/dist-packages/airflow/example_dags/example_branch_python_dop_operator_3.py
[2023-11-20T21:25:35.943+0500] {processor.py:839} INFO - DAG(s) dict_keys(['example_branch_dop_operator_v3']) retrieved from /usr/local/lib/python3.10/dist-packages/airflow/example_dags/example_branch_python_dop_operator_3.py
[2023-11-20T21:25:36.226+0500] {logging_mixin.py:154} INFO - [2023-11-20T21:25:36.226+0500] {dag.py:2941} INFO - Sync 1 DAGs
[2023-11-20T21:25:36.734+0500] {logging_mixin.py:154} INFO - [2023-11-20T21:25:36.733+0500] {dag.py:3722} INFO - Setting next_dagrun for example_branch_dop_operator_v3 to 2023-11-20T16:24:00+00:00, run_after=2023-11-20T16:25:00+00:00
[2023-11-20T21:25:37.030+0500] {processor.py:179} INFO - Processing /usr/local/lib/python3.10/dist-packages/airflow/example_dags/example_branch_python_dop_operator_3.py took 1.344 seconds
[2023-11-20T21:26:20.565+0500] {processor.py:157} INFO - Started process (PID=34014) to work on /usr/local/lib/python3.10/dist-packages/airflow/example_dags/example_branch_python_dop_operator_3.py
[2023-11-20T21:26:20.574+0500] {processor.py:829} INFO - Processing file /usr/local/lib/python3.10/dist-packages/airflow/example_dags/example_branch_python_dop_operator_3.py for tasks to queue
[2023-11-20T21:26:20.580+0500] {logging_mixin.py:154} INFO - [2023-11-20T21:26:20.576+0500] {dagbag.py:536} INFO - Filling up the DagBag from /usr/local/lib/python3.10/dist-packages/airflow/example_dags/example_branch_python_dop_operator_3.py
[2023-11-20T21:26:20.644+0500] {processor.py:839} INFO - DAG(s) dict_keys(['example_branch_dop_operator_v3']) retrieved from /usr/local/lib/python3.10/dist-packages/airflow/example_dags/example_branch_python_dop_operator_3.py
[2023-11-20T21:26:20.797+0500] {logging_mixin.py:154} INFO - [2023-11-20T21:26:20.796+0500] {dag.py:2941} INFO - Sync 1 DAGs
[2023-11-20T21:26:21.075+0500] {logging_mixin.py:154} INFO - [2023-11-20T21:26:21.073+0500] {dag.py:3722} INFO - Setting next_dagrun for example_branch_dop_operator_v3 to 2023-11-20T16:25:00+00:00, run_after=2023-11-20T16:26:00+00:00
[2023-11-20T21:26:21.193+0500] {processor.py:179} INFO - Processing /usr/local/lib/python3.10/dist-packages/airflow/example_dags/example_branch_python_dop_operator_3.py took 0.642 seconds
[2023-11-20T21:28:36.046+0500] {processor.py:157} INFO - Started process (PID=34334) to work on /usr/local/lib/python3.10/dist-packages/airflow/example_dags/example_branch_python_dop_operator_3.py
[2023-11-20T21:28:36.049+0500] {processor.py:829} INFO - Processing file /usr/local/lib/python3.10/dist-packages/airflow/example_dags/example_branch_python_dop_operator_3.py for tasks to queue
[2023-11-20T21:28:36.053+0500] {logging_mixin.py:154} INFO - [2023-11-20T21:28:36.051+0500] {dagbag.py:536} INFO - Filling up the DagBag from /usr/local/lib/python3.10/dist-packages/airflow/example_dags/example_branch_python_dop_operator_3.py
[2023-11-20T21:28:36.133+0500] {processor.py:839} INFO - DAG(s) dict_keys(['example_branch_dop_operator_v3']) retrieved from /usr/local/lib/python3.10/dist-packages/airflow/example_dags/example_branch_python_dop_operator_3.py
[2023-11-20T21:28:36.268+0500] {logging_mixin.py:154} INFO - [2023-11-20T21:28:36.267+0500] {dag.py:2941} INFO - Sync 1 DAGs
[2023-11-20T21:28:36.443+0500] {logging_mixin.py:154} INFO - [2023-11-20T21:28:36.430+0500] {dag.py:3722} INFO - Setting next_dagrun for example_branch_dop_operator_v3 to 2023-11-20T16:27:00+00:00, run_after=2023-11-20T16:28:00+00:00
[2023-11-20T21:28:36.559+0500] {processor.py:179} INFO - Processing /usr/local/lib/python3.10/dist-packages/airflow/example_dags/example_branch_python_dop_operator_3.py took 0.525 seconds
[2023-11-20T21:30:43.672+0500] {processor.py:157} INFO - Started process (PID=34547) to work on /usr/local/lib/python3.10/dist-packages/airflow/example_dags/example_branch_python_dop_operator_3.py
[2023-11-20T21:30:43.675+0500] {processor.py:829} INFO - Processing file /usr/local/lib/python3.10/dist-packages/airflow/example_dags/example_branch_python_dop_operator_3.py for tasks to queue
[2023-11-20T21:30:43.681+0500] {logging_mixin.py:154} INFO - [2023-11-20T21:30:43.680+0500] {dagbag.py:536} INFO - Filling up the DagBag from /usr/local/lib/python3.10/dist-packages/airflow/example_dags/example_branch_python_dop_operator_3.py
[2023-11-20T21:30:43.721+0500] {processor.py:839} INFO - DAG(s) dict_keys(['example_branch_dop_operator_v3']) retrieved from /usr/local/lib/python3.10/dist-packages/airflow/example_dags/example_branch_python_dop_operator_3.py
[2023-11-20T21:30:43.820+0500] {logging_mixin.py:154} INFO - [2023-11-20T21:30:43.820+0500] {dag.py:2941} INFO - Sync 1 DAGs
[2023-11-20T21:30:43.955+0500] {logging_mixin.py:154} INFO - [2023-11-20T21:30:43.954+0500] {dag.py:3722} INFO - Setting next_dagrun for example_branch_dop_operator_v3 to 2023-11-20T16:29:00+00:00, run_after=2023-11-20T16:30:00+00:00
[2023-11-20T21:30:44.032+0500] {processor.py:179} INFO - Processing /usr/local/lib/python3.10/dist-packages/airflow/example_dags/example_branch_python_dop_operator_3.py took 0.372 seconds
