[2023-11-20T21:05:57.640+0500] {processor.py:157} INFO - Started process (PID=27198) to work on /usr/local/lib/python3.10/dist-packages/airflow/example_dags/example_latest_only_with_trigger.py
[2023-11-20T21:05:57.643+0500] {processor.py:829} INFO - Processing file /usr/local/lib/python3.10/dist-packages/airflow/example_dags/example_latest_only_with_trigger.py for tasks to queue
[2023-11-20T21:05:57.646+0500] {logging_mixin.py:154} INFO - [2023-11-20T21:05:57.645+0500] {dagbag.py:536} INFO - Filling up the DagBag from /usr/local/lib/python3.10/dist-packages/airflow/example_dags/example_latest_only_with_trigger.py
[2023-11-20T21:05:57.672+0500] {processor.py:839} INFO - DAG(s) dict_keys(['latest_only_with_trigger']) retrieved from /usr/local/lib/python3.10/dist-packages/airflow/example_dags/example_latest_only_with_trigger.py
[2023-11-20T21:05:58.154+0500] {logging_mixin.py:154} INFO - [2023-11-20T21:05:58.153+0500] {manager.py:499} INFO - Created Permission View: %s
[2023-11-20T21:05:58.197+0500] {logging_mixin.py:154} INFO - [2023-11-20T21:05:58.196+0500] {manager.py:499} INFO - Created Permission View: %s
[2023-11-20T21:05:58.227+0500] {logging_mixin.py:154} INFO - [2023-11-20T21:05:58.227+0500] {manager.py:499} INFO - Created Permission View: %s
[2023-11-20T21:05:58.229+0500] {logging_mixin.py:154} INFO - [2023-11-20T21:05:58.228+0500] {dag.py:2941} INFO - Sync 1 DAGs
[2023-11-20T21:05:58.279+0500] {logging_mixin.py:154} INFO - [2023-11-20T21:05:58.278+0500] {dag.py:2963} INFO - Creating ORM DAG for latest_only_with_trigger
[2023-11-20T21:05:58.321+0500] {logging_mixin.py:154} INFO - [2023-11-20T21:05:58.320+0500] {dag.py:3722} INFO - Setting next_dagrun for latest_only_with_trigger to 2023-11-20T12:05:58.320016+00:00, run_after=2023-11-20T16:05:58.320016+00:00
[2023-11-20T21:05:58.393+0500] {processor.py:179} INFO - Processing /usr/local/lib/python3.10/dist-packages/airflow/example_dags/example_latest_only_with_trigger.py took 0.766 seconds
[2023-11-20T21:06:30.211+0500] {processor.py:157} INFO - Started process (PID=27483) to work on /usr/local/lib/python3.10/dist-packages/airflow/example_dags/example_latest_only_with_trigger.py
[2023-11-20T21:06:30.215+0500] {processor.py:829} INFO - Processing file /usr/local/lib/python3.10/dist-packages/airflow/example_dags/example_latest_only_with_trigger.py for tasks to queue
[2023-11-20T21:06:30.219+0500] {logging_mixin.py:154} INFO - [2023-11-20T21:06:30.217+0500] {dagbag.py:536} INFO - Filling up the DagBag from /usr/local/lib/python3.10/dist-packages/airflow/example_dags/example_latest_only_with_trigger.py
[2023-11-20T21:06:30.264+0500] {processor.py:839} INFO - DAG(s) dict_keys(['latest_only_with_trigger']) retrieved from /usr/local/lib/python3.10/dist-packages/airflow/example_dags/example_latest_only_with_trigger.py
[2023-11-20T21:06:30.402+0500] {logging_mixin.py:154} INFO - [2023-11-20T21:06:30.401+0500] {dag.py:2941} INFO - Sync 1 DAGs
[2023-11-20T21:06:30.522+0500] {logging_mixin.py:154} INFO - [2023-11-20T21:06:30.521+0500] {dag.py:3722} INFO - Setting next_dagrun for latest_only_with_trigger to 2023-11-20T12:06:30.520710+00:00, run_after=2023-11-20T16:06:30.520710+00:00
[2023-11-20T21:06:30.666+0500] {processor.py:179} INFO - Processing /usr/local/lib/python3.10/dist-packages/airflow/example_dags/example_latest_only_with_trigger.py took 0.468 seconds
[2023-11-20T21:07:01.694+0500] {processor.py:157} INFO - Started process (PID=27772) to work on /usr/local/lib/python3.10/dist-packages/airflow/example_dags/example_latest_only_with_trigger.py
[2023-11-20T21:07:01.701+0500] {processor.py:829} INFO - Processing file /usr/local/lib/python3.10/dist-packages/airflow/example_dags/example_latest_only_with_trigger.py for tasks to queue
[2023-11-20T21:07:01.714+0500] {logging_mixin.py:154} INFO - [2023-11-20T21:07:01.713+0500] {dagbag.py:536} INFO - Filling up the DagBag from /usr/local/lib/python3.10/dist-packages/airflow/example_dags/example_latest_only_with_trigger.py
[2023-11-20T21:07:01.743+0500] {processor.py:839} INFO - DAG(s) dict_keys(['latest_only_with_trigger']) retrieved from /usr/local/lib/python3.10/dist-packages/airflow/example_dags/example_latest_only_with_trigger.py
[2023-11-20T21:07:01.872+0500] {logging_mixin.py:154} INFO - [2023-11-20T21:07:01.871+0500] {dag.py:2941} INFO - Sync 1 DAGs
[2023-11-20T21:07:02.026+0500] {logging_mixin.py:154} INFO - [2023-11-20T21:07:02.025+0500] {dag.py:3722} INFO - Setting next_dagrun for latest_only_with_trigger to 2023-11-20T12:07:02.025085+00:00, run_after=2023-11-20T16:07:02.025085+00:00
[2023-11-20T21:07:02.169+0500] {processor.py:179} INFO - Processing /usr/local/lib/python3.10/dist-packages/airflow/example_dags/example_latest_only_with_trigger.py took 0.490 seconds
[2023-11-20T21:07:32.646+0500] {processor.py:157} INFO - Started process (PID=28043) to work on /usr/local/lib/python3.10/dist-packages/airflow/example_dags/example_latest_only_with_trigger.py
[2023-11-20T21:07:32.651+0500] {processor.py:829} INFO - Processing file /usr/local/lib/python3.10/dist-packages/airflow/example_dags/example_latest_only_with_trigger.py for tasks to queue
[2023-11-20T21:07:32.654+0500] {logging_mixin.py:154} INFO - [2023-11-20T21:07:32.653+0500] {dagbag.py:536} INFO - Filling up the DagBag from /usr/local/lib/python3.10/dist-packages/airflow/example_dags/example_latest_only_with_trigger.py
[2023-11-20T21:07:32.682+0500] {processor.py:839} INFO - DAG(s) dict_keys(['latest_only_with_trigger']) retrieved from /usr/local/lib/python3.10/dist-packages/airflow/example_dags/example_latest_only_with_trigger.py
[2023-11-20T21:07:32.937+0500] {logging_mixin.py:154} INFO - [2023-11-20T21:07:32.936+0500] {dag.py:2941} INFO - Sync 1 DAGs
[2023-11-20T21:07:33.078+0500] {logging_mixin.py:154} INFO - [2023-11-20T21:07:33.077+0500] {dag.py:3722} INFO - Setting next_dagrun for latest_only_with_trigger to 2023-11-20T12:07:33.076099+00:00, run_after=2023-11-20T16:07:33.076099+00:00
[2023-11-20T21:07:33.253+0500] {processor.py:179} INFO - Processing /usr/local/lib/python3.10/dist-packages/airflow/example_dags/example_latest_only_with_trigger.py took 0.620 seconds
[2023-11-20T21:08:04.739+0500] {processor.py:157} INFO - Started process (PID=28243) to work on /usr/local/lib/python3.10/dist-packages/airflow/example_dags/example_latest_only_with_trigger.py
[2023-11-20T21:08:04.752+0500] {processor.py:829} INFO - Processing file /usr/local/lib/python3.10/dist-packages/airflow/example_dags/example_latest_only_with_trigger.py for tasks to queue
[2023-11-20T21:08:04.758+0500] {logging_mixin.py:154} INFO - [2023-11-20T21:08:04.754+0500] {dagbag.py:536} INFO - Filling up the DagBag from /usr/local/lib/python3.10/dist-packages/airflow/example_dags/example_latest_only_with_trigger.py
[2023-11-20T21:08:04.804+0500] {processor.py:839} INFO - DAG(s) dict_keys(['latest_only_with_trigger']) retrieved from /usr/local/lib/python3.10/dist-packages/airflow/example_dags/example_latest_only_with_trigger.py
[2023-11-20T21:08:04.975+0500] {logging_mixin.py:154} INFO - [2023-11-20T21:08:04.974+0500] {dag.py:2941} INFO - Sync 1 DAGs
[2023-11-20T21:08:05.411+0500] {logging_mixin.py:154} INFO - [2023-11-20T21:08:05.407+0500] {dag.py:3722} INFO - Setting next_dagrun for latest_only_with_trigger to 2023-11-20T12:08:05.406719+00:00, run_after=2023-11-20T16:08:05.406719+00:00
[2023-11-20T21:08:05.564+0500] {processor.py:179} INFO - Processing /usr/local/lib/python3.10/dist-packages/airflow/example_dags/example_latest_only_with_trigger.py took 0.847 seconds
[2023-11-20T21:08:35.839+0500] {processor.py:157} INFO - Started process (PID=28459) to work on /usr/local/lib/python3.10/dist-packages/airflow/example_dags/example_latest_only_with_trigger.py
[2023-11-20T21:08:35.841+0500] {processor.py:829} INFO - Processing file /usr/local/lib/python3.10/dist-packages/airflow/example_dags/example_latest_only_with_trigger.py for tasks to queue
[2023-11-20T21:08:35.845+0500] {logging_mixin.py:154} INFO - [2023-11-20T21:08:35.843+0500] {dagbag.py:536} INFO - Filling up the DagBag from /usr/local/lib/python3.10/dist-packages/airflow/example_dags/example_latest_only_with_trigger.py
[2023-11-20T21:08:35.868+0500] {processor.py:839} INFO - DAG(s) dict_keys(['latest_only_with_trigger']) retrieved from /usr/local/lib/python3.10/dist-packages/airflow/example_dags/example_latest_only_with_trigger.py
[2023-11-20T21:08:35.988+0500] {logging_mixin.py:154} INFO - [2023-11-20T21:08:35.987+0500] {dag.py:2941} INFO - Sync 1 DAGs
[2023-11-20T21:08:36.098+0500] {logging_mixin.py:154} INFO - [2023-11-20T21:08:36.098+0500] {dag.py:3722} INFO - Setting next_dagrun for latest_only_with_trigger to 2023-11-20T12:08:36.097020+00:00, run_after=2023-11-20T16:08:36.097020+00:00
[2023-11-20T21:08:36.184+0500] {processor.py:179} INFO - Processing /usr/local/lib/python3.10/dist-packages/airflow/example_dags/example_latest_only_with_trigger.py took 0.358 seconds
[2023-11-20T21:09:06.638+0500] {processor.py:157} INFO - Started process (PID=28668) to work on /usr/local/lib/python3.10/dist-packages/airflow/example_dags/example_latest_only_with_trigger.py
[2023-11-20T21:09:06.641+0500] {processor.py:829} INFO - Processing file /usr/local/lib/python3.10/dist-packages/airflow/example_dags/example_latest_only_with_trigger.py for tasks to queue
[2023-11-20T21:09:06.644+0500] {logging_mixin.py:154} INFO - [2023-11-20T21:09:06.643+0500] {dagbag.py:536} INFO - Filling up the DagBag from /usr/local/lib/python3.10/dist-packages/airflow/example_dags/example_latest_only_with_trigger.py
[2023-11-20T21:09:06.667+0500] {processor.py:839} INFO - DAG(s) dict_keys(['latest_only_with_trigger']) retrieved from /usr/local/lib/python3.10/dist-packages/airflow/example_dags/example_latest_only_with_trigger.py
[2023-11-20T21:09:06.774+0500] {logging_mixin.py:154} INFO - [2023-11-20T21:09:06.774+0500] {dag.py:2941} INFO - Sync 1 DAGs
[2023-11-20T21:09:06.882+0500] {logging_mixin.py:154} INFO - [2023-11-20T21:09:06.881+0500] {dag.py:3722} INFO - Setting next_dagrun for latest_only_with_trigger to 2023-11-20T12:09:06.880780+00:00, run_after=2023-11-20T16:09:06.880780+00:00
[2023-11-20T21:09:06.963+0500] {processor.py:179} INFO - Processing /usr/local/lib/python3.10/dist-packages/airflow/example_dags/example_latest_only_with_trigger.py took 0.338 seconds
[2023-11-20T21:09:37.238+0500] {processor.py:157} INFO - Started process (PID=28880) to work on /usr/local/lib/python3.10/dist-packages/airflow/example_dags/example_latest_only_with_trigger.py
[2023-11-20T21:09:37.241+0500] {processor.py:829} INFO - Processing file /usr/local/lib/python3.10/dist-packages/airflow/example_dags/example_latest_only_with_trigger.py for tasks to queue
[2023-11-20T21:09:37.244+0500] {logging_mixin.py:154} INFO - [2023-11-20T21:09:37.242+0500] {dagbag.py:536} INFO - Filling up the DagBag from /usr/local/lib/python3.10/dist-packages/airflow/example_dags/example_latest_only_with_trigger.py
[2023-11-20T21:09:37.266+0500] {processor.py:839} INFO - DAG(s) dict_keys(['latest_only_with_trigger']) retrieved from /usr/local/lib/python3.10/dist-packages/airflow/example_dags/example_latest_only_with_trigger.py
[2023-11-20T21:09:37.370+0500] {logging_mixin.py:154} INFO - [2023-11-20T21:09:37.369+0500] {dag.py:2941} INFO - Sync 1 DAGs
[2023-11-20T21:09:37.466+0500] {logging_mixin.py:154} INFO - [2023-11-20T21:09:37.465+0500] {dag.py:3722} INFO - Setting next_dagrun for latest_only_with_trigger to 2023-11-20T12:09:37.464796+00:00, run_after=2023-11-20T16:09:37.464796+00:00
[2023-11-20T21:09:37.544+0500] {processor.py:179} INFO - Processing /usr/local/lib/python3.10/dist-packages/airflow/example_dags/example_latest_only_with_trigger.py took 0.318 seconds
[2023-11-20T21:10:07.819+0500] {processor.py:157} INFO - Started process (PID=29159) to work on /usr/local/lib/python3.10/dist-packages/airflow/example_dags/example_latest_only_with_trigger.py
[2023-11-20T21:10:07.828+0500] {processor.py:829} INFO - Processing file /usr/local/lib/python3.10/dist-packages/airflow/example_dags/example_latest_only_with_trigger.py for tasks to queue
[2023-11-20T21:10:07.831+0500] {logging_mixin.py:154} INFO - [2023-11-20T21:10:07.830+0500] {dagbag.py:536} INFO - Filling up the DagBag from /usr/local/lib/python3.10/dist-packages/airflow/example_dags/example_latest_only_with_trigger.py
[2023-11-20T21:10:07.869+0500] {processor.py:839} INFO - DAG(s) dict_keys(['latest_only_with_trigger']) retrieved from /usr/local/lib/python3.10/dist-packages/airflow/example_dags/example_latest_only_with_trigger.py
[2023-11-20T21:10:08.056+0500] {logging_mixin.py:154} INFO - [2023-11-20T21:10:08.055+0500] {dag.py:2941} INFO - Sync 1 DAGs
[2023-11-20T21:10:08.211+0500] {logging_mixin.py:154} INFO - [2023-11-20T21:10:08.210+0500] {dag.py:3722} INFO - Setting next_dagrun for latest_only_with_trigger to 2023-11-20T12:10:08.207674+00:00, run_after=2023-11-20T16:10:08.207674+00:00
[2023-11-20T21:10:08.350+0500] {processor.py:179} INFO - Processing /usr/local/lib/python3.10/dist-packages/airflow/example_dags/example_latest_only_with_trigger.py took 0.552 seconds
[2023-11-20T21:10:38.527+0500] {processor.py:157} INFO - Started process (PID=29363) to work on /usr/local/lib/python3.10/dist-packages/airflow/example_dags/example_latest_only_with_trigger.py
[2023-11-20T21:10:38.530+0500] {processor.py:829} INFO - Processing file /usr/local/lib/python3.10/dist-packages/airflow/example_dags/example_latest_only_with_trigger.py for tasks to queue
[2023-11-20T21:10:38.533+0500] {logging_mixin.py:154} INFO - [2023-11-20T21:10:38.532+0500] {dagbag.py:536} INFO - Filling up the DagBag from /usr/local/lib/python3.10/dist-packages/airflow/example_dags/example_latest_only_with_trigger.py
[2023-11-20T21:10:38.556+0500] {processor.py:839} INFO - DAG(s) dict_keys(['latest_only_with_trigger']) retrieved from /usr/local/lib/python3.10/dist-packages/airflow/example_dags/example_latest_only_with_trigger.py
[2023-11-20T21:10:38.658+0500] {logging_mixin.py:154} INFO - [2023-11-20T21:10:38.657+0500] {dag.py:2941} INFO - Sync 1 DAGs
[2023-11-20T21:10:38.754+0500] {logging_mixin.py:154} INFO - [2023-11-20T21:10:38.753+0500] {dag.py:3722} INFO - Setting next_dagrun for latest_only_with_trigger to 2023-11-20T12:10:38.752800+00:00, run_after=2023-11-20T16:10:38.752800+00:00
[2023-11-20T21:10:38.835+0500] {processor.py:179} INFO - Processing /usr/local/lib/python3.10/dist-packages/airflow/example_dags/example_latest_only_with_trigger.py took 0.319 seconds
[2023-11-20T21:11:09.022+0500] {processor.py:157} INFO - Started process (PID=29518) to work on /usr/local/lib/python3.10/dist-packages/airflow/example_dags/example_latest_only_with_trigger.py
[2023-11-20T21:11:09.025+0500] {processor.py:829} INFO - Processing file /usr/local/lib/python3.10/dist-packages/airflow/example_dags/example_latest_only_with_trigger.py for tasks to queue
[2023-11-20T21:11:09.028+0500] {logging_mixin.py:154} INFO - [2023-11-20T21:11:09.027+0500] {dagbag.py:536} INFO - Filling up the DagBag from /usr/local/lib/python3.10/dist-packages/airflow/example_dags/example_latest_only_with_trigger.py
[2023-11-20T21:11:09.052+0500] {processor.py:839} INFO - DAG(s) dict_keys(['latest_only_with_trigger']) retrieved from /usr/local/lib/python3.10/dist-packages/airflow/example_dags/example_latest_only_with_trigger.py
[2023-11-20T21:11:09.160+0500] {logging_mixin.py:154} INFO - [2023-11-20T21:11:09.159+0500] {dag.py:2941} INFO - Sync 1 DAGs
[2023-11-20T21:11:09.263+0500] {logging_mixin.py:154} INFO - [2023-11-20T21:11:09.263+0500] {dag.py:3722} INFO - Setting next_dagrun for latest_only_with_trigger to 2023-11-20T12:11:09.262336+00:00, run_after=2023-11-20T16:11:09.262336+00:00
[2023-11-20T21:11:09.344+0500] {processor.py:179} INFO - Processing /usr/local/lib/python3.10/dist-packages/airflow/example_dags/example_latest_only_with_trigger.py took 0.334 seconds
[2023-11-20T21:11:44.839+0500] {processor.py:157} INFO - Started process (PID=29695) to work on /usr/local/lib/python3.10/dist-packages/airflow/example_dags/example_latest_only_with_trigger.py
[2023-11-20T21:11:44.849+0500] {processor.py:829} INFO - Processing file /usr/local/lib/python3.10/dist-packages/airflow/example_dags/example_latest_only_with_trigger.py for tasks to queue
[2023-11-20T21:11:44.852+0500] {logging_mixin.py:154} INFO - [2023-11-20T21:11:44.851+0500] {dagbag.py:536} INFO - Filling up the DagBag from /usr/local/lib/python3.10/dist-packages/airflow/example_dags/example_latest_only_with_trigger.py
[2023-11-20T21:11:44.878+0500] {processor.py:839} INFO - DAG(s) dict_keys(['latest_only_with_trigger']) retrieved from /usr/local/lib/python3.10/dist-packages/airflow/example_dags/example_latest_only_with_trigger.py
[2023-11-20T21:11:45.076+0500] {logging_mixin.py:154} INFO - [2023-11-20T21:11:45.075+0500] {dag.py:2941} INFO - Sync 1 DAGs
[2023-11-20T21:11:45.365+0500] {logging_mixin.py:154} INFO - [2023-11-20T21:11:45.364+0500] {dag.py:3722} INFO - Setting next_dagrun for latest_only_with_trigger to 2023-11-20T12:11:45.363387+00:00, run_after=2023-11-20T16:11:45.363387+00:00
[2023-11-20T21:11:45.474+0500] {processor.py:179} INFO - Processing /usr/local/lib/python3.10/dist-packages/airflow/example_dags/example_latest_only_with_trigger.py took 0.649 seconds
[2023-11-20T21:12:15.827+0500] {processor.py:157} INFO - Started process (PID=29888) to work on /usr/local/lib/python3.10/dist-packages/airflow/example_dags/example_latest_only_with_trigger.py
[2023-11-20T21:12:15.830+0500] {processor.py:829} INFO - Processing file /usr/local/lib/python3.10/dist-packages/airflow/example_dags/example_latest_only_with_trigger.py for tasks to queue
[2023-11-20T21:12:15.834+0500] {logging_mixin.py:154} INFO - [2023-11-20T21:12:15.833+0500] {dagbag.py:536} INFO - Filling up the DagBag from /usr/local/lib/python3.10/dist-packages/airflow/example_dags/example_latest_only_with_trigger.py
[2023-11-20T21:12:15.859+0500] {processor.py:839} INFO - DAG(s) dict_keys(['latest_only_with_trigger']) retrieved from /usr/local/lib/python3.10/dist-packages/airflow/example_dags/example_latest_only_with_trigger.py
[2023-11-20T21:12:15.986+0500] {logging_mixin.py:154} INFO - [2023-11-20T21:12:15.985+0500] {dag.py:2941} INFO - Sync 1 DAGs
[2023-11-20T21:12:16.104+0500] {logging_mixin.py:154} INFO - [2023-11-20T21:12:16.103+0500] {dag.py:3722} INFO - Setting next_dagrun for latest_only_with_trigger to 2023-11-20T12:12:16.102345+00:00, run_after=2023-11-20T16:12:16.102345+00:00
[2023-11-20T21:12:16.286+0500] {processor.py:179} INFO - Processing /usr/local/lib/python3.10/dist-packages/airflow/example_dags/example_latest_only_with_trigger.py took 0.474 seconds
[2023-11-20T21:12:46.424+0500] {processor.py:157} INFO - Started process (PID=30097) to work on /usr/local/lib/python3.10/dist-packages/airflow/example_dags/example_latest_only_with_trigger.py
[2023-11-20T21:12:46.427+0500] {processor.py:829} INFO - Processing file /usr/local/lib/python3.10/dist-packages/airflow/example_dags/example_latest_only_with_trigger.py for tasks to queue
[2023-11-20T21:12:46.430+0500] {logging_mixin.py:154} INFO - [2023-11-20T21:12:46.429+0500] {dagbag.py:536} INFO - Filling up the DagBag from /usr/local/lib/python3.10/dist-packages/airflow/example_dags/example_latest_only_with_trigger.py
[2023-11-20T21:12:46.453+0500] {processor.py:839} INFO - DAG(s) dict_keys(['latest_only_with_trigger']) retrieved from /usr/local/lib/python3.10/dist-packages/airflow/example_dags/example_latest_only_with_trigger.py
[2023-11-20T21:12:46.558+0500] {logging_mixin.py:154} INFO - [2023-11-20T21:12:46.558+0500] {dag.py:2941} INFO - Sync 1 DAGs
[2023-11-20T21:12:46.655+0500] {logging_mixin.py:154} INFO - [2023-11-20T21:12:46.655+0500] {dag.py:3722} INFO - Setting next_dagrun for latest_only_with_trigger to 2023-11-20T12:12:46.654260+00:00, run_after=2023-11-20T16:12:46.654260+00:00
[2023-11-20T21:12:46.732+0500] {processor.py:179} INFO - Processing /usr/local/lib/python3.10/dist-packages/airflow/example_dags/example_latest_only_with_trigger.py took 0.319 seconds
[2023-11-20T21:13:18.404+0500] {processor.py:157} INFO - Started process (PID=30265) to work on /usr/local/lib/python3.10/dist-packages/airflow/example_dags/example_latest_only_with_trigger.py
[2023-11-20T21:13:18.408+0500] {processor.py:829} INFO - Processing file /usr/local/lib/python3.10/dist-packages/airflow/example_dags/example_latest_only_with_trigger.py for tasks to queue
[2023-11-20T21:13:18.411+0500] {logging_mixin.py:154} INFO - [2023-11-20T21:13:18.410+0500] {dagbag.py:536} INFO - Filling up the DagBag from /usr/local/lib/python3.10/dist-packages/airflow/example_dags/example_latest_only_with_trigger.py
[2023-11-20T21:13:18.438+0500] {processor.py:839} INFO - DAG(s) dict_keys(['latest_only_with_trigger']) retrieved from /usr/local/lib/python3.10/dist-packages/airflow/example_dags/example_latest_only_with_trigger.py
[2023-11-20T21:13:18.556+0500] {logging_mixin.py:154} INFO - [2023-11-20T21:13:18.555+0500] {dag.py:2941} INFO - Sync 1 DAGs
[2023-11-20T21:13:18.665+0500] {logging_mixin.py:154} INFO - [2023-11-20T21:13:18.664+0500] {dag.py:3722} INFO - Setting next_dagrun for latest_only_with_trigger to 2023-11-20T12:13:18.663990+00:00, run_after=2023-11-20T16:13:18.663990+00:00
[2023-11-20T21:13:18.756+0500] {processor.py:179} INFO - Processing /usr/local/lib/python3.10/dist-packages/airflow/example_dags/example_latest_only_with_trigger.py took 0.367 seconds
[2023-11-20T21:13:49.508+0500] {processor.py:157} INFO - Started process (PID=30366) to work on /usr/local/lib/python3.10/dist-packages/airflow/example_dags/example_latest_only_with_trigger.py
[2023-11-20T21:13:49.511+0500] {processor.py:829} INFO - Processing file /usr/local/lib/python3.10/dist-packages/airflow/example_dags/example_latest_only_with_trigger.py for tasks to queue
[2023-11-20T21:13:49.514+0500] {logging_mixin.py:154} INFO - [2023-11-20T21:13:49.513+0500] {dagbag.py:536} INFO - Filling up the DagBag from /usr/local/lib/python3.10/dist-packages/airflow/example_dags/example_latest_only_with_trigger.py
[2023-11-20T21:13:49.536+0500] {processor.py:839} INFO - DAG(s) dict_keys(['latest_only_with_trigger']) retrieved from /usr/local/lib/python3.10/dist-packages/airflow/example_dags/example_latest_only_with_trigger.py
[2023-11-20T21:13:49.645+0500] {logging_mixin.py:154} INFO - [2023-11-20T21:13:49.645+0500] {dag.py:2941} INFO - Sync 1 DAGs
[2023-11-20T21:13:49.750+0500] {logging_mixin.py:154} INFO - [2023-11-20T21:13:49.749+0500] {dag.py:3722} INFO - Setting next_dagrun for latest_only_with_trigger to 2023-11-20T12:13:49.748650+00:00, run_after=2023-11-20T16:13:49.748650+00:00
[2023-11-20T21:13:49.839+0500] {processor.py:179} INFO - Processing /usr/local/lib/python3.10/dist-packages/airflow/example_dags/example_latest_only_with_trigger.py took 0.342 seconds
[2023-11-20T21:14:21.121+0500] {processor.py:157} INFO - Started process (PID=30474) to work on /usr/local/lib/python3.10/dist-packages/airflow/example_dags/example_latest_only_with_trigger.py
[2023-11-20T21:14:21.132+0500] {processor.py:829} INFO - Processing file /usr/local/lib/python3.10/dist-packages/airflow/example_dags/example_latest_only_with_trigger.py for tasks to queue
[2023-11-20T21:14:21.138+0500] {logging_mixin.py:154} INFO - [2023-11-20T21:14:21.136+0500] {dagbag.py:536} INFO - Filling up the DagBag from /usr/local/lib/python3.10/dist-packages/airflow/example_dags/example_latest_only_with_trigger.py
[2023-11-20T21:14:21.165+0500] {processor.py:839} INFO - DAG(s) dict_keys(['latest_only_with_trigger']) retrieved from /usr/local/lib/python3.10/dist-packages/airflow/example_dags/example_latest_only_with_trigger.py
[2023-11-20T21:14:21.364+0500] {logging_mixin.py:154} INFO - [2023-11-20T21:14:21.363+0500] {dag.py:2941} INFO - Sync 1 DAGs
[2023-11-20T21:14:21.499+0500] {logging_mixin.py:154} INFO - [2023-11-20T21:14:21.498+0500] {dag.py:3722} INFO - Setting next_dagrun for latest_only_with_trigger to 2023-11-20T12:14:21.497567+00:00, run_after=2023-11-20T16:14:21.497567+00:00
[2023-11-20T21:14:21.639+0500] {processor.py:179} INFO - Processing /usr/local/lib/python3.10/dist-packages/airflow/example_dags/example_latest_only_with_trigger.py took 0.533 seconds
[2023-11-20T21:15:09.356+0500] {processor.py:157} INFO - Started process (PID=30781) to work on /usr/local/lib/python3.10/dist-packages/airflow/example_dags/example_latest_only_with_trigger.py
[2023-11-20T21:15:09.359+0500] {processor.py:829} INFO - Processing file /usr/local/lib/python3.10/dist-packages/airflow/example_dags/example_latest_only_with_trigger.py for tasks to queue
[2023-11-20T21:15:09.362+0500] {logging_mixin.py:154} INFO - [2023-11-20T21:15:09.361+0500] {dagbag.py:536} INFO - Filling up the DagBag from /usr/local/lib/python3.10/dist-packages/airflow/example_dags/example_latest_only_with_trigger.py
[2023-11-20T21:15:09.385+0500] {processor.py:839} INFO - DAG(s) dict_keys(['latest_only_with_trigger']) retrieved from /usr/local/lib/python3.10/dist-packages/airflow/example_dags/example_latest_only_with_trigger.py
[2023-11-20T21:15:09.547+0500] {logging_mixin.py:154} INFO - [2023-11-20T21:15:09.546+0500] {dag.py:2941} INFO - Sync 1 DAGs
[2023-11-20T21:15:09.702+0500] {logging_mixin.py:154} INFO - [2023-11-20T21:15:09.701+0500] {dag.py:3722} INFO - Setting next_dagrun for latest_only_with_trigger to 2023-11-20T12:15:09.700952+00:00, run_after=2023-11-20T16:15:09.700952+00:00
[2023-11-20T21:15:09.814+0500] {processor.py:179} INFO - Processing /usr/local/lib/python3.10/dist-packages/airflow/example_dags/example_latest_only_with_trigger.py took 0.478 seconds
[2023-11-20T21:15:40.118+0500] {processor.py:157} INFO - Started process (PID=30994) to work on /usr/local/lib/python3.10/dist-packages/airflow/example_dags/example_latest_only_with_trigger.py
[2023-11-20T21:15:40.121+0500] {processor.py:829} INFO - Processing file /usr/local/lib/python3.10/dist-packages/airflow/example_dags/example_latest_only_with_trigger.py for tasks to queue
[2023-11-20T21:15:40.124+0500] {logging_mixin.py:154} INFO - [2023-11-20T21:15:40.123+0500] {dagbag.py:536} INFO - Filling up the DagBag from /usr/local/lib/python3.10/dist-packages/airflow/example_dags/example_latest_only_with_trigger.py
[2023-11-20T21:15:40.148+0500] {processor.py:839} INFO - DAG(s) dict_keys(['latest_only_with_trigger']) retrieved from /usr/local/lib/python3.10/dist-packages/airflow/example_dags/example_latest_only_with_trigger.py
[2023-11-20T21:15:40.250+0500] {logging_mixin.py:154} INFO - [2023-11-20T21:15:40.249+0500] {dag.py:2941} INFO - Sync 1 DAGs
[2023-11-20T21:15:40.347+0500] {logging_mixin.py:154} INFO - [2023-11-20T21:15:40.346+0500] {dag.py:3722} INFO - Setting next_dagrun for latest_only_with_trigger to 2023-11-20T12:15:40.345702+00:00, run_after=2023-11-20T16:15:40.345702+00:00
[2023-11-20T21:15:40.428+0500] {processor.py:179} INFO - Processing /usr/local/lib/python3.10/dist-packages/airflow/example_dags/example_latest_only_with_trigger.py took 0.322 seconds
[2023-11-20T21:16:12.125+0500] {processor.py:157} INFO - Started process (PID=31150) to work on /usr/local/lib/python3.10/dist-packages/airflow/example_dags/example_latest_only_with_trigger.py
[2023-11-20T21:16:12.128+0500] {processor.py:829} INFO - Processing file /usr/local/lib/python3.10/dist-packages/airflow/example_dags/example_latest_only_with_trigger.py for tasks to queue
[2023-11-20T21:16:12.131+0500] {logging_mixin.py:154} INFO - [2023-11-20T21:16:12.130+0500] {dagbag.py:536} INFO - Filling up the DagBag from /usr/local/lib/python3.10/dist-packages/airflow/example_dags/example_latest_only_with_trigger.py
[2023-11-20T21:16:12.155+0500] {processor.py:839} INFO - DAG(s) dict_keys(['latest_only_with_trigger']) retrieved from /usr/local/lib/python3.10/dist-packages/airflow/example_dags/example_latest_only_with_trigger.py
[2023-11-20T21:16:12.261+0500] {logging_mixin.py:154} INFO - [2023-11-20T21:16:12.260+0500] {dag.py:2941} INFO - Sync 1 DAGs
[2023-11-20T21:16:12.364+0500] {logging_mixin.py:154} INFO - [2023-11-20T21:16:12.363+0500] {dag.py:3722} INFO - Setting next_dagrun for latest_only_with_trigger to 2023-11-20T12:16:12.361591+00:00, run_after=2023-11-20T16:16:12.361591+00:00
[2023-11-20T21:16:12.446+0500] {processor.py:179} INFO - Processing /usr/local/lib/python3.10/dist-packages/airflow/example_dags/example_latest_only_with_trigger.py took 0.334 seconds
[2023-11-20T21:16:45.068+0500] {processor.py:157} INFO - Started process (PID=31250) to work on /usr/local/lib/python3.10/dist-packages/airflow/example_dags/example_latest_only_with_trigger.py
[2023-11-20T21:16:45.071+0500] {processor.py:829} INFO - Processing file /usr/local/lib/python3.10/dist-packages/airflow/example_dags/example_latest_only_with_trigger.py for tasks to queue
[2023-11-20T21:16:45.074+0500] {logging_mixin.py:154} INFO - [2023-11-20T21:16:45.073+0500] {dagbag.py:536} INFO - Filling up the DagBag from /usr/local/lib/python3.10/dist-packages/airflow/example_dags/example_latest_only_with_trigger.py
[2023-11-20T21:16:45.096+0500] {processor.py:839} INFO - DAG(s) dict_keys(['latest_only_with_trigger']) retrieved from /usr/local/lib/python3.10/dist-packages/airflow/example_dags/example_latest_only_with_trigger.py
[2023-11-20T21:16:45.204+0500] {logging_mixin.py:154} INFO - [2023-11-20T21:16:45.203+0500] {dag.py:2941} INFO - Sync 1 DAGs
[2023-11-20T21:16:45.301+0500] {logging_mixin.py:154} INFO - [2023-11-20T21:16:45.301+0500] {dag.py:3722} INFO - Setting next_dagrun for latest_only_with_trigger to 2023-11-20T12:16:45.300157+00:00, run_after=2023-11-20T16:16:45.300157+00:00
[2023-11-20T21:16:45.383+0500] {processor.py:179} INFO - Processing /usr/local/lib/python3.10/dist-packages/airflow/example_dags/example_latest_only_with_trigger.py took 0.326 seconds
[2023-11-20T21:17:18.548+0500] {processor.py:157} INFO - Started process (PID=31380) to work on /usr/local/lib/python3.10/dist-packages/airflow/example_dags/example_latest_only_with_trigger.py
[2023-11-20T21:17:18.553+0500] {processor.py:829} INFO - Processing file /usr/local/lib/python3.10/dist-packages/airflow/example_dags/example_latest_only_with_trigger.py for tasks to queue
[2023-11-20T21:17:18.556+0500] {logging_mixin.py:154} INFO - [2023-11-20T21:17:18.555+0500] {dagbag.py:536} INFO - Filling up the DagBag from /usr/local/lib/python3.10/dist-packages/airflow/example_dags/example_latest_only_with_trigger.py
[2023-11-20T21:17:18.619+0500] {processor.py:839} INFO - DAG(s) dict_keys(['latest_only_with_trigger']) retrieved from /usr/local/lib/python3.10/dist-packages/airflow/example_dags/example_latest_only_with_trigger.py
[2023-11-20T21:17:18.733+0500] {logging_mixin.py:154} INFO - [2023-11-20T21:17:18.733+0500] {dag.py:2941} INFO - Sync 1 DAGs
[2023-11-20T21:17:18.835+0500] {logging_mixin.py:154} INFO - [2023-11-20T21:17:18.834+0500] {dag.py:3722} INFO - Setting next_dagrun for latest_only_with_trigger to 2023-11-20T12:17:18.833793+00:00, run_after=2023-11-20T16:17:18.833793+00:00
[2023-11-20T21:17:18.914+0500] {processor.py:179} INFO - Processing /usr/local/lib/python3.10/dist-packages/airflow/example_dags/example_latest_only_with_trigger.py took 0.380 seconds
[2023-11-20T21:17:50.566+0500] {processor.py:157} INFO - Started process (PID=31489) to work on /usr/local/lib/python3.10/dist-packages/airflow/example_dags/example_latest_only_with_trigger.py
[2023-11-20T21:17:50.569+0500] {processor.py:829} INFO - Processing file /usr/local/lib/python3.10/dist-packages/airflow/example_dags/example_latest_only_with_trigger.py for tasks to queue
[2023-11-20T21:17:50.572+0500] {logging_mixin.py:154} INFO - [2023-11-20T21:17:50.571+0500] {dagbag.py:536} INFO - Filling up the DagBag from /usr/local/lib/python3.10/dist-packages/airflow/example_dags/example_latest_only_with_trigger.py
[2023-11-20T21:17:50.596+0500] {processor.py:839} INFO - DAG(s) dict_keys(['latest_only_with_trigger']) retrieved from /usr/local/lib/python3.10/dist-packages/airflow/example_dags/example_latest_only_with_trigger.py
[2023-11-20T21:17:50.701+0500] {logging_mixin.py:154} INFO - [2023-11-20T21:17:50.700+0500] {dag.py:2941} INFO - Sync 1 DAGs
[2023-11-20T21:17:50.800+0500] {logging_mixin.py:154} INFO - [2023-11-20T21:17:50.799+0500] {dag.py:3722} INFO - Setting next_dagrun for latest_only_with_trigger to 2023-11-20T12:17:50.798422+00:00, run_after=2023-11-20T16:17:50.798422+00:00
[2023-11-20T21:17:50.877+0500] {processor.py:179} INFO - Processing /usr/local/lib/python3.10/dist-packages/airflow/example_dags/example_latest_only_with_trigger.py took 0.322 seconds
[2023-11-20T21:18:23.797+0500] {processor.py:157} INFO - Started process (PID=31601) to work on /usr/local/lib/python3.10/dist-packages/airflow/example_dags/example_latest_only_with_trigger.py
[2023-11-20T21:18:23.800+0500] {processor.py:829} INFO - Processing file /usr/local/lib/python3.10/dist-packages/airflow/example_dags/example_latest_only_with_trigger.py for tasks to queue
[2023-11-20T21:18:23.803+0500] {logging_mixin.py:154} INFO - [2023-11-20T21:18:23.802+0500] {dagbag.py:536} INFO - Filling up the DagBag from /usr/local/lib/python3.10/dist-packages/airflow/example_dags/example_latest_only_with_trigger.py
[2023-11-20T21:18:23.826+0500] {processor.py:839} INFO - DAG(s) dict_keys(['latest_only_with_trigger']) retrieved from /usr/local/lib/python3.10/dist-packages/airflow/example_dags/example_latest_only_with_trigger.py
[2023-11-20T21:18:23.934+0500] {logging_mixin.py:154} INFO - [2023-11-20T21:18:23.933+0500] {dag.py:2941} INFO - Sync 1 DAGs
[2023-11-20T21:18:24.034+0500] {logging_mixin.py:154} INFO - [2023-11-20T21:18:24.033+0500] {dag.py:3722} INFO - Setting next_dagrun for latest_only_with_trigger to 2023-11-20T12:18:24.032766+00:00, run_after=2023-11-20T16:18:24.032766+00:00
[2023-11-20T21:18:24.117+0500] {processor.py:179} INFO - Processing /usr/local/lib/python3.10/dist-packages/airflow/example_dags/example_latest_only_with_trigger.py took 0.333 seconds
[2023-11-20T21:18:59.464+0500] {processor.py:157} INFO - Started process (PID=31727) to work on /usr/local/lib/python3.10/dist-packages/airflow/example_dags/example_latest_only_with_trigger.py
[2023-11-20T21:18:59.468+0500] {processor.py:829} INFO - Processing file /usr/local/lib/python3.10/dist-packages/airflow/example_dags/example_latest_only_with_trigger.py for tasks to queue
[2023-11-20T21:18:59.471+0500] {logging_mixin.py:154} INFO - [2023-11-20T21:18:59.469+0500] {dagbag.py:536} INFO - Filling up the DagBag from /usr/local/lib/python3.10/dist-packages/airflow/example_dags/example_latest_only_with_trigger.py
[2023-11-20T21:18:59.495+0500] {processor.py:839} INFO - DAG(s) dict_keys(['latest_only_with_trigger']) retrieved from /usr/local/lib/python3.10/dist-packages/airflow/example_dags/example_latest_only_with_trigger.py
[2023-11-20T21:18:59.608+0500] {logging_mixin.py:154} INFO - [2023-11-20T21:18:59.607+0500] {dag.py:2941} INFO - Sync 1 DAGs
[2023-11-20T21:18:59.721+0500] {logging_mixin.py:154} INFO - [2023-11-20T21:18:59.719+0500] {dag.py:3722} INFO - Setting next_dagrun for latest_only_with_trigger to 2023-11-20T12:18:59.717822+00:00, run_after=2023-11-20T16:18:59.717822+00:00
[2023-11-20T21:18:59.817+0500] {processor.py:179} INFO - Processing /usr/local/lib/python3.10/dist-packages/airflow/example_dags/example_latest_only_with_trigger.py took 0.366 seconds
[2023-11-20T21:19:31.215+0500] {processor.py:157} INFO - Started process (PID=31883) to work on /usr/local/lib/python3.10/dist-packages/airflow/example_dags/example_latest_only_with_trigger.py
[2023-11-20T21:19:31.218+0500] {processor.py:829} INFO - Processing file /usr/local/lib/python3.10/dist-packages/airflow/example_dags/example_latest_only_with_trigger.py for tasks to queue
[2023-11-20T21:19:31.221+0500] {logging_mixin.py:154} INFO - [2023-11-20T21:19:31.220+0500] {dagbag.py:536} INFO - Filling up the DagBag from /usr/local/lib/python3.10/dist-packages/airflow/example_dags/example_latest_only_with_trigger.py
[2023-11-20T21:19:31.244+0500] {processor.py:839} INFO - DAG(s) dict_keys(['latest_only_with_trigger']) retrieved from /usr/local/lib/python3.10/dist-packages/airflow/example_dags/example_latest_only_with_trigger.py
[2023-11-20T21:19:31.353+0500] {logging_mixin.py:154} INFO - [2023-11-20T21:19:31.352+0500] {dag.py:2941} INFO - Sync 1 DAGs
[2023-11-20T21:19:31.458+0500] {logging_mixin.py:154} INFO - [2023-11-20T21:19:31.457+0500] {dag.py:3722} INFO - Setting next_dagrun for latest_only_with_trigger to 2023-11-20T12:19:31.456994+00:00, run_after=2023-11-20T16:19:31.456994+00:00
[2023-11-20T21:19:31.537+0500] {processor.py:179} INFO - Processing /usr/local/lib/python3.10/dist-packages/airflow/example_dags/example_latest_only_with_trigger.py took 0.334 seconds
[2023-11-20T21:20:05.717+0500] {processor.py:157} INFO - Started process (PID=32350) to work on /usr/local/lib/python3.10/dist-packages/airflow/example_dags/example_latest_only_with_trigger.py
[2023-11-20T21:20:05.721+0500] {processor.py:829} INFO - Processing file /usr/local/lib/python3.10/dist-packages/airflow/example_dags/example_latest_only_with_trigger.py for tasks to queue
[2023-11-20T21:20:05.724+0500] {logging_mixin.py:154} INFO - [2023-11-20T21:20:05.723+0500] {dagbag.py:536} INFO - Filling up the DagBag from /usr/local/lib/python3.10/dist-packages/airflow/example_dags/example_latest_only_with_trigger.py
[2023-11-20T21:20:05.750+0500] {processor.py:839} INFO - DAG(s) dict_keys(['latest_only_with_trigger']) retrieved from /usr/local/lib/python3.10/dist-packages/airflow/example_dags/example_latest_only_with_trigger.py
[2023-11-20T21:20:05.864+0500] {logging_mixin.py:154} INFO - [2023-11-20T21:20:05.863+0500] {dag.py:2941} INFO - Sync 1 DAGs
[2023-11-20T21:20:05.972+0500] {logging_mixin.py:154} INFO - [2023-11-20T21:20:05.971+0500] {dag.py:3722} INFO - Setting next_dagrun for latest_only_with_trigger to 2023-11-20T12:20:05.970116+00:00, run_after=2023-11-20T16:20:05.970116+00:00
[2023-11-20T21:20:06.062+0500] {processor.py:179} INFO - Processing /usr/local/lib/python3.10/dist-packages/airflow/example_dags/example_latest_only_with_trigger.py took 0.364 seconds
[2023-11-20T21:20:37.598+0500] {processor.py:157} INFO - Started process (PID=32644) to work on /usr/local/lib/python3.10/dist-packages/airflow/example_dags/example_latest_only_with_trigger.py
[2023-11-20T21:20:37.604+0500] {processor.py:829} INFO - Processing file /usr/local/lib/python3.10/dist-packages/airflow/example_dags/example_latest_only_with_trigger.py for tasks to queue
[2023-11-20T21:20:37.608+0500] {logging_mixin.py:154} INFO - [2023-11-20T21:20:37.606+0500] {dagbag.py:536} INFO - Filling up the DagBag from /usr/local/lib/python3.10/dist-packages/airflow/example_dags/example_latest_only_with_trigger.py
[2023-11-20T21:20:37.636+0500] {processor.py:839} INFO - DAG(s) dict_keys(['latest_only_with_trigger']) retrieved from /usr/local/lib/python3.10/dist-packages/airflow/example_dags/example_latest_only_with_trigger.py
[2023-11-20T21:20:37.769+0500] {logging_mixin.py:154} INFO - [2023-11-20T21:20:37.768+0500] {dag.py:2941} INFO - Sync 1 DAGs
[2023-11-20T21:20:37.877+0500] {logging_mixin.py:154} INFO - [2023-11-20T21:20:37.876+0500] {dag.py:3722} INFO - Setting next_dagrun for latest_only_with_trigger to 2023-11-20T12:20:37.875553+00:00, run_after=2023-11-20T16:20:37.875553+00:00
[2023-11-20T21:20:37.984+0500] {processor.py:179} INFO - Processing /usr/local/lib/python3.10/dist-packages/airflow/example_dags/example_latest_only_with_trigger.py took 0.399 seconds
[2023-11-20T21:21:35.788+0500] {processor.py:157} INFO - Started process (PID=32994) to work on /usr/local/lib/python3.10/dist-packages/airflow/example_dags/example_latest_only_with_trigger.py
[2023-11-20T21:21:35.793+0500] {processor.py:829} INFO - Processing file /usr/local/lib/python3.10/dist-packages/airflow/example_dags/example_latest_only_with_trigger.py for tasks to queue
[2023-11-20T21:21:35.799+0500] {logging_mixin.py:154} INFO - [2023-11-20T21:21:35.795+0500] {dagbag.py:536} INFO - Filling up the DagBag from /usr/local/lib/python3.10/dist-packages/airflow/example_dags/example_latest_only_with_trigger.py
[2023-11-20T21:21:35.833+0500] {processor.py:839} INFO - DAG(s) dict_keys(['latest_only_with_trigger']) retrieved from /usr/local/lib/python3.10/dist-packages/airflow/example_dags/example_latest_only_with_trigger.py
[2023-11-20T21:21:35.980+0500] {logging_mixin.py:154} INFO - [2023-11-20T21:21:35.979+0500] {dag.py:2941} INFO - Sync 1 DAGs
[2023-11-20T21:21:36.090+0500] {logging_mixin.py:154} INFO - [2023-11-20T21:21:36.089+0500] {dag.py:3722} INFO - Setting next_dagrun for latest_only_with_trigger to 2023-11-20T12:21:36.087983+00:00, run_after=2023-11-20T16:21:36.087983+00:00
[2023-11-20T21:21:36.187+0500] {processor.py:179} INFO - Processing /usr/local/lib/python3.10/dist-packages/airflow/example_dags/example_latest_only_with_trigger.py took 0.422 seconds
[2023-11-20T21:22:11.412+0500] {processor.py:157} INFO - Started process (PID=33147) to work on /usr/local/lib/python3.10/dist-packages/airflow/example_dags/example_latest_only_with_trigger.py
[2023-11-20T21:22:11.416+0500] {processor.py:829} INFO - Processing file /usr/local/lib/python3.10/dist-packages/airflow/example_dags/example_latest_only_with_trigger.py for tasks to queue
[2023-11-20T21:22:11.419+0500] {logging_mixin.py:154} INFO - [2023-11-20T21:22:11.418+0500] {dagbag.py:536} INFO - Filling up the DagBag from /usr/local/lib/python3.10/dist-packages/airflow/example_dags/example_latest_only_with_trigger.py
[2023-11-20T21:22:11.479+0500] {processor.py:839} INFO - DAG(s) dict_keys(['latest_only_with_trigger']) retrieved from /usr/local/lib/python3.10/dist-packages/airflow/example_dags/example_latest_only_with_trigger.py
[2023-11-20T21:22:11.720+0500] {logging_mixin.py:154} INFO - [2023-11-20T21:22:11.719+0500] {dag.py:2941} INFO - Sync 1 DAGs
[2023-11-20T21:22:11.888+0500] {logging_mixin.py:154} INFO - [2023-11-20T21:22:11.887+0500] {dag.py:3722} INFO - Setting next_dagrun for latest_only_with_trigger to 2023-11-20T12:22:11.885380+00:00, run_after=2023-11-20T16:22:11.885380+00:00
[2023-11-20T21:22:12.034+0500] {processor.py:179} INFO - Processing /usr/local/lib/python3.10/dist-packages/airflow/example_dags/example_latest_only_with_trigger.py took 0.646 seconds
[2023-11-20T21:22:43.260+0500] {processor.py:157} INFO - Started process (PID=33249) to work on /usr/local/lib/python3.10/dist-packages/airflow/example_dags/example_latest_only_with_trigger.py
[2023-11-20T21:22:43.263+0500] {processor.py:829} INFO - Processing file /usr/local/lib/python3.10/dist-packages/airflow/example_dags/example_latest_only_with_trigger.py for tasks to queue
[2023-11-20T21:22:43.267+0500] {logging_mixin.py:154} INFO - [2023-11-20T21:22:43.266+0500] {dagbag.py:536} INFO - Filling up the DagBag from /usr/local/lib/python3.10/dist-packages/airflow/example_dags/example_latest_only_with_trigger.py
[2023-11-20T21:22:43.339+0500] {processor.py:839} INFO - DAG(s) dict_keys(['latest_only_with_trigger']) retrieved from /usr/local/lib/python3.10/dist-packages/airflow/example_dags/example_latest_only_with_trigger.py
[2023-11-20T21:22:43.540+0500] {logging_mixin.py:154} INFO - [2023-11-20T21:22:43.539+0500] {dag.py:2941} INFO - Sync 1 DAGs
[2023-11-20T21:22:43.819+0500] {logging_mixin.py:154} INFO - [2023-11-20T21:22:43.818+0500] {dag.py:3722} INFO - Setting next_dagrun for latest_only_with_trigger to 2023-11-20T12:22:43.817399+00:00, run_after=2023-11-20T16:22:43.817399+00:00
[2023-11-20T21:22:44.003+0500] {processor.py:179} INFO - Processing /usr/local/lib/python3.10/dist-packages/airflow/example_dags/example_latest_only_with_trigger.py took 0.757 seconds
[2023-11-20T21:23:14.402+0500] {processor.py:157} INFO - Started process (PID=33424) to work on /usr/local/lib/python3.10/dist-packages/airflow/example_dags/example_latest_only_with_trigger.py
[2023-11-20T21:23:14.414+0500] {processor.py:829} INFO - Processing file /usr/local/lib/python3.10/dist-packages/airflow/example_dags/example_latest_only_with_trigger.py for tasks to queue
[2023-11-20T21:23:14.417+0500] {logging_mixin.py:154} INFO - [2023-11-20T21:23:14.416+0500] {dagbag.py:536} INFO - Filling up the DagBag from /usr/local/lib/python3.10/dist-packages/airflow/example_dags/example_latest_only_with_trigger.py
[2023-11-20T21:23:14.453+0500] {processor.py:839} INFO - DAG(s) dict_keys(['latest_only_with_trigger']) retrieved from /usr/local/lib/python3.10/dist-packages/airflow/example_dags/example_latest_only_with_trigger.py
[2023-11-20T21:23:14.590+0500] {logging_mixin.py:154} INFO - [2023-11-20T21:23:14.589+0500] {dag.py:2941} INFO - Sync 1 DAGs
[2023-11-20T21:23:14.720+0500] {logging_mixin.py:154} INFO - [2023-11-20T21:23:14.719+0500] {dag.py:3722} INFO - Setting next_dagrun for latest_only_with_trigger to 2023-11-20T12:23:14.718232+00:00, run_after=2023-11-20T16:23:14.718232+00:00
[2023-11-20T21:23:14.802+0500] {processor.py:179} INFO - Processing /usr/local/lib/python3.10/dist-packages/airflow/example_dags/example_latest_only_with_trigger.py took 0.425 seconds
[2023-11-20T21:23:45.587+0500] {processor.py:157} INFO - Started process (PID=33531) to work on /usr/local/lib/python3.10/dist-packages/airflow/example_dags/example_latest_only_with_trigger.py
[2023-11-20T21:23:45.590+0500] {processor.py:829} INFO - Processing file /usr/local/lib/python3.10/dist-packages/airflow/example_dags/example_latest_only_with_trigger.py for tasks to queue
[2023-11-20T21:23:45.594+0500] {logging_mixin.py:154} INFO - [2023-11-20T21:23:45.592+0500] {dagbag.py:536} INFO - Filling up the DagBag from /usr/local/lib/python3.10/dist-packages/airflow/example_dags/example_latest_only_with_trigger.py
[2023-11-20T21:23:45.616+0500] {processor.py:839} INFO - DAG(s) dict_keys(['latest_only_with_trigger']) retrieved from /usr/local/lib/python3.10/dist-packages/airflow/example_dags/example_latest_only_with_trigger.py
[2023-11-20T21:23:45.721+0500] {logging_mixin.py:154} INFO - [2023-11-20T21:23:45.720+0500] {dag.py:2941} INFO - Sync 1 DAGs
[2023-11-20T21:23:45.825+0500] {logging_mixin.py:154} INFO - [2023-11-20T21:23:45.824+0500] {dag.py:3722} INFO - Setting next_dagrun for latest_only_with_trigger to 2023-11-20T12:23:45.824004+00:00, run_after=2023-11-20T16:23:45.824004+00:00
[2023-11-20T21:23:45.914+0500] {processor.py:179} INFO - Processing /usr/local/lib/python3.10/dist-packages/airflow/example_dags/example_latest_only_with_trigger.py took 0.338 seconds
[2023-11-20T21:24:31.875+0500] {processor.py:157} INFO - Started process (PID=33673) to work on /usr/local/lib/python3.10/dist-packages/airflow/example_dags/example_latest_only_with_trigger.py
[2023-11-20T21:24:31.886+0500] {processor.py:829} INFO - Processing file /usr/local/lib/python3.10/dist-packages/airflow/example_dags/example_latest_only_with_trigger.py for tasks to queue
[2023-11-20T21:24:31.889+0500] {logging_mixin.py:154} INFO - [2023-11-20T21:24:31.888+0500] {dagbag.py:536} INFO - Filling up the DagBag from /usr/local/lib/python3.10/dist-packages/airflow/example_dags/example_latest_only_with_trigger.py
[2023-11-20T21:24:32.032+0500] {processor.py:839} INFO - DAG(s) dict_keys(['latest_only_with_trigger']) retrieved from /usr/local/lib/python3.10/dist-packages/airflow/example_dags/example_latest_only_with_trigger.py
[2023-11-20T21:24:32.365+0500] {logging_mixin.py:154} INFO - [2023-11-20T21:24:32.365+0500] {dag.py:2941} INFO - Sync 1 DAGs
[2023-11-20T21:24:32.586+0500] {logging_mixin.py:154} INFO - [2023-11-20T21:24:32.585+0500] {dag.py:3722} INFO - Setting next_dagrun for latest_only_with_trigger to 2023-11-20T12:24:32.571009+00:00, run_after=2023-11-20T16:24:32.571009+00:00
[2023-11-20T21:24:32.952+0500] {processor.py:179} INFO - Processing /usr/local/lib/python3.10/dist-packages/airflow/example_dags/example_latest_only_with_trigger.py took 1.122 seconds
[2023-11-20T21:25:15.547+0500] {processor.py:157} INFO - Started process (PID=33792) to work on /usr/local/lib/python3.10/dist-packages/airflow/example_dags/example_latest_only_with_trigger.py
[2023-11-20T21:25:15.553+0500] {processor.py:829} INFO - Processing file /usr/local/lib/python3.10/dist-packages/airflow/example_dags/example_latest_only_with_trigger.py for tasks to queue
[2023-11-20T21:25:15.558+0500] {logging_mixin.py:154} INFO - [2023-11-20T21:25:15.556+0500] {dagbag.py:536} INFO - Filling up the DagBag from /usr/local/lib/python3.10/dist-packages/airflow/example_dags/example_latest_only_with_trigger.py
[2023-11-20T21:25:15.598+0500] {processor.py:839} INFO - DAG(s) dict_keys(['latest_only_with_trigger']) retrieved from /usr/local/lib/python3.10/dist-packages/airflow/example_dags/example_latest_only_with_trigger.py
[2023-11-20T21:25:15.838+0500] {logging_mixin.py:154} INFO - [2023-11-20T21:25:15.837+0500] {dag.py:2941} INFO - Sync 1 DAGs
[2023-11-20T21:25:16.089+0500] {logging_mixin.py:154} INFO - [2023-11-20T21:25:16.088+0500] {dag.py:3722} INFO - Setting next_dagrun for latest_only_with_trigger to 2023-11-20T12:25:16.084786+00:00, run_after=2023-11-20T16:25:16.084786+00:00
[2023-11-20T21:25:16.260+0500] {processor.py:179} INFO - Processing /usr/local/lib/python3.10/dist-packages/airflow/example_dags/example_latest_only_with_trigger.py took 0.737 seconds
[2023-11-20T21:26:01.572+0500] {processor.py:157} INFO - Started process (PID=33956) to work on /usr/local/lib/python3.10/dist-packages/airflow/example_dags/example_latest_only_with_trigger.py
[2023-11-20T21:26:01.581+0500] {processor.py:829} INFO - Processing file /usr/local/lib/python3.10/dist-packages/airflow/example_dags/example_latest_only_with_trigger.py for tasks to queue
[2023-11-20T21:26:01.593+0500] {logging_mixin.py:154} INFO - [2023-11-20T21:26:01.592+0500] {dagbag.py:536} INFO - Filling up the DagBag from /usr/local/lib/python3.10/dist-packages/airflow/example_dags/example_latest_only_with_trigger.py
[2023-11-20T21:26:01.630+0500] {processor.py:839} INFO - DAG(s) dict_keys(['latest_only_with_trigger']) retrieved from /usr/local/lib/python3.10/dist-packages/airflow/example_dags/example_latest_only_with_trigger.py
[2023-11-20T21:26:01.941+0500] {logging_mixin.py:154} INFO - [2023-11-20T21:26:01.940+0500] {dag.py:2941} INFO - Sync 1 DAGs
[2023-11-20T21:26:02.247+0500] {logging_mixin.py:154} INFO - [2023-11-20T21:26:02.246+0500] {dag.py:3722} INFO - Setting next_dagrun for latest_only_with_trigger to 2023-11-20T12:26:02.245495+00:00, run_after=2023-11-20T16:26:02.245495+00:00
[2023-11-20T21:26:02.487+0500] {processor.py:179} INFO - Processing /usr/local/lib/python3.10/dist-packages/airflow/example_dags/example_latest_only_with_trigger.py took 0.933 seconds
[2023-11-20T21:26:44.906+0500] {processor.py:157} INFO - Started process (PID=34058) to work on /usr/local/lib/python3.10/dist-packages/airflow/example_dags/example_latest_only_with_trigger.py
[2023-11-20T21:26:44.912+0500] {processor.py:829} INFO - Processing file /usr/local/lib/python3.10/dist-packages/airflow/example_dags/example_latest_only_with_trigger.py for tasks to queue
[2023-11-20T21:26:44.917+0500] {logging_mixin.py:154} INFO - [2023-11-20T21:26:44.914+0500] {dagbag.py:536} INFO - Filling up the DagBag from /usr/local/lib/python3.10/dist-packages/airflow/example_dags/example_latest_only_with_trigger.py
[2023-11-20T21:26:45.006+0500] {processor.py:839} INFO - DAG(s) dict_keys(['latest_only_with_trigger']) retrieved from /usr/local/lib/python3.10/dist-packages/airflow/example_dags/example_latest_only_with_trigger.py
[2023-11-20T21:26:45.250+0500] {logging_mixin.py:154} INFO - [2023-11-20T21:26:45.249+0500] {dag.py:2941} INFO - Sync 1 DAGs
[2023-11-20T21:26:45.386+0500] {logging_mixin.py:154} INFO - [2023-11-20T21:26:45.386+0500] {dag.py:3722} INFO - Setting next_dagrun for latest_only_with_trigger to 2023-11-20T12:26:45.385063+00:00, run_after=2023-11-20T16:26:45.385063+00:00
[2023-11-20T21:26:45.528+0500] {processor.py:179} INFO - Processing /usr/local/lib/python3.10/dist-packages/airflow/example_dags/example_latest_only_with_trigger.py took 0.655 seconds
[2023-11-20T21:28:33.280+0500] {processor.py:157} INFO - Started process (PID=34306) to work on /usr/local/lib/python3.10/dist-packages/airflow/example_dags/example_latest_only_with_trigger.py
[2023-11-20T21:28:33.283+0500] {processor.py:829} INFO - Processing file /usr/local/lib/python3.10/dist-packages/airflow/example_dags/example_latest_only_with_trigger.py for tasks to queue
[2023-11-20T21:28:33.289+0500] {logging_mixin.py:154} INFO - [2023-11-20T21:28:33.287+0500] {dagbag.py:536} INFO - Filling up the DagBag from /usr/local/lib/python3.10/dist-packages/airflow/example_dags/example_latest_only_with_trigger.py
[2023-11-20T21:28:33.313+0500] {processor.py:839} INFO - DAG(s) dict_keys(['latest_only_with_trigger']) retrieved from /usr/local/lib/python3.10/dist-packages/airflow/example_dags/example_latest_only_with_trigger.py
[2023-11-20T21:28:33.491+0500] {logging_mixin.py:154} INFO - [2023-11-20T21:28:33.490+0500] {dag.py:2941} INFO - Sync 1 DAGs
[2023-11-20T21:28:33.647+0500] {logging_mixin.py:154} INFO - [2023-11-20T21:28:33.646+0500] {dag.py:3722} INFO - Setting next_dagrun for latest_only_with_trigger to 2023-11-20T12:28:33.645188+00:00, run_after=2023-11-20T16:28:33.645188+00:00
[2023-11-20T21:28:33.726+0500] {processor.py:179} INFO - Processing /usr/local/lib/python3.10/dist-packages/airflow/example_dags/example_latest_only_with_trigger.py took 0.460 seconds
[2023-11-20T21:30:40.615+0500] {processor.py:157} INFO - Started process (PID=34523) to work on /usr/local/lib/python3.10/dist-packages/airflow/example_dags/example_latest_only_with_trigger.py
[2023-11-20T21:30:40.618+0500] {processor.py:829} INFO - Processing file /usr/local/lib/python3.10/dist-packages/airflow/example_dags/example_latest_only_with_trigger.py for tasks to queue
[2023-11-20T21:30:40.621+0500] {logging_mixin.py:154} INFO - [2023-11-20T21:30:40.620+0500] {dagbag.py:536} INFO - Filling up the DagBag from /usr/local/lib/python3.10/dist-packages/airflow/example_dags/example_latest_only_with_trigger.py
[2023-11-20T21:30:40.648+0500] {processor.py:839} INFO - DAG(s) dict_keys(['latest_only_with_trigger']) retrieved from /usr/local/lib/python3.10/dist-packages/airflow/example_dags/example_latest_only_with_trigger.py
[2023-11-20T21:30:40.765+0500] {logging_mixin.py:154} INFO - [2023-11-20T21:30:40.764+0500] {dag.py:2941} INFO - Sync 1 DAGs
[2023-11-20T21:30:40.878+0500] {logging_mixin.py:154} INFO - [2023-11-20T21:30:40.877+0500] {dag.py:3722} INFO - Setting next_dagrun for latest_only_with_trigger to 2023-11-20T12:30:40.876681+00:00, run_after=2023-11-20T16:30:40.876681+00:00
[2023-11-20T21:30:40.960+0500] {processor.py:179} INFO - Processing /usr/local/lib/python3.10/dist-packages/airflow/example_dags/example_latest_only_with_trigger.py took 0.358 seconds
