[2023-11-20T21:06:03.129+0500] {processor.py:157} INFO - Started process (PID=27216) to work on /usr/local/lib/python3.10/dist-packages/airflow/example_dags/example_complex.py
[2023-11-20T21:06:03.131+0500] {processor.py:829} INFO - Processing file /usr/local/lib/python3.10/dist-packages/airflow/example_dags/example_complex.py for tasks to queue
[2023-11-20T21:06:03.134+0500] {logging_mixin.py:154} INFO - [2023-11-20T21:06:03.133+0500] {dagbag.py:536} INFO - Filling up the DagBag from /usr/local/lib/python3.10/dist-packages/airflow/example_dags/example_complex.py
[2023-11-20T21:06:03.190+0500] {processor.py:839} INFO - DAG(s) dict_keys(['example_complex']) retrieved from /usr/local/lib/python3.10/dist-packages/airflow/example_dags/example_complex.py
[2023-11-20T21:06:03.745+0500] {logging_mixin.py:154} INFO - [2023-11-20T21:06:03.744+0500] {manager.py:499} INFO - Created Permission View: %s
[2023-11-20T21:06:03.788+0500] {logging_mixin.py:154} INFO - [2023-11-20T21:06:03.787+0500] {manager.py:499} INFO - Created Permission View: %s
[2023-11-20T21:06:03.816+0500] {logging_mixin.py:154} INFO - [2023-11-20T21:06:03.816+0500] {manager.py:499} INFO - Created Permission View: %s
[2023-11-20T21:06:03.818+0500] {logging_mixin.py:154} INFO - [2023-11-20T21:06:03.817+0500] {dag.py:2941} INFO - Sync 1 DAGs
[2023-11-20T21:06:03.867+0500] {logging_mixin.py:154} INFO - [2023-11-20T21:06:03.866+0500] {dag.py:2963} INFO - Creating ORM DAG for example_complex
[2023-11-20T21:06:03.869+0500] {logging_mixin.py:154} INFO - [2023-11-20T21:06:03.869+0500] {dag.py:3722} INFO - Setting next_dagrun for example_complex to None, run_after=None
[2023-11-20T21:06:03.949+0500] {processor.py:179} INFO - Processing /usr/local/lib/python3.10/dist-packages/airflow/example_dags/example_complex.py took 0.832 seconds
[2023-11-20T21:06:36.564+0500] {processor.py:157} INFO - Started process (PID=27546) to work on /usr/local/lib/python3.10/dist-packages/airflow/example_dags/example_complex.py
[2023-11-20T21:06:36.571+0500] {processor.py:829} INFO - Processing file /usr/local/lib/python3.10/dist-packages/airflow/example_dags/example_complex.py for tasks to queue
[2023-11-20T21:06:36.574+0500] {logging_mixin.py:154} INFO - [2023-11-20T21:06:36.573+0500] {dagbag.py:536} INFO - Filling up the DagBag from /usr/local/lib/python3.10/dist-packages/airflow/example_dags/example_complex.py
[2023-11-20T21:06:36.714+0500] {processor.py:839} INFO - DAG(s) dict_keys(['example_complex']) retrieved from /usr/local/lib/python3.10/dist-packages/airflow/example_dags/example_complex.py
[2023-11-20T21:06:37.044+0500] {logging_mixin.py:154} INFO - [2023-11-20T21:06:37.043+0500] {dag.py:2941} INFO - Sync 1 DAGs
[2023-11-20T21:06:37.102+0500] {logging_mixin.py:154} INFO - [2023-11-20T21:06:37.101+0500] {dag.py:3722} INFO - Setting next_dagrun for example_complex to None, run_after=None
[2023-11-20T21:06:37.232+0500] {processor.py:179} INFO - Processing /usr/local/lib/python3.10/dist-packages/airflow/example_dags/example_complex.py took 0.687 seconds
[2023-11-20T21:07:11.073+0500] {processor.py:157} INFO - Started process (PID=27876) to work on /usr/local/lib/python3.10/dist-packages/airflow/example_dags/example_complex.py
[2023-11-20T21:07:11.083+0500] {processor.py:829} INFO - Processing file /usr/local/lib/python3.10/dist-packages/airflow/example_dags/example_complex.py for tasks to queue
[2023-11-20T21:07:11.086+0500] {logging_mixin.py:154} INFO - [2023-11-20T21:07:11.085+0500] {dagbag.py:536} INFO - Filling up the DagBag from /usr/local/lib/python3.10/dist-packages/airflow/example_dags/example_complex.py
[2023-11-20T21:07:11.226+0500] {processor.py:839} INFO - DAG(s) dict_keys(['example_complex']) retrieved from /usr/local/lib/python3.10/dist-packages/airflow/example_dags/example_complex.py
[2023-11-20T21:07:11.541+0500] {logging_mixin.py:154} INFO - [2023-11-20T21:07:11.540+0500] {dag.py:2941} INFO - Sync 1 DAGs
[2023-11-20T21:07:11.609+0500] {logging_mixin.py:154} INFO - [2023-11-20T21:07:11.608+0500] {dag.py:3722} INFO - Setting next_dagrun for example_complex to None, run_after=None
[2023-11-20T21:07:11.744+0500] {processor.py:179} INFO - Processing /usr/local/lib/python3.10/dist-packages/airflow/example_dags/example_complex.py took 0.683 seconds
[2023-11-20T21:07:43.155+0500] {processor.py:157} INFO - Started process (PID=28109) to work on /usr/local/lib/python3.10/dist-packages/airflow/example_dags/example_complex.py
[2023-11-20T21:07:43.160+0500] {processor.py:829} INFO - Processing file /usr/local/lib/python3.10/dist-packages/airflow/example_dags/example_complex.py for tasks to queue
[2023-11-20T21:07:43.165+0500] {logging_mixin.py:154} INFO - [2023-11-20T21:07:43.164+0500] {dagbag.py:536} INFO - Filling up the DagBag from /usr/local/lib/python3.10/dist-packages/airflow/example_dags/example_complex.py
[2023-11-20T21:07:43.240+0500] {processor.py:839} INFO - DAG(s) dict_keys(['example_complex']) retrieved from /usr/local/lib/python3.10/dist-packages/airflow/example_dags/example_complex.py
[2023-11-20T21:07:43.414+0500] {logging_mixin.py:154} INFO - [2023-11-20T21:07:43.413+0500] {dag.py:2941} INFO - Sync 1 DAGs
[2023-11-20T21:07:43.480+0500] {logging_mixin.py:154} INFO - [2023-11-20T21:07:43.479+0500] {dag.py:3722} INFO - Setting next_dagrun for example_complex to None, run_after=None
[2023-11-20T21:07:43.569+0500] {processor.py:179} INFO - Processing /usr/local/lib/python3.10/dist-packages/airflow/example_dags/example_complex.py took 0.431 seconds
[2023-11-20T21:08:16.099+0500] {processor.py:157} INFO - Started process (PID=28328) to work on /usr/local/lib/python3.10/dist-packages/airflow/example_dags/example_complex.py
[2023-11-20T21:08:16.101+0500] {processor.py:829} INFO - Processing file /usr/local/lib/python3.10/dist-packages/airflow/example_dags/example_complex.py for tasks to queue
[2023-11-20T21:08:16.105+0500] {logging_mixin.py:154} INFO - [2023-11-20T21:08:16.103+0500] {dagbag.py:536} INFO - Filling up the DagBag from /usr/local/lib/python3.10/dist-packages/airflow/example_dags/example_complex.py
[2023-11-20T21:08:16.156+0500] {processor.py:839} INFO - DAG(s) dict_keys(['example_complex']) retrieved from /usr/local/lib/python3.10/dist-packages/airflow/example_dags/example_complex.py
[2023-11-20T21:08:16.311+0500] {logging_mixin.py:154} INFO - [2023-11-20T21:08:16.311+0500] {dag.py:2941} INFO - Sync 1 DAGs
[2023-11-20T21:08:16.365+0500] {logging_mixin.py:154} INFO - [2023-11-20T21:08:16.365+0500] {dag.py:3722} INFO - Setting next_dagrun for example_complex to None, run_after=None
[2023-11-20T21:08:16.445+0500] {processor.py:179} INFO - Processing /usr/local/lib/python3.10/dist-packages/airflow/example_dags/example_complex.py took 0.358 seconds
[2023-11-20T21:08:48.753+0500] {processor.py:157} INFO - Started process (PID=28518) to work on /usr/local/lib/python3.10/dist-packages/airflow/example_dags/example_complex.py
[2023-11-20T21:08:48.755+0500] {processor.py:829} INFO - Processing file /usr/local/lib/python3.10/dist-packages/airflow/example_dags/example_complex.py for tasks to queue
[2023-11-20T21:08:48.759+0500] {logging_mixin.py:154} INFO - [2023-11-20T21:08:48.757+0500] {dagbag.py:536} INFO - Filling up the DagBag from /usr/local/lib/python3.10/dist-packages/airflow/example_dags/example_complex.py
[2023-11-20T21:08:48.842+0500] {processor.py:839} INFO - DAG(s) dict_keys(['example_complex']) retrieved from /usr/local/lib/python3.10/dist-packages/airflow/example_dags/example_complex.py
[2023-11-20T21:08:49.091+0500] {logging_mixin.py:154} INFO - [2023-11-20T21:08:49.090+0500] {dag.py:2941} INFO - Sync 1 DAGs
[2023-11-20T21:08:49.161+0500] {logging_mixin.py:154} INFO - [2023-11-20T21:08:49.160+0500] {dag.py:3722} INFO - Setting next_dagrun for example_complex to None, run_after=None
[2023-11-20T21:08:49.253+0500] {processor.py:179} INFO - Processing /usr/local/lib/python3.10/dist-packages/airflow/example_dags/example_complex.py took 0.514 seconds
[2023-11-20T21:09:21.003+0500] {processor.py:157} INFO - Started process (PID=28720) to work on /usr/local/lib/python3.10/dist-packages/airflow/example_dags/example_complex.py
[2023-11-20T21:09:21.006+0500] {processor.py:829} INFO - Processing file /usr/local/lib/python3.10/dist-packages/airflow/example_dags/example_complex.py for tasks to queue
[2023-11-20T21:09:21.009+0500] {logging_mixin.py:154} INFO - [2023-11-20T21:09:21.008+0500] {dagbag.py:536} INFO - Filling up the DagBag from /usr/local/lib/python3.10/dist-packages/airflow/example_dags/example_complex.py
[2023-11-20T21:09:21.069+0500] {processor.py:839} INFO - DAG(s) dict_keys(['example_complex']) retrieved from /usr/local/lib/python3.10/dist-packages/airflow/example_dags/example_complex.py
[2023-11-20T21:09:21.245+0500] {logging_mixin.py:154} INFO - [2023-11-20T21:09:21.244+0500] {dag.py:2941} INFO - Sync 1 DAGs
[2023-11-20T21:09:21.305+0500] {logging_mixin.py:154} INFO - [2023-11-20T21:09:21.304+0500] {dag.py:3722} INFO - Setting next_dagrun for example_complex to None, run_after=None
[2023-11-20T21:09:21.512+0500] {processor.py:179} INFO - Processing /usr/local/lib/python3.10/dist-packages/airflow/example_dags/example_complex.py took 0.521 seconds
[2023-11-20T21:09:54.763+0500] {processor.py:157} INFO - Started process (PID=29005) to work on /usr/local/lib/python3.10/dist-packages/airflow/example_dags/example_complex.py
[2023-11-20T21:09:54.771+0500] {processor.py:829} INFO - Processing file /usr/local/lib/python3.10/dist-packages/airflow/example_dags/example_complex.py for tasks to queue
[2023-11-20T21:09:54.775+0500] {logging_mixin.py:154} INFO - [2023-11-20T21:09:54.774+0500] {dagbag.py:536} INFO - Filling up the DagBag from /usr/local/lib/python3.10/dist-packages/airflow/example_dags/example_complex.py
[2023-11-20T21:09:55.128+0500] {processor.py:839} INFO - DAG(s) dict_keys(['example_complex']) retrieved from /usr/local/lib/python3.10/dist-packages/airflow/example_dags/example_complex.py
[2023-11-20T21:09:55.569+0500] {logging_mixin.py:154} INFO - [2023-11-20T21:09:55.568+0500] {dag.py:2941} INFO - Sync 1 DAGs
[2023-11-20T21:09:55.633+0500] {logging_mixin.py:154} INFO - [2023-11-20T21:09:55.633+0500] {dag.py:3722} INFO - Setting next_dagrun for example_complex to None, run_after=None
[2023-11-20T21:09:55.776+0500] {processor.py:179} INFO - Processing /usr/local/lib/python3.10/dist-packages/airflow/example_dags/example_complex.py took 1.052 seconds
[2023-11-20T21:10:26.772+0500] {processor.py:157} INFO - Started process (PID=29286) to work on /usr/local/lib/python3.10/dist-packages/airflow/example_dags/example_complex.py
[2023-11-20T21:10:26.775+0500] {processor.py:829} INFO - Processing file /usr/local/lib/python3.10/dist-packages/airflow/example_dags/example_complex.py for tasks to queue
[2023-11-20T21:10:26.779+0500] {logging_mixin.py:154} INFO - [2023-11-20T21:10:26.777+0500] {dagbag.py:536} INFO - Filling up the DagBag from /usr/local/lib/python3.10/dist-packages/airflow/example_dags/example_complex.py
[2023-11-20T21:10:26.850+0500] {processor.py:839} INFO - DAG(s) dict_keys(['example_complex']) retrieved from /usr/local/lib/python3.10/dist-packages/airflow/example_dags/example_complex.py
[2023-11-20T21:10:27.234+0500] {logging_mixin.py:154} INFO - [2023-11-20T21:10:27.234+0500] {dag.py:2941} INFO - Sync 1 DAGs
[2023-11-20T21:10:27.438+0500] {logging_mixin.py:154} INFO - [2023-11-20T21:10:27.437+0500] {dag.py:3722} INFO - Setting next_dagrun for example_complex to None, run_after=None
[2023-11-20T21:10:27.757+0500] {processor.py:179} INFO - Processing /usr/local/lib/python3.10/dist-packages/airflow/example_dags/example_complex.py took 0.997 seconds
[2023-11-20T21:10:59.729+0500] {processor.py:157} INFO - Started process (PID=29462) to work on /usr/local/lib/python3.10/dist-packages/airflow/example_dags/example_complex.py
[2023-11-20T21:10:59.732+0500] {processor.py:829} INFO - Processing file /usr/local/lib/python3.10/dist-packages/airflow/example_dags/example_complex.py for tasks to queue
[2023-11-20T21:10:59.735+0500] {logging_mixin.py:154} INFO - [2023-11-20T21:10:59.734+0500] {dagbag.py:536} INFO - Filling up the DagBag from /usr/local/lib/python3.10/dist-packages/airflow/example_dags/example_complex.py
[2023-11-20T21:10:59.794+0500] {processor.py:839} INFO - DAG(s) dict_keys(['example_complex']) retrieved from /usr/local/lib/python3.10/dist-packages/airflow/example_dags/example_complex.py
[2023-11-20T21:10:59.961+0500] {logging_mixin.py:154} INFO - [2023-11-20T21:10:59.960+0500] {dag.py:2941} INFO - Sync 1 DAGs
[2023-11-20T21:11:00.016+0500] {logging_mixin.py:154} INFO - [2023-11-20T21:11:00.015+0500] {dag.py:3722} INFO - Setting next_dagrun for example_complex to None, run_after=None
[2023-11-20T21:11:00.097+0500] {processor.py:179} INFO - Processing /usr/local/lib/python3.10/dist-packages/airflow/example_dags/example_complex.py took 0.381 seconds
[2023-11-20T21:11:35.128+0500] {processor.py:157} INFO - Started process (PID=29587) to work on /usr/local/lib/python3.10/dist-packages/airflow/example_dags/example_complex.py
[2023-11-20T21:11:35.131+0500] {processor.py:829} INFO - Processing file /usr/local/lib/python3.10/dist-packages/airflow/example_dags/example_complex.py for tasks to queue
[2023-11-20T21:11:35.134+0500] {logging_mixin.py:154} INFO - [2023-11-20T21:11:35.133+0500] {dagbag.py:536} INFO - Filling up the DagBag from /usr/local/lib/python3.10/dist-packages/airflow/example_dags/example_complex.py
[2023-11-20T21:11:35.192+0500] {processor.py:839} INFO - DAG(s) dict_keys(['example_complex']) retrieved from /usr/local/lib/python3.10/dist-packages/airflow/example_dags/example_complex.py
[2023-11-20T21:11:35.373+0500] {logging_mixin.py:154} INFO - [2023-11-20T21:11:35.372+0500] {dag.py:2941} INFO - Sync 1 DAGs
[2023-11-20T21:11:35.439+0500] {logging_mixin.py:154} INFO - [2023-11-20T21:11:35.438+0500] {dag.py:3722} INFO - Setting next_dagrun for example_complex to None, run_after=None
[2023-11-20T21:11:35.545+0500] {processor.py:179} INFO - Processing /usr/local/lib/python3.10/dist-packages/airflow/example_dags/example_complex.py took 0.431 seconds
[2023-11-20T21:12:07.113+0500] {processor.py:157} INFO - Started process (PID=29826) to work on /usr/local/lib/python3.10/dist-packages/airflow/example_dags/example_complex.py
[2023-11-20T21:12:07.116+0500] {processor.py:829} INFO - Processing file /usr/local/lib/python3.10/dist-packages/airflow/example_dags/example_complex.py for tasks to queue
[2023-11-20T21:12:07.119+0500] {logging_mixin.py:154} INFO - [2023-11-20T21:12:07.117+0500] {dagbag.py:536} INFO - Filling up the DagBag from /usr/local/lib/python3.10/dist-packages/airflow/example_dags/example_complex.py
[2023-11-20T21:12:07.169+0500] {processor.py:839} INFO - DAG(s) dict_keys(['example_complex']) retrieved from /usr/local/lib/python3.10/dist-packages/airflow/example_dags/example_complex.py
[2023-11-20T21:12:07.324+0500] {logging_mixin.py:154} INFO - [2023-11-20T21:12:07.323+0500] {dag.py:2941} INFO - Sync 1 DAGs
[2023-11-20T21:12:07.378+0500] {logging_mixin.py:154} INFO - [2023-11-20T21:12:07.377+0500] {dag.py:3722} INFO - Setting next_dagrun for example_complex to None, run_after=None
[2023-11-20T21:12:07.457+0500] {processor.py:179} INFO - Processing /usr/local/lib/python3.10/dist-packages/airflow/example_dags/example_complex.py took 0.356 seconds
[2023-11-20T21:12:39.278+0500] {processor.py:157} INFO - Started process (PID=30049) to work on /usr/local/lib/python3.10/dist-packages/airflow/example_dags/example_complex.py
[2023-11-20T21:12:39.281+0500] {processor.py:829} INFO - Processing file /usr/local/lib/python3.10/dist-packages/airflow/example_dags/example_complex.py for tasks to queue
[2023-11-20T21:12:39.284+0500] {logging_mixin.py:154} INFO - [2023-11-20T21:12:39.283+0500] {dagbag.py:536} INFO - Filling up the DagBag from /usr/local/lib/python3.10/dist-packages/airflow/example_dags/example_complex.py
[2023-11-20T21:12:39.338+0500] {processor.py:839} INFO - DAG(s) dict_keys(['example_complex']) retrieved from /usr/local/lib/python3.10/dist-packages/airflow/example_dags/example_complex.py
[2023-11-20T21:12:39.496+0500] {logging_mixin.py:154} INFO - [2023-11-20T21:12:39.495+0500] {dag.py:2941} INFO - Sync 1 DAGs
[2023-11-20T21:12:39.550+0500] {logging_mixin.py:154} INFO - [2023-11-20T21:12:39.550+0500] {dag.py:3722} INFO - Setting next_dagrun for example_complex to None, run_after=None
[2023-11-20T21:12:39.630+0500] {processor.py:179} INFO - Processing /usr/local/lib/python3.10/dist-packages/airflow/example_dags/example_complex.py took 0.364 seconds
[2023-11-20T21:13:15.816+0500] {processor.py:157} INFO - Started process (PID=30212) to work on /usr/local/lib/python3.10/dist-packages/airflow/example_dags/example_complex.py
[2023-11-20T21:13:15.819+0500] {processor.py:829} INFO - Processing file /usr/local/lib/python3.10/dist-packages/airflow/example_dags/example_complex.py for tasks to queue
[2023-11-20T21:13:15.822+0500] {logging_mixin.py:154} INFO - [2023-11-20T21:13:15.821+0500] {dagbag.py:536} INFO - Filling up the DagBag from /usr/local/lib/python3.10/dist-packages/airflow/example_dags/example_complex.py
[2023-11-20T21:13:15.872+0500] {processor.py:839} INFO - DAG(s) dict_keys(['example_complex']) retrieved from /usr/local/lib/python3.10/dist-packages/airflow/example_dags/example_complex.py
[2023-11-20T21:13:16.028+0500] {logging_mixin.py:154} INFO - [2023-11-20T21:13:16.028+0500] {dag.py:2941} INFO - Sync 1 DAGs
[2023-11-20T21:13:16.082+0500] {logging_mixin.py:154} INFO - [2023-11-20T21:13:16.081+0500] {dag.py:3722} INFO - Setting next_dagrun for example_complex to None, run_after=None
[2023-11-20T21:13:16.162+0500] {processor.py:179} INFO - Processing /usr/local/lib/python3.10/dist-packages/airflow/example_dags/example_complex.py took 0.358 seconds
[2023-11-20T21:13:47.025+0500] {processor.py:157} INFO - Started process (PID=30345) to work on /usr/local/lib/python3.10/dist-packages/airflow/example_dags/example_complex.py
[2023-11-20T21:13:47.028+0500] {processor.py:829} INFO - Processing file /usr/local/lib/python3.10/dist-packages/airflow/example_dags/example_complex.py for tasks to queue
[2023-11-20T21:13:47.031+0500] {logging_mixin.py:154} INFO - [2023-11-20T21:13:47.030+0500] {dagbag.py:536} INFO - Filling up the DagBag from /usr/local/lib/python3.10/dist-packages/airflow/example_dags/example_complex.py
[2023-11-20T21:13:47.082+0500] {processor.py:839} INFO - DAG(s) dict_keys(['example_complex']) retrieved from /usr/local/lib/python3.10/dist-packages/airflow/example_dags/example_complex.py
[2023-11-20T21:13:47.250+0500] {logging_mixin.py:154} INFO - [2023-11-20T21:13:47.249+0500] {dag.py:2941} INFO - Sync 1 DAGs
[2023-11-20T21:13:47.306+0500] {logging_mixin.py:154} INFO - [2023-11-20T21:13:47.306+0500] {dag.py:3722} INFO - Setting next_dagrun for example_complex to None, run_after=None
[2023-11-20T21:13:47.391+0500] {processor.py:179} INFO - Processing /usr/local/lib/python3.10/dist-packages/airflow/example_dags/example_complex.py took 0.377 seconds
[2023-11-20T21:14:18.477+0500] {processor.py:157} INFO - Started process (PID=30449) to work on /usr/local/lib/python3.10/dist-packages/airflow/example_dags/example_complex.py
[2023-11-20T21:14:18.480+0500] {processor.py:829} INFO - Processing file /usr/local/lib/python3.10/dist-packages/airflow/example_dags/example_complex.py for tasks to queue
[2023-11-20T21:14:18.484+0500] {logging_mixin.py:154} INFO - [2023-11-20T21:14:18.483+0500] {dagbag.py:536} INFO - Filling up the DagBag from /usr/local/lib/python3.10/dist-packages/airflow/example_dags/example_complex.py
[2023-11-20T21:14:18.549+0500] {processor.py:839} INFO - DAG(s) dict_keys(['example_complex']) retrieved from /usr/local/lib/python3.10/dist-packages/airflow/example_dags/example_complex.py
[2023-11-20T21:14:18.797+0500] {logging_mixin.py:154} INFO - [2023-11-20T21:14:18.796+0500] {dag.py:2941} INFO - Sync 1 DAGs
[2023-11-20T21:14:18.885+0500] {logging_mixin.py:154} INFO - [2023-11-20T21:14:18.884+0500] {dag.py:3722} INFO - Setting next_dagrun for example_complex to None, run_after=None
[2023-11-20T21:14:19.009+0500] {processor.py:179} INFO - Processing /usr/local/lib/python3.10/dist-packages/airflow/example_dags/example_complex.py took 0.545 seconds
[2023-11-20T21:15:04.519+0500] {processor.py:157} INFO - Started process (PID=30738) to work on /usr/local/lib/python3.10/dist-packages/airflow/example_dags/example_complex.py
[2023-11-20T21:15:04.525+0500] {processor.py:829} INFO - Processing file /usr/local/lib/python3.10/dist-packages/airflow/example_dags/example_complex.py for tasks to queue
[2023-11-20T21:15:04.537+0500] {logging_mixin.py:154} INFO - [2023-11-20T21:15:04.527+0500] {dagbag.py:536} INFO - Filling up the DagBag from /usr/local/lib/python3.10/dist-packages/airflow/example_dags/example_complex.py
[2023-11-20T21:15:04.709+0500] {processor.py:839} INFO - DAG(s) dict_keys(['example_complex']) retrieved from /usr/local/lib/python3.10/dist-packages/airflow/example_dags/example_complex.py
[2023-11-20T21:15:05.298+0500] {logging_mixin.py:154} INFO - [2023-11-20T21:15:05.297+0500] {dag.py:2941} INFO - Sync 1 DAGs
[2023-11-20T21:15:05.448+0500] {logging_mixin.py:154} INFO - [2023-11-20T21:15:05.448+0500] {dag.py:3722} INFO - Setting next_dagrun for example_complex to None, run_after=None
[2023-11-20T21:15:05.728+0500] {processor.py:179} INFO - Processing /usr/local/lib/python3.10/dist-packages/airflow/example_dags/example_complex.py took 1.249 seconds
[2023-11-20T21:15:37.689+0500] {processor.py:157} INFO - Started process (PID=30981) to work on /usr/local/lib/python3.10/dist-packages/airflow/example_dags/example_complex.py
[2023-11-20T21:15:37.692+0500] {processor.py:829} INFO - Processing file /usr/local/lib/python3.10/dist-packages/airflow/example_dags/example_complex.py for tasks to queue
[2023-11-20T21:15:37.695+0500] {logging_mixin.py:154} INFO - [2023-11-20T21:15:37.694+0500] {dagbag.py:536} INFO - Filling up the DagBag from /usr/local/lib/python3.10/dist-packages/airflow/example_dags/example_complex.py
[2023-11-20T21:15:37.753+0500] {processor.py:839} INFO - DAG(s) dict_keys(['example_complex']) retrieved from /usr/local/lib/python3.10/dist-packages/airflow/example_dags/example_complex.py
[2023-11-20T21:15:37.921+0500] {logging_mixin.py:154} INFO - [2023-11-20T21:15:37.921+0500] {dag.py:2941} INFO - Sync 1 DAGs
[2023-11-20T21:15:37.985+0500] {logging_mixin.py:154} INFO - [2023-11-20T21:15:37.984+0500] {dag.py:3722} INFO - Setting next_dagrun for example_complex to None, run_after=None
[2023-11-20T21:15:38.078+0500] {processor.py:179} INFO - Processing /usr/local/lib/python3.10/dist-packages/airflow/example_dags/example_complex.py took 0.403 seconds
[2023-11-20T21:16:10.871+0500] {processor.py:157} INFO - Started process (PID=31142) to work on /usr/local/lib/python3.10/dist-packages/airflow/example_dags/example_complex.py
[2023-11-20T21:16:10.874+0500] {processor.py:829} INFO - Processing file /usr/local/lib/python3.10/dist-packages/airflow/example_dags/example_complex.py for tasks to queue
[2023-11-20T21:16:10.877+0500] {logging_mixin.py:154} INFO - [2023-11-20T21:16:10.876+0500] {dagbag.py:536} INFO - Filling up the DagBag from /usr/local/lib/python3.10/dist-packages/airflow/example_dags/example_complex.py
[2023-11-20T21:16:10.927+0500] {processor.py:839} INFO - DAG(s) dict_keys(['example_complex']) retrieved from /usr/local/lib/python3.10/dist-packages/airflow/example_dags/example_complex.py
[2023-11-20T21:16:11.099+0500] {logging_mixin.py:154} INFO - [2023-11-20T21:16:11.099+0500] {dag.py:2941} INFO - Sync 1 DAGs
[2023-11-20T21:16:11.156+0500] {logging_mixin.py:154} INFO - [2023-11-20T21:16:11.156+0500] {dag.py:3722} INFO - Setting next_dagrun for example_complex to None, run_after=None
[2023-11-20T21:16:11.235+0500] {processor.py:179} INFO - Processing /usr/local/lib/python3.10/dist-packages/airflow/example_dags/example_complex.py took 0.375 seconds
[2023-11-20T21:16:44.556+0500] {processor.py:157} INFO - Started process (PID=31246) to work on /usr/local/lib/python3.10/dist-packages/airflow/example_dags/example_complex.py
[2023-11-20T21:16:44.559+0500] {processor.py:829} INFO - Processing file /usr/local/lib/python3.10/dist-packages/airflow/example_dags/example_complex.py for tasks to queue
[2023-11-20T21:16:44.562+0500] {logging_mixin.py:154} INFO - [2023-11-20T21:16:44.561+0500] {dagbag.py:536} INFO - Filling up the DagBag from /usr/local/lib/python3.10/dist-packages/airflow/example_dags/example_complex.py
[2023-11-20T21:16:44.616+0500] {processor.py:839} INFO - DAG(s) dict_keys(['example_complex']) retrieved from /usr/local/lib/python3.10/dist-packages/airflow/example_dags/example_complex.py
[2023-11-20T21:16:44.775+0500] {logging_mixin.py:154} INFO - [2023-11-20T21:16:44.775+0500] {dag.py:2941} INFO - Sync 1 DAGs
[2023-11-20T21:16:44.830+0500] {logging_mixin.py:154} INFO - [2023-11-20T21:16:44.829+0500] {dag.py:3722} INFO - Setting next_dagrun for example_complex to None, run_after=None
[2023-11-20T21:16:44.911+0500] {processor.py:179} INFO - Processing /usr/local/lib/python3.10/dist-packages/airflow/example_dags/example_complex.py took 0.366 seconds
[2023-11-20T21:17:18.012+0500] {processor.py:157} INFO - Started process (PID=31374) to work on /usr/local/lib/python3.10/dist-packages/airflow/example_dags/example_complex.py
[2023-11-20T21:17:18.016+0500] {processor.py:829} INFO - Processing file /usr/local/lib/python3.10/dist-packages/airflow/example_dags/example_complex.py for tasks to queue
[2023-11-20T21:17:18.019+0500] {logging_mixin.py:154} INFO - [2023-11-20T21:17:18.018+0500] {dagbag.py:536} INFO - Filling up the DagBag from /usr/local/lib/python3.10/dist-packages/airflow/example_dags/example_complex.py
[2023-11-20T21:17:18.093+0500] {processor.py:839} INFO - DAG(s) dict_keys(['example_complex']) retrieved from /usr/local/lib/python3.10/dist-packages/airflow/example_dags/example_complex.py
[2023-11-20T21:17:18.274+0500] {logging_mixin.py:154} INFO - [2023-11-20T21:17:18.273+0500] {dag.py:2941} INFO - Sync 1 DAGs
[2023-11-20T21:17:18.329+0500] {logging_mixin.py:154} INFO - [2023-11-20T21:17:18.329+0500] {dag.py:3722} INFO - Setting next_dagrun for example_complex to None, run_after=None
[2023-11-20T21:17:18.418+0500] {processor.py:179} INFO - Processing /usr/local/lib/python3.10/dist-packages/airflow/example_dags/example_complex.py took 0.417 seconds
[2023-11-20T21:17:51.320+0500] {processor.py:157} INFO - Started process (PID=31497) to work on /usr/local/lib/python3.10/dist-packages/airflow/example_dags/example_complex.py
[2023-11-20T21:17:51.322+0500] {processor.py:829} INFO - Processing file /usr/local/lib/python3.10/dist-packages/airflow/example_dags/example_complex.py for tasks to queue
[2023-11-20T21:17:51.326+0500] {logging_mixin.py:154} INFO - [2023-11-20T21:17:51.324+0500] {dagbag.py:536} INFO - Filling up the DagBag from /usr/local/lib/python3.10/dist-packages/airflow/example_dags/example_complex.py
[2023-11-20T21:17:51.378+0500] {processor.py:839} INFO - DAG(s) dict_keys(['example_complex']) retrieved from /usr/local/lib/python3.10/dist-packages/airflow/example_dags/example_complex.py
[2023-11-20T21:17:51.540+0500] {logging_mixin.py:154} INFO - [2023-11-20T21:17:51.539+0500] {dag.py:2941} INFO - Sync 1 DAGs
[2023-11-20T21:17:51.598+0500] {logging_mixin.py:154} INFO - [2023-11-20T21:17:51.597+0500] {dag.py:3722} INFO - Setting next_dagrun for example_complex to None, run_after=None
[2023-11-20T21:17:51.680+0500] {processor.py:179} INFO - Processing /usr/local/lib/python3.10/dist-packages/airflow/example_dags/example_complex.py took 0.372 seconds
[2023-11-20T21:18:27.348+0500] {processor.py:157} INFO - Started process (PID=31628) to work on /usr/local/lib/python3.10/dist-packages/airflow/example_dags/example_complex.py
[2023-11-20T21:18:27.351+0500] {processor.py:829} INFO - Processing file /usr/local/lib/python3.10/dist-packages/airflow/example_dags/example_complex.py for tasks to queue
[2023-11-20T21:18:27.354+0500] {logging_mixin.py:154} INFO - [2023-11-20T21:18:27.353+0500] {dagbag.py:536} INFO - Filling up the DagBag from /usr/local/lib/python3.10/dist-packages/airflow/example_dags/example_complex.py
[2023-11-20T21:18:27.408+0500] {processor.py:839} INFO - DAG(s) dict_keys(['example_complex']) retrieved from /usr/local/lib/python3.10/dist-packages/airflow/example_dags/example_complex.py
[2023-11-20T21:18:27.589+0500] {logging_mixin.py:154} INFO - [2023-11-20T21:18:27.588+0500] {dag.py:2941} INFO - Sync 1 DAGs
[2023-11-20T21:18:27.644+0500] {logging_mixin.py:154} INFO - [2023-11-20T21:18:27.644+0500] {dag.py:3722} INFO - Setting next_dagrun for example_complex to None, run_after=None
[2023-11-20T21:18:27.739+0500] {processor.py:179} INFO - Processing /usr/local/lib/python3.10/dist-packages/airflow/example_dags/example_complex.py took 0.403 seconds
[2023-11-20T21:19:00.828+0500] {processor.py:157} INFO - Started process (PID=31741) to work on /usr/local/lib/python3.10/dist-packages/airflow/example_dags/example_complex.py
[2023-11-20T21:19:00.832+0500] {processor.py:829} INFO - Processing file /usr/local/lib/python3.10/dist-packages/airflow/example_dags/example_complex.py for tasks to queue
[2023-11-20T21:19:00.835+0500] {logging_mixin.py:154} INFO - [2023-11-20T21:19:00.834+0500] {dagbag.py:536} INFO - Filling up the DagBag from /usr/local/lib/python3.10/dist-packages/airflow/example_dags/example_complex.py
[2023-11-20T21:19:00.913+0500] {processor.py:839} INFO - DAG(s) dict_keys(['example_complex']) retrieved from /usr/local/lib/python3.10/dist-packages/airflow/example_dags/example_complex.py
[2023-11-20T21:19:01.225+0500] {logging_mixin.py:154} INFO - [2023-11-20T21:19:01.224+0500] {dag.py:2941} INFO - Sync 1 DAGs
[2023-11-20T21:19:01.294+0500] {logging_mixin.py:154} INFO - [2023-11-20T21:19:01.293+0500] {dag.py:3722} INFO - Setting next_dagrun for example_complex to None, run_after=None
[2023-11-20T21:19:01.397+0500] {processor.py:179} INFO - Processing /usr/local/lib/python3.10/dist-packages/airflow/example_dags/example_complex.py took 0.583 seconds
[2023-11-20T21:19:32.389+0500] {processor.py:157} INFO - Started process (PID=31903) to work on /usr/local/lib/python3.10/dist-packages/airflow/example_dags/example_complex.py
[2023-11-20T21:19:32.392+0500] {processor.py:829} INFO - Processing file /usr/local/lib/python3.10/dist-packages/airflow/example_dags/example_complex.py for tasks to queue
[2023-11-20T21:19:32.396+0500] {logging_mixin.py:154} INFO - [2023-11-20T21:19:32.394+0500] {dagbag.py:536} INFO - Filling up the DagBag from /usr/local/lib/python3.10/dist-packages/airflow/example_dags/example_complex.py
[2023-11-20T21:19:32.453+0500] {processor.py:839} INFO - DAG(s) dict_keys(['example_complex']) retrieved from /usr/local/lib/python3.10/dist-packages/airflow/example_dags/example_complex.py
[2023-11-20T21:19:32.611+0500] {logging_mixin.py:154} INFO - [2023-11-20T21:19:32.610+0500] {dag.py:2941} INFO - Sync 1 DAGs
[2023-11-20T21:19:32.667+0500] {logging_mixin.py:154} INFO - [2023-11-20T21:19:32.666+0500] {dag.py:3722} INFO - Setting next_dagrun for example_complex to None, run_after=None
[2023-11-20T21:19:32.746+0500] {processor.py:179} INFO - Processing /usr/local/lib/python3.10/dist-packages/airflow/example_dags/example_complex.py took 0.368 seconds
[2023-11-20T21:20:09.072+0500] {processor.py:157} INFO - Started process (PID=32472) to work on /usr/local/lib/python3.10/dist-packages/airflow/example_dags/example_complex.py
[2023-11-20T21:20:09.075+0500] {processor.py:829} INFO - Processing file /usr/local/lib/python3.10/dist-packages/airflow/example_dags/example_complex.py for tasks to queue
[2023-11-20T21:20:09.078+0500] {logging_mixin.py:154} INFO - [2023-11-20T21:20:09.077+0500] {dagbag.py:536} INFO - Filling up the DagBag from /usr/local/lib/python3.10/dist-packages/airflow/example_dags/example_complex.py
[2023-11-20T21:20:09.128+0500] {processor.py:839} INFO - DAG(s) dict_keys(['example_complex']) retrieved from /usr/local/lib/python3.10/dist-packages/airflow/example_dags/example_complex.py
[2023-11-20T21:20:09.295+0500] {logging_mixin.py:154} INFO - [2023-11-20T21:20:09.294+0500] {dag.py:2941} INFO - Sync 1 DAGs
[2023-11-20T21:20:09.352+0500] {logging_mixin.py:154} INFO - [2023-11-20T21:20:09.351+0500] {dag.py:3722} INFO - Setting next_dagrun for example_complex to None, run_after=None
[2023-11-20T21:20:09.432+0500] {processor.py:179} INFO - Processing /usr/local/lib/python3.10/dist-packages/airflow/example_dags/example_complex.py took 0.371 seconds
[2023-11-20T21:20:41.858+0500] {processor.py:157} INFO - Started process (PID=32685) to work on /usr/local/lib/python3.10/dist-packages/airflow/example_dags/example_complex.py
[2023-11-20T21:20:41.862+0500] {processor.py:829} INFO - Processing file /usr/local/lib/python3.10/dist-packages/airflow/example_dags/example_complex.py for tasks to queue
[2023-11-20T21:20:41.865+0500] {logging_mixin.py:154} INFO - [2023-11-20T21:20:41.864+0500] {dagbag.py:536} INFO - Filling up the DagBag from /usr/local/lib/python3.10/dist-packages/airflow/example_dags/example_complex.py
[2023-11-20T21:20:41.966+0500] {processor.py:839} INFO - DAG(s) dict_keys(['example_complex']) retrieved from /usr/local/lib/python3.10/dist-packages/airflow/example_dags/example_complex.py
[2023-11-20T21:20:42.209+0500] {logging_mixin.py:154} INFO - [2023-11-20T21:20:42.208+0500] {dag.py:2941} INFO - Sync 1 DAGs
[2023-11-20T21:20:42.298+0500] {logging_mixin.py:154} INFO - [2023-11-20T21:20:42.297+0500] {dag.py:3722} INFO - Setting next_dagrun for example_complex to None, run_after=None
[2023-11-20T21:20:42.533+0500] {processor.py:179} INFO - Processing /usr/local/lib/python3.10/dist-packages/airflow/example_dags/example_complex.py took 0.722 seconds
[2023-11-20T21:21:37.892+0500] {processor.py:157} INFO - Started process (PID=33008) to work on /usr/local/lib/python3.10/dist-packages/airflow/example_dags/example_complex.py
[2023-11-20T21:21:37.898+0500] {processor.py:829} INFO - Processing file /usr/local/lib/python3.10/dist-packages/airflow/example_dags/example_complex.py for tasks to queue
[2023-11-20T21:21:37.905+0500] {logging_mixin.py:154} INFO - [2023-11-20T21:21:37.904+0500] {dagbag.py:536} INFO - Filling up the DagBag from /usr/local/lib/python3.10/dist-packages/airflow/example_dags/example_complex.py
[2023-11-20T21:21:37.974+0500] {processor.py:839} INFO - DAG(s) dict_keys(['example_complex']) retrieved from /usr/local/lib/python3.10/dist-packages/airflow/example_dags/example_complex.py
[2023-11-20T21:21:38.164+0500] {logging_mixin.py:154} INFO - [2023-11-20T21:21:38.163+0500] {dag.py:2941} INFO - Sync 1 DAGs
[2023-11-20T21:21:38.232+0500] {logging_mixin.py:154} INFO - [2023-11-20T21:21:38.231+0500] {dag.py:3722} INFO - Setting next_dagrun for example_complex to None, run_after=None
[2023-11-20T21:21:38.320+0500] {processor.py:179} INFO - Processing /usr/local/lib/python3.10/dist-packages/airflow/example_dags/example_complex.py took 0.442 seconds
[2023-11-20T21:22:14.242+0500] {processor.py:157} INFO - Started process (PID=33161) to work on /usr/local/lib/python3.10/dist-packages/airflow/example_dags/example_complex.py
[2023-11-20T21:22:14.247+0500] {processor.py:829} INFO - Processing file /usr/local/lib/python3.10/dist-packages/airflow/example_dags/example_complex.py for tasks to queue
[2023-11-20T21:22:14.251+0500] {logging_mixin.py:154} INFO - [2023-11-20T21:22:14.250+0500] {dagbag.py:536} INFO - Filling up the DagBag from /usr/local/lib/python3.10/dist-packages/airflow/example_dags/example_complex.py
[2023-11-20T21:22:14.308+0500] {processor.py:839} INFO - DAG(s) dict_keys(['example_complex']) retrieved from /usr/local/lib/python3.10/dist-packages/airflow/example_dags/example_complex.py
[2023-11-20T21:22:14.496+0500] {logging_mixin.py:154} INFO - [2023-11-20T21:22:14.496+0500] {dag.py:2941} INFO - Sync 1 DAGs
[2023-11-20T21:22:14.568+0500] {logging_mixin.py:154} INFO - [2023-11-20T21:22:14.566+0500] {dag.py:3722} INFO - Setting next_dagrun for example_complex to None, run_after=None
[2023-11-20T21:22:14.656+0500] {processor.py:179} INFO - Processing /usr/local/lib/python3.10/dist-packages/airflow/example_dags/example_complex.py took 0.427 seconds
[2023-11-20T21:22:46.507+0500] {processor.py:157} INFO - Started process (PID=33281) to work on /usr/local/lib/python3.10/dist-packages/airflow/example_dags/example_complex.py
[2023-11-20T21:22:46.510+0500] {processor.py:829} INFO - Processing file /usr/local/lib/python3.10/dist-packages/airflow/example_dags/example_complex.py for tasks to queue
[2023-11-20T21:22:46.513+0500] {logging_mixin.py:154} INFO - [2023-11-20T21:22:46.512+0500] {dagbag.py:536} INFO - Filling up the DagBag from /usr/local/lib/python3.10/dist-packages/airflow/example_dags/example_complex.py
[2023-11-20T21:22:46.570+0500] {processor.py:839} INFO - DAG(s) dict_keys(['example_complex']) retrieved from /usr/local/lib/python3.10/dist-packages/airflow/example_dags/example_complex.py
[2023-11-20T21:22:46.737+0500] {logging_mixin.py:154} INFO - [2023-11-20T21:22:46.736+0500] {dag.py:2941} INFO - Sync 1 DAGs
[2023-11-20T21:22:46.794+0500] {logging_mixin.py:154} INFO - [2023-11-20T21:22:46.794+0500] {dag.py:3722} INFO - Setting next_dagrun for example_complex to None, run_after=None
[2023-11-20T21:22:46.873+0500] {processor.py:179} INFO - Processing /usr/local/lib/python3.10/dist-packages/airflow/example_dags/example_complex.py took 0.379 seconds
[2023-11-20T21:23:17.804+0500] {processor.py:157} INFO - Started process (PID=33446) to work on /usr/local/lib/python3.10/dist-packages/airflow/example_dags/example_complex.py
[2023-11-20T21:23:17.807+0500] {processor.py:829} INFO - Processing file /usr/local/lib/python3.10/dist-packages/airflow/example_dags/example_complex.py for tasks to queue
[2023-11-20T21:23:17.811+0500] {logging_mixin.py:154} INFO - [2023-11-20T21:23:17.809+0500] {dagbag.py:536} INFO - Filling up the DagBag from /usr/local/lib/python3.10/dist-packages/airflow/example_dags/example_complex.py
[2023-11-20T21:23:17.872+0500] {processor.py:839} INFO - DAG(s) dict_keys(['example_complex']) retrieved from /usr/local/lib/python3.10/dist-packages/airflow/example_dags/example_complex.py
[2023-11-20T21:23:18.059+0500] {logging_mixin.py:154} INFO - [2023-11-20T21:23:18.059+0500] {dag.py:2941} INFO - Sync 1 DAGs
[2023-11-20T21:23:18.114+0500] {logging_mixin.py:154} INFO - [2023-11-20T21:23:18.114+0500] {dag.py:3722} INFO - Setting next_dagrun for example_complex to None, run_after=None
[2023-11-20T21:23:18.212+0500] {processor.py:179} INFO - Processing /usr/local/lib/python3.10/dist-packages/airflow/example_dags/example_complex.py took 0.420 seconds
[2023-11-20T21:23:49.563+0500] {processor.py:157} INFO - Started process (PID=33563) to work on /usr/local/lib/python3.10/dist-packages/airflow/example_dags/example_complex.py
[2023-11-20T21:23:49.567+0500] {processor.py:829} INFO - Processing file /usr/local/lib/python3.10/dist-packages/airflow/example_dags/example_complex.py for tasks to queue
[2023-11-20T21:23:49.570+0500] {logging_mixin.py:154} INFO - [2023-11-20T21:23:49.569+0500] {dagbag.py:536} INFO - Filling up the DagBag from /usr/local/lib/python3.10/dist-packages/airflow/example_dags/example_complex.py
[2023-11-20T21:23:49.620+0500] {processor.py:839} INFO - DAG(s) dict_keys(['example_complex']) retrieved from /usr/local/lib/python3.10/dist-packages/airflow/example_dags/example_complex.py
[2023-11-20T21:23:49.779+0500] {logging_mixin.py:154} INFO - [2023-11-20T21:23:49.778+0500] {dag.py:2941} INFO - Sync 1 DAGs
[2023-11-20T21:23:49.840+0500] {logging_mixin.py:154} INFO - [2023-11-20T21:23:49.839+0500] {dag.py:3722} INFO - Setting next_dagrun for example_complex to None, run_after=None
[2023-11-20T21:23:49.926+0500] {processor.py:179} INFO - Processing /usr/local/lib/python3.10/dist-packages/airflow/example_dags/example_complex.py took 0.376 seconds
[2023-11-20T21:24:37.665+0500] {processor.py:157} INFO - Started process (PID=33689) to work on /usr/local/lib/python3.10/dist-packages/airflow/example_dags/example_complex.py
[2023-11-20T21:24:37.680+0500] {processor.py:829} INFO - Processing file /usr/local/lib/python3.10/dist-packages/airflow/example_dags/example_complex.py for tasks to queue
[2023-11-20T21:24:37.683+0500] {logging_mixin.py:154} INFO - [2023-11-20T21:24:37.682+0500] {dagbag.py:536} INFO - Filling up the DagBag from /usr/local/lib/python3.10/dist-packages/airflow/example_dags/example_complex.py
[2023-11-20T21:24:37.960+0500] {processor.py:839} INFO - DAG(s) dict_keys(['example_complex']) retrieved from /usr/local/lib/python3.10/dist-packages/airflow/example_dags/example_complex.py
[2023-11-20T21:24:38.510+0500] {logging_mixin.py:154} INFO - [2023-11-20T21:24:38.509+0500] {dag.py:2941} INFO - Sync 1 DAGs
[2023-11-20T21:24:38.728+0500] {logging_mixin.py:154} INFO - [2023-11-20T21:24:38.726+0500] {dag.py:3722} INFO - Setting next_dagrun for example_complex to None, run_after=None
[2023-11-20T21:24:39.248+0500] {processor.py:179} INFO - Processing /usr/local/lib/python3.10/dist-packages/airflow/example_dags/example_complex.py took 1.626 seconds
[2023-11-20T21:25:29.854+0500] {processor.py:157} INFO - Started process (PID=33818) to work on /usr/local/lib/python3.10/dist-packages/airflow/example_dags/example_complex.py
[2023-11-20T21:25:29.865+0500] {processor.py:829} INFO - Processing file /usr/local/lib/python3.10/dist-packages/airflow/example_dags/example_complex.py for tasks to queue
[2023-11-20T21:25:29.870+0500] {logging_mixin.py:154} INFO - [2023-11-20T21:25:29.868+0500] {dagbag.py:536} INFO - Filling up the DagBag from /usr/local/lib/python3.10/dist-packages/airflow/example_dags/example_complex.py
[2023-11-20T21:25:30.055+0500] {processor.py:839} INFO - DAG(s) dict_keys(['example_complex']) retrieved from /usr/local/lib/python3.10/dist-packages/airflow/example_dags/example_complex.py
[2023-11-20T21:25:30.746+0500] {logging_mixin.py:154} INFO - [2023-11-20T21:25:30.745+0500] {dag.py:2941} INFO - Sync 1 DAGs
[2023-11-20T21:25:30.877+0500] {logging_mixin.py:154} INFO - [2023-11-20T21:25:30.877+0500] {dag.py:3722} INFO - Setting next_dagrun for example_complex to None, run_after=None
[2023-11-20T21:25:31.243+0500] {processor.py:179} INFO - Processing /usr/local/lib/python3.10/dist-packages/airflow/example_dags/example_complex.py took 1.405 seconds
[2023-11-20T21:26:12.277+0500] {processor.py:157} INFO - Started process (PID=33986) to work on /usr/local/lib/python3.10/dist-packages/airflow/example_dags/example_complex.py
[2023-11-20T21:26:12.288+0500] {processor.py:829} INFO - Processing file /usr/local/lib/python3.10/dist-packages/airflow/example_dags/example_complex.py for tasks to queue
[2023-11-20T21:26:12.292+0500] {logging_mixin.py:154} INFO - [2023-11-20T21:26:12.291+0500] {dagbag.py:536} INFO - Filling up the DagBag from /usr/local/lib/python3.10/dist-packages/airflow/example_dags/example_complex.py
[2023-11-20T21:26:12.364+0500] {processor.py:839} INFO - DAG(s) dict_keys(['example_complex']) retrieved from /usr/local/lib/python3.10/dist-packages/airflow/example_dags/example_complex.py
[2023-11-20T21:26:12.795+0500] {logging_mixin.py:154} INFO - [2023-11-20T21:26:12.794+0500] {dag.py:2941} INFO - Sync 1 DAGs
[2023-11-20T21:26:12.884+0500] {logging_mixin.py:154} INFO - [2023-11-20T21:26:12.873+0500] {dag.py:3722} INFO - Setting next_dagrun for example_complex to None, run_after=None
[2023-11-20T21:26:12.985+0500] {processor.py:179} INFO - Processing /usr/local/lib/python3.10/dist-packages/airflow/example_dags/example_complex.py took 0.738 seconds
[2023-11-20T21:28:08.525+0500] {processor.py:157} INFO - Started process (PID=34104) to work on /usr/local/lib/python3.10/dist-packages/airflow/example_dags/example_complex.py
[2023-11-20T21:28:08.605+0500] {processor.py:829} INFO - Processing file /usr/local/lib/python3.10/dist-packages/airflow/example_dags/example_complex.py for tasks to queue
[2023-11-20T21:28:08.678+0500] {logging_mixin.py:154} INFO - [2023-11-20T21:28:08.667+0500] {dagbag.py:536} INFO - Filling up the DagBag from /usr/local/lib/python3.10/dist-packages/airflow/example_dags/example_complex.py
[2023-11-20T21:28:10.279+0500] {processor.py:839} INFO - DAG(s) dict_keys(['example_complex']) retrieved from /usr/local/lib/python3.10/dist-packages/airflow/example_dags/example_complex.py
[2023-11-20T21:28:11.733+0500] {logging_mixin.py:154} INFO - [2023-11-20T21:28:11.713+0500] {dag.py:2941} INFO - Sync 1 DAGs
[2023-11-20T21:28:12.135+0500] {logging_mixin.py:154} INFO - [2023-11-20T21:28:12.134+0500] {dag.py:3722} INFO - Setting next_dagrun for example_complex to None, run_after=None
[2023-11-20T21:28:12.677+0500] {processor.py:179} INFO - Processing /usr/local/lib/python3.10/dist-packages/airflow/example_dags/example_complex.py took 4.248 seconds
[2023-11-20T21:30:21.586+0500] {processor.py:157} INFO - Started process (PID=34351) to work on /usr/local/lib/python3.10/dist-packages/airflow/example_dags/example_complex.py
[2023-11-20T21:30:21.602+0500] {processor.py:829} INFO - Processing file /usr/local/lib/python3.10/dist-packages/airflow/example_dags/example_complex.py for tasks to queue
[2023-11-20T21:30:21.648+0500] {logging_mixin.py:154} INFO - [2023-11-20T21:30:21.614+0500] {dagbag.py:536} INFO - Filling up the DagBag from /usr/local/lib/python3.10/dist-packages/airflow/example_dags/example_complex.py
[2023-11-20T21:30:22.654+0500] {processor.py:839} INFO - DAG(s) dict_keys(['example_complex']) retrieved from /usr/local/lib/python3.10/dist-packages/airflow/example_dags/example_complex.py
[2023-11-20T21:30:24.834+0500] {logging_mixin.py:154} INFO - [2023-11-20T21:30:24.825+0500] {dag.py:2941} INFO - Sync 1 DAGs
[2023-11-20T21:30:25.575+0500] {logging_mixin.py:154} INFO - [2023-11-20T21:30:25.574+0500] {dag.py:3722} INFO - Setting next_dagrun for example_complex to None, run_after=None
[2023-11-20T21:30:26.622+0500] {processor.py:179} INFO - Processing /usr/local/lib/python3.10/dist-packages/airflow/example_dags/example_complex.py took 5.378 seconds
