[2023-11-20T21:05:52.319+0500] {processor.py:157} INFO - Started process (PID=27174) to work on /usr/local/lib/python3.10/dist-packages/airflow/example_dags/example_subdag_operator.py
[2023-11-20T21:05:52.321+0500] {processor.py:829} INFO - Processing file /usr/local/lib/python3.10/dist-packages/airflow/example_dags/example_subdag_operator.py for tasks to queue
[2023-11-20T21:05:52.324+0500] {logging_mixin.py:154} INFO - [2023-11-20T21:05:52.323+0500] {dagbag.py:536} INFO - Filling up the DagBag from /usr/local/lib/python3.10/dist-packages/airflow/example_dags/example_subdag_operator.py
[2023-11-20T21:05:52.459+0500] {processor.py:839} INFO - DAG(s) dict_keys(['example_subdag_operator.section-1', 'example_subdag_operator.section-2', 'example_subdag_operator']) retrieved from /usr/local/lib/python3.10/dist-packages/airflow/example_dags/example_subdag_operator.py
[2023-11-20T21:05:52.921+0500] {logging_mixin.py:154} INFO - [2023-11-20T21:05:52.920+0500] {manager.py:499} INFO - Created Permission View: %s
[2023-11-20T21:05:52.968+0500] {logging_mixin.py:154} INFO - [2023-11-20T21:05:52.968+0500] {manager.py:499} INFO - Created Permission View: %s
[2023-11-20T21:05:53.001+0500] {logging_mixin.py:154} INFO - [2023-11-20T21:05:52.999+0500] {manager.py:499} INFO - Created Permission View: %s
[2023-11-20T21:05:53.003+0500] {logging_mixin.py:154} INFO - [2023-11-20T21:05:53.002+0500] {dag.py:2941} INFO - Sync 3 DAGs
[2023-11-20T21:05:53.058+0500] {logging_mixin.py:154} INFO - [2023-11-20T21:05:53.057+0500] {dag.py:2963} INFO - Creating ORM DAG for example_subdag_operator.section-2
[2023-11-20T21:05:53.061+0500] {logging_mixin.py:154} INFO - [2023-11-20T21:05:53.060+0500] {dag.py:2963} INFO - Creating ORM DAG for example_subdag_operator.section-1
[2023-11-20T21:05:53.063+0500] {logging_mixin.py:154} INFO - [2023-11-20T21:05:53.063+0500] {dag.py:2963} INFO - Creating ORM DAG for example_subdag_operator
[2023-11-20T21:05:53.106+0500] {logging_mixin.py:154} INFO - [2023-11-20T21:05:53.105+0500] {dag.py:3722} INFO - Setting next_dagrun for example_subdag_operator to 2022-01-01T00:00:00+00:00, run_after=2022-01-01T00:00:00+00:00
[2023-11-20T21:05:53.109+0500] {logging_mixin.py:154} INFO - [2023-11-20T21:05:53.108+0500] {dag.py:3722} INFO - Setting next_dagrun for example_subdag_operator.section-1 to None, run_after=None
[2023-11-20T21:05:53.111+0500] {logging_mixin.py:154} INFO - [2023-11-20T21:05:53.110+0500] {dag.py:3722} INFO - Setting next_dagrun for example_subdag_operator.section-2 to None, run_after=None
[2023-11-20T21:05:53.151+0500] {logging_mixin.py:154} INFO - [2023-11-20T21:05:53.151+0500] {dag.py:2941} INFO - Sync 2 DAGs
[2023-11-20T21:05:53.177+0500] {logging_mixin.py:154} INFO - [2023-11-20T21:05:53.176+0500] {dag.py:3722} INFO - Setting next_dagrun for example_subdag_operator.section-1 to None, run_after=None
[2023-11-20T21:05:53.191+0500] {logging_mixin.py:154} INFO - [2023-11-20T21:05:53.191+0500] {dag.py:3722} INFO - Setting next_dagrun for example_subdag_operator.section-2 to None, run_after=None
[2023-11-20T21:05:53.244+0500] {processor.py:179} INFO - Processing /usr/local/lib/python3.10/dist-packages/airflow/example_dags/example_subdag_operator.py took 0.939 seconds
[2023-11-20T21:06:23.502+0500] {processor.py:157} INFO - Started process (PID=27356) to work on /usr/local/lib/python3.10/dist-packages/airflow/example_dags/example_subdag_operator.py
[2023-11-20T21:06:23.505+0500] {processor.py:829} INFO - Processing file /usr/local/lib/python3.10/dist-packages/airflow/example_dags/example_subdag_operator.py for tasks to queue
[2023-11-20T21:06:23.508+0500] {logging_mixin.py:154} INFO - [2023-11-20T21:06:23.507+0500] {dagbag.py:536} INFO - Filling up the DagBag from /usr/local/lib/python3.10/dist-packages/airflow/example_dags/example_subdag_operator.py
[2023-11-20T21:06:23.634+0500] {processor.py:839} INFO - DAG(s) dict_keys(['example_subdag_operator.section-1', 'example_subdag_operator.section-2', 'example_subdag_operator']) retrieved from /usr/local/lib/python3.10/dist-packages/airflow/example_dags/example_subdag_operator.py
[2023-11-20T21:06:23.720+0500] {logging_mixin.py:154} INFO - [2023-11-20T21:06:23.719+0500] {dag.py:2941} INFO - Sync 3 DAGs
[2023-11-20T21:06:23.853+0500] {logging_mixin.py:154} INFO - [2023-11-20T21:06:23.852+0500] {dag.py:3722} INFO - Setting next_dagrun for example_subdag_operator to 2022-01-01T00:00:00+00:00, run_after=2022-01-01T00:00:00+00:00
[2023-11-20T21:06:23.874+0500] {logging_mixin.py:154} INFO - [2023-11-20T21:06:23.873+0500] {dag.py:3722} INFO - Setting next_dagrun for example_subdag_operator.section-1 to None, run_after=None
[2023-11-20T21:06:23.881+0500] {logging_mixin.py:154} INFO - [2023-11-20T21:06:23.880+0500] {dag.py:3722} INFO - Setting next_dagrun for example_subdag_operator.section-2 to None, run_after=None
[2023-11-20T21:06:23.912+0500] {logging_mixin.py:154} INFO - [2023-11-20T21:06:23.912+0500] {dag.py:2941} INFO - Sync 2 DAGs
[2023-11-20T21:06:23.937+0500] {logging_mixin.py:154} INFO - [2023-11-20T21:06:23.937+0500] {dag.py:3722} INFO - Setting next_dagrun for example_subdag_operator.section-1 to None, run_after=None
[2023-11-20T21:06:23.939+0500] {logging_mixin.py:154} INFO - [2023-11-20T21:06:23.939+0500] {dag.py:3722} INFO - Setting next_dagrun for example_subdag_operator.section-2 to None, run_after=None
[2023-11-20T21:06:23.990+0500] {processor.py:179} INFO - Processing /usr/local/lib/python3.10/dist-packages/airflow/example_dags/example_subdag_operator.py took 0.500 seconds
[2023-11-20T21:06:54.962+0500] {processor.py:157} INFO - Started process (PID=27734) to work on /usr/local/lib/python3.10/dist-packages/airflow/example_dags/example_subdag_operator.py
[2023-11-20T21:06:54.965+0500] {processor.py:829} INFO - Processing file /usr/local/lib/python3.10/dist-packages/airflow/example_dags/example_subdag_operator.py for tasks to queue
[2023-11-20T21:06:54.968+0500] {logging_mixin.py:154} INFO - [2023-11-20T21:06:54.967+0500] {dagbag.py:536} INFO - Filling up the DagBag from /usr/local/lib/python3.10/dist-packages/airflow/example_dags/example_subdag_operator.py
[2023-11-20T21:06:55.086+0500] {processor.py:839} INFO - DAG(s) dict_keys(['example_subdag_operator.section-1', 'example_subdag_operator.section-2', 'example_subdag_operator']) retrieved from /usr/local/lib/python3.10/dist-packages/airflow/example_dags/example_subdag_operator.py
[2023-11-20T21:06:55.160+0500] {logging_mixin.py:154} INFO - [2023-11-20T21:06:55.159+0500] {dag.py:2941} INFO - Sync 3 DAGs
[2023-11-20T21:06:55.257+0500] {logging_mixin.py:154} INFO - [2023-11-20T21:06:55.256+0500] {dag.py:3722} INFO - Setting next_dagrun for example_subdag_operator to 2022-01-01T00:00:00+00:00, run_after=2022-01-01T00:00:00+00:00
[2023-11-20T21:06:55.272+0500] {logging_mixin.py:154} INFO - [2023-11-20T21:06:55.272+0500] {dag.py:3722} INFO - Setting next_dagrun for example_subdag_operator.section-1 to None, run_after=None
[2023-11-20T21:06:55.278+0500] {logging_mixin.py:154} INFO - [2023-11-20T21:06:55.277+0500] {dag.py:3722} INFO - Setting next_dagrun for example_subdag_operator.section-2 to None, run_after=None
[2023-11-20T21:06:55.306+0500] {logging_mixin.py:154} INFO - [2023-11-20T21:06:55.306+0500] {dag.py:2941} INFO - Sync 2 DAGs
[2023-11-20T21:06:55.329+0500] {logging_mixin.py:154} INFO - [2023-11-20T21:06:55.329+0500] {dag.py:3722} INFO - Setting next_dagrun for example_subdag_operator.section-1 to None, run_after=None
[2023-11-20T21:06:55.331+0500] {logging_mixin.py:154} INFO - [2023-11-20T21:06:55.330+0500] {dag.py:3722} INFO - Setting next_dagrun for example_subdag_operator.section-2 to None, run_after=None
[2023-11-20T21:06:55.377+0500] {processor.py:179} INFO - Processing /usr/local/lib/python3.10/dist-packages/airflow/example_dags/example_subdag_operator.py took 0.427 seconds
[2023-11-20T21:07:26.272+0500] {processor.py:157} INFO - Started process (PID=27991) to work on /usr/local/lib/python3.10/dist-packages/airflow/example_dags/example_subdag_operator.py
[2023-11-20T21:07:26.276+0500] {processor.py:829} INFO - Processing file /usr/local/lib/python3.10/dist-packages/airflow/example_dags/example_subdag_operator.py for tasks to queue
[2023-11-20T21:07:26.280+0500] {logging_mixin.py:154} INFO - [2023-11-20T21:07:26.279+0500] {dagbag.py:536} INFO - Filling up the DagBag from /usr/local/lib/python3.10/dist-packages/airflow/example_dags/example_subdag_operator.py
[2023-11-20T21:07:26.487+0500] {processor.py:839} INFO - DAG(s) dict_keys(['example_subdag_operator.section-1', 'example_subdag_operator.section-2', 'example_subdag_operator']) retrieved from /usr/local/lib/python3.10/dist-packages/airflow/example_dags/example_subdag_operator.py
[2023-11-20T21:07:26.699+0500] {logging_mixin.py:154} INFO - [2023-11-20T21:07:26.698+0500] {dag.py:2941} INFO - Sync 3 DAGs
[2023-11-20T21:07:26.845+0500] {logging_mixin.py:154} INFO - [2023-11-20T21:07:26.844+0500] {dag.py:3722} INFO - Setting next_dagrun for example_subdag_operator to 2022-01-01T00:00:00+00:00, run_after=2022-01-01T00:00:00+00:00
[2023-11-20T21:07:26.903+0500] {logging_mixin.py:154} INFO - [2023-11-20T21:07:26.902+0500] {dag.py:3722} INFO - Setting next_dagrun for example_subdag_operator.section-1 to None, run_after=None
[2023-11-20T21:07:26.911+0500] {logging_mixin.py:154} INFO - [2023-11-20T21:07:26.910+0500] {dag.py:3722} INFO - Setting next_dagrun for example_subdag_operator.section-2 to None, run_after=None
[2023-11-20T21:07:26.981+0500] {logging_mixin.py:154} INFO - [2023-11-20T21:07:26.980+0500] {dag.py:2941} INFO - Sync 2 DAGs
[2023-11-20T21:07:27.034+0500] {logging_mixin.py:154} INFO - [2023-11-20T21:07:27.033+0500] {dag.py:3722} INFO - Setting next_dagrun for example_subdag_operator.section-1 to None, run_after=None
[2023-11-20T21:07:27.036+0500] {logging_mixin.py:154} INFO - [2023-11-20T21:07:27.035+0500] {dag.py:3722} INFO - Setting next_dagrun for example_subdag_operator.section-2 to None, run_after=None
[2023-11-20T21:07:27.153+0500] {processor.py:179} INFO - Processing /usr/local/lib/python3.10/dist-packages/airflow/example_dags/example_subdag_operator.py took 0.903 seconds
[2023-11-20T21:07:57.610+0500] {processor.py:157} INFO - Started process (PID=28175) to work on /usr/local/lib/python3.10/dist-packages/airflow/example_dags/example_subdag_operator.py
[2023-11-20T21:07:57.614+0500] {processor.py:829} INFO - Processing file /usr/local/lib/python3.10/dist-packages/airflow/example_dags/example_subdag_operator.py for tasks to queue
[2023-11-20T21:07:57.617+0500] {logging_mixin.py:154} INFO - [2023-11-20T21:07:57.616+0500] {dagbag.py:536} INFO - Filling up the DagBag from /usr/local/lib/python3.10/dist-packages/airflow/example_dags/example_subdag_operator.py
[2023-11-20T21:07:57.766+0500] {processor.py:839} INFO - DAG(s) dict_keys(['example_subdag_operator.section-1', 'example_subdag_operator.section-2', 'example_subdag_operator']) retrieved from /usr/local/lib/python3.10/dist-packages/airflow/example_dags/example_subdag_operator.py
[2023-11-20T21:07:57.856+0500] {logging_mixin.py:154} INFO - [2023-11-20T21:07:57.855+0500] {dag.py:2941} INFO - Sync 3 DAGs
[2023-11-20T21:07:57.996+0500] {logging_mixin.py:154} INFO - [2023-11-20T21:07:57.995+0500] {dag.py:3722} INFO - Setting next_dagrun for example_subdag_operator to 2022-01-01T00:00:00+00:00, run_after=2022-01-01T00:00:00+00:00
[2023-11-20T21:07:58.013+0500] {logging_mixin.py:154} INFO - [2023-11-20T21:07:58.013+0500] {dag.py:3722} INFO - Setting next_dagrun for example_subdag_operator.section-1 to None, run_after=None
[2023-11-20T21:07:58.022+0500] {logging_mixin.py:154} INFO - [2023-11-20T21:07:58.022+0500] {dag.py:3722} INFO - Setting next_dagrun for example_subdag_operator.section-2 to None, run_after=None
[2023-11-20T21:07:58.062+0500] {logging_mixin.py:154} INFO - [2023-11-20T21:07:58.061+0500] {dag.py:2941} INFO - Sync 2 DAGs
[2023-11-20T21:07:58.091+0500] {logging_mixin.py:154} INFO - [2023-11-20T21:07:58.090+0500] {dag.py:3722} INFO - Setting next_dagrun for example_subdag_operator.section-1 to None, run_after=None
[2023-11-20T21:07:58.093+0500] {logging_mixin.py:154} INFO - [2023-11-20T21:07:58.092+0500] {dag.py:3722} INFO - Setting next_dagrun for example_subdag_operator.section-2 to None, run_after=None
[2023-11-20T21:07:58.167+0500] {processor.py:179} INFO - Processing /usr/local/lib/python3.10/dist-packages/airflow/example_dags/example_subdag_operator.py took 0.573 seconds
[2023-11-20T21:08:28.493+0500] {processor.py:157} INFO - Started process (PID=28410) to work on /usr/local/lib/python3.10/dist-packages/airflow/example_dags/example_subdag_operator.py
[2023-11-20T21:08:28.495+0500] {processor.py:829} INFO - Processing file /usr/local/lib/python3.10/dist-packages/airflow/example_dags/example_subdag_operator.py for tasks to queue
[2023-11-20T21:08:28.498+0500] {logging_mixin.py:154} INFO - [2023-11-20T21:08:28.497+0500] {dagbag.py:536} INFO - Filling up the DagBag from /usr/local/lib/python3.10/dist-packages/airflow/example_dags/example_subdag_operator.py
[2023-11-20T21:08:28.619+0500] {processor.py:839} INFO - DAG(s) dict_keys(['example_subdag_operator.section-1', 'example_subdag_operator.section-2', 'example_subdag_operator']) retrieved from /usr/local/lib/python3.10/dist-packages/airflow/example_dags/example_subdag_operator.py
[2023-11-20T21:08:28.698+0500] {logging_mixin.py:154} INFO - [2023-11-20T21:08:28.696+0500] {dag.py:2941} INFO - Sync 3 DAGs
[2023-11-20T21:08:28.811+0500] {logging_mixin.py:154} INFO - [2023-11-20T21:08:28.810+0500] {dag.py:3722} INFO - Setting next_dagrun for example_subdag_operator to 2022-01-01T00:00:00+00:00, run_after=2022-01-01T00:00:00+00:00
[2023-11-20T21:08:28.827+0500] {logging_mixin.py:154} INFO - [2023-11-20T21:08:28.827+0500] {dag.py:3722} INFO - Setting next_dagrun for example_subdag_operator.section-1 to None, run_after=None
[2023-11-20T21:08:28.833+0500] {logging_mixin.py:154} INFO - [2023-11-20T21:08:28.832+0500] {dag.py:3722} INFO - Setting next_dagrun for example_subdag_operator.section-2 to None, run_after=None
[2023-11-20T21:08:28.864+0500] {logging_mixin.py:154} INFO - [2023-11-20T21:08:28.863+0500] {dag.py:2941} INFO - Sync 2 DAGs
[2023-11-20T21:08:28.888+0500] {logging_mixin.py:154} INFO - [2023-11-20T21:08:28.887+0500] {dag.py:3722} INFO - Setting next_dagrun for example_subdag_operator.section-1 to None, run_after=None
[2023-11-20T21:08:28.889+0500] {logging_mixin.py:154} INFO - [2023-11-20T21:08:28.889+0500] {dag.py:3722} INFO - Setting next_dagrun for example_subdag_operator.section-2 to None, run_after=None
[2023-11-20T21:08:28.936+0500] {processor.py:179} INFO - Processing /usr/local/lib/python3.10/dist-packages/airflow/example_dags/example_subdag_operator.py took 0.455 seconds
[2023-11-20T21:08:59.332+0500] {processor.py:157} INFO - Started process (PID=28636) to work on /usr/local/lib/python3.10/dist-packages/airflow/example_dags/example_subdag_operator.py
[2023-11-20T21:08:59.337+0500] {processor.py:829} INFO - Processing file /usr/local/lib/python3.10/dist-packages/airflow/example_dags/example_subdag_operator.py for tasks to queue
[2023-11-20T21:08:59.340+0500] {logging_mixin.py:154} INFO - [2023-11-20T21:08:59.339+0500] {dagbag.py:536} INFO - Filling up the DagBag from /usr/local/lib/python3.10/dist-packages/airflow/example_dags/example_subdag_operator.py
[2023-11-20T21:08:59.456+0500] {processor.py:839} INFO - DAG(s) dict_keys(['example_subdag_operator.section-1', 'example_subdag_operator.section-2', 'example_subdag_operator']) retrieved from /usr/local/lib/python3.10/dist-packages/airflow/example_dags/example_subdag_operator.py
[2023-11-20T21:08:59.529+0500] {logging_mixin.py:154} INFO - [2023-11-20T21:08:59.528+0500] {dag.py:2941} INFO - Sync 3 DAGs
[2023-11-20T21:08:59.625+0500] {logging_mixin.py:154} INFO - [2023-11-20T21:08:59.625+0500] {dag.py:3722} INFO - Setting next_dagrun for example_subdag_operator to 2022-01-01T00:00:00+00:00, run_after=2022-01-01T00:00:00+00:00
[2023-11-20T21:08:59.640+0500] {logging_mixin.py:154} INFO - [2023-11-20T21:08:59.639+0500] {dag.py:3722} INFO - Setting next_dagrun for example_subdag_operator.section-1 to None, run_after=None
[2023-11-20T21:08:59.645+0500] {logging_mixin.py:154} INFO - [2023-11-20T21:08:59.645+0500] {dag.py:3722} INFO - Setting next_dagrun for example_subdag_operator.section-2 to None, run_after=None
[2023-11-20T21:08:59.679+0500] {logging_mixin.py:154} INFO - [2023-11-20T21:08:59.678+0500] {dag.py:2941} INFO - Sync 2 DAGs
[2023-11-20T21:08:59.701+0500] {logging_mixin.py:154} INFO - [2023-11-20T21:08:59.701+0500] {dag.py:3722} INFO - Setting next_dagrun for example_subdag_operator.section-1 to None, run_after=None
[2023-11-20T21:08:59.703+0500] {logging_mixin.py:154} INFO - [2023-11-20T21:08:59.702+0500] {dag.py:3722} INFO - Setting next_dagrun for example_subdag_operator.section-2 to None, run_after=None
[2023-11-20T21:08:59.748+0500] {processor.py:179} INFO - Processing /usr/local/lib/python3.10/dist-packages/airflow/example_dags/example_subdag_operator.py took 0.429 seconds
[2023-11-20T21:09:30.071+0500] {processor.py:157} INFO - Started process (PID=28834) to work on /usr/local/lib/python3.10/dist-packages/airflow/example_dags/example_subdag_operator.py
[2023-11-20T21:09:30.074+0500] {processor.py:829} INFO - Processing file /usr/local/lib/python3.10/dist-packages/airflow/example_dags/example_subdag_operator.py for tasks to queue
[2023-11-20T21:09:30.077+0500] {logging_mixin.py:154} INFO - [2023-11-20T21:09:30.076+0500] {dagbag.py:536} INFO - Filling up the DagBag from /usr/local/lib/python3.10/dist-packages/airflow/example_dags/example_subdag_operator.py
[2023-11-20T21:09:30.199+0500] {processor.py:839} INFO - DAG(s) dict_keys(['example_subdag_operator.section-1', 'example_subdag_operator.section-2', 'example_subdag_operator']) retrieved from /usr/local/lib/python3.10/dist-packages/airflow/example_dags/example_subdag_operator.py
[2023-11-20T21:09:30.272+0500] {logging_mixin.py:154} INFO - [2023-11-20T21:09:30.271+0500] {dag.py:2941} INFO - Sync 3 DAGs
[2023-11-20T21:09:30.369+0500] {logging_mixin.py:154} INFO - [2023-11-20T21:09:30.368+0500] {dag.py:3722} INFO - Setting next_dagrun for example_subdag_operator to 2022-01-01T00:00:00+00:00, run_after=2022-01-01T00:00:00+00:00
[2023-11-20T21:09:30.385+0500] {logging_mixin.py:154} INFO - [2023-11-20T21:09:30.384+0500] {dag.py:3722} INFO - Setting next_dagrun for example_subdag_operator.section-1 to None, run_after=None
[2023-11-20T21:09:30.391+0500] {logging_mixin.py:154} INFO - [2023-11-20T21:09:30.390+0500] {dag.py:3722} INFO - Setting next_dagrun for example_subdag_operator.section-2 to None, run_after=None
[2023-11-20T21:09:30.422+0500] {logging_mixin.py:154} INFO - [2023-11-20T21:09:30.422+0500] {dag.py:2941} INFO - Sync 2 DAGs
[2023-11-20T21:09:30.446+0500] {logging_mixin.py:154} INFO - [2023-11-20T21:09:30.445+0500] {dag.py:3722} INFO - Setting next_dagrun for example_subdag_operator.section-1 to None, run_after=None
[2023-11-20T21:09:30.448+0500] {logging_mixin.py:154} INFO - [2023-11-20T21:09:30.447+0500] {dag.py:3722} INFO - Setting next_dagrun for example_subdag_operator.section-2 to None, run_after=None
[2023-11-20T21:09:30.499+0500] {processor.py:179} INFO - Processing /usr/local/lib/python3.10/dist-packages/airflow/example_dags/example_subdag_operator.py took 0.441 seconds
[2023-11-20T21:10:02.694+0500] {processor.py:157} INFO - Started process (PID=29113) to work on /usr/local/lib/python3.10/dist-packages/airflow/example_dags/example_subdag_operator.py
[2023-11-20T21:10:02.700+0500] {processor.py:829} INFO - Processing file /usr/local/lib/python3.10/dist-packages/airflow/example_dags/example_subdag_operator.py for tasks to queue
[2023-11-20T21:10:02.716+0500] {logging_mixin.py:154} INFO - [2023-11-20T21:10:02.715+0500] {dagbag.py:536} INFO - Filling up the DagBag from /usr/local/lib/python3.10/dist-packages/airflow/example_dags/example_subdag_operator.py
[2023-11-20T21:10:02.907+0500] {processor.py:839} INFO - DAG(s) dict_keys(['example_subdag_operator.section-1', 'example_subdag_operator.section-2', 'example_subdag_operator']) retrieved from /usr/local/lib/python3.10/dist-packages/airflow/example_dags/example_subdag_operator.py
[2023-11-20T21:10:02.994+0500] {logging_mixin.py:154} INFO - [2023-11-20T21:10:02.993+0500] {dag.py:2941} INFO - Sync 3 DAGs
[2023-11-20T21:10:03.146+0500] {logging_mixin.py:154} INFO - [2023-11-20T21:10:03.145+0500] {dag.py:3722} INFO - Setting next_dagrun for example_subdag_operator to 2022-01-01T00:00:00+00:00, run_after=2022-01-01T00:00:00+00:00
[2023-11-20T21:10:03.164+0500] {logging_mixin.py:154} INFO - [2023-11-20T21:10:03.163+0500] {dag.py:3722} INFO - Setting next_dagrun for example_subdag_operator.section-1 to None, run_after=None
[2023-11-20T21:10:03.170+0500] {logging_mixin.py:154} INFO - [2023-11-20T21:10:03.169+0500] {dag.py:3722} INFO - Setting next_dagrun for example_subdag_operator.section-2 to None, run_after=None
[2023-11-20T21:10:03.230+0500] {logging_mixin.py:154} INFO - [2023-11-20T21:10:03.224+0500] {dag.py:2941} INFO - Sync 2 DAGs
[2023-11-20T21:10:03.263+0500] {logging_mixin.py:154} INFO - [2023-11-20T21:10:03.262+0500] {dag.py:3722} INFO - Setting next_dagrun for example_subdag_operator.section-1 to None, run_after=None
[2023-11-20T21:10:03.265+0500] {logging_mixin.py:154} INFO - [2023-11-20T21:10:03.264+0500] {dag.py:3722} INFO - Setting next_dagrun for example_subdag_operator.section-2 to None, run_after=None
[2023-11-20T21:10:03.348+0500] {processor.py:179} INFO - Processing /usr/local/lib/python3.10/dist-packages/airflow/example_dags/example_subdag_operator.py took 0.670 seconds
[2023-11-20T21:10:33.715+0500] {processor.py:157} INFO - Started process (PID=29346) to work on /usr/local/lib/python3.10/dist-packages/airflow/example_dags/example_subdag_operator.py
[2023-11-20T21:10:33.718+0500] {processor.py:829} INFO - Processing file /usr/local/lib/python3.10/dist-packages/airflow/example_dags/example_subdag_operator.py for tasks to queue
[2023-11-20T21:10:33.721+0500] {logging_mixin.py:154} INFO - [2023-11-20T21:10:33.720+0500] {dagbag.py:536} INFO - Filling up the DagBag from /usr/local/lib/python3.10/dist-packages/airflow/example_dags/example_subdag_operator.py
[2023-11-20T21:10:33.840+0500] {processor.py:839} INFO - DAG(s) dict_keys(['example_subdag_operator.section-1', 'example_subdag_operator.section-2', 'example_subdag_operator']) retrieved from /usr/local/lib/python3.10/dist-packages/airflow/example_dags/example_subdag_operator.py
[2023-11-20T21:10:33.914+0500] {logging_mixin.py:154} INFO - [2023-11-20T21:10:33.913+0500] {dag.py:2941} INFO - Sync 3 DAGs
[2023-11-20T21:10:34.013+0500] {logging_mixin.py:154} INFO - [2023-11-20T21:10:34.012+0500] {dag.py:3722} INFO - Setting next_dagrun for example_subdag_operator to 2022-01-01T00:00:00+00:00, run_after=2022-01-01T00:00:00+00:00
[2023-11-20T21:10:34.027+0500] {logging_mixin.py:154} INFO - [2023-11-20T21:10:34.026+0500] {dag.py:3722} INFO - Setting next_dagrun for example_subdag_operator.section-1 to None, run_after=None
[2023-11-20T21:10:34.033+0500] {logging_mixin.py:154} INFO - [2023-11-20T21:10:34.032+0500] {dag.py:3722} INFO - Setting next_dagrun for example_subdag_operator.section-2 to None, run_after=None
[2023-11-20T21:10:34.066+0500] {logging_mixin.py:154} INFO - [2023-11-20T21:10:34.065+0500] {dag.py:2941} INFO - Sync 2 DAGs
[2023-11-20T21:10:34.089+0500] {logging_mixin.py:154} INFO - [2023-11-20T21:10:34.088+0500] {dag.py:3722} INFO - Setting next_dagrun for example_subdag_operator.section-1 to None, run_after=None
[2023-11-20T21:10:34.090+0500] {logging_mixin.py:154} INFO - [2023-11-20T21:10:34.090+0500] {dag.py:3722} INFO - Setting next_dagrun for example_subdag_operator.section-2 to None, run_after=None
[2023-11-20T21:10:34.136+0500] {processor.py:179} INFO - Processing /usr/local/lib/python3.10/dist-packages/airflow/example_dags/example_subdag_operator.py took 0.433 seconds
[2023-11-20T21:11:04.420+0500] {processor.py:157} INFO - Started process (PID=29501) to work on /usr/local/lib/python3.10/dist-packages/airflow/example_dags/example_subdag_operator.py
[2023-11-20T21:11:04.423+0500] {processor.py:829} INFO - Processing file /usr/local/lib/python3.10/dist-packages/airflow/example_dags/example_subdag_operator.py for tasks to queue
[2023-11-20T21:11:04.426+0500] {logging_mixin.py:154} INFO - [2023-11-20T21:11:04.425+0500] {dagbag.py:536} INFO - Filling up the DagBag from /usr/local/lib/python3.10/dist-packages/airflow/example_dags/example_subdag_operator.py
[2023-11-20T21:11:04.574+0500] {processor.py:839} INFO - DAG(s) dict_keys(['example_subdag_operator.section-1', 'example_subdag_operator.section-2', 'example_subdag_operator']) retrieved from /usr/local/lib/python3.10/dist-packages/airflow/example_dags/example_subdag_operator.py
[2023-11-20T21:11:04.671+0500] {logging_mixin.py:154} INFO - [2023-11-20T21:11:04.669+0500] {dag.py:2941} INFO - Sync 3 DAGs
[2023-11-20T21:11:04.807+0500] {logging_mixin.py:154} INFO - [2023-11-20T21:11:04.806+0500] {dag.py:3722} INFO - Setting next_dagrun for example_subdag_operator to 2022-01-01T00:00:00+00:00, run_after=2022-01-01T00:00:00+00:00
[2023-11-20T21:11:04.824+0500] {logging_mixin.py:154} INFO - [2023-11-20T21:11:04.823+0500] {dag.py:3722} INFO - Setting next_dagrun for example_subdag_operator.section-1 to None, run_after=None
[2023-11-20T21:11:04.829+0500] {logging_mixin.py:154} INFO - [2023-11-20T21:11:04.828+0500] {dag.py:3722} INFO - Setting next_dagrun for example_subdag_operator.section-2 to None, run_after=None
[2023-11-20T21:11:04.860+0500] {logging_mixin.py:154} INFO - [2023-11-20T21:11:04.859+0500] {dag.py:2941} INFO - Sync 2 DAGs
[2023-11-20T21:11:04.884+0500] {logging_mixin.py:154} INFO - [2023-11-20T21:11:04.883+0500] {dag.py:3722} INFO - Setting next_dagrun for example_subdag_operator.section-1 to None, run_after=None
[2023-11-20T21:11:04.886+0500] {logging_mixin.py:154} INFO - [2023-11-20T21:11:04.886+0500] {dag.py:3722} INFO - Setting next_dagrun for example_subdag_operator.section-2 to None, run_after=None
[2023-11-20T21:11:04.936+0500] {processor.py:179} INFO - Processing /usr/local/lib/python3.10/dist-packages/airflow/example_dags/example_subdag_operator.py took 0.528 seconds
[2023-11-20T21:11:39.289+0500] {processor.py:157} INFO - Started process (PID=29638) to work on /usr/local/lib/python3.10/dist-packages/airflow/example_dags/example_subdag_operator.py
[2023-11-20T21:11:39.293+0500] {processor.py:829} INFO - Processing file /usr/local/lib/python3.10/dist-packages/airflow/example_dags/example_subdag_operator.py for tasks to queue
[2023-11-20T21:11:39.297+0500] {logging_mixin.py:154} INFO - [2023-11-20T21:11:39.295+0500] {dagbag.py:536} INFO - Filling up the DagBag from /usr/local/lib/python3.10/dist-packages/airflow/example_dags/example_subdag_operator.py
[2023-11-20T21:11:39.515+0500] {processor.py:839} INFO - DAG(s) dict_keys(['example_subdag_operator.section-1', 'example_subdag_operator.section-2', 'example_subdag_operator']) retrieved from /usr/local/lib/python3.10/dist-packages/airflow/example_dags/example_subdag_operator.py
[2023-11-20T21:11:39.731+0500] {logging_mixin.py:154} INFO - [2023-11-20T21:11:39.730+0500] {dag.py:2941} INFO - Sync 3 DAGs
[2023-11-20T21:11:39.845+0500] {logging_mixin.py:154} INFO - [2023-11-20T21:11:39.844+0500] {dag.py:3722} INFO - Setting next_dagrun for example_subdag_operator to 2022-01-01T00:00:00+00:00, run_after=2022-01-01T00:00:00+00:00
[2023-11-20T21:11:39.862+0500] {logging_mixin.py:154} INFO - [2023-11-20T21:11:39.862+0500] {dag.py:3722} INFO - Setting next_dagrun for example_subdag_operator.section-1 to None, run_after=None
[2023-11-20T21:11:39.868+0500] {logging_mixin.py:154} INFO - [2023-11-20T21:11:39.867+0500] {dag.py:3722} INFO - Setting next_dagrun for example_subdag_operator.section-2 to None, run_after=None
[2023-11-20T21:11:39.900+0500] {logging_mixin.py:154} INFO - [2023-11-20T21:11:39.899+0500] {dag.py:2941} INFO - Sync 2 DAGs
[2023-11-20T21:11:39.927+0500] {logging_mixin.py:154} INFO - [2023-11-20T21:11:39.927+0500] {dag.py:3722} INFO - Setting next_dagrun for example_subdag_operator.section-1 to None, run_after=None
[2023-11-20T21:11:39.929+0500] {logging_mixin.py:154} INFO - [2023-11-20T21:11:39.929+0500] {dag.py:3722} INFO - Setting next_dagrun for example_subdag_operator.section-2 to None, run_after=None
[2023-11-20T21:11:39.984+0500] {processor.py:179} INFO - Processing /usr/local/lib/python3.10/dist-packages/airflow/example_dags/example_subdag_operator.py took 0.714 seconds
[2023-11-20T21:12:10.307+0500] {processor.py:157} INFO - Started process (PID=29847) to work on /usr/local/lib/python3.10/dist-packages/airflow/example_dags/example_subdag_operator.py
[2023-11-20T21:12:10.310+0500] {processor.py:829} INFO - Processing file /usr/local/lib/python3.10/dist-packages/airflow/example_dags/example_subdag_operator.py for tasks to queue
[2023-11-20T21:12:10.313+0500] {logging_mixin.py:154} INFO - [2023-11-20T21:12:10.312+0500] {dagbag.py:536} INFO - Filling up the DagBag from /usr/local/lib/python3.10/dist-packages/airflow/example_dags/example_subdag_operator.py
[2023-11-20T21:12:10.433+0500] {processor.py:839} INFO - DAG(s) dict_keys(['example_subdag_operator.section-1', 'example_subdag_operator.section-2', 'example_subdag_operator']) retrieved from /usr/local/lib/python3.10/dist-packages/airflow/example_dags/example_subdag_operator.py
[2023-11-20T21:12:10.507+0500] {logging_mixin.py:154} INFO - [2023-11-20T21:12:10.506+0500] {dag.py:2941} INFO - Sync 3 DAGs
[2023-11-20T21:12:10.602+0500] {logging_mixin.py:154} INFO - [2023-11-20T21:12:10.602+0500] {dag.py:3722} INFO - Setting next_dagrun for example_subdag_operator to 2022-01-01T00:00:00+00:00, run_after=2022-01-01T00:00:00+00:00
[2023-11-20T21:12:10.617+0500] {logging_mixin.py:154} INFO - [2023-11-20T21:12:10.617+0500] {dag.py:3722} INFO - Setting next_dagrun for example_subdag_operator.section-1 to None, run_after=None
[2023-11-20T21:12:10.623+0500] {logging_mixin.py:154} INFO - [2023-11-20T21:12:10.622+0500] {dag.py:3722} INFO - Setting next_dagrun for example_subdag_operator.section-2 to None, run_after=None
[2023-11-20T21:12:10.652+0500] {logging_mixin.py:154} INFO - [2023-11-20T21:12:10.651+0500] {dag.py:2941} INFO - Sync 2 DAGs
[2023-11-20T21:12:10.676+0500] {logging_mixin.py:154} INFO - [2023-11-20T21:12:10.675+0500] {dag.py:3722} INFO - Setting next_dagrun for example_subdag_operator.section-1 to None, run_after=None
[2023-11-20T21:12:10.678+0500] {logging_mixin.py:154} INFO - [2023-11-20T21:12:10.677+0500] {dag.py:3722} INFO - Setting next_dagrun for example_subdag_operator.section-2 to None, run_after=None
[2023-11-20T21:12:10.728+0500] {processor.py:179} INFO - Processing /usr/local/lib/python3.10/dist-packages/airflow/example_dags/example_subdag_operator.py took 0.433 seconds
[2023-11-20T21:12:41.666+0500] {processor.py:157} INFO - Started process (PID=30071) to work on /usr/local/lib/python3.10/dist-packages/airflow/example_dags/example_subdag_operator.py
[2023-11-20T21:12:41.670+0500] {processor.py:829} INFO - Processing file /usr/local/lib/python3.10/dist-packages/airflow/example_dags/example_subdag_operator.py for tasks to queue
[2023-11-20T21:12:41.673+0500] {logging_mixin.py:154} INFO - [2023-11-20T21:12:41.672+0500] {dagbag.py:536} INFO - Filling up the DagBag from /usr/local/lib/python3.10/dist-packages/airflow/example_dags/example_subdag_operator.py
[2023-11-20T21:12:41.800+0500] {processor.py:839} INFO - DAG(s) dict_keys(['example_subdag_operator.section-1', 'example_subdag_operator.section-2', 'example_subdag_operator']) retrieved from /usr/local/lib/python3.10/dist-packages/airflow/example_dags/example_subdag_operator.py
[2023-11-20T21:12:41.875+0500] {logging_mixin.py:154} INFO - [2023-11-20T21:12:41.875+0500] {dag.py:2941} INFO - Sync 3 DAGs
[2023-11-20T21:12:41.983+0500] {logging_mixin.py:154} INFO - [2023-11-20T21:12:41.982+0500] {dag.py:3722} INFO - Setting next_dagrun for example_subdag_operator to 2022-01-01T00:00:00+00:00, run_after=2022-01-01T00:00:00+00:00
[2023-11-20T21:12:42.004+0500] {logging_mixin.py:154} INFO - [2023-11-20T21:12:42.003+0500] {dag.py:3722} INFO - Setting next_dagrun for example_subdag_operator.section-1 to None, run_after=None
[2023-11-20T21:12:42.010+0500] {logging_mixin.py:154} INFO - [2023-11-20T21:12:42.009+0500] {dag.py:3722} INFO - Setting next_dagrun for example_subdag_operator.section-2 to None, run_after=None
[2023-11-20T21:12:42.040+0500] {logging_mixin.py:154} INFO - [2023-11-20T21:12:42.039+0500] {dag.py:2941} INFO - Sync 2 DAGs
[2023-11-20T21:12:42.065+0500] {logging_mixin.py:154} INFO - [2023-11-20T21:12:42.064+0500] {dag.py:3722} INFO - Setting next_dagrun for example_subdag_operator.section-1 to None, run_after=None
[2023-11-20T21:12:42.066+0500] {logging_mixin.py:154} INFO - [2023-11-20T21:12:42.066+0500] {dag.py:3722} INFO - Setting next_dagrun for example_subdag_operator.section-2 to None, run_after=None
[2023-11-20T21:12:42.115+0500] {processor.py:179} INFO - Processing /usr/local/lib/python3.10/dist-packages/airflow/example_dags/example_subdag_operator.py took 0.461 seconds
[2023-11-20T21:13:14.895+0500] {processor.py:157} INFO - Started process (PID=30204) to work on /usr/local/lib/python3.10/dist-packages/airflow/example_dags/example_subdag_operator.py
[2023-11-20T21:13:14.898+0500] {processor.py:829} INFO - Processing file /usr/local/lib/python3.10/dist-packages/airflow/example_dags/example_subdag_operator.py for tasks to queue
[2023-11-20T21:13:14.901+0500] {logging_mixin.py:154} INFO - [2023-11-20T21:13:14.900+0500] {dagbag.py:536} INFO - Filling up the DagBag from /usr/local/lib/python3.10/dist-packages/airflow/example_dags/example_subdag_operator.py
[2023-11-20T21:13:15.013+0500] {processor.py:839} INFO - DAG(s) dict_keys(['example_subdag_operator.section-1', 'example_subdag_operator.section-2', 'example_subdag_operator']) retrieved from /usr/local/lib/python3.10/dist-packages/airflow/example_dags/example_subdag_operator.py
[2023-11-20T21:13:15.087+0500] {logging_mixin.py:154} INFO - [2023-11-20T21:13:15.086+0500] {dag.py:2941} INFO - Sync 3 DAGs
[2023-11-20T21:13:15.187+0500] {logging_mixin.py:154} INFO - [2023-11-20T21:13:15.186+0500] {dag.py:3722} INFO - Setting next_dagrun for example_subdag_operator to 2022-01-01T00:00:00+00:00, run_after=2022-01-01T00:00:00+00:00
[2023-11-20T21:13:15.202+0500] {logging_mixin.py:154} INFO - [2023-11-20T21:13:15.202+0500] {dag.py:3722} INFO - Setting next_dagrun for example_subdag_operator.section-1 to None, run_after=None
[2023-11-20T21:13:15.208+0500] {logging_mixin.py:154} INFO - [2023-11-20T21:13:15.207+0500] {dag.py:3722} INFO - Setting next_dagrun for example_subdag_operator.section-2 to None, run_after=None
[2023-11-20T21:13:15.238+0500] {logging_mixin.py:154} INFO - [2023-11-20T21:13:15.237+0500] {dag.py:2941} INFO - Sync 2 DAGs
[2023-11-20T21:13:15.266+0500] {logging_mixin.py:154} INFO - [2023-11-20T21:13:15.266+0500] {dag.py:3722} INFO - Setting next_dagrun for example_subdag_operator.section-1 to None, run_after=None
[2023-11-20T21:13:15.268+0500] {logging_mixin.py:154} INFO - [2023-11-20T21:13:15.267+0500] {dag.py:3722} INFO - Setting next_dagrun for example_subdag_operator.section-2 to None, run_after=None
[2023-11-20T21:13:15.316+0500] {processor.py:179} INFO - Processing /usr/local/lib/python3.10/dist-packages/airflow/example_dags/example_subdag_operator.py took 0.432 seconds
[2023-11-20T21:13:46.057+0500] {processor.py:157} INFO - Started process (PID=30336) to work on /usr/local/lib/python3.10/dist-packages/airflow/example_dags/example_subdag_operator.py
[2023-11-20T21:13:46.061+0500] {processor.py:829} INFO - Processing file /usr/local/lib/python3.10/dist-packages/airflow/example_dags/example_subdag_operator.py for tasks to queue
[2023-11-20T21:13:46.064+0500] {logging_mixin.py:154} INFO - [2023-11-20T21:13:46.063+0500] {dagbag.py:536} INFO - Filling up the DagBag from /usr/local/lib/python3.10/dist-packages/airflow/example_dags/example_subdag_operator.py
[2023-11-20T21:13:46.183+0500] {processor.py:839} INFO - DAG(s) dict_keys(['example_subdag_operator.section-1', 'example_subdag_operator.section-2', 'example_subdag_operator']) retrieved from /usr/local/lib/python3.10/dist-packages/airflow/example_dags/example_subdag_operator.py
[2023-11-20T21:13:46.263+0500] {logging_mixin.py:154} INFO - [2023-11-20T21:13:46.262+0500] {dag.py:2941} INFO - Sync 3 DAGs
[2023-11-20T21:13:46.368+0500] {logging_mixin.py:154} INFO - [2023-11-20T21:13:46.367+0500] {dag.py:3722} INFO - Setting next_dagrun for example_subdag_operator to 2022-01-01T00:00:00+00:00, run_after=2022-01-01T00:00:00+00:00
[2023-11-20T21:13:46.385+0500] {logging_mixin.py:154} INFO - [2023-11-20T21:13:46.384+0500] {dag.py:3722} INFO - Setting next_dagrun for example_subdag_operator.section-1 to None, run_after=None
[2023-11-20T21:13:46.391+0500] {logging_mixin.py:154} INFO - [2023-11-20T21:13:46.390+0500] {dag.py:3722} INFO - Setting next_dagrun for example_subdag_operator.section-2 to None, run_after=None
[2023-11-20T21:13:46.422+0500] {logging_mixin.py:154} INFO - [2023-11-20T21:13:46.421+0500] {dag.py:2941} INFO - Sync 2 DAGs
[2023-11-20T21:13:46.446+0500] {logging_mixin.py:154} INFO - [2023-11-20T21:13:46.445+0500] {dag.py:3722} INFO - Setting next_dagrun for example_subdag_operator.section-1 to None, run_after=None
[2023-11-20T21:13:46.448+0500] {logging_mixin.py:154} INFO - [2023-11-20T21:13:46.447+0500] {dag.py:3722} INFO - Setting next_dagrun for example_subdag_operator.section-2 to None, run_after=None
[2023-11-20T21:13:46.496+0500] {processor.py:179} INFO - Processing /usr/local/lib/python3.10/dist-packages/airflow/example_dags/example_subdag_operator.py took 0.451 seconds
[2023-11-20T21:14:17.123+0500] {processor.py:157} INFO - Started process (PID=30439) to work on /usr/local/lib/python3.10/dist-packages/airflow/example_dags/example_subdag_operator.py
[2023-11-20T21:14:17.125+0500] {processor.py:829} INFO - Processing file /usr/local/lib/python3.10/dist-packages/airflow/example_dags/example_subdag_operator.py for tasks to queue
[2023-11-20T21:14:17.129+0500] {logging_mixin.py:154} INFO - [2023-11-20T21:14:17.127+0500] {dagbag.py:536} INFO - Filling up the DagBag from /usr/local/lib/python3.10/dist-packages/airflow/example_dags/example_subdag_operator.py
[2023-11-20T21:14:17.247+0500] {processor.py:839} INFO - DAG(s) dict_keys(['example_subdag_operator.section-1', 'example_subdag_operator.section-2', 'example_subdag_operator']) retrieved from /usr/local/lib/python3.10/dist-packages/airflow/example_dags/example_subdag_operator.py
[2023-11-20T21:14:17.321+0500] {logging_mixin.py:154} INFO - [2023-11-20T21:14:17.320+0500] {dag.py:2941} INFO - Sync 3 DAGs
[2023-11-20T21:14:17.421+0500] {logging_mixin.py:154} INFO - [2023-11-20T21:14:17.420+0500] {dag.py:3722} INFO - Setting next_dagrun for example_subdag_operator to 2022-01-01T00:00:00+00:00, run_after=2022-01-01T00:00:00+00:00
[2023-11-20T21:14:17.435+0500] {logging_mixin.py:154} INFO - [2023-11-20T21:14:17.434+0500] {dag.py:3722} INFO - Setting next_dagrun for example_subdag_operator.section-1 to None, run_after=None
[2023-11-20T21:14:17.441+0500] {logging_mixin.py:154} INFO - [2023-11-20T21:14:17.440+0500] {dag.py:3722} INFO - Setting next_dagrun for example_subdag_operator.section-2 to None, run_after=None
[2023-11-20T21:14:17.470+0500] {logging_mixin.py:154} INFO - [2023-11-20T21:14:17.469+0500] {dag.py:2941} INFO - Sync 2 DAGs
[2023-11-20T21:14:17.501+0500] {logging_mixin.py:154} INFO - [2023-11-20T21:14:17.500+0500] {dag.py:3722} INFO - Setting next_dagrun for example_subdag_operator.section-1 to None, run_after=None
[2023-11-20T21:14:17.502+0500] {logging_mixin.py:154} INFO - [2023-11-20T21:14:17.502+0500] {dag.py:3722} INFO - Setting next_dagrun for example_subdag_operator.section-2 to None, run_after=None
[2023-11-20T21:14:17.551+0500] {processor.py:179} INFO - Processing /usr/local/lib/python3.10/dist-packages/airflow/example_dags/example_subdag_operator.py took 0.440 seconds
[2023-11-20T21:14:52.454+0500] {processor.py:157} INFO - Started process (PID=30557) to work on /usr/local/lib/python3.10/dist-packages/airflow/example_dags/example_subdag_operator.py
[2023-11-20T21:14:52.472+0500] {processor.py:829} INFO - Processing file /usr/local/lib/python3.10/dist-packages/airflow/example_dags/example_subdag_operator.py for tasks to queue
[2023-11-20T21:14:52.475+0500] {logging_mixin.py:154} INFO - [2023-11-20T21:14:52.474+0500] {dagbag.py:536} INFO - Filling up the DagBag from /usr/local/lib/python3.10/dist-packages/airflow/example_dags/example_subdag_operator.py
[2023-11-20T21:14:52.782+0500] {processor.py:839} INFO - DAG(s) dict_keys(['example_subdag_operator.section-1', 'example_subdag_operator.section-2', 'example_subdag_operator']) retrieved from /usr/local/lib/python3.10/dist-packages/airflow/example_dags/example_subdag_operator.py
[2023-11-20T21:14:53.259+0500] {logging_mixin.py:154} INFO - [2023-11-20T21:14:53.258+0500] {dag.py:2941} INFO - Sync 3 DAGs
[2023-11-20T21:14:53.561+0500] {logging_mixin.py:154} INFO - [2023-11-20T21:14:53.560+0500] {dag.py:3722} INFO - Setting next_dagrun for example_subdag_operator to 2022-01-01T00:00:00+00:00, run_after=2022-01-01T00:00:00+00:00
[2023-11-20T21:14:53.611+0500] {logging_mixin.py:154} INFO - [2023-11-20T21:14:53.610+0500] {dag.py:3722} INFO - Setting next_dagrun for example_subdag_operator.section-1 to None, run_after=None
[2023-11-20T21:14:53.626+0500] {logging_mixin.py:154} INFO - [2023-11-20T21:14:53.625+0500] {dag.py:3722} INFO - Setting next_dagrun for example_subdag_operator.section-2 to None, run_after=None
[2023-11-20T21:14:53.711+0500] {logging_mixin.py:154} INFO - [2023-11-20T21:14:53.710+0500] {dag.py:2941} INFO - Sync 2 DAGs
[2023-11-20T21:14:53.747+0500] {logging_mixin.py:154} INFO - [2023-11-20T21:14:53.747+0500] {dag.py:3722} INFO - Setting next_dagrun for example_subdag_operator.section-1 to None, run_after=None
[2023-11-20T21:14:53.749+0500] {logging_mixin.py:154} INFO - [2023-11-20T21:14:53.749+0500] {dag.py:3722} INFO - Setting next_dagrun for example_subdag_operator.section-2 to None, run_after=None
[2023-11-20T21:14:53.862+0500] {processor.py:179} INFO - Processing /usr/local/lib/python3.10/dist-packages/airflow/example_dags/example_subdag_operator.py took 1.442 seconds
[2023-11-20T21:15:24.106+0500] {processor.py:157} INFO - Started process (PID=30918) to work on /usr/local/lib/python3.10/dist-packages/airflow/example_dags/example_subdag_operator.py
[2023-11-20T21:15:24.110+0500] {processor.py:829} INFO - Processing file /usr/local/lib/python3.10/dist-packages/airflow/example_dags/example_subdag_operator.py for tasks to queue
[2023-11-20T21:15:24.113+0500] {logging_mixin.py:154} INFO - [2023-11-20T21:15:24.112+0500] {dagbag.py:536} INFO - Filling up the DagBag from /usr/local/lib/python3.10/dist-packages/airflow/example_dags/example_subdag_operator.py
[2023-11-20T21:15:24.231+0500] {processor.py:839} INFO - DAG(s) dict_keys(['example_subdag_operator.section-1', 'example_subdag_operator.section-2', 'example_subdag_operator']) retrieved from /usr/local/lib/python3.10/dist-packages/airflow/example_dags/example_subdag_operator.py
[2023-11-20T21:15:24.314+0500] {logging_mixin.py:154} INFO - [2023-11-20T21:15:24.313+0500] {dag.py:2941} INFO - Sync 3 DAGs
[2023-11-20T21:15:24.447+0500] {logging_mixin.py:154} INFO - [2023-11-20T21:15:24.446+0500] {dag.py:3722} INFO - Setting next_dagrun for example_subdag_operator to 2022-01-01T00:00:00+00:00, run_after=2022-01-01T00:00:00+00:00
[2023-11-20T21:15:24.464+0500] {logging_mixin.py:154} INFO - [2023-11-20T21:15:24.463+0500] {dag.py:3722} INFO - Setting next_dagrun for example_subdag_operator.section-1 to None, run_after=None
[2023-11-20T21:15:24.470+0500] {logging_mixin.py:154} INFO - [2023-11-20T21:15:24.470+0500] {dag.py:3722} INFO - Setting next_dagrun for example_subdag_operator.section-2 to None, run_after=None
[2023-11-20T21:15:24.505+0500] {logging_mixin.py:154} INFO - [2023-11-20T21:15:24.504+0500] {dag.py:2941} INFO - Sync 2 DAGs
[2023-11-20T21:15:24.532+0500] {logging_mixin.py:154} INFO - [2023-11-20T21:15:24.531+0500] {dag.py:3722} INFO - Setting next_dagrun for example_subdag_operator.section-1 to None, run_after=None
[2023-11-20T21:15:24.534+0500] {logging_mixin.py:154} INFO - [2023-11-20T21:15:24.533+0500] {dag.py:3722} INFO - Setting next_dagrun for example_subdag_operator.section-2 to None, run_after=None
[2023-11-20T21:15:24.593+0500] {processor.py:179} INFO - Processing /usr/local/lib/python3.10/dist-packages/airflow/example_dags/example_subdag_operator.py took 0.498 seconds
[2023-11-20T21:15:55.123+0500] {processor.py:157} INFO - Started process (PID=31108) to work on /usr/local/lib/python3.10/dist-packages/airflow/example_dags/example_subdag_operator.py
[2023-11-20T21:15:55.126+0500] {processor.py:829} INFO - Processing file /usr/local/lib/python3.10/dist-packages/airflow/example_dags/example_subdag_operator.py for tasks to queue
[2023-11-20T21:15:55.130+0500] {logging_mixin.py:154} INFO - [2023-11-20T21:15:55.129+0500] {dagbag.py:536} INFO - Filling up the DagBag from /usr/local/lib/python3.10/dist-packages/airflow/example_dags/example_subdag_operator.py
[2023-11-20T21:15:55.253+0500] {processor.py:839} INFO - DAG(s) dict_keys(['example_subdag_operator.section-1', 'example_subdag_operator.section-2', 'example_subdag_operator']) retrieved from /usr/local/lib/python3.10/dist-packages/airflow/example_dags/example_subdag_operator.py
[2023-11-20T21:15:55.332+0500] {logging_mixin.py:154} INFO - [2023-11-20T21:15:55.331+0500] {dag.py:2941} INFO - Sync 3 DAGs
[2023-11-20T21:15:55.437+0500] {logging_mixin.py:154} INFO - [2023-11-20T21:15:55.436+0500] {dag.py:3722} INFO - Setting next_dagrun for example_subdag_operator to 2022-01-01T00:00:00+00:00, run_after=2022-01-01T00:00:00+00:00
[2023-11-20T21:15:55.456+0500] {logging_mixin.py:154} INFO - [2023-11-20T21:15:55.455+0500] {dag.py:3722} INFO - Setting next_dagrun for example_subdag_operator.section-1 to None, run_after=None
[2023-11-20T21:15:55.461+0500] {logging_mixin.py:154} INFO - [2023-11-20T21:15:55.461+0500] {dag.py:3722} INFO - Setting next_dagrun for example_subdag_operator.section-2 to None, run_after=None
[2023-11-20T21:15:55.491+0500] {logging_mixin.py:154} INFO - [2023-11-20T21:15:55.490+0500] {dag.py:2941} INFO - Sync 2 DAGs
[2023-11-20T21:15:55.515+0500] {logging_mixin.py:154} INFO - [2023-11-20T21:15:55.514+0500] {dag.py:3722} INFO - Setting next_dagrun for example_subdag_operator.section-1 to None, run_after=None
[2023-11-20T21:15:55.516+0500] {logging_mixin.py:154} INFO - [2023-11-20T21:15:55.516+0500] {dag.py:3722} INFO - Setting next_dagrun for example_subdag_operator.section-2 to None, run_after=None
[2023-11-20T21:15:55.564+0500] {processor.py:179} INFO - Processing /usr/local/lib/python3.10/dist-packages/airflow/example_dags/example_subdag_operator.py took 0.453 seconds
[2023-11-20T21:16:25.656+0500] {processor.py:157} INFO - Started process (PID=31208) to work on /usr/local/lib/python3.10/dist-packages/airflow/example_dags/example_subdag_operator.py
[2023-11-20T21:16:25.659+0500] {processor.py:829} INFO - Processing file /usr/local/lib/python3.10/dist-packages/airflow/example_dags/example_subdag_operator.py for tasks to queue
[2023-11-20T21:16:25.663+0500] {logging_mixin.py:154} INFO - [2023-11-20T21:16:25.661+0500] {dagbag.py:536} INFO - Filling up the DagBag from /usr/local/lib/python3.10/dist-packages/airflow/example_dags/example_subdag_operator.py
[2023-11-20T21:16:25.782+0500] {processor.py:839} INFO - DAG(s) dict_keys(['example_subdag_operator.section-1', 'example_subdag_operator.section-2', 'example_subdag_operator']) retrieved from /usr/local/lib/python3.10/dist-packages/airflow/example_dags/example_subdag_operator.py
[2023-11-20T21:16:25.858+0500] {logging_mixin.py:154} INFO - [2023-11-20T21:16:25.857+0500] {dag.py:2941} INFO - Sync 3 DAGs
[2023-11-20T21:16:25.958+0500] {logging_mixin.py:154} INFO - [2023-11-20T21:16:25.958+0500] {dag.py:3722} INFO - Setting next_dagrun for example_subdag_operator to 2022-01-01T00:00:00+00:00, run_after=2022-01-01T00:00:00+00:00
[2023-11-20T21:16:25.975+0500] {logging_mixin.py:154} INFO - [2023-11-20T21:16:25.974+0500] {dag.py:3722} INFO - Setting next_dagrun for example_subdag_operator.section-1 to None, run_after=None
[2023-11-20T21:16:25.981+0500] {logging_mixin.py:154} INFO - [2023-11-20T21:16:25.980+0500] {dag.py:3722} INFO - Setting next_dagrun for example_subdag_operator.section-2 to None, run_after=None
[2023-11-20T21:16:26.012+0500] {logging_mixin.py:154} INFO - [2023-11-20T21:16:26.011+0500] {dag.py:2941} INFO - Sync 2 DAGs
[2023-11-20T21:16:26.036+0500] {logging_mixin.py:154} INFO - [2023-11-20T21:16:26.035+0500] {dag.py:3722} INFO - Setting next_dagrun for example_subdag_operator.section-1 to None, run_after=None
[2023-11-20T21:16:26.037+0500] {logging_mixin.py:154} INFO - [2023-11-20T21:16:26.037+0500] {dag.py:3722} INFO - Setting next_dagrun for example_subdag_operator.section-2 to None, run_after=None
[2023-11-20T21:16:26.085+0500] {processor.py:179} INFO - Processing /usr/local/lib/python3.10/dist-packages/airflow/example_dags/example_subdag_operator.py took 0.442 seconds
[2023-11-20T21:16:56.420+0500] {processor.py:157} INFO - Started process (PID=31312) to work on /usr/local/lib/python3.10/dist-packages/airflow/example_dags/example_subdag_operator.py
[2023-11-20T21:16:56.423+0500] {processor.py:829} INFO - Processing file /usr/local/lib/python3.10/dist-packages/airflow/example_dags/example_subdag_operator.py for tasks to queue
[2023-11-20T21:16:56.426+0500] {logging_mixin.py:154} INFO - [2023-11-20T21:16:56.425+0500] {dagbag.py:536} INFO - Filling up the DagBag from /usr/local/lib/python3.10/dist-packages/airflow/example_dags/example_subdag_operator.py
[2023-11-20T21:16:56.555+0500] {processor.py:839} INFO - DAG(s) dict_keys(['example_subdag_operator.section-1', 'example_subdag_operator.section-2', 'example_subdag_operator']) retrieved from /usr/local/lib/python3.10/dist-packages/airflow/example_dags/example_subdag_operator.py
[2023-11-20T21:16:56.646+0500] {logging_mixin.py:154} INFO - [2023-11-20T21:16:56.645+0500] {dag.py:2941} INFO - Sync 3 DAGs
[2023-11-20T21:16:56.778+0500] {logging_mixin.py:154} INFO - [2023-11-20T21:16:56.777+0500] {dag.py:3722} INFO - Setting next_dagrun for example_subdag_operator to 2022-01-01T00:00:00+00:00, run_after=2022-01-01T00:00:00+00:00
[2023-11-20T21:16:56.794+0500] {logging_mixin.py:154} INFO - [2023-11-20T21:16:56.793+0500] {dag.py:3722} INFO - Setting next_dagrun for example_subdag_operator.section-1 to None, run_after=None
[2023-11-20T21:16:56.801+0500] {logging_mixin.py:154} INFO - [2023-11-20T21:16:56.800+0500] {dag.py:3722} INFO - Setting next_dagrun for example_subdag_operator.section-2 to None, run_after=None
[2023-11-20T21:16:56.845+0500] {logging_mixin.py:154} INFO - [2023-11-20T21:16:56.844+0500] {dag.py:2941} INFO - Sync 2 DAGs
[2023-11-20T21:16:56.871+0500] {logging_mixin.py:154} INFO - [2023-11-20T21:16:56.871+0500] {dag.py:3722} INFO - Setting next_dagrun for example_subdag_operator.section-1 to None, run_after=None
[2023-11-20T21:16:56.876+0500] {logging_mixin.py:154} INFO - [2023-11-20T21:16:56.873+0500] {dag.py:3722} INFO - Setting next_dagrun for example_subdag_operator.section-2 to None, run_after=None
[2023-11-20T21:16:56.940+0500] {processor.py:179} INFO - Processing /usr/local/lib/python3.10/dist-packages/airflow/example_dags/example_subdag_operator.py took 0.532 seconds
[2023-11-20T21:17:27.173+0500] {processor.py:157} INFO - Started process (PID=31440) to work on /usr/local/lib/python3.10/dist-packages/airflow/example_dags/example_subdag_operator.py
[2023-11-20T21:17:27.176+0500] {processor.py:829} INFO - Processing file /usr/local/lib/python3.10/dist-packages/airflow/example_dags/example_subdag_operator.py for tasks to queue
[2023-11-20T21:17:27.179+0500] {logging_mixin.py:154} INFO - [2023-11-20T21:17:27.178+0500] {dagbag.py:536} INFO - Filling up the DagBag from /usr/local/lib/python3.10/dist-packages/airflow/example_dags/example_subdag_operator.py
[2023-11-20T21:17:27.301+0500] {processor.py:839} INFO - DAG(s) dict_keys(['example_subdag_operator.section-1', 'example_subdag_operator.section-2', 'example_subdag_operator']) retrieved from /usr/local/lib/python3.10/dist-packages/airflow/example_dags/example_subdag_operator.py
[2023-11-20T21:17:27.374+0500] {logging_mixin.py:154} INFO - [2023-11-20T21:17:27.373+0500] {dag.py:2941} INFO - Sync 3 DAGs
[2023-11-20T21:17:27.471+0500] {logging_mixin.py:154} INFO - [2023-11-20T21:17:27.470+0500] {dag.py:3722} INFO - Setting next_dagrun for example_subdag_operator to 2022-01-01T00:00:00+00:00, run_after=2022-01-01T00:00:00+00:00
[2023-11-20T21:17:27.486+0500] {logging_mixin.py:154} INFO - [2023-11-20T21:17:27.486+0500] {dag.py:3722} INFO - Setting next_dagrun for example_subdag_operator.section-1 to None, run_after=None
[2023-11-20T21:17:27.492+0500] {logging_mixin.py:154} INFO - [2023-11-20T21:17:27.491+0500] {dag.py:3722} INFO - Setting next_dagrun for example_subdag_operator.section-2 to None, run_after=None
[2023-11-20T21:17:27.520+0500] {logging_mixin.py:154} INFO - [2023-11-20T21:17:27.520+0500] {dag.py:2941} INFO - Sync 2 DAGs
[2023-11-20T21:17:27.544+0500] {logging_mixin.py:154} INFO - [2023-11-20T21:17:27.543+0500] {dag.py:3722} INFO - Setting next_dagrun for example_subdag_operator.section-1 to None, run_after=None
[2023-11-20T21:17:27.545+0500] {logging_mixin.py:154} INFO - [2023-11-20T21:17:27.545+0500] {dag.py:3722} INFO - Setting next_dagrun for example_subdag_operator.section-2 to None, run_after=None
[2023-11-20T21:17:27.592+0500] {processor.py:179} INFO - Processing /usr/local/lib/python3.10/dist-packages/airflow/example_dags/example_subdag_operator.py took 0.431 seconds
[2023-11-20T21:17:57.917+0500] {processor.py:157} INFO - Started process (PID=31550) to work on /usr/local/lib/python3.10/dist-packages/airflow/example_dags/example_subdag_operator.py
[2023-11-20T21:17:57.920+0500] {processor.py:829} INFO - Processing file /usr/local/lib/python3.10/dist-packages/airflow/example_dags/example_subdag_operator.py for tasks to queue
[2023-11-20T21:17:57.923+0500] {logging_mixin.py:154} INFO - [2023-11-20T21:17:57.922+0500] {dagbag.py:536} INFO - Filling up the DagBag from /usr/local/lib/python3.10/dist-packages/airflow/example_dags/example_subdag_operator.py
[2023-11-20T21:17:58.050+0500] {processor.py:839} INFO - DAG(s) dict_keys(['example_subdag_operator.section-1', 'example_subdag_operator.section-2', 'example_subdag_operator']) retrieved from /usr/local/lib/python3.10/dist-packages/airflow/example_dags/example_subdag_operator.py
[2023-11-20T21:17:58.133+0500] {logging_mixin.py:154} INFO - [2023-11-20T21:17:58.132+0500] {dag.py:2941} INFO - Sync 3 DAGs
[2023-11-20T21:17:58.238+0500] {logging_mixin.py:154} INFO - [2023-11-20T21:17:58.237+0500] {dag.py:3722} INFO - Setting next_dagrun for example_subdag_operator to 2022-01-01T00:00:00+00:00, run_after=2022-01-01T00:00:00+00:00
[2023-11-20T21:17:58.257+0500] {logging_mixin.py:154} INFO - [2023-11-20T21:17:58.256+0500] {dag.py:3722} INFO - Setting next_dagrun for example_subdag_operator.section-1 to None, run_after=None
[2023-11-20T21:17:58.262+0500] {logging_mixin.py:154} INFO - [2023-11-20T21:17:58.261+0500] {dag.py:3722} INFO - Setting next_dagrun for example_subdag_operator.section-2 to None, run_after=None
[2023-11-20T21:17:58.296+0500] {logging_mixin.py:154} INFO - [2023-11-20T21:17:58.295+0500] {dag.py:2941} INFO - Sync 2 DAGs
[2023-11-20T21:17:58.319+0500] {logging_mixin.py:154} INFO - [2023-11-20T21:17:58.319+0500] {dag.py:3722} INFO - Setting next_dagrun for example_subdag_operator.section-1 to None, run_after=None
[2023-11-20T21:17:58.321+0500] {logging_mixin.py:154} INFO - [2023-11-20T21:17:58.320+0500] {dag.py:3722} INFO - Setting next_dagrun for example_subdag_operator.section-2 to None, run_after=None
[2023-11-20T21:17:58.368+0500] {processor.py:179} INFO - Processing /usr/local/lib/python3.10/dist-packages/airflow/example_dags/example_subdag_operator.py took 0.463 seconds
[2023-11-20T21:18:31.163+0500] {processor.py:157} INFO - Started process (PID=31653) to work on /usr/local/lib/python3.10/dist-packages/airflow/example_dags/example_subdag_operator.py
[2023-11-20T21:18:31.170+0500] {processor.py:829} INFO - Processing file /usr/local/lib/python3.10/dist-packages/airflow/example_dags/example_subdag_operator.py for tasks to queue
[2023-11-20T21:18:31.174+0500] {logging_mixin.py:154} INFO - [2023-11-20T21:18:31.172+0500] {dagbag.py:536} INFO - Filling up the DagBag from /usr/local/lib/python3.10/dist-packages/airflow/example_dags/example_subdag_operator.py
[2023-11-20T21:18:31.344+0500] {processor.py:839} INFO - DAG(s) dict_keys(['example_subdag_operator.section-1', 'example_subdag_operator.section-2', 'example_subdag_operator']) retrieved from /usr/local/lib/python3.10/dist-packages/airflow/example_dags/example_subdag_operator.py
[2023-11-20T21:18:31.507+0500] {logging_mixin.py:154} INFO - [2023-11-20T21:18:31.506+0500] {dag.py:2941} INFO - Sync 3 DAGs
[2023-11-20T21:18:31.643+0500] {logging_mixin.py:154} INFO - [2023-11-20T21:18:31.642+0500] {dag.py:3722} INFO - Setting next_dagrun for example_subdag_operator to 2022-01-01T00:00:00+00:00, run_after=2022-01-01T00:00:00+00:00
[2023-11-20T21:18:31.658+0500] {logging_mixin.py:154} INFO - [2023-11-20T21:18:31.657+0500] {dag.py:3722} INFO - Setting next_dagrun for example_subdag_operator.section-1 to None, run_after=None
[2023-11-20T21:18:31.664+0500] {logging_mixin.py:154} INFO - [2023-11-20T21:18:31.663+0500] {dag.py:3722} INFO - Setting next_dagrun for example_subdag_operator.section-2 to None, run_after=None
[2023-11-20T21:18:31.702+0500] {logging_mixin.py:154} INFO - [2023-11-20T21:18:31.702+0500] {dag.py:2941} INFO - Sync 2 DAGs
[2023-11-20T21:18:31.726+0500] {logging_mixin.py:154} INFO - [2023-11-20T21:18:31.726+0500] {dag.py:3722} INFO - Setting next_dagrun for example_subdag_operator.section-1 to None, run_after=None
[2023-11-20T21:18:31.728+0500] {logging_mixin.py:154} INFO - [2023-11-20T21:18:31.728+0500] {dag.py:3722} INFO - Setting next_dagrun for example_subdag_operator.section-2 to None, run_after=None
[2023-11-20T21:18:31.784+0500] {processor.py:179} INFO - Processing /usr/local/lib/python3.10/dist-packages/airflow/example_dags/example_subdag_operator.py took 0.653 seconds
[2023-11-20T21:19:03.399+0500] {processor.py:157} INFO - Started process (PID=31760) to work on /usr/local/lib/python3.10/dist-packages/airflow/example_dags/example_subdag_operator.py
[2023-11-20T21:19:03.405+0500] {processor.py:829} INFO - Processing file /usr/local/lib/python3.10/dist-packages/airflow/example_dags/example_subdag_operator.py for tasks to queue
[2023-11-20T21:19:03.416+0500] {logging_mixin.py:154} INFO - [2023-11-20T21:19:03.406+0500] {dagbag.py:536} INFO - Filling up the DagBag from /usr/local/lib/python3.10/dist-packages/airflow/example_dags/example_subdag_operator.py
[2023-11-20T21:19:03.554+0500] {processor.py:839} INFO - DAG(s) dict_keys(['example_subdag_operator.section-1', 'example_subdag_operator.section-2', 'example_subdag_operator']) retrieved from /usr/local/lib/python3.10/dist-packages/airflow/example_dags/example_subdag_operator.py
[2023-11-20T21:19:03.632+0500] {logging_mixin.py:154} INFO - [2023-11-20T21:19:03.631+0500] {dag.py:2941} INFO - Sync 3 DAGs
[2023-11-20T21:19:03.740+0500] {logging_mixin.py:154} INFO - [2023-11-20T21:19:03.739+0500] {dag.py:3722} INFO - Setting next_dagrun for example_subdag_operator to 2022-01-01T00:00:00+00:00, run_after=2022-01-01T00:00:00+00:00
[2023-11-20T21:19:03.764+0500] {logging_mixin.py:154} INFO - [2023-11-20T21:19:03.763+0500] {dag.py:3722} INFO - Setting next_dagrun for example_subdag_operator.section-1 to None, run_after=None
[2023-11-20T21:19:03.770+0500] {logging_mixin.py:154} INFO - [2023-11-20T21:19:03.769+0500] {dag.py:3722} INFO - Setting next_dagrun for example_subdag_operator.section-2 to None, run_after=None
[2023-11-20T21:19:03.808+0500] {logging_mixin.py:154} INFO - [2023-11-20T21:19:03.807+0500] {dag.py:2941} INFO - Sync 2 DAGs
[2023-11-20T21:19:03.833+0500] {logging_mixin.py:154} INFO - [2023-11-20T21:19:03.833+0500] {dag.py:3722} INFO - Setting next_dagrun for example_subdag_operator.section-1 to None, run_after=None
[2023-11-20T21:19:03.838+0500] {logging_mixin.py:154} INFO - [2023-11-20T21:19:03.837+0500] {dag.py:3722} INFO - Setting next_dagrun for example_subdag_operator.section-2 to None, run_after=None
[2023-11-20T21:19:03.888+0500] {processor.py:179} INFO - Processing /usr/local/lib/python3.10/dist-packages/airflow/example_dags/example_subdag_operator.py took 0.511 seconds
[2023-11-20T21:19:34.618+0500] {processor.py:157} INFO - Started process (PID=31925) to work on /usr/local/lib/python3.10/dist-packages/airflow/example_dags/example_subdag_operator.py
[2023-11-20T21:19:34.622+0500] {processor.py:829} INFO - Processing file /usr/local/lib/python3.10/dist-packages/airflow/example_dags/example_subdag_operator.py for tasks to queue
[2023-11-20T21:19:34.625+0500] {logging_mixin.py:154} INFO - [2023-11-20T21:19:34.624+0500] {dagbag.py:536} INFO - Filling up the DagBag from /usr/local/lib/python3.10/dist-packages/airflow/example_dags/example_subdag_operator.py
[2023-11-20T21:19:34.756+0500] {processor.py:839} INFO - DAG(s) dict_keys(['example_subdag_operator.section-1', 'example_subdag_operator.section-2', 'example_subdag_operator']) retrieved from /usr/local/lib/python3.10/dist-packages/airflow/example_dags/example_subdag_operator.py
[2023-11-20T21:19:34.849+0500] {logging_mixin.py:154} INFO - [2023-11-20T21:19:34.848+0500] {dag.py:2941} INFO - Sync 3 DAGs
[2023-11-20T21:19:34.962+0500] {logging_mixin.py:154} INFO - [2023-11-20T21:19:34.961+0500] {dag.py:3722} INFO - Setting next_dagrun for example_subdag_operator to 2022-01-01T00:00:00+00:00, run_after=2022-01-01T00:00:00+00:00
[2023-11-20T21:19:34.979+0500] {logging_mixin.py:154} INFO - [2023-11-20T21:19:34.978+0500] {dag.py:3722} INFO - Setting next_dagrun for example_subdag_operator.section-1 to None, run_after=None
[2023-11-20T21:19:34.985+0500] {logging_mixin.py:154} INFO - [2023-11-20T21:19:34.984+0500] {dag.py:3722} INFO - Setting next_dagrun for example_subdag_operator.section-2 to None, run_after=None
[2023-11-20T21:19:35.019+0500] {logging_mixin.py:154} INFO - [2023-11-20T21:19:35.018+0500] {dag.py:2941} INFO - Sync 2 DAGs
[2023-11-20T21:19:35.044+0500] {logging_mixin.py:154} INFO - [2023-11-20T21:19:35.043+0500] {dag.py:3722} INFO - Setting next_dagrun for example_subdag_operator.section-1 to None, run_after=None
[2023-11-20T21:19:35.045+0500] {logging_mixin.py:154} INFO - [2023-11-20T21:19:35.045+0500] {dag.py:3722} INFO - Setting next_dagrun for example_subdag_operator.section-2 to None, run_after=None
[2023-11-20T21:19:35.099+0500] {processor.py:179} INFO - Processing /usr/local/lib/python3.10/dist-packages/airflow/example_dags/example_subdag_operator.py took 0.494 seconds
[2023-11-20T21:20:07.762+0500] {processor.py:157} INFO - Started process (PID=32451) to work on /usr/local/lib/python3.10/dist-packages/airflow/example_dags/example_subdag_operator.py
[2023-11-20T21:20:07.765+0500] {processor.py:829} INFO - Processing file /usr/local/lib/python3.10/dist-packages/airflow/example_dags/example_subdag_operator.py for tasks to queue
[2023-11-20T21:20:07.768+0500] {logging_mixin.py:154} INFO - [2023-11-20T21:20:07.766+0500] {dagbag.py:536} INFO - Filling up the DagBag from /usr/local/lib/python3.10/dist-packages/airflow/example_dags/example_subdag_operator.py
[2023-11-20T21:20:07.890+0500] {processor.py:839} INFO - DAG(s) dict_keys(['example_subdag_operator.section-1', 'example_subdag_operator.section-2', 'example_subdag_operator']) retrieved from /usr/local/lib/python3.10/dist-packages/airflow/example_dags/example_subdag_operator.py
[2023-11-20T21:20:07.964+0500] {logging_mixin.py:154} INFO - [2023-11-20T21:20:07.964+0500] {dag.py:2941} INFO - Sync 3 DAGs
[2023-11-20T21:20:08.062+0500] {logging_mixin.py:154} INFO - [2023-11-20T21:20:08.061+0500] {dag.py:3722} INFO - Setting next_dagrun for example_subdag_operator to 2022-01-01T00:00:00+00:00, run_after=2022-01-01T00:00:00+00:00
[2023-11-20T21:20:08.077+0500] {logging_mixin.py:154} INFO - [2023-11-20T21:20:08.076+0500] {dag.py:3722} INFO - Setting next_dagrun for example_subdag_operator.section-1 to None, run_after=None
[2023-11-20T21:20:08.082+0500] {logging_mixin.py:154} INFO - [2023-11-20T21:20:08.082+0500] {dag.py:3722} INFO - Setting next_dagrun for example_subdag_operator.section-2 to None, run_after=None
[2023-11-20T21:20:08.112+0500] {logging_mixin.py:154} INFO - [2023-11-20T21:20:08.111+0500] {dag.py:2941} INFO - Sync 2 DAGs
[2023-11-20T21:20:08.135+0500] {logging_mixin.py:154} INFO - [2023-11-20T21:20:08.134+0500] {dag.py:3722} INFO - Setting next_dagrun for example_subdag_operator.section-1 to None, run_after=None
[2023-11-20T21:20:08.136+0500] {logging_mixin.py:154} INFO - [2023-11-20T21:20:08.136+0500] {dag.py:3722} INFO - Setting next_dagrun for example_subdag_operator.section-2 to None, run_after=None
[2023-11-20T21:20:08.189+0500] {processor.py:179} INFO - Processing /usr/local/lib/python3.10/dist-packages/airflow/example_dags/example_subdag_operator.py took 0.437 seconds
[2023-11-20T21:20:39.761+0500] {processor.py:157} INFO - Started process (PID=32672) to work on /usr/local/lib/python3.10/dist-packages/airflow/example_dags/example_subdag_operator.py
[2023-11-20T21:20:39.769+0500] {processor.py:829} INFO - Processing file /usr/local/lib/python3.10/dist-packages/airflow/example_dags/example_subdag_operator.py for tasks to queue
[2023-11-20T21:20:39.775+0500] {logging_mixin.py:154} INFO - [2023-11-20T21:20:39.774+0500] {dagbag.py:536} INFO - Filling up the DagBag from /usr/local/lib/python3.10/dist-packages/airflow/example_dags/example_subdag_operator.py
[2023-11-20T21:20:39.913+0500] {processor.py:839} INFO - DAG(s) dict_keys(['example_subdag_operator.section-1', 'example_subdag_operator.section-2', 'example_subdag_operator']) retrieved from /usr/local/lib/python3.10/dist-packages/airflow/example_dags/example_subdag_operator.py
[2023-11-20T21:20:40.032+0500] {logging_mixin.py:154} INFO - [2023-11-20T21:20:40.031+0500] {dag.py:2941} INFO - Sync 3 DAGs
[2023-11-20T21:20:40.181+0500] {logging_mixin.py:154} INFO - [2023-11-20T21:20:40.180+0500] {dag.py:3722} INFO - Setting next_dagrun for example_subdag_operator to 2022-01-01T00:00:00+00:00, run_after=2022-01-01T00:00:00+00:00
[2023-11-20T21:20:40.201+0500] {logging_mixin.py:154} INFO - [2023-11-20T21:20:40.198+0500] {dag.py:3722} INFO - Setting next_dagrun for example_subdag_operator.section-1 to None, run_after=None
[2023-11-20T21:20:40.210+0500] {logging_mixin.py:154} INFO - [2023-11-20T21:20:40.209+0500] {dag.py:3722} INFO - Setting next_dagrun for example_subdag_operator.section-2 to None, run_after=None
[2023-11-20T21:20:40.271+0500] {logging_mixin.py:154} INFO - [2023-11-20T21:20:40.271+0500] {dag.py:2941} INFO - Sync 2 DAGs
[2023-11-20T21:20:40.303+0500] {logging_mixin.py:154} INFO - [2023-11-20T21:20:40.302+0500] {dag.py:3722} INFO - Setting next_dagrun for example_subdag_operator.section-1 to None, run_after=None
[2023-11-20T21:20:40.305+0500] {logging_mixin.py:154} INFO - [2023-11-20T21:20:40.304+0500] {dag.py:3722} INFO - Setting next_dagrun for example_subdag_operator.section-2 to None, run_after=None
[2023-11-20T21:20:40.375+0500] {processor.py:179} INFO - Processing /usr/local/lib/python3.10/dist-packages/airflow/example_dags/example_subdag_operator.py took 0.629 seconds
[2023-11-20T21:21:32.850+0500] {processor.py:157} INFO - Started process (PID=32978) to work on /usr/local/lib/python3.10/dist-packages/airflow/example_dags/example_subdag_operator.py
[2023-11-20T21:21:32.856+0500] {processor.py:829} INFO - Processing file /usr/local/lib/python3.10/dist-packages/airflow/example_dags/example_subdag_operator.py for tasks to queue
[2023-11-20T21:21:32.859+0500] {logging_mixin.py:154} INFO - [2023-11-20T21:21:32.858+0500] {dagbag.py:536} INFO - Filling up the DagBag from /usr/local/lib/python3.10/dist-packages/airflow/example_dags/example_subdag_operator.py
[2023-11-20T21:21:32.992+0500] {processor.py:839} INFO - DAG(s) dict_keys(['example_subdag_operator.section-1', 'example_subdag_operator.section-2', 'example_subdag_operator']) retrieved from /usr/local/lib/python3.10/dist-packages/airflow/example_dags/example_subdag_operator.py
[2023-11-20T21:21:33.073+0500] {logging_mixin.py:154} INFO - [2023-11-20T21:21:33.072+0500] {dag.py:2941} INFO - Sync 3 DAGs
[2023-11-20T21:21:33.232+0500] {logging_mixin.py:154} INFO - [2023-11-20T21:21:33.231+0500] {dag.py:3722} INFO - Setting next_dagrun for example_subdag_operator to 2022-01-01T00:00:00+00:00, run_after=2022-01-01T00:00:00+00:00
[2023-11-20T21:21:33.250+0500] {logging_mixin.py:154} INFO - [2023-11-20T21:21:33.249+0500] {dag.py:3722} INFO - Setting next_dagrun for example_subdag_operator.section-1 to None, run_after=None
[2023-11-20T21:21:33.259+0500] {logging_mixin.py:154} INFO - [2023-11-20T21:21:33.256+0500] {dag.py:3722} INFO - Setting next_dagrun for example_subdag_operator.section-2 to None, run_after=None
[2023-11-20T21:21:33.298+0500] {logging_mixin.py:154} INFO - [2023-11-20T21:21:33.297+0500] {dag.py:2941} INFO - Sync 2 DAGs
[2023-11-20T21:21:33.328+0500] {logging_mixin.py:154} INFO - [2023-11-20T21:21:33.328+0500] {dag.py:3722} INFO - Setting next_dagrun for example_subdag_operator.section-1 to None, run_after=None
[2023-11-20T21:21:33.331+0500] {logging_mixin.py:154} INFO - [2023-11-20T21:21:33.330+0500] {dag.py:3722} INFO - Setting next_dagrun for example_subdag_operator.section-2 to None, run_after=None
[2023-11-20T21:21:33.388+0500] {processor.py:179} INFO - Processing /usr/local/lib/python3.10/dist-packages/airflow/example_dags/example_subdag_operator.py took 0.550 seconds
[2023-11-20T21:22:08.299+0500] {processor.py:157} INFO - Started process (PID=33133) to work on /usr/local/lib/python3.10/dist-packages/airflow/example_dags/example_subdag_operator.py
[2023-11-20T21:22:08.304+0500] {processor.py:829} INFO - Processing file /usr/local/lib/python3.10/dist-packages/airflow/example_dags/example_subdag_operator.py for tasks to queue
[2023-11-20T21:22:08.308+0500] {logging_mixin.py:154} INFO - [2023-11-20T21:22:08.307+0500] {dagbag.py:536} INFO - Filling up the DagBag from /usr/local/lib/python3.10/dist-packages/airflow/example_dags/example_subdag_operator.py
[2023-11-20T21:22:08.445+0500] {processor.py:839} INFO - DAG(s) dict_keys(['example_subdag_operator.section-1', 'example_subdag_operator.section-2', 'example_subdag_operator']) retrieved from /usr/local/lib/python3.10/dist-packages/airflow/example_dags/example_subdag_operator.py
[2023-11-20T21:22:08.519+0500] {logging_mixin.py:154} INFO - [2023-11-20T21:22:08.519+0500] {dag.py:2941} INFO - Sync 3 DAGs
[2023-11-20T21:22:08.630+0500] {logging_mixin.py:154} INFO - [2023-11-20T21:22:08.629+0500] {dag.py:3722} INFO - Setting next_dagrun for example_subdag_operator to 2022-01-01T00:00:00+00:00, run_after=2022-01-01T00:00:00+00:00
[2023-11-20T21:22:08.647+0500] {logging_mixin.py:154} INFO - [2023-11-20T21:22:08.646+0500] {dag.py:3722} INFO - Setting next_dagrun for example_subdag_operator.section-1 to None, run_after=None
[2023-11-20T21:22:08.654+0500] {logging_mixin.py:154} INFO - [2023-11-20T21:22:08.653+0500] {dag.py:3722} INFO - Setting next_dagrun for example_subdag_operator.section-2 to None, run_after=None
[2023-11-20T21:22:08.715+0500] {logging_mixin.py:154} INFO - [2023-11-20T21:22:08.714+0500] {dag.py:2941} INFO - Sync 2 DAGs
[2023-11-20T21:22:08.742+0500] {logging_mixin.py:154} INFO - [2023-11-20T21:22:08.741+0500] {dag.py:3722} INFO - Setting next_dagrun for example_subdag_operator.section-1 to None, run_after=None
[2023-11-20T21:22:08.743+0500] {logging_mixin.py:154} INFO - [2023-11-20T21:22:08.743+0500] {dag.py:3722} INFO - Setting next_dagrun for example_subdag_operator.section-2 to None, run_after=None
[2023-11-20T21:22:08.816+0500] {processor.py:179} INFO - Processing /usr/local/lib/python3.10/dist-packages/airflow/example_dags/example_subdag_operator.py took 0.533 seconds
[2023-11-20T21:22:39.712+0500] {processor.py:157} INFO - Started process (PID=33237) to work on /usr/local/lib/python3.10/dist-packages/airflow/example_dags/example_subdag_operator.py
[2023-11-20T21:22:39.716+0500] {processor.py:829} INFO - Processing file /usr/local/lib/python3.10/dist-packages/airflow/example_dags/example_subdag_operator.py for tasks to queue
[2023-11-20T21:22:39.721+0500] {logging_mixin.py:154} INFO - [2023-11-20T21:22:39.718+0500] {dagbag.py:536} INFO - Filling up the DagBag from /usr/local/lib/python3.10/dist-packages/airflow/example_dags/example_subdag_operator.py
[2023-11-20T21:22:39.887+0500] {processor.py:839} INFO - DAG(s) dict_keys(['example_subdag_operator.section-1', 'example_subdag_operator.section-2', 'example_subdag_operator']) retrieved from /usr/local/lib/python3.10/dist-packages/airflow/example_dags/example_subdag_operator.py
[2023-11-20T21:22:40.033+0500] {logging_mixin.py:154} INFO - [2023-11-20T21:22:40.032+0500] {dag.py:2941} INFO - Sync 3 DAGs
[2023-11-20T21:22:40.205+0500] {logging_mixin.py:154} INFO - [2023-11-20T21:22:40.204+0500] {dag.py:3722} INFO - Setting next_dagrun for example_subdag_operator to 2022-01-01T00:00:00+00:00, run_after=2022-01-01T00:00:00+00:00
[2023-11-20T21:22:40.221+0500] {logging_mixin.py:154} INFO - [2023-11-20T21:22:40.220+0500] {dag.py:3722} INFO - Setting next_dagrun for example_subdag_operator.section-1 to None, run_after=None
[2023-11-20T21:22:40.227+0500] {logging_mixin.py:154} INFO - [2023-11-20T21:22:40.226+0500] {dag.py:3722} INFO - Setting next_dagrun for example_subdag_operator.section-2 to None, run_after=None
[2023-11-20T21:22:40.260+0500] {logging_mixin.py:154} INFO - [2023-11-20T21:22:40.259+0500] {dag.py:2941} INFO - Sync 2 DAGs
[2023-11-20T21:22:40.285+0500] {logging_mixin.py:154} INFO - [2023-11-20T21:22:40.284+0500] {dag.py:3722} INFO - Setting next_dagrun for example_subdag_operator.section-1 to None, run_after=None
[2023-11-20T21:22:40.287+0500] {logging_mixin.py:154} INFO - [2023-11-20T21:22:40.287+0500] {dag.py:3722} INFO - Setting next_dagrun for example_subdag_operator.section-2 to None, run_after=None
[2023-11-20T21:22:40.346+0500] {processor.py:179} INFO - Processing /usr/local/lib/python3.10/dist-packages/airflow/example_dags/example_subdag_operator.py took 0.646 seconds
[2023-11-20T21:23:10.851+0500] {processor.py:157} INFO - Started process (PID=33407) to work on /usr/local/lib/python3.10/dist-packages/airflow/example_dags/example_subdag_operator.py
[2023-11-20T21:23:10.854+0500] {processor.py:829} INFO - Processing file /usr/local/lib/python3.10/dist-packages/airflow/example_dags/example_subdag_operator.py for tasks to queue
[2023-11-20T21:23:10.857+0500] {logging_mixin.py:154} INFO - [2023-11-20T21:23:10.856+0500] {dagbag.py:536} INFO - Filling up the DagBag from /usr/local/lib/python3.10/dist-packages/airflow/example_dags/example_subdag_operator.py
[2023-11-20T21:23:10.982+0500] {processor.py:839} INFO - DAG(s) dict_keys(['example_subdag_operator.section-1', 'example_subdag_operator.section-2', 'example_subdag_operator']) retrieved from /usr/local/lib/python3.10/dist-packages/airflow/example_dags/example_subdag_operator.py
[2023-11-20T21:23:11.066+0500] {logging_mixin.py:154} INFO - [2023-11-20T21:23:11.065+0500] {dag.py:2941} INFO - Sync 3 DAGs
[2023-11-20T21:23:11.179+0500] {logging_mixin.py:154} INFO - [2023-11-20T21:23:11.178+0500] {dag.py:3722} INFO - Setting next_dagrun for example_subdag_operator to 2022-01-01T00:00:00+00:00, run_after=2022-01-01T00:00:00+00:00
[2023-11-20T21:23:11.196+0500] {logging_mixin.py:154} INFO - [2023-11-20T21:23:11.195+0500] {dag.py:3722} INFO - Setting next_dagrun for example_subdag_operator.section-1 to None, run_after=None
[2023-11-20T21:23:11.202+0500] {logging_mixin.py:154} INFO - [2023-11-20T21:23:11.201+0500] {dag.py:3722} INFO - Setting next_dagrun for example_subdag_operator.section-2 to None, run_after=None
[2023-11-20T21:23:11.236+0500] {logging_mixin.py:154} INFO - [2023-11-20T21:23:11.235+0500] {dag.py:2941} INFO - Sync 2 DAGs
[2023-11-20T21:23:11.261+0500] {logging_mixin.py:154} INFO - [2023-11-20T21:23:11.260+0500] {dag.py:3722} INFO - Setting next_dagrun for example_subdag_operator.section-1 to None, run_after=None
[2023-11-20T21:23:11.262+0500] {logging_mixin.py:154} INFO - [2023-11-20T21:23:11.262+0500] {dag.py:3722} INFO - Setting next_dagrun for example_subdag_operator.section-2 to None, run_after=None
[2023-11-20T21:23:11.309+0500] {processor.py:179} INFO - Processing /usr/local/lib/python3.10/dist-packages/airflow/example_dags/example_subdag_operator.py took 0.470 seconds
[2023-11-20T21:23:41.915+0500] {processor.py:157} INFO - Started process (PID=33514) to work on /usr/local/lib/python3.10/dist-packages/airflow/example_dags/example_subdag_operator.py
[2023-11-20T21:23:41.919+0500] {processor.py:829} INFO - Processing file /usr/local/lib/python3.10/dist-packages/airflow/example_dags/example_subdag_operator.py for tasks to queue
[2023-11-20T21:23:41.922+0500] {logging_mixin.py:154} INFO - [2023-11-20T21:23:41.921+0500] {dagbag.py:536} INFO - Filling up the DagBag from /usr/local/lib/python3.10/dist-packages/airflow/example_dags/example_subdag_operator.py
[2023-11-20T21:23:42.093+0500] {processor.py:839} INFO - DAG(s) dict_keys(['example_subdag_operator.section-1', 'example_subdag_operator.section-2', 'example_subdag_operator']) retrieved from /usr/local/lib/python3.10/dist-packages/airflow/example_dags/example_subdag_operator.py
[2023-11-20T21:23:42.194+0500] {logging_mixin.py:154} INFO - [2023-11-20T21:23:42.194+0500] {dag.py:2941} INFO - Sync 3 DAGs
[2023-11-20T21:23:42.323+0500] {logging_mixin.py:154} INFO - [2023-11-20T21:23:42.322+0500] {dag.py:3722} INFO - Setting next_dagrun for example_subdag_operator to 2022-01-01T00:00:00+00:00, run_after=2022-01-01T00:00:00+00:00
[2023-11-20T21:23:42.343+0500] {logging_mixin.py:154} INFO - [2023-11-20T21:23:42.342+0500] {dag.py:3722} INFO - Setting next_dagrun for example_subdag_operator.section-1 to None, run_after=None
[2023-11-20T21:23:42.355+0500] {logging_mixin.py:154} INFO - [2023-11-20T21:23:42.355+0500] {dag.py:3722} INFO - Setting next_dagrun for example_subdag_operator.section-2 to None, run_after=None
[2023-11-20T21:23:42.403+0500] {logging_mixin.py:154} INFO - [2023-11-20T21:23:42.402+0500] {dag.py:2941} INFO - Sync 2 DAGs
[2023-11-20T21:23:42.431+0500] {logging_mixin.py:154} INFO - [2023-11-20T21:23:42.431+0500] {dag.py:3722} INFO - Setting next_dagrun for example_subdag_operator.section-1 to None, run_after=None
[2023-11-20T21:23:42.433+0500] {logging_mixin.py:154} INFO - [2023-11-20T21:23:42.433+0500] {dag.py:3722} INFO - Setting next_dagrun for example_subdag_operator.section-2 to None, run_after=None
[2023-11-20T21:23:42.486+0500] {processor.py:179} INFO - Processing /usr/local/lib/python3.10/dist-packages/airflow/example_dags/example_subdag_operator.py took 0.584 seconds
[2023-11-20T21:24:15.943+0500] {processor.py:157} INFO - Started process (PID=33635) to work on /usr/local/lib/python3.10/dist-packages/airflow/example_dags/example_subdag_operator.py
[2023-11-20T21:24:15.955+0500] {processor.py:829} INFO - Processing file /usr/local/lib/python3.10/dist-packages/airflow/example_dags/example_subdag_operator.py for tasks to queue
[2023-11-20T21:24:15.961+0500] {logging_mixin.py:154} INFO - [2023-11-20T21:24:15.960+0500] {dagbag.py:536} INFO - Filling up the DagBag from /usr/local/lib/python3.10/dist-packages/airflow/example_dags/example_subdag_operator.py
[2023-11-20T21:24:16.334+0500] {processor.py:839} INFO - DAG(s) dict_keys(['example_subdag_operator.section-1', 'example_subdag_operator.section-2', 'example_subdag_operator']) retrieved from /usr/local/lib/python3.10/dist-packages/airflow/example_dags/example_subdag_operator.py
[2023-11-20T21:24:16.829+0500] {logging_mixin.py:154} INFO - [2023-11-20T21:24:16.828+0500] {dag.py:2941} INFO - Sync 3 DAGs
[2023-11-20T21:24:17.217+0500] {logging_mixin.py:154} INFO - [2023-11-20T21:24:17.202+0500] {dag.py:3722} INFO - Setting next_dagrun for example_subdag_operator to 2022-01-01T00:00:00+00:00, run_after=2022-01-01T00:00:00+00:00
[2023-11-20T21:24:17.288+0500] {logging_mixin.py:154} INFO - [2023-11-20T21:24:17.287+0500] {dag.py:3722} INFO - Setting next_dagrun for example_subdag_operator.section-1 to None, run_after=None
[2023-11-20T21:24:17.309+0500] {logging_mixin.py:154} INFO - [2023-11-20T21:24:17.308+0500] {dag.py:3722} INFO - Setting next_dagrun for example_subdag_operator.section-2 to None, run_after=None
[2023-11-20T21:24:17.473+0500] {logging_mixin.py:154} INFO - [2023-11-20T21:24:17.472+0500] {dag.py:2941} INFO - Sync 2 DAGs
[2023-11-20T21:24:17.542+0500] {logging_mixin.py:154} INFO - [2023-11-20T21:24:17.542+0500] {dag.py:3722} INFO - Setting next_dagrun for example_subdag_operator.section-1 to None, run_after=None
[2023-11-20T21:24:17.544+0500] {logging_mixin.py:154} INFO - [2023-11-20T21:24:17.544+0500] {dag.py:3722} INFO - Setting next_dagrun for example_subdag_operator.section-2 to None, run_after=None
[2023-11-20T21:24:17.939+0500] {processor.py:179} INFO - Processing /usr/local/lib/python3.10/dist-packages/airflow/example_dags/example_subdag_operator.py took 2.080 seconds
[2023-11-20T21:25:05.048+0500] {processor.py:157} INFO - Started process (PID=33766) to work on /usr/local/lib/python3.10/dist-packages/airflow/example_dags/example_subdag_operator.py
[2023-11-20T21:25:05.053+0500] {processor.py:829} INFO - Processing file /usr/local/lib/python3.10/dist-packages/airflow/example_dags/example_subdag_operator.py for tasks to queue
[2023-11-20T21:25:05.058+0500] {logging_mixin.py:154} INFO - [2023-11-20T21:25:05.055+0500] {dagbag.py:536} INFO - Filling up the DagBag from /usr/local/lib/python3.10/dist-packages/airflow/example_dags/example_subdag_operator.py
[2023-11-20T21:25:05.329+0500] {processor.py:839} INFO - DAG(s) dict_keys(['example_subdag_operator.section-1', 'example_subdag_operator.section-2', 'example_subdag_operator']) retrieved from /usr/local/lib/python3.10/dist-packages/airflow/example_dags/example_subdag_operator.py
[2023-11-20T21:25:05.499+0500] {logging_mixin.py:154} INFO - [2023-11-20T21:25:05.498+0500] {dag.py:2941} INFO - Sync 3 DAGs
[2023-11-20T21:25:05.851+0500] {logging_mixin.py:154} INFO - [2023-11-20T21:25:05.850+0500] {dag.py:3722} INFO - Setting next_dagrun for example_subdag_operator to 2022-01-01T00:00:00+00:00, run_after=2022-01-01T00:00:00+00:00
[2023-11-20T21:25:05.897+0500] {logging_mixin.py:154} INFO - [2023-11-20T21:25:05.896+0500] {dag.py:3722} INFO - Setting next_dagrun for example_subdag_operator.section-1 to None, run_after=None
[2023-11-20T21:25:05.906+0500] {logging_mixin.py:154} INFO - [2023-11-20T21:25:05.905+0500] {dag.py:3722} INFO - Setting next_dagrun for example_subdag_operator.section-2 to None, run_after=None
[2023-11-20T21:25:05.967+0500] {logging_mixin.py:154} INFO - [2023-11-20T21:25:05.967+0500] {dag.py:2941} INFO - Sync 2 DAGs
[2023-11-20T21:25:06.038+0500] {logging_mixin.py:154} INFO - [2023-11-20T21:25:06.037+0500] {dag.py:3722} INFO - Setting next_dagrun for example_subdag_operator.section-1 to None, run_after=None
[2023-11-20T21:25:06.040+0500] {logging_mixin.py:154} INFO - [2023-11-20T21:25:06.039+0500] {dag.py:3722} INFO - Setting next_dagrun for example_subdag_operator.section-2 to None, run_after=None
[2023-11-20T21:25:06.193+0500] {processor.py:179} INFO - Processing /usr/local/lib/python3.10/dist-packages/airflow/example_dags/example_subdag_operator.py took 1.188 seconds
[2023-11-20T21:25:55.238+0500] {processor.py:157} INFO - Started process (PID=33922) to work on /usr/local/lib/python3.10/dist-packages/airflow/example_dags/example_subdag_operator.py
[2023-11-20T21:25:55.246+0500] {processor.py:829} INFO - Processing file /usr/local/lib/python3.10/dist-packages/airflow/example_dags/example_subdag_operator.py for tasks to queue
[2023-11-20T21:25:55.249+0500] {logging_mixin.py:154} INFO - [2023-11-20T21:25:55.248+0500] {dagbag.py:536} INFO - Filling up the DagBag from /usr/local/lib/python3.10/dist-packages/airflow/example_dags/example_subdag_operator.py
[2023-11-20T21:25:55.694+0500] {processor.py:839} INFO - DAG(s) dict_keys(['example_subdag_operator.section-1', 'example_subdag_operator.section-2', 'example_subdag_operator']) retrieved from /usr/local/lib/python3.10/dist-packages/airflow/example_dags/example_subdag_operator.py
[2023-11-20T21:25:55.909+0500] {logging_mixin.py:154} INFO - [2023-11-20T21:25:55.908+0500] {dag.py:2941} INFO - Sync 3 DAGs
[2023-11-20T21:25:56.028+0500] {logging_mixin.py:154} INFO - [2023-11-20T21:25:56.026+0500] {dag.py:3722} INFO - Setting next_dagrun for example_subdag_operator to 2022-01-01T00:00:00+00:00, run_after=2022-01-01T00:00:00+00:00
[2023-11-20T21:25:56.063+0500] {logging_mixin.py:154} INFO - [2023-11-20T21:25:56.062+0500] {dag.py:3722} INFO - Setting next_dagrun for example_subdag_operator.section-1 to None, run_after=None
[2023-11-20T21:25:56.093+0500] {logging_mixin.py:154} INFO - [2023-11-20T21:25:56.071+0500] {dag.py:3722} INFO - Setting next_dagrun for example_subdag_operator.section-2 to None, run_after=None
[2023-11-20T21:25:56.189+0500] {logging_mixin.py:154} INFO - [2023-11-20T21:25:56.187+0500] {dag.py:2941} INFO - Sync 2 DAGs
[2023-11-20T21:25:56.319+0500] {logging_mixin.py:154} INFO - [2023-11-20T21:25:56.310+0500] {dag.py:3722} INFO - Setting next_dagrun for example_subdag_operator.section-1 to None, run_after=None
[2023-11-20T21:25:56.331+0500] {logging_mixin.py:154} INFO - [2023-11-20T21:25:56.321+0500] {dag.py:3722} INFO - Setting next_dagrun for example_subdag_operator.section-2 to None, run_after=None
[2023-11-20T21:25:56.563+0500] {processor.py:179} INFO - Processing /usr/local/lib/python3.10/dist-packages/airflow/example_dags/example_subdag_operator.py took 1.483 seconds
[2023-11-20T21:26:33.288+0500] {processor.py:157} INFO - Started process (PID=34036) to work on /usr/local/lib/python3.10/dist-packages/airflow/example_dags/example_subdag_operator.py
[2023-11-20T21:26:33.307+0500] {processor.py:829} INFO - Processing file /usr/local/lib/python3.10/dist-packages/airflow/example_dags/example_subdag_operator.py for tasks to queue
[2023-11-20T21:26:33.327+0500] {logging_mixin.py:154} INFO - [2023-11-20T21:26:33.310+0500] {dagbag.py:536} INFO - Filling up the DagBag from /usr/local/lib/python3.10/dist-packages/airflow/example_dags/example_subdag_operator.py
[2023-11-20T21:26:34.291+0500] {processor.py:839} INFO - DAG(s) dict_keys(['example_subdag_operator.section-1', 'example_subdag_operator.section-2', 'example_subdag_operator']) retrieved from /usr/local/lib/python3.10/dist-packages/airflow/example_dags/example_subdag_operator.py
[2023-11-20T21:26:35.152+0500] {logging_mixin.py:154} INFO - [2023-11-20T21:26:34.938+0500] {dag.py:2941} INFO - Sync 3 DAGs
[2023-11-20T21:26:35.754+0500] {logging_mixin.py:154} INFO - [2023-11-20T21:26:35.714+0500] {dag.py:3722} INFO - Setting next_dagrun for example_subdag_operator to 2022-01-01T00:00:00+00:00, run_after=2022-01-01T00:00:00+00:00
[2023-11-20T21:26:35.777+0500] {logging_mixin.py:154} INFO - [2023-11-20T21:26:35.776+0500] {dag.py:3722} INFO - Setting next_dagrun for example_subdag_operator.section-1 to None, run_after=None
[2023-11-20T21:26:35.783+0500] {logging_mixin.py:154} INFO - [2023-11-20T21:26:35.782+0500] {dag.py:3722} INFO - Setting next_dagrun for example_subdag_operator.section-2 to None, run_after=None
[2023-11-20T21:26:36.033+0500] {logging_mixin.py:154} INFO - [2023-11-20T21:26:36.032+0500] {dag.py:2941} INFO - Sync 2 DAGs
[2023-11-20T21:26:36.077+0500] {logging_mixin.py:154} INFO - [2023-11-20T21:26:36.076+0500] {dag.py:3722} INFO - Setting next_dagrun for example_subdag_operator.section-1 to None, run_after=None
[2023-11-20T21:26:36.079+0500] {logging_mixin.py:154} INFO - [2023-11-20T21:26:36.078+0500] {dag.py:3722} INFO - Setting next_dagrun for example_subdag_operator.section-2 to None, run_after=None
[2023-11-20T21:26:36.230+0500] {processor.py:179} INFO - Processing /usr/local/lib/python3.10/dist-packages/airflow/example_dags/example_subdag_operator.py took 2.991 seconds
[2023-11-20T21:28:29.697+0500] {processor.py:157} INFO - Started process (PID=34284) to work on /usr/local/lib/python3.10/dist-packages/airflow/example_dags/example_subdag_operator.py
[2023-11-20T21:28:29.701+0500] {processor.py:829} INFO - Processing file /usr/local/lib/python3.10/dist-packages/airflow/example_dags/example_subdag_operator.py for tasks to queue
[2023-11-20T21:28:29.704+0500] {logging_mixin.py:154} INFO - [2023-11-20T21:28:29.703+0500] {dagbag.py:536} INFO - Filling up the DagBag from /usr/local/lib/python3.10/dist-packages/airflow/example_dags/example_subdag_operator.py
[2023-11-20T21:28:29.878+0500] {processor.py:839} INFO - DAG(s) dict_keys(['example_subdag_operator.section-1', 'example_subdag_operator.section-2', 'example_subdag_operator']) retrieved from /usr/local/lib/python3.10/dist-packages/airflow/example_dags/example_subdag_operator.py
[2023-11-20T21:28:29.997+0500] {logging_mixin.py:154} INFO - [2023-11-20T21:28:29.996+0500] {dag.py:2941} INFO - Sync 3 DAGs
[2023-11-20T21:28:30.189+0500] {logging_mixin.py:154} INFO - [2023-11-20T21:28:30.188+0500] {dag.py:3722} INFO - Setting next_dagrun for example_subdag_operator to 2022-01-01T00:00:00+00:00, run_after=2022-01-01T00:00:00+00:00
[2023-11-20T21:28:30.216+0500] {logging_mixin.py:154} INFO - [2023-11-20T21:28:30.213+0500] {dag.py:3722} INFO - Setting next_dagrun for example_subdag_operator.section-1 to None, run_after=None
[2023-11-20T21:28:30.229+0500] {logging_mixin.py:154} INFO - [2023-11-20T21:28:30.227+0500] {dag.py:3722} INFO - Setting next_dagrun for example_subdag_operator.section-2 to None, run_after=None
[2023-11-20T21:28:30.261+0500] {logging_mixin.py:154} INFO - [2023-11-20T21:28:30.260+0500] {dag.py:2941} INFO - Sync 2 DAGs
[2023-11-20T21:28:30.287+0500] {logging_mixin.py:154} INFO - [2023-11-20T21:28:30.287+0500] {dag.py:3722} INFO - Setting next_dagrun for example_subdag_operator.section-1 to None, run_after=None
[2023-11-20T21:28:30.289+0500] {logging_mixin.py:154} INFO - [2023-11-20T21:28:30.289+0500] {dag.py:3722} INFO - Setting next_dagrun for example_subdag_operator.section-2 to None, run_after=None
[2023-11-20T21:28:30.368+0500] {processor.py:179} INFO - Processing /usr/local/lib/python3.10/dist-packages/airflow/example_dags/example_subdag_operator.py took 0.698 seconds
[2023-11-20T21:30:37.734+0500] {processor.py:157} INFO - Started process (PID=34495) to work on /usr/local/lib/python3.10/dist-packages/airflow/example_dags/example_subdag_operator.py
[2023-11-20T21:30:37.737+0500] {processor.py:829} INFO - Processing file /usr/local/lib/python3.10/dist-packages/airflow/example_dags/example_subdag_operator.py for tasks to queue
[2023-11-20T21:30:37.741+0500] {logging_mixin.py:154} INFO - [2023-11-20T21:30:37.739+0500] {dagbag.py:536} INFO - Filling up the DagBag from /usr/local/lib/python3.10/dist-packages/airflow/example_dags/example_subdag_operator.py
[2023-11-20T21:30:37.870+0500] {processor.py:839} INFO - DAG(s) dict_keys(['example_subdag_operator.section-1', 'example_subdag_operator.section-2', 'example_subdag_operator']) retrieved from /usr/local/lib/python3.10/dist-packages/airflow/example_dags/example_subdag_operator.py
[2023-11-20T21:30:37.963+0500] {logging_mixin.py:154} INFO - [2023-11-20T21:30:37.962+0500] {dag.py:2941} INFO - Sync 3 DAGs
[2023-11-20T21:30:38.088+0500] {logging_mixin.py:154} INFO - [2023-11-20T21:30:38.087+0500] {dag.py:3722} INFO - Setting next_dagrun for example_subdag_operator to 2022-01-01T00:00:00+00:00, run_after=2022-01-01T00:00:00+00:00
[2023-11-20T21:30:38.107+0500] {logging_mixin.py:154} INFO - [2023-11-20T21:30:38.106+0500] {dag.py:3722} INFO - Setting next_dagrun for example_subdag_operator.section-1 to None, run_after=None
[2023-11-20T21:30:38.114+0500] {logging_mixin.py:154} INFO - [2023-11-20T21:30:38.113+0500] {dag.py:3722} INFO - Setting next_dagrun for example_subdag_operator.section-2 to None, run_after=None
[2023-11-20T21:30:38.154+0500] {logging_mixin.py:154} INFO - [2023-11-20T21:30:38.153+0500] {dag.py:2941} INFO - Sync 2 DAGs
[2023-11-20T21:30:38.184+0500] {logging_mixin.py:154} INFO - [2023-11-20T21:30:38.183+0500] {dag.py:3722} INFO - Setting next_dagrun for example_subdag_operator.section-1 to None, run_after=None
[2023-11-20T21:30:38.186+0500] {logging_mixin.py:154} INFO - [2023-11-20T21:30:38.185+0500] {dag.py:3722} INFO - Setting next_dagrun for example_subdag_operator.section-2 to None, run_after=None
[2023-11-20T21:30:38.240+0500] {processor.py:179} INFO - Processing /usr/local/lib/python3.10/dist-packages/airflow/example_dags/example_subdag_operator.py took 0.520 seconds
