[2023-11-20T21:05:54.189+0500] {processor.py:157} INFO - Started process (PID=27183) to work on /usr/local/lib/python3.10/dist-packages/airflow/example_dags/example_short_circuit_operator.py
[2023-11-20T21:05:54.191+0500] {processor.py:829} INFO - Processing file /usr/local/lib/python3.10/dist-packages/airflow/example_dags/example_short_circuit_operator.py for tasks to queue
[2023-11-20T21:05:54.194+0500] {logging_mixin.py:154} INFO - [2023-11-20T21:05:54.193+0500] {dagbag.py:536} INFO - Filling up the DagBag from /usr/local/lib/python3.10/dist-packages/airflow/example_dags/example_short_circuit_operator.py
[2023-11-20T21:05:54.225+0500] {processor.py:839} INFO - DAG(s) dict_keys(['example_short_circuit_operator']) retrieved from /usr/local/lib/python3.10/dist-packages/airflow/example_dags/example_short_circuit_operator.py
[2023-11-20T21:05:54.715+0500] {logging_mixin.py:154} INFO - [2023-11-20T21:05:54.714+0500] {manager.py:499} INFO - Created Permission View: %s
[2023-11-20T21:05:54.764+0500] {logging_mixin.py:154} INFO - [2023-11-20T21:05:54.763+0500] {manager.py:499} INFO - Created Permission View: %s
[2023-11-20T21:05:54.797+0500] {logging_mixin.py:154} INFO - [2023-11-20T21:05:54.797+0500] {manager.py:499} INFO - Created Permission View: %s
[2023-11-20T21:05:54.799+0500] {logging_mixin.py:154} INFO - [2023-11-20T21:05:54.798+0500] {dag.py:2941} INFO - Sync 1 DAGs
[2023-11-20T21:05:54.856+0500] {logging_mixin.py:154} INFO - [2023-11-20T21:05:54.856+0500] {dag.py:2963} INFO - Creating ORM DAG for example_short_circuit_operator
[2023-11-20T21:05:54.899+0500] {logging_mixin.py:154} INFO - [2023-11-20T21:05:54.898+0500] {dag.py:3722} INFO - Setting next_dagrun for example_short_circuit_operator to 2023-11-19T16:05:54.897987+00:00, run_after=2023-11-20T16:05:54.897987+00:00
[2023-11-20T21:05:54.971+0500] {processor.py:179} INFO - Processing /usr/local/lib/python3.10/dist-packages/airflow/example_dags/example_short_circuit_operator.py took 0.794 seconds
[2023-11-20T21:06:25.306+0500] {processor.py:157} INFO - Started process (PID=27428) to work on /usr/local/lib/python3.10/dist-packages/airflow/example_dags/example_short_circuit_operator.py
[2023-11-20T21:06:25.310+0500] {processor.py:829} INFO - Processing file /usr/local/lib/python3.10/dist-packages/airflow/example_dags/example_short_circuit_operator.py for tasks to queue
[2023-11-20T21:06:25.314+0500] {logging_mixin.py:154} INFO - [2023-11-20T21:06:25.313+0500] {dagbag.py:536} INFO - Filling up the DagBag from /usr/local/lib/python3.10/dist-packages/airflow/example_dags/example_short_circuit_operator.py
[2023-11-20T21:06:25.350+0500] {processor.py:839} INFO - DAG(s) dict_keys(['example_short_circuit_operator']) retrieved from /usr/local/lib/python3.10/dist-packages/airflow/example_dags/example_short_circuit_operator.py
[2023-11-20T21:06:25.511+0500] {logging_mixin.py:154} INFO - [2023-11-20T21:06:25.510+0500] {dag.py:2941} INFO - Sync 1 DAGs
[2023-11-20T21:06:25.659+0500] {logging_mixin.py:154} INFO - [2023-11-20T21:06:25.658+0500] {dag.py:3722} INFO - Setting next_dagrun for example_short_circuit_operator to 2023-11-19T16:06:25.658064+00:00, run_after=2023-11-20T16:06:25.658064+00:00
[2023-11-20T21:06:25.750+0500] {processor.py:179} INFO - Processing /usr/local/lib/python3.10/dist-packages/airflow/example_dags/example_short_circuit_operator.py took 0.460 seconds
[2023-11-20T21:06:55.968+0500] {processor.py:157} INFO - Started process (PID=27742) to work on /usr/local/lib/python3.10/dist-packages/airflow/example_dags/example_short_circuit_operator.py
[2023-11-20T21:06:55.971+0500] {processor.py:829} INFO - Processing file /usr/local/lib/python3.10/dist-packages/airflow/example_dags/example_short_circuit_operator.py for tasks to queue
[2023-11-20T21:06:55.974+0500] {logging_mixin.py:154} INFO - [2023-11-20T21:06:55.973+0500] {dagbag.py:536} INFO - Filling up the DagBag from /usr/local/lib/python3.10/dist-packages/airflow/example_dags/example_short_circuit_operator.py
[2023-11-20T21:06:56.012+0500] {processor.py:839} INFO - DAG(s) dict_keys(['example_short_circuit_operator']) retrieved from /usr/local/lib/python3.10/dist-packages/airflow/example_dags/example_short_circuit_operator.py
[2023-11-20T21:06:56.127+0500] {logging_mixin.py:154} INFO - [2023-11-20T21:06:56.126+0500] {dag.py:2941} INFO - Sync 1 DAGs
[2023-11-20T21:06:56.253+0500] {logging_mixin.py:154} INFO - [2023-11-20T21:06:56.252+0500] {dag.py:3722} INFO - Setting next_dagrun for example_short_circuit_operator to 2023-11-19T16:06:56.251820+00:00, run_after=2023-11-20T16:06:56.251820+00:00
[2023-11-20T21:06:56.376+0500] {processor.py:179} INFO - Processing /usr/local/lib/python3.10/dist-packages/airflow/example_dags/example_short_circuit_operator.py took 0.421 seconds
[2023-11-20T21:07:29.682+0500] {processor.py:157} INFO - Started process (PID=28030) to work on /usr/local/lib/python3.10/dist-packages/airflow/example_dags/example_short_circuit_operator.py
[2023-11-20T21:07:29.693+0500] {processor.py:829} INFO - Processing file /usr/local/lib/python3.10/dist-packages/airflow/example_dags/example_short_circuit_operator.py for tasks to queue
[2023-11-20T21:07:29.697+0500] {logging_mixin.py:154} INFO - [2023-11-20T21:07:29.696+0500] {dagbag.py:536} INFO - Filling up the DagBag from /usr/local/lib/python3.10/dist-packages/airflow/example_dags/example_short_circuit_operator.py
[2023-11-20T21:07:29.755+0500] {processor.py:839} INFO - DAG(s) dict_keys(['example_short_circuit_operator']) retrieved from /usr/local/lib/python3.10/dist-packages/airflow/example_dags/example_short_circuit_operator.py
[2023-11-20T21:07:29.932+0500] {logging_mixin.py:154} INFO - [2023-11-20T21:07:29.931+0500] {dag.py:2941} INFO - Sync 1 DAGs
[2023-11-20T21:07:30.073+0500] {logging_mixin.py:154} INFO - [2023-11-20T21:07:30.072+0500] {dag.py:3722} INFO - Setting next_dagrun for example_short_circuit_operator to 2023-11-19T16:07:30.071584+00:00, run_after=2023-11-20T16:07:30.071584+00:00
[2023-11-20T21:07:30.232+0500] {processor.py:179} INFO - Processing /usr/local/lib/python3.10/dist-packages/airflow/example_dags/example_short_circuit_operator.py took 0.580 seconds
[2023-11-20T21:08:00.424+0500] {processor.py:157} INFO - Started process (PID=28199) to work on /usr/local/lib/python3.10/dist-packages/airflow/example_dags/example_short_circuit_operator.py
[2023-11-20T21:08:00.428+0500] {processor.py:829} INFO - Processing file /usr/local/lib/python3.10/dist-packages/airflow/example_dags/example_short_circuit_operator.py for tasks to queue
[2023-11-20T21:08:00.431+0500] {logging_mixin.py:154} INFO - [2023-11-20T21:08:00.430+0500] {dagbag.py:536} INFO - Filling up the DagBag from /usr/local/lib/python3.10/dist-packages/airflow/example_dags/example_short_circuit_operator.py
[2023-11-20T21:08:00.468+0500] {processor.py:839} INFO - DAG(s) dict_keys(['example_short_circuit_operator']) retrieved from /usr/local/lib/python3.10/dist-packages/airflow/example_dags/example_short_circuit_operator.py
[2023-11-20T21:08:00.601+0500] {logging_mixin.py:154} INFO - [2023-11-20T21:08:00.600+0500] {dag.py:2941} INFO - Sync 1 DAGs
[2023-11-20T21:08:00.710+0500] {logging_mixin.py:154} INFO - [2023-11-20T21:08:00.708+0500] {dag.py:3722} INFO - Setting next_dagrun for example_short_circuit_operator to 2023-11-19T16:08:00.707413+00:00, run_after=2023-11-20T16:08:00.707413+00:00
[2023-11-20T21:08:00.831+0500] {processor.py:179} INFO - Processing /usr/local/lib/python3.10/dist-packages/airflow/example_dags/example_short_circuit_operator.py took 0.420 seconds
[2023-11-20T21:08:31.526+0500] {processor.py:157} INFO - Started process (PID=28418) to work on /usr/local/lib/python3.10/dist-packages/airflow/example_dags/example_short_circuit_operator.py
[2023-11-20T21:08:31.529+0500] {processor.py:829} INFO - Processing file /usr/local/lib/python3.10/dist-packages/airflow/example_dags/example_short_circuit_operator.py for tasks to queue
[2023-11-20T21:08:31.533+0500] {logging_mixin.py:154} INFO - [2023-11-20T21:08:31.531+0500] {dagbag.py:536} INFO - Filling up the DagBag from /usr/local/lib/python3.10/dist-packages/airflow/example_dags/example_short_circuit_operator.py
[2023-11-20T21:08:31.601+0500] {processor.py:839} INFO - DAG(s) dict_keys(['example_short_circuit_operator']) retrieved from /usr/local/lib/python3.10/dist-packages/airflow/example_dags/example_short_circuit_operator.py
[2023-11-20T21:08:31.737+0500] {logging_mixin.py:154} INFO - [2023-11-20T21:08:31.737+0500] {dag.py:2941} INFO - Sync 1 DAGs
[2023-11-20T21:08:31.889+0500] {logging_mixin.py:154} INFO - [2023-11-20T21:08:31.888+0500] {dag.py:3722} INFO - Setting next_dagrun for example_short_circuit_operator to 2023-11-19T16:08:31.887351+00:00, run_after=2023-11-20T16:08:31.887351+00:00
[2023-11-20T21:08:31.998+0500] {processor.py:179} INFO - Processing /usr/local/lib/python3.10/dist-packages/airflow/example_dags/example_short_circuit_operator.py took 0.487 seconds
[2023-11-20T21:09:02.305+0500] {processor.py:157} INFO - Started process (PID=28654) to work on /usr/local/lib/python3.10/dist-packages/airflow/example_dags/example_short_circuit_operator.py
[2023-11-20T21:09:02.308+0500] {processor.py:829} INFO - Processing file /usr/local/lib/python3.10/dist-packages/airflow/example_dags/example_short_circuit_operator.py for tasks to queue
[2023-11-20T21:09:02.312+0500] {logging_mixin.py:154} INFO - [2023-11-20T21:09:02.310+0500] {dagbag.py:536} INFO - Filling up the DagBag from /usr/local/lib/python3.10/dist-packages/airflow/example_dags/example_short_circuit_operator.py
[2023-11-20T21:09:02.348+0500] {processor.py:839} INFO - DAG(s) dict_keys(['example_short_circuit_operator']) retrieved from /usr/local/lib/python3.10/dist-packages/airflow/example_dags/example_short_circuit_operator.py
[2023-11-20T21:09:02.486+0500] {logging_mixin.py:154} INFO - [2023-11-20T21:09:02.485+0500] {dag.py:2941} INFO - Sync 1 DAGs
[2023-11-20T21:09:02.597+0500] {logging_mixin.py:154} INFO - [2023-11-20T21:09:02.596+0500] {dag.py:3722} INFO - Setting next_dagrun for example_short_circuit_operator to 2023-11-19T16:09:02.595975+00:00, run_after=2023-11-20T16:09:02.595975+00:00
[2023-11-20T21:09:02.690+0500] {processor.py:179} INFO - Processing /usr/local/lib/python3.10/dist-packages/airflow/example_dags/example_short_circuit_operator.py took 0.398 seconds
[2023-11-20T21:09:33.322+0500] {processor.py:157} INFO - Started process (PID=28841) to work on /usr/local/lib/python3.10/dist-packages/airflow/example_dags/example_short_circuit_operator.py
[2023-11-20T21:09:33.326+0500] {processor.py:829} INFO - Processing file /usr/local/lib/python3.10/dist-packages/airflow/example_dags/example_short_circuit_operator.py for tasks to queue
[2023-11-20T21:09:33.330+0500] {logging_mixin.py:154} INFO - [2023-11-20T21:09:33.328+0500] {dagbag.py:536} INFO - Filling up the DagBag from /usr/local/lib/python3.10/dist-packages/airflow/example_dags/example_short_circuit_operator.py
[2023-11-20T21:09:33.374+0500] {processor.py:839} INFO - DAG(s) dict_keys(['example_short_circuit_operator']) retrieved from /usr/local/lib/python3.10/dist-packages/airflow/example_dags/example_short_circuit_operator.py
[2023-11-20T21:09:33.501+0500] {logging_mixin.py:154} INFO - [2023-11-20T21:09:33.500+0500] {dag.py:2941} INFO - Sync 1 DAGs
[2023-11-20T21:09:33.613+0500] {logging_mixin.py:154} INFO - [2023-11-20T21:09:33.612+0500] {dag.py:3722} INFO - Setting next_dagrun for example_short_circuit_operator to 2023-11-19T16:09:33.610971+00:00, run_after=2023-11-20T16:09:33.610971+00:00
[2023-11-20T21:09:33.713+0500] {processor.py:179} INFO - Processing /usr/local/lib/python3.10/dist-packages/airflow/example_dags/example_short_circuit_operator.py took 0.404 seconds
[2023-11-20T21:10:04.239+0500] {processor.py:157} INFO - Started process (PID=29121) to work on /usr/local/lib/python3.10/dist-packages/airflow/example_dags/example_short_circuit_operator.py
[2023-11-20T21:10:04.242+0500] {processor.py:829} INFO - Processing file /usr/local/lib/python3.10/dist-packages/airflow/example_dags/example_short_circuit_operator.py for tasks to queue
[2023-11-20T21:10:04.245+0500] {logging_mixin.py:154} INFO - [2023-11-20T21:10:04.244+0500] {dagbag.py:536} INFO - Filling up the DagBag from /usr/local/lib/python3.10/dist-packages/airflow/example_dags/example_short_circuit_operator.py
[2023-11-20T21:10:04.287+0500] {processor.py:839} INFO - DAG(s) dict_keys(['example_short_circuit_operator']) retrieved from /usr/local/lib/python3.10/dist-packages/airflow/example_dags/example_short_circuit_operator.py
[2023-11-20T21:10:04.502+0500] {logging_mixin.py:154} INFO - [2023-11-20T21:10:04.501+0500] {dag.py:2941} INFO - Sync 1 DAGs
[2023-11-20T21:10:04.654+0500] {logging_mixin.py:154} INFO - [2023-11-20T21:10:04.653+0500] {dag.py:3722} INFO - Setting next_dagrun for example_short_circuit_operator to 2023-11-19T16:10:04.652296+00:00, run_after=2023-11-20T16:10:04.652296+00:00
[2023-11-20T21:10:04.815+0500] {processor.py:179} INFO - Processing /usr/local/lib/python3.10/dist-packages/airflow/example_dags/example_short_circuit_operator.py took 0.592 seconds
[2023-11-20T21:10:35.013+0500] {processor.py:157} INFO - Started process (PID=29354) to work on /usr/local/lib/python3.10/dist-packages/airflow/example_dags/example_short_circuit_operator.py
[2023-11-20T21:10:35.016+0500] {processor.py:829} INFO - Processing file /usr/local/lib/python3.10/dist-packages/airflow/example_dags/example_short_circuit_operator.py for tasks to queue
[2023-11-20T21:10:35.019+0500] {logging_mixin.py:154} INFO - [2023-11-20T21:10:35.018+0500] {dagbag.py:536} INFO - Filling up the DagBag from /usr/local/lib/python3.10/dist-packages/airflow/example_dags/example_short_circuit_operator.py
[2023-11-20T21:10:35.052+0500] {processor.py:839} INFO - DAG(s) dict_keys(['example_short_circuit_operator']) retrieved from /usr/local/lib/python3.10/dist-packages/airflow/example_dags/example_short_circuit_operator.py
[2023-11-20T21:10:35.168+0500] {logging_mixin.py:154} INFO - [2023-11-20T21:10:35.167+0500] {dag.py:2941} INFO - Sync 1 DAGs
[2023-11-20T21:10:35.265+0500] {logging_mixin.py:154} INFO - [2023-11-20T21:10:35.265+0500] {dag.py:3722} INFO - Setting next_dagrun for example_short_circuit_operator to 2023-11-19T16:10:35.264202+00:00, run_after=2023-11-20T16:10:35.264202+00:00
[2023-11-20T21:10:35.347+0500] {processor.py:179} INFO - Processing /usr/local/lib/python3.10/dist-packages/airflow/example_dags/example_short_circuit_operator.py took 0.346 seconds
[2023-11-20T21:11:05.439+0500] {processor.py:157} INFO - Started process (PID=29510) to work on /usr/local/lib/python3.10/dist-packages/airflow/example_dags/example_short_circuit_operator.py
[2023-11-20T21:11:05.442+0500] {processor.py:829} INFO - Processing file /usr/local/lib/python3.10/dist-packages/airflow/example_dags/example_short_circuit_operator.py for tasks to queue
[2023-11-20T21:11:05.445+0500] {logging_mixin.py:154} INFO - [2023-11-20T21:11:05.444+0500] {dagbag.py:536} INFO - Filling up the DagBag from /usr/local/lib/python3.10/dist-packages/airflow/example_dags/example_short_circuit_operator.py
[2023-11-20T21:11:05.477+0500] {processor.py:839} INFO - DAG(s) dict_keys(['example_short_circuit_operator']) retrieved from /usr/local/lib/python3.10/dist-packages/airflow/example_dags/example_short_circuit_operator.py
[2023-11-20T21:11:05.599+0500] {logging_mixin.py:154} INFO - [2023-11-20T21:11:05.599+0500] {dag.py:2941} INFO - Sync 1 DAGs
[2023-11-20T21:11:05.700+0500] {logging_mixin.py:154} INFO - [2023-11-20T21:11:05.699+0500] {dag.py:3722} INFO - Setting next_dagrun for example_short_circuit_operator to 2023-11-19T16:11:05.699111+00:00, run_after=2023-11-20T16:11:05.699111+00:00
[2023-11-20T21:11:05.782+0500] {processor.py:179} INFO - Processing /usr/local/lib/python3.10/dist-packages/airflow/example_dags/example_short_circuit_operator.py took 0.355 seconds
[2023-11-20T21:11:40.703+0500] {processor.py:157} INFO - Started process (PID=29646) to work on /usr/local/lib/python3.10/dist-packages/airflow/example_dags/example_short_circuit_operator.py
[2023-11-20T21:11:40.708+0500] {processor.py:829} INFO - Processing file /usr/local/lib/python3.10/dist-packages/airflow/example_dags/example_short_circuit_operator.py for tasks to queue
[2023-11-20T21:11:40.716+0500] {logging_mixin.py:154} INFO - [2023-11-20T21:11:40.710+0500] {dagbag.py:536} INFO - Filling up the DagBag from /usr/local/lib/python3.10/dist-packages/airflow/example_dags/example_short_circuit_operator.py
[2023-11-20T21:11:40.789+0500] {processor.py:839} INFO - DAG(s) dict_keys(['example_short_circuit_operator']) retrieved from /usr/local/lib/python3.10/dist-packages/airflow/example_dags/example_short_circuit_operator.py
[2023-11-20T21:11:40.993+0500] {logging_mixin.py:154} INFO - [2023-11-20T21:11:40.992+0500] {dag.py:2941} INFO - Sync 1 DAGs
[2023-11-20T21:11:41.244+0500] {logging_mixin.py:154} INFO - [2023-11-20T21:11:41.243+0500] {dag.py:3722} INFO - Setting next_dagrun for example_short_circuit_operator to 2023-11-19T16:11:41.242526+00:00, run_after=2023-11-20T16:11:41.242526+00:00
[2023-11-20T21:11:41.399+0500] {processor.py:179} INFO - Processing /usr/local/lib/python3.10/dist-packages/airflow/example_dags/example_short_circuit_operator.py took 0.722 seconds
[2023-11-20T21:12:11.618+0500] {processor.py:157} INFO - Started process (PID=29855) to work on /usr/local/lib/python3.10/dist-packages/airflow/example_dags/example_short_circuit_operator.py
[2023-11-20T21:12:11.621+0500] {processor.py:829} INFO - Processing file /usr/local/lib/python3.10/dist-packages/airflow/example_dags/example_short_circuit_operator.py for tasks to queue
[2023-11-20T21:12:11.624+0500] {logging_mixin.py:154} INFO - [2023-11-20T21:12:11.623+0500] {dagbag.py:536} INFO - Filling up the DagBag from /usr/local/lib/python3.10/dist-packages/airflow/example_dags/example_short_circuit_operator.py
[2023-11-20T21:12:11.656+0500] {processor.py:839} INFO - DAG(s) dict_keys(['example_short_circuit_operator']) retrieved from /usr/local/lib/python3.10/dist-packages/airflow/example_dags/example_short_circuit_operator.py
[2023-11-20T21:12:11.774+0500] {logging_mixin.py:154} INFO - [2023-11-20T21:12:11.773+0500] {dag.py:2941} INFO - Sync 1 DAGs
[2023-11-20T21:12:11.880+0500] {logging_mixin.py:154} INFO - [2023-11-20T21:12:11.880+0500] {dag.py:3722} INFO - Setting next_dagrun for example_short_circuit_operator to 2023-11-19T16:12:11.879152+00:00, run_after=2023-11-20T16:12:11.879152+00:00
[2023-11-20T21:12:11.973+0500] {processor.py:179} INFO - Processing /usr/local/lib/python3.10/dist-packages/airflow/example_dags/example_short_circuit_operator.py took 0.366 seconds
[2023-11-20T21:12:42.615+0500] {processor.py:157} INFO - Started process (PID=30079) to work on /usr/local/lib/python3.10/dist-packages/airflow/example_dags/example_short_circuit_operator.py
[2023-11-20T21:12:42.618+0500] {processor.py:829} INFO - Processing file /usr/local/lib/python3.10/dist-packages/airflow/example_dags/example_short_circuit_operator.py for tasks to queue
[2023-11-20T21:12:42.621+0500] {logging_mixin.py:154} INFO - [2023-11-20T21:12:42.620+0500] {dagbag.py:536} INFO - Filling up the DagBag from /usr/local/lib/python3.10/dist-packages/airflow/example_dags/example_short_circuit_operator.py
[2023-11-20T21:12:42.656+0500] {processor.py:839} INFO - DAG(s) dict_keys(['example_short_circuit_operator']) retrieved from /usr/local/lib/python3.10/dist-packages/airflow/example_dags/example_short_circuit_operator.py
[2023-11-20T21:12:42.773+0500] {logging_mixin.py:154} INFO - [2023-11-20T21:12:42.772+0500] {dag.py:2941} INFO - Sync 1 DAGs
[2023-11-20T21:12:42.876+0500] {logging_mixin.py:154} INFO - [2023-11-20T21:12:42.875+0500] {dag.py:3722} INFO - Setting next_dagrun for example_short_circuit_operator to 2023-11-19T16:12:42.874828+00:00, run_after=2023-11-20T16:12:42.874828+00:00
[2023-11-20T21:12:42.955+0500] {processor.py:179} INFO - Processing /usr/local/lib/python3.10/dist-packages/airflow/example_dags/example_short_circuit_operator.py took 0.351 seconds
[2023-11-20T21:13:17.314+0500] {processor.py:157} INFO - Started process (PID=30239) to work on /usr/local/lib/python3.10/dist-packages/airflow/example_dags/example_short_circuit_operator.py
[2023-11-20T21:13:17.318+0500] {processor.py:829} INFO - Processing file /usr/local/lib/python3.10/dist-packages/airflow/example_dags/example_short_circuit_operator.py for tasks to queue
[2023-11-20T21:13:17.321+0500] {logging_mixin.py:154} INFO - [2023-11-20T21:13:17.320+0500] {dagbag.py:536} INFO - Filling up the DagBag from /usr/local/lib/python3.10/dist-packages/airflow/example_dags/example_short_circuit_operator.py
[2023-11-20T21:13:17.357+0500] {processor.py:839} INFO - DAG(s) dict_keys(['example_short_circuit_operator']) retrieved from /usr/local/lib/python3.10/dist-packages/airflow/example_dags/example_short_circuit_operator.py
[2023-11-20T21:13:17.490+0500] {logging_mixin.py:154} INFO - [2023-11-20T21:13:17.490+0500] {dag.py:2941} INFO - Sync 1 DAGs
[2023-11-20T21:13:17.604+0500] {logging_mixin.py:154} INFO - [2023-11-20T21:13:17.602+0500] {dag.py:3722} INFO - Setting next_dagrun for example_short_circuit_operator to 2023-11-19T16:13:17.601798+00:00, run_after=2023-11-20T16:13:17.601798+00:00
[2023-11-20T21:13:17.694+0500] {processor.py:179} INFO - Processing /usr/local/lib/python3.10/dist-packages/airflow/example_dags/example_short_circuit_operator.py took 0.394 seconds
[2023-11-20T21:13:47.882+0500] {processor.py:157} INFO - Started process (PID=30351) to work on /usr/local/lib/python3.10/dist-packages/airflow/example_dags/example_short_circuit_operator.py
[2023-11-20T21:13:47.885+0500] {processor.py:829} INFO - Processing file /usr/local/lib/python3.10/dist-packages/airflow/example_dags/example_short_circuit_operator.py for tasks to queue
[2023-11-20T21:13:47.890+0500] {logging_mixin.py:154} INFO - [2023-11-20T21:13:47.887+0500] {dagbag.py:536} INFO - Filling up the DagBag from /usr/local/lib/python3.10/dist-packages/airflow/example_dags/example_short_circuit_operator.py
[2023-11-20T21:13:47.927+0500] {processor.py:839} INFO - DAG(s) dict_keys(['example_short_circuit_operator']) retrieved from /usr/local/lib/python3.10/dist-packages/airflow/example_dags/example_short_circuit_operator.py
[2023-11-20T21:13:48.041+0500] {logging_mixin.py:154} INFO - [2023-11-20T21:13:48.040+0500] {dag.py:2941} INFO - Sync 1 DAGs
[2023-11-20T21:13:48.146+0500] {logging_mixin.py:154} INFO - [2023-11-20T21:13:48.145+0500] {dag.py:3722} INFO - Setting next_dagrun for example_short_circuit_operator to 2023-11-19T16:13:48.144926+00:00, run_after=2023-11-20T16:13:48.144926+00:00
[2023-11-20T21:13:48.241+0500] {processor.py:179} INFO - Processing /usr/local/lib/python3.10/dist-packages/airflow/example_dags/example_short_circuit_operator.py took 0.372 seconds
[2023-11-20T21:14:18.713+0500] {processor.py:157} INFO - Started process (PID=30451) to work on /usr/local/lib/python3.10/dist-packages/airflow/example_dags/example_short_circuit_operator.py
[2023-11-20T21:14:18.717+0500] {processor.py:829} INFO - Processing file /usr/local/lib/python3.10/dist-packages/airflow/example_dags/example_short_circuit_operator.py for tasks to queue
[2023-11-20T21:14:18.720+0500] {logging_mixin.py:154} INFO - [2023-11-20T21:14:18.719+0500] {dagbag.py:536} INFO - Filling up the DagBag from /usr/local/lib/python3.10/dist-packages/airflow/example_dags/example_short_circuit_operator.py
[2023-11-20T21:14:18.769+0500] {processor.py:839} INFO - DAG(s) dict_keys(['example_short_circuit_operator']) retrieved from /usr/local/lib/python3.10/dist-packages/airflow/example_dags/example_short_circuit_operator.py
[2023-11-20T21:14:18.998+0500] {logging_mixin.py:154} INFO - [2023-11-20T21:14:18.997+0500] {dag.py:2941} INFO - Sync 1 DAGs
[2023-11-20T21:14:19.142+0500] {logging_mixin.py:154} INFO - [2023-11-20T21:14:19.141+0500] {dag.py:3722} INFO - Setting next_dagrun for example_short_circuit_operator to 2023-11-19T16:14:19.140844+00:00, run_after=2023-11-20T16:14:19.140844+00:00
[2023-11-20T21:14:19.238+0500] {processor.py:179} INFO - Processing /usr/local/lib/python3.10/dist-packages/airflow/example_dags/example_short_circuit_operator.py took 0.538 seconds
[2023-11-20T21:14:55.044+0500] {processor.py:157} INFO - Started process (PID=30585) to work on /usr/local/lib/python3.10/dist-packages/airflow/example_dags/example_short_circuit_operator.py
[2023-11-20T21:14:55.047+0500] {processor.py:829} INFO - Processing file /usr/local/lib/python3.10/dist-packages/airflow/example_dags/example_short_circuit_operator.py for tasks to queue
[2023-11-20T21:14:55.050+0500] {logging_mixin.py:154} INFO - [2023-11-20T21:14:55.049+0500] {dagbag.py:536} INFO - Filling up the DagBag from /usr/local/lib/python3.10/dist-packages/airflow/example_dags/example_short_circuit_operator.py
[2023-11-20T21:14:55.131+0500] {processor.py:839} INFO - DAG(s) dict_keys(['example_short_circuit_operator']) retrieved from /usr/local/lib/python3.10/dist-packages/airflow/example_dags/example_short_circuit_operator.py
[2023-11-20T21:14:55.530+0500] {logging_mixin.py:154} INFO - [2023-11-20T21:14:55.529+0500] {dag.py:2941} INFO - Sync 1 DAGs
[2023-11-20T21:14:56.110+0500] {logging_mixin.py:154} INFO - [2023-11-20T21:14:56.109+0500] {dag.py:3722} INFO - Setting next_dagrun for example_short_circuit_operator to 2023-11-19T16:14:56.108651+00:00, run_after=2023-11-20T16:14:56.108651+00:00
[2023-11-20T21:14:56.439+0500] {processor.py:179} INFO - Processing /usr/local/lib/python3.10/dist-packages/airflow/example_dags/example_short_circuit_operator.py took 1.407 seconds
[2023-11-20T21:15:27.150+0500] {processor.py:157} INFO - Started process (PID=30949) to work on /usr/local/lib/python3.10/dist-packages/airflow/example_dags/example_short_circuit_operator.py
[2023-11-20T21:15:27.153+0500] {processor.py:829} INFO - Processing file /usr/local/lib/python3.10/dist-packages/airflow/example_dags/example_short_circuit_operator.py for tasks to queue
[2023-11-20T21:15:27.156+0500] {logging_mixin.py:154} INFO - [2023-11-20T21:15:27.155+0500] {dagbag.py:536} INFO - Filling up the DagBag from /usr/local/lib/python3.10/dist-packages/airflow/example_dags/example_short_circuit_operator.py
[2023-11-20T21:15:27.188+0500] {processor.py:839} INFO - DAG(s) dict_keys(['example_short_circuit_operator']) retrieved from /usr/local/lib/python3.10/dist-packages/airflow/example_dags/example_short_circuit_operator.py
[2023-11-20T21:15:27.304+0500] {logging_mixin.py:154} INFO - [2023-11-20T21:15:27.303+0500] {dag.py:2941} INFO - Sync 1 DAGs
[2023-11-20T21:15:27.403+0500] {logging_mixin.py:154} INFO - [2023-11-20T21:15:27.402+0500] {dag.py:3722} INFO - Setting next_dagrun for example_short_circuit_operator to 2023-11-19T16:15:27.401813+00:00, run_after=2023-11-20T16:15:27.401813+00:00
[2023-11-20T21:15:27.481+0500] {processor.py:179} INFO - Processing /usr/local/lib/python3.10/dist-packages/airflow/example_dags/example_short_circuit_operator.py took 0.343 seconds
[2023-11-20T21:15:58.113+0500] {processor.py:157} INFO - Started process (PID=31120) to work on /usr/local/lib/python3.10/dist-packages/airflow/example_dags/example_short_circuit_operator.py
[2023-11-20T21:15:58.117+0500] {processor.py:829} INFO - Processing file /usr/local/lib/python3.10/dist-packages/airflow/example_dags/example_short_circuit_operator.py for tasks to queue
[2023-11-20T21:15:58.120+0500] {logging_mixin.py:154} INFO - [2023-11-20T21:15:58.119+0500] {dagbag.py:536} INFO - Filling up the DagBag from /usr/local/lib/python3.10/dist-packages/airflow/example_dags/example_short_circuit_operator.py
[2023-11-20T21:15:58.156+0500] {processor.py:839} INFO - DAG(s) dict_keys(['example_short_circuit_operator']) retrieved from /usr/local/lib/python3.10/dist-packages/airflow/example_dags/example_short_circuit_operator.py
[2023-11-20T21:15:58.334+0500] {logging_mixin.py:154} INFO - [2023-11-20T21:15:58.333+0500] {dag.py:2941} INFO - Sync 1 DAGs
[2023-11-20T21:15:58.457+0500] {logging_mixin.py:154} INFO - [2023-11-20T21:15:58.457+0500] {dag.py:3722} INFO - Setting next_dagrun for example_short_circuit_operator to 2023-11-19T16:15:58.456104+00:00, run_after=2023-11-20T16:15:58.456104+00:00
[2023-11-20T21:15:58.586+0500] {processor.py:179} INFO - Processing /usr/local/lib/python3.10/dist-packages/airflow/example_dags/example_short_circuit_operator.py took 0.484 seconds
[2023-11-20T21:16:29.037+0500] {processor.py:157} INFO - Started process (PID=31215) to work on /usr/local/lib/python3.10/dist-packages/airflow/example_dags/example_short_circuit_operator.py
[2023-11-20T21:16:29.040+0500] {processor.py:829} INFO - Processing file /usr/local/lib/python3.10/dist-packages/airflow/example_dags/example_short_circuit_operator.py for tasks to queue
[2023-11-20T21:16:29.043+0500] {logging_mixin.py:154} INFO - [2023-11-20T21:16:29.042+0500] {dagbag.py:536} INFO - Filling up the DagBag from /usr/local/lib/python3.10/dist-packages/airflow/example_dags/example_short_circuit_operator.py
[2023-11-20T21:16:29.076+0500] {processor.py:839} INFO - DAG(s) dict_keys(['example_short_circuit_operator']) retrieved from /usr/local/lib/python3.10/dist-packages/airflow/example_dags/example_short_circuit_operator.py
[2023-11-20T21:16:29.195+0500] {logging_mixin.py:154} INFO - [2023-11-20T21:16:29.194+0500] {dag.py:2941} INFO - Sync 1 DAGs
[2023-11-20T21:16:29.298+0500] {logging_mixin.py:154} INFO - [2023-11-20T21:16:29.297+0500] {dag.py:3722} INFO - Setting next_dagrun for example_short_circuit_operator to 2023-11-19T16:16:29.296995+00:00, run_after=2023-11-20T16:16:29.296995+00:00
[2023-11-20T21:16:29.378+0500] {processor.py:179} INFO - Processing /usr/local/lib/python3.10/dist-packages/airflow/example_dags/example_short_circuit_operator.py took 0.352 seconds
[2023-11-20T21:16:59.470+0500] {processor.py:157} INFO - Started process (PID=31319) to work on /usr/local/lib/python3.10/dist-packages/airflow/example_dags/example_short_circuit_operator.py
[2023-11-20T21:16:59.473+0500] {processor.py:829} INFO - Processing file /usr/local/lib/python3.10/dist-packages/airflow/example_dags/example_short_circuit_operator.py for tasks to queue
[2023-11-20T21:16:59.476+0500] {logging_mixin.py:154} INFO - [2023-11-20T21:16:59.475+0500] {dagbag.py:536} INFO - Filling up the DagBag from /usr/local/lib/python3.10/dist-packages/airflow/example_dags/example_short_circuit_operator.py
[2023-11-20T21:16:59.509+0500] {processor.py:839} INFO - DAG(s) dict_keys(['example_short_circuit_operator']) retrieved from /usr/local/lib/python3.10/dist-packages/airflow/example_dags/example_short_circuit_operator.py
[2023-11-20T21:16:59.625+0500] {logging_mixin.py:154} INFO - [2023-11-20T21:16:59.625+0500] {dag.py:2941} INFO - Sync 1 DAGs
[2023-11-20T21:16:59.725+0500] {logging_mixin.py:154} INFO - [2023-11-20T21:16:59.724+0500] {dag.py:3722} INFO - Setting next_dagrun for example_short_circuit_operator to 2023-11-19T16:16:59.723755+00:00, run_after=2023-11-20T16:16:59.723755+00:00
[2023-11-20T21:16:59.802+0500] {processor.py:179} INFO - Processing /usr/local/lib/python3.10/dist-packages/airflow/example_dags/example_short_circuit_operator.py took 0.343 seconds
[2023-11-20T21:17:30.150+0500] {processor.py:157} INFO - Started process (PID=31446) to work on /usr/local/lib/python3.10/dist-packages/airflow/example_dags/example_short_circuit_operator.py
[2023-11-20T21:17:30.153+0500] {processor.py:829} INFO - Processing file /usr/local/lib/python3.10/dist-packages/airflow/example_dags/example_short_circuit_operator.py for tasks to queue
[2023-11-20T21:17:30.157+0500] {logging_mixin.py:154} INFO - [2023-11-20T21:17:30.155+0500] {dagbag.py:536} INFO - Filling up the DagBag from /usr/local/lib/python3.10/dist-packages/airflow/example_dags/example_short_circuit_operator.py
[2023-11-20T21:17:30.188+0500] {processor.py:839} INFO - DAG(s) dict_keys(['example_short_circuit_operator']) retrieved from /usr/local/lib/python3.10/dist-packages/airflow/example_dags/example_short_circuit_operator.py
[2023-11-20T21:17:30.306+0500] {logging_mixin.py:154} INFO - [2023-11-20T21:17:30.305+0500] {dag.py:2941} INFO - Sync 1 DAGs
[2023-11-20T21:17:30.405+0500] {logging_mixin.py:154} INFO - [2023-11-20T21:17:30.404+0500] {dag.py:3722} INFO - Setting next_dagrun for example_short_circuit_operator to 2023-11-19T16:17:30.403591+00:00, run_after=2023-11-20T16:17:30.403591+00:00
[2023-11-20T21:17:30.484+0500] {processor.py:179} INFO - Processing /usr/local/lib/python3.10/dist-packages/airflow/example_dags/example_short_circuit_operator.py took 0.346 seconds
[2023-11-20T21:18:00.963+0500] {processor.py:157} INFO - Started process (PID=31556) to work on /usr/local/lib/python3.10/dist-packages/airflow/example_dags/example_short_circuit_operator.py
[2023-11-20T21:18:00.969+0500] {processor.py:829} INFO - Processing file /usr/local/lib/python3.10/dist-packages/airflow/example_dags/example_short_circuit_operator.py for tasks to queue
[2023-11-20T21:18:00.973+0500] {logging_mixin.py:154} INFO - [2023-11-20T21:18:00.972+0500] {dagbag.py:536} INFO - Filling up the DagBag from /usr/local/lib/python3.10/dist-packages/airflow/example_dags/example_short_circuit_operator.py
[2023-11-20T21:18:01.019+0500] {processor.py:839} INFO - DAG(s) dict_keys(['example_short_circuit_operator']) retrieved from /usr/local/lib/python3.10/dist-packages/airflow/example_dags/example_short_circuit_operator.py
[2023-11-20T21:18:01.141+0500] {logging_mixin.py:154} INFO - [2023-11-20T21:18:01.140+0500] {dag.py:2941} INFO - Sync 1 DAGs
[2023-11-20T21:18:01.245+0500] {logging_mixin.py:154} INFO - [2023-11-20T21:18:01.244+0500] {dag.py:3722} INFO - Setting next_dagrun for example_short_circuit_operator to 2023-11-19T16:18:01.243354+00:00, run_after=2023-11-20T16:18:01.243354+00:00
[2023-11-20T21:18:01.327+0500] {processor.py:179} INFO - Processing /usr/local/lib/python3.10/dist-packages/airflow/example_dags/example_short_circuit_operator.py took 0.378 seconds
[2023-11-20T21:18:34.134+0500] {processor.py:157} INFO - Started process (PID=31671) to work on /usr/local/lib/python3.10/dist-packages/airflow/example_dags/example_short_circuit_operator.py
[2023-11-20T21:18:34.138+0500] {processor.py:829} INFO - Processing file /usr/local/lib/python3.10/dist-packages/airflow/example_dags/example_short_circuit_operator.py for tasks to queue
[2023-11-20T21:18:34.142+0500] {logging_mixin.py:154} INFO - [2023-11-20T21:18:34.141+0500] {dagbag.py:536} INFO - Filling up the DagBag from /usr/local/lib/python3.10/dist-packages/airflow/example_dags/example_short_circuit_operator.py
[2023-11-20T21:18:34.180+0500] {processor.py:839} INFO - DAG(s) dict_keys(['example_short_circuit_operator']) retrieved from /usr/local/lib/python3.10/dist-packages/airflow/example_dags/example_short_circuit_operator.py
[2023-11-20T21:18:34.304+0500] {logging_mixin.py:154} INFO - [2023-11-20T21:18:34.304+0500] {dag.py:2941} INFO - Sync 1 DAGs
[2023-11-20T21:18:34.408+0500] {logging_mixin.py:154} INFO - [2023-11-20T21:18:34.407+0500] {dag.py:3722} INFO - Setting next_dagrun for example_short_circuit_operator to 2023-11-19T16:18:34.406482+00:00, run_after=2023-11-20T16:18:34.406482+00:00
[2023-11-20T21:18:34.494+0500] {processor.py:179} INFO - Processing /usr/local/lib/python3.10/dist-packages/airflow/example_dags/example_short_circuit_operator.py took 0.374 seconds
[2023-11-20T21:19:06.982+0500] {processor.py:157} INFO - Started process (PID=31779) to work on /usr/local/lib/python3.10/dist-packages/airflow/example_dags/example_short_circuit_operator.py
[2023-11-20T21:19:06.985+0500] {processor.py:829} INFO - Processing file /usr/local/lib/python3.10/dist-packages/airflow/example_dags/example_short_circuit_operator.py for tasks to queue
[2023-11-20T21:19:06.989+0500] {logging_mixin.py:154} INFO - [2023-11-20T21:19:06.987+0500] {dagbag.py:536} INFO - Filling up the DagBag from /usr/local/lib/python3.10/dist-packages/airflow/example_dags/example_short_circuit_operator.py
[2023-11-20T21:19:07.023+0500] {processor.py:839} INFO - DAG(s) dict_keys(['example_short_circuit_operator']) retrieved from /usr/local/lib/python3.10/dist-packages/airflow/example_dags/example_short_circuit_operator.py
[2023-11-20T21:19:07.152+0500] {logging_mixin.py:154} INFO - [2023-11-20T21:19:07.152+0500] {dag.py:2941} INFO - Sync 1 DAGs
[2023-11-20T21:19:07.250+0500] {logging_mixin.py:154} INFO - [2023-11-20T21:19:07.250+0500] {dag.py:3722} INFO - Setting next_dagrun for example_short_circuit_operator to 2023-11-19T16:19:07.249301+00:00, run_after=2023-11-20T16:19:07.249301+00:00
[2023-11-20T21:19:07.343+0500] {processor.py:179} INFO - Processing /usr/local/lib/python3.10/dist-packages/airflow/example_dags/example_short_circuit_operator.py took 0.379 seconds
[2023-11-20T21:19:37.614+0500] {processor.py:157} INFO - Started process (PID=31940) to work on /usr/local/lib/python3.10/dist-packages/airflow/example_dags/example_short_circuit_operator.py
[2023-11-20T21:19:37.617+0500] {processor.py:829} INFO - Processing file /usr/local/lib/python3.10/dist-packages/airflow/example_dags/example_short_circuit_operator.py for tasks to queue
[2023-11-20T21:19:37.620+0500] {logging_mixin.py:154} INFO - [2023-11-20T21:19:37.619+0500] {dagbag.py:536} INFO - Filling up the DagBag from /usr/local/lib/python3.10/dist-packages/airflow/example_dags/example_short_circuit_operator.py
[2023-11-20T21:19:37.653+0500] {processor.py:839} INFO - DAG(s) dict_keys(['example_short_circuit_operator']) retrieved from /usr/local/lib/python3.10/dist-packages/airflow/example_dags/example_short_circuit_operator.py
[2023-11-20T21:19:37.769+0500] {logging_mixin.py:154} INFO - [2023-11-20T21:19:37.768+0500] {dag.py:2941} INFO - Sync 1 DAGs
[2023-11-20T21:19:37.867+0500] {logging_mixin.py:154} INFO - [2023-11-20T21:19:37.867+0500] {dag.py:3722} INFO - Setting next_dagrun for example_short_circuit_operator to 2023-11-19T16:19:37.866292+00:00, run_after=2023-11-20T16:19:37.866292+00:00
[2023-11-20T21:19:37.946+0500] {processor.py:179} INFO - Processing /usr/local/lib/python3.10/dist-packages/airflow/example_dags/example_short_circuit_operator.py took 0.345 seconds
[2023-11-20T21:20:11.419+0500] {processor.py:157} INFO - Started process (PID=32491) to work on /usr/local/lib/python3.10/dist-packages/airflow/example_dags/example_short_circuit_operator.py
[2023-11-20T21:20:11.429+0500] {processor.py:829} INFO - Processing file /usr/local/lib/python3.10/dist-packages/airflow/example_dags/example_short_circuit_operator.py for tasks to queue
[2023-11-20T21:20:11.435+0500] {logging_mixin.py:154} INFO - [2023-11-20T21:20:11.434+0500] {dagbag.py:536} INFO - Filling up the DagBag from /usr/local/lib/python3.10/dist-packages/airflow/example_dags/example_short_circuit_operator.py
[2023-11-20T21:20:11.556+0500] {processor.py:839} INFO - DAG(s) dict_keys(['example_short_circuit_operator']) retrieved from /usr/local/lib/python3.10/dist-packages/airflow/example_dags/example_short_circuit_operator.py
[2023-11-20T21:20:11.721+0500] {logging_mixin.py:154} INFO - [2023-11-20T21:20:11.720+0500] {dag.py:2941} INFO - Sync 1 DAGs
[2023-11-20T21:20:11.845+0500] {logging_mixin.py:154} INFO - [2023-11-20T21:20:11.844+0500] {dag.py:3722} INFO - Setting next_dagrun for example_short_circuit_operator to 2023-11-19T16:20:11.843864+00:00, run_after=2023-11-20T16:20:11.843864+00:00
[2023-11-20T21:20:11.927+0500] {processor.py:179} INFO - Processing /usr/local/lib/python3.10/dist-packages/airflow/example_dags/example_short_circuit_operator.py took 0.542 seconds
[2023-11-20T21:20:46.492+0500] {processor.py:157} INFO - Started process (PID=32765) to work on /usr/local/lib/python3.10/dist-packages/airflow/example_dags/example_short_circuit_operator.py
[2023-11-20T21:20:46.496+0500] {processor.py:829} INFO - Processing file /usr/local/lib/python3.10/dist-packages/airflow/example_dags/example_short_circuit_operator.py for tasks to queue
[2023-11-20T21:20:46.499+0500] {logging_mixin.py:154} INFO - [2023-11-20T21:20:46.498+0500] {dagbag.py:536} INFO - Filling up the DagBag from /usr/local/lib/python3.10/dist-packages/airflow/example_dags/example_short_circuit_operator.py
[2023-11-20T21:20:46.539+0500] {processor.py:839} INFO - DAG(s) dict_keys(['example_short_circuit_operator']) retrieved from /usr/local/lib/python3.10/dist-packages/airflow/example_dags/example_short_circuit_operator.py
[2023-11-20T21:20:46.678+0500] {logging_mixin.py:154} INFO - [2023-11-20T21:20:46.677+0500] {dag.py:2941} INFO - Sync 1 DAGs
[2023-11-20T21:20:46.811+0500] {logging_mixin.py:154} INFO - [2023-11-20T21:20:46.810+0500] {dag.py:3722} INFO - Setting next_dagrun for example_short_circuit_operator to 2023-11-19T16:20:46.807267+00:00, run_after=2023-11-20T16:20:46.807267+00:00
[2023-11-20T21:20:46.910+0500] {processor.py:179} INFO - Processing /usr/local/lib/python3.10/dist-packages/airflow/example_dags/example_short_circuit_operator.py took 0.433 seconds
[2023-11-20T21:21:40.626+0500] {processor.py:157} INFO - Started process (PID=33029) to work on /usr/local/lib/python3.10/dist-packages/airflow/example_dags/example_short_circuit_operator.py
[2023-11-20T21:21:40.630+0500] {processor.py:829} INFO - Processing file /usr/local/lib/python3.10/dist-packages/airflow/example_dags/example_short_circuit_operator.py for tasks to queue
[2023-11-20T21:21:40.633+0500] {logging_mixin.py:154} INFO - [2023-11-20T21:21:40.632+0500] {dagbag.py:536} INFO - Filling up the DagBag from /usr/local/lib/python3.10/dist-packages/airflow/example_dags/example_short_circuit_operator.py
[2023-11-20T21:21:40.676+0500] {processor.py:839} INFO - DAG(s) dict_keys(['example_short_circuit_operator']) retrieved from /usr/local/lib/python3.10/dist-packages/airflow/example_dags/example_short_circuit_operator.py
[2023-11-20T21:21:40.815+0500] {logging_mixin.py:154} INFO - [2023-11-20T21:21:40.814+0500] {dag.py:2941} INFO - Sync 1 DAGs
[2023-11-20T21:21:40.966+0500] {logging_mixin.py:154} INFO - [2023-11-20T21:21:40.965+0500] {dag.py:3722} INFO - Setting next_dagrun for example_short_circuit_operator to 2023-11-19T16:21:40.963618+00:00, run_after=2023-11-20T16:21:40.963618+00:00
[2023-11-20T21:21:41.169+0500] {processor.py:179} INFO - Processing /usr/local/lib/python3.10/dist-packages/airflow/example_dags/example_short_circuit_operator.py took 0.555 seconds
[2023-11-20T21:22:15.442+0500] {processor.py:157} INFO - Started process (PID=33173) to work on /usr/local/lib/python3.10/dist-packages/airflow/example_dags/example_short_circuit_operator.py
[2023-11-20T21:22:15.445+0500] {processor.py:829} INFO - Processing file /usr/local/lib/python3.10/dist-packages/airflow/example_dags/example_short_circuit_operator.py for tasks to queue
[2023-11-20T21:22:15.448+0500] {logging_mixin.py:154} INFO - [2023-11-20T21:22:15.447+0500] {dagbag.py:536} INFO - Filling up the DagBag from /usr/local/lib/python3.10/dist-packages/airflow/example_dags/example_short_circuit_operator.py
[2023-11-20T21:22:15.482+0500] {processor.py:839} INFO - DAG(s) dict_keys(['example_short_circuit_operator']) retrieved from /usr/local/lib/python3.10/dist-packages/airflow/example_dags/example_short_circuit_operator.py
[2023-11-20T21:22:15.601+0500] {logging_mixin.py:154} INFO - [2023-11-20T21:22:15.601+0500] {dag.py:2941} INFO - Sync 1 DAGs
[2023-11-20T21:22:15.710+0500] {logging_mixin.py:154} INFO - [2023-11-20T21:22:15.709+0500] {dag.py:3722} INFO - Setting next_dagrun for example_short_circuit_operator to 2023-11-19T16:22:15.708850+00:00, run_after=2023-11-20T16:22:15.708850+00:00
[2023-11-20T21:22:15.812+0500] {processor.py:179} INFO - Processing /usr/local/lib/python3.10/dist-packages/airflow/example_dags/example_short_circuit_operator.py took 0.382 seconds
[2023-11-20T21:22:47.277+0500] {processor.py:157} INFO - Started process (PID=33297) to work on /usr/local/lib/python3.10/dist-packages/airflow/example_dags/example_short_circuit_operator.py
[2023-11-20T21:22:47.280+0500] {processor.py:829} INFO - Processing file /usr/local/lib/python3.10/dist-packages/airflow/example_dags/example_short_circuit_operator.py for tasks to queue
[2023-11-20T21:22:47.283+0500] {logging_mixin.py:154} INFO - [2023-11-20T21:22:47.282+0500] {dagbag.py:536} INFO - Filling up the DagBag from /usr/local/lib/python3.10/dist-packages/airflow/example_dags/example_short_circuit_operator.py
[2023-11-20T21:22:47.318+0500] {processor.py:839} INFO - DAG(s) dict_keys(['example_short_circuit_operator']) retrieved from /usr/local/lib/python3.10/dist-packages/airflow/example_dags/example_short_circuit_operator.py
[2023-11-20T21:22:47.450+0500] {logging_mixin.py:154} INFO - [2023-11-20T21:22:47.449+0500] {dag.py:2941} INFO - Sync 1 DAGs
[2023-11-20T21:22:47.609+0500] {logging_mixin.py:154} INFO - [2023-11-20T21:22:47.608+0500] {dag.py:3722} INFO - Setting next_dagrun for example_short_circuit_operator to 2023-11-19T16:22:47.607235+00:00, run_after=2023-11-20T16:22:47.607235+00:00
[2023-11-20T21:22:47.697+0500] {processor.py:179} INFO - Processing /usr/local/lib/python3.10/dist-packages/airflow/example_dags/example_short_circuit_operator.py took 0.431 seconds
[2023-11-20T21:23:18.316+0500] {processor.py:157} INFO - Started process (PID=33451) to work on /usr/local/lib/python3.10/dist-packages/airflow/example_dags/example_short_circuit_operator.py
[2023-11-20T21:23:18.319+0500] {processor.py:829} INFO - Processing file /usr/local/lib/python3.10/dist-packages/airflow/example_dags/example_short_circuit_operator.py for tasks to queue
[2023-11-20T21:23:18.323+0500] {logging_mixin.py:154} INFO - [2023-11-20T21:23:18.321+0500] {dagbag.py:536} INFO - Filling up the DagBag from /usr/local/lib/python3.10/dist-packages/airflow/example_dags/example_short_circuit_operator.py
[2023-11-20T21:23:18.362+0500] {processor.py:839} INFO - DAG(s) dict_keys(['example_short_circuit_operator']) retrieved from /usr/local/lib/python3.10/dist-packages/airflow/example_dags/example_short_circuit_operator.py
[2023-11-20T21:23:18.498+0500] {logging_mixin.py:154} INFO - [2023-11-20T21:23:18.496+0500] {dag.py:2941} INFO - Sync 1 DAGs
[2023-11-20T21:23:18.602+0500] {logging_mixin.py:154} INFO - [2023-11-20T21:23:18.601+0500] {dag.py:3722} INFO - Setting next_dagrun for example_short_circuit_operator to 2023-11-19T16:23:18.600679+00:00, run_after=2023-11-20T16:23:18.600679+00:00
[2023-11-20T21:23:18.680+0500] {processor.py:179} INFO - Processing /usr/local/lib/python3.10/dist-packages/airflow/example_dags/example_short_circuit_operator.py took 0.379 seconds
[2023-11-20T21:23:49.029+0500] {processor.py:157} INFO - Started process (PID=33558) to work on /usr/local/lib/python3.10/dist-packages/airflow/example_dags/example_short_circuit_operator.py
[2023-11-20T21:23:49.033+0500] {processor.py:829} INFO - Processing file /usr/local/lib/python3.10/dist-packages/airflow/example_dags/example_short_circuit_operator.py for tasks to queue
[2023-11-20T21:23:49.036+0500] {logging_mixin.py:154} INFO - [2023-11-20T21:23:49.035+0500] {dagbag.py:536} INFO - Filling up the DagBag from /usr/local/lib/python3.10/dist-packages/airflow/example_dags/example_short_circuit_operator.py
[2023-11-20T21:23:49.074+0500] {processor.py:839} INFO - DAG(s) dict_keys(['example_short_circuit_operator']) retrieved from /usr/local/lib/python3.10/dist-packages/airflow/example_dags/example_short_circuit_operator.py
[2023-11-20T21:23:49.230+0500] {logging_mixin.py:154} INFO - [2023-11-20T21:23:49.229+0500] {dag.py:2941} INFO - Sync 1 DAGs
[2023-11-20T21:23:49.350+0500] {logging_mixin.py:154} INFO - [2023-11-20T21:23:49.349+0500] {dag.py:3722} INFO - Setting next_dagrun for example_short_circuit_operator to 2023-11-19T16:23:49.348640+00:00, run_after=2023-11-20T16:23:49.348640+00:00
[2023-11-20T21:23:49.465+0500] {processor.py:179} INFO - Processing /usr/local/lib/python3.10/dist-packages/airflow/example_dags/example_short_circuit_operator.py took 0.449 seconds
[2023-11-20T21:24:25.163+0500] {processor.py:157} INFO - Started process (PID=33660) to work on /usr/local/lib/python3.10/dist-packages/airflow/example_dags/example_short_circuit_operator.py
[2023-11-20T21:24:25.172+0500] {processor.py:829} INFO - Processing file /usr/local/lib/python3.10/dist-packages/airflow/example_dags/example_short_circuit_operator.py for tasks to queue
[2023-11-20T21:24:25.177+0500] {logging_mixin.py:154} INFO - [2023-11-20T21:24:25.174+0500] {dagbag.py:536} INFO - Filling up the DagBag from /usr/local/lib/python3.10/dist-packages/airflow/example_dags/example_short_circuit_operator.py
[2023-11-20T21:24:25.394+0500] {processor.py:839} INFO - DAG(s) dict_keys(['example_short_circuit_operator']) retrieved from /usr/local/lib/python3.10/dist-packages/airflow/example_dags/example_short_circuit_operator.py
[2023-11-20T21:24:25.809+0500] {logging_mixin.py:154} INFO - [2023-11-20T21:24:25.808+0500] {dag.py:2941} INFO - Sync 1 DAGs
[2023-11-20T21:24:26.101+0500] {logging_mixin.py:154} INFO - [2023-11-20T21:24:26.100+0500] {dag.py:3722} INFO - Setting next_dagrun for example_short_circuit_operator to 2023-11-19T16:24:26.099252+00:00, run_after=2023-11-20T16:24:26.099252+00:00
[2023-11-20T21:24:26.331+0500] {processor.py:179} INFO - Processing /usr/local/lib/python3.10/dist-packages/airflow/example_dags/example_short_circuit_operator.py took 1.245 seconds
[2023-11-20T21:25:10.245+0500] {processor.py:157} INFO - Started process (PID=33781) to work on /usr/local/lib/python3.10/dist-packages/airflow/example_dags/example_short_circuit_operator.py
[2023-11-20T21:25:10.250+0500] {processor.py:829} INFO - Processing file /usr/local/lib/python3.10/dist-packages/airflow/example_dags/example_short_circuit_operator.py for tasks to queue
[2023-11-20T21:25:10.253+0500] {logging_mixin.py:154} INFO - [2023-11-20T21:25:10.252+0500] {dagbag.py:536} INFO - Filling up the DagBag from /usr/local/lib/python3.10/dist-packages/airflow/example_dags/example_short_circuit_operator.py
[2023-11-20T21:25:10.316+0500] {processor.py:839} INFO - DAG(s) dict_keys(['example_short_circuit_operator']) retrieved from /usr/local/lib/python3.10/dist-packages/airflow/example_dags/example_short_circuit_operator.py
[2023-11-20T21:25:10.529+0500] {logging_mixin.py:154} INFO - [2023-11-20T21:25:10.529+0500] {dag.py:2941} INFO - Sync 1 DAGs
[2023-11-20T21:25:10.666+0500] {logging_mixin.py:154} INFO - [2023-11-20T21:25:10.665+0500] {dag.py:3722} INFO - Setting next_dagrun for example_short_circuit_operator to 2023-11-19T16:25:10.658913+00:00, run_after=2023-11-20T16:25:10.658913+00:00
[2023-11-20T21:25:10.977+0500] {processor.py:179} INFO - Processing /usr/local/lib/python3.10/dist-packages/airflow/example_dags/example_short_circuit_operator.py took 0.744 seconds
[2023-11-20T21:25:58.120+0500] {processor.py:157} INFO - Started process (PID=33943) to work on /usr/local/lib/python3.10/dist-packages/airflow/example_dags/example_short_circuit_operator.py
[2023-11-20T21:25:58.124+0500] {processor.py:829} INFO - Processing file /usr/local/lib/python3.10/dist-packages/airflow/example_dags/example_short_circuit_operator.py for tasks to queue
[2023-11-20T21:25:58.133+0500] {logging_mixin.py:154} INFO - [2023-11-20T21:25:58.126+0500] {dagbag.py:536} INFO - Filling up the DagBag from /usr/local/lib/python3.10/dist-packages/airflow/example_dags/example_short_circuit_operator.py
[2023-11-20T21:25:58.233+0500] {processor.py:839} INFO - DAG(s) dict_keys(['example_short_circuit_operator']) retrieved from /usr/local/lib/python3.10/dist-packages/airflow/example_dags/example_short_circuit_operator.py
[2023-11-20T21:25:58.491+0500] {logging_mixin.py:154} INFO - [2023-11-20T21:25:58.489+0500] {dag.py:2941} INFO - Sync 1 DAGs
[2023-11-20T21:25:58.718+0500] {logging_mixin.py:154} INFO - [2023-11-20T21:25:58.717+0500] {dag.py:3722} INFO - Setting next_dagrun for example_short_circuit_operator to 2023-11-19T16:25:58.716475+00:00, run_after=2023-11-20T16:25:58.716475+00:00
[2023-11-20T21:25:58.936+0500] {processor.py:179} INFO - Processing /usr/local/lib/python3.10/dist-packages/airflow/example_dags/example_short_circuit_operator.py took 0.851 seconds
[2023-11-20T21:26:41.371+0500] {processor.py:157} INFO - Started process (PID=34046) to work on /usr/local/lib/python3.10/dist-packages/airflow/example_dags/example_short_circuit_operator.py
[2023-11-20T21:26:41.381+0500] {processor.py:829} INFO - Processing file /usr/local/lib/python3.10/dist-packages/airflow/example_dags/example_short_circuit_operator.py for tasks to queue
[2023-11-20T21:26:41.386+0500] {logging_mixin.py:154} INFO - [2023-11-20T21:26:41.384+0500] {dagbag.py:536} INFO - Filling up the DagBag from /usr/local/lib/python3.10/dist-packages/airflow/example_dags/example_short_circuit_operator.py
[2023-11-20T21:26:41.497+0500] {processor.py:839} INFO - DAG(s) dict_keys(['example_short_circuit_operator']) retrieved from /usr/local/lib/python3.10/dist-packages/airflow/example_dags/example_short_circuit_operator.py
[2023-11-20T21:26:41.680+0500] {logging_mixin.py:154} INFO - [2023-11-20T21:26:41.679+0500] {dag.py:2941} INFO - Sync 1 DAGs
[2023-11-20T21:26:41.850+0500] {logging_mixin.py:154} INFO - [2023-11-20T21:26:41.849+0500] {dag.py:3722} INFO - Setting next_dagrun for example_short_circuit_operator to 2023-11-19T16:26:41.848601+00:00, run_after=2023-11-20T16:26:41.848601+00:00
[2023-11-20T21:26:42.112+0500] {processor.py:179} INFO - Processing /usr/local/lib/python3.10/dist-packages/airflow/example_dags/example_short_circuit_operator.py took 0.785 seconds
[2023-11-20T21:28:31.011+0500] {processor.py:157} INFO - Started process (PID=34292) to work on /usr/local/lib/python3.10/dist-packages/airflow/example_dags/example_short_circuit_operator.py
[2023-11-20T21:28:31.016+0500] {processor.py:829} INFO - Processing file /usr/local/lib/python3.10/dist-packages/airflow/example_dags/example_short_circuit_operator.py for tasks to queue
[2023-11-20T21:28:31.019+0500] {logging_mixin.py:154} INFO - [2023-11-20T21:28:31.018+0500] {dagbag.py:536} INFO - Filling up the DagBag from /usr/local/lib/python3.10/dist-packages/airflow/example_dags/example_short_circuit_operator.py
[2023-11-20T21:28:31.058+0500] {processor.py:839} INFO - DAG(s) dict_keys(['example_short_circuit_operator']) retrieved from /usr/local/lib/python3.10/dist-packages/airflow/example_dags/example_short_circuit_operator.py
[2023-11-20T21:28:31.196+0500] {logging_mixin.py:154} INFO - [2023-11-20T21:28:31.196+0500] {dag.py:2941} INFO - Sync 1 DAGs
[2023-11-20T21:28:31.310+0500] {logging_mixin.py:154} INFO - [2023-11-20T21:28:31.310+0500] {dag.py:3722} INFO - Setting next_dagrun for example_short_circuit_operator to 2023-11-19T16:28:31.309082+00:00, run_after=2023-11-20T16:28:31.309082+00:00
[2023-11-20T21:28:31.432+0500] {processor.py:179} INFO - Processing /usr/local/lib/python3.10/dist-packages/airflow/example_dags/example_short_circuit_operator.py took 0.433 seconds
[2023-11-20T21:30:38.795+0500] {processor.py:157} INFO - Started process (PID=34503) to work on /usr/local/lib/python3.10/dist-packages/airflow/example_dags/example_short_circuit_operator.py
[2023-11-20T21:30:38.798+0500] {processor.py:829} INFO - Processing file /usr/local/lib/python3.10/dist-packages/airflow/example_dags/example_short_circuit_operator.py for tasks to queue
[2023-11-20T21:30:38.802+0500] {logging_mixin.py:154} INFO - [2023-11-20T21:30:38.801+0500] {dagbag.py:536} INFO - Filling up the DagBag from /usr/local/lib/python3.10/dist-packages/airflow/example_dags/example_short_circuit_operator.py
[2023-11-20T21:30:38.843+0500] {processor.py:839} INFO - DAG(s) dict_keys(['example_short_circuit_operator']) retrieved from /usr/local/lib/python3.10/dist-packages/airflow/example_dags/example_short_circuit_operator.py
[2023-11-20T21:30:38.983+0500] {logging_mixin.py:154} INFO - [2023-11-20T21:30:38.982+0500] {dag.py:2941} INFO - Sync 1 DAGs
[2023-11-20T21:30:39.092+0500] {logging_mixin.py:154} INFO - [2023-11-20T21:30:39.091+0500] {dag.py:3722} INFO - Setting next_dagrun for example_short_circuit_operator to 2023-11-19T16:30:39.090467+00:00, run_after=2023-11-20T16:30:39.090467+00:00
[2023-11-20T21:30:39.183+0500] {processor.py:179} INFO - Processing /usr/local/lib/python3.10/dist-packages/airflow/example_dags/example_short_circuit_operator.py took 0.402 seconds
