[2023-11-20T21:05:50.579+0500] {processor.py:157} INFO - Started process (PID=27167) to work on /usr/local/lib/python3.10/dist-packages/airflow/example_dags/example_trigger_controller_dag.py
[2023-11-20T21:05:50.581+0500] {processor.py:829} INFO - Processing file /usr/local/lib/python3.10/dist-packages/airflow/example_dags/example_trigger_controller_dag.py for tasks to queue
[2023-11-20T21:05:50.584+0500] {logging_mixin.py:154} INFO - [2023-11-20T21:05:50.583+0500] {dagbag.py:536} INFO - Filling up the DagBag from /usr/local/lib/python3.10/dist-packages/airflow/example_dags/example_trigger_controller_dag.py
[2023-11-20T21:05:50.607+0500] {processor.py:839} INFO - DAG(s) dict_keys(['example_trigger_controller_dag']) retrieved from /usr/local/lib/python3.10/dist-packages/airflow/example_dags/example_trigger_controller_dag.py
[2023-11-20T21:05:51.117+0500] {logging_mixin.py:154} INFO - [2023-11-20T21:05:51.116+0500] {manager.py:499} INFO - Created Permission View: %s
[2023-11-20T21:05:51.159+0500] {logging_mixin.py:154} INFO - [2023-11-20T21:05:51.158+0500] {manager.py:499} INFO - Created Permission View: %s
[2023-11-20T21:05:51.189+0500] {logging_mixin.py:154} INFO - [2023-11-20T21:05:51.188+0500] {manager.py:499} INFO - Created Permission View: %s
[2023-11-20T21:05:51.190+0500] {logging_mixin.py:154} INFO - [2023-11-20T21:05:51.190+0500] {dag.py:2941} INFO - Sync 1 DAGs
[2023-11-20T21:05:51.249+0500] {logging_mixin.py:154} INFO - [2023-11-20T21:05:51.249+0500] {dag.py:2963} INFO - Creating ORM DAG for example_trigger_controller_dag
[2023-11-20T21:05:51.292+0500] {logging_mixin.py:154} INFO - [2023-11-20T21:05:51.291+0500] {dag.py:3722} INFO - Setting next_dagrun for example_trigger_controller_dag to 2021-01-01T00:00:00+00:00, run_after=2021-01-01T00:00:00+00:00
[2023-11-20T21:05:51.363+0500] {processor.py:179} INFO - Processing /usr/local/lib/python3.10/dist-packages/airflow/example_dags/example_trigger_controller_dag.py took 0.796 seconds
[2023-11-20T21:06:22.023+0500] {processor.py:157} INFO - Started process (PID=27274) to work on /usr/local/lib/python3.10/dist-packages/airflow/example_dags/example_trigger_controller_dag.py
[2023-11-20T21:06:22.028+0500] {processor.py:829} INFO - Processing file /usr/local/lib/python3.10/dist-packages/airflow/example_dags/example_trigger_controller_dag.py for tasks to queue
[2023-11-20T21:06:22.031+0500] {logging_mixin.py:154} INFO - [2023-11-20T21:06:22.030+0500] {dagbag.py:536} INFO - Filling up the DagBag from /usr/local/lib/python3.10/dist-packages/airflow/example_dags/example_trigger_controller_dag.py
[2023-11-20T21:06:22.048+0500] {processor.py:839} INFO - DAG(s) dict_keys(['example_trigger_controller_dag']) retrieved from /usr/local/lib/python3.10/dist-packages/airflow/example_dags/example_trigger_controller_dag.py
[2023-11-20T21:06:22.158+0500] {logging_mixin.py:154} INFO - [2023-11-20T21:06:22.157+0500] {dag.py:2941} INFO - Sync 1 DAGs
[2023-11-20T21:06:22.264+0500] {logging_mixin.py:154} INFO - [2023-11-20T21:06:22.263+0500] {dag.py:3722} INFO - Setting next_dagrun for example_trigger_controller_dag to 2021-01-01T00:00:00+00:00, run_after=2021-01-01T00:00:00+00:00
[2023-11-20T21:06:22.348+0500] {processor.py:179} INFO - Processing /usr/local/lib/python3.10/dist-packages/airflow/example_dags/example_trigger_controller_dag.py took 0.339 seconds
[2023-11-20T21:06:52.643+0500] {processor.py:157} INFO - Started process (PID=27720) to work on /usr/local/lib/python3.10/dist-packages/airflow/example_dags/example_trigger_controller_dag.py
[2023-11-20T21:06:52.647+0500] {processor.py:829} INFO - Processing file /usr/local/lib/python3.10/dist-packages/airflow/example_dags/example_trigger_controller_dag.py for tasks to queue
[2023-11-20T21:06:52.650+0500] {logging_mixin.py:154} INFO - [2023-11-20T21:06:52.649+0500] {dagbag.py:536} INFO - Filling up the DagBag from /usr/local/lib/python3.10/dist-packages/airflow/example_dags/example_trigger_controller_dag.py
[2023-11-20T21:06:52.668+0500] {processor.py:839} INFO - DAG(s) dict_keys(['example_trigger_controller_dag']) retrieved from /usr/local/lib/python3.10/dist-packages/airflow/example_dags/example_trigger_controller_dag.py
[2023-11-20T21:06:52.790+0500] {logging_mixin.py:154} INFO - [2023-11-20T21:06:52.790+0500] {dag.py:2941} INFO - Sync 1 DAGs
[2023-11-20T21:06:52.888+0500] {logging_mixin.py:154} INFO - [2023-11-20T21:06:52.887+0500] {dag.py:3722} INFO - Setting next_dagrun for example_trigger_controller_dag to 2021-01-01T00:00:00+00:00, run_after=2021-01-01T00:00:00+00:00
[2023-11-20T21:06:52.965+0500] {processor.py:179} INFO - Processing /usr/local/lib/python3.10/dist-packages/airflow/example_dags/example_trigger_controller_dag.py took 0.335 seconds
[2023-11-20T21:07:23.606+0500] {processor.py:157} INFO - Started process (PID=27979) to work on /usr/local/lib/python3.10/dist-packages/airflow/example_dags/example_trigger_controller_dag.py
[2023-11-20T21:07:23.609+0500] {processor.py:829} INFO - Processing file /usr/local/lib/python3.10/dist-packages/airflow/example_dags/example_trigger_controller_dag.py for tasks to queue
[2023-11-20T21:07:23.613+0500] {logging_mixin.py:154} INFO - [2023-11-20T21:07:23.612+0500] {dagbag.py:536} INFO - Filling up the DagBag from /usr/local/lib/python3.10/dist-packages/airflow/example_dags/example_trigger_controller_dag.py
[2023-11-20T21:07:23.652+0500] {processor.py:839} INFO - DAG(s) dict_keys(['example_trigger_controller_dag']) retrieved from /usr/local/lib/python3.10/dist-packages/airflow/example_dags/example_trigger_controller_dag.py
[2023-11-20T21:07:23.798+0500] {logging_mixin.py:154} INFO - [2023-11-20T21:07:23.797+0500] {dag.py:2941} INFO - Sync 1 DAGs
[2023-11-20T21:07:24.013+0500] {logging_mixin.py:154} INFO - [2023-11-20T21:07:24.012+0500] {dag.py:3722} INFO - Setting next_dagrun for example_trigger_controller_dag to 2021-01-01T00:00:00+00:00, run_after=2021-01-01T00:00:00+00:00
[2023-11-20T21:07:24.108+0500] {processor.py:179} INFO - Processing /usr/local/lib/python3.10/dist-packages/airflow/example_dags/example_trigger_controller_dag.py took 0.514 seconds
[2023-11-20T21:07:54.652+0500] {processor.py:157} INFO - Started process (PID=28167) to work on /usr/local/lib/python3.10/dist-packages/airflow/example_dags/example_trigger_controller_dag.py
[2023-11-20T21:07:54.654+0500] {processor.py:829} INFO - Processing file /usr/local/lib/python3.10/dist-packages/airflow/example_dags/example_trigger_controller_dag.py for tasks to queue
[2023-11-20T21:07:54.658+0500] {logging_mixin.py:154} INFO - [2023-11-20T21:07:54.657+0500] {dagbag.py:536} INFO - Filling up the DagBag from /usr/local/lib/python3.10/dist-packages/airflow/example_dags/example_trigger_controller_dag.py
[2023-11-20T21:07:54.672+0500] {processor.py:839} INFO - DAG(s) dict_keys(['example_trigger_controller_dag']) retrieved from /usr/local/lib/python3.10/dist-packages/airflow/example_dags/example_trigger_controller_dag.py
[2023-11-20T21:07:54.784+0500] {logging_mixin.py:154} INFO - [2023-11-20T21:07:54.784+0500] {dag.py:2941} INFO - Sync 1 DAGs
[2023-11-20T21:07:54.891+0500] {logging_mixin.py:154} INFO - [2023-11-20T21:07:54.890+0500] {dag.py:3722} INFO - Setting next_dagrun for example_trigger_controller_dag to 2021-01-01T00:00:00+00:00, run_after=2021-01-01T00:00:00+00:00
[2023-11-20T21:07:54.993+0500] {processor.py:179} INFO - Processing /usr/local/lib/python3.10/dist-packages/airflow/example_dags/example_trigger_controller_dag.py took 0.357 seconds
[2023-11-20T21:08:25.290+0500] {processor.py:157} INFO - Started process (PID=28401) to work on /usr/local/lib/python3.10/dist-packages/airflow/example_dags/example_trigger_controller_dag.py
[2023-11-20T21:08:25.293+0500] {processor.py:829} INFO - Processing file /usr/local/lib/python3.10/dist-packages/airflow/example_dags/example_trigger_controller_dag.py for tasks to queue
[2023-11-20T21:08:25.296+0500] {logging_mixin.py:154} INFO - [2023-11-20T21:08:25.295+0500] {dagbag.py:536} INFO - Filling up the DagBag from /usr/local/lib/python3.10/dist-packages/airflow/example_dags/example_trigger_controller_dag.py
[2023-11-20T21:08:25.315+0500] {processor.py:839} INFO - DAG(s) dict_keys(['example_trigger_controller_dag']) retrieved from /usr/local/lib/python3.10/dist-packages/airflow/example_dags/example_trigger_controller_dag.py
[2023-11-20T21:08:25.429+0500] {logging_mixin.py:154} INFO - [2023-11-20T21:08:25.428+0500] {dag.py:2941} INFO - Sync 1 DAGs
[2023-11-20T21:08:25.556+0500] {logging_mixin.py:154} INFO - [2023-11-20T21:08:25.554+0500] {dag.py:3722} INFO - Setting next_dagrun for example_trigger_controller_dag to 2021-01-01T00:00:00+00:00, run_after=2021-01-01T00:00:00+00:00
[2023-11-20T21:08:25.650+0500] {processor.py:179} INFO - Processing /usr/local/lib/python3.10/dist-packages/airflow/example_dags/example_trigger_controller_dag.py took 0.372 seconds
[2023-11-20T21:08:55.825+0500] {processor.py:157} INFO - Started process (PID=28608) to work on /usr/local/lib/python3.10/dist-packages/airflow/example_dags/example_trigger_controller_dag.py
[2023-11-20T21:08:55.828+0500] {processor.py:829} INFO - Processing file /usr/local/lib/python3.10/dist-packages/airflow/example_dags/example_trigger_controller_dag.py for tasks to queue
[2023-11-20T21:08:55.831+0500] {logging_mixin.py:154} INFO - [2023-11-20T21:08:55.830+0500] {dagbag.py:536} INFO - Filling up the DagBag from /usr/local/lib/python3.10/dist-packages/airflow/example_dags/example_trigger_controller_dag.py
[2023-11-20T21:08:55.848+0500] {processor.py:839} INFO - DAG(s) dict_keys(['example_trigger_controller_dag']) retrieved from /usr/local/lib/python3.10/dist-packages/airflow/example_dags/example_trigger_controller_dag.py
[2023-11-20T21:08:55.947+0500] {logging_mixin.py:154} INFO - [2023-11-20T21:08:55.946+0500] {dag.py:2941} INFO - Sync 1 DAGs
[2023-11-20T21:08:56.070+0500] {logging_mixin.py:154} INFO - [2023-11-20T21:08:56.069+0500] {dag.py:3722} INFO - Setting next_dagrun for example_trigger_controller_dag to 2021-01-01T00:00:00+00:00, run_after=2021-01-01T00:00:00+00:00
[2023-11-20T21:08:56.153+0500] {processor.py:179} INFO - Processing /usr/local/lib/python3.10/dist-packages/airflow/example_dags/example_trigger_controller_dag.py took 0.340 seconds
[2023-11-20T21:09:26.738+0500] {processor.py:157} INFO - Started process (PID=28793) to work on /usr/local/lib/python3.10/dist-packages/airflow/example_dags/example_trigger_controller_dag.py
[2023-11-20T21:09:26.741+0500] {processor.py:829} INFO - Processing file /usr/local/lib/python3.10/dist-packages/airflow/example_dags/example_trigger_controller_dag.py for tasks to queue
[2023-11-20T21:09:26.744+0500] {logging_mixin.py:154} INFO - [2023-11-20T21:09:26.743+0500] {dagbag.py:536} INFO - Filling up the DagBag from /usr/local/lib/python3.10/dist-packages/airflow/example_dags/example_trigger_controller_dag.py
[2023-11-20T21:09:26.763+0500] {processor.py:839} INFO - DAG(s) dict_keys(['example_trigger_controller_dag']) retrieved from /usr/local/lib/python3.10/dist-packages/airflow/example_dags/example_trigger_controller_dag.py
[2023-11-20T21:09:26.908+0500] {logging_mixin.py:154} INFO - [2023-11-20T21:09:26.907+0500] {dag.py:2941} INFO - Sync 1 DAGs
[2023-11-20T21:09:27.032+0500] {logging_mixin.py:154} INFO - [2023-11-20T21:09:27.031+0500] {dag.py:3722} INFO - Setting next_dagrun for example_trigger_controller_dag to 2021-01-01T00:00:00+00:00, run_after=2021-01-01T00:00:00+00:00
[2023-11-20T21:09:27.120+0500] {processor.py:179} INFO - Processing /usr/local/lib/python3.10/dist-packages/airflow/example_dags/example_trigger_controller_dag.py took 0.394 seconds
[2023-11-20T21:10:01.528+0500] {processor.py:157} INFO - Started process (PID=29105) to work on /usr/local/lib/python3.10/dist-packages/airflow/example_dags/example_trigger_controller_dag.py
[2023-11-20T21:10:01.532+0500] {processor.py:829} INFO - Processing file /usr/local/lib/python3.10/dist-packages/airflow/example_dags/example_trigger_controller_dag.py for tasks to queue
[2023-11-20T21:10:01.535+0500] {logging_mixin.py:154} INFO - [2023-11-20T21:10:01.534+0500] {dagbag.py:536} INFO - Filling up the DagBag from /usr/local/lib/python3.10/dist-packages/airflow/example_dags/example_trigger_controller_dag.py
[2023-11-20T21:10:01.553+0500] {processor.py:839} INFO - DAG(s) dict_keys(['example_trigger_controller_dag']) retrieved from /usr/local/lib/python3.10/dist-packages/airflow/example_dags/example_trigger_controller_dag.py
[2023-11-20T21:10:01.708+0500] {logging_mixin.py:154} INFO - [2023-11-20T21:10:01.708+0500] {dag.py:2941} INFO - Sync 1 DAGs
[2023-11-20T21:10:01.886+0500] {logging_mixin.py:154} INFO - [2023-11-20T21:10:01.885+0500] {dag.py:3722} INFO - Setting next_dagrun for example_trigger_controller_dag to 2021-01-01T00:00:00+00:00, run_after=2021-01-01T00:00:00+00:00
[2023-11-20T21:10:02.007+0500] {processor.py:179} INFO - Processing /usr/local/lib/python3.10/dist-packages/airflow/example_dags/example_trigger_controller_dag.py took 0.492 seconds
[2023-11-20T21:10:32.420+0500] {processor.py:157} INFO - Started process (PID=29338) to work on /usr/local/lib/python3.10/dist-packages/airflow/example_dags/example_trigger_controller_dag.py
[2023-11-20T21:10:32.425+0500] {processor.py:829} INFO - Processing file /usr/local/lib/python3.10/dist-packages/airflow/example_dags/example_trigger_controller_dag.py for tasks to queue
[2023-11-20T21:10:32.439+0500] {logging_mixin.py:154} INFO - [2023-11-20T21:10:32.430+0500] {dagbag.py:536} INFO - Filling up the DagBag from /usr/local/lib/python3.10/dist-packages/airflow/example_dags/example_trigger_controller_dag.py
[2023-11-20T21:10:32.454+0500] {processor.py:839} INFO - DAG(s) dict_keys(['example_trigger_controller_dag']) retrieved from /usr/local/lib/python3.10/dist-packages/airflow/example_dags/example_trigger_controller_dag.py
[2023-11-20T21:10:32.574+0500] {logging_mixin.py:154} INFO - [2023-11-20T21:10:32.574+0500] {dag.py:2941} INFO - Sync 1 DAGs
[2023-11-20T21:10:32.679+0500] {logging_mixin.py:154} INFO - [2023-11-20T21:10:32.679+0500] {dag.py:3722} INFO - Setting next_dagrun for example_trigger_controller_dag to 2021-01-01T00:00:00+00:00, run_after=2021-01-01T00:00:00+00:00
[2023-11-20T21:10:32.768+0500] {processor.py:179} INFO - Processing /usr/local/lib/python3.10/dist-packages/airflow/example_dags/example_trigger_controller_dag.py took 0.363 seconds
[2023-11-20T21:11:03.472+0500] {processor.py:157} INFO - Started process (PID=29492) to work on /usr/local/lib/python3.10/dist-packages/airflow/example_dags/example_trigger_controller_dag.py
[2023-11-20T21:11:03.476+0500] {processor.py:829} INFO - Processing file /usr/local/lib/python3.10/dist-packages/airflow/example_dags/example_trigger_controller_dag.py for tasks to queue
[2023-11-20T21:11:03.479+0500] {logging_mixin.py:154} INFO - [2023-11-20T21:11:03.478+0500] {dagbag.py:536} INFO - Filling up the DagBag from /usr/local/lib/python3.10/dist-packages/airflow/example_dags/example_trigger_controller_dag.py
[2023-11-20T21:11:03.496+0500] {processor.py:839} INFO - DAG(s) dict_keys(['example_trigger_controller_dag']) retrieved from /usr/local/lib/python3.10/dist-packages/airflow/example_dags/example_trigger_controller_dag.py
[2023-11-20T21:11:03.603+0500] {logging_mixin.py:154} INFO - [2023-11-20T21:11:03.602+0500] {dag.py:2941} INFO - Sync 1 DAGs
[2023-11-20T21:11:03.704+0500] {logging_mixin.py:154} INFO - [2023-11-20T21:11:03.703+0500] {dag.py:3722} INFO - Setting next_dagrun for example_trigger_controller_dag to 2021-01-01T00:00:00+00:00, run_after=2021-01-01T00:00:00+00:00
[2023-11-20T21:11:03.782+0500] {processor.py:179} INFO - Processing /usr/local/lib/python3.10/dist-packages/airflow/example_dags/example_trigger_controller_dag.py took 0.322 seconds
[2023-11-20T21:11:37.980+0500] {processor.py:157} INFO - Started process (PID=29615) to work on /usr/local/lib/python3.10/dist-packages/airflow/example_dags/example_trigger_controller_dag.py
[2023-11-20T21:11:37.986+0500] {processor.py:829} INFO - Processing file /usr/local/lib/python3.10/dist-packages/airflow/example_dags/example_trigger_controller_dag.py for tasks to queue
[2023-11-20T21:11:37.990+0500] {logging_mixin.py:154} INFO - [2023-11-20T21:11:37.988+0500] {dagbag.py:536} INFO - Filling up the DagBag from /usr/local/lib/python3.10/dist-packages/airflow/example_dags/example_trigger_controller_dag.py
[2023-11-20T21:11:38.010+0500] {processor.py:839} INFO - DAG(s) dict_keys(['example_trigger_controller_dag']) retrieved from /usr/local/lib/python3.10/dist-packages/airflow/example_dags/example_trigger_controller_dag.py
[2023-11-20T21:11:38.147+0500] {logging_mixin.py:154} INFO - [2023-11-20T21:11:38.146+0500] {dag.py:2941} INFO - Sync 1 DAGs
[2023-11-20T21:11:38.287+0500] {logging_mixin.py:154} INFO - [2023-11-20T21:11:38.286+0500] {dag.py:3722} INFO - Setting next_dagrun for example_trigger_controller_dag to 2021-01-01T00:00:00+00:00, run_after=2021-01-01T00:00:00+00:00
[2023-11-20T21:11:38.392+0500] {processor.py:179} INFO - Processing /usr/local/lib/python3.10/dist-packages/airflow/example_dags/example_trigger_controller_dag.py took 0.423 seconds
[2023-11-20T21:12:08.681+0500] {processor.py:157} INFO - Started process (PID=29839) to work on /usr/local/lib/python3.10/dist-packages/airflow/example_dags/example_trigger_controller_dag.py
[2023-11-20T21:12:08.685+0500] {processor.py:829} INFO - Processing file /usr/local/lib/python3.10/dist-packages/airflow/example_dags/example_trigger_controller_dag.py for tasks to queue
[2023-11-20T21:12:08.688+0500] {logging_mixin.py:154} INFO - [2023-11-20T21:12:08.687+0500] {dagbag.py:536} INFO - Filling up the DagBag from /usr/local/lib/python3.10/dist-packages/airflow/example_dags/example_trigger_controller_dag.py
[2023-11-20T21:12:08.705+0500] {processor.py:839} INFO - DAG(s) dict_keys(['example_trigger_controller_dag']) retrieved from /usr/local/lib/python3.10/dist-packages/airflow/example_dags/example_trigger_controller_dag.py
[2023-11-20T21:12:08.818+0500] {logging_mixin.py:154} INFO - [2023-11-20T21:12:08.818+0500] {dag.py:2941} INFO - Sync 1 DAGs
[2023-11-20T21:12:08.916+0500] {logging_mixin.py:154} INFO - [2023-11-20T21:12:08.915+0500] {dag.py:3722} INFO - Setting next_dagrun for example_trigger_controller_dag to 2021-01-01T00:00:00+00:00, run_after=2021-01-01T00:00:00+00:00
[2023-11-20T21:12:08.991+0500] {processor.py:179} INFO - Processing /usr/local/lib/python3.10/dist-packages/airflow/example_dags/example_trigger_controller_dag.py took 0.323 seconds
[2023-11-20T21:12:40.861+0500] {processor.py:157} INFO - Started process (PID=30063) to work on /usr/local/lib/python3.10/dist-packages/airflow/example_dags/example_trigger_controller_dag.py
[2023-11-20T21:12:40.865+0500] {processor.py:829} INFO - Processing file /usr/local/lib/python3.10/dist-packages/airflow/example_dags/example_trigger_controller_dag.py for tasks to queue
[2023-11-20T21:12:40.868+0500] {logging_mixin.py:154} INFO - [2023-11-20T21:12:40.867+0500] {dagbag.py:536} INFO - Filling up the DagBag from /usr/local/lib/python3.10/dist-packages/airflow/example_dags/example_trigger_controller_dag.py
[2023-11-20T21:12:40.885+0500] {processor.py:839} INFO - DAG(s) dict_keys(['example_trigger_controller_dag']) retrieved from /usr/local/lib/python3.10/dist-packages/airflow/example_dags/example_trigger_controller_dag.py
[2023-11-20T21:12:40.993+0500] {logging_mixin.py:154} INFO - [2023-11-20T21:12:40.992+0500] {dag.py:2941} INFO - Sync 1 DAGs
[2023-11-20T21:12:41.104+0500] {logging_mixin.py:154} INFO - [2023-11-20T21:12:41.103+0500] {dag.py:3722} INFO - Setting next_dagrun for example_trigger_controller_dag to 2021-01-01T00:00:00+00:00, run_after=2021-01-01T00:00:00+00:00
[2023-11-20T21:12:41.185+0500] {processor.py:179} INFO - Processing /usr/local/lib/python3.10/dist-packages/airflow/example_dags/example_trigger_controller_dag.py took 0.336 seconds
[2023-11-20T21:13:13.766+0500] {processor.py:157} INFO - Started process (PID=30181) to work on /usr/local/lib/python3.10/dist-packages/airflow/example_dags/example_trigger_controller_dag.py
[2023-11-20T21:13:13.781+0500] {processor.py:829} INFO - Processing file /usr/local/lib/python3.10/dist-packages/airflow/example_dags/example_trigger_controller_dag.py for tasks to queue
[2023-11-20T21:13:13.794+0500] {logging_mixin.py:154} INFO - [2023-11-20T21:13:13.787+0500] {dagbag.py:536} INFO - Filling up the DagBag from /usr/local/lib/python3.10/dist-packages/airflow/example_dags/example_trigger_controller_dag.py
[2023-11-20T21:13:13.861+0500] {processor.py:839} INFO - DAG(s) dict_keys(['example_trigger_controller_dag']) retrieved from /usr/local/lib/python3.10/dist-packages/airflow/example_dags/example_trigger_controller_dag.py
[2023-11-20T21:13:14.014+0500] {logging_mixin.py:154} INFO - [2023-11-20T21:13:14.014+0500] {dag.py:2941} INFO - Sync 1 DAGs
[2023-11-20T21:13:14.174+0500] {logging_mixin.py:154} INFO - [2023-11-20T21:13:14.173+0500] {dag.py:3722} INFO - Setting next_dagrun for example_trigger_controller_dag to 2021-01-01T00:00:00+00:00, run_after=2021-01-01T00:00:00+00:00
[2023-11-20T21:13:14.310+0500] {processor.py:179} INFO - Processing /usr/local/lib/python3.10/dist-packages/airflow/example_dags/example_trigger_controller_dag.py took 0.562 seconds
[2023-11-20T21:13:44.593+0500] {processor.py:157} INFO - Started process (PID=30328) to work on /usr/local/lib/python3.10/dist-packages/airflow/example_dags/example_trigger_controller_dag.py
[2023-11-20T21:13:44.596+0500] {processor.py:829} INFO - Processing file /usr/local/lib/python3.10/dist-packages/airflow/example_dags/example_trigger_controller_dag.py for tasks to queue
[2023-11-20T21:13:44.599+0500] {logging_mixin.py:154} INFO - [2023-11-20T21:13:44.598+0500] {dagbag.py:536} INFO - Filling up the DagBag from /usr/local/lib/python3.10/dist-packages/airflow/example_dags/example_trigger_controller_dag.py
[2023-11-20T21:13:44.614+0500] {processor.py:839} INFO - DAG(s) dict_keys(['example_trigger_controller_dag']) retrieved from /usr/local/lib/python3.10/dist-packages/airflow/example_dags/example_trigger_controller_dag.py
[2023-11-20T21:13:44.717+0500] {logging_mixin.py:154} INFO - [2023-11-20T21:13:44.717+0500] {dag.py:2941} INFO - Sync 1 DAGs
[2023-11-20T21:13:44.823+0500] {logging_mixin.py:154} INFO - [2023-11-20T21:13:44.822+0500] {dag.py:3722} INFO - Setting next_dagrun for example_trigger_controller_dag to 2021-01-01T00:00:00+00:00, run_after=2021-01-01T00:00:00+00:00
[2023-11-20T21:13:44.906+0500] {processor.py:179} INFO - Processing /usr/local/lib/python3.10/dist-packages/airflow/example_dags/example_trigger_controller_dag.py took 0.324 seconds
[2023-11-20T21:14:15.406+0500] {processor.py:157} INFO - Started process (PID=30429) to work on /usr/local/lib/python3.10/dist-packages/airflow/example_dags/example_trigger_controller_dag.py
[2023-11-20T21:14:15.410+0500] {processor.py:829} INFO - Processing file /usr/local/lib/python3.10/dist-packages/airflow/example_dags/example_trigger_controller_dag.py for tasks to queue
[2023-11-20T21:14:15.413+0500] {logging_mixin.py:154} INFO - [2023-11-20T21:14:15.412+0500] {dagbag.py:536} INFO - Filling up the DagBag from /usr/local/lib/python3.10/dist-packages/airflow/example_dags/example_trigger_controller_dag.py
[2023-11-20T21:14:15.430+0500] {processor.py:839} INFO - DAG(s) dict_keys(['example_trigger_controller_dag']) retrieved from /usr/local/lib/python3.10/dist-packages/airflow/example_dags/example_trigger_controller_dag.py
[2023-11-20T21:14:15.529+0500] {logging_mixin.py:154} INFO - [2023-11-20T21:14:15.529+0500] {dag.py:2941} INFO - Sync 1 DAGs
[2023-11-20T21:14:15.628+0500] {logging_mixin.py:154} INFO - [2023-11-20T21:14:15.627+0500] {dag.py:3722} INFO - Setting next_dagrun for example_trigger_controller_dag to 2021-01-01T00:00:00+00:00, run_after=2021-01-01T00:00:00+00:00
[2023-11-20T21:14:15.704+0500] {processor.py:179} INFO - Processing /usr/local/lib/python3.10/dist-packages/airflow/example_dags/example_trigger_controller_dag.py took 0.310 seconds
[2023-11-20T21:14:47.674+0500] {processor.py:157} INFO - Started process (PID=30547) to work on /usr/local/lib/python3.10/dist-packages/airflow/example_dags/example_trigger_controller_dag.py
[2023-11-20T21:14:47.691+0500] {processor.py:829} INFO - Processing file /usr/local/lib/python3.10/dist-packages/airflow/example_dags/example_trigger_controller_dag.py for tasks to queue
[2023-11-20T21:14:47.701+0500] {logging_mixin.py:154} INFO - [2023-11-20T21:14:47.699+0500] {dagbag.py:536} INFO - Filling up the DagBag from /usr/local/lib/python3.10/dist-packages/airflow/example_dags/example_trigger_controller_dag.py
[2023-11-20T21:14:47.778+0500] {processor.py:839} INFO - DAG(s) dict_keys(['example_trigger_controller_dag']) retrieved from /usr/local/lib/python3.10/dist-packages/airflow/example_dags/example_trigger_controller_dag.py
[2023-11-20T21:14:48.045+0500] {logging_mixin.py:154} INFO - [2023-11-20T21:14:48.044+0500] {dag.py:2941} INFO - Sync 1 DAGs
[2023-11-20T21:14:48.605+0500] {logging_mixin.py:154} INFO - [2023-11-20T21:14:48.604+0500] {dag.py:3722} INFO - Setting next_dagrun for example_trigger_controller_dag to 2021-01-01T00:00:00+00:00, run_after=2021-01-01T00:00:00+00:00
[2023-11-20T21:14:48.909+0500] {processor.py:179} INFO - Processing /usr/local/lib/python3.10/dist-packages/airflow/example_dags/example_trigger_controller_dag.py took 1.302 seconds
[2023-11-20T21:15:19.306+0500] {processor.py:157} INFO - Started process (PID=30862) to work on /usr/local/lib/python3.10/dist-packages/airflow/example_dags/example_trigger_controller_dag.py
[2023-11-20T21:15:19.309+0500] {processor.py:829} INFO - Processing file /usr/local/lib/python3.10/dist-packages/airflow/example_dags/example_trigger_controller_dag.py for tasks to queue
[2023-11-20T21:15:19.312+0500] {logging_mixin.py:154} INFO - [2023-11-20T21:15:19.311+0500] {dagbag.py:536} INFO - Filling up the DagBag from /usr/local/lib/python3.10/dist-packages/airflow/example_dags/example_trigger_controller_dag.py
[2023-11-20T21:15:19.330+0500] {processor.py:839} INFO - DAG(s) dict_keys(['example_trigger_controller_dag']) retrieved from /usr/local/lib/python3.10/dist-packages/airflow/example_dags/example_trigger_controller_dag.py
[2023-11-20T21:15:19.428+0500] {logging_mixin.py:154} INFO - [2023-11-20T21:15:19.427+0500] {dag.py:2941} INFO - Sync 1 DAGs
[2023-11-20T21:15:19.527+0500] {logging_mixin.py:154} INFO - [2023-11-20T21:15:19.525+0500] {dag.py:3722} INFO - Setting next_dagrun for example_trigger_controller_dag to 2021-01-01T00:00:00+00:00, run_after=2021-01-01T00:00:00+00:00
[2023-11-20T21:15:19.624+0500] {processor.py:179} INFO - Processing /usr/local/lib/python3.10/dist-packages/airflow/example_dags/example_trigger_controller_dag.py took 0.330 seconds
[2023-11-20T21:15:50.168+0500] {processor.py:157} INFO - Started process (PID=31098) to work on /usr/local/lib/python3.10/dist-packages/airflow/example_dags/example_trigger_controller_dag.py
[2023-11-20T21:15:50.171+0500] {processor.py:829} INFO - Processing file /usr/local/lib/python3.10/dist-packages/airflow/example_dags/example_trigger_controller_dag.py for tasks to queue
[2023-11-20T21:15:50.175+0500] {logging_mixin.py:154} INFO - [2023-11-20T21:15:50.174+0500] {dagbag.py:536} INFO - Filling up the DagBag from /usr/local/lib/python3.10/dist-packages/airflow/example_dags/example_trigger_controller_dag.py
[2023-11-20T21:15:50.192+0500] {processor.py:839} INFO - DAG(s) dict_keys(['example_trigger_controller_dag']) retrieved from /usr/local/lib/python3.10/dist-packages/airflow/example_dags/example_trigger_controller_dag.py
[2023-11-20T21:15:50.297+0500] {logging_mixin.py:154} INFO - [2023-11-20T21:15:50.296+0500] {dag.py:2941} INFO - Sync 1 DAGs
[2023-11-20T21:15:50.398+0500] {logging_mixin.py:154} INFO - [2023-11-20T21:15:50.397+0500] {dag.py:3722} INFO - Setting next_dagrun for example_trigger_controller_dag to 2021-01-01T00:00:00+00:00, run_after=2021-01-01T00:00:00+00:00
[2023-11-20T21:15:50.475+0500] {processor.py:179} INFO - Processing /usr/local/lib/python3.10/dist-packages/airflow/example_dags/example_trigger_controller_dag.py took 0.319 seconds
[2023-11-20T21:16:20.733+0500] {processor.py:157} INFO - Started process (PID=31198) to work on /usr/local/lib/python3.10/dist-packages/airflow/example_dags/example_trigger_controller_dag.py
[2023-11-20T21:16:20.737+0500] {processor.py:829} INFO - Processing file /usr/local/lib/python3.10/dist-packages/airflow/example_dags/example_trigger_controller_dag.py for tasks to queue
[2023-11-20T21:16:20.740+0500] {logging_mixin.py:154} INFO - [2023-11-20T21:16:20.739+0500] {dagbag.py:536} INFO - Filling up the DagBag from /usr/local/lib/python3.10/dist-packages/airflow/example_dags/example_trigger_controller_dag.py
[2023-11-20T21:16:20.756+0500] {processor.py:839} INFO - DAG(s) dict_keys(['example_trigger_controller_dag']) retrieved from /usr/local/lib/python3.10/dist-packages/airflow/example_dags/example_trigger_controller_dag.py
[2023-11-20T21:16:20.863+0500] {logging_mixin.py:154} INFO - [2023-11-20T21:16:20.862+0500] {dag.py:2941} INFO - Sync 1 DAGs
[2023-11-20T21:16:20.964+0500] {logging_mixin.py:154} INFO - [2023-11-20T21:16:20.963+0500] {dag.py:3722} INFO - Setting next_dagrun for example_trigger_controller_dag to 2021-01-01T00:00:00+00:00, run_after=2021-01-01T00:00:00+00:00
[2023-11-20T21:16:21.045+0500] {processor.py:179} INFO - Processing /usr/local/lib/python3.10/dist-packages/airflow/example_dags/example_trigger_controller_dag.py took 0.323 seconds
[2023-11-20T21:16:52.809+0500] {processor.py:157} INFO - Started process (PID=31298) to work on /usr/local/lib/python3.10/dist-packages/airflow/example_dags/example_trigger_controller_dag.py
[2023-11-20T21:16:52.815+0500] {processor.py:829} INFO - Processing file /usr/local/lib/python3.10/dist-packages/airflow/example_dags/example_trigger_controller_dag.py for tasks to queue
[2023-11-20T21:16:52.821+0500] {logging_mixin.py:154} INFO - [2023-11-20T21:16:52.819+0500] {dagbag.py:536} INFO - Filling up the DagBag from /usr/local/lib/python3.10/dist-packages/airflow/example_dags/example_trigger_controller_dag.py
[2023-11-20T21:16:52.864+0500] {processor.py:839} INFO - DAG(s) dict_keys(['example_trigger_controller_dag']) retrieved from /usr/local/lib/python3.10/dist-packages/airflow/example_dags/example_trigger_controller_dag.py
[2023-11-20T21:16:53.097+0500] {logging_mixin.py:154} INFO - [2023-11-20T21:16:53.092+0500] {dag.py:2941} INFO - Sync 1 DAGs
[2023-11-20T21:16:53.446+0500] {logging_mixin.py:154} INFO - [2023-11-20T21:16:53.445+0500] {dag.py:3722} INFO - Setting next_dagrun for example_trigger_controller_dag to 2021-01-01T00:00:00+00:00, run_after=2021-01-01T00:00:00+00:00
[2023-11-20T21:16:53.580+0500] {processor.py:179} INFO - Processing /usr/local/lib/python3.10/dist-packages/airflow/example_dags/example_trigger_controller_dag.py took 0.799 seconds
[2023-11-20T21:17:24.151+0500] {processor.py:157} INFO - Started process (PID=31425) to work on /usr/local/lib/python3.10/dist-packages/airflow/example_dags/example_trigger_controller_dag.py
[2023-11-20T21:17:24.154+0500] {processor.py:829} INFO - Processing file /usr/local/lib/python3.10/dist-packages/airflow/example_dags/example_trigger_controller_dag.py for tasks to queue
[2023-11-20T21:17:24.158+0500] {logging_mixin.py:154} INFO - [2023-11-20T21:17:24.157+0500] {dagbag.py:536} INFO - Filling up the DagBag from /usr/local/lib/python3.10/dist-packages/airflow/example_dags/example_trigger_controller_dag.py
[2023-11-20T21:17:24.176+0500] {processor.py:839} INFO - DAG(s) dict_keys(['example_trigger_controller_dag']) retrieved from /usr/local/lib/python3.10/dist-packages/airflow/example_dags/example_trigger_controller_dag.py
[2023-11-20T21:17:24.302+0500] {logging_mixin.py:154} INFO - [2023-11-20T21:17:24.302+0500] {dag.py:2941} INFO - Sync 1 DAGs
[2023-11-20T21:17:24.417+0500] {logging_mixin.py:154} INFO - [2023-11-20T21:17:24.416+0500] {dag.py:3722} INFO - Setting next_dagrun for example_trigger_controller_dag to 2021-01-01T00:00:00+00:00, run_after=2021-01-01T00:00:00+00:00
[2023-11-20T21:17:24.516+0500] {processor.py:179} INFO - Processing /usr/local/lib/python3.10/dist-packages/airflow/example_dags/example_trigger_controller_dag.py took 0.378 seconds
[2023-11-20T21:17:55.630+0500] {processor.py:157} INFO - Started process (PID=31532) to work on /usr/local/lib/python3.10/dist-packages/airflow/example_dags/example_trigger_controller_dag.py
[2023-11-20T21:17:55.633+0500] {processor.py:829} INFO - Processing file /usr/local/lib/python3.10/dist-packages/airflow/example_dags/example_trigger_controller_dag.py for tasks to queue
[2023-11-20T21:17:55.636+0500] {logging_mixin.py:154} INFO - [2023-11-20T21:17:55.635+0500] {dagbag.py:536} INFO - Filling up the DagBag from /usr/local/lib/python3.10/dist-packages/airflow/example_dags/example_trigger_controller_dag.py
[2023-11-20T21:17:55.655+0500] {processor.py:839} INFO - DAG(s) dict_keys(['example_trigger_controller_dag']) retrieved from /usr/local/lib/python3.10/dist-packages/airflow/example_dags/example_trigger_controller_dag.py
[2023-11-20T21:17:55.755+0500] {logging_mixin.py:154} INFO - [2023-11-20T21:17:55.754+0500] {dag.py:2941} INFO - Sync 1 DAGs
[2023-11-20T21:17:55.862+0500] {logging_mixin.py:154} INFO - [2023-11-20T21:17:55.861+0500] {dag.py:3722} INFO - Setting next_dagrun for example_trigger_controller_dag to 2021-01-01T00:00:00+00:00, run_after=2021-01-01T00:00:00+00:00
[2023-11-20T21:17:55.960+0500] {processor.py:179} INFO - Processing /usr/local/lib/python3.10/dist-packages/airflow/example_dags/example_trigger_controller_dag.py took 0.342 seconds
[2023-11-20T21:18:29.592+0500] {processor.py:157} INFO - Started process (PID=31642) to work on /usr/local/lib/python3.10/dist-packages/airflow/example_dags/example_trigger_controller_dag.py
[2023-11-20T21:18:29.603+0500] {processor.py:829} INFO - Processing file /usr/local/lib/python3.10/dist-packages/airflow/example_dags/example_trigger_controller_dag.py for tasks to queue
[2023-11-20T21:18:29.606+0500] {logging_mixin.py:154} INFO - [2023-11-20T21:18:29.605+0500] {dagbag.py:536} INFO - Filling up the DagBag from /usr/local/lib/python3.10/dist-packages/airflow/example_dags/example_trigger_controller_dag.py
[2023-11-20T21:18:29.655+0500] {processor.py:839} INFO - DAG(s) dict_keys(['example_trigger_controller_dag']) retrieved from /usr/local/lib/python3.10/dist-packages/airflow/example_dags/example_trigger_controller_dag.py
[2023-11-20T21:18:29.835+0500] {logging_mixin.py:154} INFO - [2023-11-20T21:18:29.834+0500] {dag.py:2941} INFO - Sync 1 DAGs
[2023-11-20T21:18:30.013+0500] {logging_mixin.py:154} INFO - [2023-11-20T21:18:30.010+0500] {dag.py:3722} INFO - Setting next_dagrun for example_trigger_controller_dag to 2021-01-01T00:00:00+00:00, run_after=2021-01-01T00:00:00+00:00
[2023-11-20T21:18:30.126+0500] {processor.py:179} INFO - Processing /usr/local/lib/python3.10/dist-packages/airflow/example_dags/example_trigger_controller_dag.py took 0.549 seconds
[2023-11-20T21:19:00.706+0500] {processor.py:157} INFO - Started process (PID=31739) to work on /usr/local/lib/python3.10/dist-packages/airflow/example_dags/example_trigger_controller_dag.py
[2023-11-20T21:19:00.710+0500] {processor.py:829} INFO - Processing file /usr/local/lib/python3.10/dist-packages/airflow/example_dags/example_trigger_controller_dag.py for tasks to queue
[2023-11-20T21:19:00.713+0500] {logging_mixin.py:154} INFO - [2023-11-20T21:19:00.712+0500] {dagbag.py:536} INFO - Filling up the DagBag from /usr/local/lib/python3.10/dist-packages/airflow/example_dags/example_trigger_controller_dag.py
[2023-11-20T21:19:00.733+0500] {processor.py:839} INFO - DAG(s) dict_keys(['example_trigger_controller_dag']) retrieved from /usr/local/lib/python3.10/dist-packages/airflow/example_dags/example_trigger_controller_dag.py
[2023-11-20T21:19:00.840+0500] {logging_mixin.py:154} INFO - [2023-11-20T21:19:00.839+0500] {dag.py:2941} INFO - Sync 1 DAGs
[2023-11-20T21:19:00.949+0500] {logging_mixin.py:154} INFO - [2023-11-20T21:19:00.948+0500] {dag.py:3722} INFO - Setting next_dagrun for example_trigger_controller_dag to 2021-01-01T00:00:00+00:00, run_after=2021-01-01T00:00:00+00:00
[2023-11-20T21:19:01.065+0500] {processor.py:179} INFO - Processing /usr/local/lib/python3.10/dist-packages/airflow/example_dags/example_trigger_controller_dag.py took 0.371 seconds
[2023-11-20T21:19:32.226+0500] {processor.py:157} INFO - Started process (PID=31894) to work on /usr/local/lib/python3.10/dist-packages/airflow/example_dags/example_trigger_controller_dag.py
[2023-11-20T21:19:32.229+0500] {processor.py:829} INFO - Processing file /usr/local/lib/python3.10/dist-packages/airflow/example_dags/example_trigger_controller_dag.py for tasks to queue
[2023-11-20T21:19:32.232+0500] {logging_mixin.py:154} INFO - [2023-11-20T21:19:32.231+0500] {dagbag.py:536} INFO - Filling up the DagBag from /usr/local/lib/python3.10/dist-packages/airflow/example_dags/example_trigger_controller_dag.py
[2023-11-20T21:19:32.249+0500] {processor.py:839} INFO - DAG(s) dict_keys(['example_trigger_controller_dag']) retrieved from /usr/local/lib/python3.10/dist-packages/airflow/example_dags/example_trigger_controller_dag.py
[2023-11-20T21:19:32.360+0500] {logging_mixin.py:154} INFO - [2023-11-20T21:19:32.359+0500] {dag.py:2941} INFO - Sync 1 DAGs
[2023-11-20T21:19:32.463+0500] {logging_mixin.py:154} INFO - [2023-11-20T21:19:32.462+0500] {dag.py:3722} INFO - Setting next_dagrun for example_trigger_controller_dag to 2021-01-01T00:00:00+00:00, run_after=2021-01-01T00:00:00+00:00
[2023-11-20T21:19:32.540+0500] {processor.py:179} INFO - Processing /usr/local/lib/python3.10/dist-packages/airflow/example_dags/example_trigger_controller_dag.py took 0.327 seconds
[2023-11-20T21:20:06.552+0500] {processor.py:157} INFO - Started process (PID=32432) to work on /usr/local/lib/python3.10/dist-packages/airflow/example_dags/example_trigger_controller_dag.py
[2023-11-20T21:20:06.555+0500] {processor.py:829} INFO - Processing file /usr/local/lib/python3.10/dist-packages/airflow/example_dags/example_trigger_controller_dag.py for tasks to queue
[2023-11-20T21:20:06.558+0500] {logging_mixin.py:154} INFO - [2023-11-20T21:20:06.557+0500] {dagbag.py:536} INFO - Filling up the DagBag from /usr/local/lib/python3.10/dist-packages/airflow/example_dags/example_trigger_controller_dag.py
[2023-11-20T21:20:06.574+0500] {processor.py:839} INFO - DAG(s) dict_keys(['example_trigger_controller_dag']) retrieved from /usr/local/lib/python3.10/dist-packages/airflow/example_dags/example_trigger_controller_dag.py
[2023-11-20T21:20:06.689+0500] {logging_mixin.py:154} INFO - [2023-11-20T21:20:06.688+0500] {dag.py:2941} INFO - Sync 1 DAGs
[2023-11-20T21:20:06.813+0500] {logging_mixin.py:154} INFO - [2023-11-20T21:20:06.809+0500] {dag.py:3722} INFO - Setting next_dagrun for example_trigger_controller_dag to 2021-01-01T00:00:00+00:00, run_after=2021-01-01T00:00:00+00:00
[2023-11-20T21:20:06.903+0500] {processor.py:179} INFO - Processing /usr/local/lib/python3.10/dist-packages/airflow/example_dags/example_trigger_controller_dag.py took 0.363 seconds
[2023-11-20T21:20:37.945+0500] {processor.py:157} INFO - Started process (PID=32647) to work on /usr/local/lib/python3.10/dist-packages/airflow/example_dags/example_trigger_controller_dag.py
[2023-11-20T21:20:37.956+0500] {processor.py:829} INFO - Processing file /usr/local/lib/python3.10/dist-packages/airflow/example_dags/example_trigger_controller_dag.py for tasks to queue
[2023-11-20T21:20:37.959+0500] {logging_mixin.py:154} INFO - [2023-11-20T21:20:37.958+0500] {dagbag.py:536} INFO - Filling up the DagBag from /usr/local/lib/python3.10/dist-packages/airflow/example_dags/example_trigger_controller_dag.py
[2023-11-20T21:20:37.982+0500] {processor.py:839} INFO - DAG(s) dict_keys(['example_trigger_controller_dag']) retrieved from /usr/local/lib/python3.10/dist-packages/airflow/example_dags/example_trigger_controller_dag.py
[2023-11-20T21:20:38.103+0500] {logging_mixin.py:154} INFO - [2023-11-20T21:20:38.101+0500] {dag.py:2941} INFO - Sync 1 DAGs
[2023-11-20T21:20:38.253+0500] {logging_mixin.py:154} INFO - [2023-11-20T21:20:38.252+0500] {dag.py:3722} INFO - Setting next_dagrun for example_trigger_controller_dag to 2021-01-01T00:00:00+00:00, run_after=2021-01-01T00:00:00+00:00
[2023-11-20T21:20:38.368+0500] {processor.py:179} INFO - Processing /usr/local/lib/python3.10/dist-packages/airflow/example_dags/example_trigger_controller_dag.py took 0.444 seconds
[2023-11-20T21:21:31.614+0500] {processor.py:157} INFO - Started process (PID=32956) to work on /usr/local/lib/python3.10/dist-packages/airflow/example_dags/example_trigger_controller_dag.py
[2023-11-20T21:21:31.620+0500] {processor.py:829} INFO - Processing file /usr/local/lib/python3.10/dist-packages/airflow/example_dags/example_trigger_controller_dag.py for tasks to queue
[2023-11-20T21:21:31.624+0500] {logging_mixin.py:154} INFO - [2023-11-20T21:21:31.622+0500] {dagbag.py:536} INFO - Filling up the DagBag from /usr/local/lib/python3.10/dist-packages/airflow/example_dags/example_trigger_controller_dag.py
[2023-11-20T21:21:31.659+0500] {processor.py:839} INFO - DAG(s) dict_keys(['example_trigger_controller_dag']) retrieved from /usr/local/lib/python3.10/dist-packages/airflow/example_dags/example_trigger_controller_dag.py
[2023-11-20T21:21:31.817+0500] {logging_mixin.py:154} INFO - [2023-11-20T21:21:31.816+0500] {dag.py:2941} INFO - Sync 1 DAGs
[2023-11-20T21:21:31.935+0500] {logging_mixin.py:154} INFO - [2023-11-20T21:21:31.934+0500] {dag.py:3722} INFO - Setting next_dagrun for example_trigger_controller_dag to 2021-01-01T00:00:00+00:00, run_after=2021-01-01T00:00:00+00:00
[2023-11-20T21:21:32.036+0500] {processor.py:179} INFO - Processing /usr/local/lib/python3.10/dist-packages/airflow/example_dags/example_trigger_controller_dag.py took 0.434 seconds
[2023-11-20T21:22:06.725+0500] {processor.py:157} INFO - Started process (PID=33125) to work on /usr/local/lib/python3.10/dist-packages/airflow/example_dags/example_trigger_controller_dag.py
[2023-11-20T21:22:06.732+0500] {processor.py:829} INFO - Processing file /usr/local/lib/python3.10/dist-packages/airflow/example_dags/example_trigger_controller_dag.py for tasks to queue
[2023-11-20T21:22:06.735+0500] {logging_mixin.py:154} INFO - [2023-11-20T21:22:06.734+0500] {dagbag.py:536} INFO - Filling up the DagBag from /usr/local/lib/python3.10/dist-packages/airflow/example_dags/example_trigger_controller_dag.py
[2023-11-20T21:22:06.754+0500] {processor.py:839} INFO - DAG(s) dict_keys(['example_trigger_controller_dag']) retrieved from /usr/local/lib/python3.10/dist-packages/airflow/example_dags/example_trigger_controller_dag.py
[2023-11-20T21:22:07.170+0500] {logging_mixin.py:154} INFO - [2023-11-20T21:22:07.169+0500] {dag.py:2941} INFO - Sync 1 DAGs
[2023-11-20T21:22:07.379+0500] {logging_mixin.py:154} INFO - [2023-11-20T21:22:07.378+0500] {dag.py:3722} INFO - Setting next_dagrun for example_trigger_controller_dag to 2021-01-01T00:00:00+00:00, run_after=2021-01-01T00:00:00+00:00
[2023-11-20T21:22:07.497+0500] {processor.py:179} INFO - Processing /usr/local/lib/python3.10/dist-packages/airflow/example_dags/example_trigger_controller_dag.py took 0.785 seconds
[2023-11-20T21:22:37.752+0500] {processor.py:157} INFO - Started process (PID=33227) to work on /usr/local/lib/python3.10/dist-packages/airflow/example_dags/example_trigger_controller_dag.py
[2023-11-20T21:22:37.756+0500] {processor.py:829} INFO - Processing file /usr/local/lib/python3.10/dist-packages/airflow/example_dags/example_trigger_controller_dag.py for tasks to queue
[2023-11-20T21:22:37.759+0500] {logging_mixin.py:154} INFO - [2023-11-20T21:22:37.758+0500] {dagbag.py:536} INFO - Filling up the DagBag from /usr/local/lib/python3.10/dist-packages/airflow/example_dags/example_trigger_controller_dag.py
[2023-11-20T21:22:37.776+0500] {processor.py:839} INFO - DAG(s) dict_keys(['example_trigger_controller_dag']) retrieved from /usr/local/lib/python3.10/dist-packages/airflow/example_dags/example_trigger_controller_dag.py
[2023-11-20T21:22:37.909+0500] {logging_mixin.py:154} INFO - [2023-11-20T21:22:37.908+0500] {dag.py:2941} INFO - Sync 1 DAGs
[2023-11-20T21:22:38.080+0500] {logging_mixin.py:154} INFO - [2023-11-20T21:22:38.079+0500] {dag.py:3722} INFO - Setting next_dagrun for example_trigger_controller_dag to 2021-01-01T00:00:00+00:00, run_after=2021-01-01T00:00:00+00:00
[2023-11-20T21:22:38.175+0500] {processor.py:179} INFO - Processing /usr/local/lib/python3.10/dist-packages/airflow/example_dags/example_trigger_controller_dag.py took 0.436 seconds
[2023-11-20T21:23:08.481+0500] {processor.py:157} INFO - Started process (PID=33398) to work on /usr/local/lib/python3.10/dist-packages/airflow/example_dags/example_trigger_controller_dag.py
[2023-11-20T21:23:08.485+0500] {processor.py:829} INFO - Processing file /usr/local/lib/python3.10/dist-packages/airflow/example_dags/example_trigger_controller_dag.py for tasks to queue
[2023-11-20T21:23:08.488+0500] {logging_mixin.py:154} INFO - [2023-11-20T21:23:08.487+0500] {dagbag.py:536} INFO - Filling up the DagBag from /usr/local/lib/python3.10/dist-packages/airflow/example_dags/example_trigger_controller_dag.py
[2023-11-20T21:23:08.504+0500] {processor.py:839} INFO - DAG(s) dict_keys(['example_trigger_controller_dag']) retrieved from /usr/local/lib/python3.10/dist-packages/airflow/example_dags/example_trigger_controller_dag.py
[2023-11-20T21:23:08.614+0500] {logging_mixin.py:154} INFO - [2023-11-20T21:23:08.613+0500] {dag.py:2941} INFO - Sync 1 DAGs
[2023-11-20T21:23:08.721+0500] {logging_mixin.py:154} INFO - [2023-11-20T21:23:08.720+0500] {dag.py:3722} INFO - Setting next_dagrun for example_trigger_controller_dag to 2021-01-01T00:00:00+00:00, run_after=2021-01-01T00:00:00+00:00
[2023-11-20T21:23:08.806+0500] {processor.py:179} INFO - Processing /usr/local/lib/python3.10/dist-packages/airflow/example_dags/example_trigger_controller_dag.py took 0.341 seconds
[2023-11-20T21:23:39.008+0500] {processor.py:157} INFO - Started process (PID=33505) to work on /usr/local/lib/python3.10/dist-packages/airflow/example_dags/example_trigger_controller_dag.py
[2023-11-20T21:23:39.011+0500] {processor.py:829} INFO - Processing file /usr/local/lib/python3.10/dist-packages/airflow/example_dags/example_trigger_controller_dag.py for tasks to queue
[2023-11-20T21:23:39.014+0500] {logging_mixin.py:154} INFO - [2023-11-20T21:23:39.013+0500] {dagbag.py:536} INFO - Filling up the DagBag from /usr/local/lib/python3.10/dist-packages/airflow/example_dags/example_trigger_controller_dag.py
[2023-11-20T21:23:39.031+0500] {processor.py:839} INFO - DAG(s) dict_keys(['example_trigger_controller_dag']) retrieved from /usr/local/lib/python3.10/dist-packages/airflow/example_dags/example_trigger_controller_dag.py
[2023-11-20T21:23:39.134+0500] {logging_mixin.py:154} INFO - [2023-11-20T21:23:39.134+0500] {dag.py:2941} INFO - Sync 1 DAGs
[2023-11-20T21:23:39.235+0500] {logging_mixin.py:154} INFO - [2023-11-20T21:23:39.234+0500] {dag.py:3722} INFO - Setting next_dagrun for example_trigger_controller_dag to 2021-01-01T00:00:00+00:00, run_after=2021-01-01T00:00:00+00:00
[2023-11-20T21:23:39.316+0500] {processor.py:179} INFO - Processing /usr/local/lib/python3.10/dist-packages/airflow/example_dags/example_trigger_controller_dag.py took 0.319 seconds
[2023-11-20T21:24:10.956+0500] {processor.py:157} INFO - Started process (PID=33624) to work on /usr/local/lib/python3.10/dist-packages/airflow/example_dags/example_trigger_controller_dag.py
[2023-11-20T21:24:10.965+0500] {processor.py:829} INFO - Processing file /usr/local/lib/python3.10/dist-packages/airflow/example_dags/example_trigger_controller_dag.py for tasks to queue
[2023-11-20T21:24:10.970+0500] {logging_mixin.py:154} INFO - [2023-11-20T21:24:10.969+0500] {dagbag.py:536} INFO - Filling up the DagBag from /usr/local/lib/python3.10/dist-packages/airflow/example_dags/example_trigger_controller_dag.py
[2023-11-20T21:24:10.998+0500] {processor.py:839} INFO - DAG(s) dict_keys(['example_trigger_controller_dag']) retrieved from /usr/local/lib/python3.10/dist-packages/airflow/example_dags/example_trigger_controller_dag.py
[2023-11-20T21:24:11.150+0500] {logging_mixin.py:154} INFO - [2023-11-20T21:24:11.149+0500] {dag.py:2941} INFO - Sync 1 DAGs
[2023-11-20T21:24:11.365+0500] {logging_mixin.py:154} INFO - [2023-11-20T21:24:11.364+0500] {dag.py:3722} INFO - Setting next_dagrun for example_trigger_controller_dag to 2021-01-01T00:00:00+00:00, run_after=2021-01-01T00:00:00+00:00
[2023-11-20T21:24:11.551+0500] {processor.py:179} INFO - Processing /usr/local/lib/python3.10/dist-packages/airflow/example_dags/example_trigger_controller_dag.py took 0.621 seconds
[2023-11-20T21:24:58.320+0500] {processor.py:157} INFO - Started process (PID=33746) to work on /usr/local/lib/python3.10/dist-packages/airflow/example_dags/example_trigger_controller_dag.py
[2023-11-20T21:24:58.332+0500] {processor.py:829} INFO - Processing file /usr/local/lib/python3.10/dist-packages/airflow/example_dags/example_trigger_controller_dag.py for tasks to queue
[2023-11-20T21:24:58.347+0500] {logging_mixin.py:154} INFO - [2023-11-20T21:24:58.342+0500] {dagbag.py:536} INFO - Filling up the DagBag from /usr/local/lib/python3.10/dist-packages/airflow/example_dags/example_trigger_controller_dag.py
[2023-11-20T21:24:58.422+0500] {processor.py:839} INFO - DAG(s) dict_keys(['example_trigger_controller_dag']) retrieved from /usr/local/lib/python3.10/dist-packages/airflow/example_dags/example_trigger_controller_dag.py
[2023-11-20T21:24:58.848+0500] {logging_mixin.py:154} INFO - [2023-11-20T21:24:58.847+0500] {dag.py:2941} INFO - Sync 1 DAGs
[2023-11-20T21:24:59.117+0500] {logging_mixin.py:154} INFO - [2023-11-20T21:24:59.116+0500] {dag.py:3722} INFO - Setting next_dagrun for example_trigger_controller_dag to 2021-01-01T00:00:00+00:00, run_after=2021-01-01T00:00:00+00:00
[2023-11-20T21:24:59.237+0500] {processor.py:179} INFO - Processing /usr/local/lib/python3.10/dist-packages/airflow/example_dags/example_trigger_controller_dag.py took 0.978 seconds
[2023-11-20T21:25:42.238+0500] {processor.py:157} INFO - Started process (PID=33852) to work on /usr/local/lib/python3.10/dist-packages/airflow/example_dags/example_trigger_controller_dag.py
[2023-11-20T21:25:42.247+0500] {processor.py:829} INFO - Processing file /usr/local/lib/python3.10/dist-packages/airflow/example_dags/example_trigger_controller_dag.py for tasks to queue
[2023-11-20T21:25:42.298+0500] {logging_mixin.py:154} INFO - [2023-11-20T21:25:42.270+0500] {dagbag.py:536} INFO - Filling up the DagBag from /usr/local/lib/python3.10/dist-packages/airflow/example_dags/example_trigger_controller_dag.py
[2023-11-20T21:25:42.395+0500] {processor.py:839} INFO - DAG(s) dict_keys(['example_trigger_controller_dag']) retrieved from /usr/local/lib/python3.10/dist-packages/airflow/example_dags/example_trigger_controller_dag.py
[2023-11-20T21:25:42.901+0500] {logging_mixin.py:154} INFO - [2023-11-20T21:25:42.899+0500] {dag.py:2941} INFO - Sync 1 DAGs
[2023-11-20T21:25:43.131+0500] {logging_mixin.py:154} INFO - [2023-11-20T21:25:43.130+0500] {dag.py:3722} INFO - Setting next_dagrun for example_trigger_controller_dag to 2021-01-01T00:00:00+00:00, run_after=2021-01-01T00:00:00+00:00
[2023-11-20T21:25:43.524+0500] {processor.py:179} INFO - Processing /usr/local/lib/python3.10/dist-packages/airflow/example_dags/example_trigger_controller_dag.py took 1.321 seconds
[2023-11-20T21:26:19.212+0500] {processor.py:157} INFO - Started process (PID=34007) to work on /usr/local/lib/python3.10/dist-packages/airflow/example_dags/example_trigger_controller_dag.py
[2023-11-20T21:26:19.220+0500] {processor.py:829} INFO - Processing file /usr/local/lib/python3.10/dist-packages/airflow/example_dags/example_trigger_controller_dag.py for tasks to queue
[2023-11-20T21:26:19.224+0500] {logging_mixin.py:154} INFO - [2023-11-20T21:26:19.222+0500] {dagbag.py:536} INFO - Filling up the DagBag from /usr/local/lib/python3.10/dist-packages/airflow/example_dags/example_trigger_controller_dag.py
[2023-11-20T21:26:19.244+0500] {processor.py:839} INFO - DAG(s) dict_keys(['example_trigger_controller_dag']) retrieved from /usr/local/lib/python3.10/dist-packages/airflow/example_dags/example_trigger_controller_dag.py
[2023-11-20T21:26:19.389+0500] {logging_mixin.py:154} INFO - [2023-11-20T21:26:19.388+0500] {dag.py:2941} INFO - Sync 1 DAGs
[2023-11-20T21:26:19.591+0500] {logging_mixin.py:154} INFO - [2023-11-20T21:26:19.590+0500] {dag.py:3722} INFO - Setting next_dagrun for example_trigger_controller_dag to 2021-01-01T00:00:00+00:00, run_after=2021-01-01T00:00:00+00:00
[2023-11-20T21:26:19.828+0500] {processor.py:179} INFO - Processing /usr/local/lib/python3.10/dist-packages/airflow/example_dags/example_trigger_controller_dag.py took 0.629 seconds
[2023-11-20T21:28:27.620+0500] {processor.py:157} INFO - Started process (PID=34275) to work on /usr/local/lib/python3.10/dist-packages/airflow/example_dags/example_trigger_controller_dag.py
[2023-11-20T21:28:27.644+0500] {processor.py:829} INFO - Processing file /usr/local/lib/python3.10/dist-packages/airflow/example_dags/example_trigger_controller_dag.py for tasks to queue
[2023-11-20T21:28:27.647+0500] {logging_mixin.py:154} INFO - [2023-11-20T21:28:27.646+0500] {dagbag.py:536} INFO - Filling up the DagBag from /usr/local/lib/python3.10/dist-packages/airflow/example_dags/example_trigger_controller_dag.py
[2023-11-20T21:28:27.682+0500] {processor.py:839} INFO - DAG(s) dict_keys(['example_trigger_controller_dag']) retrieved from /usr/local/lib/python3.10/dist-packages/airflow/example_dags/example_trigger_controller_dag.py
[2023-11-20T21:28:27.910+0500] {logging_mixin.py:154} INFO - [2023-11-20T21:28:27.910+0500] {dag.py:2941} INFO - Sync 1 DAGs
[2023-11-20T21:28:28.146+0500] {logging_mixin.py:154} INFO - [2023-11-20T21:28:28.145+0500] {dag.py:3722} INFO - Setting next_dagrun for example_trigger_controller_dag to 2021-01-01T00:00:00+00:00, run_after=2021-01-01T00:00:00+00:00
[2023-11-20T21:28:28.444+0500] {processor.py:179} INFO - Processing /usr/local/lib/python3.10/dist-packages/airflow/example_dags/example_trigger_controller_dag.py took 0.865 seconds
[2023-11-20T21:30:36.867+0500] {processor.py:157} INFO - Started process (PID=34487) to work on /usr/local/lib/python3.10/dist-packages/airflow/example_dags/example_trigger_controller_dag.py
[2023-11-20T21:30:36.871+0500] {processor.py:829} INFO - Processing file /usr/local/lib/python3.10/dist-packages/airflow/example_dags/example_trigger_controller_dag.py for tasks to queue
[2023-11-20T21:30:36.874+0500] {logging_mixin.py:154} INFO - [2023-11-20T21:30:36.873+0500] {dagbag.py:536} INFO - Filling up the DagBag from /usr/local/lib/python3.10/dist-packages/airflow/example_dags/example_trigger_controller_dag.py
[2023-11-20T21:30:36.895+0500] {processor.py:839} INFO - DAG(s) dict_keys(['example_trigger_controller_dag']) retrieved from /usr/local/lib/python3.10/dist-packages/airflow/example_dags/example_trigger_controller_dag.py
[2023-11-20T21:30:37.015+0500] {logging_mixin.py:154} INFO - [2023-11-20T21:30:37.015+0500] {dag.py:2941} INFO - Sync 1 DAGs
[2023-11-20T21:30:37.150+0500] {logging_mixin.py:154} INFO - [2023-11-20T21:30:37.149+0500] {dag.py:3722} INFO - Setting next_dagrun for example_trigger_controller_dag to 2021-01-01T00:00:00+00:00, run_after=2021-01-01T00:00:00+00:00
[2023-11-20T21:30:37.232+0500] {processor.py:179} INFO - Processing /usr/local/lib/python3.10/dist-packages/airflow/example_dags/example_trigger_controller_dag.py took 0.381 seconds
