[2023-11-20T21:05:49.767+0500] {processor.py:157} INFO - Started process (PID=27131) to work on /usr/local/lib/python3.10/dist-packages/airflow/example_dags/example_time_delta_sensor_async.py
[2023-11-20T21:05:49.770+0500] {processor.py:829} INFO - Processing file /usr/local/lib/python3.10/dist-packages/airflow/example_dags/example_time_delta_sensor_async.py for tasks to queue
[2023-11-20T21:05:49.773+0500] {logging_mixin.py:154} INFO - [2023-11-20T21:05:49.772+0500] {dagbag.py:536} INFO - Filling up the DagBag from /usr/local/lib/python3.10/dist-packages/airflow/example_dags/example_time_delta_sensor_async.py
[2023-11-20T21:05:49.801+0500] {processor.py:839} INFO - DAG(s) dict_keys(['example_time_delta_sensor_async']) retrieved from /usr/local/lib/python3.10/dist-packages/airflow/example_dags/example_time_delta_sensor_async.py
[2023-11-20T21:05:50.295+0500] {logging_mixin.py:154} INFO - [2023-11-20T21:05:50.294+0500] {manager.py:499} INFO - Created Permission View: %s
[2023-11-20T21:05:50.342+0500] {logging_mixin.py:154} INFO - [2023-11-20T21:05:50.341+0500] {manager.py:499} INFO - Created Permission View: %s
[2023-11-20T21:05:50.374+0500] {logging_mixin.py:154} INFO - [2023-11-20T21:05:50.373+0500] {manager.py:499} INFO - Created Permission View: %s
[2023-11-20T21:05:50.375+0500] {logging_mixin.py:154} INFO - [2023-11-20T21:05:50.375+0500] {dag.py:2941} INFO - Sync 1 DAGs
[2023-11-20T21:05:50.430+0500] {logging_mixin.py:154} INFO - [2023-11-20T21:05:50.430+0500] {dag.py:2963} INFO - Creating ORM DAG for example_time_delta_sensor_async
[2023-11-20T21:05:50.433+0500] {logging_mixin.py:154} INFO - [2023-11-20T21:05:50.432+0500] {dag.py:3722} INFO - Setting next_dagrun for example_time_delta_sensor_async to None, run_after=None
[2023-11-20T21:05:50.508+0500] {processor.py:179} INFO - Processing /usr/local/lib/python3.10/dist-packages/airflow/example_dags/example_time_delta_sensor_async.py took 0.752 seconds
[2023-11-20T21:06:20.654+0500] {processor.py:157} INFO - Started process (PID=27262) to work on /usr/local/lib/python3.10/dist-packages/airflow/example_dags/example_time_delta_sensor_async.py
[2023-11-20T21:06:20.657+0500] {processor.py:829} INFO - Processing file /usr/local/lib/python3.10/dist-packages/airflow/example_dags/example_time_delta_sensor_async.py for tasks to queue
[2023-11-20T21:06:20.660+0500] {logging_mixin.py:154} INFO - [2023-11-20T21:06:20.659+0500] {dagbag.py:536} INFO - Filling up the DagBag from /usr/local/lib/python3.10/dist-packages/airflow/example_dags/example_time_delta_sensor_async.py
[2023-11-20T21:06:20.676+0500] {processor.py:839} INFO - DAG(s) dict_keys(['example_time_delta_sensor_async']) retrieved from /usr/local/lib/python3.10/dist-packages/airflow/example_dags/example_time_delta_sensor_async.py
[2023-11-20T21:06:20.793+0500] {logging_mixin.py:154} INFO - [2023-11-20T21:06:20.792+0500] {dag.py:2941} INFO - Sync 1 DAGs
[2023-11-20T21:06:20.864+0500] {logging_mixin.py:154} INFO - [2023-11-20T21:06:20.864+0500] {dag.py:3722} INFO - Setting next_dagrun for example_time_delta_sensor_async to None, run_after=None
[2023-11-20T21:06:20.949+0500] {processor.py:179} INFO - Processing /usr/local/lib/python3.10/dist-packages/airflow/example_dags/example_time_delta_sensor_async.py took 0.306 seconds
[2023-11-20T21:06:52.264+0500] {processor.py:157} INFO - Started process (PID=27718) to work on /usr/local/lib/python3.10/dist-packages/airflow/example_dags/example_time_delta_sensor_async.py
[2023-11-20T21:06:52.268+0500] {processor.py:829} INFO - Processing file /usr/local/lib/python3.10/dist-packages/airflow/example_dags/example_time_delta_sensor_async.py for tasks to queue
[2023-11-20T21:06:52.272+0500] {logging_mixin.py:154} INFO - [2023-11-20T21:06:52.270+0500] {dagbag.py:536} INFO - Filling up the DagBag from /usr/local/lib/python3.10/dist-packages/airflow/example_dags/example_time_delta_sensor_async.py
[2023-11-20T21:06:52.295+0500] {processor.py:839} INFO - DAG(s) dict_keys(['example_time_delta_sensor_async']) retrieved from /usr/local/lib/python3.10/dist-packages/airflow/example_dags/example_time_delta_sensor_async.py
[2023-11-20T21:06:52.403+0500] {logging_mixin.py:154} INFO - [2023-11-20T21:06:52.403+0500] {dag.py:2941} INFO - Sync 1 DAGs
[2023-11-20T21:06:52.468+0500] {logging_mixin.py:154} INFO - [2023-11-20T21:06:52.467+0500] {dag.py:3722} INFO - Setting next_dagrun for example_time_delta_sensor_async to None, run_after=None
[2023-11-20T21:06:52.558+0500] {processor.py:179} INFO - Processing /usr/local/lib/python3.10/dist-packages/airflow/example_dags/example_time_delta_sensor_async.py took 0.308 seconds
[2023-11-20T21:07:23.493+0500] {processor.py:157} INFO - Started process (PID=27977) to work on /usr/local/lib/python3.10/dist-packages/airflow/example_dags/example_time_delta_sensor_async.py
[2023-11-20T21:07:23.497+0500] {processor.py:829} INFO - Processing file /usr/local/lib/python3.10/dist-packages/airflow/example_dags/example_time_delta_sensor_async.py for tasks to queue
[2023-11-20T21:07:23.500+0500] {logging_mixin.py:154} INFO - [2023-11-20T21:07:23.499+0500] {dagbag.py:536} INFO - Filling up the DagBag from /usr/local/lib/python3.10/dist-packages/airflow/example_dags/example_time_delta_sensor_async.py
[2023-11-20T21:07:23.528+0500] {processor.py:839} INFO - DAG(s) dict_keys(['example_time_delta_sensor_async']) retrieved from /usr/local/lib/python3.10/dist-packages/airflow/example_dags/example_time_delta_sensor_async.py
[2023-11-20T21:07:23.650+0500] {logging_mixin.py:154} INFO - [2023-11-20T21:07:23.649+0500] {dag.py:2941} INFO - Sync 1 DAGs
[2023-11-20T21:07:23.753+0500] {logging_mixin.py:154} INFO - [2023-11-20T21:07:23.752+0500] {dag.py:3722} INFO - Setting next_dagrun for example_time_delta_sensor_async to None, run_after=None
[2023-11-20T21:07:23.889+0500] {processor.py:179} INFO - Processing /usr/local/lib/python3.10/dist-packages/airflow/example_dags/example_time_delta_sensor_async.py took 0.408 seconds
[2023-11-20T21:07:54.538+0500] {processor.py:157} INFO - Started process (PID=28165) to work on /usr/local/lib/python3.10/dist-packages/airflow/example_dags/example_time_delta_sensor_async.py
[2023-11-20T21:07:54.542+0500] {processor.py:829} INFO - Processing file /usr/local/lib/python3.10/dist-packages/airflow/example_dags/example_time_delta_sensor_async.py for tasks to queue
[2023-11-20T21:07:54.546+0500] {logging_mixin.py:154} INFO - [2023-11-20T21:07:54.545+0500] {dagbag.py:536} INFO - Filling up the DagBag from /usr/local/lib/python3.10/dist-packages/airflow/example_dags/example_time_delta_sensor_async.py
[2023-11-20T21:07:54.575+0500] {processor.py:839} INFO - DAG(s) dict_keys(['example_time_delta_sensor_async']) retrieved from /usr/local/lib/python3.10/dist-packages/airflow/example_dags/example_time_delta_sensor_async.py
[2023-11-20T21:07:54.688+0500] {logging_mixin.py:154} INFO - [2023-11-20T21:07:54.687+0500] {dag.py:2941} INFO - Sync 1 DAGs
[2023-11-20T21:07:54.749+0500] {logging_mixin.py:154} INFO - [2023-11-20T21:07:54.748+0500] {dag.py:3722} INFO - Setting next_dagrun for example_time_delta_sensor_async to None, run_after=None
[2023-11-20T21:07:54.832+0500] {processor.py:179} INFO - Processing /usr/local/lib/python3.10/dist-packages/airflow/example_dags/example_time_delta_sensor_async.py took 0.308 seconds
[2023-11-20T21:08:25.245+0500] {processor.py:157} INFO - Started process (PID=28400) to work on /usr/local/lib/python3.10/dist-packages/airflow/example_dags/example_time_delta_sensor_async.py
[2023-11-20T21:08:25.247+0500] {processor.py:829} INFO - Processing file /usr/local/lib/python3.10/dist-packages/airflow/example_dags/example_time_delta_sensor_async.py for tasks to queue
[2023-11-20T21:08:25.251+0500] {logging_mixin.py:154} INFO - [2023-11-20T21:08:25.249+0500] {dagbag.py:536} INFO - Filling up the DagBag from /usr/local/lib/python3.10/dist-packages/airflow/example_dags/example_time_delta_sensor_async.py
[2023-11-20T21:08:25.271+0500] {processor.py:839} INFO - DAG(s) dict_keys(['example_time_delta_sensor_async']) retrieved from /usr/local/lib/python3.10/dist-packages/airflow/example_dags/example_time_delta_sensor_async.py
[2023-11-20T21:08:25.385+0500] {logging_mixin.py:154} INFO - [2023-11-20T21:08:25.384+0500] {dag.py:2941} INFO - Sync 1 DAGs
[2023-11-20T21:08:25.446+0500] {logging_mixin.py:154} INFO - [2023-11-20T21:08:25.445+0500] {dag.py:3722} INFO - Setting next_dagrun for example_time_delta_sensor_async to None, run_after=None
[2023-11-20T21:08:25.539+0500] {processor.py:179} INFO - Processing /usr/local/lib/python3.10/dist-packages/airflow/example_dags/example_time_delta_sensor_async.py took 0.308 seconds
[2023-11-20T21:08:55.698+0500] {processor.py:157} INFO - Started process (PID=28599) to work on /usr/local/lib/python3.10/dist-packages/airflow/example_dags/example_time_delta_sensor_async.py
[2023-11-20T21:08:55.701+0500] {processor.py:829} INFO - Processing file /usr/local/lib/python3.10/dist-packages/airflow/example_dags/example_time_delta_sensor_async.py for tasks to queue
[2023-11-20T21:08:55.704+0500] {logging_mixin.py:154} INFO - [2023-11-20T21:08:55.703+0500] {dagbag.py:536} INFO - Filling up the DagBag from /usr/local/lib/python3.10/dist-packages/airflow/example_dags/example_time_delta_sensor_async.py
[2023-11-20T21:08:55.722+0500] {processor.py:839} INFO - DAG(s) dict_keys(['example_time_delta_sensor_async']) retrieved from /usr/local/lib/python3.10/dist-packages/airflow/example_dags/example_time_delta_sensor_async.py
[2023-11-20T21:08:55.828+0500] {logging_mixin.py:154} INFO - [2023-11-20T21:08:55.828+0500] {dag.py:2941} INFO - Sync 1 DAGs
[2023-11-20T21:08:55.885+0500] {logging_mixin.py:154} INFO - [2023-11-20T21:08:55.884+0500] {dag.py:3722} INFO - Setting next_dagrun for example_time_delta_sensor_async to None, run_after=None
[2023-11-20T21:08:55.962+0500] {processor.py:179} INFO - Processing /usr/local/lib/python3.10/dist-packages/airflow/example_dags/example_time_delta_sensor_async.py took 0.275 seconds
[2023-11-20T21:09:26.711+0500] {processor.py:157} INFO - Started process (PID=28792) to work on /usr/local/lib/python3.10/dist-packages/airflow/example_dags/example_time_delta_sensor_async.py
[2023-11-20T21:09:26.714+0500] {processor.py:829} INFO - Processing file /usr/local/lib/python3.10/dist-packages/airflow/example_dags/example_time_delta_sensor_async.py for tasks to queue
[2023-11-20T21:09:26.717+0500] {logging_mixin.py:154} INFO - [2023-11-20T21:09:26.716+0500] {dagbag.py:536} INFO - Filling up the DagBag from /usr/local/lib/python3.10/dist-packages/airflow/example_dags/example_time_delta_sensor_async.py
[2023-11-20T21:09:26.733+0500] {processor.py:839} INFO - DAG(s) dict_keys(['example_time_delta_sensor_async']) retrieved from /usr/local/lib/python3.10/dist-packages/airflow/example_dags/example_time_delta_sensor_async.py
[2023-11-20T21:09:26.843+0500] {logging_mixin.py:154} INFO - [2023-11-20T21:09:26.842+0500] {dag.py:2941} INFO - Sync 1 DAGs
[2023-11-20T21:09:26.906+0500] {logging_mixin.py:154} INFO - [2023-11-20T21:09:26.905+0500] {dag.py:3722} INFO - Setting next_dagrun for example_time_delta_sensor_async to None, run_after=None
[2023-11-20T21:09:26.994+0500] {processor.py:179} INFO - Processing /usr/local/lib/python3.10/dist-packages/airflow/example_dags/example_time_delta_sensor_async.py took 0.294 seconds
[2023-11-20T21:10:00.928+0500] {processor.py:157} INFO - Started process (PID=29102) to work on /usr/local/lib/python3.10/dist-packages/airflow/example_dags/example_time_delta_sensor_async.py
[2023-11-20T21:10:00.931+0500] {processor.py:829} INFO - Processing file /usr/local/lib/python3.10/dist-packages/airflow/example_dags/example_time_delta_sensor_async.py for tasks to queue
[2023-11-20T21:10:00.935+0500] {logging_mixin.py:154} INFO - [2023-11-20T21:10:00.933+0500] {dagbag.py:536} INFO - Filling up the DagBag from /usr/local/lib/python3.10/dist-packages/airflow/example_dags/example_time_delta_sensor_async.py
[2023-11-20T21:10:00.970+0500] {processor.py:839} INFO - DAG(s) dict_keys(['example_time_delta_sensor_async']) retrieved from /usr/local/lib/python3.10/dist-packages/airflow/example_dags/example_time_delta_sensor_async.py
[2023-11-20T21:10:01.163+0500] {logging_mixin.py:154} INFO - [2023-11-20T21:10:01.162+0500] {dag.py:2941} INFO - Sync 1 DAGs
[2023-11-20T21:10:01.238+0500] {logging_mixin.py:154} INFO - [2023-11-20T21:10:01.238+0500] {dag.py:3722} INFO - Setting next_dagrun for example_time_delta_sensor_async to None, run_after=None
[2023-11-20T21:10:01.387+0500] {processor.py:179} INFO - Processing /usr/local/lib/python3.10/dist-packages/airflow/example_dags/example_time_delta_sensor_async.py took 0.477 seconds
[2023-11-20T21:10:31.963+0500] {processor.py:157} INFO - Started process (PID=29334) to work on /usr/local/lib/python3.10/dist-packages/airflow/example_dags/example_time_delta_sensor_async.py
[2023-11-20T21:10:31.971+0500] {processor.py:829} INFO - Processing file /usr/local/lib/python3.10/dist-packages/airflow/example_dags/example_time_delta_sensor_async.py for tasks to queue
[2023-11-20T21:10:31.990+0500] {logging_mixin.py:154} INFO - [2023-11-20T21:10:31.989+0500] {dagbag.py:536} INFO - Filling up the DagBag from /usr/local/lib/python3.10/dist-packages/airflow/example_dags/example_time_delta_sensor_async.py
[2023-11-20T21:10:32.027+0500] {processor.py:839} INFO - DAG(s) dict_keys(['example_time_delta_sensor_async']) retrieved from /usr/local/lib/python3.10/dist-packages/airflow/example_dags/example_time_delta_sensor_async.py
[2023-11-20T21:10:32.178+0500] {logging_mixin.py:154} INFO - [2023-11-20T21:10:32.178+0500] {dag.py:2941} INFO - Sync 1 DAGs
[2023-11-20T21:10:32.242+0500] {logging_mixin.py:154} INFO - [2023-11-20T21:10:32.241+0500] {dag.py:3722} INFO - Setting next_dagrun for example_time_delta_sensor_async to None, run_after=None
[2023-11-20T21:10:32.324+0500] {processor.py:179} INFO - Processing /usr/local/lib/python3.10/dist-packages/airflow/example_dags/example_time_delta_sensor_async.py took 0.374 seconds
[2023-11-20T21:11:02.564+0500] {processor.py:157} INFO - Started process (PID=29484) to work on /usr/local/lib/python3.10/dist-packages/airflow/example_dags/example_time_delta_sensor_async.py
[2023-11-20T21:11:02.566+0500] {processor.py:829} INFO - Processing file /usr/local/lib/python3.10/dist-packages/airflow/example_dags/example_time_delta_sensor_async.py for tasks to queue
[2023-11-20T21:11:02.571+0500] {logging_mixin.py:154} INFO - [2023-11-20T21:11:02.569+0500] {dagbag.py:536} INFO - Filling up the DagBag from /usr/local/lib/python3.10/dist-packages/airflow/example_dags/example_time_delta_sensor_async.py
[2023-11-20T21:11:02.601+0500] {processor.py:839} INFO - DAG(s) dict_keys(['example_time_delta_sensor_async']) retrieved from /usr/local/lib/python3.10/dist-packages/airflow/example_dags/example_time_delta_sensor_async.py
[2023-11-20T21:11:02.704+0500] {logging_mixin.py:154} INFO - [2023-11-20T21:11:02.703+0500] {dag.py:2941} INFO - Sync 1 DAGs
[2023-11-20T21:11:02.761+0500] {logging_mixin.py:154} INFO - [2023-11-20T21:11:02.760+0500] {dag.py:3722} INFO - Setting next_dagrun for example_time_delta_sensor_async to None, run_after=None
[2023-11-20T21:11:02.839+0500] {processor.py:179} INFO - Processing /usr/local/lib/python3.10/dist-packages/airflow/example_dags/example_time_delta_sensor_async.py took 0.298 seconds
[2023-11-20T21:11:34.961+0500] {processor.py:157} INFO - Started process (PID=29585) to work on /usr/local/lib/python3.10/dist-packages/airflow/example_dags/example_time_delta_sensor_async.py
[2023-11-20T21:11:34.964+0500] {processor.py:829} INFO - Processing file /usr/local/lib/python3.10/dist-packages/airflow/example_dags/example_time_delta_sensor_async.py for tasks to queue
[2023-11-20T21:11:34.968+0500] {logging_mixin.py:154} INFO - [2023-11-20T21:11:34.966+0500] {dagbag.py:536} INFO - Filling up the DagBag from /usr/local/lib/python3.10/dist-packages/airflow/example_dags/example_time_delta_sensor_async.py
[2023-11-20T21:11:34.983+0500] {processor.py:839} INFO - DAG(s) dict_keys(['example_time_delta_sensor_async']) retrieved from /usr/local/lib/python3.10/dist-packages/airflow/example_dags/example_time_delta_sensor_async.py
[2023-11-20T21:11:35.095+0500] {logging_mixin.py:154} INFO - [2023-11-20T21:11:35.094+0500] {dag.py:2941} INFO - Sync 1 DAGs
[2023-11-20T21:11:35.165+0500] {logging_mixin.py:154} INFO - [2023-11-20T21:11:35.164+0500] {dag.py:3722} INFO - Setting next_dagrun for example_time_delta_sensor_async to None, run_after=None
[2023-11-20T21:11:35.248+0500] {processor.py:179} INFO - Processing /usr/local/lib/python3.10/dist-packages/airflow/example_dags/example_time_delta_sensor_async.py took 0.298 seconds
[2023-11-20T21:12:07.084+0500] {processor.py:157} INFO - Started process (PID=29825) to work on /usr/local/lib/python3.10/dist-packages/airflow/example_dags/example_time_delta_sensor_async.py
[2023-11-20T21:12:07.087+0500] {processor.py:829} INFO - Processing file /usr/local/lib/python3.10/dist-packages/airflow/example_dags/example_time_delta_sensor_async.py for tasks to queue
[2023-11-20T21:12:07.090+0500] {logging_mixin.py:154} INFO - [2023-11-20T21:12:07.089+0500] {dagbag.py:536} INFO - Filling up the DagBag from /usr/local/lib/python3.10/dist-packages/airflow/example_dags/example_time_delta_sensor_async.py
[2023-11-20T21:12:07.107+0500] {processor.py:839} INFO - DAG(s) dict_keys(['example_time_delta_sensor_async']) retrieved from /usr/local/lib/python3.10/dist-packages/airflow/example_dags/example_time_delta_sensor_async.py
[2023-11-20T21:12:07.207+0500] {logging_mixin.py:154} INFO - [2023-11-20T21:12:07.206+0500] {dag.py:2941} INFO - Sync 1 DAGs
[2023-11-20T21:12:07.261+0500] {logging_mixin.py:154} INFO - [2023-11-20T21:12:07.260+0500] {dag.py:3722} INFO - Setting next_dagrun for example_time_delta_sensor_async to None, run_after=None
[2023-11-20T21:12:07.337+0500] {processor.py:179} INFO - Processing /usr/local/lib/python3.10/dist-packages/airflow/example_dags/example_time_delta_sensor_async.py took 0.265 seconds
[2023-11-20T21:12:38.992+0500] {processor.py:157} INFO - Started process (PID=30047) to work on /usr/local/lib/python3.10/dist-packages/airflow/example_dags/example_time_delta_sensor_async.py
[2023-11-20T21:12:38.995+0500] {processor.py:829} INFO - Processing file /usr/local/lib/python3.10/dist-packages/airflow/example_dags/example_time_delta_sensor_async.py for tasks to queue
[2023-11-20T21:12:38.998+0500] {logging_mixin.py:154} INFO - [2023-11-20T21:12:38.997+0500] {dagbag.py:536} INFO - Filling up the DagBag from /usr/local/lib/python3.10/dist-packages/airflow/example_dags/example_time_delta_sensor_async.py
[2023-11-20T21:12:39.014+0500] {processor.py:839} INFO - DAG(s) dict_keys(['example_time_delta_sensor_async']) retrieved from /usr/local/lib/python3.10/dist-packages/airflow/example_dags/example_time_delta_sensor_async.py
[2023-11-20T21:12:39.115+0500] {logging_mixin.py:154} INFO - [2023-11-20T21:12:39.114+0500] {dag.py:2941} INFO - Sync 1 DAGs
[2023-11-20T21:12:39.178+0500] {logging_mixin.py:154} INFO - [2023-11-20T21:12:39.177+0500] {dag.py:3722} INFO - Setting next_dagrun for example_time_delta_sensor_async to None, run_after=None
[2023-11-20T21:12:39.262+0500] {processor.py:179} INFO - Processing /usr/local/lib/python3.10/dist-packages/airflow/example_dags/example_time_delta_sensor_async.py took 0.282 seconds
[2023-11-20T21:13:13.203+0500] {processor.py:157} INFO - Started process (PID=30168) to work on /usr/local/lib/python3.10/dist-packages/airflow/example_dags/example_time_delta_sensor_async.py
[2023-11-20T21:13:13.207+0500] {processor.py:829} INFO - Processing file /usr/local/lib/python3.10/dist-packages/airflow/example_dags/example_time_delta_sensor_async.py for tasks to queue
[2023-11-20T21:13:13.210+0500] {logging_mixin.py:154} INFO - [2023-11-20T21:13:13.209+0500] {dagbag.py:536} INFO - Filling up the DagBag from /usr/local/lib/python3.10/dist-packages/airflow/example_dags/example_time_delta_sensor_async.py
[2023-11-20T21:13:13.232+0500] {processor.py:839} INFO - DAG(s) dict_keys(['example_time_delta_sensor_async']) retrieved from /usr/local/lib/python3.10/dist-packages/airflow/example_dags/example_time_delta_sensor_async.py
[2023-11-20T21:13:13.381+0500] {logging_mixin.py:154} INFO - [2023-11-20T21:13:13.380+0500] {dag.py:2941} INFO - Sync 1 DAGs
[2023-11-20T21:13:13.451+0500] {logging_mixin.py:154} INFO - [2023-11-20T21:13:13.450+0500] {dag.py:3722} INFO - Setting next_dagrun for example_time_delta_sensor_async to None, run_after=None
[2023-11-20T21:13:13.606+0500] {processor.py:179} INFO - Processing /usr/local/lib/python3.10/dist-packages/airflow/example_dags/example_time_delta_sensor_async.py took 0.418 seconds
[2023-11-20T21:13:43.924+0500] {processor.py:157} INFO - Started process (PID=30324) to work on /usr/local/lib/python3.10/dist-packages/airflow/example_dags/example_time_delta_sensor_async.py
[2023-11-20T21:13:43.928+0500] {processor.py:829} INFO - Processing file /usr/local/lib/python3.10/dist-packages/airflow/example_dags/example_time_delta_sensor_async.py for tasks to queue
[2023-11-20T21:13:43.931+0500] {logging_mixin.py:154} INFO - [2023-11-20T21:13:43.930+0500] {dagbag.py:536} INFO - Filling up the DagBag from /usr/local/lib/python3.10/dist-packages/airflow/example_dags/example_time_delta_sensor_async.py
[2023-11-20T21:13:43.950+0500] {processor.py:839} INFO - DAG(s) dict_keys(['example_time_delta_sensor_async']) retrieved from /usr/local/lib/python3.10/dist-packages/airflow/example_dags/example_time_delta_sensor_async.py
[2023-11-20T21:13:44.055+0500] {logging_mixin.py:154} INFO - [2023-11-20T21:13:44.054+0500] {dag.py:2941} INFO - Sync 1 DAGs
[2023-11-20T21:13:44.115+0500] {logging_mixin.py:154} INFO - [2023-11-20T21:13:44.114+0500] {dag.py:3722} INFO - Setting next_dagrun for example_time_delta_sensor_async to None, run_after=None
[2023-11-20T21:13:44.196+0500] {processor.py:179} INFO - Processing /usr/local/lib/python3.10/dist-packages/airflow/example_dags/example_time_delta_sensor_async.py took 0.285 seconds
[2023-11-20T21:14:14.367+0500] {processor.py:157} INFO - Started process (PID=30426) to work on /usr/local/lib/python3.10/dist-packages/airflow/example_dags/example_time_delta_sensor_async.py
[2023-11-20T21:14:14.370+0500] {processor.py:829} INFO - Processing file /usr/local/lib/python3.10/dist-packages/airflow/example_dags/example_time_delta_sensor_async.py for tasks to queue
[2023-11-20T21:14:14.373+0500] {logging_mixin.py:154} INFO - [2023-11-20T21:14:14.372+0500] {dagbag.py:536} INFO - Filling up the DagBag from /usr/local/lib/python3.10/dist-packages/airflow/example_dags/example_time_delta_sensor_async.py
[2023-11-20T21:14:14.389+0500] {processor.py:839} INFO - DAG(s) dict_keys(['example_time_delta_sensor_async']) retrieved from /usr/local/lib/python3.10/dist-packages/airflow/example_dags/example_time_delta_sensor_async.py
[2023-11-20T21:14:14.489+0500] {logging_mixin.py:154} INFO - [2023-11-20T21:14:14.488+0500] {dag.py:2941} INFO - Sync 1 DAGs
[2023-11-20T21:14:14.543+0500] {logging_mixin.py:154} INFO - [2023-11-20T21:14:14.542+0500] {dag.py:3722} INFO - Setting next_dagrun for example_time_delta_sensor_async to None, run_after=None
[2023-11-20T21:14:14.621+0500] {processor.py:179} INFO - Processing /usr/local/lib/python3.10/dist-packages/airflow/example_dags/example_time_delta_sensor_async.py took 0.265 seconds
[2023-11-20T21:14:45.204+0500] {processor.py:157} INFO - Started process (PID=30532) to work on /usr/local/lib/python3.10/dist-packages/airflow/example_dags/example_time_delta_sensor_async.py
[2023-11-20T21:14:45.208+0500] {processor.py:829} INFO - Processing file /usr/local/lib/python3.10/dist-packages/airflow/example_dags/example_time_delta_sensor_async.py for tasks to queue
[2023-11-20T21:14:45.216+0500] {logging_mixin.py:154} INFO - [2023-11-20T21:14:45.213+0500] {dagbag.py:536} INFO - Filling up the DagBag from /usr/local/lib/python3.10/dist-packages/airflow/example_dags/example_time_delta_sensor_async.py
[2023-11-20T21:14:45.278+0500] {processor.py:839} INFO - DAG(s) dict_keys(['example_time_delta_sensor_async']) retrieved from /usr/local/lib/python3.10/dist-packages/airflow/example_dags/example_time_delta_sensor_async.py
[2023-11-20T21:14:45.629+0500] {logging_mixin.py:154} INFO - [2023-11-20T21:14:45.628+0500] {dag.py:2941} INFO - Sync 1 DAGs
[2023-11-20T21:14:45.881+0500] {logging_mixin.py:154} INFO - [2023-11-20T21:14:45.880+0500] {dag.py:3722} INFO - Setting next_dagrun for example_time_delta_sensor_async to None, run_after=None
[2023-11-20T21:14:45.996+0500] {processor.py:179} INFO - Processing /usr/local/lib/python3.10/dist-packages/airflow/example_dags/example_time_delta_sensor_async.py took 0.907 seconds
[2023-11-20T21:15:16.694+0500] {processor.py:157} INFO - Started process (PID=30842) to work on /usr/local/lib/python3.10/dist-packages/airflow/example_dags/example_time_delta_sensor_async.py
[2023-11-20T21:15:16.697+0500] {processor.py:829} INFO - Processing file /usr/local/lib/python3.10/dist-packages/airflow/example_dags/example_time_delta_sensor_async.py for tasks to queue
[2023-11-20T21:15:16.700+0500] {logging_mixin.py:154} INFO - [2023-11-20T21:15:16.699+0500] {dagbag.py:536} INFO - Filling up the DagBag from /usr/local/lib/python3.10/dist-packages/airflow/example_dags/example_time_delta_sensor_async.py
[2023-11-20T21:15:16.752+0500] {processor.py:839} INFO - DAG(s) dict_keys(['example_time_delta_sensor_async']) retrieved from /usr/local/lib/python3.10/dist-packages/airflow/example_dags/example_time_delta_sensor_async.py
[2023-11-20T21:15:16.902+0500] {logging_mixin.py:154} INFO - [2023-11-20T21:15:16.902+0500] {dag.py:2941} INFO - Sync 1 DAGs
[2023-11-20T21:15:16.964+0500] {logging_mixin.py:154} INFO - [2023-11-20T21:15:16.963+0500] {dag.py:3722} INFO - Setting next_dagrun for example_time_delta_sensor_async to None, run_after=None
[2023-11-20T21:15:17.104+0500] {processor.py:179} INFO - Processing /usr/local/lib/python3.10/dist-packages/airflow/example_dags/example_time_delta_sensor_async.py took 0.434 seconds
[2023-11-20T21:15:47.479+0500] {processor.py:157} INFO - Started process (PID=31091) to work on /usr/local/lib/python3.10/dist-packages/airflow/example_dags/example_time_delta_sensor_async.py
[2023-11-20T21:15:47.483+0500] {processor.py:829} INFO - Processing file /usr/local/lib/python3.10/dist-packages/airflow/example_dags/example_time_delta_sensor_async.py for tasks to queue
[2023-11-20T21:15:47.486+0500] {logging_mixin.py:154} INFO - [2023-11-20T21:15:47.485+0500] {dagbag.py:536} INFO - Filling up the DagBag from /usr/local/lib/python3.10/dist-packages/airflow/example_dags/example_time_delta_sensor_async.py
[2023-11-20T21:15:47.504+0500] {processor.py:839} INFO - DAG(s) dict_keys(['example_time_delta_sensor_async']) retrieved from /usr/local/lib/python3.10/dist-packages/airflow/example_dags/example_time_delta_sensor_async.py
[2023-11-20T21:15:47.605+0500] {logging_mixin.py:154} INFO - [2023-11-20T21:15:47.605+0500] {dag.py:2941} INFO - Sync 1 DAGs
[2023-11-20T21:15:47.661+0500] {logging_mixin.py:154} INFO - [2023-11-20T21:15:47.661+0500] {dag.py:3722} INFO - Setting next_dagrun for example_time_delta_sensor_async to None, run_after=None
[2023-11-20T21:15:47.741+0500] {processor.py:179} INFO - Processing /usr/local/lib/python3.10/dist-packages/airflow/example_dags/example_time_delta_sensor_async.py took 0.276 seconds
[2023-11-20T21:16:18.482+0500] {processor.py:157} INFO - Started process (PID=31192) to work on /usr/local/lib/python3.10/dist-packages/airflow/example_dags/example_time_delta_sensor_async.py
[2023-11-20T21:16:18.489+0500] {processor.py:829} INFO - Processing file /usr/local/lib/python3.10/dist-packages/airflow/example_dags/example_time_delta_sensor_async.py for tasks to queue
[2023-11-20T21:16:18.492+0500] {logging_mixin.py:154} INFO - [2023-11-20T21:16:18.491+0500] {dagbag.py:536} INFO - Filling up the DagBag from /usr/local/lib/python3.10/dist-packages/airflow/example_dags/example_time_delta_sensor_async.py
[2023-11-20T21:16:18.508+0500] {processor.py:839} INFO - DAG(s) dict_keys(['example_time_delta_sensor_async']) retrieved from /usr/local/lib/python3.10/dist-packages/airflow/example_dags/example_time_delta_sensor_async.py
[2023-11-20T21:16:18.616+0500] {logging_mixin.py:154} INFO - [2023-11-20T21:16:18.616+0500] {dag.py:2941} INFO - Sync 1 DAGs
[2023-11-20T21:16:18.675+0500] {logging_mixin.py:154} INFO - [2023-11-20T21:16:18.674+0500] {dag.py:3722} INFO - Setting next_dagrun for example_time_delta_sensor_async to None, run_after=None
[2023-11-20T21:16:18.753+0500] {processor.py:179} INFO - Processing /usr/local/lib/python3.10/dist-packages/airflow/example_dags/example_time_delta_sensor_async.py took 0.285 seconds
[2023-11-20T21:16:52.521+0500] {processor.py:157} INFO - Started process (PID=31296) to work on /usr/local/lib/python3.10/dist-packages/airflow/example_dags/example_time_delta_sensor_async.py
[2023-11-20T21:16:52.527+0500] {processor.py:829} INFO - Processing file /usr/local/lib/python3.10/dist-packages/airflow/example_dags/example_time_delta_sensor_async.py for tasks to queue
[2023-11-20T21:16:52.530+0500] {logging_mixin.py:154} INFO - [2023-11-20T21:16:52.529+0500] {dagbag.py:536} INFO - Filling up the DagBag from /usr/local/lib/python3.10/dist-packages/airflow/example_dags/example_time_delta_sensor_async.py
[2023-11-20T21:16:52.549+0500] {processor.py:839} INFO - DAG(s) dict_keys(['example_time_delta_sensor_async']) retrieved from /usr/local/lib/python3.10/dist-packages/airflow/example_dags/example_time_delta_sensor_async.py
[2023-11-20T21:16:52.752+0500] {logging_mixin.py:154} INFO - [2023-11-20T21:16:52.751+0500] {dag.py:2941} INFO - Sync 1 DAGs
[2023-11-20T21:16:52.830+0500] {logging_mixin.py:154} INFO - [2023-11-20T21:16:52.829+0500] {dag.py:3722} INFO - Setting next_dagrun for example_time_delta_sensor_async to None, run_after=None
[2023-11-20T21:16:53.029+0500] {processor.py:179} INFO - Processing /usr/local/lib/python3.10/dist-packages/airflow/example_dags/example_time_delta_sensor_async.py took 0.522 seconds
[2023-11-20T21:17:23.805+0500] {processor.py:157} INFO - Started process (PID=31421) to work on /usr/local/lib/python3.10/dist-packages/airflow/example_dags/example_time_delta_sensor_async.py
[2023-11-20T21:17:23.808+0500] {processor.py:829} INFO - Processing file /usr/local/lib/python3.10/dist-packages/airflow/example_dags/example_time_delta_sensor_async.py for tasks to queue
[2023-11-20T21:17:23.811+0500] {logging_mixin.py:154} INFO - [2023-11-20T21:17:23.810+0500] {dagbag.py:536} INFO - Filling up the DagBag from /usr/local/lib/python3.10/dist-packages/airflow/example_dags/example_time_delta_sensor_async.py
[2023-11-20T21:17:23.827+0500] {processor.py:839} INFO - DAG(s) dict_keys(['example_time_delta_sensor_async']) retrieved from /usr/local/lib/python3.10/dist-packages/airflow/example_dags/example_time_delta_sensor_async.py
[2023-11-20T21:17:23.937+0500] {logging_mixin.py:154} INFO - [2023-11-20T21:17:23.936+0500] {dag.py:2941} INFO - Sync 1 DAGs
[2023-11-20T21:17:23.993+0500] {logging_mixin.py:154} INFO - [2023-11-20T21:17:23.992+0500] {dag.py:3722} INFO - Setting next_dagrun for example_time_delta_sensor_async to None, run_after=None
[2023-11-20T21:17:24.069+0500] {processor.py:179} INFO - Processing /usr/local/lib/python3.10/dist-packages/airflow/example_dags/example_time_delta_sensor_async.py took 0.277 seconds
[2023-11-20T21:17:55.606+0500] {processor.py:157} INFO - Started process (PID=31531) to work on /usr/local/lib/python3.10/dist-packages/airflow/example_dags/example_time_delta_sensor_async.py
[2023-11-20T21:17:55.610+0500] {processor.py:829} INFO - Processing file /usr/local/lib/python3.10/dist-packages/airflow/example_dags/example_time_delta_sensor_async.py for tasks to queue
[2023-11-20T21:17:55.613+0500] {logging_mixin.py:154} INFO - [2023-11-20T21:17:55.612+0500] {dagbag.py:536} INFO - Filling up the DagBag from /usr/local/lib/python3.10/dist-packages/airflow/example_dags/example_time_delta_sensor_async.py
[2023-11-20T21:17:55.631+0500] {processor.py:839} INFO - DAG(s) dict_keys(['example_time_delta_sensor_async']) retrieved from /usr/local/lib/python3.10/dist-packages/airflow/example_dags/example_time_delta_sensor_async.py
[2023-11-20T21:17:55.732+0500] {logging_mixin.py:154} INFO - [2023-11-20T21:17:55.732+0500] {dag.py:2941} INFO - Sync 1 DAGs
[2023-11-20T21:17:55.789+0500] {logging_mixin.py:154} INFO - [2023-11-20T21:17:55.788+0500] {dag.py:3722} INFO - Setting next_dagrun for example_time_delta_sensor_async to None, run_after=None
[2023-11-20T21:17:55.874+0500] {processor.py:179} INFO - Processing /usr/local/lib/python3.10/dist-packages/airflow/example_dags/example_time_delta_sensor_async.py took 0.280 seconds
[2023-11-20T21:18:29.549+0500] {processor.py:157} INFO - Started process (PID=31641) to work on /usr/local/lib/python3.10/dist-packages/airflow/example_dags/example_time_delta_sensor_async.py
[2023-11-20T21:18:29.552+0500] {processor.py:829} INFO - Processing file /usr/local/lib/python3.10/dist-packages/airflow/example_dags/example_time_delta_sensor_async.py for tasks to queue
[2023-11-20T21:18:29.555+0500] {logging_mixin.py:154} INFO - [2023-11-20T21:18:29.554+0500] {dagbag.py:536} INFO - Filling up the DagBag from /usr/local/lib/python3.10/dist-packages/airflow/example_dags/example_time_delta_sensor_async.py
[2023-11-20T21:18:29.603+0500] {processor.py:839} INFO - DAG(s) dict_keys(['example_time_delta_sensor_async']) retrieved from /usr/local/lib/python3.10/dist-packages/airflow/example_dags/example_time_delta_sensor_async.py
[2023-11-20T21:18:29.802+0500] {logging_mixin.py:154} INFO - [2023-11-20T21:18:29.801+0500] {dag.py:2941} INFO - Sync 1 DAGs
[2023-11-20T21:18:29.883+0500] {logging_mixin.py:154} INFO - [2023-11-20T21:18:29.883+0500] {dag.py:3722} INFO - Setting next_dagrun for example_time_delta_sensor_async to None, run_after=None
[2023-11-20T21:18:30.011+0500] {processor.py:179} INFO - Processing /usr/local/lib/python3.10/dist-packages/airflow/example_dags/example_time_delta_sensor_async.py took 0.481 seconds
[2023-11-20T21:19:00.445+0500] {processor.py:157} INFO - Started process (PID=31737) to work on /usr/local/lib/python3.10/dist-packages/airflow/example_dags/example_time_delta_sensor_async.py
[2023-11-20T21:19:00.448+0500] {processor.py:829} INFO - Processing file /usr/local/lib/python3.10/dist-packages/airflow/example_dags/example_time_delta_sensor_async.py for tasks to queue
[2023-11-20T21:19:00.451+0500] {logging_mixin.py:154} INFO - [2023-11-20T21:19:00.450+0500] {dagbag.py:536} INFO - Filling up the DagBag from /usr/local/lib/python3.10/dist-packages/airflow/example_dags/example_time_delta_sensor_async.py
[2023-11-20T21:19:00.468+0500] {processor.py:839} INFO - DAG(s) dict_keys(['example_time_delta_sensor_async']) retrieved from /usr/local/lib/python3.10/dist-packages/airflow/example_dags/example_time_delta_sensor_async.py
[2023-11-20T21:19:00.574+0500] {logging_mixin.py:154} INFO - [2023-11-20T21:19:00.573+0500] {dag.py:2941} INFO - Sync 1 DAGs
[2023-11-20T21:19:00.640+0500] {logging_mixin.py:154} INFO - [2023-11-20T21:19:00.639+0500] {dag.py:3722} INFO - Setting next_dagrun for example_time_delta_sensor_async to None, run_after=None
[2023-11-20T21:19:00.729+0500] {processor.py:179} INFO - Processing /usr/local/lib/python3.10/dist-packages/airflow/example_dags/example_time_delta_sensor_async.py took 0.296 seconds
[2023-11-20T21:19:31.069+0500] {processor.py:157} INFO - Started process (PID=31881) to work on /usr/local/lib/python3.10/dist-packages/airflow/example_dags/example_time_delta_sensor_async.py
[2023-11-20T21:19:31.072+0500] {processor.py:829} INFO - Processing file /usr/local/lib/python3.10/dist-packages/airflow/example_dags/example_time_delta_sensor_async.py for tasks to queue
[2023-11-20T21:19:31.074+0500] {logging_mixin.py:154} INFO - [2023-11-20T21:19:31.073+0500] {dagbag.py:536} INFO - Filling up the DagBag from /usr/local/lib/python3.10/dist-packages/airflow/example_dags/example_time_delta_sensor_async.py
[2023-11-20T21:19:31.090+0500] {processor.py:839} INFO - DAG(s) dict_keys(['example_time_delta_sensor_async']) retrieved from /usr/local/lib/python3.10/dist-packages/airflow/example_dags/example_time_delta_sensor_async.py
[2023-11-20T21:19:31.190+0500] {logging_mixin.py:154} INFO - [2023-11-20T21:19:31.190+0500] {dag.py:2941} INFO - Sync 1 DAGs
[2023-11-20T21:19:31.244+0500] {logging_mixin.py:154} INFO - [2023-11-20T21:19:31.243+0500] {dag.py:3722} INFO - Setting next_dagrun for example_time_delta_sensor_async to None, run_after=None
[2023-11-20T21:19:31.324+0500] {processor.py:179} INFO - Processing /usr/local/lib/python3.10/dist-packages/airflow/example_dags/example_time_delta_sensor_async.py took 0.268 seconds
[2023-11-20T21:20:04.491+0500] {processor.py:157} INFO - Started process (PID=32278) to work on /usr/local/lib/python3.10/dist-packages/airflow/example_dags/example_time_delta_sensor_async.py
[2023-11-20T21:20:04.494+0500] {processor.py:829} INFO - Processing file /usr/local/lib/python3.10/dist-packages/airflow/example_dags/example_time_delta_sensor_async.py for tasks to queue
[2023-11-20T21:20:04.497+0500] {logging_mixin.py:154} INFO - [2023-11-20T21:20:04.496+0500] {dagbag.py:536} INFO - Filling up the DagBag from /usr/local/lib/python3.10/dist-packages/airflow/example_dags/example_time_delta_sensor_async.py
[2023-11-20T21:20:04.515+0500] {processor.py:839} INFO - DAG(s) dict_keys(['example_time_delta_sensor_async']) retrieved from /usr/local/lib/python3.10/dist-packages/airflow/example_dags/example_time_delta_sensor_async.py
[2023-11-20T21:20:04.651+0500] {logging_mixin.py:154} INFO - [2023-11-20T21:20:04.651+0500] {dag.py:2941} INFO - Sync 1 DAGs
[2023-11-20T21:20:04.741+0500] {logging_mixin.py:154} INFO - [2023-11-20T21:20:04.740+0500] {dag.py:3722} INFO - Setting next_dagrun for example_time_delta_sensor_async to None, run_after=None
[2023-11-20T21:20:04.859+0500] {processor.py:179} INFO - Processing /usr/local/lib/python3.10/dist-packages/airflow/example_dags/example_time_delta_sensor_async.py took 0.379 seconds
[2023-11-20T21:20:36.774+0500] {processor.py:157} INFO - Started process (PID=32638) to work on /usr/local/lib/python3.10/dist-packages/airflow/example_dags/example_time_delta_sensor_async.py
[2023-11-20T21:20:36.778+0500] {processor.py:829} INFO - Processing file /usr/local/lib/python3.10/dist-packages/airflow/example_dags/example_time_delta_sensor_async.py for tasks to queue
[2023-11-20T21:20:36.781+0500] {logging_mixin.py:154} INFO - [2023-11-20T21:20:36.780+0500] {dagbag.py:536} INFO - Filling up the DagBag from /usr/local/lib/python3.10/dist-packages/airflow/example_dags/example_time_delta_sensor_async.py
[2023-11-20T21:20:36.797+0500] {processor.py:839} INFO - DAG(s) dict_keys(['example_time_delta_sensor_async']) retrieved from /usr/local/lib/python3.10/dist-packages/airflow/example_dags/example_time_delta_sensor_async.py
[2023-11-20T21:20:36.902+0500] {logging_mixin.py:154} INFO - [2023-11-20T21:20:36.901+0500] {dag.py:2941} INFO - Sync 1 DAGs
[2023-11-20T21:20:36.960+0500] {logging_mixin.py:154} INFO - [2023-11-20T21:20:36.959+0500] {dag.py:3722} INFO - Setting next_dagrun for example_time_delta_sensor_async to None, run_after=None
[2023-11-20T21:20:37.041+0500] {processor.py:179} INFO - Processing /usr/local/lib/python3.10/dist-packages/airflow/example_dags/example_time_delta_sensor_async.py took 0.279 seconds
[2023-11-20T21:21:31.441+0500] {processor.py:157} INFO - Started process (PID=32954) to work on /usr/local/lib/python3.10/dist-packages/airflow/example_dags/example_time_delta_sensor_async.py
[2023-11-20T21:21:31.445+0500] {processor.py:829} INFO - Processing file /usr/local/lib/python3.10/dist-packages/airflow/example_dags/example_time_delta_sensor_async.py for tasks to queue
[2023-11-20T21:21:31.448+0500] {logging_mixin.py:154} INFO - [2023-11-20T21:21:31.447+0500] {dagbag.py:536} INFO - Filling up the DagBag from /usr/local/lib/python3.10/dist-packages/airflow/example_dags/example_time_delta_sensor_async.py
[2023-11-20T21:21:31.468+0500] {processor.py:839} INFO - DAG(s) dict_keys(['example_time_delta_sensor_async']) retrieved from /usr/local/lib/python3.10/dist-packages/airflow/example_dags/example_time_delta_sensor_async.py
[2023-11-20T21:21:31.638+0500] {logging_mixin.py:154} INFO - [2023-11-20T21:21:31.637+0500] {dag.py:2941} INFO - Sync 1 DAGs
[2023-11-20T21:21:31.722+0500] {logging_mixin.py:154} INFO - [2023-11-20T21:21:31.721+0500] {dag.py:3722} INFO - Setting next_dagrun for example_time_delta_sensor_async to None, run_after=None
[2023-11-20T21:21:31.880+0500] {processor.py:179} INFO - Processing /usr/local/lib/python3.10/dist-packages/airflow/example_dags/example_time_delta_sensor_async.py took 0.456 seconds
[2023-11-20T21:22:05.927+0500] {processor.py:157} INFO - Started process (PID=33118) to work on /usr/local/lib/python3.10/dist-packages/airflow/example_dags/example_time_delta_sensor_async.py
[2023-11-20T21:22:05.939+0500] {processor.py:829} INFO - Processing file /usr/local/lib/python3.10/dist-packages/airflow/example_dags/example_time_delta_sensor_async.py for tasks to queue
[2023-11-20T21:22:05.944+0500] {logging_mixin.py:154} INFO - [2023-11-20T21:22:05.943+0500] {dagbag.py:536} INFO - Filling up the DagBag from /usr/local/lib/python3.10/dist-packages/airflow/example_dags/example_time_delta_sensor_async.py
[2023-11-20T21:22:06.000+0500] {processor.py:839} INFO - DAG(s) dict_keys(['example_time_delta_sensor_async']) retrieved from /usr/local/lib/python3.10/dist-packages/airflow/example_dags/example_time_delta_sensor_async.py
[2023-11-20T21:22:06.347+0500] {logging_mixin.py:154} INFO - [2023-11-20T21:22:06.347+0500] {dag.py:2941} INFO - Sync 1 DAGs
[2023-11-20T21:22:06.505+0500] {logging_mixin.py:154} INFO - [2023-11-20T21:22:06.504+0500] {dag.py:3722} INFO - Setting next_dagrun for example_time_delta_sensor_async to None, run_after=None
[2023-11-20T21:22:06.675+0500] {processor.py:179} INFO - Processing /usr/local/lib/python3.10/dist-packages/airflow/example_dags/example_time_delta_sensor_async.py took 0.779 seconds
[2023-11-20T21:22:37.416+0500] {processor.py:157} INFO - Started process (PID=33225) to work on /usr/local/lib/python3.10/dist-packages/airflow/example_dags/example_time_delta_sensor_async.py
[2023-11-20T21:22:37.419+0500] {processor.py:829} INFO - Processing file /usr/local/lib/python3.10/dist-packages/airflow/example_dags/example_time_delta_sensor_async.py for tasks to queue
[2023-11-20T21:22:37.422+0500] {logging_mixin.py:154} INFO - [2023-11-20T21:22:37.421+0500] {dagbag.py:536} INFO - Filling up the DagBag from /usr/local/lib/python3.10/dist-packages/airflow/example_dags/example_time_delta_sensor_async.py
[2023-11-20T21:22:37.439+0500] {processor.py:839} INFO - DAG(s) dict_keys(['example_time_delta_sensor_async']) retrieved from /usr/local/lib/python3.10/dist-packages/airflow/example_dags/example_time_delta_sensor_async.py
[2023-11-20T21:22:37.540+0500] {logging_mixin.py:154} INFO - [2023-11-20T21:22:37.539+0500] {dag.py:2941} INFO - Sync 1 DAGs
[2023-11-20T21:22:37.596+0500] {logging_mixin.py:154} INFO - [2023-11-20T21:22:37.596+0500] {dag.py:3722} INFO - Setting next_dagrun for example_time_delta_sensor_async to None, run_after=None
[2023-11-20T21:22:37.679+0500] {processor.py:179} INFO - Processing /usr/local/lib/python3.10/dist-packages/airflow/example_dags/example_time_delta_sensor_async.py took 0.275 seconds
[2023-11-20T21:23:08.119+0500] {processor.py:157} INFO - Started process (PID=33396) to work on /usr/local/lib/python3.10/dist-packages/airflow/example_dags/example_time_delta_sensor_async.py
[2023-11-20T21:23:08.122+0500] {processor.py:829} INFO - Processing file /usr/local/lib/python3.10/dist-packages/airflow/example_dags/example_time_delta_sensor_async.py for tasks to queue
[2023-11-20T21:23:08.127+0500] {logging_mixin.py:154} INFO - [2023-11-20T21:23:08.124+0500] {dagbag.py:536} INFO - Filling up the DagBag from /usr/local/lib/python3.10/dist-packages/airflow/example_dags/example_time_delta_sensor_async.py
[2023-11-20T21:23:08.144+0500] {processor.py:839} INFO - DAG(s) dict_keys(['example_time_delta_sensor_async']) retrieved from /usr/local/lib/python3.10/dist-packages/airflow/example_dags/example_time_delta_sensor_async.py
[2023-11-20T21:23:08.248+0500] {logging_mixin.py:154} INFO - [2023-11-20T21:23:08.248+0500] {dag.py:2941} INFO - Sync 1 DAGs
[2023-11-20T21:23:08.306+0500] {logging_mixin.py:154} INFO - [2023-11-20T21:23:08.305+0500] {dag.py:3722} INFO - Setting next_dagrun for example_time_delta_sensor_async to None, run_after=None
[2023-11-20T21:23:08.395+0500] {processor.py:179} INFO - Processing /usr/local/lib/python3.10/dist-packages/airflow/example_dags/example_time_delta_sensor_async.py took 0.287 seconds
[2023-11-20T21:23:38.887+0500] {processor.py:157} INFO - Started process (PID=33503) to work on /usr/local/lib/python3.10/dist-packages/airflow/example_dags/example_time_delta_sensor_async.py
[2023-11-20T21:23:38.890+0500] {processor.py:829} INFO - Processing file /usr/local/lib/python3.10/dist-packages/airflow/example_dags/example_time_delta_sensor_async.py for tasks to queue
[2023-11-20T21:23:38.893+0500] {logging_mixin.py:154} INFO - [2023-11-20T21:23:38.892+0500] {dagbag.py:536} INFO - Filling up the DagBag from /usr/local/lib/python3.10/dist-packages/airflow/example_dags/example_time_delta_sensor_async.py
[2023-11-20T21:23:38.911+0500] {processor.py:839} INFO - DAG(s) dict_keys(['example_time_delta_sensor_async']) retrieved from /usr/local/lib/python3.10/dist-packages/airflow/example_dags/example_time_delta_sensor_async.py
[2023-11-20T21:23:39.010+0500] {logging_mixin.py:154} INFO - [2023-11-20T21:23:39.009+0500] {dag.py:2941} INFO - Sync 1 DAGs
[2023-11-20T21:23:39.065+0500] {logging_mixin.py:154} INFO - [2023-11-20T21:23:39.064+0500] {dag.py:3722} INFO - Setting next_dagrun for example_time_delta_sensor_async to None, run_after=None
[2023-11-20T21:23:39.147+0500] {processor.py:179} INFO - Processing /usr/local/lib/python3.10/dist-packages/airflow/example_dags/example_time_delta_sensor_async.py took 0.271 seconds
[2023-11-20T21:24:10.333+0500] {processor.py:157} INFO - Started process (PID=33616) to work on /usr/local/lib/python3.10/dist-packages/airflow/example_dags/example_time_delta_sensor_async.py
[2023-11-20T21:24:10.343+0500] {processor.py:829} INFO - Processing file /usr/local/lib/python3.10/dist-packages/airflow/example_dags/example_time_delta_sensor_async.py for tasks to queue
[2023-11-20T21:24:10.347+0500] {logging_mixin.py:154} INFO - [2023-11-20T21:24:10.346+0500] {dagbag.py:536} INFO - Filling up the DagBag from /usr/local/lib/python3.10/dist-packages/airflow/example_dags/example_time_delta_sensor_async.py
[2023-11-20T21:24:10.372+0500] {processor.py:839} INFO - DAG(s) dict_keys(['example_time_delta_sensor_async']) retrieved from /usr/local/lib/python3.10/dist-packages/airflow/example_dags/example_time_delta_sensor_async.py
[2023-11-20T21:24:10.557+0500] {logging_mixin.py:154} INFO - [2023-11-20T21:24:10.556+0500] {dag.py:2941} INFO - Sync 1 DAGs
[2023-11-20T21:24:10.674+0500] {logging_mixin.py:154} INFO - [2023-11-20T21:24:10.674+0500] {dag.py:3722} INFO - Setting next_dagrun for example_time_delta_sensor_async to None, run_after=None
[2023-11-20T21:24:10.807+0500] {processor.py:179} INFO - Processing /usr/local/lib/python3.10/dist-packages/airflow/example_dags/example_time_delta_sensor_async.py took 0.487 seconds
[2023-11-20T21:24:57.098+0500] {processor.py:157} INFO - Started process (PID=33743) to work on /usr/local/lib/python3.10/dist-packages/airflow/example_dags/example_time_delta_sensor_async.py
[2023-11-20T21:24:57.113+0500] {processor.py:829} INFO - Processing file /usr/local/lib/python3.10/dist-packages/airflow/example_dags/example_time_delta_sensor_async.py for tasks to queue
[2023-11-20T21:24:57.128+0500] {logging_mixin.py:154} INFO - [2023-11-20T21:24:57.115+0500] {dagbag.py:536} INFO - Filling up the DagBag from /usr/local/lib/python3.10/dist-packages/airflow/example_dags/example_time_delta_sensor_async.py
[2023-11-20T21:24:57.181+0500] {processor.py:839} INFO - DAG(s) dict_keys(['example_time_delta_sensor_async']) retrieved from /usr/local/lib/python3.10/dist-packages/airflow/example_dags/example_time_delta_sensor_async.py
[2023-11-20T21:24:57.639+0500] {logging_mixin.py:154} INFO - [2023-11-20T21:24:57.638+0500] {dag.py:2941} INFO - Sync 1 DAGs
[2023-11-20T21:24:57.850+0500] {logging_mixin.py:154} INFO - [2023-11-20T21:24:57.849+0500] {dag.py:3722} INFO - Setting next_dagrun for example_time_delta_sensor_async to None, run_after=None
[2023-11-20T21:24:58.112+0500] {processor.py:179} INFO - Processing /usr/local/lib/python3.10/dist-packages/airflow/example_dags/example_time_delta_sensor_async.py took 1.027 seconds
[2023-11-20T21:25:40.843+0500] {processor.py:157} INFO - Started process (PID=33846) to work on /usr/local/lib/python3.10/dist-packages/airflow/example_dags/example_time_delta_sensor_async.py
[2023-11-20T21:25:40.855+0500] {processor.py:829} INFO - Processing file /usr/local/lib/python3.10/dist-packages/airflow/example_dags/example_time_delta_sensor_async.py for tasks to queue
[2023-11-20T21:25:40.860+0500] {logging_mixin.py:154} INFO - [2023-11-20T21:25:40.858+0500] {dagbag.py:536} INFO - Filling up the DagBag from /usr/local/lib/python3.10/dist-packages/airflow/example_dags/example_time_delta_sensor_async.py
[2023-11-20T21:25:40.897+0500] {processor.py:839} INFO - DAG(s) dict_keys(['example_time_delta_sensor_async']) retrieved from /usr/local/lib/python3.10/dist-packages/airflow/example_dags/example_time_delta_sensor_async.py
[2023-11-20T21:25:41.498+0500] {logging_mixin.py:154} INFO - [2023-11-20T21:25:41.498+0500] {dag.py:2941} INFO - Sync 1 DAGs
[2023-11-20T21:25:41.645+0500] {logging_mixin.py:154} INFO - [2023-11-20T21:25:41.642+0500] {dag.py:3722} INFO - Setting next_dagrun for example_time_delta_sensor_async to None, run_after=None
[2023-11-20T21:25:41.916+0500] {processor.py:179} INFO - Processing /usr/local/lib/python3.10/dist-packages/airflow/example_dags/example_time_delta_sensor_async.py took 1.103 seconds
[2023-11-20T21:26:19.171+0500] {processor.py:157} INFO - Started process (PID=34006) to work on /usr/local/lib/python3.10/dist-packages/airflow/example_dags/example_time_delta_sensor_async.py
[2023-11-20T21:26:19.176+0500] {processor.py:829} INFO - Processing file /usr/local/lib/python3.10/dist-packages/airflow/example_dags/example_time_delta_sensor_async.py for tasks to queue
[2023-11-20T21:26:19.179+0500] {logging_mixin.py:154} INFO - [2023-11-20T21:26:19.178+0500] {dagbag.py:536} INFO - Filling up the DagBag from /usr/local/lib/python3.10/dist-packages/airflow/example_dags/example_time_delta_sensor_async.py
[2023-11-20T21:26:19.201+0500] {processor.py:839} INFO - DAG(s) dict_keys(['example_time_delta_sensor_async']) retrieved from /usr/local/lib/python3.10/dist-packages/airflow/example_dags/example_time_delta_sensor_async.py
[2023-11-20T21:26:19.441+0500] {logging_mixin.py:154} INFO - [2023-11-20T21:26:19.440+0500] {dag.py:2941} INFO - Sync 1 DAGs
[2023-11-20T21:26:19.532+0500] {logging_mixin.py:154} INFO - [2023-11-20T21:26:19.531+0500] {dag.py:3722} INFO - Setting next_dagrun for example_time_delta_sensor_async to None, run_after=None
[2023-11-20T21:26:19.678+0500] {processor.py:179} INFO - Processing /usr/local/lib/python3.10/dist-packages/airflow/example_dags/example_time_delta_sensor_async.py took 0.518 seconds
[2023-11-20T21:28:26.919+0500] {processor.py:157} INFO - Started process (PID=34273) to work on /usr/local/lib/python3.10/dist-packages/airflow/example_dags/example_time_delta_sensor_async.py
[2023-11-20T21:28:26.937+0500] {processor.py:829} INFO - Processing file /usr/local/lib/python3.10/dist-packages/airflow/example_dags/example_time_delta_sensor_async.py for tasks to queue
[2023-11-20T21:28:26.940+0500] {logging_mixin.py:154} INFO - [2023-11-20T21:28:26.939+0500] {dagbag.py:536} INFO - Filling up the DagBag from /usr/local/lib/python3.10/dist-packages/airflow/example_dags/example_time_delta_sensor_async.py
[2023-11-20T21:28:27.003+0500] {processor.py:839} INFO - DAG(s) dict_keys(['example_time_delta_sensor_async']) retrieved from /usr/local/lib/python3.10/dist-packages/airflow/example_dags/example_time_delta_sensor_async.py
[2023-11-20T21:28:27.281+0500] {logging_mixin.py:154} INFO - [2023-11-20T21:28:27.281+0500] {dag.py:2941} INFO - Sync 1 DAGs
[2023-11-20T21:28:27.446+0500] {logging_mixin.py:154} INFO - [2023-11-20T21:28:27.445+0500] {dag.py:3722} INFO - Setting next_dagrun for example_time_delta_sensor_async to None, run_after=None
[2023-11-20T21:28:27.568+0500] {processor.py:179} INFO - Processing /usr/local/lib/python3.10/dist-packages/airflow/example_dags/example_time_delta_sensor_async.py took 0.665 seconds
[2023-11-20T21:30:36.781+0500] {processor.py:157} INFO - Started process (PID=34485) to work on /usr/local/lib/python3.10/dist-packages/airflow/example_dags/example_time_delta_sensor_async.py
[2023-11-20T21:30:36.784+0500] {processor.py:829} INFO - Processing file /usr/local/lib/python3.10/dist-packages/airflow/example_dags/example_time_delta_sensor_async.py for tasks to queue
[2023-11-20T21:30:36.787+0500] {logging_mixin.py:154} INFO - [2023-11-20T21:30:36.786+0500] {dagbag.py:536} INFO - Filling up the DagBag from /usr/local/lib/python3.10/dist-packages/airflow/example_dags/example_time_delta_sensor_async.py
[2023-11-20T21:30:36.805+0500] {processor.py:839} INFO - DAG(s) dict_keys(['example_time_delta_sensor_async']) retrieved from /usr/local/lib/python3.10/dist-packages/airflow/example_dags/example_time_delta_sensor_async.py
[2023-11-20T21:30:36.920+0500] {logging_mixin.py:154} INFO - [2023-11-20T21:30:36.920+0500] {dag.py:2941} INFO - Sync 1 DAGs
[2023-11-20T21:30:36.979+0500] {logging_mixin.py:154} INFO - [2023-11-20T21:30:36.979+0500] {dag.py:3722} INFO - Setting next_dagrun for example_time_delta_sensor_async to None, run_after=None
[2023-11-20T21:30:37.065+0500] {processor.py:179} INFO - Processing /usr/local/lib/python3.10/dist-packages/airflow/example_dags/example_time_delta_sensor_async.py took 0.297 seconds
