[2023-11-20T21:05:59.902+0500] {processor.py:157} INFO - Started process (PID=27205) to work on /usr/local/lib/python3.10/dist-packages/airflow/example_dags/example_dynamic_task_mapping_with_no_taskflow_operators.py
[2023-11-20T21:05:59.906+0500] {processor.py:829} INFO - Processing file /usr/local/lib/python3.10/dist-packages/airflow/example_dags/example_dynamic_task_mapping_with_no_taskflow_operators.py for tasks to queue
[2023-11-20T21:05:59.909+0500] {logging_mixin.py:154} INFO - [2023-11-20T21:05:59.908+0500] {dagbag.py:536} INFO - Filling up the DagBag from /usr/local/lib/python3.10/dist-packages/airflow/example_dags/example_dynamic_task_mapping_with_no_taskflow_operators.py
[2023-11-20T21:05:59.933+0500] {processor.py:839} INFO - DAG(s) dict_keys(['example_dynamic_task_mapping_with_no_taskflow_operators']) retrieved from /usr/local/lib/python3.10/dist-packages/airflow/example_dags/example_dynamic_task_mapping_with_no_taskflow_operators.py
[2023-11-20T21:06:00.409+0500] {logging_mixin.py:154} INFO - [2023-11-20T21:06:00.409+0500] {manager.py:499} INFO - Created Permission View: %s
[2023-11-20T21:06:00.457+0500] {logging_mixin.py:154} INFO - [2023-11-20T21:06:00.456+0500] {manager.py:499} INFO - Created Permission View: %s
[2023-11-20T21:06:00.488+0500] {logging_mixin.py:154} INFO - [2023-11-20T21:06:00.487+0500] {manager.py:499} INFO - Created Permission View: %s
[2023-11-20T21:06:00.489+0500] {logging_mixin.py:154} INFO - [2023-11-20T21:06:00.488+0500] {dag.py:2941} INFO - Sync 1 DAGs
[2023-11-20T21:06:00.539+0500] {logging_mixin.py:154} INFO - [2023-11-20T21:06:00.538+0500] {dag.py:2963} INFO - Creating ORM DAG for example_dynamic_task_mapping_with_no_taskflow_operators
[2023-11-20T21:06:00.581+0500] {logging_mixin.py:154} INFO - [2023-11-20T21:06:00.580+0500] {dag.py:3722} INFO - Setting next_dagrun for example_dynamic_task_mapping_with_no_taskflow_operators to 2023-11-19T16:06:00.580148+00:00, run_after=2023-11-20T16:06:00.580148+00:00
[2023-11-20T21:06:00.662+0500] {processor.py:179} INFO - Processing /usr/local/lib/python3.10/dist-packages/airflow/example_dags/example_dynamic_task_mapping_with_no_taskflow_operators.py took 0.771 seconds
[2023-11-20T21:06:31.373+0500] {processor.py:157} INFO - Started process (PID=27499) to work on /usr/local/lib/python3.10/dist-packages/airflow/example_dags/example_dynamic_task_mapping_with_no_taskflow_operators.py
[2023-11-20T21:06:31.377+0500] {processor.py:829} INFO - Processing file /usr/local/lib/python3.10/dist-packages/airflow/example_dags/example_dynamic_task_mapping_with_no_taskflow_operators.py for tasks to queue
[2023-11-20T21:06:31.381+0500] {logging_mixin.py:154} INFO - [2023-11-20T21:06:31.380+0500] {dagbag.py:536} INFO - Filling up the DagBag from /usr/local/lib/python3.10/dist-packages/airflow/example_dags/example_dynamic_task_mapping_with_no_taskflow_operators.py
[2023-11-20T21:06:31.412+0500] {processor.py:839} INFO - DAG(s) dict_keys(['example_dynamic_task_mapping_with_no_taskflow_operators']) retrieved from /usr/local/lib/python3.10/dist-packages/airflow/example_dags/example_dynamic_task_mapping_with_no_taskflow_operators.py
[2023-11-20T21:06:31.545+0500] {logging_mixin.py:154} INFO - [2023-11-20T21:06:31.545+0500] {dag.py:2941} INFO - Sync 1 DAGs
[2023-11-20T21:06:31.680+0500] {logging_mixin.py:154} INFO - [2023-11-20T21:06:31.679+0500] {dag.py:3722} INFO - Setting next_dagrun for example_dynamic_task_mapping_with_no_taskflow_operators to 2023-11-19T16:06:31.677530+00:00, run_after=2023-11-20T16:06:31.677530+00:00
[2023-11-20T21:06:31.811+0500] {processor.py:179} INFO - Processing /usr/local/lib/python3.10/dist-packages/airflow/example_dags/example_dynamic_task_mapping_with_no_taskflow_operators.py took 0.454 seconds
[2023-11-20T21:07:03.176+0500] {processor.py:157} INFO - Started process (PID=27810) to work on /usr/local/lib/python3.10/dist-packages/airflow/example_dags/example_dynamic_task_mapping_with_no_taskflow_operators.py
[2023-11-20T21:07:03.184+0500] {processor.py:829} INFO - Processing file /usr/local/lib/python3.10/dist-packages/airflow/example_dags/example_dynamic_task_mapping_with_no_taskflow_operators.py for tasks to queue
[2023-11-20T21:07:03.188+0500] {logging_mixin.py:154} INFO - [2023-11-20T21:07:03.187+0500] {dagbag.py:536} INFO - Filling up the DagBag from /usr/local/lib/python3.10/dist-packages/airflow/example_dags/example_dynamic_task_mapping_with_no_taskflow_operators.py
[2023-11-20T21:07:03.314+0500] {processor.py:839} INFO - DAG(s) dict_keys(['example_dynamic_task_mapping_with_no_taskflow_operators']) retrieved from /usr/local/lib/python3.10/dist-packages/airflow/example_dags/example_dynamic_task_mapping_with_no_taskflow_operators.py
[2023-11-20T21:07:03.501+0500] {logging_mixin.py:154} INFO - [2023-11-20T21:07:03.500+0500] {dag.py:2941} INFO - Sync 1 DAGs
[2023-11-20T21:07:03.712+0500] {logging_mixin.py:154} INFO - [2023-11-20T21:07:03.711+0500] {dag.py:3722} INFO - Setting next_dagrun for example_dynamic_task_mapping_with_no_taskflow_operators to 2023-11-19T16:07:03.710982+00:00, run_after=2023-11-20T16:07:03.710982+00:00
[2023-11-20T21:07:03.976+0500] {processor.py:179} INFO - Processing /usr/local/lib/python3.10/dist-packages/airflow/example_dags/example_dynamic_task_mapping_with_no_taskflow_operators.py took 0.813 seconds
[2023-11-20T21:07:34.978+0500] {processor.py:157} INFO - Started process (PID=28051) to work on /usr/local/lib/python3.10/dist-packages/airflow/example_dags/example_dynamic_task_mapping_with_no_taskflow_operators.py
[2023-11-20T21:07:34.985+0500] {processor.py:829} INFO - Processing file /usr/local/lib/python3.10/dist-packages/airflow/example_dags/example_dynamic_task_mapping_with_no_taskflow_operators.py for tasks to queue
[2023-11-20T21:07:35.039+0500] {logging_mixin.py:154} INFO - [2023-11-20T21:07:35.011+0500] {dagbag.py:536} INFO - Filling up the DagBag from /usr/local/lib/python3.10/dist-packages/airflow/example_dags/example_dynamic_task_mapping_with_no_taskflow_operators.py
[2023-11-20T21:07:35.110+0500] {processor.py:839} INFO - DAG(s) dict_keys(['example_dynamic_task_mapping_with_no_taskflow_operators']) retrieved from /usr/local/lib/python3.10/dist-packages/airflow/example_dags/example_dynamic_task_mapping_with_no_taskflow_operators.py
[2023-11-20T21:07:35.241+0500] {logging_mixin.py:154} INFO - [2023-11-20T21:07:35.240+0500] {dag.py:2941} INFO - Sync 1 DAGs
[2023-11-20T21:07:35.412+0500] {logging_mixin.py:154} INFO - [2023-11-20T21:07:35.411+0500] {dag.py:3722} INFO - Setting next_dagrun for example_dynamic_task_mapping_with_no_taskflow_operators to 2023-11-19T16:07:35.410136+00:00, run_after=2023-11-20T16:07:35.410136+00:00
[2023-11-20T21:07:35.506+0500] {processor.py:179} INFO - Processing /usr/local/lib/python3.10/dist-packages/airflow/example_dags/example_dynamic_task_mapping_with_no_taskflow_operators.py took 0.583 seconds
[2023-11-20T21:08:08.213+0500] {processor.py:157} INFO - Started process (PID=28283) to work on /usr/local/lib/python3.10/dist-packages/airflow/example_dags/example_dynamic_task_mapping_with_no_taskflow_operators.py
[2023-11-20T21:08:08.229+0500] {processor.py:829} INFO - Processing file /usr/local/lib/python3.10/dist-packages/airflow/example_dags/example_dynamic_task_mapping_with_no_taskflow_operators.py for tasks to queue
[2023-11-20T21:08:08.232+0500] {logging_mixin.py:154} INFO - [2023-11-20T21:08:08.231+0500] {dagbag.py:536} INFO - Filling up the DagBag from /usr/local/lib/python3.10/dist-packages/airflow/example_dags/example_dynamic_task_mapping_with_no_taskflow_operators.py
[2023-11-20T21:08:08.313+0500] {processor.py:839} INFO - DAG(s) dict_keys(['example_dynamic_task_mapping_with_no_taskflow_operators']) retrieved from /usr/local/lib/python3.10/dist-packages/airflow/example_dags/example_dynamic_task_mapping_with_no_taskflow_operators.py
[2023-11-20T21:08:08.465+0500] {logging_mixin.py:154} INFO - [2023-11-20T21:08:08.464+0500] {dag.py:2941} INFO - Sync 1 DAGs
[2023-11-20T21:08:08.580+0500] {logging_mixin.py:154} INFO - [2023-11-20T21:08:08.579+0500] {dag.py:3722} INFO - Setting next_dagrun for example_dynamic_task_mapping_with_no_taskflow_operators to 2023-11-19T16:08:08.578556+00:00, run_after=2023-11-20T16:08:08.578556+00:00
[2023-11-20T21:08:08.700+0500] {processor.py:179} INFO - Processing /usr/local/lib/python3.10/dist-packages/airflow/example_dags/example_dynamic_task_mapping_with_no_taskflow_operators.py took 0.513 seconds
[2023-11-20T21:08:39.912+0500] {processor.py:157} INFO - Started process (PID=28505) to work on /usr/local/lib/python3.10/dist-packages/airflow/example_dags/example_dynamic_task_mapping_with_no_taskflow_operators.py
[2023-11-20T21:08:39.915+0500] {processor.py:829} INFO - Processing file /usr/local/lib/python3.10/dist-packages/airflow/example_dags/example_dynamic_task_mapping_with_no_taskflow_operators.py for tasks to queue
[2023-11-20T21:08:39.919+0500] {logging_mixin.py:154} INFO - [2023-11-20T21:08:39.918+0500] {dagbag.py:536} INFO - Filling up the DagBag from /usr/local/lib/python3.10/dist-packages/airflow/example_dags/example_dynamic_task_mapping_with_no_taskflow_operators.py
[2023-11-20T21:08:39.953+0500] {processor.py:839} INFO - DAG(s) dict_keys(['example_dynamic_task_mapping_with_no_taskflow_operators']) retrieved from /usr/local/lib/python3.10/dist-packages/airflow/example_dags/example_dynamic_task_mapping_with_no_taskflow_operators.py
[2023-11-20T21:08:40.061+0500] {logging_mixin.py:154} INFO - [2023-11-20T21:08:40.061+0500] {dag.py:2941} INFO - Sync 1 DAGs
[2023-11-20T21:08:40.169+0500] {logging_mixin.py:154} INFO - [2023-11-20T21:08:40.169+0500] {dag.py:3722} INFO - Setting next_dagrun for example_dynamic_task_mapping_with_no_taskflow_operators to 2023-11-19T16:08:40.168239+00:00, run_after=2023-11-20T16:08:40.168239+00:00
[2023-11-20T21:08:40.261+0500] {processor.py:179} INFO - Processing /usr/local/lib/python3.10/dist-packages/airflow/example_dags/example_dynamic_task_mapping_with_no_taskflow_operators.py took 0.364 seconds
[2023-11-20T21:09:10.421+0500] {processor.py:157} INFO - Started process (PID=28690) to work on /usr/local/lib/python3.10/dist-packages/airflow/example_dags/example_dynamic_task_mapping_with_no_taskflow_operators.py
[2023-11-20T21:09:10.425+0500] {processor.py:829} INFO - Processing file /usr/local/lib/python3.10/dist-packages/airflow/example_dags/example_dynamic_task_mapping_with_no_taskflow_operators.py for tasks to queue
[2023-11-20T21:09:10.429+0500] {logging_mixin.py:154} INFO - [2023-11-20T21:09:10.428+0500] {dagbag.py:536} INFO - Filling up the DagBag from /usr/local/lib/python3.10/dist-packages/airflow/example_dags/example_dynamic_task_mapping_with_no_taskflow_operators.py
[2023-11-20T21:09:10.456+0500] {processor.py:839} INFO - DAG(s) dict_keys(['example_dynamic_task_mapping_with_no_taskflow_operators']) retrieved from /usr/local/lib/python3.10/dist-packages/airflow/example_dags/example_dynamic_task_mapping_with_no_taskflow_operators.py
[2023-11-20T21:09:10.556+0500] {logging_mixin.py:154} INFO - [2023-11-20T21:09:10.556+0500] {dag.py:2941} INFO - Sync 1 DAGs
[2023-11-20T21:09:10.662+0500] {logging_mixin.py:154} INFO - [2023-11-20T21:09:10.661+0500] {dag.py:3722} INFO - Setting next_dagrun for example_dynamic_task_mapping_with_no_taskflow_operators to 2023-11-19T16:09:10.660389+00:00, run_after=2023-11-20T16:09:10.660389+00:00
[2023-11-20T21:09:10.742+0500] {processor.py:179} INFO - Processing /usr/local/lib/python3.10/dist-packages/airflow/example_dags/example_dynamic_task_mapping_with_no_taskflow_operators.py took 0.333 seconds
[2023-11-20T21:09:40.950+0500] {processor.py:157} INFO - Started process (PID=28922) to work on /usr/local/lib/python3.10/dist-packages/airflow/example_dags/example_dynamic_task_mapping_with_no_taskflow_operators.py
[2023-11-20T21:09:40.953+0500] {processor.py:829} INFO - Processing file /usr/local/lib/python3.10/dist-packages/airflow/example_dags/example_dynamic_task_mapping_with_no_taskflow_operators.py for tasks to queue
[2023-11-20T21:09:40.956+0500] {logging_mixin.py:154} INFO - [2023-11-20T21:09:40.955+0500] {dagbag.py:536} INFO - Filling up the DagBag from /usr/local/lib/python3.10/dist-packages/airflow/example_dags/example_dynamic_task_mapping_with_no_taskflow_operators.py
[2023-11-20T21:09:40.982+0500] {processor.py:839} INFO - DAG(s) dict_keys(['example_dynamic_task_mapping_with_no_taskflow_operators']) retrieved from /usr/local/lib/python3.10/dist-packages/airflow/example_dags/example_dynamic_task_mapping_with_no_taskflow_operators.py
[2023-11-20T21:09:41.081+0500] {logging_mixin.py:154} INFO - [2023-11-20T21:09:41.081+0500] {dag.py:2941} INFO - Sync 1 DAGs
[2023-11-20T21:09:41.189+0500] {logging_mixin.py:154} INFO - [2023-11-20T21:09:41.189+0500] {dag.py:3722} INFO - Setting next_dagrun for example_dynamic_task_mapping_with_no_taskflow_operators to 2023-11-19T16:09:41.188235+00:00, run_after=2023-11-20T16:09:41.188235+00:00
[2023-11-20T21:09:41.264+0500] {processor.py:179} INFO - Processing /usr/local/lib/python3.10/dist-packages/airflow/example_dags/example_dynamic_task_mapping_with_no_taskflow_operators.py took 0.326 seconds
[2023-11-20T21:10:12.572+0500] {processor.py:157} INFO - Started process (PID=29201) to work on /usr/local/lib/python3.10/dist-packages/airflow/example_dags/example_dynamic_task_mapping_with_no_taskflow_operators.py
[2023-11-20T21:10:12.580+0500] {processor.py:829} INFO - Processing file /usr/local/lib/python3.10/dist-packages/airflow/example_dags/example_dynamic_task_mapping_with_no_taskflow_operators.py for tasks to queue
[2023-11-20T21:10:12.588+0500] {logging_mixin.py:154} INFO - [2023-11-20T21:10:12.582+0500] {dagbag.py:536} INFO - Filling up the DagBag from /usr/local/lib/python3.10/dist-packages/airflow/example_dags/example_dynamic_task_mapping_with_no_taskflow_operators.py
[2023-11-20T21:10:12.677+0500] {processor.py:839} INFO - DAG(s) dict_keys(['example_dynamic_task_mapping_with_no_taskflow_operators']) retrieved from /usr/local/lib/python3.10/dist-packages/airflow/example_dags/example_dynamic_task_mapping_with_no_taskflow_operators.py
[2023-11-20T21:10:12.872+0500] {logging_mixin.py:154} INFO - [2023-11-20T21:10:12.872+0500] {dag.py:2941} INFO - Sync 1 DAGs
[2023-11-20T21:10:13.032+0500] {logging_mixin.py:154} INFO - [2023-11-20T21:10:13.022+0500] {dag.py:3722} INFO - Setting next_dagrun for example_dynamic_task_mapping_with_no_taskflow_operators to 2023-11-19T16:10:13.021799+00:00, run_after=2023-11-20T16:10:13.021799+00:00
[2023-11-20T21:10:13.143+0500] {processor.py:179} INFO - Processing /usr/local/lib/python3.10/dist-packages/airflow/example_dags/example_dynamic_task_mapping_with_no_taskflow_operators.py took 0.585 seconds
[2023-11-20T21:10:43.794+0500] {processor.py:157} INFO - Started process (PID=29375) to work on /usr/local/lib/python3.10/dist-packages/airflow/example_dags/example_dynamic_task_mapping_with_no_taskflow_operators.py
[2023-11-20T21:10:43.797+0500] {processor.py:829} INFO - Processing file /usr/local/lib/python3.10/dist-packages/airflow/example_dags/example_dynamic_task_mapping_with_no_taskflow_operators.py for tasks to queue
[2023-11-20T21:10:43.800+0500] {logging_mixin.py:154} INFO - [2023-11-20T21:10:43.799+0500] {dagbag.py:536} INFO - Filling up the DagBag from /usr/local/lib/python3.10/dist-packages/airflow/example_dags/example_dynamic_task_mapping_with_no_taskflow_operators.py
[2023-11-20T21:10:43.824+0500] {processor.py:839} INFO - DAG(s) dict_keys(['example_dynamic_task_mapping_with_no_taskflow_operators']) retrieved from /usr/local/lib/python3.10/dist-packages/airflow/example_dags/example_dynamic_task_mapping_with_no_taskflow_operators.py
[2023-11-20T21:10:43.920+0500] {logging_mixin.py:154} INFO - [2023-11-20T21:10:43.919+0500] {dag.py:2941} INFO - Sync 1 DAGs
[2023-11-20T21:10:44.020+0500] {logging_mixin.py:154} INFO - [2023-11-20T21:10:44.020+0500] {dag.py:3722} INFO - Setting next_dagrun for example_dynamic_task_mapping_with_no_taskflow_operators to 2023-11-19T16:10:44.019087+00:00, run_after=2023-11-20T16:10:44.019087+00:00
[2023-11-20T21:10:44.096+0500] {processor.py:179} INFO - Processing /usr/local/lib/python3.10/dist-packages/airflow/example_dags/example_dynamic_task_mapping_with_no_taskflow_operators.py took 0.314 seconds
[2023-11-20T21:11:15.035+0500] {processor.py:157} INFO - Started process (PID=29538) to work on /usr/local/lib/python3.10/dist-packages/airflow/example_dags/example_dynamic_task_mapping_with_no_taskflow_operators.py
[2023-11-20T21:11:15.038+0500] {processor.py:829} INFO - Processing file /usr/local/lib/python3.10/dist-packages/airflow/example_dags/example_dynamic_task_mapping_with_no_taskflow_operators.py for tasks to queue
[2023-11-20T21:11:15.042+0500] {logging_mixin.py:154} INFO - [2023-11-20T21:11:15.040+0500] {dagbag.py:536} INFO - Filling up the DagBag from /usr/local/lib/python3.10/dist-packages/airflow/example_dags/example_dynamic_task_mapping_with_no_taskflow_operators.py
[2023-11-20T21:11:15.069+0500] {processor.py:839} INFO - DAG(s) dict_keys(['example_dynamic_task_mapping_with_no_taskflow_operators']) retrieved from /usr/local/lib/python3.10/dist-packages/airflow/example_dags/example_dynamic_task_mapping_with_no_taskflow_operators.py
[2023-11-20T21:11:15.172+0500] {logging_mixin.py:154} INFO - [2023-11-20T21:11:15.172+0500] {dag.py:2941} INFO - Sync 1 DAGs
[2023-11-20T21:11:15.280+0500] {logging_mixin.py:154} INFO - [2023-11-20T21:11:15.279+0500] {dag.py:3722} INFO - Setting next_dagrun for example_dynamic_task_mapping_with_no_taskflow_operators to 2023-11-19T16:11:15.278696+00:00, run_after=2023-11-20T16:11:15.278696+00:00
[2023-11-20T21:11:15.362+0500] {processor.py:179} INFO - Processing /usr/local/lib/python3.10/dist-packages/airflow/example_dags/example_dynamic_task_mapping_with_no_taskflow_operators.py took 0.340 seconds
[2023-11-20T21:11:46.129+0500] {processor.py:157} INFO - Started process (PID=29703) to work on /usr/local/lib/python3.10/dist-packages/airflow/example_dags/example_dynamic_task_mapping_with_no_taskflow_operators.py
[2023-11-20T21:11:46.135+0500] {processor.py:829} INFO - Processing file /usr/local/lib/python3.10/dist-packages/airflow/example_dags/example_dynamic_task_mapping_with_no_taskflow_operators.py for tasks to queue
[2023-11-20T21:11:46.139+0500] {logging_mixin.py:154} INFO - [2023-11-20T21:11:46.138+0500] {dagbag.py:536} INFO - Filling up the DagBag from /usr/local/lib/python3.10/dist-packages/airflow/example_dags/example_dynamic_task_mapping_with_no_taskflow_operators.py
[2023-11-20T21:11:46.174+0500] {processor.py:839} INFO - DAG(s) dict_keys(['example_dynamic_task_mapping_with_no_taskflow_operators']) retrieved from /usr/local/lib/python3.10/dist-packages/airflow/example_dags/example_dynamic_task_mapping_with_no_taskflow_operators.py
[2023-11-20T21:11:46.285+0500] {logging_mixin.py:154} INFO - [2023-11-20T21:11:46.284+0500] {dag.py:2941} INFO - Sync 1 DAGs
[2023-11-20T21:11:46.431+0500] {logging_mixin.py:154} INFO - [2023-11-20T21:11:46.430+0500] {dag.py:3722} INFO - Setting next_dagrun for example_dynamic_task_mapping_with_no_taskflow_operators to 2023-11-19T16:11:46.429851+00:00, run_after=2023-11-20T16:11:46.429851+00:00
[2023-11-20T21:11:46.537+0500] {processor.py:179} INFO - Processing /usr/local/lib/python3.10/dist-packages/airflow/example_dags/example_dynamic_task_mapping_with_no_taskflow_operators.py took 0.423 seconds
[2023-11-20T21:12:17.458+0500] {processor.py:157} INFO - Started process (PID=29910) to work on /usr/local/lib/python3.10/dist-packages/airflow/example_dags/example_dynamic_task_mapping_with_no_taskflow_operators.py
[2023-11-20T21:12:17.464+0500] {processor.py:829} INFO - Processing file /usr/local/lib/python3.10/dist-packages/airflow/example_dags/example_dynamic_task_mapping_with_no_taskflow_operators.py for tasks to queue
[2023-11-20T21:12:17.467+0500] {logging_mixin.py:154} INFO - [2023-11-20T21:12:17.466+0500] {dagbag.py:536} INFO - Filling up the DagBag from /usr/local/lib/python3.10/dist-packages/airflow/example_dags/example_dynamic_task_mapping_with_no_taskflow_operators.py
[2023-11-20T21:12:17.533+0500] {processor.py:839} INFO - DAG(s) dict_keys(['example_dynamic_task_mapping_with_no_taskflow_operators']) retrieved from /usr/local/lib/python3.10/dist-packages/airflow/example_dags/example_dynamic_task_mapping_with_no_taskflow_operators.py
[2023-11-20T21:12:17.755+0500] {logging_mixin.py:154} INFO - [2023-11-20T21:12:17.755+0500] {dag.py:2941} INFO - Sync 1 DAGs
[2023-11-20T21:12:18.000+0500] {logging_mixin.py:154} INFO - [2023-11-20T21:12:17.999+0500] {dag.py:3722} INFO - Setting next_dagrun for example_dynamic_task_mapping_with_no_taskflow_operators to 2023-11-19T16:12:17.998870+00:00, run_after=2023-11-20T16:12:17.998870+00:00
[2023-11-20T21:12:18.316+0500] {processor.py:179} INFO - Processing /usr/local/lib/python3.10/dist-packages/airflow/example_dags/example_dynamic_task_mapping_with_no_taskflow_operators.py took 0.870 seconds
[2023-11-20T21:12:49.001+0500] {processor.py:157} INFO - Started process (PID=30106) to work on /usr/local/lib/python3.10/dist-packages/airflow/example_dags/example_dynamic_task_mapping_with_no_taskflow_operators.py
[2023-11-20T21:12:49.006+0500] {processor.py:829} INFO - Processing file /usr/local/lib/python3.10/dist-packages/airflow/example_dags/example_dynamic_task_mapping_with_no_taskflow_operators.py for tasks to queue
[2023-11-20T21:12:49.009+0500] {logging_mixin.py:154} INFO - [2023-11-20T21:12:49.008+0500] {dagbag.py:536} INFO - Filling up the DagBag from /usr/local/lib/python3.10/dist-packages/airflow/example_dags/example_dynamic_task_mapping_with_no_taskflow_operators.py
[2023-11-20T21:12:49.054+0500] {processor.py:839} INFO - DAG(s) dict_keys(['example_dynamic_task_mapping_with_no_taskflow_operators']) retrieved from /usr/local/lib/python3.10/dist-packages/airflow/example_dags/example_dynamic_task_mapping_with_no_taskflow_operators.py
[2023-11-20T21:12:49.208+0500] {logging_mixin.py:154} INFO - [2023-11-20T21:12:49.207+0500] {dag.py:2941} INFO - Sync 1 DAGs
[2023-11-20T21:12:49.323+0500] {logging_mixin.py:154} INFO - [2023-11-20T21:12:49.322+0500] {dag.py:3722} INFO - Setting next_dagrun for example_dynamic_task_mapping_with_no_taskflow_operators to 2023-11-19T16:12:49.320794+00:00, run_after=2023-11-20T16:12:49.320794+00:00
[2023-11-20T21:12:49.415+0500] {processor.py:179} INFO - Processing /usr/local/lib/python3.10/dist-packages/airflow/example_dags/example_dynamic_task_mapping_with_no_taskflow_operators.py took 0.430 seconds
[2023-11-20T21:13:20.548+0500] {processor.py:157} INFO - Started process (PID=30280) to work on /usr/local/lib/python3.10/dist-packages/airflow/example_dags/example_dynamic_task_mapping_with_no_taskflow_operators.py
[2023-11-20T21:13:20.551+0500] {processor.py:829} INFO - Processing file /usr/local/lib/python3.10/dist-packages/airflow/example_dags/example_dynamic_task_mapping_with_no_taskflow_operators.py for tasks to queue
[2023-11-20T21:13:20.555+0500] {logging_mixin.py:154} INFO - [2023-11-20T21:13:20.554+0500] {dagbag.py:536} INFO - Filling up the DagBag from /usr/local/lib/python3.10/dist-packages/airflow/example_dags/example_dynamic_task_mapping_with_no_taskflow_operators.py
[2023-11-20T21:13:20.584+0500] {processor.py:839} INFO - DAG(s) dict_keys(['example_dynamic_task_mapping_with_no_taskflow_operators']) retrieved from /usr/local/lib/python3.10/dist-packages/airflow/example_dags/example_dynamic_task_mapping_with_no_taskflow_operators.py
[2023-11-20T21:13:20.690+0500] {logging_mixin.py:154} INFO - [2023-11-20T21:13:20.689+0500] {dag.py:2941} INFO - Sync 1 DAGs
[2023-11-20T21:13:20.810+0500] {logging_mixin.py:154} INFO - [2023-11-20T21:13:20.809+0500] {dag.py:3722} INFO - Setting next_dagrun for example_dynamic_task_mapping_with_no_taskflow_operators to 2023-11-19T16:13:20.808919+00:00, run_after=2023-11-20T16:13:20.808919+00:00
[2023-11-20T21:13:20.895+0500] {processor.py:179} INFO - Processing /usr/local/lib/python3.10/dist-packages/airflow/example_dags/example_dynamic_task_mapping_with_no_taskflow_operators.py took 0.361 seconds
[2023-11-20T21:13:52.420+0500] {processor.py:157} INFO - Started process (PID=30383) to work on /usr/local/lib/python3.10/dist-packages/airflow/example_dags/example_dynamic_task_mapping_with_no_taskflow_operators.py
[2023-11-20T21:13:52.423+0500] {processor.py:829} INFO - Processing file /usr/local/lib/python3.10/dist-packages/airflow/example_dags/example_dynamic_task_mapping_with_no_taskflow_operators.py for tasks to queue
[2023-11-20T21:13:52.426+0500] {logging_mixin.py:154} INFO - [2023-11-20T21:13:52.425+0500] {dagbag.py:536} INFO - Filling up the DagBag from /usr/local/lib/python3.10/dist-packages/airflow/example_dags/example_dynamic_task_mapping_with_no_taskflow_operators.py
[2023-11-20T21:13:52.451+0500] {processor.py:839} INFO - DAG(s) dict_keys(['example_dynamic_task_mapping_with_no_taskflow_operators']) retrieved from /usr/local/lib/python3.10/dist-packages/airflow/example_dags/example_dynamic_task_mapping_with_no_taskflow_operators.py
[2023-11-20T21:13:52.559+0500] {logging_mixin.py:154} INFO - [2023-11-20T21:13:52.558+0500] {dag.py:2941} INFO - Sync 1 DAGs
[2023-11-20T21:13:52.685+0500] {logging_mixin.py:154} INFO - [2023-11-20T21:13:52.685+0500] {dag.py:3722} INFO - Setting next_dagrun for example_dynamic_task_mapping_with_no_taskflow_operators to 2023-11-19T16:13:52.684147+00:00, run_after=2023-11-20T16:13:52.684147+00:00
[2023-11-20T21:13:52.779+0500] {processor.py:179} INFO - Processing /usr/local/lib/python3.10/dist-packages/airflow/example_dags/example_dynamic_task_mapping_with_no_taskflow_operators.py took 0.370 seconds
[2023-11-20T21:14:24.197+0500] {processor.py:157} INFO - Started process (PID=30496) to work on /usr/local/lib/python3.10/dist-packages/airflow/example_dags/example_dynamic_task_mapping_with_no_taskflow_operators.py
[2023-11-20T21:14:24.200+0500] {processor.py:829} INFO - Processing file /usr/local/lib/python3.10/dist-packages/airflow/example_dags/example_dynamic_task_mapping_with_no_taskflow_operators.py for tasks to queue
[2023-11-20T21:14:24.203+0500] {logging_mixin.py:154} INFO - [2023-11-20T21:14:24.202+0500] {dagbag.py:536} INFO - Filling up the DagBag from /usr/local/lib/python3.10/dist-packages/airflow/example_dags/example_dynamic_task_mapping_with_no_taskflow_operators.py
[2023-11-20T21:14:24.231+0500] {processor.py:839} INFO - DAG(s) dict_keys(['example_dynamic_task_mapping_with_no_taskflow_operators']) retrieved from /usr/local/lib/python3.10/dist-packages/airflow/example_dags/example_dynamic_task_mapping_with_no_taskflow_operators.py
[2023-11-20T21:14:24.329+0500] {logging_mixin.py:154} INFO - [2023-11-20T21:14:24.328+0500] {dag.py:2941} INFO - Sync 1 DAGs
[2023-11-20T21:14:24.425+0500] {logging_mixin.py:154} INFO - [2023-11-20T21:14:24.424+0500] {dag.py:3722} INFO - Setting next_dagrun for example_dynamic_task_mapping_with_no_taskflow_operators to 2023-11-19T16:14:24.423488+00:00, run_after=2023-11-20T16:14:24.423488+00:00
[2023-11-20T21:14:24.502+0500] {processor.py:179} INFO - Processing /usr/local/lib/python3.10/dist-packages/airflow/example_dags/example_dynamic_task_mapping_with_no_taskflow_operators.py took 0.318 seconds
[2023-11-20T21:15:10.367+0500] {processor.py:157} INFO - Started process (PID=30790) to work on /usr/local/lib/python3.10/dist-packages/airflow/example_dags/example_dynamic_task_mapping_with_no_taskflow_operators.py
[2023-11-20T21:15:10.375+0500] {processor.py:829} INFO - Processing file /usr/local/lib/python3.10/dist-packages/airflow/example_dags/example_dynamic_task_mapping_with_no_taskflow_operators.py for tasks to queue
[2023-11-20T21:15:10.378+0500] {logging_mixin.py:154} INFO - [2023-11-20T21:15:10.377+0500] {dagbag.py:536} INFO - Filling up the DagBag from /usr/local/lib/python3.10/dist-packages/airflow/example_dags/example_dynamic_task_mapping_with_no_taskflow_operators.py
[2023-11-20T21:15:10.423+0500] {processor.py:839} INFO - DAG(s) dict_keys(['example_dynamic_task_mapping_with_no_taskflow_operators']) retrieved from /usr/local/lib/python3.10/dist-packages/airflow/example_dags/example_dynamic_task_mapping_with_no_taskflow_operators.py
[2023-11-20T21:15:10.526+0500] {logging_mixin.py:154} INFO - [2023-11-20T21:15:10.526+0500] {dag.py:2941} INFO - Sync 1 DAGs
[2023-11-20T21:15:10.635+0500] {logging_mixin.py:154} INFO - [2023-11-20T21:15:10.634+0500] {dag.py:3722} INFO - Setting next_dagrun for example_dynamic_task_mapping_with_no_taskflow_operators to 2023-11-19T16:15:10.633558+00:00, run_after=2023-11-20T16:15:10.633558+00:00
[2023-11-20T21:15:10.742+0500] {processor.py:179} INFO - Processing /usr/local/lib/python3.10/dist-packages/airflow/example_dags/example_dynamic_task_mapping_with_no_taskflow_operators.py took 0.397 seconds
[2023-11-20T21:15:40.836+0500] {processor.py:157} INFO - Started process (PID=31000) to work on /usr/local/lib/python3.10/dist-packages/airflow/example_dags/example_dynamic_task_mapping_with_no_taskflow_operators.py
[2023-11-20T21:15:40.839+0500] {processor.py:829} INFO - Processing file /usr/local/lib/python3.10/dist-packages/airflow/example_dags/example_dynamic_task_mapping_with_no_taskflow_operators.py for tasks to queue
[2023-11-20T21:15:40.842+0500] {logging_mixin.py:154} INFO - [2023-11-20T21:15:40.841+0500] {dagbag.py:536} INFO - Filling up the DagBag from /usr/local/lib/python3.10/dist-packages/airflow/example_dags/example_dynamic_task_mapping_with_no_taskflow_operators.py
[2023-11-20T21:15:40.867+0500] {processor.py:839} INFO - DAG(s) dict_keys(['example_dynamic_task_mapping_with_no_taskflow_operators']) retrieved from /usr/local/lib/python3.10/dist-packages/airflow/example_dags/example_dynamic_task_mapping_with_no_taskflow_operators.py
[2023-11-20T21:15:40.968+0500] {logging_mixin.py:154} INFO - [2023-11-20T21:15:40.967+0500] {dag.py:2941} INFO - Sync 1 DAGs
[2023-11-20T21:15:41.080+0500] {logging_mixin.py:154} INFO - [2023-11-20T21:15:41.079+0500] {dag.py:3722} INFO - Setting next_dagrun for example_dynamic_task_mapping_with_no_taskflow_operators to 2023-11-19T16:15:41.078617+00:00, run_after=2023-11-20T16:15:41.078617+00:00
[2023-11-20T21:15:41.160+0500] {processor.py:179} INFO - Processing /usr/local/lib/python3.10/dist-packages/airflow/example_dags/example_dynamic_task_mapping_with_no_taskflow_operators.py took 0.336 seconds
[2023-11-20T21:16:12.970+0500] {processor.py:157} INFO - Started process (PID=31156) to work on /usr/local/lib/python3.10/dist-packages/airflow/example_dags/example_dynamic_task_mapping_with_no_taskflow_operators.py
[2023-11-20T21:16:12.974+0500] {processor.py:829} INFO - Processing file /usr/local/lib/python3.10/dist-packages/airflow/example_dags/example_dynamic_task_mapping_with_no_taskflow_operators.py for tasks to queue
[2023-11-20T21:16:12.977+0500] {logging_mixin.py:154} INFO - [2023-11-20T21:16:12.976+0500] {dagbag.py:536} INFO - Filling up the DagBag from /usr/local/lib/python3.10/dist-packages/airflow/example_dags/example_dynamic_task_mapping_with_no_taskflow_operators.py
[2023-11-20T21:16:13.004+0500] {processor.py:839} INFO - DAG(s) dict_keys(['example_dynamic_task_mapping_with_no_taskflow_operators']) retrieved from /usr/local/lib/python3.10/dist-packages/airflow/example_dags/example_dynamic_task_mapping_with_no_taskflow_operators.py
[2023-11-20T21:16:13.105+0500] {logging_mixin.py:154} INFO - [2023-11-20T21:16:13.104+0500] {dag.py:2941} INFO - Sync 1 DAGs
[2023-11-20T21:16:13.203+0500] {logging_mixin.py:154} INFO - [2023-11-20T21:16:13.202+0500] {dag.py:3722} INFO - Setting next_dagrun for example_dynamic_task_mapping_with_no_taskflow_operators to 2023-11-19T16:16:13.201572+00:00, run_after=2023-11-20T16:16:13.201572+00:00
[2023-11-20T21:16:13.289+0500] {processor.py:179} INFO - Processing /usr/local/lib/python3.10/dist-packages/airflow/example_dags/example_dynamic_task_mapping_with_no_taskflow_operators.py took 0.332 seconds
[2023-11-20T21:16:45.869+0500] {processor.py:157} INFO - Started process (PID=31255) to work on /usr/local/lib/python3.10/dist-packages/airflow/example_dags/example_dynamic_task_mapping_with_no_taskflow_operators.py
[2023-11-20T21:16:45.872+0500] {processor.py:829} INFO - Processing file /usr/local/lib/python3.10/dist-packages/airflow/example_dags/example_dynamic_task_mapping_with_no_taskflow_operators.py for tasks to queue
[2023-11-20T21:16:45.875+0500] {logging_mixin.py:154} INFO - [2023-11-20T21:16:45.874+0500] {dagbag.py:536} INFO - Filling up the DagBag from /usr/local/lib/python3.10/dist-packages/airflow/example_dags/example_dynamic_task_mapping_with_no_taskflow_operators.py
[2023-11-20T21:16:45.901+0500] {processor.py:839} INFO - DAG(s) dict_keys(['example_dynamic_task_mapping_with_no_taskflow_operators']) retrieved from /usr/local/lib/python3.10/dist-packages/airflow/example_dags/example_dynamic_task_mapping_with_no_taskflow_operators.py
[2023-11-20T21:16:45.997+0500] {logging_mixin.py:154} INFO - [2023-11-20T21:16:45.997+0500] {dag.py:2941} INFO - Sync 1 DAGs
[2023-11-20T21:16:46.095+0500] {logging_mixin.py:154} INFO - [2023-11-20T21:16:46.094+0500] {dag.py:3722} INFO - Setting next_dagrun for example_dynamic_task_mapping_with_no_taskflow_operators to 2023-11-19T16:16:46.093552+00:00, run_after=2023-11-20T16:16:46.093552+00:00
[2023-11-20T21:16:46.180+0500] {processor.py:179} INFO - Processing /usr/local/lib/python3.10/dist-packages/airflow/example_dags/example_dynamic_task_mapping_with_no_taskflow_operators.py took 0.322 seconds
[2023-11-20T21:17:19.477+0500] {processor.py:157} INFO - Started process (PID=31387) to work on /usr/local/lib/python3.10/dist-packages/airflow/example_dags/example_dynamic_task_mapping_with_no_taskflow_operators.py
[2023-11-20T21:17:19.480+0500] {processor.py:829} INFO - Processing file /usr/local/lib/python3.10/dist-packages/airflow/example_dags/example_dynamic_task_mapping_with_no_taskflow_operators.py for tasks to queue
[2023-11-20T21:17:19.484+0500] {logging_mixin.py:154} INFO - [2023-11-20T21:17:19.483+0500] {dagbag.py:536} INFO - Filling up the DagBag from /usr/local/lib/python3.10/dist-packages/airflow/example_dags/example_dynamic_task_mapping_with_no_taskflow_operators.py
[2023-11-20T21:17:19.516+0500] {processor.py:839} INFO - DAG(s) dict_keys(['example_dynamic_task_mapping_with_no_taskflow_operators']) retrieved from /usr/local/lib/python3.10/dist-packages/airflow/example_dags/example_dynamic_task_mapping_with_no_taskflow_operators.py
[2023-11-20T21:17:19.639+0500] {logging_mixin.py:154} INFO - [2023-11-20T21:17:19.638+0500] {dag.py:2941} INFO - Sync 1 DAGs
[2023-11-20T21:17:19.790+0500] {logging_mixin.py:154} INFO - [2023-11-20T21:17:19.789+0500] {dag.py:3722} INFO - Setting next_dagrun for example_dynamic_task_mapping_with_no_taskflow_operators to 2023-11-19T16:17:19.788928+00:00, run_after=2023-11-20T16:17:19.788928+00:00
[2023-11-20T21:17:19.955+0500] {processor.py:179} INFO - Processing /usr/local/lib/python3.10/dist-packages/airflow/example_dags/example_dynamic_task_mapping_with_no_taskflow_operators.py took 0.490 seconds
[2023-11-20T21:17:51.098+0500] {processor.py:157} INFO - Started process (PID=31495) to work on /usr/local/lib/python3.10/dist-packages/airflow/example_dags/example_dynamic_task_mapping_with_no_taskflow_operators.py
[2023-11-20T21:17:51.101+0500] {processor.py:829} INFO - Processing file /usr/local/lib/python3.10/dist-packages/airflow/example_dags/example_dynamic_task_mapping_with_no_taskflow_operators.py for tasks to queue
[2023-11-20T21:17:51.104+0500] {logging_mixin.py:154} INFO - [2023-11-20T21:17:51.103+0500] {dagbag.py:536} INFO - Filling up the DagBag from /usr/local/lib/python3.10/dist-packages/airflow/example_dags/example_dynamic_task_mapping_with_no_taskflow_operators.py
[2023-11-20T21:17:51.129+0500] {processor.py:839} INFO - DAG(s) dict_keys(['example_dynamic_task_mapping_with_no_taskflow_operators']) retrieved from /usr/local/lib/python3.10/dist-packages/airflow/example_dags/example_dynamic_task_mapping_with_no_taskflow_operators.py
[2023-11-20T21:17:51.224+0500] {logging_mixin.py:154} INFO - [2023-11-20T21:17:51.223+0500] {dag.py:2941} INFO - Sync 1 DAGs
[2023-11-20T21:17:51.337+0500] {logging_mixin.py:154} INFO - [2023-11-20T21:17:51.336+0500] {dag.py:3722} INFO - Setting next_dagrun for example_dynamic_task_mapping_with_no_taskflow_operators to 2023-11-19T16:17:51.335265+00:00, run_after=2023-11-20T16:17:51.335265+00:00
[2023-11-20T21:17:51.413+0500] {processor.py:179} INFO - Processing /usr/local/lib/python3.10/dist-packages/airflow/example_dags/example_dynamic_task_mapping_with_no_taskflow_operators.py took 0.327 seconds
[2023-11-20T21:18:26.952+0500] {processor.py:157} INFO - Started process (PID=31624) to work on /usr/local/lib/python3.10/dist-packages/airflow/example_dags/example_dynamic_task_mapping_with_no_taskflow_operators.py
[2023-11-20T21:18:26.955+0500] {processor.py:829} INFO - Processing file /usr/local/lib/python3.10/dist-packages/airflow/example_dags/example_dynamic_task_mapping_with_no_taskflow_operators.py for tasks to queue
[2023-11-20T21:18:26.958+0500] {logging_mixin.py:154} INFO - [2023-11-20T21:18:26.957+0500] {dagbag.py:536} INFO - Filling up the DagBag from /usr/local/lib/python3.10/dist-packages/airflow/example_dags/example_dynamic_task_mapping_with_no_taskflow_operators.py
[2023-11-20T21:18:26.984+0500] {processor.py:839} INFO - DAG(s) dict_keys(['example_dynamic_task_mapping_with_no_taskflow_operators']) retrieved from /usr/local/lib/python3.10/dist-packages/airflow/example_dags/example_dynamic_task_mapping_with_no_taskflow_operators.py
[2023-11-20T21:18:27.084+0500] {logging_mixin.py:154} INFO - [2023-11-20T21:18:27.083+0500] {dag.py:2941} INFO - Sync 1 DAGs
[2023-11-20T21:18:27.181+0500] {logging_mixin.py:154} INFO - [2023-11-20T21:18:27.180+0500] {dag.py:3722} INFO - Setting next_dagrun for example_dynamic_task_mapping_with_no_taskflow_operators to 2023-11-19T16:18:27.179970+00:00, run_after=2023-11-20T16:18:27.179970+00:00
[2023-11-20T21:18:27.263+0500] {processor.py:179} INFO - Processing /usr/local/lib/python3.10/dist-packages/airflow/example_dags/example_dynamic_task_mapping_with_no_taskflow_operators.py took 0.322 seconds
[2023-11-20T21:19:00.044+0500] {processor.py:157} INFO - Started process (PID=31733) to work on /usr/local/lib/python3.10/dist-packages/airflow/example_dags/example_dynamic_task_mapping_with_no_taskflow_operators.py
[2023-11-20T21:19:00.050+0500] {processor.py:829} INFO - Processing file /usr/local/lib/python3.10/dist-packages/airflow/example_dags/example_dynamic_task_mapping_with_no_taskflow_operators.py for tasks to queue
[2023-11-20T21:19:00.053+0500] {logging_mixin.py:154} INFO - [2023-11-20T21:19:00.052+0500] {dagbag.py:536} INFO - Filling up the DagBag from /usr/local/lib/python3.10/dist-packages/airflow/example_dags/example_dynamic_task_mapping_with_no_taskflow_operators.py
[2023-11-20T21:19:00.080+0500] {processor.py:839} INFO - DAG(s) dict_keys(['example_dynamic_task_mapping_with_no_taskflow_operators']) retrieved from /usr/local/lib/python3.10/dist-packages/airflow/example_dags/example_dynamic_task_mapping_with_no_taskflow_operators.py
[2023-11-20T21:19:00.193+0500] {logging_mixin.py:154} INFO - [2023-11-20T21:19:00.193+0500] {dag.py:2941} INFO - Sync 1 DAGs
[2023-11-20T21:19:00.294+0500] {logging_mixin.py:154} INFO - [2023-11-20T21:19:00.293+0500] {dag.py:3722} INFO - Setting next_dagrun for example_dynamic_task_mapping_with_no_taskflow_operators to 2023-11-19T16:19:00.292826+00:00, run_after=2023-11-20T16:19:00.292826+00:00
[2023-11-20T21:19:00.370+0500] {processor.py:179} INFO - Processing /usr/local/lib/python3.10/dist-packages/airflow/example_dags/example_dynamic_task_mapping_with_no_taskflow_operators.py took 0.340 seconds
[2023-11-20T21:19:31.821+0500] {processor.py:157} INFO - Started process (PID=31889) to work on /usr/local/lib/python3.10/dist-packages/airflow/example_dags/example_dynamic_task_mapping_with_no_taskflow_operators.py
[2023-11-20T21:19:31.824+0500] {processor.py:829} INFO - Processing file /usr/local/lib/python3.10/dist-packages/airflow/example_dags/example_dynamic_task_mapping_with_no_taskflow_operators.py for tasks to queue
[2023-11-20T21:19:31.827+0500] {logging_mixin.py:154} INFO - [2023-11-20T21:19:31.826+0500] {dagbag.py:536} INFO - Filling up the DagBag from /usr/local/lib/python3.10/dist-packages/airflow/example_dags/example_dynamic_task_mapping_with_no_taskflow_operators.py
[2023-11-20T21:19:31.852+0500] {processor.py:839} INFO - DAG(s) dict_keys(['example_dynamic_task_mapping_with_no_taskflow_operators']) retrieved from /usr/local/lib/python3.10/dist-packages/airflow/example_dags/example_dynamic_task_mapping_with_no_taskflow_operators.py
[2023-11-20T21:19:31.958+0500] {logging_mixin.py:154} INFO - [2023-11-20T21:19:31.957+0500] {dag.py:2941} INFO - Sync 1 DAGs
[2023-11-20T21:19:32.066+0500] {logging_mixin.py:154} INFO - [2023-11-20T21:19:32.065+0500] {dag.py:3722} INFO - Setting next_dagrun for example_dynamic_task_mapping_with_no_taskflow_operators to 2023-11-19T16:19:32.064546+00:00, run_after=2023-11-20T16:19:32.064546+00:00
[2023-11-20T21:19:32.142+0500] {processor.py:179} INFO - Processing /usr/local/lib/python3.10/dist-packages/airflow/example_dags/example_dynamic_task_mapping_with_no_taskflow_operators.py took 0.332 seconds
[2023-11-20T21:20:06.510+0500] {processor.py:157} INFO - Started process (PID=32425) to work on /usr/local/lib/python3.10/dist-packages/airflow/example_dags/example_dynamic_task_mapping_with_no_taskflow_operators.py
[2023-11-20T21:20:06.517+0500] {processor.py:829} INFO - Processing file /usr/local/lib/python3.10/dist-packages/airflow/example_dags/example_dynamic_task_mapping_with_no_taskflow_operators.py for tasks to queue
[2023-11-20T21:20:06.520+0500] {logging_mixin.py:154} INFO - [2023-11-20T21:20:06.518+0500] {dagbag.py:536} INFO - Filling up the DagBag from /usr/local/lib/python3.10/dist-packages/airflow/example_dags/example_dynamic_task_mapping_with_no_taskflow_operators.py
[2023-11-20T21:20:06.547+0500] {processor.py:839} INFO - DAG(s) dict_keys(['example_dynamic_task_mapping_with_no_taskflow_operators']) retrieved from /usr/local/lib/python3.10/dist-packages/airflow/example_dags/example_dynamic_task_mapping_with_no_taskflow_operators.py
[2023-11-20T21:20:06.657+0500] {logging_mixin.py:154} INFO - [2023-11-20T21:20:06.656+0500] {dag.py:2941} INFO - Sync 1 DAGs
[2023-11-20T21:20:06.790+0500] {logging_mixin.py:154} INFO - [2023-11-20T21:20:06.789+0500] {dag.py:3722} INFO - Setting next_dagrun for example_dynamic_task_mapping_with_no_taskflow_operators to 2023-11-19T16:20:06.788227+00:00, run_after=2023-11-20T16:20:06.788227+00:00
[2023-11-20T21:20:06.882+0500] {processor.py:179} INFO - Processing /usr/local/lib/python3.10/dist-packages/airflow/example_dags/example_dynamic_task_mapping_with_no_taskflow_operators.py took 0.386 seconds
[2023-11-20T21:20:39.609+0500] {processor.py:157} INFO - Started process (PID=32670) to work on /usr/local/lib/python3.10/dist-packages/airflow/example_dags/example_dynamic_task_mapping_with_no_taskflow_operators.py
[2023-11-20T21:20:39.618+0500] {processor.py:829} INFO - Processing file /usr/local/lib/python3.10/dist-packages/airflow/example_dags/example_dynamic_task_mapping_with_no_taskflow_operators.py for tasks to queue
[2023-11-20T21:20:39.621+0500] {logging_mixin.py:154} INFO - [2023-11-20T21:20:39.620+0500] {dagbag.py:536} INFO - Filling up the DagBag from /usr/local/lib/python3.10/dist-packages/airflow/example_dags/example_dynamic_task_mapping_with_no_taskflow_operators.py
[2023-11-20T21:20:39.652+0500] {processor.py:839} INFO - DAG(s) dict_keys(['example_dynamic_task_mapping_with_no_taskflow_operators']) retrieved from /usr/local/lib/python3.10/dist-packages/airflow/example_dags/example_dynamic_task_mapping_with_no_taskflow_operators.py
[2023-11-20T21:20:39.780+0500] {logging_mixin.py:154} INFO - [2023-11-20T21:20:39.779+0500] {dag.py:2941} INFO - Sync 1 DAGs
[2023-11-20T21:20:39.893+0500] {logging_mixin.py:154} INFO - [2023-11-20T21:20:39.892+0500] {dag.py:3722} INFO - Setting next_dagrun for example_dynamic_task_mapping_with_no_taskflow_operators to 2023-11-19T16:20:39.891771+00:00, run_after=2023-11-20T16:20:39.891771+00:00
[2023-11-20T21:20:39.975+0500] {processor.py:179} INFO - Processing /usr/local/lib/python3.10/dist-packages/airflow/example_dags/example_dynamic_task_mapping_with_no_taskflow_operators.py took 0.379 seconds
[2023-11-20T21:21:36.757+0500] {processor.py:157} INFO - Started process (PID=33000) to work on /usr/local/lib/python3.10/dist-packages/airflow/example_dags/example_dynamic_task_mapping_with_no_taskflow_operators.py
[2023-11-20T21:21:36.760+0500] {processor.py:829} INFO - Processing file /usr/local/lib/python3.10/dist-packages/airflow/example_dags/example_dynamic_task_mapping_with_no_taskflow_operators.py for tasks to queue
[2023-11-20T21:21:36.763+0500] {logging_mixin.py:154} INFO - [2023-11-20T21:21:36.762+0500] {dagbag.py:536} INFO - Filling up the DagBag from /usr/local/lib/python3.10/dist-packages/airflow/example_dags/example_dynamic_task_mapping_with_no_taskflow_operators.py
[2023-11-20T21:21:36.787+0500] {processor.py:839} INFO - DAG(s) dict_keys(['example_dynamic_task_mapping_with_no_taskflow_operators']) retrieved from /usr/local/lib/python3.10/dist-packages/airflow/example_dags/example_dynamic_task_mapping_with_no_taskflow_operators.py
[2023-11-20T21:21:36.895+0500] {logging_mixin.py:154} INFO - [2023-11-20T21:21:36.895+0500] {dag.py:2941} INFO - Sync 1 DAGs
[2023-11-20T21:21:37.023+0500] {logging_mixin.py:154} INFO - [2023-11-20T21:21:37.022+0500] {dag.py:3722} INFO - Setting next_dagrun for example_dynamic_task_mapping_with_no_taskflow_operators to 2023-11-19T16:21:37.021463+00:00, run_after=2023-11-20T16:21:37.021463+00:00
[2023-11-20T21:21:37.161+0500] {processor.py:179} INFO - Processing /usr/local/lib/python3.10/dist-packages/airflow/example_dags/example_dynamic_task_mapping_with_no_taskflow_operators.py took 0.415 seconds
[2023-11-20T21:22:12.360+0500] {processor.py:157} INFO - Started process (PID=33153) to work on /usr/local/lib/python3.10/dist-packages/airflow/example_dags/example_dynamic_task_mapping_with_no_taskflow_operators.py
[2023-11-20T21:22:12.365+0500] {processor.py:829} INFO - Processing file /usr/local/lib/python3.10/dist-packages/airflow/example_dags/example_dynamic_task_mapping_with_no_taskflow_operators.py for tasks to queue
[2023-11-20T21:22:12.369+0500] {logging_mixin.py:154} INFO - [2023-11-20T21:22:12.367+0500] {dagbag.py:536} INFO - Filling up the DagBag from /usr/local/lib/python3.10/dist-packages/airflow/example_dags/example_dynamic_task_mapping_with_no_taskflow_operators.py
[2023-11-20T21:22:12.459+0500] {processor.py:839} INFO - DAG(s) dict_keys(['example_dynamic_task_mapping_with_no_taskflow_operators']) retrieved from /usr/local/lib/python3.10/dist-packages/airflow/example_dags/example_dynamic_task_mapping_with_no_taskflow_operators.py
[2023-11-20T21:22:12.731+0500] {logging_mixin.py:154} INFO - [2023-11-20T21:22:12.725+0500] {dag.py:2941} INFO - Sync 1 DAGs
[2023-11-20T21:22:13.021+0500] {logging_mixin.py:154} INFO - [2023-11-20T21:22:13.021+0500] {dag.py:3722} INFO - Setting next_dagrun for example_dynamic_task_mapping_with_no_taskflow_operators to 2023-11-19T16:22:13.018065+00:00, run_after=2023-11-20T16:22:13.018065+00:00
[2023-11-20T21:22:13.212+0500] {processor.py:179} INFO - Processing /usr/local/lib/python3.10/dist-packages/airflow/example_dags/example_dynamic_task_mapping_with_no_taskflow_operators.py took 0.866 seconds
[2023-11-20T21:22:44.549+0500] {processor.py:157} INFO - Started process (PID=33255) to work on /usr/local/lib/python3.10/dist-packages/airflow/example_dags/example_dynamic_task_mapping_with_no_taskflow_operators.py
[2023-11-20T21:22:44.555+0500] {processor.py:829} INFO - Processing file /usr/local/lib/python3.10/dist-packages/airflow/example_dags/example_dynamic_task_mapping_with_no_taskflow_operators.py for tasks to queue
[2023-11-20T21:22:44.558+0500] {logging_mixin.py:154} INFO - [2023-11-20T21:22:44.557+0500] {dagbag.py:536} INFO - Filling up the DagBag from /usr/local/lib/python3.10/dist-packages/airflow/example_dags/example_dynamic_task_mapping_with_no_taskflow_operators.py
[2023-11-20T21:22:44.651+0500] {processor.py:839} INFO - DAG(s) dict_keys(['example_dynamic_task_mapping_with_no_taskflow_operators']) retrieved from /usr/local/lib/python3.10/dist-packages/airflow/example_dags/example_dynamic_task_mapping_with_no_taskflow_operators.py
[2023-11-20T21:22:44.864+0500] {logging_mixin.py:154} INFO - [2023-11-20T21:22:44.858+0500] {dag.py:2941} INFO - Sync 1 DAGs
[2023-11-20T21:22:45.042+0500] {logging_mixin.py:154} INFO - [2023-11-20T21:22:45.041+0500] {dag.py:3722} INFO - Setting next_dagrun for example_dynamic_task_mapping_with_no_taskflow_operators to 2023-11-19T16:22:45.041061+00:00, run_after=2023-11-20T16:22:45.041061+00:00
[2023-11-20T21:22:45.188+0500] {processor.py:179} INFO - Processing /usr/local/lib/python3.10/dist-packages/airflow/example_dags/example_dynamic_task_mapping_with_no_taskflow_operators.py took 0.683 seconds
[2023-11-20T21:23:15.280+0500] {processor.py:157} INFO - Started process (PID=33430) to work on /usr/local/lib/python3.10/dist-packages/airflow/example_dags/example_dynamic_task_mapping_with_no_taskflow_operators.py
[2023-11-20T21:23:15.284+0500] {processor.py:829} INFO - Processing file /usr/local/lib/python3.10/dist-packages/airflow/example_dags/example_dynamic_task_mapping_with_no_taskflow_operators.py for tasks to queue
[2023-11-20T21:23:15.287+0500] {logging_mixin.py:154} INFO - [2023-11-20T21:23:15.286+0500] {dagbag.py:536} INFO - Filling up the DagBag from /usr/local/lib/python3.10/dist-packages/airflow/example_dags/example_dynamic_task_mapping_with_no_taskflow_operators.py
[2023-11-20T21:23:15.314+0500] {processor.py:839} INFO - DAG(s) dict_keys(['example_dynamic_task_mapping_with_no_taskflow_operators']) retrieved from /usr/local/lib/python3.10/dist-packages/airflow/example_dags/example_dynamic_task_mapping_with_no_taskflow_operators.py
[2023-11-20T21:23:15.411+0500] {logging_mixin.py:154} INFO - [2023-11-20T21:23:15.410+0500] {dag.py:2941} INFO - Sync 1 DAGs
[2023-11-20T21:23:15.512+0500] {logging_mixin.py:154} INFO - [2023-11-20T21:23:15.511+0500] {dag.py:3722} INFO - Setting next_dagrun for example_dynamic_task_mapping_with_no_taskflow_operators to 2023-11-19T16:23:15.510514+00:00, run_after=2023-11-20T16:23:15.510514+00:00
[2023-11-20T21:23:15.588+0500] {processor.py:179} INFO - Processing /usr/local/lib/python3.10/dist-packages/airflow/example_dags/example_dynamic_task_mapping_with_no_taskflow_operators.py took 0.319 seconds
[2023-11-20T21:23:46.445+0500] {processor.py:157} INFO - Started process (PID=33539) to work on /usr/local/lib/python3.10/dist-packages/airflow/example_dags/example_dynamic_task_mapping_with_no_taskflow_operators.py
[2023-11-20T21:23:46.448+0500] {processor.py:829} INFO - Processing file /usr/local/lib/python3.10/dist-packages/airflow/example_dags/example_dynamic_task_mapping_with_no_taskflow_operators.py for tasks to queue
[2023-11-20T21:23:46.450+0500] {logging_mixin.py:154} INFO - [2023-11-20T21:23:46.449+0500] {dagbag.py:536} INFO - Filling up the DagBag from /usr/local/lib/python3.10/dist-packages/airflow/example_dags/example_dynamic_task_mapping_with_no_taskflow_operators.py
[2023-11-20T21:23:46.475+0500] {processor.py:839} INFO - DAG(s) dict_keys(['example_dynamic_task_mapping_with_no_taskflow_operators']) retrieved from /usr/local/lib/python3.10/dist-packages/airflow/example_dags/example_dynamic_task_mapping_with_no_taskflow_operators.py
[2023-11-20T21:23:46.581+0500] {logging_mixin.py:154} INFO - [2023-11-20T21:23:46.580+0500] {dag.py:2941} INFO - Sync 1 DAGs
[2023-11-20T21:23:46.712+0500] {logging_mixin.py:154} INFO - [2023-11-20T21:23:46.711+0500] {dag.py:3722} INFO - Setting next_dagrun for example_dynamic_task_mapping_with_no_taskflow_operators to 2023-11-19T16:23:46.710125+00:00, run_after=2023-11-20T16:23:46.710125+00:00
[2023-11-20T21:23:46.825+0500] {processor.py:179} INFO - Processing /usr/local/lib/python3.10/dist-packages/airflow/example_dags/example_dynamic_task_mapping_with_no_taskflow_operators.py took 0.392 seconds
[2023-11-20T21:24:34.425+0500] {processor.py:157} INFO - Started process (PID=33680) to work on /usr/local/lib/python3.10/dist-packages/airflow/example_dags/example_dynamic_task_mapping_with_no_taskflow_operators.py
[2023-11-20T21:24:34.428+0500] {processor.py:829} INFO - Processing file /usr/local/lib/python3.10/dist-packages/airflow/example_dags/example_dynamic_task_mapping_with_no_taskflow_operators.py for tasks to queue
[2023-11-20T21:24:34.432+0500] {logging_mixin.py:154} INFO - [2023-11-20T21:24:34.430+0500] {dagbag.py:536} INFO - Filling up the DagBag from /usr/local/lib/python3.10/dist-packages/airflow/example_dags/example_dynamic_task_mapping_with_no_taskflow_operators.py
[2023-11-20T21:24:34.462+0500] {processor.py:839} INFO - DAG(s) dict_keys(['example_dynamic_task_mapping_with_no_taskflow_operators']) retrieved from /usr/local/lib/python3.10/dist-packages/airflow/example_dags/example_dynamic_task_mapping_with_no_taskflow_operators.py
[2023-11-20T21:24:34.643+0500] {logging_mixin.py:154} INFO - [2023-11-20T21:24:34.642+0500] {dag.py:2941} INFO - Sync 1 DAGs
[2023-11-20T21:24:34.896+0500] {logging_mixin.py:154} INFO - [2023-11-20T21:24:34.895+0500] {dag.py:3722} INFO - Setting next_dagrun for example_dynamic_task_mapping_with_no_taskflow_operators to 2023-11-19T16:24:34.891440+00:00, run_after=2023-11-20T16:24:34.891440+00:00
[2023-11-20T21:24:35.128+0500] {processor.py:179} INFO - Processing /usr/local/lib/python3.10/dist-packages/airflow/example_dags/example_dynamic_task_mapping_with_no_taskflow_operators.py took 0.763 seconds
[2023-11-20T21:25:17.734+0500] {processor.py:157} INFO - Started process (PID=33798) to work on /usr/local/lib/python3.10/dist-packages/airflow/example_dags/example_dynamic_task_mapping_with_no_taskflow_operators.py
[2023-11-20T21:25:17.742+0500] {processor.py:829} INFO - Processing file /usr/local/lib/python3.10/dist-packages/airflow/example_dags/example_dynamic_task_mapping_with_no_taskflow_operators.py for tasks to queue
[2023-11-20T21:25:17.745+0500] {logging_mixin.py:154} INFO - [2023-11-20T21:25:17.744+0500] {dagbag.py:536} INFO - Filling up the DagBag from /usr/local/lib/python3.10/dist-packages/airflow/example_dags/example_dynamic_task_mapping_with_no_taskflow_operators.py
[2023-11-20T21:25:17.864+0500] {processor.py:839} INFO - DAG(s) dict_keys(['example_dynamic_task_mapping_with_no_taskflow_operators']) retrieved from /usr/local/lib/python3.10/dist-packages/airflow/example_dags/example_dynamic_task_mapping_with_no_taskflow_operators.py
[2023-11-20T21:25:18.374+0500] {logging_mixin.py:154} INFO - [2023-11-20T21:25:18.373+0500] {dag.py:2941} INFO - Sync 1 DAGs
[2023-11-20T21:25:18.608+0500] {logging_mixin.py:154} INFO - [2023-11-20T21:25:18.607+0500] {dag.py:3722} INFO - Setting next_dagrun for example_dynamic_task_mapping_with_no_taskflow_operators to 2023-11-19T16:25:18.596404+00:00, run_after=2023-11-20T16:25:18.596404+00:00
[2023-11-20T21:25:18.792+0500] {processor.py:179} INFO - Processing /usr/local/lib/python3.10/dist-packages/airflow/example_dags/example_dynamic_task_mapping_with_no_taskflow_operators.py took 1.071 seconds
[2023-11-20T21:26:03.752+0500] {processor.py:157} INFO - Started process (PID=33963) to work on /usr/local/lib/python3.10/dist-packages/airflow/example_dags/example_dynamic_task_mapping_with_no_taskflow_operators.py
[2023-11-20T21:26:03.758+0500] {processor.py:829} INFO - Processing file /usr/local/lib/python3.10/dist-packages/airflow/example_dags/example_dynamic_task_mapping_with_no_taskflow_operators.py for tasks to queue
[2023-11-20T21:26:03.761+0500] {logging_mixin.py:154} INFO - [2023-11-20T21:26:03.760+0500] {dagbag.py:536} INFO - Filling up the DagBag from /usr/local/lib/python3.10/dist-packages/airflow/example_dags/example_dynamic_task_mapping_with_no_taskflow_operators.py
[2023-11-20T21:26:03.807+0500] {processor.py:839} INFO - DAG(s) dict_keys(['example_dynamic_task_mapping_with_no_taskflow_operators']) retrieved from /usr/local/lib/python3.10/dist-packages/airflow/example_dags/example_dynamic_task_mapping_with_no_taskflow_operators.py
[2023-11-20T21:26:03.988+0500] {logging_mixin.py:154} INFO - [2023-11-20T21:26:03.986+0500] {dag.py:2941} INFO - Sync 1 DAGs
[2023-11-20T21:26:04.109+0500] {logging_mixin.py:154} INFO - [2023-11-20T21:26:04.108+0500] {dag.py:3722} INFO - Setting next_dagrun for example_dynamic_task_mapping_with_no_taskflow_operators to 2023-11-19T16:26:04.107735+00:00, run_after=2023-11-20T16:26:04.107735+00:00
[2023-11-20T21:26:04.216+0500] {processor.py:179} INFO - Processing /usr/local/lib/python3.10/dist-packages/airflow/example_dags/example_dynamic_task_mapping_with_no_taskflow_operators.py took 0.475 seconds
[2023-11-20T21:26:46.003+0500] {processor.py:157} INFO - Started process (PID=34064) to work on /usr/local/lib/python3.10/dist-packages/airflow/example_dags/example_dynamic_task_mapping_with_no_taskflow_operators.py
[2023-11-20T21:26:46.017+0500] {processor.py:829} INFO - Processing file /usr/local/lib/python3.10/dist-packages/airflow/example_dags/example_dynamic_task_mapping_with_no_taskflow_operators.py for tasks to queue
[2023-11-20T21:26:46.021+0500] {logging_mixin.py:154} INFO - [2023-11-20T21:26:46.020+0500] {dagbag.py:536} INFO - Filling up the DagBag from /usr/local/lib/python3.10/dist-packages/airflow/example_dags/example_dynamic_task_mapping_with_no_taskflow_operators.py
[2023-11-20T21:26:46.088+0500] {processor.py:839} INFO - DAG(s) dict_keys(['example_dynamic_task_mapping_with_no_taskflow_operators']) retrieved from /usr/local/lib/python3.10/dist-packages/airflow/example_dags/example_dynamic_task_mapping_with_no_taskflow_operators.py
[2023-11-20T21:26:46.251+0500] {logging_mixin.py:154} INFO - [2023-11-20T21:26:46.249+0500] {dag.py:2941} INFO - Sync 1 DAGs
[2023-11-20T21:26:46.474+0500] {logging_mixin.py:154} INFO - [2023-11-20T21:26:46.473+0500] {dag.py:3722} INFO - Setting next_dagrun for example_dynamic_task_mapping_with_no_taskflow_operators to 2023-11-19T16:26:46.470800+00:00, run_after=2023-11-20T16:26:46.470800+00:00
[2023-11-20T21:26:46.636+0500] {processor.py:179} INFO - Processing /usr/local/lib/python3.10/dist-packages/airflow/example_dags/example_dynamic_task_mapping_with_no_taskflow_operators.py took 0.660 seconds
[2023-11-20T21:28:34.291+0500] {processor.py:157} INFO - Started process (PID=34321) to work on /usr/local/lib/python3.10/dist-packages/airflow/example_dags/example_dynamic_task_mapping_with_no_taskflow_operators.py
[2023-11-20T21:28:34.294+0500] {processor.py:829} INFO - Processing file /usr/local/lib/python3.10/dist-packages/airflow/example_dags/example_dynamic_task_mapping_with_no_taskflow_operators.py for tasks to queue
[2023-11-20T21:28:34.297+0500] {logging_mixin.py:154} INFO - [2023-11-20T21:28:34.296+0500] {dagbag.py:536} INFO - Filling up the DagBag from /usr/local/lib/python3.10/dist-packages/airflow/example_dags/example_dynamic_task_mapping_with_no_taskflow_operators.py
[2023-11-20T21:28:34.323+0500] {processor.py:839} INFO - DAG(s) dict_keys(['example_dynamic_task_mapping_with_no_taskflow_operators']) retrieved from /usr/local/lib/python3.10/dist-packages/airflow/example_dags/example_dynamic_task_mapping_with_no_taskflow_operators.py
[2023-11-20T21:28:34.428+0500] {logging_mixin.py:154} INFO - [2023-11-20T21:28:34.428+0500] {dag.py:2941} INFO - Sync 1 DAGs
[2023-11-20T21:28:34.530+0500] {logging_mixin.py:154} INFO - [2023-11-20T21:28:34.529+0500] {dag.py:3722} INFO - Setting next_dagrun for example_dynamic_task_mapping_with_no_taskflow_operators to 2023-11-19T16:28:34.528721+00:00, run_after=2023-11-20T16:28:34.528721+00:00
[2023-11-20T21:28:34.611+0500] {processor.py:179} INFO - Processing /usr/local/lib/python3.10/dist-packages/airflow/example_dags/example_dynamic_task_mapping_with_no_taskflow_operators.py took 0.349 seconds
[2023-11-20T21:30:41.452+0500] {processor.py:157} INFO - Started process (PID=34529) to work on /usr/local/lib/python3.10/dist-packages/airflow/example_dags/example_dynamic_task_mapping_with_no_taskflow_operators.py
[2023-11-20T21:30:41.456+0500] {processor.py:829} INFO - Processing file /usr/local/lib/python3.10/dist-packages/airflow/example_dags/example_dynamic_task_mapping_with_no_taskflow_operators.py for tasks to queue
[2023-11-20T21:30:41.459+0500] {logging_mixin.py:154} INFO - [2023-11-20T21:30:41.458+0500] {dagbag.py:536} INFO - Filling up the DagBag from /usr/local/lib/python3.10/dist-packages/airflow/example_dags/example_dynamic_task_mapping_with_no_taskflow_operators.py
[2023-11-20T21:30:41.485+0500] {processor.py:839} INFO - DAG(s) dict_keys(['example_dynamic_task_mapping_with_no_taskflow_operators']) retrieved from /usr/local/lib/python3.10/dist-packages/airflow/example_dags/example_dynamic_task_mapping_with_no_taskflow_operators.py
[2023-11-20T21:30:41.583+0500] {logging_mixin.py:154} INFO - [2023-11-20T21:30:41.582+0500] {dag.py:2941} INFO - Sync 1 DAGs
[2023-11-20T21:30:41.690+0500] {logging_mixin.py:154} INFO - [2023-11-20T21:30:41.689+0500] {dag.py:3722} INFO - Setting next_dagrun for example_dynamic_task_mapping_with_no_taskflow_operators to 2023-11-19T16:30:41.688919+00:00, run_after=2023-11-20T16:30:41.688919+00:00
[2023-11-20T21:30:41.768+0500] {processor.py:179} INFO - Processing /usr/local/lib/python3.10/dist-packages/airflow/example_dags/example_dynamic_task_mapping_with_no_taskflow_operators.py took 0.328 seconds
