[2023-11-20T21:05:56.445+0500] {processor.py:157} INFO - Started process (PID=27193) to work on /usr/local/lib/python3.10/dist-packages/airflow/example_dags/example_params_trigger_ui.py
[2023-11-20T21:05:56.448+0500] {processor.py:829} INFO - Processing file /usr/local/lib/python3.10/dist-packages/airflow/example_dags/example_params_trigger_ui.py for tasks to queue
[2023-11-20T21:05:56.451+0500] {logging_mixin.py:154} INFO - [2023-11-20T21:05:56.449+0500] {dagbag.py:536} INFO - Filling up the DagBag from /usr/local/lib/python3.10/dist-packages/airflow/example_dags/example_params_trigger_ui.py
[2023-11-20T21:05:56.533+0500] {processor.py:839} INFO - DAG(s) dict_keys(['example_params_trigger_ui']) retrieved from /usr/local/lib/python3.10/dist-packages/airflow/example_dags/example_params_trigger_ui.py
[2023-11-20T21:05:57.349+0500] {logging_mixin.py:154} INFO - [2023-11-20T21:05:57.348+0500] {manager.py:499} INFO - Created Permission View: %s
[2023-11-20T21:05:57.397+0500] {logging_mixin.py:154} INFO - [2023-11-20T21:05:57.396+0500] {manager.py:499} INFO - Created Permission View: %s
[2023-11-20T21:05:57.430+0500] {logging_mixin.py:154} INFO - [2023-11-20T21:05:57.429+0500] {manager.py:499} INFO - Created Permission View: %s
[2023-11-20T21:05:57.431+0500] {logging_mixin.py:154} INFO - [2023-11-20T21:05:57.431+0500] {dag.py:2941} INFO - Sync 1 DAGs
[2023-11-20T21:05:57.485+0500] {logging_mixin.py:154} INFO - [2023-11-20T21:05:57.485+0500] {dag.py:2963} INFO - Creating ORM DAG for example_params_trigger_ui
[2023-11-20T21:05:57.488+0500] {logging_mixin.py:154} INFO - [2023-11-20T21:05:57.487+0500] {dag.py:3722} INFO - Setting next_dagrun for example_params_trigger_ui to None, run_after=None
[2023-11-20T21:05:57.559+0500] {processor.py:179} INFO - Processing /usr/local/lib/python3.10/dist-packages/airflow/example_dags/example_params_trigger_ui.py took 1.126 seconds
[2023-11-20T21:06:27.752+0500] {processor.py:157} INFO - Started process (PID=27447) to work on /usr/local/lib/python3.10/dist-packages/airflow/example_dags/example_params_trigger_ui.py
[2023-11-20T21:06:27.764+0500] {processor.py:829} INFO - Processing file /usr/local/lib/python3.10/dist-packages/airflow/example_dags/example_params_trigger_ui.py for tasks to queue
[2023-11-20T21:06:27.768+0500] {logging_mixin.py:154} INFO - [2023-11-20T21:06:27.767+0500] {dagbag.py:536} INFO - Filling up the DagBag from /usr/local/lib/python3.10/dist-packages/airflow/example_dags/example_params_trigger_ui.py
[2023-11-20T21:06:28.029+0500] {processor.py:839} INFO - DAG(s) dict_keys(['example_params_trigger_ui']) retrieved from /usr/local/lib/python3.10/dist-packages/airflow/example_dags/example_params_trigger_ui.py
[2023-11-20T21:06:29.338+0500] {logging_mixin.py:154} INFO - [2023-11-20T21:06:29.338+0500] {dag.py:2941} INFO - Sync 1 DAGs
[2023-11-20T21:06:29.450+0500] {logging_mixin.py:154} INFO - [2023-11-20T21:06:29.449+0500] {dag.py:3722} INFO - Setting next_dagrun for example_params_trigger_ui to None, run_after=None
[2023-11-20T21:06:29.548+0500] {processor.py:179} INFO - Processing /usr/local/lib/python3.10/dist-packages/airflow/example_dags/example_params_trigger_ui.py took 1.808 seconds
[2023-11-20T21:07:00.080+0500] {processor.py:157} INFO - Started process (PID=27765) to work on /usr/local/lib/python3.10/dist-packages/airflow/example_dags/example_params_trigger_ui.py
[2023-11-20T21:07:00.083+0500] {processor.py:829} INFO - Processing file /usr/local/lib/python3.10/dist-packages/airflow/example_dags/example_params_trigger_ui.py for tasks to queue
[2023-11-20T21:07:00.087+0500] {logging_mixin.py:154} INFO - [2023-11-20T21:07:00.085+0500] {dagbag.py:536} INFO - Filling up the DagBag from /usr/local/lib/python3.10/dist-packages/airflow/example_dags/example_params_trigger_ui.py
[2023-11-20T21:07:00.221+0500] {processor.py:839} INFO - DAG(s) dict_keys(['example_params_trigger_ui']) retrieved from /usr/local/lib/python3.10/dist-packages/airflow/example_dags/example_params_trigger_ui.py
[2023-11-20T21:07:00.855+0500] {logging_mixin.py:154} INFO - [2023-11-20T21:07:00.854+0500] {dag.py:2941} INFO - Sync 1 DAGs
[2023-11-20T21:07:00.978+0500] {logging_mixin.py:154} INFO - [2023-11-20T21:07:00.967+0500] {dag.py:3722} INFO - Setting next_dagrun for example_params_trigger_ui to None, run_after=None
[2023-11-20T21:07:01.223+0500] {processor.py:179} INFO - Processing /usr/local/lib/python3.10/dist-packages/airflow/example_dags/example_params_trigger_ui.py took 1.157 seconds
[2023-11-20T21:07:31.524+0500] {processor.py:157} INFO - Started process (PID=28039) to work on /usr/local/lib/python3.10/dist-packages/airflow/example_dags/example_params_trigger_ui.py
[2023-11-20T21:07:31.531+0500] {processor.py:829} INFO - Processing file /usr/local/lib/python3.10/dist-packages/airflow/example_dags/example_params_trigger_ui.py for tasks to queue
[2023-11-20T21:07:31.534+0500] {logging_mixin.py:154} INFO - [2023-11-20T21:07:31.533+0500] {dagbag.py:536} INFO - Filling up the DagBag from /usr/local/lib/python3.10/dist-packages/airflow/example_dags/example_params_trigger_ui.py
[2023-11-20T21:07:31.635+0500] {processor.py:839} INFO - DAG(s) dict_keys(['example_params_trigger_ui']) retrieved from /usr/local/lib/python3.10/dist-packages/airflow/example_dags/example_params_trigger_ui.py
[2023-11-20T21:07:32.255+0500] {logging_mixin.py:154} INFO - [2023-11-20T21:07:32.254+0500] {dag.py:2941} INFO - Sync 1 DAGs
[2023-11-20T21:07:32.377+0500] {logging_mixin.py:154} INFO - [2023-11-20T21:07:32.375+0500] {dag.py:3722} INFO - Setting next_dagrun for example_params_trigger_ui to None, run_after=None
[2023-11-20T21:07:32.553+0500] {processor.py:179} INFO - Processing /usr/local/lib/python3.10/dist-packages/airflow/example_dags/example_params_trigger_ui.py took 1.043 seconds
[2023-11-20T21:08:02.946+0500] {processor.py:157} INFO - Started process (PID=28239) to work on /usr/local/lib/python3.10/dist-packages/airflow/example_dags/example_params_trigger_ui.py
[2023-11-20T21:08:02.967+0500] {processor.py:829} INFO - Processing file /usr/local/lib/python3.10/dist-packages/airflow/example_dags/example_params_trigger_ui.py for tasks to queue
[2023-11-20T21:08:02.974+0500] {logging_mixin.py:154} INFO - [2023-11-20T21:08:02.969+0500] {dagbag.py:536} INFO - Filling up the DagBag from /usr/local/lib/python3.10/dist-packages/airflow/example_dags/example_params_trigger_ui.py
[2023-11-20T21:08:03.218+0500] {processor.py:839} INFO - DAG(s) dict_keys(['example_params_trigger_ui']) retrieved from /usr/local/lib/python3.10/dist-packages/airflow/example_dags/example_params_trigger_ui.py
[2023-11-20T21:08:04.206+0500] {logging_mixin.py:154} INFO - [2023-11-20T21:08:04.205+0500] {dag.py:2941} INFO - Sync 1 DAGs
[2023-11-20T21:08:04.286+0500] {logging_mixin.py:154} INFO - [2023-11-20T21:08:04.285+0500] {dag.py:3722} INFO - Setting next_dagrun for example_params_trigger_ui to None, run_after=None
[2023-11-20T21:08:04.543+0500] {processor.py:179} INFO - Processing /usr/local/lib/python3.10/dist-packages/airflow/example_dags/example_params_trigger_ui.py took 1.654 seconds
[2023-11-20T21:08:35.037+0500] {processor.py:157} INFO - Started process (PID=28457) to work on /usr/local/lib/python3.10/dist-packages/airflow/example_dags/example_params_trigger_ui.py
[2023-11-20T21:08:35.040+0500] {processor.py:829} INFO - Processing file /usr/local/lib/python3.10/dist-packages/airflow/example_dags/example_params_trigger_ui.py for tasks to queue
[2023-11-20T21:08:35.043+0500] {logging_mixin.py:154} INFO - [2023-11-20T21:08:35.041+0500] {dagbag.py:536} INFO - Filling up the DagBag from /usr/local/lib/python3.10/dist-packages/airflow/example_dags/example_params_trigger_ui.py
[2023-11-20T21:08:35.128+0500] {processor.py:839} INFO - DAG(s) dict_keys(['example_params_trigger_ui']) retrieved from /usr/local/lib/python3.10/dist-packages/airflow/example_dags/example_params_trigger_ui.py
[2023-11-20T21:08:35.613+0500] {logging_mixin.py:154} INFO - [2023-11-20T21:08:35.612+0500] {dag.py:2941} INFO - Sync 1 DAGs
[2023-11-20T21:08:35.669+0500] {logging_mixin.py:154} INFO - [2023-11-20T21:08:35.668+0500] {dag.py:3722} INFO - Setting next_dagrun for example_params_trigger_ui to None, run_after=None
[2023-11-20T21:08:35.761+0500] {processor.py:179} INFO - Processing /usr/local/lib/python3.10/dist-packages/airflow/example_dags/example_params_trigger_ui.py took 0.736 seconds
[2023-11-20T21:09:06.033+0500] {processor.py:157} INFO - Started process (PID=28664) to work on /usr/local/lib/python3.10/dist-packages/airflow/example_dags/example_params_trigger_ui.py
[2023-11-20T21:09:06.037+0500] {processor.py:829} INFO - Processing file /usr/local/lib/python3.10/dist-packages/airflow/example_dags/example_params_trigger_ui.py for tasks to queue
[2023-11-20T21:09:06.041+0500] {logging_mixin.py:154} INFO - [2023-11-20T21:09:06.039+0500] {dagbag.py:536} INFO - Filling up the DagBag from /usr/local/lib/python3.10/dist-packages/airflow/example_dags/example_params_trigger_ui.py
[2023-11-20T21:09:06.169+0500] {processor.py:839} INFO - DAG(s) dict_keys(['example_params_trigger_ui']) retrieved from /usr/local/lib/python3.10/dist-packages/airflow/example_dags/example_params_trigger_ui.py
[2023-11-20T21:09:06.668+0500] {logging_mixin.py:154} INFO - [2023-11-20T21:09:06.668+0500] {dag.py:2941} INFO - Sync 1 DAGs
[2023-11-20T21:09:06.724+0500] {logging_mixin.py:154} INFO - [2023-11-20T21:09:06.724+0500] {dag.py:3722} INFO - Setting next_dagrun for example_params_trigger_ui to None, run_after=None
[2023-11-20T21:09:06.803+0500] {processor.py:179} INFO - Processing /usr/local/lib/python3.10/dist-packages/airflow/example_dags/example_params_trigger_ui.py took 0.786 seconds
[2023-11-20T21:09:37.217+0500] {processor.py:157} INFO - Started process (PID=28879) to work on /usr/local/lib/python3.10/dist-packages/airflow/example_dags/example_params_trigger_ui.py
[2023-11-20T21:09:37.219+0500] {processor.py:829} INFO - Processing file /usr/local/lib/python3.10/dist-packages/airflow/example_dags/example_params_trigger_ui.py for tasks to queue
[2023-11-20T21:09:37.222+0500] {logging_mixin.py:154} INFO - [2023-11-20T21:09:37.221+0500] {dagbag.py:536} INFO - Filling up the DagBag from /usr/local/lib/python3.10/dist-packages/airflow/example_dags/example_params_trigger_ui.py
[2023-11-20T21:09:37.305+0500] {processor.py:839} INFO - DAG(s) dict_keys(['example_params_trigger_ui']) retrieved from /usr/local/lib/python3.10/dist-packages/airflow/example_dags/example_params_trigger_ui.py
[2023-11-20T21:09:37.744+0500] {logging_mixin.py:154} INFO - [2023-11-20T21:09:37.743+0500] {dag.py:2941} INFO - Sync 1 DAGs
[2023-11-20T21:09:37.801+0500] {logging_mixin.py:154} INFO - [2023-11-20T21:09:37.800+0500] {dag.py:3722} INFO - Setting next_dagrun for example_params_trigger_ui to None, run_after=None
[2023-11-20T21:09:37.887+0500] {processor.py:179} INFO - Processing /usr/local/lib/python3.10/dist-packages/airflow/example_dags/example_params_trigger_ui.py took 0.681 seconds
[2023-11-20T21:10:08.459+0500] {processor.py:157} INFO - Started process (PID=29161) to work on /usr/local/lib/python3.10/dist-packages/airflow/example_dags/example_params_trigger_ui.py
[2023-11-20T21:10:08.461+0500] {processor.py:829} INFO - Processing file /usr/local/lib/python3.10/dist-packages/airflow/example_dags/example_params_trigger_ui.py for tasks to queue
[2023-11-20T21:10:08.465+0500] {logging_mixin.py:154} INFO - [2023-11-20T21:10:08.464+0500] {dagbag.py:536} INFO - Filling up the DagBag from /usr/local/lib/python3.10/dist-packages/airflow/example_dags/example_params_trigger_ui.py
[2023-11-20T21:10:08.560+0500] {processor.py:839} INFO - DAG(s) dict_keys(['example_params_trigger_ui']) retrieved from /usr/local/lib/python3.10/dist-packages/airflow/example_dags/example_params_trigger_ui.py
[2023-11-20T21:10:09.136+0500] {logging_mixin.py:154} INFO - [2023-11-20T21:10:09.135+0500] {dag.py:2941} INFO - Sync 1 DAGs
[2023-11-20T21:10:09.212+0500] {logging_mixin.py:154} INFO - [2023-11-20T21:10:09.211+0500] {dag.py:3722} INFO - Setting next_dagrun for example_params_trigger_ui to None, run_after=None
[2023-11-20T21:10:09.349+0500] {processor.py:179} INFO - Processing /usr/local/lib/python3.10/dist-packages/airflow/example_dags/example_params_trigger_ui.py took 0.903 seconds
[2023-11-20T21:10:39.565+0500] {processor.py:157} INFO - Started process (PID=29365) to work on /usr/local/lib/python3.10/dist-packages/airflow/example_dags/example_params_trigger_ui.py
[2023-11-20T21:10:39.568+0500] {processor.py:829} INFO - Processing file /usr/local/lib/python3.10/dist-packages/airflow/example_dags/example_params_trigger_ui.py for tasks to queue
[2023-11-20T21:10:39.571+0500] {logging_mixin.py:154} INFO - [2023-11-20T21:10:39.570+0500] {dagbag.py:536} INFO - Filling up the DagBag from /usr/local/lib/python3.10/dist-packages/airflow/example_dags/example_params_trigger_ui.py
[2023-11-20T21:10:39.654+0500] {processor.py:839} INFO - DAG(s) dict_keys(['example_params_trigger_ui']) retrieved from /usr/local/lib/python3.10/dist-packages/airflow/example_dags/example_params_trigger_ui.py
[2023-11-20T21:10:40.083+0500] {logging_mixin.py:154} INFO - [2023-11-20T21:10:40.082+0500] {dag.py:2941} INFO - Sync 1 DAGs
[2023-11-20T21:10:40.138+0500] {logging_mixin.py:154} INFO - [2023-11-20T21:10:40.137+0500] {dag.py:3722} INFO - Setting next_dagrun for example_params_trigger_ui to None, run_after=None
[2023-11-20T21:10:40.213+0500] {processor.py:179} INFO - Processing /usr/local/lib/python3.10/dist-packages/airflow/example_dags/example_params_trigger_ui.py took 0.658 seconds
[2023-11-20T21:11:10.443+0500] {processor.py:157} INFO - Started process (PID=29520) to work on /usr/local/lib/python3.10/dist-packages/airflow/example_dags/example_params_trigger_ui.py
[2023-11-20T21:11:10.446+0500] {processor.py:829} INFO - Processing file /usr/local/lib/python3.10/dist-packages/airflow/example_dags/example_params_trigger_ui.py for tasks to queue
[2023-11-20T21:11:10.450+0500] {logging_mixin.py:154} INFO - [2023-11-20T21:11:10.449+0500] {dagbag.py:536} INFO - Filling up the DagBag from /usr/local/lib/python3.10/dist-packages/airflow/example_dags/example_params_trigger_ui.py
[2023-11-20T21:11:10.546+0500] {processor.py:839} INFO - DAG(s) dict_keys(['example_params_trigger_ui']) retrieved from /usr/local/lib/python3.10/dist-packages/airflow/example_dags/example_params_trigger_ui.py
[2023-11-20T21:11:11.005+0500] {logging_mixin.py:154} INFO - [2023-11-20T21:11:11.005+0500] {dag.py:2941} INFO - Sync 1 DAGs
[2023-11-20T21:11:11.067+0500] {logging_mixin.py:154} INFO - [2023-11-20T21:11:11.066+0500] {dag.py:3722} INFO - Setting next_dagrun for example_params_trigger_ui to None, run_after=None
[2023-11-20T21:11:11.147+0500] {processor.py:179} INFO - Processing /usr/local/lib/python3.10/dist-packages/airflow/example_dags/example_params_trigger_ui.py took 0.719 seconds
[2023-11-20T21:11:43.671+0500] {processor.py:157} INFO - Started process (PID=29691) to work on /usr/local/lib/python3.10/dist-packages/airflow/example_dags/example_params_trigger_ui.py
[2023-11-20T21:11:43.674+0500] {processor.py:829} INFO - Processing file /usr/local/lib/python3.10/dist-packages/airflow/example_dags/example_params_trigger_ui.py for tasks to queue
[2023-11-20T21:11:43.678+0500] {logging_mixin.py:154} INFO - [2023-11-20T21:11:43.677+0500] {dagbag.py:536} INFO - Filling up the DagBag from /usr/local/lib/python3.10/dist-packages/airflow/example_dags/example_params_trigger_ui.py
[2023-11-20T21:11:43.786+0500] {processor.py:839} INFO - DAG(s) dict_keys(['example_params_trigger_ui']) retrieved from /usr/local/lib/python3.10/dist-packages/airflow/example_dags/example_params_trigger_ui.py
[2023-11-20T21:11:44.459+0500] {logging_mixin.py:154} INFO - [2023-11-20T21:11:44.458+0500] {dag.py:2941} INFO - Sync 1 DAGs
[2023-11-20T21:11:44.585+0500] {logging_mixin.py:154} INFO - [2023-11-20T21:11:44.580+0500] {dag.py:3722} INFO - Setting next_dagrun for example_params_trigger_ui to None, run_after=None
[2023-11-20T21:11:44.775+0500] {processor.py:179} INFO - Processing /usr/local/lib/python3.10/dist-packages/airflow/example_dags/example_params_trigger_ui.py took 1.118 seconds
[2023-11-20T21:12:15.597+0500] {processor.py:157} INFO - Started process (PID=29886) to work on /usr/local/lib/python3.10/dist-packages/airflow/example_dags/example_params_trigger_ui.py
[2023-11-20T21:12:15.601+0500] {processor.py:829} INFO - Processing file /usr/local/lib/python3.10/dist-packages/airflow/example_dags/example_params_trigger_ui.py for tasks to queue
[2023-11-20T21:12:15.604+0500] {logging_mixin.py:154} INFO - [2023-11-20T21:12:15.603+0500] {dagbag.py:536} INFO - Filling up the DagBag from /usr/local/lib/python3.10/dist-packages/airflow/example_dags/example_params_trigger_ui.py
[2023-11-20T21:12:15.705+0500] {processor.py:839} INFO - DAG(s) dict_keys(['example_params_trigger_ui']) retrieved from /usr/local/lib/python3.10/dist-packages/airflow/example_dags/example_params_trigger_ui.py
[2023-11-20T21:12:16.237+0500] {logging_mixin.py:154} INFO - [2023-11-20T21:12:16.237+0500] {dag.py:2941} INFO - Sync 1 DAGs
[2023-11-20T21:12:16.310+0500] {logging_mixin.py:154} INFO - [2023-11-20T21:12:16.302+0500] {dag.py:3722} INFO - Setting next_dagrun for example_params_trigger_ui to None, run_after=None
[2023-11-20T21:12:16.434+0500] {processor.py:179} INFO - Processing /usr/local/lib/python3.10/dist-packages/airflow/example_dags/example_params_trigger_ui.py took 0.856 seconds
[2023-11-20T21:12:46.807+0500] {processor.py:157} INFO - Started process (PID=30099) to work on /usr/local/lib/python3.10/dist-packages/airflow/example_dags/example_params_trigger_ui.py
[2023-11-20T21:12:46.810+0500] {processor.py:829} INFO - Processing file /usr/local/lib/python3.10/dist-packages/airflow/example_dags/example_params_trigger_ui.py for tasks to queue
[2023-11-20T21:12:46.813+0500] {logging_mixin.py:154} INFO - [2023-11-20T21:12:46.812+0500] {dagbag.py:536} INFO - Filling up the DagBag from /usr/local/lib/python3.10/dist-packages/airflow/example_dags/example_params_trigger_ui.py
[2023-11-20T21:12:46.904+0500] {processor.py:839} INFO - DAG(s) dict_keys(['example_params_trigger_ui']) retrieved from /usr/local/lib/python3.10/dist-packages/airflow/example_dags/example_params_trigger_ui.py
[2023-11-20T21:12:47.390+0500] {logging_mixin.py:154} INFO - [2023-11-20T21:12:47.389+0500] {dag.py:2941} INFO - Sync 1 DAGs
[2023-11-20T21:12:47.451+0500] {logging_mixin.py:154} INFO - [2023-11-20T21:12:47.450+0500] {dag.py:3722} INFO - Setting next_dagrun for example_params_trigger_ui to None, run_after=None
[2023-11-20T21:12:47.540+0500] {processor.py:179} INFO - Processing /usr/local/lib/python3.10/dist-packages/airflow/example_dags/example_params_trigger_ui.py took 0.746 seconds
[2023-11-20T21:13:19.293+0500] {processor.py:157} INFO - Started process (PID=30272) to work on /usr/local/lib/python3.10/dist-packages/airflow/example_dags/example_params_trigger_ui.py
[2023-11-20T21:13:19.296+0500] {processor.py:829} INFO - Processing file /usr/local/lib/python3.10/dist-packages/airflow/example_dags/example_params_trigger_ui.py for tasks to queue
[2023-11-20T21:13:19.299+0500] {logging_mixin.py:154} INFO - [2023-11-20T21:13:19.298+0500] {dagbag.py:536} INFO - Filling up the DagBag from /usr/local/lib/python3.10/dist-packages/airflow/example_dags/example_params_trigger_ui.py
[2023-11-20T21:13:19.383+0500] {processor.py:839} INFO - DAG(s) dict_keys(['example_params_trigger_ui']) retrieved from /usr/local/lib/python3.10/dist-packages/airflow/example_dags/example_params_trigger_ui.py
[2023-11-20T21:13:19.831+0500] {logging_mixin.py:154} INFO - [2023-11-20T21:13:19.830+0500] {dag.py:2941} INFO - Sync 1 DAGs
[2023-11-20T21:13:19.886+0500] {logging_mixin.py:154} INFO - [2023-11-20T21:13:19.886+0500] {dag.py:3722} INFO - Setting next_dagrun for example_params_trigger_ui to None, run_after=None
[2023-11-20T21:13:19.994+0500] {processor.py:179} INFO - Processing /usr/local/lib/python3.10/dist-packages/airflow/example_dags/example_params_trigger_ui.py took 0.712 seconds
[2023-11-20T21:13:50.997+0500] {processor.py:157} INFO - Started process (PID=30373) to work on /usr/local/lib/python3.10/dist-packages/airflow/example_dags/example_params_trigger_ui.py
[2023-11-20T21:13:51.001+0500] {processor.py:829} INFO - Processing file /usr/local/lib/python3.10/dist-packages/airflow/example_dags/example_params_trigger_ui.py for tasks to queue
[2023-11-20T21:13:51.006+0500] {logging_mixin.py:154} INFO - [2023-11-20T21:13:51.005+0500] {dagbag.py:536} INFO - Filling up the DagBag from /usr/local/lib/python3.10/dist-packages/airflow/example_dags/example_params_trigger_ui.py
[2023-11-20T21:13:51.098+0500] {processor.py:839} INFO - DAG(s) dict_keys(['example_params_trigger_ui']) retrieved from /usr/local/lib/python3.10/dist-packages/airflow/example_dags/example_params_trigger_ui.py
[2023-11-20T21:13:51.530+0500] {logging_mixin.py:154} INFO - [2023-11-20T21:13:51.529+0500] {dag.py:2941} INFO - Sync 1 DAGs
[2023-11-20T21:13:51.595+0500] {logging_mixin.py:154} INFO - [2023-11-20T21:13:51.594+0500] {dag.py:3722} INFO - Setting next_dagrun for example_params_trigger_ui to None, run_after=None
[2023-11-20T21:13:51.675+0500] {processor.py:179} INFO - Processing /usr/local/lib/python3.10/dist-packages/airflow/example_dags/example_params_trigger_ui.py took 0.695 seconds
[2023-11-20T21:14:22.253+0500] {processor.py:157} INFO - Started process (PID=30485) to work on /usr/local/lib/python3.10/dist-packages/airflow/example_dags/example_params_trigger_ui.py
[2023-11-20T21:14:22.256+0500] {processor.py:829} INFO - Processing file /usr/local/lib/python3.10/dist-packages/airflow/example_dags/example_params_trigger_ui.py for tasks to queue
[2023-11-20T21:14:22.259+0500] {logging_mixin.py:154} INFO - [2023-11-20T21:14:22.257+0500] {dagbag.py:536} INFO - Filling up the DagBag from /usr/local/lib/python3.10/dist-packages/airflow/example_dags/example_params_trigger_ui.py
[2023-11-20T21:14:22.359+0500] {processor.py:839} INFO - DAG(s) dict_keys(['example_params_trigger_ui']) retrieved from /usr/local/lib/python3.10/dist-packages/airflow/example_dags/example_params_trigger_ui.py
[2023-11-20T21:14:22.891+0500] {logging_mixin.py:154} INFO - [2023-11-20T21:14:22.891+0500] {dag.py:2941} INFO - Sync 1 DAGs
[2023-11-20T21:14:22.969+0500] {logging_mixin.py:154} INFO - [2023-11-20T21:14:22.968+0500] {dag.py:3722} INFO - Setting next_dagrun for example_params_trigger_ui to None, run_after=None
[2023-11-20T21:14:23.079+0500] {processor.py:179} INFO - Processing /usr/local/lib/python3.10/dist-packages/airflow/example_dags/example_params_trigger_ui.py took 0.841 seconds
[2023-11-20T21:15:07.403+0500] {processor.py:157} INFO - Started process (PID=30767) to work on /usr/local/lib/python3.10/dist-packages/airflow/example_dags/example_params_trigger_ui.py
[2023-11-20T21:15:07.407+0500] {processor.py:829} INFO - Processing file /usr/local/lib/python3.10/dist-packages/airflow/example_dags/example_params_trigger_ui.py for tasks to queue
[2023-11-20T21:15:07.411+0500] {logging_mixin.py:154} INFO - [2023-11-20T21:15:07.410+0500] {dagbag.py:536} INFO - Filling up the DagBag from /usr/local/lib/python3.10/dist-packages/airflow/example_dags/example_params_trigger_ui.py
[2023-11-20T21:15:07.522+0500] {processor.py:839} INFO - DAG(s) dict_keys(['example_params_trigger_ui']) retrieved from /usr/local/lib/python3.10/dist-packages/airflow/example_dags/example_params_trigger_ui.py
[2023-11-20T21:15:08.484+0500] {logging_mixin.py:154} INFO - [2023-11-20T21:15:08.483+0500] {dag.py:2941} INFO - Sync 1 DAGs
[2023-11-20T21:15:08.621+0500] {logging_mixin.py:154} INFO - [2023-11-20T21:15:08.620+0500] {dag.py:3722} INFO - Setting next_dagrun for example_params_trigger_ui to None, run_after=None
[2023-11-20T21:15:08.708+0500] {processor.py:179} INFO - Processing /usr/local/lib/python3.10/dist-packages/airflow/example_dags/example_params_trigger_ui.py took 1.317 seconds
[2023-11-20T21:15:39.199+0500] {processor.py:157} INFO - Started process (PID=30989) to work on /usr/local/lib/python3.10/dist-packages/airflow/example_dags/example_params_trigger_ui.py
[2023-11-20T21:15:39.203+0500] {processor.py:829} INFO - Processing file /usr/local/lib/python3.10/dist-packages/airflow/example_dags/example_params_trigger_ui.py for tasks to queue
[2023-11-20T21:15:39.206+0500] {logging_mixin.py:154} INFO - [2023-11-20T21:15:39.204+0500] {dagbag.py:536} INFO - Filling up the DagBag from /usr/local/lib/python3.10/dist-packages/airflow/example_dags/example_params_trigger_ui.py
[2023-11-20T21:15:39.293+0500] {processor.py:839} INFO - DAG(s) dict_keys(['example_params_trigger_ui']) retrieved from /usr/local/lib/python3.10/dist-packages/airflow/example_dags/example_params_trigger_ui.py
[2023-11-20T21:15:39.730+0500] {logging_mixin.py:154} INFO - [2023-11-20T21:15:39.730+0500] {dag.py:2941} INFO - Sync 1 DAGs
[2023-11-20T21:15:39.789+0500] {logging_mixin.py:154} INFO - [2023-11-20T21:15:39.788+0500] {dag.py:3722} INFO - Setting next_dagrun for example_params_trigger_ui to None, run_after=None
[2023-11-20T21:15:39.868+0500] {processor.py:179} INFO - Processing /usr/local/lib/python3.10/dist-packages/airflow/example_dags/example_params_trigger_ui.py took 0.680 seconds
[2023-11-20T21:16:11.318+0500] {processor.py:157} INFO - Started process (PID=31146) to work on /usr/local/lib/python3.10/dist-packages/airflow/example_dags/example_params_trigger_ui.py
[2023-11-20T21:16:11.320+0500] {processor.py:829} INFO - Processing file /usr/local/lib/python3.10/dist-packages/airflow/example_dags/example_params_trigger_ui.py for tasks to queue
[2023-11-20T21:16:11.323+0500] {logging_mixin.py:154} INFO - [2023-11-20T21:16:11.322+0500] {dagbag.py:536} INFO - Filling up the DagBag from /usr/local/lib/python3.10/dist-packages/airflow/example_dags/example_params_trigger_ui.py
[2023-11-20T21:16:11.408+0500] {processor.py:839} INFO - DAG(s) dict_keys(['example_params_trigger_ui']) retrieved from /usr/local/lib/python3.10/dist-packages/airflow/example_dags/example_params_trigger_ui.py
[2023-11-20T21:16:11.869+0500] {logging_mixin.py:154} INFO - [2023-11-20T21:16:11.869+0500] {dag.py:2941} INFO - Sync 1 DAGs
[2023-11-20T21:16:11.926+0500] {logging_mixin.py:154} INFO - [2023-11-20T21:16:11.925+0500] {dag.py:3722} INFO - Setting next_dagrun for example_params_trigger_ui to None, run_after=None
[2023-11-20T21:16:12.006+0500] {processor.py:179} INFO - Processing /usr/local/lib/python3.10/dist-packages/airflow/example_dags/example_params_trigger_ui.py took 0.700 seconds
[2023-11-20T21:16:44.299+0500] {processor.py:157} INFO - Started process (PID=31244) to work on /usr/local/lib/python3.10/dist-packages/airflow/example_dags/example_params_trigger_ui.py
[2023-11-20T21:16:44.302+0500] {processor.py:829} INFO - Processing file /usr/local/lib/python3.10/dist-packages/airflow/example_dags/example_params_trigger_ui.py for tasks to queue
[2023-11-20T21:16:44.305+0500] {logging_mixin.py:154} INFO - [2023-11-20T21:16:44.304+0500] {dagbag.py:536} INFO - Filling up the DagBag from /usr/local/lib/python3.10/dist-packages/airflow/example_dags/example_params_trigger_ui.py
[2023-11-20T21:16:44.389+0500] {processor.py:839} INFO - DAG(s) dict_keys(['example_params_trigger_ui']) retrieved from /usr/local/lib/python3.10/dist-packages/airflow/example_dags/example_params_trigger_ui.py
[2023-11-20T21:16:44.861+0500] {logging_mixin.py:154} INFO - [2023-11-20T21:16:44.860+0500] {dag.py:2941} INFO - Sync 1 DAGs
[2023-11-20T21:16:44.915+0500] {logging_mixin.py:154} INFO - [2023-11-20T21:16:44.914+0500] {dag.py:3722} INFO - Setting next_dagrun for example_params_trigger_ui to None, run_after=None
[2023-11-20T21:16:44.992+0500] {processor.py:179} INFO - Processing /usr/local/lib/python3.10/dist-packages/airflow/example_dags/example_params_trigger_ui.py took 0.706 seconds
[2023-11-20T21:17:17.072+0500] {processor.py:157} INFO - Started process (PID=31370) to work on /usr/local/lib/python3.10/dist-packages/airflow/example_dags/example_params_trigger_ui.py
[2023-11-20T21:17:17.078+0500] {processor.py:829} INFO - Processing file /usr/local/lib/python3.10/dist-packages/airflow/example_dags/example_params_trigger_ui.py for tasks to queue
[2023-11-20T21:17:17.081+0500] {logging_mixin.py:154} INFO - [2023-11-20T21:17:17.080+0500] {dagbag.py:536} INFO - Filling up the DagBag from /usr/local/lib/python3.10/dist-packages/airflow/example_dags/example_params_trigger_ui.py
[2023-11-20T21:17:17.174+0500] {processor.py:839} INFO - DAG(s) dict_keys(['example_params_trigger_ui']) retrieved from /usr/local/lib/python3.10/dist-packages/airflow/example_dags/example_params_trigger_ui.py
[2023-11-20T21:17:17.712+0500] {logging_mixin.py:154} INFO - [2023-11-20T21:17:17.711+0500] {dag.py:2941} INFO - Sync 1 DAGs
[2023-11-20T21:17:17.866+0500] {logging_mixin.py:154} INFO - [2023-11-20T21:17:17.865+0500] {dag.py:3722} INFO - Setting next_dagrun for example_params_trigger_ui to None, run_after=None
[2023-11-20T21:17:17.964+0500] {processor.py:179} INFO - Processing /usr/local/lib/python3.10/dist-packages/airflow/example_dags/example_params_trigger_ui.py took 0.904 seconds
[2023-11-20T21:17:49.928+0500] {processor.py:157} INFO - Started process (PID=31485) to work on /usr/local/lib/python3.10/dist-packages/airflow/example_dags/example_params_trigger_ui.py
[2023-11-20T21:17:49.931+0500] {processor.py:829} INFO - Processing file /usr/local/lib/python3.10/dist-packages/airflow/example_dags/example_params_trigger_ui.py for tasks to queue
[2023-11-20T21:17:49.934+0500] {logging_mixin.py:154} INFO - [2023-11-20T21:17:49.933+0500] {dagbag.py:536} INFO - Filling up the DagBag from /usr/local/lib/python3.10/dist-packages/airflow/example_dags/example_params_trigger_ui.py
[2023-11-20T21:17:50.018+0500] {processor.py:839} INFO - DAG(s) dict_keys(['example_params_trigger_ui']) retrieved from /usr/local/lib/python3.10/dist-packages/airflow/example_dags/example_params_trigger_ui.py
[2023-11-20T21:17:50.478+0500] {logging_mixin.py:154} INFO - [2023-11-20T21:17:50.477+0500] {dag.py:2941} INFO - Sync 1 DAGs
[2023-11-20T21:17:50.534+0500] {logging_mixin.py:154} INFO - [2023-11-20T21:17:50.533+0500] {dag.py:3722} INFO - Setting next_dagrun for example_params_trigger_ui to None, run_after=None
[2023-11-20T21:17:50.610+0500] {processor.py:179} INFO - Processing /usr/local/lib/python3.10/dist-packages/airflow/example_dags/example_params_trigger_ui.py took 0.693 seconds
[2023-11-20T21:18:23.011+0500] {processor.py:157} INFO - Started process (PID=31597) to work on /usr/local/lib/python3.10/dist-packages/airflow/example_dags/example_params_trigger_ui.py
[2023-11-20T21:18:23.014+0500] {processor.py:829} INFO - Processing file /usr/local/lib/python3.10/dist-packages/airflow/example_dags/example_params_trigger_ui.py for tasks to queue
[2023-11-20T21:18:23.017+0500] {logging_mixin.py:154} INFO - [2023-11-20T21:18:23.016+0500] {dagbag.py:536} INFO - Filling up the DagBag from /usr/local/lib/python3.10/dist-packages/airflow/example_dags/example_params_trigger_ui.py
[2023-11-20T21:18:23.104+0500] {processor.py:839} INFO - DAG(s) dict_keys(['example_params_trigger_ui']) retrieved from /usr/local/lib/python3.10/dist-packages/airflow/example_dags/example_params_trigger_ui.py
[2023-11-20T21:18:23.570+0500] {logging_mixin.py:154} INFO - [2023-11-20T21:18:23.569+0500] {dag.py:2941} INFO - Sync 1 DAGs
[2023-11-20T21:18:23.632+0500] {logging_mixin.py:154} INFO - [2023-11-20T21:18:23.631+0500] {dag.py:3722} INFO - Setting next_dagrun for example_params_trigger_ui to None, run_after=None
[2023-11-20T21:18:23.731+0500] {processor.py:179} INFO - Processing /usr/local/lib/python3.10/dist-packages/airflow/example_dags/example_params_trigger_ui.py took 0.731 seconds
[2023-11-20T21:18:56.519+0500] {processor.py:157} INFO - Started process (PID=31706) to work on /usr/local/lib/python3.10/dist-packages/airflow/example_dags/example_params_trigger_ui.py
[2023-11-20T21:18:56.523+0500] {processor.py:829} INFO - Processing file /usr/local/lib/python3.10/dist-packages/airflow/example_dags/example_params_trigger_ui.py for tasks to queue
[2023-11-20T21:18:56.527+0500] {logging_mixin.py:154} INFO - [2023-11-20T21:18:56.525+0500] {dagbag.py:536} INFO - Filling up the DagBag from /usr/local/lib/python3.10/dist-packages/airflow/example_dags/example_params_trigger_ui.py
[2023-11-20T21:18:56.635+0500] {processor.py:839} INFO - DAG(s) dict_keys(['example_params_trigger_ui']) retrieved from /usr/local/lib/python3.10/dist-packages/airflow/example_dags/example_params_trigger_ui.py
[2023-11-20T21:18:57.122+0500] {logging_mixin.py:154} INFO - [2023-11-20T21:18:57.121+0500] {dag.py:2941} INFO - Sync 1 DAGs
[2023-11-20T21:18:57.194+0500] {logging_mixin.py:154} INFO - [2023-11-20T21:18:57.193+0500] {dag.py:3722} INFO - Setting next_dagrun for example_params_trigger_ui to None, run_after=None
[2023-11-20T21:18:57.329+0500] {processor.py:179} INFO - Processing /usr/local/lib/python3.10/dist-packages/airflow/example_dags/example_params_trigger_ui.py took 0.823 seconds
[2023-11-20T21:19:29.359+0500] {processor.py:157} INFO - Started process (PID=31865) to work on /usr/local/lib/python3.10/dist-packages/airflow/example_dags/example_params_trigger_ui.py
[2023-11-20T21:19:29.362+0500] {processor.py:829} INFO - Processing file /usr/local/lib/python3.10/dist-packages/airflow/example_dags/example_params_trigger_ui.py for tasks to queue
[2023-11-20T21:19:29.365+0500] {logging_mixin.py:154} INFO - [2023-11-20T21:19:29.364+0500] {dagbag.py:536} INFO - Filling up the DagBag from /usr/local/lib/python3.10/dist-packages/airflow/example_dags/example_params_trigger_ui.py
[2023-11-20T21:19:29.448+0500] {processor.py:839} INFO - DAG(s) dict_keys(['example_params_trigger_ui']) retrieved from /usr/local/lib/python3.10/dist-packages/airflow/example_dags/example_params_trigger_ui.py
[2023-11-20T21:19:29.897+0500] {logging_mixin.py:154} INFO - [2023-11-20T21:19:29.897+0500] {dag.py:2941} INFO - Sync 1 DAGs
[2023-11-20T21:19:29.952+0500] {logging_mixin.py:154} INFO - [2023-11-20T21:19:29.951+0500] {dag.py:3722} INFO - Setting next_dagrun for example_params_trigger_ui to None, run_after=None
[2023-11-20T21:19:30.028+0500] {processor.py:179} INFO - Processing /usr/local/lib/python3.10/dist-packages/airflow/example_dags/example_params_trigger_ui.py took 0.680 seconds
[2023-11-20T21:20:04.913+0500] {processor.py:157} INFO - Started process (PID=32281) to work on /usr/local/lib/python3.10/dist-packages/airflow/example_dags/example_params_trigger_ui.py
[2023-11-20T21:20:04.916+0500] {processor.py:829} INFO - Processing file /usr/local/lib/python3.10/dist-packages/airflow/example_dags/example_params_trigger_ui.py for tasks to queue
[2023-11-20T21:20:04.919+0500] {logging_mixin.py:154} INFO - [2023-11-20T21:20:04.918+0500] {dagbag.py:536} INFO - Filling up the DagBag from /usr/local/lib/python3.10/dist-packages/airflow/example_dags/example_params_trigger_ui.py
[2023-11-20T21:20:05.011+0500] {processor.py:839} INFO - DAG(s) dict_keys(['example_params_trigger_ui']) retrieved from /usr/local/lib/python3.10/dist-packages/airflow/example_dags/example_params_trigger_ui.py
[2023-11-20T21:20:05.468+0500] {logging_mixin.py:154} INFO - [2023-11-20T21:20:05.467+0500] {dag.py:2941} INFO - Sync 1 DAGs
[2023-11-20T21:20:05.538+0500] {logging_mixin.py:154} INFO - [2023-11-20T21:20:05.538+0500] {dag.py:3722} INFO - Setting next_dagrun for example_params_trigger_ui to None, run_after=None
[2023-11-20T21:20:05.619+0500] {processor.py:179} INFO - Processing /usr/local/lib/python3.10/dist-packages/airflow/example_dags/example_params_trigger_ui.py took 0.719 seconds
[2023-11-20T21:20:37.004+0500] {processor.py:157} INFO - Started process (PID=32640) to work on /usr/local/lib/python3.10/dist-packages/airflow/example_dags/example_params_trigger_ui.py
[2023-11-20T21:20:37.007+0500] {processor.py:829} INFO - Processing file /usr/local/lib/python3.10/dist-packages/airflow/example_dags/example_params_trigger_ui.py for tasks to queue
[2023-11-20T21:20:37.010+0500] {logging_mixin.py:154} INFO - [2023-11-20T21:20:37.009+0500] {dagbag.py:536} INFO - Filling up the DagBag from /usr/local/lib/python3.10/dist-packages/airflow/example_dags/example_params_trigger_ui.py
[2023-11-20T21:20:37.102+0500] {processor.py:839} INFO - DAG(s) dict_keys(['example_params_trigger_ui']) retrieved from /usr/local/lib/python3.10/dist-packages/airflow/example_dags/example_params_trigger_ui.py
[2023-11-20T21:20:37.586+0500] {logging_mixin.py:154} INFO - [2023-11-20T21:20:37.585+0500] {dag.py:2941} INFO - Sync 1 DAGs
[2023-11-20T21:20:37.647+0500] {logging_mixin.py:154} INFO - [2023-11-20T21:20:37.646+0500] {dag.py:3722} INFO - Setting next_dagrun for example_params_trigger_ui to None, run_after=None
[2023-11-20T21:20:37.759+0500] {processor.py:179} INFO - Processing /usr/local/lib/python3.10/dist-packages/airflow/example_dags/example_params_trigger_ui.py took 0.766 seconds
[2023-11-20T21:21:34.089+0500] {processor.py:157} INFO - Started process (PID=32987) to work on /usr/local/lib/python3.10/dist-packages/airflow/example_dags/example_params_trigger_ui.py
[2023-11-20T21:21:34.094+0500] {processor.py:829} INFO - Processing file /usr/local/lib/python3.10/dist-packages/airflow/example_dags/example_params_trigger_ui.py for tasks to queue
[2023-11-20T21:21:34.122+0500] {logging_mixin.py:154} INFO - [2023-11-20T21:21:34.114+0500] {dagbag.py:536} INFO - Filling up the DagBag from /usr/local/lib/python3.10/dist-packages/airflow/example_dags/example_params_trigger_ui.py
[2023-11-20T21:21:34.254+0500] {processor.py:839} INFO - DAG(s) dict_keys(['example_params_trigger_ui']) retrieved from /usr/local/lib/python3.10/dist-packages/airflow/example_dags/example_params_trigger_ui.py
[2023-11-20T21:21:35.310+0500] {logging_mixin.py:154} INFO - [2023-11-20T21:21:35.308+0500] {dag.py:2941} INFO - Sync 1 DAGs
[2023-11-20T21:21:35.433+0500] {logging_mixin.py:154} INFO - [2023-11-20T21:21:35.432+0500] {dag.py:3722} INFO - Setting next_dagrun for example_params_trigger_ui to None, run_after=None
[2023-11-20T21:21:35.646+0500] {processor.py:179} INFO - Processing /usr/local/lib/python3.10/dist-packages/airflow/example_dags/example_params_trigger_ui.py took 1.572 seconds
[2023-11-20T21:22:10.062+0500] {processor.py:157} INFO - Started process (PID=33143) to work on /usr/local/lib/python3.10/dist-packages/airflow/example_dags/example_params_trigger_ui.py
[2023-11-20T21:22:10.065+0500] {processor.py:829} INFO - Processing file /usr/local/lib/python3.10/dist-packages/airflow/example_dags/example_params_trigger_ui.py for tasks to queue
[2023-11-20T21:22:10.069+0500] {logging_mixin.py:154} INFO - [2023-11-20T21:22:10.068+0500] {dagbag.py:536} INFO - Filling up the DagBag from /usr/local/lib/python3.10/dist-packages/airflow/example_dags/example_params_trigger_ui.py
[2023-11-20T21:22:10.222+0500] {processor.py:839} INFO - DAG(s) dict_keys(['example_params_trigger_ui']) retrieved from /usr/local/lib/python3.10/dist-packages/airflow/example_dags/example_params_trigger_ui.py
[2023-11-20T21:22:11.040+0500] {logging_mixin.py:154} INFO - [2023-11-20T21:22:11.029+0500] {dag.py:2941} INFO - Sync 1 DAGs
[2023-11-20T21:22:11.147+0500] {logging_mixin.py:154} INFO - [2023-11-20T21:22:11.146+0500] {dag.py:3722} INFO - Setting next_dagrun for example_params_trigger_ui to None, run_after=None
[2023-11-20T21:22:11.244+0500] {processor.py:179} INFO - Processing /usr/local/lib/python3.10/dist-packages/airflow/example_dags/example_params_trigger_ui.py took 1.195 seconds
[2023-11-20T21:22:42.000+0500] {processor.py:157} INFO - Started process (PID=33245) to work on /usr/local/lib/python3.10/dist-packages/airflow/example_dags/example_params_trigger_ui.py
[2023-11-20T21:22:42.003+0500] {processor.py:829} INFO - Processing file /usr/local/lib/python3.10/dist-packages/airflow/example_dags/example_params_trigger_ui.py for tasks to queue
[2023-11-20T21:22:42.007+0500] {logging_mixin.py:154} INFO - [2023-11-20T21:22:42.006+0500] {dagbag.py:536} INFO - Filling up the DagBag from /usr/local/lib/python3.10/dist-packages/airflow/example_dags/example_params_trigger_ui.py
[2023-11-20T21:22:42.143+0500] {processor.py:839} INFO - DAG(s) dict_keys(['example_params_trigger_ui']) retrieved from /usr/local/lib/python3.10/dist-packages/airflow/example_dags/example_params_trigger_ui.py
[2023-11-20T21:22:43.025+0500] {logging_mixin.py:154} INFO - [2023-11-20T21:22:43.024+0500] {dag.py:2941} INFO - Sync 1 DAGs
[2023-11-20T21:22:43.118+0500] {logging_mixin.py:154} INFO - [2023-11-20T21:22:43.118+0500] {dag.py:3722} INFO - Setting next_dagrun for example_params_trigger_ui to None, run_after=None
[2023-11-20T21:22:43.262+0500] {processor.py:179} INFO - Processing /usr/local/lib/python3.10/dist-packages/airflow/example_dags/example_params_trigger_ui.py took 1.274 seconds
[2023-11-20T21:23:13.771+0500] {processor.py:157} INFO - Started process (PID=33418) to work on /usr/local/lib/python3.10/dist-packages/airflow/example_dags/example_params_trigger_ui.py
[2023-11-20T21:23:13.777+0500] {processor.py:829} INFO - Processing file /usr/local/lib/python3.10/dist-packages/airflow/example_dags/example_params_trigger_ui.py for tasks to queue
[2023-11-20T21:23:13.780+0500] {logging_mixin.py:154} INFO - [2023-11-20T21:23:13.779+0500] {dagbag.py:536} INFO - Filling up the DagBag from /usr/local/lib/python3.10/dist-packages/airflow/example_dags/example_params_trigger_ui.py
[2023-11-20T21:23:13.902+0500] {processor.py:839} INFO - DAG(s) dict_keys(['example_params_trigger_ui']) retrieved from /usr/local/lib/python3.10/dist-packages/airflow/example_dags/example_params_trigger_ui.py
[2023-11-20T21:23:14.477+0500] {logging_mixin.py:154} INFO - [2023-11-20T21:23:14.476+0500] {dag.py:2941} INFO - Sync 1 DAGs
[2023-11-20T21:23:14.537+0500] {logging_mixin.py:154} INFO - [2023-11-20T21:23:14.537+0500] {dag.py:3722} INFO - Setting next_dagrun for example_params_trigger_ui to None, run_after=None
[2023-11-20T21:23:14.623+0500] {processor.py:179} INFO - Processing /usr/local/lib/python3.10/dist-packages/airflow/example_dags/example_params_trigger_ui.py took 0.866 seconds
[2023-11-20T21:23:45.121+0500] {processor.py:157} INFO - Started process (PID=33529) to work on /usr/local/lib/python3.10/dist-packages/airflow/example_dags/example_params_trigger_ui.py
[2023-11-20T21:23:45.124+0500] {processor.py:829} INFO - Processing file /usr/local/lib/python3.10/dist-packages/airflow/example_dags/example_params_trigger_ui.py for tasks to queue
[2023-11-20T21:23:45.128+0500] {logging_mixin.py:154} INFO - [2023-11-20T21:23:45.126+0500] {dagbag.py:536} INFO - Filling up the DagBag from /usr/local/lib/python3.10/dist-packages/airflow/example_dags/example_params_trigger_ui.py
[2023-11-20T21:23:45.214+0500] {processor.py:839} INFO - DAG(s) dict_keys(['example_params_trigger_ui']) retrieved from /usr/local/lib/python3.10/dist-packages/airflow/example_dags/example_params_trigger_ui.py
[2023-11-20T21:23:45.649+0500] {logging_mixin.py:154} INFO - [2023-11-20T21:23:45.648+0500] {dag.py:2941} INFO - Sync 1 DAGs
[2023-11-20T21:23:45.703+0500] {logging_mixin.py:154} INFO - [2023-11-20T21:23:45.702+0500] {dag.py:3722} INFO - Setting next_dagrun for example_params_trigger_ui to None, run_after=None
[2023-11-20T21:23:45.781+0500] {processor.py:179} INFO - Processing /usr/local/lib/python3.10/dist-packages/airflow/example_dags/example_params_trigger_ui.py took 0.671 seconds
[2023-11-20T21:24:31.175+0500] {processor.py:157} INFO - Started process (PID=33671) to work on /usr/local/lib/python3.10/dist-packages/airflow/example_dags/example_params_trigger_ui.py
[2023-11-20T21:24:31.183+0500] {processor.py:829} INFO - Processing file /usr/local/lib/python3.10/dist-packages/airflow/example_dags/example_params_trigger_ui.py for tasks to queue
[2023-11-20T21:24:31.188+0500] {logging_mixin.py:154} INFO - [2023-11-20T21:24:31.187+0500] {dagbag.py:536} INFO - Filling up the DagBag from /usr/local/lib/python3.10/dist-packages/airflow/example_dags/example_params_trigger_ui.py
[2023-11-20T21:24:31.325+0500] {processor.py:839} INFO - DAG(s) dict_keys(['example_params_trigger_ui']) retrieved from /usr/local/lib/python3.10/dist-packages/airflow/example_dags/example_params_trigger_ui.py
[2023-11-20T21:24:32.276+0500] {logging_mixin.py:154} INFO - [2023-11-20T21:24:32.275+0500] {dag.py:2941} INFO - Sync 1 DAGs
[2023-11-20T21:24:32.553+0500] {logging_mixin.py:154} INFO - [2023-11-20T21:24:32.552+0500] {dag.py:3722} INFO - Setting next_dagrun for example_params_trigger_ui to None, run_after=None
[2023-11-20T21:24:32.761+0500] {processor.py:179} INFO - Processing /usr/local/lib/python3.10/dist-packages/airflow/example_dags/example_params_trigger_ui.py took 1.600 seconds
[2023-11-20T21:25:15.231+0500] {processor.py:157} INFO - Started process (PID=33790) to work on /usr/local/lib/python3.10/dist-packages/airflow/example_dags/example_params_trigger_ui.py
[2023-11-20T21:25:15.237+0500] {processor.py:829} INFO - Processing file /usr/local/lib/python3.10/dist-packages/airflow/example_dags/example_params_trigger_ui.py for tasks to queue
[2023-11-20T21:25:15.244+0500] {logging_mixin.py:154} INFO - [2023-11-20T21:25:15.239+0500] {dagbag.py:536} INFO - Filling up the DagBag from /usr/local/lib/python3.10/dist-packages/airflow/example_dags/example_params_trigger_ui.py
[2023-11-20T21:25:15.468+0500] {processor.py:839} INFO - DAG(s) dict_keys(['example_params_trigger_ui']) retrieved from /usr/local/lib/python3.10/dist-packages/airflow/example_dags/example_params_trigger_ui.py
[2023-11-20T21:25:16.343+0500] {logging_mixin.py:154} INFO - [2023-11-20T21:25:16.343+0500] {dag.py:2941} INFO - Sync 1 DAGs
[2023-11-20T21:25:16.525+0500] {logging_mixin.py:154} INFO - [2023-11-20T21:25:16.520+0500] {dag.py:3722} INFO - Setting next_dagrun for example_params_trigger_ui to None, run_after=None
[2023-11-20T21:25:16.766+0500] {processor.py:179} INFO - Processing /usr/local/lib/python3.10/dist-packages/airflow/example_dags/example_params_trigger_ui.py took 1.578 seconds
[2023-11-20T21:26:00.143+0500] {processor.py:157} INFO - Started process (PID=33952) to work on /usr/local/lib/python3.10/dist-packages/airflow/example_dags/example_params_trigger_ui.py
[2023-11-20T21:26:00.146+0500] {processor.py:829} INFO - Processing file /usr/local/lib/python3.10/dist-packages/airflow/example_dags/example_params_trigger_ui.py for tasks to queue
[2023-11-20T21:26:00.149+0500] {logging_mixin.py:154} INFO - [2023-11-20T21:26:00.148+0500] {dagbag.py:536} INFO - Filling up the DagBag from /usr/local/lib/python3.10/dist-packages/airflow/example_dags/example_params_trigger_ui.py
[2023-11-20T21:26:00.391+0500] {processor.py:839} INFO - DAG(s) dict_keys(['example_params_trigger_ui']) retrieved from /usr/local/lib/python3.10/dist-packages/airflow/example_dags/example_params_trigger_ui.py
[2023-11-20T21:26:01.087+0500] {logging_mixin.py:154} INFO - [2023-11-20T21:26:01.086+0500] {dag.py:2941} INFO - Sync 1 DAGs
[2023-11-20T21:26:01.149+0500] {logging_mixin.py:154} INFO - [2023-11-20T21:26:01.147+0500] {dag.py:3722} INFO - Setting next_dagrun for example_params_trigger_ui to None, run_after=None
[2023-11-20T21:26:01.428+0500] {processor.py:179} INFO - Processing /usr/local/lib/python3.10/dist-packages/airflow/example_dags/example_params_trigger_ui.py took 1.312 seconds
[2023-11-20T21:26:43.348+0500] {processor.py:157} INFO - Started process (PID=34054) to work on /usr/local/lib/python3.10/dist-packages/airflow/example_dags/example_params_trigger_ui.py
[2023-11-20T21:26:43.354+0500] {processor.py:829} INFO - Processing file /usr/local/lib/python3.10/dist-packages/airflow/example_dags/example_params_trigger_ui.py for tasks to queue
[2023-11-20T21:26:43.363+0500] {logging_mixin.py:154} INFO - [2023-11-20T21:26:43.360+0500] {dagbag.py:536} INFO - Filling up the DagBag from /usr/local/lib/python3.10/dist-packages/airflow/example_dags/example_params_trigger_ui.py
[2023-11-20T21:26:43.745+0500] {processor.py:839} INFO - DAG(s) dict_keys(['example_params_trigger_ui']) retrieved from /usr/local/lib/python3.10/dist-packages/airflow/example_dags/example_params_trigger_ui.py
[2023-11-20T21:26:44.759+0500] {logging_mixin.py:154} INFO - [2023-11-20T21:26:44.758+0500] {dag.py:2941} INFO - Sync 1 DAGs
[2023-11-20T21:26:44.853+0500] {logging_mixin.py:154} INFO - [2023-11-20T21:26:44.852+0500] {dag.py:3722} INFO - Setting next_dagrun for example_params_trigger_ui to None, run_after=None
[2023-11-20T21:26:45.017+0500] {processor.py:179} INFO - Processing /usr/local/lib/python3.10/dist-packages/airflow/example_dags/example_params_trigger_ui.py took 1.682 seconds
[2023-11-20T21:28:32.359+0500] {processor.py:157} INFO - Started process (PID=34302) to work on /usr/local/lib/python3.10/dist-packages/airflow/example_dags/example_params_trigger_ui.py
[2023-11-20T21:28:32.363+0500] {processor.py:829} INFO - Processing file /usr/local/lib/python3.10/dist-packages/airflow/example_dags/example_params_trigger_ui.py for tasks to queue
[2023-11-20T21:28:32.366+0500] {logging_mixin.py:154} INFO - [2023-11-20T21:28:32.365+0500] {dagbag.py:536} INFO - Filling up the DagBag from /usr/local/lib/python3.10/dist-packages/airflow/example_dags/example_params_trigger_ui.py
[2023-11-20T21:28:32.458+0500] {processor.py:839} INFO - DAG(s) dict_keys(['example_params_trigger_ui']) retrieved from /usr/local/lib/python3.10/dist-packages/airflow/example_dags/example_params_trigger_ui.py
[2023-11-20T21:28:32.987+0500] {logging_mixin.py:154} INFO - [2023-11-20T21:28:32.986+0500] {dag.py:2941} INFO - Sync 1 DAGs
[2023-11-20T21:28:33.059+0500] {logging_mixin.py:154} INFO - [2023-11-20T21:28:33.058+0500] {dag.py:3722} INFO - Setting next_dagrun for example_params_trigger_ui to None, run_after=None
[2023-11-20T21:28:33.182+0500] {processor.py:179} INFO - Processing /usr/local/lib/python3.10/dist-packages/airflow/example_dags/example_params_trigger_ui.py took 0.836 seconds
[2023-11-20T21:30:39.770+0500] {processor.py:157} INFO - Started process (PID=34519) to work on /usr/local/lib/python3.10/dist-packages/airflow/example_dags/example_params_trigger_ui.py
[2023-11-20T21:30:39.773+0500] {processor.py:829} INFO - Processing file /usr/local/lib/python3.10/dist-packages/airflow/example_dags/example_params_trigger_ui.py for tasks to queue
[2023-11-20T21:30:39.776+0500] {logging_mixin.py:154} INFO - [2023-11-20T21:30:39.775+0500] {dagbag.py:536} INFO - Filling up the DagBag from /usr/local/lib/python3.10/dist-packages/airflow/example_dags/example_params_trigger_ui.py
[2023-11-20T21:30:39.866+0500] {processor.py:839} INFO - DAG(s) dict_keys(['example_params_trigger_ui']) retrieved from /usr/local/lib/python3.10/dist-packages/airflow/example_dags/example_params_trigger_ui.py
[2023-11-20T21:30:40.296+0500] {logging_mixin.py:154} INFO - [2023-11-20T21:30:40.295+0500] {dag.py:2941} INFO - Sync 1 DAGs
[2023-11-20T21:30:40.352+0500] {logging_mixin.py:154} INFO - [2023-11-20T21:30:40.351+0500] {dag.py:3722} INFO - Setting next_dagrun for example_params_trigger_ui to None, run_after=None
[2023-11-20T21:30:40.478+0500] {processor.py:179} INFO - Processing /usr/local/lib/python3.10/dist-packages/airflow/example_dags/example_params_trigger_ui.py took 0.721 seconds
