[2023-11-20T21:06:01.009+0500] {processor.py:157} INFO - Started process (PID=27210) to work on /usr/local/lib/python3.10/dist-packages/airflow/example_dags/example_kubernetes_executor.py
[2023-11-20T21:06:01.012+0500] {processor.py:829} INFO - Processing file /usr/local/lib/python3.10/dist-packages/airflow/example_dags/example_kubernetes_executor.py for tasks to queue
[2023-11-20T21:06:01.015+0500] {logging_mixin.py:154} INFO - [2023-11-20T21:06:01.014+0500] {dagbag.py:536} INFO - Filling up the DagBag from /usr/local/lib/python3.10/dist-packages/airflow/example_dags/example_kubernetes_executor.py
[2023-11-20T21:06:01.970+0500] {processor.py:839} INFO - DAG(s) dict_keys(['example_kubernetes_executor']) retrieved from /usr/local/lib/python3.10/dist-packages/airflow/example_dags/example_kubernetes_executor.py
[2023-11-20T21:06:02.067+0500] {logging_mixin.py:154} WARNING - /usr/local/lib/python3.10/dist-packages/airflow/serialization/serialized_objects.py:1534 DeprecationWarning: This module is deprecated. The `cncf.kubernetes` provider before version 7.4.0 uses this module - you should migrate to a newer version of `cncf.kubernetes` to get rid of this warning. If you import the module via `airflow.kubernetes` import, please use `cncf.kubernetes' provider 7.4.0+ and switch all your imports to use `apache.airflow.providers.cncf.kubernetes` to get rid of the warning.
[2023-11-20T21:06:02.481+0500] {logging_mixin.py:154} INFO - [2023-11-20T21:06:02.480+0500] {manager.py:499} INFO - Created Permission View: %s
[2023-11-20T21:06:02.796+0500] {logging_mixin.py:154} INFO - [2023-11-20T21:06:02.795+0500] {manager.py:499} INFO - Created Permission View: %s
[2023-11-20T21:06:02.824+0500] {logging_mixin.py:154} INFO - [2023-11-20T21:06:02.824+0500] {manager.py:499} INFO - Created Permission View: %s
[2023-11-20T21:06:02.826+0500] {logging_mixin.py:154} INFO - [2023-11-20T21:06:02.825+0500] {dag.py:2941} INFO - Sync 1 DAGs
[2023-11-20T21:06:02.873+0500] {logging_mixin.py:154} INFO - [2023-11-20T21:06:02.873+0500] {dag.py:2963} INFO - Creating ORM DAG for example_kubernetes_executor
[2023-11-20T21:06:02.876+0500] {logging_mixin.py:154} INFO - [2023-11-20T21:06:02.875+0500] {dag.py:3722} INFO - Setting next_dagrun for example_kubernetes_executor to None, run_after=None
[2023-11-20T21:06:02.949+0500] {processor.py:179} INFO - Processing /usr/local/lib/python3.10/dist-packages/airflow/example_dags/example_kubernetes_executor.py took 1.952 seconds
[2023-11-20T21:06:33.453+0500] {processor.py:157} INFO - Started process (PID=27506) to work on /usr/local/lib/python3.10/dist-packages/airflow/example_dags/example_kubernetes_executor.py
[2023-11-20T21:06:33.467+0500] {processor.py:829} INFO - Processing file /usr/local/lib/python3.10/dist-packages/airflow/example_dags/example_kubernetes_executor.py for tasks to queue
[2023-11-20T21:06:33.470+0500] {logging_mixin.py:154} INFO - [2023-11-20T21:06:33.469+0500] {dagbag.py:536} INFO - Filling up the DagBag from /usr/local/lib/python3.10/dist-packages/airflow/example_dags/example_kubernetes_executor.py
[2023-11-20T21:06:35.370+0500] {processor.py:839} INFO - DAG(s) dict_keys(['example_kubernetes_executor']) retrieved from /usr/local/lib/python3.10/dist-packages/airflow/example_dags/example_kubernetes_executor.py
[2023-11-20T21:06:35.479+0500] {logging_mixin.py:154} WARNING - /usr/local/lib/python3.10/dist-packages/airflow/serialization/serialized_objects.py:1534 DeprecationWarning: This module is deprecated. The `cncf.kubernetes` provider before version 7.4.0 uses this module - you should migrate to a newer version of `cncf.kubernetes` to get rid of this warning. If you import the module via `airflow.kubernetes` import, please use `cncf.kubernetes' provider 7.4.0+ and switch all your imports to use `apache.airflow.providers.cncf.kubernetes` to get rid of the warning.
[2023-11-20T21:06:35.585+0500] {logging_mixin.py:154} INFO - [2023-11-20T21:06:35.584+0500] {dag.py:2941} INFO - Sync 1 DAGs
[2023-11-20T21:06:35.652+0500] {logging_mixin.py:154} INFO - [2023-11-20T21:06:35.651+0500] {dag.py:3722} INFO - Setting next_dagrun for example_kubernetes_executor to None, run_after=None
[2023-11-20T21:06:35.754+0500] {processor.py:179} INFO - Processing /usr/local/lib/python3.10/dist-packages/airflow/example_dags/example_kubernetes_executor.py took 2.313 seconds
[2023-11-20T21:07:06.427+0500] {processor.py:157} INFO - Started process (PID=27837) to work on /usr/local/lib/python3.10/dist-packages/airflow/example_dags/example_kubernetes_executor.py
[2023-11-20T21:07:06.431+0500] {processor.py:829} INFO - Processing file /usr/local/lib/python3.10/dist-packages/airflow/example_dags/example_kubernetes_executor.py for tasks to queue
[2023-11-20T21:07:06.434+0500] {logging_mixin.py:154} INFO - [2023-11-20T21:07:06.433+0500] {dagbag.py:536} INFO - Filling up the DagBag from /usr/local/lib/python3.10/dist-packages/airflow/example_dags/example_kubernetes_executor.py
[2023-11-20T21:07:09.485+0500] {processor.py:839} INFO - DAG(s) dict_keys(['example_kubernetes_executor']) retrieved from /usr/local/lib/python3.10/dist-packages/airflow/example_dags/example_kubernetes_executor.py
[2023-11-20T21:07:09.666+0500] {logging_mixin.py:154} WARNING - /usr/local/lib/python3.10/dist-packages/airflow/serialization/serialized_objects.py:1534 DeprecationWarning: This module is deprecated. The `cncf.kubernetes` provider before version 7.4.0 uses this module - you should migrate to a newer version of `cncf.kubernetes` to get rid of this warning. If you import the module via `airflow.kubernetes` import, please use `cncf.kubernetes' provider 7.4.0+ and switch all your imports to use `apache.airflow.providers.cncf.kubernetes` to get rid of the warning.
[2023-11-20T21:07:09.769+0500] {logging_mixin.py:154} INFO - [2023-11-20T21:07:09.768+0500] {dag.py:2941} INFO - Sync 1 DAGs
[2023-11-20T21:07:09.854+0500] {logging_mixin.py:154} INFO - [2023-11-20T21:07:09.853+0500] {dag.py:3722} INFO - Setting next_dagrun for example_kubernetes_executor to None, run_after=None
[2023-11-20T21:07:10.044+0500] {processor.py:179} INFO - Processing /usr/local/lib/python3.10/dist-packages/airflow/example_dags/example_kubernetes_executor.py took 3.697 seconds
[2023-11-20T21:07:40.736+0500] {processor.py:157} INFO - Started process (PID=28087) to work on /usr/local/lib/python3.10/dist-packages/airflow/example_dags/example_kubernetes_executor.py
[2023-11-20T21:07:40.742+0500] {processor.py:829} INFO - Processing file /usr/local/lib/python3.10/dist-packages/airflow/example_dags/example_kubernetes_executor.py for tasks to queue
[2023-11-20T21:07:40.746+0500] {logging_mixin.py:154} INFO - [2023-11-20T21:07:40.745+0500] {dagbag.py:536} INFO - Filling up the DagBag from /usr/local/lib/python3.10/dist-packages/airflow/example_dags/example_kubernetes_executor.py
[2023-11-20T21:07:42.189+0500] {processor.py:839} INFO - DAG(s) dict_keys(['example_kubernetes_executor']) retrieved from /usr/local/lib/python3.10/dist-packages/airflow/example_dags/example_kubernetes_executor.py
[2023-11-20T21:07:42.292+0500] {logging_mixin.py:154} WARNING - /usr/local/lib/python3.10/dist-packages/airflow/serialization/serialized_objects.py:1534 DeprecationWarning: This module is deprecated. The `cncf.kubernetes` provider before version 7.4.0 uses this module - you should migrate to a newer version of `cncf.kubernetes` to get rid of this warning. If you import the module via `airflow.kubernetes` import, please use `cncf.kubernetes' provider 7.4.0+ and switch all your imports to use `apache.airflow.providers.cncf.kubernetes` to get rid of the warning.
[2023-11-20T21:07:42.356+0500] {logging_mixin.py:154} INFO - [2023-11-20T21:07:42.355+0500] {dag.py:2941} INFO - Sync 1 DAGs
[2023-11-20T21:07:42.426+0500] {logging_mixin.py:154} INFO - [2023-11-20T21:07:42.426+0500] {dag.py:3722} INFO - Setting next_dagrun for example_kubernetes_executor to None, run_after=None
[2023-11-20T21:07:42.560+0500] {processor.py:179} INFO - Processing /usr/local/lib/python3.10/dist-packages/airflow/example_dags/example_kubernetes_executor.py took 1.837 seconds
[2023-11-20T21:08:12.951+0500] {processor.py:157} INFO - Started process (PID=28288) to work on /usr/local/lib/python3.10/dist-packages/airflow/example_dags/example_kubernetes_executor.py
[2023-11-20T21:08:12.963+0500] {processor.py:829} INFO - Processing file /usr/local/lib/python3.10/dist-packages/airflow/example_dags/example_kubernetes_executor.py for tasks to queue
[2023-11-20T21:08:12.972+0500] {logging_mixin.py:154} INFO - [2023-11-20T21:08:12.968+0500] {dagbag.py:536} INFO - Filling up the DagBag from /usr/local/lib/python3.10/dist-packages/airflow/example_dags/example_kubernetes_executor.py
[2023-11-20T21:08:15.279+0500] {processor.py:839} INFO - DAG(s) dict_keys(['example_kubernetes_executor']) retrieved from /usr/local/lib/python3.10/dist-packages/airflow/example_dags/example_kubernetes_executor.py
[2023-11-20T21:08:15.430+0500] {logging_mixin.py:154} WARNING - /usr/local/lib/python3.10/dist-packages/airflow/serialization/serialized_objects.py:1534 DeprecationWarning: This module is deprecated. The `cncf.kubernetes` provider before version 7.4.0 uses this module - you should migrate to a newer version of `cncf.kubernetes` to get rid of this warning. If you import the module via `airflow.kubernetes` import, please use `cncf.kubernetes' provider 7.4.0+ and switch all your imports to use `apache.airflow.providers.cncf.kubernetes` to get rid of the warning.
[2023-11-20T21:08:15.490+0500] {logging_mixin.py:154} INFO - [2023-11-20T21:08:15.490+0500] {dag.py:2941} INFO - Sync 1 DAGs
[2023-11-20T21:08:15.545+0500] {logging_mixin.py:154} INFO - [2023-11-20T21:08:15.544+0500] {dag.py:3722} INFO - Setting next_dagrun for example_kubernetes_executor to None, run_after=None
[2023-11-20T21:08:15.621+0500] {processor.py:179} INFO - Processing /usr/local/lib/python3.10/dist-packages/airflow/example_dags/example_kubernetes_executor.py took 2.693 seconds
[2023-11-20T21:08:45.936+0500] {processor.py:157} INFO - Started process (PID=28511) to work on /usr/local/lib/python3.10/dist-packages/airflow/example_dags/example_kubernetes_executor.py
[2023-11-20T21:08:45.941+0500] {processor.py:829} INFO - Processing file /usr/local/lib/python3.10/dist-packages/airflow/example_dags/example_kubernetes_executor.py for tasks to queue
[2023-11-20T21:08:45.944+0500] {logging_mixin.py:154} INFO - [2023-11-20T21:08:45.943+0500] {dagbag.py:536} INFO - Filling up the DagBag from /usr/local/lib/python3.10/dist-packages/airflow/example_dags/example_kubernetes_executor.py
[2023-11-20T21:08:47.480+0500] {processor.py:839} INFO - DAG(s) dict_keys(['example_kubernetes_executor']) retrieved from /usr/local/lib/python3.10/dist-packages/airflow/example_dags/example_kubernetes_executor.py
[2023-11-20T21:08:47.602+0500] {logging_mixin.py:154} WARNING - /usr/local/lib/python3.10/dist-packages/airflow/serialization/serialized_objects.py:1534 DeprecationWarning: This module is deprecated. The `cncf.kubernetes` provider before version 7.4.0 uses this module - you should migrate to a newer version of `cncf.kubernetes` to get rid of this warning. If you import the module via `airflow.kubernetes` import, please use `cncf.kubernetes' provider 7.4.0+ and switch all your imports to use `apache.airflow.providers.cncf.kubernetes` to get rid of the warning.
[2023-11-20T21:08:47.667+0500] {logging_mixin.py:154} INFO - [2023-11-20T21:08:47.666+0500] {dag.py:2941} INFO - Sync 1 DAGs
[2023-11-20T21:08:48.069+0500] {logging_mixin.py:154} INFO - [2023-11-20T21:08:48.068+0500] {dag.py:3722} INFO - Setting next_dagrun for example_kubernetes_executor to None, run_after=None
[2023-11-20T21:08:48.173+0500] {processor.py:179} INFO - Processing /usr/local/lib/python3.10/dist-packages/airflow/example_dags/example_kubernetes_executor.py took 2.248 seconds
[2023-11-20T21:09:18.500+0500] {processor.py:157} INFO - Started process (PID=28714) to work on /usr/local/lib/python3.10/dist-packages/airflow/example_dags/example_kubernetes_executor.py
[2023-11-20T21:09:18.503+0500] {processor.py:829} INFO - Processing file /usr/local/lib/python3.10/dist-packages/airflow/example_dags/example_kubernetes_executor.py for tasks to queue
[2023-11-20T21:09:18.506+0500] {logging_mixin.py:154} INFO - [2023-11-20T21:09:18.505+0500] {dagbag.py:536} INFO - Filling up the DagBag from /usr/local/lib/python3.10/dist-packages/airflow/example_dags/example_kubernetes_executor.py
[2023-11-20T21:09:20.202+0500] {processor.py:839} INFO - DAG(s) dict_keys(['example_kubernetes_executor']) retrieved from /usr/local/lib/python3.10/dist-packages/airflow/example_dags/example_kubernetes_executor.py
[2023-11-20T21:09:20.309+0500] {logging_mixin.py:154} WARNING - /usr/local/lib/python3.10/dist-packages/airflow/serialization/serialized_objects.py:1534 DeprecationWarning: This module is deprecated. The `cncf.kubernetes` provider before version 7.4.0 uses this module - you should migrate to a newer version of `cncf.kubernetes` to get rid of this warning. If you import the module via `airflow.kubernetes` import, please use `cncf.kubernetes' provider 7.4.0+ and switch all your imports to use `apache.airflow.providers.cncf.kubernetes` to get rid of the warning.
[2023-11-20T21:09:20.364+0500] {logging_mixin.py:154} INFO - [2023-11-20T21:09:20.363+0500] {dag.py:2941} INFO - Sync 1 DAGs
[2023-11-20T21:09:20.421+0500] {logging_mixin.py:154} INFO - [2023-11-20T21:09:20.420+0500] {dag.py:3722} INFO - Setting next_dagrun for example_kubernetes_executor to None, run_after=None
[2023-11-20T21:09:20.501+0500] {processor.py:179} INFO - Processing /usr/local/lib/python3.10/dist-packages/airflow/example_dags/example_kubernetes_executor.py took 2.013 seconds
[2023-11-20T21:09:50.643+0500] {processor.py:157} INFO - Started process (PID=28994) to work on /usr/local/lib/python3.10/dist-packages/airflow/example_dags/example_kubernetes_executor.py
[2023-11-20T21:09:50.645+0500] {processor.py:829} INFO - Processing file /usr/local/lib/python3.10/dist-packages/airflow/example_dags/example_kubernetes_executor.py for tasks to queue
[2023-11-20T21:09:50.651+0500] {logging_mixin.py:154} INFO - [2023-11-20T21:09:50.649+0500] {dagbag.py:536} INFO - Filling up the DagBag from /usr/local/lib/python3.10/dist-packages/airflow/example_dags/example_kubernetes_executor.py
[2023-11-20T21:09:52.239+0500] {processor.py:839} INFO - DAG(s) dict_keys(['example_kubernetes_executor']) retrieved from /usr/local/lib/python3.10/dist-packages/airflow/example_dags/example_kubernetes_executor.py
[2023-11-20T21:09:52.980+0500] {logging_mixin.py:154} WARNING - /usr/local/lib/python3.10/dist-packages/airflow/serialization/serialized_objects.py:1534 DeprecationWarning: This module is deprecated. The `cncf.kubernetes` provider before version 7.4.0 uses this module - you should migrate to a newer version of `cncf.kubernetes` to get rid of this warning. If you import the module via `airflow.kubernetes` import, please use `cncf.kubernetes' provider 7.4.0+ and switch all your imports to use `apache.airflow.providers.cncf.kubernetes` to get rid of the warning.
[2023-11-20T21:09:53.035+0500] {logging_mixin.py:154} INFO - [2023-11-20T21:09:53.034+0500] {dag.py:2941} INFO - Sync 1 DAGs
[2023-11-20T21:09:53.103+0500] {logging_mixin.py:154} INFO - [2023-11-20T21:09:53.102+0500] {dag.py:3722} INFO - Setting next_dagrun for example_kubernetes_executor to None, run_after=None
[2023-11-20T21:09:53.200+0500] {processor.py:179} INFO - Processing /usr/local/lib/python3.10/dist-packages/airflow/example_dags/example_kubernetes_executor.py took 2.574 seconds
[2023-11-20T21:10:23.421+0500] {processor.py:157} INFO - Started process (PID=29274) to work on /usr/local/lib/python3.10/dist-packages/airflow/example_dags/example_kubernetes_executor.py
[2023-11-20T21:10:23.424+0500] {processor.py:829} INFO - Processing file /usr/local/lib/python3.10/dist-packages/airflow/example_dags/example_kubernetes_executor.py for tasks to queue
[2023-11-20T21:10:23.427+0500] {logging_mixin.py:154} INFO - [2023-11-20T21:10:23.426+0500] {dagbag.py:536} INFO - Filling up the DagBag from /usr/local/lib/python3.10/dist-packages/airflow/example_dags/example_kubernetes_executor.py
[2023-11-20T21:10:24.801+0500] {processor.py:839} INFO - DAG(s) dict_keys(['example_kubernetes_executor']) retrieved from /usr/local/lib/python3.10/dist-packages/airflow/example_dags/example_kubernetes_executor.py
[2023-11-20T21:10:24.941+0500] {logging_mixin.py:154} WARNING - /usr/local/lib/python3.10/dist-packages/airflow/serialization/serialized_objects.py:1534 DeprecationWarning: This module is deprecated. The `cncf.kubernetes` provider before version 7.4.0 uses this module - you should migrate to a newer version of `cncf.kubernetes` to get rid of this warning. If you import the module via `airflow.kubernetes` import, please use `cncf.kubernetes' provider 7.4.0+ and switch all your imports to use `apache.airflow.providers.cncf.kubernetes` to get rid of the warning.
[2023-11-20T21:10:25.013+0500] {logging_mixin.py:154} INFO - [2023-11-20T21:10:25.012+0500] {dag.py:2941} INFO - Sync 1 DAGs
[2023-11-20T21:10:25.464+0500] {logging_mixin.py:154} INFO - [2023-11-20T21:10:25.463+0500] {dag.py:3722} INFO - Setting next_dagrun for example_kubernetes_executor to None, run_after=None
[2023-11-20T21:10:25.701+0500] {processor.py:179} INFO - Processing /usr/local/lib/python3.10/dist-packages/airflow/example_dags/example_kubernetes_executor.py took 2.289 seconds
[2023-11-20T21:10:57.603+0500] {processor.py:157} INFO - Started process (PID=29448) to work on /usr/local/lib/python3.10/dist-packages/airflow/example_dags/example_kubernetes_executor.py
[2023-11-20T21:10:57.606+0500] {processor.py:829} INFO - Processing file /usr/local/lib/python3.10/dist-packages/airflow/example_dags/example_kubernetes_executor.py for tasks to queue
[2023-11-20T21:10:57.609+0500] {logging_mixin.py:154} INFO - [2023-11-20T21:10:57.608+0500] {dagbag.py:536} INFO - Filling up the DagBag from /usr/local/lib/python3.10/dist-packages/airflow/example_dags/example_kubernetes_executor.py
[2023-11-20T21:10:58.660+0500] {processor.py:839} INFO - DAG(s) dict_keys(['example_kubernetes_executor']) retrieved from /usr/local/lib/python3.10/dist-packages/airflow/example_dags/example_kubernetes_executor.py
[2023-11-20T21:10:58.759+0500] {logging_mixin.py:154} WARNING - /usr/local/lib/python3.10/dist-packages/airflow/serialization/serialized_objects.py:1534 DeprecationWarning: This module is deprecated. The `cncf.kubernetes` provider before version 7.4.0 uses this module - you should migrate to a newer version of `cncf.kubernetes` to get rid of this warning. If you import the module via `airflow.kubernetes` import, please use `cncf.kubernetes' provider 7.4.0+ and switch all your imports to use `apache.airflow.providers.cncf.kubernetes` to get rid of the warning.
[2023-11-20T21:10:58.823+0500] {logging_mixin.py:154} INFO - [2023-11-20T21:10:58.822+0500] {dag.py:2941} INFO - Sync 1 DAGs
[2023-11-20T21:10:58.882+0500] {logging_mixin.py:154} INFO - [2023-11-20T21:10:58.882+0500] {dag.py:3722} INFO - Setting next_dagrun for example_kubernetes_executor to None, run_after=None
[2023-11-20T21:10:58.963+0500] {processor.py:179} INFO - Processing /usr/local/lib/python3.10/dist-packages/airflow/example_dags/example_kubernetes_executor.py took 1.372 seconds
[2023-11-20T21:11:30.997+0500] {processor.py:157} INFO - Started process (PID=29564) to work on /usr/local/lib/python3.10/dist-packages/airflow/example_dags/example_kubernetes_executor.py
[2023-11-20T21:11:31.001+0500] {processor.py:829} INFO - Processing file /usr/local/lib/python3.10/dist-packages/airflow/example_dags/example_kubernetes_executor.py for tasks to queue
[2023-11-20T21:11:31.005+0500] {logging_mixin.py:154} INFO - [2023-11-20T21:11:31.003+0500] {dagbag.py:536} INFO - Filling up the DagBag from /usr/local/lib/python3.10/dist-packages/airflow/example_dags/example_kubernetes_executor.py
[2023-11-20T21:11:32.337+0500] {processor.py:839} INFO - DAG(s) dict_keys(['example_kubernetes_executor']) retrieved from /usr/local/lib/python3.10/dist-packages/airflow/example_dags/example_kubernetes_executor.py
[2023-11-20T21:11:32.997+0500] {logging_mixin.py:154} WARNING - /usr/local/lib/python3.10/dist-packages/airflow/serialization/serialized_objects.py:1534 DeprecationWarning: This module is deprecated. The `cncf.kubernetes` provider before version 7.4.0 uses this module - you should migrate to a newer version of `cncf.kubernetes` to get rid of this warning. If you import the module via `airflow.kubernetes` import, please use `cncf.kubernetes' provider 7.4.0+ and switch all your imports to use `apache.airflow.providers.cncf.kubernetes` to get rid of the warning.
[2023-11-20T21:11:33.060+0500] {logging_mixin.py:154} INFO - [2023-11-20T21:11:33.059+0500] {dag.py:2941} INFO - Sync 1 DAGs
[2023-11-20T21:11:33.122+0500] {logging_mixin.py:154} INFO - [2023-11-20T21:11:33.122+0500] {dag.py:3722} INFO - Setting next_dagrun for example_kubernetes_executor to None, run_after=None
[2023-11-20T21:11:33.213+0500] {processor.py:179} INFO - Processing /usr/local/lib/python3.10/dist-packages/airflow/example_dags/example_kubernetes_executor.py took 2.229 seconds
[2023-11-20T21:12:03.625+0500] {processor.py:157} INFO - Started process (PID=29805) to work on /usr/local/lib/python3.10/dist-packages/airflow/example_dags/example_kubernetes_executor.py
[2023-11-20T21:12:03.631+0500] {processor.py:829} INFO - Processing file /usr/local/lib/python3.10/dist-packages/airflow/example_dags/example_kubernetes_executor.py for tasks to queue
[2023-11-20T21:12:03.635+0500] {logging_mixin.py:154} INFO - [2023-11-20T21:12:03.634+0500] {dagbag.py:536} INFO - Filling up the DagBag from /usr/local/lib/python3.10/dist-packages/airflow/example_dags/example_kubernetes_executor.py
[2023-11-20T21:12:05.161+0500] {processor.py:839} INFO - DAG(s) dict_keys(['example_kubernetes_executor']) retrieved from /usr/local/lib/python3.10/dist-packages/airflow/example_dags/example_kubernetes_executor.py
[2023-11-20T21:12:05.275+0500] {logging_mixin.py:154} WARNING - /usr/local/lib/python3.10/dist-packages/airflow/serialization/serialized_objects.py:1534 DeprecationWarning: This module is deprecated. The `cncf.kubernetes` provider before version 7.4.0 uses this module - you should migrate to a newer version of `cncf.kubernetes` to get rid of this warning. If you import the module via `airflow.kubernetes` import, please use `cncf.kubernetes' provider 7.4.0+ and switch all your imports to use `apache.airflow.providers.cncf.kubernetes` to get rid of the warning.
[2023-11-20T21:12:05.344+0500] {logging_mixin.py:154} INFO - [2023-11-20T21:12:05.343+0500] {dag.py:2941} INFO - Sync 1 DAGs
[2023-11-20T21:12:05.409+0500] {logging_mixin.py:154} INFO - [2023-11-20T21:12:05.408+0500] {dag.py:3722} INFO - Setting next_dagrun for example_kubernetes_executor to None, run_after=None
[2023-11-20T21:12:05.849+0500] {processor.py:179} INFO - Processing /usr/local/lib/python3.10/dist-packages/airflow/example_dags/example_kubernetes_executor.py took 2.238 seconds
[2023-11-20T21:12:37.125+0500] {processor.py:157} INFO - Started process (PID=30034) to work on /usr/local/lib/python3.10/dist-packages/airflow/example_dags/example_kubernetes_executor.py
[2023-11-20T21:12:37.128+0500] {processor.py:829} INFO - Processing file /usr/local/lib/python3.10/dist-packages/airflow/example_dags/example_kubernetes_executor.py for tasks to queue
[2023-11-20T21:12:37.131+0500] {logging_mixin.py:154} INFO - [2023-11-20T21:12:37.129+0500] {dagbag.py:536} INFO - Filling up the DagBag from /usr/local/lib/python3.10/dist-packages/airflow/example_dags/example_kubernetes_executor.py
[2023-11-20T21:12:38.203+0500] {processor.py:839} INFO - DAG(s) dict_keys(['example_kubernetes_executor']) retrieved from /usr/local/lib/python3.10/dist-packages/airflow/example_dags/example_kubernetes_executor.py
[2023-11-20T21:12:38.569+0500] {logging_mixin.py:154} WARNING - /usr/local/lib/python3.10/dist-packages/airflow/serialization/serialized_objects.py:1534 DeprecationWarning: This module is deprecated. The `cncf.kubernetes` provider before version 7.4.0 uses this module - you should migrate to a newer version of `cncf.kubernetes` to get rid of this warning. If you import the module via `airflow.kubernetes` import, please use `cncf.kubernetes' provider 7.4.0+ and switch all your imports to use `apache.airflow.providers.cncf.kubernetes` to get rid of the warning.
[2023-11-20T21:12:38.626+0500] {logging_mixin.py:154} INFO - [2023-11-20T21:12:38.626+0500] {dag.py:2941} INFO - Sync 1 DAGs
[2023-11-20T21:12:38.685+0500] {logging_mixin.py:154} INFO - [2023-11-20T21:12:38.684+0500] {dag.py:3722} INFO - Setting next_dagrun for example_kubernetes_executor to None, run_after=None
[2023-11-20T21:12:38.770+0500] {processor.py:179} INFO - Processing /usr/local/lib/python3.10/dist-packages/airflow/example_dags/example_kubernetes_executor.py took 1.658 seconds
[2023-11-20T21:13:09.841+0500] {processor.py:157} INFO - Started process (PID=30158) to work on /usr/local/lib/python3.10/dist-packages/airflow/example_dags/example_kubernetes_executor.py
[2023-11-20T21:13:09.846+0500] {processor.py:829} INFO - Processing file /usr/local/lib/python3.10/dist-packages/airflow/example_dags/example_kubernetes_executor.py for tasks to queue
[2023-11-20T21:13:09.851+0500] {logging_mixin.py:154} INFO - [2023-11-20T21:13:09.850+0500] {dagbag.py:536} INFO - Filling up the DagBag from /usr/local/lib/python3.10/dist-packages/airflow/example_dags/example_kubernetes_executor.py
[2023-11-20T21:13:13.230+0500] {processor.py:839} INFO - DAG(s) dict_keys(['example_kubernetes_executor']) retrieved from /usr/local/lib/python3.10/dist-packages/airflow/example_dags/example_kubernetes_executor.py
[2023-11-20T21:13:13.401+0500] {logging_mixin.py:154} WARNING - /usr/local/lib/python3.10/dist-packages/airflow/serialization/serialized_objects.py:1534 DeprecationWarning: This module is deprecated. The `cncf.kubernetes` provider before version 7.4.0 uses this module - you should migrate to a newer version of `cncf.kubernetes` to get rid of this warning. If you import the module via `airflow.kubernetes` import, please use `cncf.kubernetes' provider 7.4.0+ and switch all your imports to use `apache.airflow.providers.cncf.kubernetes` to get rid of the warning.
[2023-11-20T21:13:13.488+0500] {logging_mixin.py:154} INFO - [2023-11-20T21:13:13.486+0500] {dag.py:2941} INFO - Sync 1 DAGs
[2023-11-20T21:13:13.920+0500] {logging_mixin.py:154} INFO - [2023-11-20T21:13:13.919+0500] {dag.py:3722} INFO - Setting next_dagrun for example_kubernetes_executor to None, run_after=None
[2023-11-20T21:13:13.999+0500] {processor.py:179} INFO - Processing /usr/local/lib/python3.10/dist-packages/airflow/example_dags/example_kubernetes_executor.py took 4.173 seconds
[2023-11-20T21:13:44.284+0500] {processor.py:157} INFO - Started process (PID=30327) to work on /usr/local/lib/python3.10/dist-packages/airflow/example_dags/example_kubernetes_executor.py
[2023-11-20T21:13:44.288+0500] {processor.py:829} INFO - Processing file /usr/local/lib/python3.10/dist-packages/airflow/example_dags/example_kubernetes_executor.py for tasks to queue
[2023-11-20T21:13:44.291+0500] {logging_mixin.py:154} INFO - [2023-11-20T21:13:44.290+0500] {dagbag.py:536} INFO - Filling up the DagBag from /usr/local/lib/python3.10/dist-packages/airflow/example_dags/example_kubernetes_executor.py
[2023-11-20T21:13:45.644+0500] {processor.py:839} INFO - DAG(s) dict_keys(['example_kubernetes_executor']) retrieved from /usr/local/lib/python3.10/dist-packages/airflow/example_dags/example_kubernetes_executor.py
[2023-11-20T21:13:45.758+0500] {logging_mixin.py:154} WARNING - /usr/local/lib/python3.10/dist-packages/airflow/serialization/serialized_objects.py:1534 DeprecationWarning: This module is deprecated. The `cncf.kubernetes` provider before version 7.4.0 uses this module - you should migrate to a newer version of `cncf.kubernetes` to get rid of this warning. If you import the module via `airflow.kubernetes` import, please use `cncf.kubernetes' provider 7.4.0+ and switch all your imports to use `apache.airflow.providers.cncf.kubernetes` to get rid of the warning.
[2023-11-20T21:13:45.829+0500] {logging_mixin.py:154} INFO - [2023-11-20T21:13:45.828+0500] {dag.py:2941} INFO - Sync 1 DAGs
[2023-11-20T21:13:45.886+0500] {logging_mixin.py:154} INFO - [2023-11-20T21:13:45.885+0500] {dag.py:3722} INFO - Setting next_dagrun for example_kubernetes_executor to None, run_after=None
[2023-11-20T21:13:45.961+0500] {processor.py:179} INFO - Processing /usr/local/lib/python3.10/dist-packages/airflow/example_dags/example_kubernetes_executor.py took 1.690 seconds
[2023-11-20T21:14:16.568+0500] {processor.py:157} INFO - Started process (PID=30436) to work on /usr/local/lib/python3.10/dist-packages/airflow/example_dags/example_kubernetes_executor.py
[2023-11-20T21:14:16.571+0500] {processor.py:829} INFO - Processing file /usr/local/lib/python3.10/dist-packages/airflow/example_dags/example_kubernetes_executor.py for tasks to queue
[2023-11-20T21:14:16.574+0500] {logging_mixin.py:154} INFO - [2023-11-20T21:14:16.573+0500] {dagbag.py:536} INFO - Filling up the DagBag from /usr/local/lib/python3.10/dist-packages/airflow/example_dags/example_kubernetes_executor.py
[2023-11-20T21:14:17.531+0500] {processor.py:839} INFO - DAG(s) dict_keys(['example_kubernetes_executor']) retrieved from /usr/local/lib/python3.10/dist-packages/airflow/example_dags/example_kubernetes_executor.py
[2023-11-20T21:14:17.904+0500] {logging_mixin.py:154} WARNING - /usr/local/lib/python3.10/dist-packages/airflow/serialization/serialized_objects.py:1534 DeprecationWarning: This module is deprecated. The `cncf.kubernetes` provider before version 7.4.0 uses this module - you should migrate to a newer version of `cncf.kubernetes` to get rid of this warning. If you import the module via `airflow.kubernetes` import, please use `cncf.kubernetes' provider 7.4.0+ and switch all your imports to use `apache.airflow.providers.cncf.kubernetes` to get rid of the warning.
[2023-11-20T21:14:17.970+0500] {logging_mixin.py:154} INFO - [2023-11-20T21:14:17.969+0500] {dag.py:2941} INFO - Sync 1 DAGs
[2023-11-20T21:14:18.021+0500] {logging_mixin.py:154} INFO - [2023-11-20T21:14:18.020+0500] {dag.py:3722} INFO - Setting next_dagrun for example_kubernetes_executor to None, run_after=None
[2023-11-20T21:14:18.103+0500] {processor.py:179} INFO - Processing /usr/local/lib/python3.10/dist-packages/airflow/example_dags/example_kubernetes_executor.py took 1.546 seconds
[2023-11-20T21:14:56.640+0500] {processor.py:157} INFO - Started process (PID=30600) to work on /usr/local/lib/python3.10/dist-packages/airflow/example_dags/example_kubernetes_executor.py
[2023-11-20T21:14:56.646+0500] {processor.py:829} INFO - Processing file /usr/local/lib/python3.10/dist-packages/airflow/example_dags/example_kubernetes_executor.py for tasks to queue
[2023-11-20T21:14:56.650+0500] {logging_mixin.py:154} INFO - [2023-11-20T21:14:56.649+0500] {dagbag.py:536} INFO - Filling up the DagBag from /usr/local/lib/python3.10/dist-packages/airflow/example_dags/example_kubernetes_executor.py
[2023-11-20T21:15:02.230+0500] {processor.py:839} INFO - DAG(s) dict_keys(['example_kubernetes_executor']) retrieved from /usr/local/lib/python3.10/dist-packages/airflow/example_dags/example_kubernetes_executor.py
[2023-11-20T21:15:02.867+0500] {logging_mixin.py:154} WARNING - /usr/local/lib/python3.10/dist-packages/airflow/serialization/serialized_objects.py:1534 DeprecationWarning: This module is deprecated. The `cncf.kubernetes` provider before version 7.4.0 uses this module - you should migrate to a newer version of `cncf.kubernetes` to get rid of this warning. If you import the module via `airflow.kubernetes` import, please use `cncf.kubernetes' provider 7.4.0+ and switch all your imports to use `apache.airflow.providers.cncf.kubernetes` to get rid of the warning.
[2023-11-20T21:15:03.430+0500] {logging_mixin.py:154} INFO - [2023-11-20T21:15:03.429+0500] {dag.py:2941} INFO - Sync 1 DAGs
[2023-11-20T21:15:03.551+0500] {logging_mixin.py:154} INFO - [2023-11-20T21:15:03.550+0500] {dag.py:3722} INFO - Setting next_dagrun for example_kubernetes_executor to None, run_after=None
[2023-11-20T21:15:04.166+0500] {processor.py:179} INFO - Processing /usr/local/lib/python3.10/dist-packages/airflow/example_dags/example_kubernetes_executor.py took 7.540 seconds
[2023-11-20T21:15:34.640+0500] {processor.py:157} INFO - Started process (PID=30968) to work on /usr/local/lib/python3.10/dist-packages/airflow/example_dags/example_kubernetes_executor.py
[2023-11-20T21:15:34.643+0500] {processor.py:829} INFO - Processing file /usr/local/lib/python3.10/dist-packages/airflow/example_dags/example_kubernetes_executor.py for tasks to queue
[2023-11-20T21:15:34.646+0500] {logging_mixin.py:154} INFO - [2023-11-20T21:15:34.645+0500] {dagbag.py:536} INFO - Filling up the DagBag from /usr/local/lib/python3.10/dist-packages/airflow/example_dags/example_kubernetes_executor.py
[2023-11-20T21:15:36.511+0500] {processor.py:839} INFO - DAG(s) dict_keys(['example_kubernetes_executor']) retrieved from /usr/local/lib/python3.10/dist-packages/airflow/example_dags/example_kubernetes_executor.py
[2023-11-20T21:15:36.775+0500] {logging_mixin.py:154} WARNING - /usr/local/lib/python3.10/dist-packages/airflow/serialization/serialized_objects.py:1534 DeprecationWarning: This module is deprecated. The `cncf.kubernetes` provider before version 7.4.0 uses this module - you should migrate to a newer version of `cncf.kubernetes` to get rid of this warning. If you import the module via `airflow.kubernetes` import, please use `cncf.kubernetes' provider 7.4.0+ and switch all your imports to use `apache.airflow.providers.cncf.kubernetes` to get rid of the warning.
[2023-11-20T21:15:36.847+0500] {logging_mixin.py:154} INFO - [2023-11-20T21:15:36.846+0500] {dag.py:2941} INFO - Sync 1 DAGs
[2023-11-20T21:15:36.904+0500] {logging_mixin.py:154} INFO - [2023-11-20T21:15:36.903+0500] {dag.py:3722} INFO - Setting next_dagrun for example_kubernetes_executor to None, run_after=None
[2023-11-20T21:15:36.983+0500] {processor.py:179} INFO - Processing /usr/local/lib/python3.10/dist-packages/airflow/example_dags/example_kubernetes_executor.py took 2.353 seconds
[2023-11-20T21:16:07.946+0500] {processor.py:157} INFO - Started process (PID=31132) to work on /usr/local/lib/python3.10/dist-packages/airflow/example_dags/example_kubernetes_executor.py
[2023-11-20T21:16:07.950+0500] {processor.py:829} INFO - Processing file /usr/local/lib/python3.10/dist-packages/airflow/example_dags/example_kubernetes_executor.py for tasks to queue
[2023-11-20T21:16:07.953+0500] {logging_mixin.py:154} INFO - [2023-11-20T21:16:07.952+0500] {dagbag.py:536} INFO - Filling up the DagBag from /usr/local/lib/python3.10/dist-packages/airflow/example_dags/example_kubernetes_executor.py
[2023-11-20T21:16:09.718+0500] {processor.py:839} INFO - DAG(s) dict_keys(['example_kubernetes_executor']) retrieved from /usr/local/lib/python3.10/dist-packages/airflow/example_dags/example_kubernetes_executor.py
[2023-11-20T21:16:09.816+0500] {logging_mixin.py:154} WARNING - /usr/local/lib/python3.10/dist-packages/airflow/serialization/serialized_objects.py:1534 DeprecationWarning: This module is deprecated. The `cncf.kubernetes` provider before version 7.4.0 uses this module - you should migrate to a newer version of `cncf.kubernetes` to get rid of this warning. If you import the module via `airflow.kubernetes` import, please use `cncf.kubernetes' provider 7.4.0+ and switch all your imports to use `apache.airflow.providers.cncf.kubernetes` to get rid of the warning.
[2023-11-20T21:16:09.875+0500] {logging_mixin.py:154} INFO - [2023-11-20T21:16:09.874+0500] {dag.py:2941} INFO - Sync 1 DAGs
[2023-11-20T21:16:09.930+0500] {logging_mixin.py:154} INFO - [2023-11-20T21:16:09.929+0500] {dag.py:3722} INFO - Setting next_dagrun for example_kubernetes_executor to None, run_after=None
[2023-11-20T21:16:10.018+0500] {processor.py:179} INFO - Processing /usr/local/lib/python3.10/dist-packages/airflow/example_dags/example_kubernetes_executor.py took 2.084 seconds
[2023-11-20T21:16:41.910+0500] {processor.py:157} INFO - Started process (PID=31235) to work on /usr/local/lib/python3.10/dist-packages/airflow/example_dags/example_kubernetes_executor.py
[2023-11-20T21:16:41.914+0500] {processor.py:829} INFO - Processing file /usr/local/lib/python3.10/dist-packages/airflow/example_dags/example_kubernetes_executor.py for tasks to queue
[2023-11-20T21:16:41.923+0500] {logging_mixin.py:154} INFO - [2023-11-20T21:16:41.916+0500] {dagbag.py:536} INFO - Filling up the DagBag from /usr/local/lib/python3.10/dist-packages/airflow/example_dags/example_kubernetes_executor.py
[2023-11-20T21:16:43.311+0500] {processor.py:839} INFO - DAG(s) dict_keys(['example_kubernetes_executor']) retrieved from /usr/local/lib/python3.10/dist-packages/airflow/example_dags/example_kubernetes_executor.py
[2023-11-20T21:16:43.397+0500] {logging_mixin.py:154} WARNING - /usr/local/lib/python3.10/dist-packages/airflow/serialization/serialized_objects.py:1534 DeprecationWarning: This module is deprecated. The `cncf.kubernetes` provider before version 7.4.0 uses this module - you should migrate to a newer version of `cncf.kubernetes` to get rid of this warning. If you import the module via `airflow.kubernetes` import, please use `cncf.kubernetes' provider 7.4.0+ and switch all your imports to use `apache.airflow.providers.cncf.kubernetes` to get rid of the warning.
[2023-11-20T21:16:43.447+0500] {logging_mixin.py:154} INFO - [2023-11-20T21:16:43.446+0500] {dag.py:2941} INFO - Sync 1 DAGs
[2023-11-20T21:16:43.500+0500] {logging_mixin.py:154} INFO - [2023-11-20T21:16:43.499+0500] {dag.py:3722} INFO - Setting next_dagrun for example_kubernetes_executor to None, run_after=None
[2023-11-20T21:16:43.578+0500] {processor.py:179} INFO - Processing /usr/local/lib/python3.10/dist-packages/airflow/example_dags/example_kubernetes_executor.py took 1.681 seconds
[2023-11-20T21:17:14.601+0500] {processor.py:157} INFO - Started process (PID=31366) to work on /usr/local/lib/python3.10/dist-packages/airflow/example_dags/example_kubernetes_executor.py
[2023-11-20T21:17:14.604+0500] {processor.py:829} INFO - Processing file /usr/local/lib/python3.10/dist-packages/airflow/example_dags/example_kubernetes_executor.py for tasks to queue
[2023-11-20T21:17:14.607+0500] {logging_mixin.py:154} INFO - [2023-11-20T21:17:14.606+0500] {dagbag.py:536} INFO - Filling up the DagBag from /usr/local/lib/python3.10/dist-packages/airflow/example_dags/example_kubernetes_executor.py
[2023-11-20T21:17:16.619+0500] {processor.py:839} INFO - DAG(s) dict_keys(['example_kubernetes_executor']) retrieved from /usr/local/lib/python3.10/dist-packages/airflow/example_dags/example_kubernetes_executor.py
[2023-11-20T21:17:16.765+0500] {logging_mixin.py:154} WARNING - /usr/local/lib/python3.10/dist-packages/airflow/serialization/serialized_objects.py:1534 DeprecationWarning: This module is deprecated. The `cncf.kubernetes` provider before version 7.4.0 uses this module - you should migrate to a newer version of `cncf.kubernetes` to get rid of this warning. If you import the module via `airflow.kubernetes` import, please use `cncf.kubernetes' provider 7.4.0+ and switch all your imports to use `apache.airflow.providers.cncf.kubernetes` to get rid of the warning.
[2023-11-20T21:17:16.831+0500] {logging_mixin.py:154} INFO - [2023-11-20T21:17:16.830+0500] {dag.py:2941} INFO - Sync 1 DAGs
[2023-11-20T21:17:16.887+0500] {logging_mixin.py:154} INFO - [2023-11-20T21:17:16.886+0500] {dag.py:3722} INFO - Setting next_dagrun for example_kubernetes_executor to None, run_after=None
[2023-11-20T21:17:16.962+0500] {processor.py:179} INFO - Processing /usr/local/lib/python3.10/dist-packages/airflow/example_dags/example_kubernetes_executor.py took 2.374 seconds
[2023-11-20T21:17:47.224+0500] {processor.py:157} INFO - Started process (PID=31480) to work on /usr/local/lib/python3.10/dist-packages/airflow/example_dags/example_kubernetes_executor.py
[2023-11-20T21:17:47.228+0500] {processor.py:829} INFO - Processing file /usr/local/lib/python3.10/dist-packages/airflow/example_dags/example_kubernetes_executor.py for tasks to queue
[2023-11-20T21:17:47.230+0500] {logging_mixin.py:154} INFO - [2023-11-20T21:17:47.229+0500] {dagbag.py:536} INFO - Filling up the DagBag from /usr/local/lib/python3.10/dist-packages/airflow/example_dags/example_kubernetes_executor.py
[2023-11-20T21:17:48.826+0500] {processor.py:839} INFO - DAG(s) dict_keys(['example_kubernetes_executor']) retrieved from /usr/local/lib/python3.10/dist-packages/airflow/example_dags/example_kubernetes_executor.py
[2023-11-20T21:17:48.959+0500] {logging_mixin.py:154} WARNING - /usr/local/lib/python3.10/dist-packages/airflow/serialization/serialized_objects.py:1534 DeprecationWarning: This module is deprecated. The `cncf.kubernetes` provider before version 7.4.0 uses this module - you should migrate to a newer version of `cncf.kubernetes` to get rid of this warning. If you import the module via `airflow.kubernetes` import, please use `cncf.kubernetes' provider 7.4.0+ and switch all your imports to use `apache.airflow.providers.cncf.kubernetes` to get rid of the warning.
[2023-11-20T21:17:49.011+0500] {logging_mixin.py:154} INFO - [2023-11-20T21:17:49.010+0500] {dag.py:2941} INFO - Sync 1 DAGs
[2023-11-20T21:17:49.062+0500] {logging_mixin.py:154} INFO - [2023-11-20T21:17:49.061+0500] {dag.py:3722} INFO - Setting next_dagrun for example_kubernetes_executor to None, run_after=None
[2023-11-20T21:17:49.140+0500] {processor.py:179} INFO - Processing /usr/local/lib/python3.10/dist-packages/airflow/example_dags/example_kubernetes_executor.py took 1.927 seconds
[2023-11-20T21:18:21.057+0500] {processor.py:157} INFO - Started process (PID=31594) to work on /usr/local/lib/python3.10/dist-packages/airflow/example_dags/example_kubernetes_executor.py
[2023-11-20T21:18:21.062+0500] {processor.py:829} INFO - Processing file /usr/local/lib/python3.10/dist-packages/airflow/example_dags/example_kubernetes_executor.py for tasks to queue
[2023-11-20T21:18:21.066+0500] {logging_mixin.py:154} INFO - [2023-11-20T21:18:21.064+0500] {dagbag.py:536} INFO - Filling up the DagBag from /usr/local/lib/python3.10/dist-packages/airflow/example_dags/example_kubernetes_executor.py
[2023-11-20T21:18:22.883+0500] {processor.py:839} INFO - DAG(s) dict_keys(['example_kubernetes_executor']) retrieved from /usr/local/lib/python3.10/dist-packages/airflow/example_dags/example_kubernetes_executor.py
[2023-11-20T21:18:22.977+0500] {logging_mixin.py:154} WARNING - /usr/local/lib/python3.10/dist-packages/airflow/serialization/serialized_objects.py:1534 DeprecationWarning: This module is deprecated. The `cncf.kubernetes` provider before version 7.4.0 uses this module - you should migrate to a newer version of `cncf.kubernetes` to get rid of this warning. If you import the module via `airflow.kubernetes` import, please use `cncf.kubernetes' provider 7.4.0+ and switch all your imports to use `apache.airflow.providers.cncf.kubernetes` to get rid of the warning.
[2023-11-20T21:18:23.029+0500] {logging_mixin.py:154} INFO - [2023-11-20T21:18:23.028+0500] {dag.py:2941} INFO - Sync 1 DAGs
[2023-11-20T21:18:23.079+0500] {logging_mixin.py:154} INFO - [2023-11-20T21:18:23.078+0500] {dag.py:3722} INFO - Setting next_dagrun for example_kubernetes_executor to None, run_after=None
[2023-11-20T21:18:23.163+0500] {processor.py:179} INFO - Processing /usr/local/lib/python3.10/dist-packages/airflow/example_dags/example_kubernetes_executor.py took 2.118 seconds
[2023-11-20T21:18:53.717+0500] {processor.py:157} INFO - Started process (PID=31703) to work on /usr/local/lib/python3.10/dist-packages/airflow/example_dags/example_kubernetes_executor.py
[2023-11-20T21:18:53.723+0500] {processor.py:829} INFO - Processing file /usr/local/lib/python3.10/dist-packages/airflow/example_dags/example_kubernetes_executor.py for tasks to queue
[2023-11-20T21:18:53.727+0500] {logging_mixin.py:154} INFO - [2023-11-20T21:18:53.726+0500] {dagbag.py:536} INFO - Filling up the DagBag from /usr/local/lib/python3.10/dist-packages/airflow/example_dags/example_kubernetes_executor.py
[2023-11-20T21:18:55.720+0500] {processor.py:839} INFO - DAG(s) dict_keys(['example_kubernetes_executor']) retrieved from /usr/local/lib/python3.10/dist-packages/airflow/example_dags/example_kubernetes_executor.py
[2023-11-20T21:18:55.932+0500] {logging_mixin.py:154} WARNING - /usr/local/lib/python3.10/dist-packages/airflow/serialization/serialized_objects.py:1534 DeprecationWarning: This module is deprecated. The `cncf.kubernetes` provider before version 7.4.0 uses this module - you should migrate to a newer version of `cncf.kubernetes` to get rid of this warning. If you import the module via `airflow.kubernetes` import, please use `cncf.kubernetes' provider 7.4.0+ and switch all your imports to use `apache.airflow.providers.cncf.kubernetes` to get rid of the warning.
[2023-11-20T21:18:56.118+0500] {logging_mixin.py:154} INFO - [2023-11-20T21:18:56.117+0500] {dag.py:2941} INFO - Sync 1 DAGs
[2023-11-20T21:18:56.225+0500] {logging_mixin.py:154} INFO - [2023-11-20T21:18:56.224+0500] {dag.py:3722} INFO - Setting next_dagrun for example_kubernetes_executor to None, run_after=None
[2023-11-20T21:18:56.406+0500] {processor.py:179} INFO - Processing /usr/local/lib/python3.10/dist-packages/airflow/example_dags/example_kubernetes_executor.py took 2.703 seconds
[2023-11-20T21:19:26.929+0500] {processor.py:157} INFO - Started process (PID=31848) to work on /usr/local/lib/python3.10/dist-packages/airflow/example_dags/example_kubernetes_executor.py
[2023-11-20T21:19:26.932+0500] {processor.py:829} INFO - Processing file /usr/local/lib/python3.10/dist-packages/airflow/example_dags/example_kubernetes_executor.py for tasks to queue
[2023-11-20T21:19:26.935+0500] {logging_mixin.py:154} INFO - [2023-11-20T21:19:26.934+0500] {dagbag.py:536} INFO - Filling up the DagBag from /usr/local/lib/python3.10/dist-packages/airflow/example_dags/example_kubernetes_executor.py
[2023-11-20T21:19:28.659+0500] {processor.py:839} INFO - DAG(s) dict_keys(['example_kubernetes_executor']) retrieved from /usr/local/lib/python3.10/dist-packages/airflow/example_dags/example_kubernetes_executor.py
[2023-11-20T21:19:28.772+0500] {logging_mixin.py:154} WARNING - /usr/local/lib/python3.10/dist-packages/airflow/serialization/serialized_objects.py:1534 DeprecationWarning: This module is deprecated. The `cncf.kubernetes` provider before version 7.4.0 uses this module - you should migrate to a newer version of `cncf.kubernetes` to get rid of this warning. If you import the module via `airflow.kubernetes` import, please use `cncf.kubernetes' provider 7.4.0+ and switch all your imports to use `apache.airflow.providers.cncf.kubernetes` to get rid of the warning.
[2023-11-20T21:19:28.827+0500] {logging_mixin.py:154} INFO - [2023-11-20T21:19:28.826+0500] {dag.py:2941} INFO - Sync 1 DAGs
[2023-11-20T21:19:28.878+0500] {logging_mixin.py:154} INFO - [2023-11-20T21:19:28.877+0500] {dag.py:3722} INFO - Setting next_dagrun for example_kubernetes_executor to None, run_after=None
[2023-11-20T21:19:28.950+0500] {processor.py:179} INFO - Processing /usr/local/lib/python3.10/dist-packages/airflow/example_dags/example_kubernetes_executor.py took 2.033 seconds
[2023-11-20T21:19:59.389+0500] {processor.py:157} INFO - Started process (PID=32238) to work on /usr/local/lib/python3.10/dist-packages/airflow/example_dags/example_kubernetes_executor.py
[2023-11-20T21:19:59.393+0500] {processor.py:829} INFO - Processing file /usr/local/lib/python3.10/dist-packages/airflow/example_dags/example_kubernetes_executor.py for tasks to queue
[2023-11-20T21:19:59.397+0500] {logging_mixin.py:154} INFO - [2023-11-20T21:19:59.395+0500] {dagbag.py:536} INFO - Filling up the DagBag from /usr/local/lib/python3.10/dist-packages/airflow/example_dags/example_kubernetes_executor.py
[2023-11-20T21:20:01.479+0500] {processor.py:839} INFO - DAG(s) dict_keys(['example_kubernetes_executor']) retrieved from /usr/local/lib/python3.10/dist-packages/airflow/example_dags/example_kubernetes_executor.py
[2023-11-20T21:20:01.619+0500] {logging_mixin.py:154} WARNING - /usr/local/lib/python3.10/dist-packages/airflow/serialization/serialized_objects.py:1534 DeprecationWarning: This module is deprecated. The `cncf.kubernetes` provider before version 7.4.0 uses this module - you should migrate to a newer version of `cncf.kubernetes` to get rid of this warning. If you import the module via `airflow.kubernetes` import, please use `cncf.kubernetes' provider 7.4.0+ and switch all your imports to use `apache.airflow.providers.cncf.kubernetes` to get rid of the warning.
[2023-11-20T21:20:01.677+0500] {logging_mixin.py:154} INFO - [2023-11-20T21:20:01.676+0500] {dag.py:2941} INFO - Sync 1 DAGs
[2023-11-20T21:20:01.728+0500] {logging_mixin.py:154} INFO - [2023-11-20T21:20:01.727+0500] {dag.py:3722} INFO - Setting next_dagrun for example_kubernetes_executor to None, run_after=None
[2023-11-20T21:20:01.821+0500] {processor.py:179} INFO - Processing /usr/local/lib/python3.10/dist-packages/airflow/example_dags/example_kubernetes_executor.py took 2.444 seconds
[2023-11-20T21:20:33.193+0500] {processor.py:157} INFO - Started process (PID=32620) to work on /usr/local/lib/python3.10/dist-packages/airflow/example_dags/example_kubernetes_executor.py
[2023-11-20T21:20:33.197+0500] {processor.py:829} INFO - Processing file /usr/local/lib/python3.10/dist-packages/airflow/example_dags/example_kubernetes_executor.py for tasks to queue
[2023-11-20T21:20:33.205+0500] {logging_mixin.py:154} INFO - [2023-11-20T21:20:33.204+0500] {dagbag.py:536} INFO - Filling up the DagBag from /usr/local/lib/python3.10/dist-packages/airflow/example_dags/example_kubernetes_executor.py
[2023-11-20T21:20:35.109+0500] {processor.py:839} INFO - DAG(s) dict_keys(['example_kubernetes_executor']) retrieved from /usr/local/lib/python3.10/dist-packages/airflow/example_dags/example_kubernetes_executor.py
[2023-11-20T21:20:35.220+0500] {logging_mixin.py:154} WARNING - /usr/local/lib/python3.10/dist-packages/airflow/serialization/serialized_objects.py:1534 DeprecationWarning: This module is deprecated. The `cncf.kubernetes` provider before version 7.4.0 uses this module - you should migrate to a newer version of `cncf.kubernetes` to get rid of this warning. If you import the module via `airflow.kubernetes` import, please use `cncf.kubernetes' provider 7.4.0+ and switch all your imports to use `apache.airflow.providers.cncf.kubernetes` to get rid of the warning.
[2023-11-20T21:20:35.273+0500] {logging_mixin.py:154} INFO - [2023-11-20T21:20:35.273+0500] {dag.py:2941} INFO - Sync 1 DAGs
[2023-11-20T21:20:35.325+0500] {logging_mixin.py:154} INFO - [2023-11-20T21:20:35.324+0500] {dag.py:3722} INFO - Setting next_dagrun for example_kubernetes_executor to None, run_after=None
[2023-11-20T21:20:35.400+0500] {processor.py:179} INFO - Processing /usr/local/lib/python3.10/dist-packages/airflow/example_dags/example_kubernetes_executor.py took 2.220 seconds
[2023-11-20T21:21:15.099+0500] {processor.py:157} INFO - Started process (PID=32885) to work on /usr/local/lib/python3.10/dist-packages/airflow/example_dags/example_kubernetes_executor.py
[2023-11-20T21:21:15.113+0500] {processor.py:829} INFO - Processing file /usr/local/lib/python3.10/dist-packages/airflow/example_dags/example_kubernetes_executor.py for tasks to queue
[2023-11-20T21:21:15.128+0500] {logging_mixin.py:154} INFO - [2023-11-20T21:21:15.115+0500] {dagbag.py:536} INFO - Filling up the DagBag from /usr/local/lib/python3.10/dist-packages/airflow/example_dags/example_kubernetes_executor.py
[2023-11-20T21:21:27.846+0500] {processor.py:839} INFO - DAG(s) dict_keys(['example_kubernetes_executor']) retrieved from /usr/local/lib/python3.10/dist-packages/airflow/example_dags/example_kubernetes_executor.py
[2023-11-20T21:21:28.660+0500] {logging_mixin.py:154} WARNING - /usr/local/lib/python3.10/dist-packages/airflow/serialization/serialized_objects.py:1534 DeprecationWarning: This module is deprecated. The `cncf.kubernetes` provider before version 7.4.0 uses this module - you should migrate to a newer version of `cncf.kubernetes` to get rid of this warning. If you import the module via `airflow.kubernetes` import, please use `cncf.kubernetes' provider 7.4.0+ and switch all your imports to use `apache.airflow.providers.cncf.kubernetes` to get rid of the warning.
[2023-11-20T21:21:28.852+0500] {logging_mixin.py:154} INFO - [2023-11-20T21:21:28.851+0500] {dag.py:2941} INFO - Sync 1 DAGs
[2023-11-20T21:21:29.345+0500] {logging_mixin.py:154} INFO - [2023-11-20T21:21:29.341+0500] {dag.py:3722} INFO - Setting next_dagrun for example_kubernetes_executor to None, run_after=None
[2023-11-20T21:21:29.654+0500] {processor.py:179} INFO - Processing /usr/local/lib/python3.10/dist-packages/airflow/example_dags/example_kubernetes_executor.py took 14.591 seconds
[2023-11-20T21:22:00.074+0500] {processor.py:157} INFO - Started process (PID=33093) to work on /usr/local/lib/python3.10/dist-packages/airflow/example_dags/example_kubernetes_executor.py
[2023-11-20T21:22:00.077+0500] {processor.py:829} INFO - Processing file /usr/local/lib/python3.10/dist-packages/airflow/example_dags/example_kubernetes_executor.py for tasks to queue
[2023-11-20T21:22:00.080+0500] {logging_mixin.py:154} INFO - [2023-11-20T21:22:00.079+0500] {dagbag.py:536} INFO - Filling up the DagBag from /usr/local/lib/python3.10/dist-packages/airflow/example_dags/example_kubernetes_executor.py
[2023-11-20T21:22:04.483+0500] {processor.py:839} INFO - DAG(s) dict_keys(['example_kubernetes_executor']) retrieved from /usr/local/lib/python3.10/dist-packages/airflow/example_dags/example_kubernetes_executor.py
[2023-11-20T21:22:05.006+0500] {logging_mixin.py:154} WARNING - /usr/local/lib/python3.10/dist-packages/airflow/serialization/serialized_objects.py:1534 DeprecationWarning: This module is deprecated. The `cncf.kubernetes` provider before version 7.4.0 uses this module - you should migrate to a newer version of `cncf.kubernetes` to get rid of this warning. If you import the module via `airflow.kubernetes` import, please use `cncf.kubernetes' provider 7.4.0+ and switch all your imports to use `apache.airflow.providers.cncf.kubernetes` to get rid of the warning.
[2023-11-20T21:22:05.149+0500] {logging_mixin.py:154} INFO - [2023-11-20T21:22:05.146+0500] {dag.py:2941} INFO - Sync 1 DAGs
[2023-11-20T21:22:05.357+0500] {logging_mixin.py:154} INFO - [2023-11-20T21:22:05.356+0500] {dag.py:3722} INFO - Setting next_dagrun for example_kubernetes_executor to None, run_after=None
[2023-11-20T21:22:05.541+0500] {processor.py:179} INFO - Processing /usr/local/lib/python3.10/dist-packages/airflow/example_dags/example_kubernetes_executor.py took 5.480 seconds
[2023-11-20T21:22:36.594+0500] {processor.py:157} INFO - Started process (PID=33221) to work on /usr/local/lib/python3.10/dist-packages/airflow/example_dags/example_kubernetes_executor.py
[2023-11-20T21:22:36.600+0500] {processor.py:829} INFO - Processing file /usr/local/lib/python3.10/dist-packages/airflow/example_dags/example_kubernetes_executor.py for tasks to queue
[2023-11-20T21:22:36.603+0500] {logging_mixin.py:154} INFO - [2023-11-20T21:22:36.601+0500] {dagbag.py:536} INFO - Filling up the DagBag from /usr/local/lib/python3.10/dist-packages/airflow/example_dags/example_kubernetes_executor.py
[2023-11-20T21:22:39.083+0500] {processor.py:839} INFO - DAG(s) dict_keys(['example_kubernetes_executor']) retrieved from /usr/local/lib/python3.10/dist-packages/airflow/example_dags/example_kubernetes_executor.py
[2023-11-20T21:22:39.259+0500] {logging_mixin.py:154} WARNING - /usr/local/lib/python3.10/dist-packages/airflow/serialization/serialized_objects.py:1534 DeprecationWarning: This module is deprecated. The `cncf.kubernetes` provider before version 7.4.0 uses this module - you should migrate to a newer version of `cncf.kubernetes` to get rid of this warning. If you import the module via `airflow.kubernetes` import, please use `cncf.kubernetes' provider 7.4.0+ and switch all your imports to use `apache.airflow.providers.cncf.kubernetes` to get rid of the warning.
[2023-11-20T21:22:39.354+0500] {logging_mixin.py:154} INFO - [2023-11-20T21:22:39.353+0500] {dag.py:2941} INFO - Sync 1 DAGs
[2023-11-20T21:22:39.434+0500] {logging_mixin.py:154} INFO - [2023-11-20T21:22:39.433+0500] {dag.py:3722} INFO - Setting next_dagrun for example_kubernetes_executor to None, run_after=None
[2023-11-20T21:22:39.588+0500] {processor.py:179} INFO - Processing /usr/local/lib/python3.10/dist-packages/airflow/example_dags/example_kubernetes_executor.py took 3.007 seconds
[2023-11-20T21:23:09.958+0500] {processor.py:157} INFO - Started process (PID=33403) to work on /usr/local/lib/python3.10/dist-packages/airflow/example_dags/example_kubernetes_executor.py
[2023-11-20T21:23:09.962+0500] {processor.py:829} INFO - Processing file /usr/local/lib/python3.10/dist-packages/airflow/example_dags/example_kubernetes_executor.py for tasks to queue
[2023-11-20T21:23:09.967+0500] {logging_mixin.py:154} INFO - [2023-11-20T21:23:09.966+0500] {dagbag.py:536} INFO - Filling up the DagBag from /usr/local/lib/python3.10/dist-packages/airflow/example_dags/example_kubernetes_executor.py
[2023-11-20T21:23:11.301+0500] {processor.py:839} INFO - DAG(s) dict_keys(['example_kubernetes_executor']) retrieved from /usr/local/lib/python3.10/dist-packages/airflow/example_dags/example_kubernetes_executor.py
[2023-11-20T21:23:11.401+0500] {logging_mixin.py:154} WARNING - /usr/local/lib/python3.10/dist-packages/airflow/serialization/serialized_objects.py:1534 DeprecationWarning: This module is deprecated. The `cncf.kubernetes` provider before version 7.4.0 uses this module - you should migrate to a newer version of `cncf.kubernetes` to get rid of this warning. If you import the module via `airflow.kubernetes` import, please use `cncf.kubernetes' provider 7.4.0+ and switch all your imports to use `apache.airflow.providers.cncf.kubernetes` to get rid of the warning.
[2023-11-20T21:23:11.456+0500] {logging_mixin.py:154} INFO - [2023-11-20T21:23:11.456+0500] {dag.py:2941} INFO - Sync 1 DAGs
[2023-11-20T21:23:11.505+0500] {logging_mixin.py:154} INFO - [2023-11-20T21:23:11.505+0500] {dag.py:3722} INFO - Setting next_dagrun for example_kubernetes_executor to None, run_after=None
[2023-11-20T21:23:11.581+0500] {processor.py:179} INFO - Processing /usr/local/lib/python3.10/dist-packages/airflow/example_dags/example_kubernetes_executor.py took 1.639 seconds
[2023-11-20T21:23:42.519+0500] {processor.py:157} INFO - Started process (PID=33519) to work on /usr/local/lib/python3.10/dist-packages/airflow/example_dags/example_kubernetes_executor.py
[2023-11-20T21:23:42.524+0500] {processor.py:829} INFO - Processing file /usr/local/lib/python3.10/dist-packages/airflow/example_dags/example_kubernetes_executor.py for tasks to queue
[2023-11-20T21:23:42.530+0500] {logging_mixin.py:154} INFO - [2023-11-20T21:23:42.528+0500] {dagbag.py:536} INFO - Filling up the DagBag from /usr/local/lib/python3.10/dist-packages/airflow/example_dags/example_kubernetes_executor.py
[2023-11-20T21:23:44.755+0500] {processor.py:839} INFO - DAG(s) dict_keys(['example_kubernetes_executor']) retrieved from /usr/local/lib/python3.10/dist-packages/airflow/example_dags/example_kubernetes_executor.py
[2023-11-20T21:23:44.857+0500] {logging_mixin.py:154} WARNING - /usr/local/lib/python3.10/dist-packages/airflow/serialization/serialized_objects.py:1534 DeprecationWarning: This module is deprecated. The `cncf.kubernetes` provider before version 7.4.0 uses this module - you should migrate to a newer version of `cncf.kubernetes` to get rid of this warning. If you import the module via `airflow.kubernetes` import, please use `cncf.kubernetes' provider 7.4.0+ and switch all your imports to use `apache.airflow.providers.cncf.kubernetes` to get rid of the warning.
[2023-11-20T21:23:44.914+0500] {logging_mixin.py:154} INFO - [2023-11-20T21:23:44.913+0500] {dag.py:2941} INFO - Sync 1 DAGs
[2023-11-20T21:23:44.965+0500] {logging_mixin.py:154} INFO - [2023-11-20T21:23:44.964+0500] {dag.py:3722} INFO - Setting next_dagrun for example_kubernetes_executor to None, run_after=None
[2023-11-20T21:23:45.041+0500] {processor.py:179} INFO - Processing /usr/local/lib/python3.10/dist-packages/airflow/example_dags/example_kubernetes_executor.py took 2.535 seconds
[2023-11-20T21:24:20.290+0500] {processor.py:157} INFO - Started process (PID=33649) to work on /usr/local/lib/python3.10/dist-packages/airflow/example_dags/example_kubernetes_executor.py
[2023-11-20T21:24:20.328+0500] {processor.py:829} INFO - Processing file /usr/local/lib/python3.10/dist-packages/airflow/example_dags/example_kubernetes_executor.py for tasks to queue
[2023-11-20T21:24:20.331+0500] {logging_mixin.py:154} INFO - [2023-11-20T21:24:20.330+0500] {dagbag.py:536} INFO - Filling up the DagBag from /usr/local/lib/python3.10/dist-packages/airflow/example_dags/example_kubernetes_executor.py
[2023-11-20T21:24:29.922+0500] {processor.py:839} INFO - DAG(s) dict_keys(['example_kubernetes_executor']) retrieved from /usr/local/lib/python3.10/dist-packages/airflow/example_dags/example_kubernetes_executor.py
[2023-11-20T21:24:30.172+0500] {logging_mixin.py:154} WARNING - /usr/local/lib/python3.10/dist-packages/airflow/serialization/serialized_objects.py:1534 DeprecationWarning: This module is deprecated. The `cncf.kubernetes` provider before version 7.4.0 uses this module - you should migrate to a newer version of `cncf.kubernetes` to get rid of this warning. If you import the module via `airflow.kubernetes` import, please use `cncf.kubernetes' provider 7.4.0+ and switch all your imports to use `apache.airflow.providers.cncf.kubernetes` to get rid of the warning.
[2023-11-20T21:24:30.329+0500] {logging_mixin.py:154} INFO - [2023-11-20T21:24:30.329+0500] {dag.py:2941} INFO - Sync 1 DAGs
[2023-11-20T21:24:30.420+0500] {logging_mixin.py:154} INFO - [2023-11-20T21:24:30.420+0500] {dag.py:3722} INFO - Setting next_dagrun for example_kubernetes_executor to None, run_after=None
[2023-11-20T21:24:30.984+0500] {processor.py:179} INFO - Processing /usr/local/lib/python3.10/dist-packages/airflow/example_dags/example_kubernetes_executor.py took 10.729 seconds
[2023-11-20T21:25:19.006+0500] {processor.py:157} INFO - Started process (PID=33803) to work on /usr/local/lib/python3.10/dist-packages/airflow/example_dags/example_kubernetes_executor.py
[2023-11-20T21:25:19.017+0500] {processor.py:829} INFO - Processing file /usr/local/lib/python3.10/dist-packages/airflow/example_dags/example_kubernetes_executor.py for tasks to queue
[2023-11-20T21:25:19.027+0500] {logging_mixin.py:154} INFO - [2023-11-20T21:25:19.019+0500] {dagbag.py:536} INFO - Filling up the DagBag from /usr/local/lib/python3.10/dist-packages/airflow/example_dags/example_kubernetes_executor.py
[2023-11-20T21:25:28.419+0500] {processor.py:839} INFO - DAG(s) dict_keys(['example_kubernetes_executor']) retrieved from /usr/local/lib/python3.10/dist-packages/airflow/example_dags/example_kubernetes_executor.py
[2023-11-20T21:25:28.957+0500] {logging_mixin.py:154} WARNING - /usr/local/lib/python3.10/dist-packages/airflow/serialization/serialized_objects.py:1534 DeprecationWarning: This module is deprecated. The `cncf.kubernetes` provider before version 7.4.0 uses this module - you should migrate to a newer version of `cncf.kubernetes` to get rid of this warning. If you import the module via `airflow.kubernetes` import, please use `cncf.kubernetes' provider 7.4.0+ and switch all your imports to use `apache.airflow.providers.cncf.kubernetes` to get rid of the warning.
[2023-11-20T21:25:29.234+0500] {logging_mixin.py:154} INFO - [2023-11-20T21:25:29.233+0500] {dag.py:2941} INFO - Sync 1 DAGs
[2023-11-20T21:25:29.328+0500] {logging_mixin.py:154} INFO - [2023-11-20T21:25:29.327+0500] {dag.py:3722} INFO - Setting next_dagrun for example_kubernetes_executor to None, run_after=None
[2023-11-20T21:25:29.590+0500] {processor.py:179} INFO - Processing /usr/local/lib/python3.10/dist-packages/airflow/example_dags/example_kubernetes_executor.py took 10.616 seconds
[2023-11-20T21:26:09.920+0500] {processor.py:157} INFO - Started process (PID=33982) to work on /usr/local/lib/python3.10/dist-packages/airflow/example_dags/example_kubernetes_executor.py
[2023-11-20T21:26:09.933+0500] {processor.py:829} INFO - Processing file /usr/local/lib/python3.10/dist-packages/airflow/example_dags/example_kubernetes_executor.py for tasks to queue
[2023-11-20T21:26:09.958+0500] {logging_mixin.py:154} INFO - [2023-11-20T21:26:09.935+0500] {dagbag.py:536} INFO - Filling up the DagBag from /usr/local/lib/python3.10/dist-packages/airflow/example_dags/example_kubernetes_executor.py
[2023-11-20T21:26:15.836+0500] {processor.py:839} INFO - DAG(s) dict_keys(['example_kubernetes_executor']) retrieved from /usr/local/lib/python3.10/dist-packages/airflow/example_dags/example_kubernetes_executor.py
[2023-11-20T21:26:16.302+0500] {logging_mixin.py:154} WARNING - /usr/local/lib/python3.10/dist-packages/airflow/serialization/serialized_objects.py:1534 DeprecationWarning: This module is deprecated. The `cncf.kubernetes` provider before version 7.4.0 uses this module - you should migrate to a newer version of `cncf.kubernetes` to get rid of this warning. If you import the module via `airflow.kubernetes` import, please use `cncf.kubernetes' provider 7.4.0+ and switch all your imports to use `apache.airflow.providers.cncf.kubernetes` to get rid of the warning.
[2023-11-20T21:26:16.417+0500] {logging_mixin.py:154} INFO - [2023-11-20T21:26:16.417+0500] {dag.py:2941} INFO - Sync 1 DAGs
[2023-11-20T21:26:16.549+0500] {logging_mixin.py:154} INFO - [2023-11-20T21:26:16.548+0500] {dag.py:3722} INFO - Setting next_dagrun for example_kubernetes_executor to None, run_after=None
[2023-11-20T21:26:16.785+0500] {processor.py:179} INFO - Processing /usr/local/lib/python3.10/dist-packages/airflow/example_dags/example_kubernetes_executor.py took 6.899 seconds
[2023-11-20T21:26:58.875+0500] {processor.py:157} INFO - Started process (PID=34088) to work on /usr/local/lib/python3.10/dist-packages/airflow/example_dags/example_kubernetes_executor.py
[2023-11-20T21:26:58.918+0500] {processor.py:829} INFO - Processing file /usr/local/lib/python3.10/dist-packages/airflow/example_dags/example_kubernetes_executor.py for tasks to queue
[2023-11-20T21:26:58.959+0500] {logging_mixin.py:154} INFO - [2023-11-20T21:26:58.920+0500] {dagbag.py:536} INFO - Filling up the DagBag from /usr/local/lib/python3.10/dist-packages/airflow/example_dags/example_kubernetes_executor.py
[2023-11-20T21:27:29.980+0500] {logging_mixin.py:154} INFO - [2023-11-20T21:27:29.416+0500] {timeout.py:68} ERROR - Process timed out, PID: 34088
[2023-11-20T21:27:31.530+0500] {logging_mixin.py:154} INFO - [2023-11-20T21:27:30.102+0500] {dagbag.py:346} ERROR - Failed to import: /usr/local/lib/python3.10/dist-packages/airflow/example_dags/example_kubernetes_executor.py
Traceback (most recent call last):
  File "/usr/local/lib/python3.10/dist-packages/airflow/models/dagbag.py", line 342, in parse
    loader.exec_module(new_module)
  File "<frozen importlib._bootstrap_external>", line 883, in exec_module
  File "<frozen importlib._bootstrap>", line 241, in _call_with_frames_removed
  File "/usr/local/lib/python3.10/dist-packages/airflow/example_dags/example_kubernetes_executor.py", line 36, in <module>
    from kubernetes.client import models as k8s
  File "/home/makar/.local/lib/python3.10/site-packages/kubernetes/__init__.py", line 19, in <module>
    from . import client
  File "/home/makar/.local/lib/python3.10/site-packages/kubernetes/client/__init__.py", line 20, in <module>
    from kubernetes.client.api.well_known_api import WellKnownApi
  File "/home/makar/.local/lib/python3.10/site-packages/kubernetes/client/api/__init__.py", line 6, in <module>
    from kubernetes.client.api.well_known_api import WellKnownApi
  File "/home/makar/.local/lib/python3.10/site-packages/kubernetes/client/api/well_known_api.py", line 20, in <module>
    from kubernetes.client.api_client import ApiClient
  File "/home/makar/.local/lib/python3.10/site-packages/kubernetes/client/api_client.py", line 28, in <module>
    import kubernetes.client.models
  File "/home/makar/.local/lib/python3.10/site-packages/kubernetes/client/models/__init__.py", line 553, in <module>
    from kubernetes.client.models.v2_external_metric_status import V2ExternalMetricStatus
  File "/home/makar/.local/lib/python3.10/site-packages/kubernetes/client/models/v2_external_metric_status.py", line 21, in <module>
    class V2ExternalMetricStatus(object):
  File "/home/makar/.local/lib/python3.10/site-packages/kubernetes/client/models/v2_external_metric_status.py", line 21, in V2ExternalMetricStatus
    class V2ExternalMetricStatus(object):
  File "/usr/local/lib/python3.10/dist-packages/airflow/utils/timeout.py", line 69, in handle_timeout
    raise AirflowTaskTimeout(self.error_message)
airflow.exceptions.AirflowTaskTimeout: DagBag import timeout for /usr/local/lib/python3.10/dist-packages/airflow/example_dags/example_kubernetes_executor.py after 30.0s.
Please take a look at these docs to improve your DAG import time:
* https://airflow.apache.org/docs/apache-airflow/2.7.3/best-practices.html#top-level-python-code
* https://airflow.apache.org/docs/apache-airflow/2.7.3/best-practices.html#reducing-dag-complexity, PID: 34088
[2023-11-20T21:27:32.482+0500] {processor.py:841} WARNING - No viable dags retrieved from /usr/local/lib/python3.10/dist-packages/airflow/example_dags/example_kubernetes_executor.py
[2023-11-20T21:28:37.388+0500] {processor.py:157} INFO - Started process (PID=34343) to work on /usr/local/lib/python3.10/dist-packages/airflow/example_dags/example_kubernetes_executor.py
[2023-11-20T21:28:37.396+0500] {processor.py:829} INFO - Processing file /usr/local/lib/python3.10/dist-packages/airflow/example_dags/example_kubernetes_executor.py for tasks to queue
[2023-11-20T21:28:37.399+0500] {logging_mixin.py:154} INFO - [2023-11-20T21:28:37.398+0500] {dagbag.py:536} INFO - Filling up the DagBag from /usr/local/lib/python3.10/dist-packages/airflow/example_dags/example_kubernetes_executor.py
[2023-11-20T21:29:33.983+0500] {logging_mixin.py:154} INFO - [2023-11-20T21:29:09.168+0500] {timeout.py:68} ERROR - Process timed out, PID: 34343
[2023-11-20T21:30:17.380+0500] {logging_mixin.py:154} INFO - [2023-11-20T21:30:12.354+0500] {dagbag.py:346} ERROR - Failed to import: /usr/local/lib/python3.10/dist-packages/airflow/example_dags/example_kubernetes_executor.py
Traceback (most recent call last):
  File "/usr/local/lib/python3.10/dist-packages/airflow/models/dagbag.py", line 342, in parse
    loader.exec_module(new_module)
  File "<frozen importlib._bootstrap_external>", line 883, in exec_module
  File "<frozen importlib._bootstrap>", line 241, in _call_with_frames_removed
  File "/usr/local/lib/python3.10/dist-packages/airflow/example_dags/example_kubernetes_executor.py", line 36, in <module>
    from kubernetes.client import models as k8s
  File "/home/makar/.local/lib/python3.10/site-packages/kubernetes/__init__.py", line 19, in <module>
    from . import client
  File "/home/makar/.local/lib/python3.10/site-packages/kubernetes/client/__init__.py", line 20, in <module>
    from kubernetes.client.api.well_known_api import WellKnownApi
  File "/home/makar/.local/lib/python3.10/site-packages/kubernetes/client/api/__init__.py", line 46, in <module>
    from kubernetes.client.api.logs_api import LogsApi
  File "<frozen importlib._bootstrap>", line 1027, in _find_and_load
  File "<frozen importlib._bootstrap>", line 1006, in _find_and_load_unlocked
  File "<frozen importlib._bootstrap>", line 688, in _load_unlocked
  File "<frozen importlib._bootstrap_external>", line 879, in exec_module
  File "<frozen importlib._bootstrap_external>", line 975, in get_code
  File "<frozen importlib._bootstrap_external>", line 1074, in get_data
  File "/usr/local/lib/python3.10/dist-packages/airflow/utils/timeout.py", line 69, in handle_timeout
    raise AirflowTaskTimeout(self.error_message)
airflow.exceptions.AirflowTaskTimeout: DagBag import timeout for /usr/local/lib/python3.10/dist-packages/airflow/example_dags/example_kubernetes_executor.py after 30.0s.
Please take a look at these docs to improve your DAG import time:
* https://airflow.apache.org/docs/apache-airflow/2.7.3/best-practices.html#top-level-python-code
* https://airflow.apache.org/docs/apache-airflow/2.7.3/best-practices.html#reducing-dag-complexity, PID: 34343
[2023-11-20T21:30:18.574+0500] {processor.py:841} WARNING - No viable dags retrieved from /usr/local/lib/python3.10/dist-packages/airflow/example_dags/example_kubernetes_executor.py
