[2023-11-20T21:06:00.728+0500] {processor.py:157} INFO - Started process (PID=27208) to work on /usr/local/lib/python3.10/dist-packages/airflow/example_dags/example_latest_only.py
[2023-11-20T21:06:00.732+0500] {processor.py:829} INFO - Processing file /usr/local/lib/python3.10/dist-packages/airflow/example_dags/example_latest_only.py for tasks to queue
[2023-11-20T21:06:00.735+0500] {logging_mixin.py:154} INFO - [2023-11-20T21:06:00.734+0500] {dagbag.py:536} INFO - Filling up the DagBag from /usr/local/lib/python3.10/dist-packages/airflow/example_dags/example_latest_only.py
[2023-11-20T21:06:00.758+0500] {processor.py:839} INFO - DAG(s) dict_keys(['latest_only']) retrieved from /usr/local/lib/python3.10/dist-packages/airflow/example_dags/example_latest_only.py
[2023-11-20T21:06:01.259+0500] {logging_mixin.py:154} INFO - [2023-11-20T21:06:01.258+0500] {manager.py:499} INFO - Created Permission View: %s
[2023-11-20T21:06:01.301+0500] {logging_mixin.py:154} INFO - [2023-11-20T21:06:01.300+0500] {manager.py:499} INFO - Created Permission View: %s
[2023-11-20T21:06:01.331+0500] {logging_mixin.py:154} INFO - [2023-11-20T21:06:01.330+0500] {manager.py:499} INFO - Created Permission View: %s
[2023-11-20T21:06:01.332+0500] {logging_mixin.py:154} INFO - [2023-11-20T21:06:01.332+0500] {dag.py:2941} INFO - Sync 1 DAGs
[2023-11-20T21:06:01.383+0500] {logging_mixin.py:154} INFO - [2023-11-20T21:06:01.382+0500] {dag.py:2963} INFO - Creating ORM DAG for latest_only
[2023-11-20T21:06:01.432+0500] {logging_mixin.py:154} INFO - [2023-11-20T21:06:01.430+0500] {dag.py:3722} INFO - Setting next_dagrun for latest_only to 2023-11-20T12:06:01.426307+00:00, run_after=2023-11-20T16:06:01.426307+00:00
[2023-11-20T21:06:01.512+0500] {processor.py:179} INFO - Processing /usr/local/lib/python3.10/dist-packages/airflow/example_dags/example_latest_only.py took 0.795 seconds
[2023-11-20T21:06:31.902+0500] {processor.py:157} INFO - Started process (PID=27504) to work on /usr/local/lib/python3.10/dist-packages/airflow/example_dags/example_latest_only.py
[2023-11-20T21:06:31.913+0500] {processor.py:829} INFO - Processing file /usr/local/lib/python3.10/dist-packages/airflow/example_dags/example_latest_only.py for tasks to queue
[2023-11-20T21:06:31.917+0500] {logging_mixin.py:154} INFO - [2023-11-20T21:06:31.916+0500] {dagbag.py:536} INFO - Filling up the DagBag from /usr/local/lib/python3.10/dist-packages/airflow/example_dags/example_latest_only.py
[2023-11-20T21:06:31.971+0500] {processor.py:839} INFO - DAG(s) dict_keys(['latest_only']) retrieved from /usr/local/lib/python3.10/dist-packages/airflow/example_dags/example_latest_only.py
[2023-11-20T21:06:32.113+0500] {logging_mixin.py:154} INFO - [2023-11-20T21:06:32.112+0500] {dag.py:2941} INFO - Sync 1 DAGs
[2023-11-20T21:06:32.242+0500] {logging_mixin.py:154} INFO - [2023-11-20T21:06:32.241+0500] {dag.py:3722} INFO - Setting next_dagrun for latest_only to 2023-11-20T12:06:32.240866+00:00, run_after=2023-11-20T16:06:32.240866+00:00
[2023-11-20T21:06:32.376+0500] {processor.py:179} INFO - Processing /usr/local/lib/python3.10/dist-packages/airflow/example_dags/example_latest_only.py took 0.487 seconds
[2023-11-20T21:07:03.431+0500] {processor.py:157} INFO - Started process (PID=27817) to work on /usr/local/lib/python3.10/dist-packages/airflow/example_dags/example_latest_only.py
[2023-11-20T21:07:03.436+0500] {processor.py:829} INFO - Processing file /usr/local/lib/python3.10/dist-packages/airflow/example_dags/example_latest_only.py for tasks to queue
[2023-11-20T21:07:03.443+0500] {logging_mixin.py:154} INFO - [2023-11-20T21:07:03.439+0500] {dagbag.py:536} INFO - Filling up the DagBag from /usr/local/lib/python3.10/dist-packages/airflow/example_dags/example_latest_only.py
[2023-11-20T21:07:03.512+0500] {processor.py:839} INFO - DAG(s) dict_keys(['latest_only']) retrieved from /usr/local/lib/python3.10/dist-packages/airflow/example_dags/example_latest_only.py
[2023-11-20T21:07:03.668+0500] {logging_mixin.py:154} INFO - [2023-11-20T21:07:03.668+0500] {dag.py:2941} INFO - Sync 1 DAGs
[2023-11-20T21:07:04.039+0500] {logging_mixin.py:154} INFO - [2023-11-20T21:07:04.033+0500] {dag.py:3722} INFO - Setting next_dagrun for latest_only to 2023-11-20T12:07:04.033052+00:00, run_after=2023-11-20T16:07:04.033052+00:00
[2023-11-20T21:07:04.232+0500] {processor.py:179} INFO - Processing /usr/local/lib/python3.10/dist-packages/airflow/example_dags/example_latest_only.py took 0.831 seconds
[2023-11-20T21:07:35.310+0500] {processor.py:157} INFO - Started process (PID=28053) to work on /usr/local/lib/python3.10/dist-packages/airflow/example_dags/example_latest_only.py
[2023-11-20T21:07:35.315+0500] {processor.py:829} INFO - Processing file /usr/local/lib/python3.10/dist-packages/airflow/example_dags/example_latest_only.py for tasks to queue
[2023-11-20T21:07:35.319+0500] {logging_mixin.py:154} INFO - [2023-11-20T21:07:35.318+0500] {dagbag.py:536} INFO - Filling up the DagBag from /usr/local/lib/python3.10/dist-packages/airflow/example_dags/example_latest_only.py
[2023-11-20T21:07:35.360+0500] {processor.py:839} INFO - DAG(s) dict_keys(['latest_only']) retrieved from /usr/local/lib/python3.10/dist-packages/airflow/example_dags/example_latest_only.py
[2023-11-20T21:07:35.558+0500] {logging_mixin.py:154} INFO - [2023-11-20T21:07:35.557+0500] {dag.py:2941} INFO - Sync 1 DAGs
[2023-11-20T21:07:35.695+0500] {logging_mixin.py:154} INFO - [2023-11-20T21:07:35.694+0500] {dag.py:3722} INFO - Setting next_dagrun for latest_only to 2023-11-20T12:07:35.693555+00:00, run_after=2023-11-20T16:07:35.693555+00:00
[2023-11-20T21:07:35.788+0500] {processor.py:179} INFO - Processing /usr/local/lib/python3.10/dist-packages/airflow/example_dags/example_latest_only.py took 0.491 seconds
[2023-11-20T21:08:08.568+0500] {processor.py:157} INFO - Started process (PID=28285) to work on /usr/local/lib/python3.10/dist-packages/airflow/example_dags/example_latest_only.py
[2023-11-20T21:08:08.571+0500] {processor.py:829} INFO - Processing file /usr/local/lib/python3.10/dist-packages/airflow/example_dags/example_latest_only.py for tasks to queue
[2023-11-20T21:08:08.582+0500] {logging_mixin.py:154} INFO - [2023-11-20T21:08:08.581+0500] {dagbag.py:536} INFO - Filling up the DagBag from /usr/local/lib/python3.10/dist-packages/airflow/example_dags/example_latest_only.py
[2023-11-20T21:08:08.627+0500] {processor.py:839} INFO - DAG(s) dict_keys(['latest_only']) retrieved from /usr/local/lib/python3.10/dist-packages/airflow/example_dags/example_latest_only.py
[2023-11-20T21:08:08.773+0500] {logging_mixin.py:154} INFO - [2023-11-20T21:08:08.772+0500] {dag.py:2941} INFO - Sync 1 DAGs
[2023-11-20T21:08:08.887+0500] {logging_mixin.py:154} INFO - [2023-11-20T21:08:08.886+0500] {dag.py:3722} INFO - Setting next_dagrun for latest_only to 2023-11-20T12:08:08.886015+00:00, run_after=2023-11-20T16:08:08.886015+00:00
[2023-11-20T21:08:09.023+0500] {processor.py:179} INFO - Processing /usr/local/lib/python3.10/dist-packages/airflow/example_dags/example_latest_only.py took 0.469 seconds
[2023-11-20T21:08:40.342+0500] {processor.py:157} INFO - Started process (PID=28507) to work on /usr/local/lib/python3.10/dist-packages/airflow/example_dags/example_latest_only.py
[2023-11-20T21:08:40.349+0500] {processor.py:829} INFO - Processing file /usr/local/lib/python3.10/dist-packages/airflow/example_dags/example_latest_only.py for tasks to queue
[2023-11-20T21:08:40.354+0500] {logging_mixin.py:154} INFO - [2023-11-20T21:08:40.352+0500] {dagbag.py:536} INFO - Filling up the DagBag from /usr/local/lib/python3.10/dist-packages/airflow/example_dags/example_latest_only.py
[2023-11-20T21:08:40.378+0500] {processor.py:839} INFO - DAG(s) dict_keys(['latest_only']) retrieved from /usr/local/lib/python3.10/dist-packages/airflow/example_dags/example_latest_only.py
[2023-11-20T21:08:40.529+0500] {logging_mixin.py:154} INFO - [2023-11-20T21:08:40.528+0500] {dag.py:2941} INFO - Sync 1 DAGs
[2023-11-20T21:08:40.653+0500] {logging_mixin.py:154} INFO - [2023-11-20T21:08:40.653+0500] {dag.py:3722} INFO - Setting next_dagrun for latest_only to 2023-11-20T12:08:40.652147+00:00, run_after=2023-11-20T16:08:40.652147+00:00
[2023-11-20T21:08:40.745+0500] {processor.py:179} INFO - Processing /usr/local/lib/python3.10/dist-packages/airflow/example_dags/example_latest_only.py took 0.416 seconds
[2023-11-20T21:09:11.478+0500] {processor.py:157} INFO - Started process (PID=28693) to work on /usr/local/lib/python3.10/dist-packages/airflow/example_dags/example_latest_only.py
[2023-11-20T21:09:11.481+0500] {processor.py:829} INFO - Processing file /usr/local/lib/python3.10/dist-packages/airflow/example_dags/example_latest_only.py for tasks to queue
[2023-11-20T21:09:11.484+0500] {logging_mixin.py:154} INFO - [2023-11-20T21:09:11.483+0500] {dagbag.py:536} INFO - Filling up the DagBag from /usr/local/lib/python3.10/dist-packages/airflow/example_dags/example_latest_only.py
[2023-11-20T21:09:11.505+0500] {processor.py:839} INFO - DAG(s) dict_keys(['latest_only']) retrieved from /usr/local/lib/python3.10/dist-packages/airflow/example_dags/example_latest_only.py
[2023-11-20T21:09:11.617+0500] {logging_mixin.py:154} INFO - [2023-11-20T21:09:11.616+0500] {dag.py:2941} INFO - Sync 1 DAGs
[2023-11-20T21:09:11.735+0500] {logging_mixin.py:154} INFO - [2023-11-20T21:09:11.731+0500] {dag.py:3722} INFO - Setting next_dagrun for latest_only to 2023-11-20T12:09:11.730491+00:00, run_after=2023-11-20T16:09:11.730491+00:00
[2023-11-20T21:09:11.820+0500] {processor.py:179} INFO - Processing /usr/local/lib/python3.10/dist-packages/airflow/example_dags/example_latest_only.py took 0.354 seconds
[2023-11-20T21:09:42.048+0500] {processor.py:157} INFO - Started process (PID=28924) to work on /usr/local/lib/python3.10/dist-packages/airflow/example_dags/example_latest_only.py
[2023-11-20T21:09:42.051+0500] {processor.py:829} INFO - Processing file /usr/local/lib/python3.10/dist-packages/airflow/example_dags/example_latest_only.py for tasks to queue
[2023-11-20T21:09:42.054+0500] {logging_mixin.py:154} INFO - [2023-11-20T21:09:42.053+0500] {dagbag.py:536} INFO - Filling up the DagBag from /usr/local/lib/python3.10/dist-packages/airflow/example_dags/example_latest_only.py
[2023-11-20T21:09:42.075+0500] {processor.py:839} INFO - DAG(s) dict_keys(['latest_only']) retrieved from /usr/local/lib/python3.10/dist-packages/airflow/example_dags/example_latest_only.py
[2023-11-20T21:09:42.173+0500] {logging_mixin.py:154} INFO - [2023-11-20T21:09:42.172+0500] {dag.py:2941} INFO - Sync 1 DAGs
[2023-11-20T21:09:42.274+0500] {logging_mixin.py:154} INFO - [2023-11-20T21:09:42.274+0500] {dag.py:3722} INFO - Setting next_dagrun for latest_only to 2023-11-20T12:09:42.273290+00:00, run_after=2023-11-20T16:09:42.273290+00:00
[2023-11-20T21:09:42.355+0500] {processor.py:179} INFO - Processing /usr/local/lib/python3.10/dist-packages/airflow/example_dags/example_latest_only.py took 0.318 seconds
[2023-11-20T21:10:13.083+0500] {processor.py:157} INFO - Started process (PID=29203) to work on /usr/local/lib/python3.10/dist-packages/airflow/example_dags/example_latest_only.py
[2023-11-20T21:10:13.087+0500] {processor.py:829} INFO - Processing file /usr/local/lib/python3.10/dist-packages/airflow/example_dags/example_latest_only.py for tasks to queue
[2023-11-20T21:10:13.090+0500] {logging_mixin.py:154} INFO - [2023-11-20T21:10:13.089+0500] {dagbag.py:536} INFO - Filling up the DagBag from /usr/local/lib/python3.10/dist-packages/airflow/example_dags/example_latest_only.py
[2023-11-20T21:10:13.115+0500] {processor.py:839} INFO - DAG(s) dict_keys(['latest_only']) retrieved from /usr/local/lib/python3.10/dist-packages/airflow/example_dags/example_latest_only.py
[2023-11-20T21:10:13.261+0500] {logging_mixin.py:154} INFO - [2023-11-20T21:10:13.260+0500] {dag.py:2941} INFO - Sync 1 DAGs
[2023-11-20T21:10:13.409+0500] {logging_mixin.py:154} INFO - [2023-11-20T21:10:13.408+0500] {dag.py:3722} INFO - Setting next_dagrun for latest_only to 2023-11-20T12:10:13.407988+00:00, run_after=2023-11-20T16:10:13.407988+00:00
[2023-11-20T21:10:13.520+0500] {processor.py:179} INFO - Processing /usr/local/lib/python3.10/dist-packages/airflow/example_dags/example_latest_only.py took 0.450 seconds
[2023-11-20T21:10:44.358+0500] {processor.py:157} INFO - Started process (PID=29377) to work on /usr/local/lib/python3.10/dist-packages/airflow/example_dags/example_latest_only.py
[2023-11-20T21:10:44.361+0500] {processor.py:829} INFO - Processing file /usr/local/lib/python3.10/dist-packages/airflow/example_dags/example_latest_only.py for tasks to queue
[2023-11-20T21:10:44.364+0500] {logging_mixin.py:154} INFO - [2023-11-20T21:10:44.363+0500] {dagbag.py:536} INFO - Filling up the DagBag from /usr/local/lib/python3.10/dist-packages/airflow/example_dags/example_latest_only.py
[2023-11-20T21:10:44.386+0500] {processor.py:839} INFO - DAG(s) dict_keys(['latest_only']) retrieved from /usr/local/lib/python3.10/dist-packages/airflow/example_dags/example_latest_only.py
[2023-11-20T21:10:44.485+0500] {logging_mixin.py:154} INFO - [2023-11-20T21:10:44.484+0500] {dag.py:2941} INFO - Sync 1 DAGs
[2023-11-20T21:10:44.586+0500] {logging_mixin.py:154} INFO - [2023-11-20T21:10:44.585+0500] {dag.py:3722} INFO - Setting next_dagrun for latest_only to 2023-11-20T12:10:44.584826+00:00, run_after=2023-11-20T16:10:44.584826+00:00
[2023-11-20T21:10:44.667+0500] {processor.py:179} INFO - Processing /usr/local/lib/python3.10/dist-packages/airflow/example_dags/example_latest_only.py took 0.320 seconds
[2023-11-20T21:11:15.438+0500] {processor.py:157} INFO - Started process (PID=29540) to work on /usr/local/lib/python3.10/dist-packages/airflow/example_dags/example_latest_only.py
[2023-11-20T21:11:15.441+0500] {processor.py:829} INFO - Processing file /usr/local/lib/python3.10/dist-packages/airflow/example_dags/example_latest_only.py for tasks to queue
[2023-11-20T21:11:15.444+0500] {logging_mixin.py:154} INFO - [2023-11-20T21:11:15.443+0500] {dagbag.py:536} INFO - Filling up the DagBag from /usr/local/lib/python3.10/dist-packages/airflow/example_dags/example_latest_only.py
[2023-11-20T21:11:15.465+0500] {processor.py:839} INFO - DAG(s) dict_keys(['latest_only']) retrieved from /usr/local/lib/python3.10/dist-packages/airflow/example_dags/example_latest_only.py
[2023-11-20T21:11:15.567+0500] {logging_mixin.py:154} INFO - [2023-11-20T21:11:15.566+0500] {dag.py:2941} INFO - Sync 1 DAGs
[2023-11-20T21:11:15.673+0500] {logging_mixin.py:154} INFO - [2023-11-20T21:11:15.672+0500] {dag.py:3722} INFO - Setting next_dagrun for latest_only to 2023-11-20T12:11:15.671883+00:00, run_after=2023-11-20T16:11:15.671883+00:00
[2023-11-20T21:11:15.755+0500] {processor.py:179} INFO - Processing /usr/local/lib/python3.10/dist-packages/airflow/example_dags/example_latest_only.py took 0.329 seconds
[2023-11-20T21:11:46.672+0500] {processor.py:157} INFO - Started process (PID=29705) to work on /usr/local/lib/python3.10/dist-packages/airflow/example_dags/example_latest_only.py
[2023-11-20T21:11:46.679+0500] {processor.py:829} INFO - Processing file /usr/local/lib/python3.10/dist-packages/airflow/example_dags/example_latest_only.py for tasks to queue
[2023-11-20T21:11:46.683+0500] {logging_mixin.py:154} INFO - [2023-11-20T21:11:46.682+0500] {dagbag.py:536} INFO - Filling up the DagBag from /usr/local/lib/python3.10/dist-packages/airflow/example_dags/example_latest_only.py
[2023-11-20T21:11:46.712+0500] {processor.py:839} INFO - DAG(s) dict_keys(['latest_only']) retrieved from /usr/local/lib/python3.10/dist-packages/airflow/example_dags/example_latest_only.py
[2023-11-20T21:11:46.869+0500] {logging_mixin.py:154} INFO - [2023-11-20T21:11:46.868+0500] {dag.py:2941} INFO - Sync 1 DAGs
[2023-11-20T21:11:47.011+0500] {logging_mixin.py:154} INFO - [2023-11-20T21:11:47.009+0500] {dag.py:3722} INFO - Setting next_dagrun for latest_only to 2023-11-20T12:11:47.007955+00:00, run_after=2023-11-20T16:11:47.007955+00:00
[2023-11-20T21:11:47.111+0500] {processor.py:179} INFO - Processing /usr/local/lib/python3.10/dist-packages/airflow/example_dags/example_latest_only.py took 0.462 seconds
[2023-11-20T21:12:18.535+0500] {processor.py:157} INFO - Started process (PID=29914) to work on /usr/local/lib/python3.10/dist-packages/airflow/example_dags/example_latest_only.py
[2023-11-20T21:12:18.539+0500] {processor.py:829} INFO - Processing file /usr/local/lib/python3.10/dist-packages/airflow/example_dags/example_latest_only.py for tasks to queue
[2023-11-20T21:12:18.542+0500] {logging_mixin.py:154} INFO - [2023-11-20T21:12:18.541+0500] {dagbag.py:536} INFO - Filling up the DagBag from /usr/local/lib/python3.10/dist-packages/airflow/example_dags/example_latest_only.py
[2023-11-20T21:12:18.575+0500] {processor.py:839} INFO - DAG(s) dict_keys(['latest_only']) retrieved from /usr/local/lib/python3.10/dist-packages/airflow/example_dags/example_latest_only.py
[2023-11-20T21:12:18.701+0500] {logging_mixin.py:154} INFO - [2023-11-20T21:12:18.700+0500] {dag.py:2941} INFO - Sync 1 DAGs
[2023-11-20T21:12:18.831+0500] {logging_mixin.py:154} INFO - [2023-11-20T21:12:18.830+0500] {dag.py:3722} INFO - Setting next_dagrun for latest_only to 2023-11-20T12:12:18.829412+00:00, run_after=2023-11-20T16:12:18.829412+00:00
[2023-11-20T21:12:19.084+0500] {processor.py:179} INFO - Processing /usr/local/lib/python3.10/dist-packages/airflow/example_dags/example_latest_only.py took 0.567 seconds
[2023-11-20T21:12:49.501+0500] {processor.py:157} INFO - Started process (PID=30109) to work on /usr/local/lib/python3.10/dist-packages/airflow/example_dags/example_latest_only.py
[2023-11-20T21:12:49.504+0500] {processor.py:829} INFO - Processing file /usr/local/lib/python3.10/dist-packages/airflow/example_dags/example_latest_only.py for tasks to queue
[2023-11-20T21:12:49.508+0500] {logging_mixin.py:154} INFO - [2023-11-20T21:12:49.507+0500] {dagbag.py:536} INFO - Filling up the DagBag from /usr/local/lib/python3.10/dist-packages/airflow/example_dags/example_latest_only.py
[2023-11-20T21:12:49.541+0500] {processor.py:839} INFO - DAG(s) dict_keys(['latest_only']) retrieved from /usr/local/lib/python3.10/dist-packages/airflow/example_dags/example_latest_only.py
[2023-11-20T21:12:49.669+0500] {logging_mixin.py:154} INFO - [2023-11-20T21:12:49.669+0500] {dag.py:2941} INFO - Sync 1 DAGs
[2023-11-20T21:12:49.858+0500] {logging_mixin.py:154} INFO - [2023-11-20T21:12:49.857+0500] {dag.py:3722} INFO - Setting next_dagrun for latest_only to 2023-11-20T12:12:49.857102+00:00, run_after=2023-11-20T16:12:49.857102+00:00
[2023-11-20T21:12:50.031+0500] {processor.py:179} INFO - Processing /usr/local/lib/python3.10/dist-packages/airflow/example_dags/example_latest_only.py took 0.546 seconds
[2023-11-20T21:13:20.987+0500] {processor.py:157} INFO - Started process (PID=30283) to work on /usr/local/lib/python3.10/dist-packages/airflow/example_dags/example_latest_only.py
[2023-11-20T21:13:20.990+0500] {processor.py:829} INFO - Processing file /usr/local/lib/python3.10/dist-packages/airflow/example_dags/example_latest_only.py for tasks to queue
[2023-11-20T21:13:20.994+0500] {logging_mixin.py:154} INFO - [2023-11-20T21:13:20.993+0500] {dagbag.py:536} INFO - Filling up the DagBag from /usr/local/lib/python3.10/dist-packages/airflow/example_dags/example_latest_only.py
[2023-11-20T21:13:21.017+0500] {processor.py:839} INFO - DAG(s) dict_keys(['latest_only']) retrieved from /usr/local/lib/python3.10/dist-packages/airflow/example_dags/example_latest_only.py
[2023-11-20T21:13:21.141+0500] {logging_mixin.py:154} INFO - [2023-11-20T21:13:21.140+0500] {dag.py:2941} INFO - Sync 1 DAGs
[2023-11-20T21:13:21.341+0500] {logging_mixin.py:154} INFO - [2023-11-20T21:13:21.340+0500] {dag.py:3722} INFO - Setting next_dagrun for latest_only to 2023-11-20T12:13:21.339486+00:00, run_after=2023-11-20T16:13:21.339486+00:00
[2023-11-20T21:13:21.538+0500] {processor.py:179} INFO - Processing /usr/local/lib/python3.10/dist-packages/airflow/example_dags/example_latest_only.py took 0.565 seconds
[2023-11-20T21:13:52.855+0500] {processor.py:157} INFO - Started process (PID=30385) to work on /usr/local/lib/python3.10/dist-packages/airflow/example_dags/example_latest_only.py
[2023-11-20T21:13:52.858+0500] {processor.py:829} INFO - Processing file /usr/local/lib/python3.10/dist-packages/airflow/example_dags/example_latest_only.py for tasks to queue
[2023-11-20T21:13:52.861+0500] {logging_mixin.py:154} INFO - [2023-11-20T21:13:52.860+0500] {dagbag.py:536} INFO - Filling up the DagBag from /usr/local/lib/python3.10/dist-packages/airflow/example_dags/example_latest_only.py
[2023-11-20T21:13:52.883+0500] {processor.py:839} INFO - DAG(s) dict_keys(['latest_only']) retrieved from /usr/local/lib/python3.10/dist-packages/airflow/example_dags/example_latest_only.py
[2023-11-20T21:13:52.984+0500] {logging_mixin.py:154} INFO - [2023-11-20T21:13:52.983+0500] {dag.py:2941} INFO - Sync 1 DAGs
[2023-11-20T21:13:53.086+0500] {logging_mixin.py:154} INFO - [2023-11-20T21:13:53.085+0500] {dag.py:3722} INFO - Setting next_dagrun for latest_only to 2023-11-20T12:13:53.084938+00:00, run_after=2023-11-20T16:13:53.084938+00:00
[2023-11-20T21:13:53.165+0500] {processor.py:179} INFO - Processing /usr/local/lib/python3.10/dist-packages/airflow/example_dags/example_latest_only.py took 0.322 seconds
[2023-11-20T21:14:24.573+0500] {processor.py:157} INFO - Started process (PID=30499) to work on /usr/local/lib/python3.10/dist-packages/airflow/example_dags/example_latest_only.py
[2023-11-20T21:14:24.576+0500] {processor.py:829} INFO - Processing file /usr/local/lib/python3.10/dist-packages/airflow/example_dags/example_latest_only.py for tasks to queue
[2023-11-20T21:14:24.579+0500] {logging_mixin.py:154} INFO - [2023-11-20T21:14:24.578+0500] {dagbag.py:536} INFO - Filling up the DagBag from /usr/local/lib/python3.10/dist-packages/airflow/example_dags/example_latest_only.py
[2023-11-20T21:14:24.600+0500] {processor.py:839} INFO - DAG(s) dict_keys(['latest_only']) retrieved from /usr/local/lib/python3.10/dist-packages/airflow/example_dags/example_latest_only.py
[2023-11-20T21:14:24.717+0500] {logging_mixin.py:154} INFO - [2023-11-20T21:14:24.716+0500] {dag.py:2941} INFO - Sync 1 DAGs
[2023-11-20T21:14:24.837+0500] {logging_mixin.py:154} INFO - [2023-11-20T21:14:24.837+0500] {dag.py:3722} INFO - Setting next_dagrun for latest_only to 2023-11-20T12:14:24.836246+00:00, run_after=2023-11-20T16:14:24.836246+00:00
[2023-11-20T21:14:24.918+0500] {processor.py:179} INFO - Processing /usr/local/lib/python3.10/dist-packages/airflow/example_dags/example_latest_only.py took 0.357 seconds
[2023-11-20T21:15:10.383+0500] {processor.py:157} INFO - Started process (PID=30791) to work on /usr/local/lib/python3.10/dist-packages/airflow/example_dags/example_latest_only.py
[2023-11-20T21:15:10.388+0500] {processor.py:829} INFO - Processing file /usr/local/lib/python3.10/dist-packages/airflow/example_dags/example_latest_only.py for tasks to queue
[2023-11-20T21:15:10.392+0500] {logging_mixin.py:154} INFO - [2023-11-20T21:15:10.391+0500] {dagbag.py:536} INFO - Filling up the DagBag from /usr/local/lib/python3.10/dist-packages/airflow/example_dags/example_latest_only.py
[2023-11-20T21:15:10.441+0500] {processor.py:839} INFO - DAG(s) dict_keys(['latest_only']) retrieved from /usr/local/lib/python3.10/dist-packages/airflow/example_dags/example_latest_only.py
[2023-11-20T21:15:10.645+0500] {logging_mixin.py:154} INFO - [2023-11-20T21:15:10.645+0500] {dag.py:2941} INFO - Sync 1 DAGs
[2023-11-20T21:15:10.781+0500] {logging_mixin.py:154} INFO - [2023-11-20T21:15:10.780+0500] {dag.py:3722} INFO - Setting next_dagrun for latest_only to 2023-11-20T12:15:10.779932+00:00, run_after=2023-11-20T16:15:10.779932+00:00
[2023-11-20T21:15:10.965+0500] {processor.py:179} INFO - Processing /usr/local/lib/python3.10/dist-packages/airflow/example_dags/example_latest_only.py took 0.595 seconds
[2023-11-20T21:15:41.231+0500] {processor.py:157} INFO - Started process (PID=31002) to work on /usr/local/lib/python3.10/dist-packages/airflow/example_dags/example_latest_only.py
[2023-11-20T21:15:41.234+0500] {processor.py:829} INFO - Processing file /usr/local/lib/python3.10/dist-packages/airflow/example_dags/example_latest_only.py for tasks to queue
[2023-11-20T21:15:41.237+0500] {logging_mixin.py:154} INFO - [2023-11-20T21:15:41.236+0500] {dagbag.py:536} INFO - Filling up the DagBag from /usr/local/lib/python3.10/dist-packages/airflow/example_dags/example_latest_only.py
[2023-11-20T21:15:41.259+0500] {processor.py:839} INFO - DAG(s) dict_keys(['latest_only']) retrieved from /usr/local/lib/python3.10/dist-packages/airflow/example_dags/example_latest_only.py
[2023-11-20T21:15:41.360+0500] {logging_mixin.py:154} INFO - [2023-11-20T21:15:41.359+0500] {dag.py:2941} INFO - Sync 1 DAGs
[2023-11-20T21:15:41.459+0500] {logging_mixin.py:154} INFO - [2023-11-20T21:15:41.458+0500] {dag.py:3722} INFO - Setting next_dagrun for latest_only to 2023-11-20T12:15:41.457717+00:00, run_after=2023-11-20T16:15:41.457717+00:00
[2023-11-20T21:15:41.538+0500] {processor.py:179} INFO - Processing /usr/local/lib/python3.10/dist-packages/airflow/example_dags/example_latest_only.py took 0.319 seconds
[2023-11-20T21:16:13.315+0500] {processor.py:157} INFO - Started process (PID=31159) to work on /usr/local/lib/python3.10/dist-packages/airflow/example_dags/example_latest_only.py
[2023-11-20T21:16:13.318+0500] {processor.py:829} INFO - Processing file /usr/local/lib/python3.10/dist-packages/airflow/example_dags/example_latest_only.py for tasks to queue
[2023-11-20T21:16:13.321+0500] {logging_mixin.py:154} INFO - [2023-11-20T21:16:13.320+0500] {dagbag.py:536} INFO - Filling up the DagBag from /usr/local/lib/python3.10/dist-packages/airflow/example_dags/example_latest_only.py
[2023-11-20T21:16:13.341+0500] {processor.py:839} INFO - DAG(s) dict_keys(['latest_only']) retrieved from /usr/local/lib/python3.10/dist-packages/airflow/example_dags/example_latest_only.py
[2023-11-20T21:16:13.444+0500] {logging_mixin.py:154} INFO - [2023-11-20T21:16:13.443+0500] {dag.py:2941} INFO - Sync 1 DAGs
[2023-11-20T21:16:13.546+0500] {logging_mixin.py:154} INFO - [2023-11-20T21:16:13.545+0500] {dag.py:3722} INFO - Setting next_dagrun for latest_only to 2023-11-20T12:16:13.544869+00:00, run_after=2023-11-20T16:16:13.544869+00:00
[2023-11-20T21:16:13.628+0500] {processor.py:179} INFO - Processing /usr/local/lib/python3.10/dist-packages/airflow/example_dags/example_latest_only.py took 0.325 seconds
[2023-11-20T21:16:46.212+0500] {processor.py:157} INFO - Started process (PID=31258) to work on /usr/local/lib/python3.10/dist-packages/airflow/example_dags/example_latest_only.py
[2023-11-20T21:16:46.215+0500] {processor.py:829} INFO - Processing file /usr/local/lib/python3.10/dist-packages/airflow/example_dags/example_latest_only.py for tasks to queue
[2023-11-20T21:16:46.218+0500] {logging_mixin.py:154} INFO - [2023-11-20T21:16:46.217+0500] {dagbag.py:536} INFO - Filling up the DagBag from /usr/local/lib/python3.10/dist-packages/airflow/example_dags/example_latest_only.py
[2023-11-20T21:16:46.239+0500] {processor.py:839} INFO - DAG(s) dict_keys(['latest_only']) retrieved from /usr/local/lib/python3.10/dist-packages/airflow/example_dags/example_latest_only.py
[2023-11-20T21:16:46.348+0500] {logging_mixin.py:154} INFO - [2023-11-20T21:16:46.347+0500] {dag.py:2941} INFO - Sync 1 DAGs
[2023-11-20T21:16:46.476+0500] {logging_mixin.py:154} INFO - [2023-11-20T21:16:46.475+0500] {dag.py:3722} INFO - Setting next_dagrun for latest_only to 2023-11-20T12:16:46.473867+00:00, run_after=2023-11-20T16:16:46.473867+00:00
[2023-11-20T21:16:46.573+0500] {processor.py:179} INFO - Processing /usr/local/lib/python3.10/dist-packages/airflow/example_dags/example_latest_only.py took 0.372 seconds
[2023-11-20T21:17:19.560+0500] {processor.py:157} INFO - Started process (PID=31388) to work on /usr/local/lib/python3.10/dist-packages/airflow/example_dags/example_latest_only.py
[2023-11-20T21:17:19.565+0500] {processor.py:829} INFO - Processing file /usr/local/lib/python3.10/dist-packages/airflow/example_dags/example_latest_only.py for tasks to queue
[2023-11-20T21:17:19.568+0500] {logging_mixin.py:154} INFO - [2023-11-20T21:17:19.567+0500] {dagbag.py:536} INFO - Filling up the DagBag from /usr/local/lib/python3.10/dist-packages/airflow/example_dags/example_latest_only.py
[2023-11-20T21:17:19.596+0500] {processor.py:839} INFO - DAG(s) dict_keys(['latest_only']) retrieved from /usr/local/lib/python3.10/dist-packages/airflow/example_dags/example_latest_only.py
[2023-11-20T21:17:19.765+0500] {logging_mixin.py:154} INFO - [2023-11-20T21:17:19.765+0500] {dag.py:2941} INFO - Sync 1 DAGs
[2023-11-20T21:17:19.891+0500] {logging_mixin.py:154} INFO - [2023-11-20T21:17:19.890+0500] {dag.py:3722} INFO - Setting next_dagrun for latest_only to 2023-11-20T12:17:19.889427+00:00, run_after=2023-11-20T16:17:19.889427+00:00
[2023-11-20T21:17:20.035+0500] {processor.py:179} INFO - Processing /usr/local/lib/python3.10/dist-packages/airflow/example_dags/example_latest_only.py took 0.492 seconds
[2023-11-20T21:17:51.491+0500] {processor.py:157} INFO - Started process (PID=31499) to work on /usr/local/lib/python3.10/dist-packages/airflow/example_dags/example_latest_only.py
[2023-11-20T21:17:51.495+0500] {processor.py:829} INFO - Processing file /usr/local/lib/python3.10/dist-packages/airflow/example_dags/example_latest_only.py for tasks to queue
[2023-11-20T21:17:51.498+0500] {logging_mixin.py:154} INFO - [2023-11-20T21:17:51.497+0500] {dagbag.py:536} INFO - Filling up the DagBag from /usr/local/lib/python3.10/dist-packages/airflow/example_dags/example_latest_only.py
[2023-11-20T21:17:51.521+0500] {processor.py:839} INFO - DAG(s) dict_keys(['latest_only']) retrieved from /usr/local/lib/python3.10/dist-packages/airflow/example_dags/example_latest_only.py
[2023-11-20T21:17:51.631+0500] {logging_mixin.py:154} INFO - [2023-11-20T21:17:51.630+0500] {dag.py:2941} INFO - Sync 1 DAGs
[2023-11-20T21:17:51.738+0500] {logging_mixin.py:154} INFO - [2023-11-20T21:17:51.738+0500] {dag.py:3722} INFO - Setting next_dagrun for latest_only to 2023-11-20T12:17:51.737355+00:00, run_after=2023-11-20T16:17:51.737355+00:00
[2023-11-20T21:17:51.816+0500] {processor.py:179} INFO - Processing /usr/local/lib/python3.10/dist-packages/airflow/example_dags/example_latest_only.py took 0.338 seconds
[2023-11-20T21:18:26.974+0500] {processor.py:157} INFO - Started process (PID=31625) to work on /usr/local/lib/python3.10/dist-packages/airflow/example_dags/example_latest_only.py
[2023-11-20T21:18:26.977+0500] {processor.py:829} INFO - Processing file /usr/local/lib/python3.10/dist-packages/airflow/example_dags/example_latest_only.py for tasks to queue
[2023-11-20T21:18:26.980+0500] {logging_mixin.py:154} INFO - [2023-11-20T21:18:26.979+0500] {dagbag.py:536} INFO - Filling up the DagBag from /usr/local/lib/python3.10/dist-packages/airflow/example_dags/example_latest_only.py
[2023-11-20T21:18:27.001+0500] {processor.py:839} INFO - DAG(s) dict_keys(['latest_only']) retrieved from /usr/local/lib/python3.10/dist-packages/airflow/example_dags/example_latest_only.py
[2023-11-20T21:18:27.103+0500] {logging_mixin.py:154} INFO - [2023-11-20T21:18:27.102+0500] {dag.py:2941} INFO - Sync 1 DAGs
[2023-11-20T21:18:27.207+0500] {logging_mixin.py:154} INFO - [2023-11-20T21:18:27.206+0500] {dag.py:3722} INFO - Setting next_dagrun for latest_only to 2023-11-20T12:18:27.205240+00:00, run_after=2023-11-20T16:18:27.205240+00:00
[2023-11-20T21:18:27.296+0500] {processor.py:179} INFO - Processing /usr/local/lib/python3.10/dist-packages/airflow/example_dags/example_latest_only.py took 0.334 seconds
[2023-11-20T21:19:00.315+0500] {processor.py:157} INFO - Started process (PID=31735) to work on /usr/local/lib/python3.10/dist-packages/airflow/example_dags/example_latest_only.py
[2023-11-20T21:19:00.318+0500] {processor.py:829} INFO - Processing file /usr/local/lib/python3.10/dist-packages/airflow/example_dags/example_latest_only.py for tasks to queue
[2023-11-20T21:19:00.321+0500] {logging_mixin.py:154} INFO - [2023-11-20T21:19:00.320+0500] {dagbag.py:536} INFO - Filling up the DagBag from /usr/local/lib/python3.10/dist-packages/airflow/example_dags/example_latest_only.py
[2023-11-20T21:19:00.342+0500] {processor.py:839} INFO - DAG(s) dict_keys(['latest_only']) retrieved from /usr/local/lib/python3.10/dist-packages/airflow/example_dags/example_latest_only.py
[2023-11-20T21:19:00.443+0500] {logging_mixin.py:154} INFO - [2023-11-20T21:19:00.442+0500] {dag.py:2941} INFO - Sync 1 DAGs
[2023-11-20T21:19:00.544+0500] {logging_mixin.py:154} INFO - [2023-11-20T21:19:00.544+0500] {dag.py:3722} INFO - Setting next_dagrun for latest_only to 2023-11-20T12:19:00.542994+00:00, run_after=2023-11-20T16:19:00.542994+00:00
[2023-11-20T21:19:00.632+0500] {processor.py:179} INFO - Processing /usr/local/lib/python3.10/dist-packages/airflow/example_dags/example_latest_only.py took 0.329 seconds
[2023-11-20T21:19:31.973+0500] {processor.py:157} INFO - Started process (PID=31891) to work on /usr/local/lib/python3.10/dist-packages/airflow/example_dags/example_latest_only.py
[2023-11-20T21:19:31.976+0500] {processor.py:829} INFO - Processing file /usr/local/lib/python3.10/dist-packages/airflow/example_dags/example_latest_only.py for tasks to queue
[2023-11-20T21:19:31.979+0500] {logging_mixin.py:154} INFO - [2023-11-20T21:19:31.978+0500] {dagbag.py:536} INFO - Filling up the DagBag from /usr/local/lib/python3.10/dist-packages/airflow/example_dags/example_latest_only.py
[2023-11-20T21:19:32.003+0500] {processor.py:839} INFO - DAG(s) dict_keys(['latest_only']) retrieved from /usr/local/lib/python3.10/dist-packages/airflow/example_dags/example_latest_only.py
[2023-11-20T21:19:32.107+0500] {logging_mixin.py:154} INFO - [2023-11-20T21:19:32.107+0500] {dag.py:2941} INFO - Sync 1 DAGs
[2023-11-20T21:19:32.217+0500] {logging_mixin.py:154} INFO - [2023-11-20T21:19:32.216+0500] {dag.py:3722} INFO - Setting next_dagrun for latest_only to 2023-11-20T12:19:32.215874+00:00, run_after=2023-11-20T16:19:32.215874+00:00
[2023-11-20T21:19:32.302+0500] {processor.py:179} INFO - Processing /usr/local/lib/python3.10/dist-packages/airflow/example_dags/example_latest_only.py took 0.341 seconds
[2023-11-20T21:20:08.273+0500] {processor.py:157} INFO - Started process (PID=32456) to work on /usr/local/lib/python3.10/dist-packages/airflow/example_dags/example_latest_only.py
[2023-11-20T21:20:08.276+0500] {processor.py:829} INFO - Processing file /usr/local/lib/python3.10/dist-packages/airflow/example_dags/example_latest_only.py for tasks to queue
[2023-11-20T21:20:08.279+0500] {logging_mixin.py:154} INFO - [2023-11-20T21:20:08.278+0500] {dagbag.py:536} INFO - Filling up the DagBag from /usr/local/lib/python3.10/dist-packages/airflow/example_dags/example_latest_only.py
[2023-11-20T21:20:08.300+0500] {processor.py:839} INFO - DAG(s) dict_keys(['latest_only']) retrieved from /usr/local/lib/python3.10/dist-packages/airflow/example_dags/example_latest_only.py
[2023-11-20T21:20:08.397+0500] {logging_mixin.py:154} INFO - [2023-11-20T21:20:08.396+0500] {dag.py:2941} INFO - Sync 1 DAGs
[2023-11-20T21:20:08.493+0500] {logging_mixin.py:154} INFO - [2023-11-20T21:20:08.492+0500] {dag.py:3722} INFO - Setting next_dagrun for latest_only to 2023-11-20T12:20:08.492015+00:00, run_after=2023-11-20T16:20:08.492015+00:00
[2023-11-20T21:20:08.570+0500] {processor.py:179} INFO - Processing /usr/local/lib/python3.10/dist-packages/airflow/example_dags/example_latest_only.py took 0.309 seconds
[2023-11-20T21:20:40.603+0500] {processor.py:157} INFO - Started process (PID=32678) to work on /usr/local/lib/python3.10/dist-packages/airflow/example_dags/example_latest_only.py
[2023-11-20T21:20:40.606+0500] {processor.py:829} INFO - Processing file /usr/local/lib/python3.10/dist-packages/airflow/example_dags/example_latest_only.py for tasks to queue
[2023-11-20T21:20:40.609+0500] {logging_mixin.py:154} INFO - [2023-11-20T21:20:40.608+0500] {dagbag.py:536} INFO - Filling up the DagBag from /usr/local/lib/python3.10/dist-packages/airflow/example_dags/example_latest_only.py
[2023-11-20T21:20:40.630+0500] {processor.py:839} INFO - DAG(s) dict_keys(['latest_only']) retrieved from /usr/local/lib/python3.10/dist-packages/airflow/example_dags/example_latest_only.py
[2023-11-20T21:20:40.747+0500] {logging_mixin.py:154} INFO - [2023-11-20T21:20:40.746+0500] {dag.py:2941} INFO - Sync 1 DAGs
[2023-11-20T21:20:40.871+0500] {logging_mixin.py:154} INFO - [2023-11-20T21:20:40.870+0500] {dag.py:3722} INFO - Setting next_dagrun for latest_only to 2023-11-20T12:20:40.867875+00:00, run_after=2023-11-20T16:20:40.867875+00:00
[2023-11-20T21:20:40.975+0500] {processor.py:179} INFO - Processing /usr/local/lib/python3.10/dist-packages/airflow/example_dags/example_latest_only.py took 0.384 seconds
[2023-11-20T21:21:36.791+0500] {processor.py:157} INFO - Started process (PID=33001) to work on /usr/local/lib/python3.10/dist-packages/airflow/example_dags/example_latest_only.py
[2023-11-20T21:21:36.795+0500] {processor.py:829} INFO - Processing file /usr/local/lib/python3.10/dist-packages/airflow/example_dags/example_latest_only.py for tasks to queue
[2023-11-20T21:21:36.800+0500] {logging_mixin.py:154} INFO - [2023-11-20T21:21:36.799+0500] {dagbag.py:536} INFO - Filling up the DagBag from /usr/local/lib/python3.10/dist-packages/airflow/example_dags/example_latest_only.py
[2023-11-20T21:21:36.824+0500] {processor.py:839} INFO - DAG(s) dict_keys(['latest_only']) retrieved from /usr/local/lib/python3.10/dist-packages/airflow/example_dags/example_latest_only.py
[2023-11-20T21:21:36.941+0500] {logging_mixin.py:154} INFO - [2023-11-20T21:21:36.940+0500] {dag.py:2941} INFO - Sync 1 DAGs
[2023-11-20T21:21:37.071+0500] {logging_mixin.py:154} INFO - [2023-11-20T21:21:37.065+0500] {dag.py:3722} INFO - Setting next_dagrun for latest_only to 2023-11-20T12:21:37.062199+00:00, run_after=2023-11-20T16:21:37.062199+00:00
[2023-11-20T21:21:37.225+0500] {processor.py:179} INFO - Processing /usr/local/lib/python3.10/dist-packages/airflow/example_dags/example_latest_only.py took 0.446 seconds
[2023-11-20T21:22:13.231+0500] {processor.py:157} INFO - Started process (PID=33155) to work on /usr/local/lib/python3.10/dist-packages/airflow/example_dags/example_latest_only.py
[2023-11-20T21:22:13.238+0500] {processor.py:829} INFO - Processing file /usr/local/lib/python3.10/dist-packages/airflow/example_dags/example_latest_only.py for tasks to queue
[2023-11-20T21:22:13.243+0500] {logging_mixin.py:154} INFO - [2023-11-20T21:22:13.241+0500] {dagbag.py:536} INFO - Filling up the DagBag from /usr/local/lib/python3.10/dist-packages/airflow/example_dags/example_latest_only.py
[2023-11-20T21:22:13.336+0500] {processor.py:839} INFO - DAG(s) dict_keys(['latest_only']) retrieved from /usr/local/lib/python3.10/dist-packages/airflow/example_dags/example_latest_only.py
[2023-11-20T21:22:13.549+0500] {logging_mixin.py:154} INFO - [2023-11-20T21:22:13.548+0500] {dag.py:2941} INFO - Sync 1 DAGs
[2023-11-20T21:22:13.677+0500] {logging_mixin.py:154} INFO - [2023-11-20T21:22:13.674+0500] {dag.py:3722} INFO - Setting next_dagrun for latest_only to 2023-11-20T12:22:13.673057+00:00, run_after=2023-11-20T16:22:13.673057+00:00
[2023-11-20T21:22:13.784+0500] {processor.py:179} INFO - Processing /usr/local/lib/python3.10/dist-packages/airflow/example_dags/example_latest_only.py took 0.567 seconds
[2023-11-20T21:22:44.946+0500] {processor.py:157} INFO - Started process (PID=33257) to work on /usr/local/lib/python3.10/dist-packages/airflow/example_dags/example_latest_only.py
[2023-11-20T21:22:44.952+0500] {processor.py:829} INFO - Processing file /usr/local/lib/python3.10/dist-packages/airflow/example_dags/example_latest_only.py for tasks to queue
[2023-11-20T21:22:44.956+0500] {logging_mixin.py:154} INFO - [2023-11-20T21:22:44.955+0500] {dagbag.py:536} INFO - Filling up the DagBag from /usr/local/lib/python3.10/dist-packages/airflow/example_dags/example_latest_only.py
[2023-11-20T21:22:45.006+0500] {processor.py:839} INFO - DAG(s) dict_keys(['latest_only']) retrieved from /usr/local/lib/python3.10/dist-packages/airflow/example_dags/example_latest_only.py
[2023-11-20T21:22:45.132+0500] {logging_mixin.py:154} INFO - [2023-11-20T21:22:45.132+0500] {dag.py:2941} INFO - Sync 1 DAGs
[2023-11-20T21:22:45.311+0500] {logging_mixin.py:154} INFO - [2023-11-20T21:22:45.310+0500] {dag.py:3722} INFO - Setting next_dagrun for latest_only to 2023-11-20T12:22:45.309875+00:00, run_after=2023-11-20T16:22:45.309875+00:00
[2023-11-20T21:22:45.434+0500] {processor.py:179} INFO - Processing /usr/local/lib/python3.10/dist-packages/airflow/example_dags/example_latest_only.py took 0.521 seconds
[2023-11-20T21:23:15.680+0500] {processor.py:157} INFO - Started process (PID=33433) to work on /usr/local/lib/python3.10/dist-packages/airflow/example_dags/example_latest_only.py
[2023-11-20T21:23:15.683+0500] {processor.py:829} INFO - Processing file /usr/local/lib/python3.10/dist-packages/airflow/example_dags/example_latest_only.py for tasks to queue
[2023-11-20T21:23:15.686+0500] {logging_mixin.py:154} INFO - [2023-11-20T21:23:15.685+0500] {dagbag.py:536} INFO - Filling up the DagBag from /usr/local/lib/python3.10/dist-packages/airflow/example_dags/example_latest_only.py
[2023-11-20T21:23:15.707+0500] {processor.py:839} INFO - DAG(s) dict_keys(['latest_only']) retrieved from /usr/local/lib/python3.10/dist-packages/airflow/example_dags/example_latest_only.py
[2023-11-20T21:23:15.809+0500] {logging_mixin.py:154} INFO - [2023-11-20T21:23:15.809+0500] {dag.py:2941} INFO - Sync 1 DAGs
[2023-11-20T21:23:15.906+0500] {logging_mixin.py:154} INFO - [2023-11-20T21:23:15.905+0500] {dag.py:3722} INFO - Setting next_dagrun for latest_only to 2023-11-20T12:23:15.904967+00:00, run_after=2023-11-20T16:23:15.904967+00:00
[2023-11-20T21:23:15.987+0500] {processor.py:179} INFO - Processing /usr/local/lib/python3.10/dist-packages/airflow/example_dags/example_latest_only.py took 0.319 seconds
[2023-11-20T21:23:46.914+0500] {processor.py:157} INFO - Started process (PID=33545) to work on /usr/local/lib/python3.10/dist-packages/airflow/example_dags/example_latest_only.py
[2023-11-20T21:23:46.920+0500] {processor.py:829} INFO - Processing file /usr/local/lib/python3.10/dist-packages/airflow/example_dags/example_latest_only.py for tasks to queue
[2023-11-20T21:23:46.924+0500] {logging_mixin.py:154} INFO - [2023-11-20T21:23:46.923+0500] {dagbag.py:536} INFO - Filling up the DagBag from /usr/local/lib/python3.10/dist-packages/airflow/example_dags/example_latest_only.py
[2023-11-20T21:23:46.957+0500] {processor.py:839} INFO - DAG(s) dict_keys(['latest_only']) retrieved from /usr/local/lib/python3.10/dist-packages/airflow/example_dags/example_latest_only.py
[2023-11-20T21:23:47.081+0500] {logging_mixin.py:154} INFO - [2023-11-20T21:23:47.080+0500] {dag.py:2941} INFO - Sync 1 DAGs
[2023-11-20T21:23:47.194+0500] {logging_mixin.py:154} INFO - [2023-11-20T21:23:47.193+0500] {dag.py:3722} INFO - Setting next_dagrun for latest_only to 2023-11-20T12:23:47.192808+00:00, run_after=2023-11-20T16:23:47.192808+00:00
[2023-11-20T21:23:47.278+0500] {processor.py:179} INFO - Processing /usr/local/lib/python3.10/dist-packages/airflow/example_dags/example_latest_only.py took 0.376 seconds
[2023-11-20T21:24:35.218+0500] {processor.py:157} INFO - Started process (PID=33683) to work on /usr/local/lib/python3.10/dist-packages/airflow/example_dags/example_latest_only.py
[2023-11-20T21:24:35.223+0500] {processor.py:829} INFO - Processing file /usr/local/lib/python3.10/dist-packages/airflow/example_dags/example_latest_only.py for tasks to queue
[2023-11-20T21:24:35.226+0500] {logging_mixin.py:154} INFO - [2023-11-20T21:24:35.225+0500] {dagbag.py:536} INFO - Filling up the DagBag from /usr/local/lib/python3.10/dist-packages/airflow/example_dags/example_latest_only.py
[2023-11-20T21:24:35.303+0500] {processor.py:839} INFO - DAG(s) dict_keys(['latest_only']) retrieved from /usr/local/lib/python3.10/dist-packages/airflow/example_dags/example_latest_only.py
[2023-11-20T21:24:35.461+0500] {logging_mixin.py:154} INFO - [2023-11-20T21:24:35.460+0500] {dag.py:2941} INFO - Sync 1 DAGs
[2023-11-20T21:24:35.936+0500] {logging_mixin.py:154} INFO - [2023-11-20T21:24:35.923+0500] {dag.py:3722} INFO - Setting next_dagrun for latest_only to 2023-11-20T12:24:35.918945+00:00, run_after=2023-11-20T16:24:35.918945+00:00
[2023-11-20T21:24:36.368+0500] {processor.py:179} INFO - Processing /usr/local/lib/python3.10/dist-packages/airflow/example_dags/example_latest_only.py took 1.252 seconds
[2023-11-20T21:25:18.441+0500] {processor.py:157} INFO - Started process (PID=33801) to work on /usr/local/lib/python3.10/dist-packages/airflow/example_dags/example_latest_only.py
[2023-11-20T21:25:18.452+0500] {processor.py:829} INFO - Processing file /usr/local/lib/python3.10/dist-packages/airflow/example_dags/example_latest_only.py for tasks to queue
[2023-11-20T21:25:18.456+0500] {logging_mixin.py:154} INFO - [2023-11-20T21:25:18.455+0500] {dagbag.py:536} INFO - Filling up the DagBag from /usr/local/lib/python3.10/dist-packages/airflow/example_dags/example_latest_only.py
[2023-11-20T21:25:18.494+0500] {processor.py:839} INFO - DAG(s) dict_keys(['latest_only']) retrieved from /usr/local/lib/python3.10/dist-packages/airflow/example_dags/example_latest_only.py
[2023-11-20T21:25:18.825+0500] {logging_mixin.py:154} INFO - [2023-11-20T21:25:18.824+0500] {dag.py:2941} INFO - Sync 1 DAGs
[2023-11-20T21:25:19.103+0500] {logging_mixin.py:154} INFO - [2023-11-20T21:25:19.102+0500] {dag.py:3722} INFO - Setting next_dagrun for latest_only to 2023-11-20T12:25:19.101424+00:00, run_after=2023-11-20T16:25:19.101424+00:00
[2023-11-20T21:25:19.539+0500] {processor.py:179} INFO - Processing /usr/local/lib/python3.10/dist-packages/airflow/example_dags/example_latest_only.py took 1.114 seconds
[2023-11-20T21:26:04.318+0500] {processor.py:157} INFO - Started process (PID=33965) to work on /usr/local/lib/python3.10/dist-packages/airflow/example_dags/example_latest_only.py
[2023-11-20T21:26:04.322+0500] {processor.py:829} INFO - Processing file /usr/local/lib/python3.10/dist-packages/airflow/example_dags/example_latest_only.py for tasks to queue
[2023-11-20T21:26:04.325+0500] {logging_mixin.py:154} INFO - [2023-11-20T21:26:04.324+0500] {dagbag.py:536} INFO - Filling up the DagBag from /usr/local/lib/python3.10/dist-packages/airflow/example_dags/example_latest_only.py
[2023-11-20T21:26:04.350+0500] {processor.py:839} INFO - DAG(s) dict_keys(['latest_only']) retrieved from /usr/local/lib/python3.10/dist-packages/airflow/example_dags/example_latest_only.py
[2023-11-20T21:26:04.466+0500] {logging_mixin.py:154} INFO - [2023-11-20T21:26:04.465+0500] {dag.py:2941} INFO - Sync 1 DAGs
[2023-11-20T21:26:04.577+0500] {logging_mixin.py:154} INFO - [2023-11-20T21:26:04.576+0500] {dag.py:3722} INFO - Setting next_dagrun for latest_only to 2023-11-20T12:26:04.575571+00:00, run_after=2023-11-20T16:26:04.575571+00:00
[2023-11-20T21:26:04.662+0500] {processor.py:179} INFO - Processing /usr/local/lib/python3.10/dist-packages/airflow/example_dags/example_latest_only.py took 0.357 seconds
[2023-11-20T21:26:46.567+0500] {processor.py:157} INFO - Started process (PID=34066) to work on /usr/local/lib/python3.10/dist-packages/airflow/example_dags/example_latest_only.py
[2023-11-20T21:26:46.576+0500] {processor.py:829} INFO - Processing file /usr/local/lib/python3.10/dist-packages/airflow/example_dags/example_latest_only.py for tasks to queue
[2023-11-20T21:26:46.579+0500] {logging_mixin.py:154} INFO - [2023-11-20T21:26:46.578+0500] {dagbag.py:536} INFO - Filling up the DagBag from /usr/local/lib/python3.10/dist-packages/airflow/example_dags/example_latest_only.py
[2023-11-20T21:26:46.616+0500] {processor.py:839} INFO - DAG(s) dict_keys(['latest_only']) retrieved from /usr/local/lib/python3.10/dist-packages/airflow/example_dags/example_latest_only.py
[2023-11-20T21:26:46.737+0500] {logging_mixin.py:154} INFO - [2023-11-20T21:26:46.736+0500] {dag.py:2941} INFO - Sync 1 DAGs
[2023-11-20T21:26:47.019+0500] {logging_mixin.py:154} INFO - [2023-11-20T21:26:47.018+0500] {dag.py:3722} INFO - Setting next_dagrun for latest_only to 2023-11-20T12:26:47.017352+00:00, run_after=2023-11-20T16:26:47.017352+00:00
[2023-11-20T21:26:47.197+0500] {processor.py:179} INFO - Processing /usr/local/lib/python3.10/dist-packages/airflow/example_dags/example_latest_only.py took 0.674 seconds
[2023-11-20T21:28:34.694+0500] {processor.py:157} INFO - Started process (PID=34324) to work on /usr/local/lib/python3.10/dist-packages/airflow/example_dags/example_latest_only.py
[2023-11-20T21:28:34.698+0500] {processor.py:829} INFO - Processing file /usr/local/lib/python3.10/dist-packages/airflow/example_dags/example_latest_only.py for tasks to queue
[2023-11-20T21:28:34.701+0500] {logging_mixin.py:154} INFO - [2023-11-20T21:28:34.700+0500] {dagbag.py:536} INFO - Filling up the DagBag from /usr/local/lib/python3.10/dist-packages/airflow/example_dags/example_latest_only.py
[2023-11-20T21:28:34.724+0500] {processor.py:839} INFO - DAG(s) dict_keys(['latest_only']) retrieved from /usr/local/lib/python3.10/dist-packages/airflow/example_dags/example_latest_only.py
[2023-11-20T21:28:34.823+0500] {logging_mixin.py:154} INFO - [2023-11-20T21:28:34.823+0500] {dag.py:2941} INFO - Sync 1 DAGs
[2023-11-20T21:28:34.931+0500] {logging_mixin.py:154} INFO - [2023-11-20T21:28:34.930+0500] {dag.py:3722} INFO - Setting next_dagrun for latest_only to 2023-11-20T12:28:34.929564+00:00, run_after=2023-11-20T16:28:34.929564+00:00
[2023-11-20T21:28:35.008+0500] {processor.py:179} INFO - Processing /usr/local/lib/python3.10/dist-packages/airflow/example_dags/example_latest_only.py took 0.328 seconds
[2023-11-20T21:30:41.815+0500] {processor.py:157} INFO - Started process (PID=34532) to work on /usr/local/lib/python3.10/dist-packages/airflow/example_dags/example_latest_only.py
[2023-11-20T21:30:41.818+0500] {processor.py:829} INFO - Processing file /usr/local/lib/python3.10/dist-packages/airflow/example_dags/example_latest_only.py for tasks to queue
[2023-11-20T21:30:41.821+0500] {logging_mixin.py:154} INFO - [2023-11-20T21:30:41.820+0500] {dagbag.py:536} INFO - Filling up the DagBag from /usr/local/lib/python3.10/dist-packages/airflow/example_dags/example_latest_only.py
[2023-11-20T21:30:41.842+0500] {processor.py:839} INFO - DAG(s) dict_keys(['latest_only']) retrieved from /usr/local/lib/python3.10/dist-packages/airflow/example_dags/example_latest_only.py
[2023-11-20T21:30:41.941+0500] {logging_mixin.py:154} INFO - [2023-11-20T21:30:41.940+0500] {dag.py:2941} INFO - Sync 1 DAGs
[2023-11-20T21:30:42.047+0500] {logging_mixin.py:154} INFO - [2023-11-20T21:30:42.046+0500] {dag.py:3722} INFO - Setting next_dagrun for latest_only to 2023-11-20T12:30:42.045344+00:00, run_after=2023-11-20T16:30:42.045344+00:00
[2023-11-20T21:30:42.124+0500] {processor.py:179} INFO - Processing /usr/local/lib/python3.10/dist-packages/airflow/example_dags/example_latest_only.py took 0.321 seconds
