[2023-11-20T21:06:04.720+0500] {processor.py:157} INFO - Started process (PID=27222) to work on /usr/local/lib/python3.10/dist-packages/airflow/example_dags/example_branch_operator_decorator.py
[2023-11-20T21:06:04.723+0500] {processor.py:829} INFO - Processing file /usr/local/lib/python3.10/dist-packages/airflow/example_dags/example_branch_operator_decorator.py for tasks to queue
[2023-11-20T21:06:04.726+0500] {logging_mixin.py:154} INFO - [2023-11-20T21:06:04.725+0500] {dagbag.py:536} INFO - Filling up the DagBag from /usr/local/lib/python3.10/dist-packages/airflow/example_dags/example_branch_operator_decorator.py
[2023-11-20T21:06:04.767+0500] {processor.py:839} INFO - DAG(s) dict_keys(['example_branch_python_operator_decorator']) retrieved from /usr/local/lib/python3.10/dist-packages/airflow/example_dags/example_branch_operator_decorator.py
[2023-11-20T21:06:05.246+0500] {logging_mixin.py:154} INFO - [2023-11-20T21:06:05.246+0500] {manager.py:499} INFO - Created Permission View: %s
[2023-11-20T21:06:05.288+0500] {logging_mixin.py:154} INFO - [2023-11-20T21:06:05.287+0500] {manager.py:499} INFO - Created Permission View: %s
[2023-11-20T21:06:05.318+0500] {logging_mixin.py:154} INFO - [2023-11-20T21:06:05.317+0500] {manager.py:499} INFO - Created Permission View: %s
[2023-11-20T21:06:05.319+0500] {logging_mixin.py:154} INFO - [2023-11-20T21:06:05.318+0500] {dag.py:2941} INFO - Sync 1 DAGs
[2023-11-20T21:06:05.368+0500] {logging_mixin.py:154} INFO - [2023-11-20T21:06:05.367+0500] {dag.py:2963} INFO - Creating ORM DAG for example_branch_python_operator_decorator
[2023-11-20T21:06:05.423+0500] {logging_mixin.py:154} INFO - [2023-11-20T21:06:05.422+0500] {dag.py:3722} INFO - Setting next_dagrun for example_branch_python_operator_decorator to 2023-11-19T00:00:00+00:00, run_after=2023-11-20T00:00:00+00:00
[2023-11-20T21:06:05.518+0500] {processor.py:179} INFO - Processing /usr/local/lib/python3.10/dist-packages/airflow/example_dags/example_branch_operator_decorator.py took 0.808 seconds
[2023-11-20T21:06:37.900+0500] {processor.py:157} INFO - Started process (PID=27553) to work on /usr/local/lib/python3.10/dist-packages/airflow/example_dags/example_branch_operator_decorator.py
[2023-11-20T21:06:37.903+0500] {processor.py:829} INFO - Processing file /usr/local/lib/python3.10/dist-packages/airflow/example_dags/example_branch_operator_decorator.py for tasks to queue
[2023-11-20T21:06:37.906+0500] {logging_mixin.py:154} INFO - [2023-11-20T21:06:37.905+0500] {dagbag.py:536} INFO - Filling up the DagBag from /usr/local/lib/python3.10/dist-packages/airflow/example_dags/example_branch_operator_decorator.py
[2023-11-20T21:06:37.953+0500] {processor.py:839} INFO - DAG(s) dict_keys(['example_branch_python_operator_decorator']) retrieved from /usr/local/lib/python3.10/dist-packages/airflow/example_dags/example_branch_operator_decorator.py
[2023-11-20T21:06:38.129+0500] {logging_mixin.py:154} INFO - [2023-11-20T21:06:38.128+0500] {dag.py:2941} INFO - Sync 1 DAGs
[2023-11-20T21:06:38.240+0500] {logging_mixin.py:154} INFO - [2023-11-20T21:06:38.239+0500] {dag.py:3722} INFO - Setting next_dagrun for example_branch_python_operator_decorator to 2023-11-19T00:00:00+00:00, run_after=2023-11-20T00:00:00+00:00
[2023-11-20T21:06:38.326+0500] {processor.py:179} INFO - Processing /usr/local/lib/python3.10/dist-packages/airflow/example_dags/example_branch_operator_decorator.py took 0.438 seconds
[2023-11-20T21:07:12.488+0500] {processor.py:157} INFO - Started process (PID=27882) to work on /usr/local/lib/python3.10/dist-packages/airflow/example_dags/example_branch_operator_decorator.py
[2023-11-20T21:07:12.492+0500] {processor.py:829} INFO - Processing file /usr/local/lib/python3.10/dist-packages/airflow/example_dags/example_branch_operator_decorator.py for tasks to queue
[2023-11-20T21:07:12.498+0500] {logging_mixin.py:154} INFO - [2023-11-20T21:07:12.496+0500] {dagbag.py:536} INFO - Filling up the DagBag from /usr/local/lib/python3.10/dist-packages/airflow/example_dags/example_branch_operator_decorator.py
[2023-11-20T21:07:12.550+0500] {processor.py:839} INFO - DAG(s) dict_keys(['example_branch_python_operator_decorator']) retrieved from /usr/local/lib/python3.10/dist-packages/airflow/example_dags/example_branch_operator_decorator.py
[2023-11-20T21:07:12.684+0500] {logging_mixin.py:154} INFO - [2023-11-20T21:07:12.684+0500] {dag.py:2941} INFO - Sync 1 DAGs
[2023-11-20T21:07:12.916+0500] {logging_mixin.py:154} INFO - [2023-11-20T21:07:12.915+0500] {dag.py:3722} INFO - Setting next_dagrun for example_branch_python_operator_decorator to 2023-11-19T00:00:00+00:00, run_after=2023-11-20T00:00:00+00:00
[2023-11-20T21:07:13.084+0500] {processor.py:179} INFO - Processing /usr/local/lib/python3.10/dist-packages/airflow/example_dags/example_branch_operator_decorator.py took 0.610 seconds
[2023-11-20T21:07:43.787+0500] {processor.py:157} INFO - Started process (PID=28115) to work on /usr/local/lib/python3.10/dist-packages/airflow/example_dags/example_branch_operator_decorator.py
[2023-11-20T21:07:43.809+0500] {processor.py:829} INFO - Processing file /usr/local/lib/python3.10/dist-packages/airflow/example_dags/example_branch_operator_decorator.py for tasks to queue
[2023-11-20T21:07:43.815+0500] {logging_mixin.py:154} INFO - [2023-11-20T21:07:43.814+0500] {dagbag.py:536} INFO - Filling up the DagBag from /usr/local/lib/python3.10/dist-packages/airflow/example_dags/example_branch_operator_decorator.py
[2023-11-20T21:07:43.892+0500] {processor.py:839} INFO - DAG(s) dict_keys(['example_branch_python_operator_decorator']) retrieved from /usr/local/lib/python3.10/dist-packages/airflow/example_dags/example_branch_operator_decorator.py
[2023-11-20T21:07:44.057+0500] {logging_mixin.py:154} INFO - [2023-11-20T21:07:44.057+0500] {dag.py:2941} INFO - Sync 1 DAGs
[2023-11-20T21:07:44.182+0500] {logging_mixin.py:154} INFO - [2023-11-20T21:07:44.181+0500] {dag.py:3722} INFO - Setting next_dagrun for example_branch_python_operator_decorator to 2023-11-19T00:00:00+00:00, run_after=2023-11-20T00:00:00+00:00
[2023-11-20T21:07:44.265+0500] {processor.py:179} INFO - Processing /usr/local/lib/python3.10/dist-packages/airflow/example_dags/example_branch_operator_decorator.py took 0.504 seconds
[2023-11-20T21:08:17.068+0500] {processor.py:157} INFO - Started process (PID=28335) to work on /usr/local/lib/python3.10/dist-packages/airflow/example_dags/example_branch_operator_decorator.py
[2023-11-20T21:08:17.071+0500] {processor.py:829} INFO - Processing file /usr/local/lib/python3.10/dist-packages/airflow/example_dags/example_branch_operator_decorator.py for tasks to queue
[2023-11-20T21:08:17.074+0500] {logging_mixin.py:154} INFO - [2023-11-20T21:08:17.073+0500] {dagbag.py:536} INFO - Filling up the DagBag from /usr/local/lib/python3.10/dist-packages/airflow/example_dags/example_branch_operator_decorator.py
[2023-11-20T21:08:17.119+0500] {processor.py:839} INFO - DAG(s) dict_keys(['example_branch_python_operator_decorator']) retrieved from /usr/local/lib/python3.10/dist-packages/airflow/example_dags/example_branch_operator_decorator.py
[2023-11-20T21:08:17.236+0500] {logging_mixin.py:154} INFO - [2023-11-20T21:08:17.236+0500] {dag.py:2941} INFO - Sync 1 DAGs
[2023-11-20T21:08:17.343+0500] {logging_mixin.py:154} INFO - [2023-11-20T21:08:17.342+0500] {dag.py:3722} INFO - Setting next_dagrun for example_branch_python_operator_decorator to 2023-11-19T00:00:00+00:00, run_after=2023-11-20T00:00:00+00:00
[2023-11-20T21:08:17.422+0500] {processor.py:179} INFO - Processing /usr/local/lib/python3.10/dist-packages/airflow/example_dags/example_branch_operator_decorator.py took 0.365 seconds
[2023-11-20T21:08:49.945+0500] {processor.py:157} INFO - Started process (PID=28524) to work on /usr/local/lib/python3.10/dist-packages/airflow/example_dags/example_branch_operator_decorator.py
[2023-11-20T21:08:49.949+0500] {processor.py:829} INFO - Processing file /usr/local/lib/python3.10/dist-packages/airflow/example_dags/example_branch_operator_decorator.py for tasks to queue
[2023-11-20T21:08:49.953+0500] {logging_mixin.py:154} INFO - [2023-11-20T21:08:49.951+0500] {dagbag.py:536} INFO - Filling up the DagBag from /usr/local/lib/python3.10/dist-packages/airflow/example_dags/example_branch_operator_decorator.py
[2023-11-20T21:08:50.013+0500] {processor.py:839} INFO - DAG(s) dict_keys(['example_branch_python_operator_decorator']) retrieved from /usr/local/lib/python3.10/dist-packages/airflow/example_dags/example_branch_operator_decorator.py
[2023-11-20T21:08:50.139+0500] {logging_mixin.py:154} INFO - [2023-11-20T21:08:50.138+0500] {dag.py:2941} INFO - Sync 1 DAGs
[2023-11-20T21:08:50.268+0500] {logging_mixin.py:154} INFO - [2023-11-20T21:08:50.266+0500] {dag.py:3722} INFO - Setting next_dagrun for example_branch_python_operator_decorator to 2023-11-19T00:00:00+00:00, run_after=2023-11-20T00:00:00+00:00
[2023-11-20T21:08:50.382+0500] {processor.py:179} INFO - Processing /usr/local/lib/python3.10/dist-packages/airflow/example_dags/example_branch_operator_decorator.py took 0.450 seconds
[2023-11-20T21:09:22.260+0500] {processor.py:157} INFO - Started process (PID=28728) to work on /usr/local/lib/python3.10/dist-packages/airflow/example_dags/example_branch_operator_decorator.py
[2023-11-20T21:09:22.263+0500] {processor.py:829} INFO - Processing file /usr/local/lib/python3.10/dist-packages/airflow/example_dags/example_branch_operator_decorator.py for tasks to queue
[2023-11-20T21:09:22.267+0500] {logging_mixin.py:154} INFO - [2023-11-20T21:09:22.266+0500] {dagbag.py:536} INFO - Filling up the DagBag from /usr/local/lib/python3.10/dist-packages/airflow/example_dags/example_branch_operator_decorator.py
[2023-11-20T21:09:22.314+0500] {processor.py:839} INFO - DAG(s) dict_keys(['example_branch_python_operator_decorator']) retrieved from /usr/local/lib/python3.10/dist-packages/airflow/example_dags/example_branch_operator_decorator.py
[2023-11-20T21:09:22.442+0500] {logging_mixin.py:154} INFO - [2023-11-20T21:09:22.441+0500] {dag.py:2941} INFO - Sync 1 DAGs
[2023-11-20T21:09:22.590+0500] {logging_mixin.py:154} INFO - [2023-11-20T21:09:22.589+0500] {dag.py:3722} INFO - Setting next_dagrun for example_branch_python_operator_decorator to 2023-11-19T00:00:00+00:00, run_after=2023-11-20T00:00:00+00:00
[2023-11-20T21:09:22.684+0500] {processor.py:179} INFO - Processing /usr/local/lib/python3.10/dist-packages/airflow/example_dags/example_branch_operator_decorator.py took 0.437 seconds
[2023-11-20T21:09:56.373+0500] {processor.py:157} INFO - Started process (PID=29026) to work on /usr/local/lib/python3.10/dist-packages/airflow/example_dags/example_branch_operator_decorator.py
[2023-11-20T21:09:56.376+0500] {processor.py:829} INFO - Processing file /usr/local/lib/python3.10/dist-packages/airflow/example_dags/example_branch_operator_decorator.py for tasks to queue
[2023-11-20T21:09:56.379+0500] {logging_mixin.py:154} INFO - [2023-11-20T21:09:56.378+0500] {dagbag.py:536} INFO - Filling up the DagBag from /usr/local/lib/python3.10/dist-packages/airflow/example_dags/example_branch_operator_decorator.py
[2023-11-20T21:09:56.426+0500] {processor.py:839} INFO - DAG(s) dict_keys(['example_branch_python_operator_decorator']) retrieved from /usr/local/lib/python3.10/dist-packages/airflow/example_dags/example_branch_operator_decorator.py
[2023-11-20T21:09:56.553+0500] {logging_mixin.py:154} INFO - [2023-11-20T21:09:56.552+0500] {dag.py:2941} INFO - Sync 1 DAGs
[2023-11-20T21:09:56.688+0500] {logging_mixin.py:154} INFO - [2023-11-20T21:09:56.686+0500] {dag.py:3722} INFO - Setting next_dagrun for example_branch_python_operator_decorator to 2023-11-19T00:00:00+00:00, run_after=2023-11-20T00:00:00+00:00
[2023-11-20T21:09:56.793+0500] {processor.py:179} INFO - Processing /usr/local/lib/python3.10/dist-packages/airflow/example_dags/example_branch_operator_decorator.py took 0.432 seconds
[2023-11-20T21:10:27.976+0500] {processor.py:157} INFO - Started process (PID=29303) to work on /usr/local/lib/python3.10/dist-packages/airflow/example_dags/example_branch_operator_decorator.py
[2023-11-20T21:10:27.980+0500] {processor.py:829} INFO - Processing file /usr/local/lib/python3.10/dist-packages/airflow/example_dags/example_branch_operator_decorator.py for tasks to queue
[2023-11-20T21:10:27.984+0500] {logging_mixin.py:154} INFO - [2023-11-20T21:10:27.983+0500] {dagbag.py:536} INFO - Filling up the DagBag from /usr/local/lib/python3.10/dist-packages/airflow/example_dags/example_branch_operator_decorator.py
[2023-11-20T21:10:28.036+0500] {processor.py:839} INFO - DAG(s) dict_keys(['example_branch_python_operator_decorator']) retrieved from /usr/local/lib/python3.10/dist-packages/airflow/example_dags/example_branch_operator_decorator.py
[2023-11-20T21:10:28.176+0500] {logging_mixin.py:154} INFO - [2023-11-20T21:10:28.175+0500] {dag.py:2941} INFO - Sync 1 DAGs
[2023-11-20T21:10:28.291+0500] {logging_mixin.py:154} INFO - [2023-11-20T21:10:28.290+0500] {dag.py:3722} INFO - Setting next_dagrun for example_branch_python_operator_decorator to 2023-11-19T00:00:00+00:00, run_after=2023-11-20T00:00:00+00:00
[2023-11-20T21:10:28.378+0500] {processor.py:179} INFO - Processing /usr/local/lib/python3.10/dist-packages/airflow/example_dags/example_branch_operator_decorator.py took 0.416 seconds
[2023-11-20T21:11:00.167+0500] {processor.py:157} INFO - Started process (PID=29466) to work on /usr/local/lib/python3.10/dist-packages/airflow/example_dags/example_branch_operator_decorator.py
[2023-11-20T21:11:00.170+0500] {processor.py:829} INFO - Processing file /usr/local/lib/python3.10/dist-packages/airflow/example_dags/example_branch_operator_decorator.py for tasks to queue
[2023-11-20T21:11:00.173+0500] {logging_mixin.py:154} INFO - [2023-11-20T21:11:00.172+0500] {dagbag.py:536} INFO - Filling up the DagBag from /usr/local/lib/python3.10/dist-packages/airflow/example_dags/example_branch_operator_decorator.py
[2023-11-20T21:11:00.213+0500] {processor.py:839} INFO - DAG(s) dict_keys(['example_branch_python_operator_decorator']) retrieved from /usr/local/lib/python3.10/dist-packages/airflow/example_dags/example_branch_operator_decorator.py
[2023-11-20T21:11:00.330+0500] {logging_mixin.py:154} INFO - [2023-11-20T21:11:00.329+0500] {dag.py:2941} INFO - Sync 1 DAGs
[2023-11-20T21:11:00.467+0500] {logging_mixin.py:154} INFO - [2023-11-20T21:11:00.466+0500] {dag.py:3722} INFO - Setting next_dagrun for example_branch_python_operator_decorator to 2023-11-19T00:00:00+00:00, run_after=2023-11-20T00:00:00+00:00
[2023-11-20T21:11:00.573+0500] {processor.py:179} INFO - Processing /usr/local/lib/python3.10/dist-packages/airflow/example_dags/example_branch_operator_decorator.py took 0.417 seconds
[2023-11-20T21:11:36.551+0500] {processor.py:157} INFO - Started process (PID=29593) to work on /usr/local/lib/python3.10/dist-packages/airflow/example_dags/example_branch_operator_decorator.py
[2023-11-20T21:11:36.561+0500] {processor.py:829} INFO - Processing file /usr/local/lib/python3.10/dist-packages/airflow/example_dags/example_branch_operator_decorator.py for tasks to queue
[2023-11-20T21:11:36.564+0500] {logging_mixin.py:154} INFO - [2023-11-20T21:11:36.563+0500] {dagbag.py:536} INFO - Filling up the DagBag from /usr/local/lib/python3.10/dist-packages/airflow/example_dags/example_branch_operator_decorator.py
[2023-11-20T21:11:36.680+0500] {processor.py:839} INFO - DAG(s) dict_keys(['example_branch_python_operator_decorator']) retrieved from /usr/local/lib/python3.10/dist-packages/airflow/example_dags/example_branch_operator_decorator.py
[2023-11-20T21:11:36.812+0500] {logging_mixin.py:154} INFO - [2023-11-20T21:11:36.811+0500] {dag.py:2941} INFO - Sync 1 DAGs
[2023-11-20T21:11:36.981+0500] {logging_mixin.py:154} INFO - [2023-11-20T21:11:36.980+0500] {dag.py:3722} INFO - Setting next_dagrun for example_branch_python_operator_decorator to 2023-11-19T00:00:00+00:00, run_after=2023-11-20T00:00:00+00:00
[2023-11-20T21:11:37.170+0500] {processor.py:179} INFO - Processing /usr/local/lib/python3.10/dist-packages/airflow/example_dags/example_branch_operator_decorator.py took 0.675 seconds
[2023-11-20T21:12:07.814+0500] {processor.py:157} INFO - Started process (PID=29833) to work on /usr/local/lib/python3.10/dist-packages/airflow/example_dags/example_branch_operator_decorator.py
[2023-11-20T21:12:07.818+0500] {processor.py:829} INFO - Processing file /usr/local/lib/python3.10/dist-packages/airflow/example_dags/example_branch_operator_decorator.py for tasks to queue
[2023-11-20T21:12:07.821+0500] {logging_mixin.py:154} INFO - [2023-11-20T21:12:07.820+0500] {dagbag.py:536} INFO - Filling up the DagBag from /usr/local/lib/python3.10/dist-packages/airflow/example_dags/example_branch_operator_decorator.py
[2023-11-20T21:12:07.866+0500] {processor.py:839} INFO - DAG(s) dict_keys(['example_branch_python_operator_decorator']) retrieved from /usr/local/lib/python3.10/dist-packages/airflow/example_dags/example_branch_operator_decorator.py
[2023-11-20T21:12:07.979+0500] {logging_mixin.py:154} INFO - [2023-11-20T21:12:07.979+0500] {dag.py:2941} INFO - Sync 1 DAGs
[2023-11-20T21:12:08.083+0500] {logging_mixin.py:154} INFO - [2023-11-20T21:12:08.082+0500] {dag.py:3722} INFO - Setting next_dagrun for example_branch_python_operator_decorator to 2023-11-19T00:00:00+00:00, run_after=2023-11-20T00:00:00+00:00
[2023-11-20T21:12:08.163+0500] {processor.py:179} INFO - Processing /usr/local/lib/python3.10/dist-packages/airflow/example_dags/example_branch_operator_decorator.py took 0.361 seconds
[2023-11-20T21:12:40.110+0500] {processor.py:157} INFO - Started process (PID=30055) to work on /usr/local/lib/python3.10/dist-packages/airflow/example_dags/example_branch_operator_decorator.py
[2023-11-20T21:12:40.113+0500] {processor.py:829} INFO - Processing file /usr/local/lib/python3.10/dist-packages/airflow/example_dags/example_branch_operator_decorator.py for tasks to queue
[2023-11-20T21:12:40.117+0500] {logging_mixin.py:154} INFO - [2023-11-20T21:12:40.116+0500] {dagbag.py:536} INFO - Filling up the DagBag from /usr/local/lib/python3.10/dist-packages/airflow/example_dags/example_branch_operator_decorator.py
[2023-11-20T21:12:40.168+0500] {processor.py:839} INFO - DAG(s) dict_keys(['example_branch_python_operator_decorator']) retrieved from /usr/local/lib/python3.10/dist-packages/airflow/example_dags/example_branch_operator_decorator.py
[2023-11-20T21:12:40.317+0500] {logging_mixin.py:154} INFO - [2023-11-20T21:12:40.316+0500] {dag.py:2941} INFO - Sync 1 DAGs
[2023-11-20T21:12:40.450+0500] {logging_mixin.py:154} INFO - [2023-11-20T21:12:40.449+0500] {dag.py:3722} INFO - Setting next_dagrun for example_branch_python_operator_decorator to 2023-11-19T00:00:00+00:00, run_after=2023-11-20T00:00:00+00:00
[2023-11-20T21:12:40.546+0500] {processor.py:179} INFO - Processing /usr/local/lib/python3.10/dist-packages/airflow/example_dags/example_branch_operator_decorator.py took 0.447 seconds
[2023-11-20T21:13:16.633+0500] {processor.py:157} INFO - Started process (PID=30233) to work on /usr/local/lib/python3.10/dist-packages/airflow/example_dags/example_branch_operator_decorator.py
[2023-11-20T21:13:16.636+0500] {processor.py:829} INFO - Processing file /usr/local/lib/python3.10/dist-packages/airflow/example_dags/example_branch_operator_decorator.py for tasks to queue
[2023-11-20T21:13:16.640+0500] {logging_mixin.py:154} INFO - [2023-11-20T21:13:16.638+0500] {dagbag.py:536} INFO - Filling up the DagBag from /usr/local/lib/python3.10/dist-packages/airflow/example_dags/example_branch_operator_decorator.py
[2023-11-20T21:13:16.684+0500] {processor.py:839} INFO - DAG(s) dict_keys(['example_branch_python_operator_decorator']) retrieved from /usr/local/lib/python3.10/dist-packages/airflow/example_dags/example_branch_operator_decorator.py
[2023-11-20T21:13:16.805+0500] {logging_mixin.py:154} INFO - [2023-11-20T21:13:16.805+0500] {dag.py:2941} INFO - Sync 1 DAGs
[2023-11-20T21:13:16.938+0500] {logging_mixin.py:154} INFO - [2023-11-20T21:13:16.937+0500] {dag.py:3722} INFO - Setting next_dagrun for example_branch_python_operator_decorator to 2023-11-19T00:00:00+00:00, run_after=2023-11-20T00:00:00+00:00
[2023-11-20T21:13:17.029+0500] {processor.py:179} INFO - Processing /usr/local/lib/python3.10/dist-packages/airflow/example_dags/example_branch_operator_decorator.py took 0.408 seconds
[2023-11-20T21:13:48.155+0500] {processor.py:157} INFO - Started process (PID=30353) to work on /usr/local/lib/python3.10/dist-packages/airflow/example_dags/example_branch_operator_decorator.py
[2023-11-20T21:13:48.159+0500] {processor.py:829} INFO - Processing file /usr/local/lib/python3.10/dist-packages/airflow/example_dags/example_branch_operator_decorator.py for tasks to queue
[2023-11-20T21:13:48.162+0500] {logging_mixin.py:154} INFO - [2023-11-20T21:13:48.161+0500] {dagbag.py:536} INFO - Filling up the DagBag from /usr/local/lib/python3.10/dist-packages/airflow/example_dags/example_branch_operator_decorator.py
[2023-11-20T21:13:48.208+0500] {processor.py:839} INFO - DAG(s) dict_keys(['example_branch_python_operator_decorator']) retrieved from /usr/local/lib/python3.10/dist-packages/airflow/example_dags/example_branch_operator_decorator.py
[2023-11-20T21:13:48.336+0500] {logging_mixin.py:154} INFO - [2023-11-20T21:13:48.335+0500] {dag.py:2941} INFO - Sync 1 DAGs
[2023-11-20T21:13:48.450+0500] {logging_mixin.py:154} INFO - [2023-11-20T21:13:48.449+0500] {dag.py:3722} INFO - Setting next_dagrun for example_branch_python_operator_decorator to 2023-11-19T00:00:00+00:00, run_after=2023-11-20T00:00:00+00:00
[2023-11-20T21:13:48.535+0500] {processor.py:179} INFO - Processing /usr/local/lib/python3.10/dist-packages/airflow/example_dags/example_branch_operator_decorator.py took 0.391 seconds
[2023-11-20T21:14:19.727+0500] {processor.py:157} INFO - Started process (PID=30457) to work on /usr/local/lib/python3.10/dist-packages/airflow/example_dags/example_branch_operator_decorator.py
[2023-11-20T21:14:19.730+0500] {processor.py:829} INFO - Processing file /usr/local/lib/python3.10/dist-packages/airflow/example_dags/example_branch_operator_decorator.py for tasks to queue
[2023-11-20T21:14:19.733+0500] {logging_mixin.py:154} INFO - [2023-11-20T21:14:19.732+0500] {dagbag.py:536} INFO - Filling up the DagBag from /usr/local/lib/python3.10/dist-packages/airflow/example_dags/example_branch_operator_decorator.py
[2023-11-20T21:14:19.784+0500] {processor.py:839} INFO - DAG(s) dict_keys(['example_branch_python_operator_decorator']) retrieved from /usr/local/lib/python3.10/dist-packages/airflow/example_dags/example_branch_operator_decorator.py
[2023-11-20T21:14:19.951+0500] {logging_mixin.py:154} INFO - [2023-11-20T21:14:19.950+0500] {dag.py:2941} INFO - Sync 1 DAGs
[2023-11-20T21:14:20.151+0500] {logging_mixin.py:154} INFO - [2023-11-20T21:14:20.151+0500] {dag.py:3722} INFO - Setting next_dagrun for example_branch_python_operator_decorator to 2023-11-19T00:00:00+00:00, run_after=2023-11-20T00:00:00+00:00
[2023-11-20T21:14:20.245+0500] {processor.py:179} INFO - Processing /usr/local/lib/python3.10/dist-packages/airflow/example_dags/example_branch_operator_decorator.py took 0.530 seconds
[2023-11-20T21:15:11.907+0500] {processor.py:157} INFO - Started process (PID=30798) to work on /usr/local/lib/python3.10/dist-packages/airflow/example_dags/example_branch_operator_decorator.py
[2023-11-20T21:15:11.912+0500] {processor.py:829} INFO - Processing file /usr/local/lib/python3.10/dist-packages/airflow/example_dags/example_branch_operator_decorator.py for tasks to queue
[2023-11-20T21:15:11.915+0500] {logging_mixin.py:154} INFO - [2023-11-20T21:15:11.914+0500] {dagbag.py:536} INFO - Filling up the DagBag from /usr/local/lib/python3.10/dist-packages/airflow/example_dags/example_branch_operator_decorator.py
[2023-11-20T21:15:12.049+0500] {processor.py:839} INFO - DAG(s) dict_keys(['example_branch_python_operator_decorator']) retrieved from /usr/local/lib/python3.10/dist-packages/airflow/example_dags/example_branch_operator_decorator.py
[2023-11-20T21:15:12.284+0500] {logging_mixin.py:154} INFO - [2023-11-20T21:15:12.283+0500] {dag.py:2941} INFO - Sync 1 DAGs
[2023-11-20T21:15:12.458+0500] {logging_mixin.py:154} INFO - [2023-11-20T21:15:12.457+0500] {dag.py:3722} INFO - Setting next_dagrun for example_branch_python_operator_decorator to 2023-11-19T00:00:00+00:00, run_after=2023-11-20T00:00:00+00:00
[2023-11-20T21:15:12.701+0500] {processor.py:179} INFO - Processing /usr/local/lib/python3.10/dist-packages/airflow/example_dags/example_branch_operator_decorator.py took 0.807 seconds
[2023-11-20T21:15:43.670+0500] {processor.py:157} INFO - Started process (PID=31007) to work on /usr/local/lib/python3.10/dist-packages/airflow/example_dags/example_branch_operator_decorator.py
[2023-11-20T21:15:43.675+0500] {processor.py:829} INFO - Processing file /usr/local/lib/python3.10/dist-packages/airflow/example_dags/example_branch_operator_decorator.py for tasks to queue
[2023-11-20T21:15:43.678+0500] {logging_mixin.py:154} INFO - [2023-11-20T21:15:43.677+0500] {dagbag.py:536} INFO - Filling up the DagBag from /usr/local/lib/python3.10/dist-packages/airflow/example_dags/example_branch_operator_decorator.py
[2023-11-20T21:15:43.727+0500] {processor.py:839} INFO - DAG(s) dict_keys(['example_branch_python_operator_decorator']) retrieved from /usr/local/lib/python3.10/dist-packages/airflow/example_dags/example_branch_operator_decorator.py
[2023-11-20T21:15:43.839+0500] {logging_mixin.py:154} INFO - [2023-11-20T21:15:43.838+0500] {dag.py:2941} INFO - Sync 1 DAGs
[2023-11-20T21:15:43.960+0500] {logging_mixin.py:154} INFO - [2023-11-20T21:15:43.959+0500] {dag.py:3722} INFO - Setting next_dagrun for example_branch_python_operator_decorator to 2023-11-19T00:00:00+00:00, run_after=2023-11-20T00:00:00+00:00
[2023-11-20T21:15:44.046+0500] {processor.py:179} INFO - Processing /usr/local/lib/python3.10/dist-packages/airflow/example_dags/example_branch_operator_decorator.py took 0.389 seconds
[2023-11-20T21:16:14.719+0500] {processor.py:157} INFO - Started process (PID=31163) to work on /usr/local/lib/python3.10/dist-packages/airflow/example_dags/example_branch_operator_decorator.py
[2023-11-20T21:16:14.722+0500] {processor.py:829} INFO - Processing file /usr/local/lib/python3.10/dist-packages/airflow/example_dags/example_branch_operator_decorator.py for tasks to queue
[2023-11-20T21:16:14.726+0500] {logging_mixin.py:154} INFO - [2023-11-20T21:16:14.724+0500] {dagbag.py:536} INFO - Filling up the DagBag from /usr/local/lib/python3.10/dist-packages/airflow/example_dags/example_branch_operator_decorator.py
[2023-11-20T21:16:14.772+0500] {processor.py:839} INFO - DAG(s) dict_keys(['example_branch_python_operator_decorator']) retrieved from /usr/local/lib/python3.10/dist-packages/airflow/example_dags/example_branch_operator_decorator.py
[2023-11-20T21:16:14.895+0500] {logging_mixin.py:154} INFO - [2023-11-20T21:16:14.894+0500] {dag.py:2941} INFO - Sync 1 DAGs
[2023-11-20T21:16:15.008+0500] {logging_mixin.py:154} INFO - [2023-11-20T21:16:15.007+0500] {dag.py:3722} INFO - Setting next_dagrun for example_branch_python_operator_decorator to 2023-11-19T00:00:00+00:00, run_after=2023-11-20T00:00:00+00:00
[2023-11-20T21:16:15.087+0500] {processor.py:179} INFO - Processing /usr/local/lib/python3.10/dist-packages/airflow/example_dags/example_branch_operator_decorator.py took 0.380 seconds
[2023-11-20T21:16:46.724+0500] {processor.py:157} INFO - Started process (PID=31263) to work on /usr/local/lib/python3.10/dist-packages/airflow/example_dags/example_branch_operator_decorator.py
[2023-11-20T21:16:46.727+0500] {processor.py:829} INFO - Processing file /usr/local/lib/python3.10/dist-packages/airflow/example_dags/example_branch_operator_decorator.py for tasks to queue
[2023-11-20T21:16:46.731+0500] {logging_mixin.py:154} INFO - [2023-11-20T21:16:46.730+0500] {dagbag.py:536} INFO - Filling up the DagBag from /usr/local/lib/python3.10/dist-packages/airflow/example_dags/example_branch_operator_decorator.py
[2023-11-20T21:16:46.784+0500] {processor.py:839} INFO - DAG(s) dict_keys(['example_branch_python_operator_decorator']) retrieved from /usr/local/lib/python3.10/dist-packages/airflow/example_dags/example_branch_operator_decorator.py
[2023-11-20T21:16:46.920+0500] {logging_mixin.py:154} INFO - [2023-11-20T21:16:46.919+0500] {dag.py:2941} INFO - Sync 1 DAGs
[2023-11-20T21:16:47.034+0500] {logging_mixin.py:154} INFO - [2023-11-20T21:16:47.033+0500] {dag.py:3722} INFO - Setting next_dagrun for example_branch_python_operator_decorator to 2023-11-19T00:00:00+00:00, run_after=2023-11-20T00:00:00+00:00
[2023-11-20T21:16:47.114+0500] {processor.py:179} INFO - Processing /usr/local/lib/python3.10/dist-packages/airflow/example_dags/example_branch_operator_decorator.py took 0.404 seconds
[2023-11-20T21:17:20.652+0500] {processor.py:157} INFO - Started process (PID=31396) to work on /usr/local/lib/python3.10/dist-packages/airflow/example_dags/example_branch_operator_decorator.py
[2023-11-20T21:17:20.657+0500] {processor.py:829} INFO - Processing file /usr/local/lib/python3.10/dist-packages/airflow/example_dags/example_branch_operator_decorator.py for tasks to queue
[2023-11-20T21:17:20.663+0500] {logging_mixin.py:154} INFO - [2023-11-20T21:17:20.662+0500] {dagbag.py:536} INFO - Filling up the DagBag from /usr/local/lib/python3.10/dist-packages/airflow/example_dags/example_branch_operator_decorator.py
[2023-11-20T21:17:20.720+0500] {processor.py:839} INFO - DAG(s) dict_keys(['example_branch_python_operator_decorator']) retrieved from /usr/local/lib/python3.10/dist-packages/airflow/example_dags/example_branch_operator_decorator.py
[2023-11-20T21:17:20.869+0500] {logging_mixin.py:154} INFO - [2023-11-20T21:17:20.868+0500] {dag.py:2941} INFO - Sync 1 DAGs
[2023-11-20T21:17:20.985+0500] {logging_mixin.py:154} INFO - [2023-11-20T21:17:20.984+0500] {dag.py:3722} INFO - Setting next_dagrun for example_branch_python_operator_decorator to 2023-11-19T00:00:00+00:00, run_after=2023-11-20T00:00:00+00:00
[2023-11-20T21:17:21.076+0500] {processor.py:179} INFO - Processing /usr/local/lib/python3.10/dist-packages/airflow/example_dags/example_branch_operator_decorator.py took 0.441 seconds
[2023-11-20T21:17:52.163+0500] {processor.py:157} INFO - Started process (PID=31505) to work on /usr/local/lib/python3.10/dist-packages/airflow/example_dags/example_branch_operator_decorator.py
[2023-11-20T21:17:52.166+0500] {processor.py:829} INFO - Processing file /usr/local/lib/python3.10/dist-packages/airflow/example_dags/example_branch_operator_decorator.py for tasks to queue
[2023-11-20T21:17:52.169+0500] {logging_mixin.py:154} INFO - [2023-11-20T21:17:52.168+0500] {dagbag.py:536} INFO - Filling up the DagBag from /usr/local/lib/python3.10/dist-packages/airflow/example_dags/example_branch_operator_decorator.py
[2023-11-20T21:17:52.214+0500] {processor.py:839} INFO - DAG(s) dict_keys(['example_branch_python_operator_decorator']) retrieved from /usr/local/lib/python3.10/dist-packages/airflow/example_dags/example_branch_operator_decorator.py
[2023-11-20T21:17:52.330+0500] {logging_mixin.py:154} INFO - [2023-11-20T21:17:52.329+0500] {dag.py:2941} INFO - Sync 1 DAGs
[2023-11-20T21:17:52.440+0500] {logging_mixin.py:154} INFO - [2023-11-20T21:17:52.439+0500] {dag.py:3722} INFO - Setting next_dagrun for example_branch_python_operator_decorator to 2023-11-19T00:00:00+00:00, run_after=2023-11-20T00:00:00+00:00
[2023-11-20T21:17:52.526+0500] {processor.py:179} INFO - Processing /usr/local/lib/python3.10/dist-packages/airflow/example_dags/example_branch_operator_decorator.py took 0.375 seconds
[2023-11-20T21:18:28.352+0500] {processor.py:157} INFO - Started process (PID=31635) to work on /usr/local/lib/python3.10/dist-packages/airflow/example_dags/example_branch_operator_decorator.py
[2023-11-20T21:18:28.356+0500] {processor.py:829} INFO - Processing file /usr/local/lib/python3.10/dist-packages/airflow/example_dags/example_branch_operator_decorator.py for tasks to queue
[2023-11-20T21:18:28.358+0500] {logging_mixin.py:154} INFO - [2023-11-20T21:18:28.357+0500] {dagbag.py:536} INFO - Filling up the DagBag from /usr/local/lib/python3.10/dist-packages/airflow/example_dags/example_branch_operator_decorator.py
[2023-11-20T21:18:28.407+0500] {processor.py:839} INFO - DAG(s) dict_keys(['example_branch_python_operator_decorator']) retrieved from /usr/local/lib/python3.10/dist-packages/airflow/example_dags/example_branch_operator_decorator.py
[2023-11-20T21:18:28.553+0500] {logging_mixin.py:154} INFO - [2023-11-20T21:18:28.553+0500] {dag.py:2941} INFO - Sync 1 DAGs
[2023-11-20T21:18:28.704+0500] {logging_mixin.py:154} INFO - [2023-11-20T21:18:28.703+0500] {dag.py:3722} INFO - Setting next_dagrun for example_branch_python_operator_decorator to 2023-11-19T00:00:00+00:00, run_after=2023-11-20T00:00:00+00:00
[2023-11-20T21:18:28.840+0500] {processor.py:179} INFO - Processing /usr/local/lib/python3.10/dist-packages/airflow/example_dags/example_branch_operator_decorator.py took 0.499 seconds
[2023-11-20T21:19:01.938+0500] {processor.py:157} INFO - Started process (PID=31747) to work on /usr/local/lib/python3.10/dist-packages/airflow/example_dags/example_branch_operator_decorator.py
[2023-11-20T21:19:01.941+0500] {processor.py:829} INFO - Processing file /usr/local/lib/python3.10/dist-packages/airflow/example_dags/example_branch_operator_decorator.py for tasks to queue
[2023-11-20T21:19:01.944+0500] {logging_mixin.py:154} INFO - [2023-11-20T21:19:01.943+0500] {dagbag.py:536} INFO - Filling up the DagBag from /usr/local/lib/python3.10/dist-packages/airflow/example_dags/example_branch_operator_decorator.py
[2023-11-20T21:19:01.987+0500] {processor.py:839} INFO - DAG(s) dict_keys(['example_branch_python_operator_decorator']) retrieved from /usr/local/lib/python3.10/dist-packages/airflow/example_dags/example_branch_operator_decorator.py
[2023-11-20T21:19:02.105+0500] {logging_mixin.py:154} INFO - [2023-11-20T21:19:02.105+0500] {dag.py:2941} INFO - Sync 1 DAGs
[2023-11-20T21:19:02.241+0500] {logging_mixin.py:154} INFO - [2023-11-20T21:19:02.241+0500] {dag.py:3722} INFO - Setting next_dagrun for example_branch_python_operator_decorator to 2023-11-19T00:00:00+00:00, run_after=2023-11-20T00:00:00+00:00
[2023-11-20T21:19:02.335+0500] {processor.py:179} INFO - Processing /usr/local/lib/python3.10/dist-packages/airflow/example_dags/example_branch_operator_decorator.py took 0.409 seconds
[2023-11-20T21:19:33.022+0500] {processor.py:157} INFO - Started process (PID=31910) to work on /usr/local/lib/python3.10/dist-packages/airflow/example_dags/example_branch_operator_decorator.py
[2023-11-20T21:19:33.025+0500] {processor.py:829} INFO - Processing file /usr/local/lib/python3.10/dist-packages/airflow/example_dags/example_branch_operator_decorator.py for tasks to queue
[2023-11-20T21:19:33.029+0500] {logging_mixin.py:154} INFO - [2023-11-20T21:19:33.027+0500] {dagbag.py:536} INFO - Filling up the DagBag from /usr/local/lib/python3.10/dist-packages/airflow/example_dags/example_branch_operator_decorator.py
[2023-11-20T21:19:33.070+0500] {processor.py:839} INFO - DAG(s) dict_keys(['example_branch_python_operator_decorator']) retrieved from /usr/local/lib/python3.10/dist-packages/airflow/example_dags/example_branch_operator_decorator.py
[2023-11-20T21:19:33.191+0500] {logging_mixin.py:154} INFO - [2023-11-20T21:19:33.190+0500] {dag.py:2941} INFO - Sync 1 DAGs
[2023-11-20T21:19:33.310+0500] {logging_mixin.py:154} INFO - [2023-11-20T21:19:33.309+0500] {dag.py:3722} INFO - Setting next_dagrun for example_branch_python_operator_decorator to 2023-11-19T00:00:00+00:00, run_after=2023-11-20T00:00:00+00:00
[2023-11-20T21:19:33.389+0500] {processor.py:179} INFO - Processing /usr/local/lib/python3.10/dist-packages/airflow/example_dags/example_branch_operator_decorator.py took 0.379 seconds
[2023-11-20T21:20:09.923+0500] {processor.py:157} INFO - Started process (PID=32478) to work on /usr/local/lib/python3.10/dist-packages/airflow/example_dags/example_branch_operator_decorator.py
[2023-11-20T21:20:09.926+0500] {processor.py:829} INFO - Processing file /usr/local/lib/python3.10/dist-packages/airflow/example_dags/example_branch_operator_decorator.py for tasks to queue
[2023-11-20T21:20:09.934+0500] {logging_mixin.py:154} INFO - [2023-11-20T21:20:09.930+0500] {dagbag.py:536} INFO - Filling up the DagBag from /usr/local/lib/python3.10/dist-packages/airflow/example_dags/example_branch_operator_decorator.py
[2023-11-20T21:20:09.996+0500] {processor.py:839} INFO - DAG(s) dict_keys(['example_branch_python_operator_decorator']) retrieved from /usr/local/lib/python3.10/dist-packages/airflow/example_dags/example_branch_operator_decorator.py
[2023-11-20T21:20:10.121+0500] {logging_mixin.py:154} INFO - [2023-11-20T21:20:10.120+0500] {dag.py:2941} INFO - Sync 1 DAGs
[2023-11-20T21:20:10.229+0500] {logging_mixin.py:154} INFO - [2023-11-20T21:20:10.228+0500] {dag.py:3722} INFO - Setting next_dagrun for example_branch_python_operator_decorator to 2023-11-19T00:00:00+00:00, run_after=2023-11-20T00:00:00+00:00
[2023-11-20T21:20:10.310+0500] {processor.py:179} INFO - Processing /usr/local/lib/python3.10/dist-packages/airflow/example_dags/example_branch_operator_decorator.py took 0.404 seconds
[2023-11-20T21:20:43.859+0500] {processor.py:157} INFO - Started process (PID=32699) to work on /usr/local/lib/python3.10/dist-packages/airflow/example_dags/example_branch_operator_decorator.py
[2023-11-20T21:20:43.863+0500] {processor.py:829} INFO - Processing file /usr/local/lib/python3.10/dist-packages/airflow/example_dags/example_branch_operator_decorator.py for tasks to queue
[2023-11-20T21:20:43.877+0500] {logging_mixin.py:154} INFO - [2023-11-20T21:20:43.874+0500] {dagbag.py:536} INFO - Filling up the DagBag from /usr/local/lib/python3.10/dist-packages/airflow/example_dags/example_branch_operator_decorator.py
[2023-11-20T21:20:43.935+0500] {processor.py:839} INFO - DAG(s) dict_keys(['example_branch_python_operator_decorator']) retrieved from /usr/local/lib/python3.10/dist-packages/airflow/example_dags/example_branch_operator_decorator.py
[2023-11-20T21:20:44.089+0500] {logging_mixin.py:154} INFO - [2023-11-20T21:20:44.088+0500] {dag.py:2941} INFO - Sync 1 DAGs
[2023-11-20T21:20:44.227+0500] {logging_mixin.py:154} INFO - [2023-11-20T21:20:44.226+0500] {dag.py:3722} INFO - Setting next_dagrun for example_branch_python_operator_decorator to 2023-11-19T00:00:00+00:00, run_after=2023-11-20T00:00:00+00:00
[2023-11-20T21:20:44.352+0500] {processor.py:179} INFO - Processing /usr/local/lib/python3.10/dist-packages/airflow/example_dags/example_branch_operator_decorator.py took 0.511 seconds
[2023-11-20T21:21:39.030+0500] {processor.py:157} INFO - Started process (PID=33015) to work on /usr/local/lib/python3.10/dist-packages/airflow/example_dags/example_branch_operator_decorator.py
[2023-11-20T21:21:39.034+0500] {processor.py:829} INFO - Processing file /usr/local/lib/python3.10/dist-packages/airflow/example_dags/example_branch_operator_decorator.py for tasks to queue
[2023-11-20T21:21:39.037+0500] {logging_mixin.py:154} INFO - [2023-11-20T21:21:39.036+0500] {dagbag.py:536} INFO - Filling up the DagBag from /usr/local/lib/python3.10/dist-packages/airflow/example_dags/example_branch_operator_decorator.py
[2023-11-20T21:21:39.084+0500] {processor.py:839} INFO - DAG(s) dict_keys(['example_branch_python_operator_decorator']) retrieved from /usr/local/lib/python3.10/dist-packages/airflow/example_dags/example_branch_operator_decorator.py
[2023-11-20T21:21:39.239+0500] {logging_mixin.py:154} INFO - [2023-11-20T21:21:39.238+0500] {dag.py:2941} INFO - Sync 1 DAGs
[2023-11-20T21:21:39.395+0500] {logging_mixin.py:154} INFO - [2023-11-20T21:21:39.394+0500] {dag.py:3722} INFO - Setting next_dagrun for example_branch_python_operator_decorator to 2023-11-19T00:00:00+00:00, run_after=2023-11-20T00:00:00+00:00
[2023-11-20T21:21:39.498+0500] {processor.py:179} INFO - Processing /usr/local/lib/python3.10/dist-packages/airflow/example_dags/example_branch_operator_decorator.py took 0.482 seconds
[2023-11-20T21:22:17.983+0500] {processor.py:157} INFO - Started process (PID=33188) to work on /usr/local/lib/python3.10/dist-packages/airflow/example_dags/example_branch_operator_decorator.py
[2023-11-20T21:22:17.986+0500] {processor.py:829} INFO - Processing file /usr/local/lib/python3.10/dist-packages/airflow/example_dags/example_branch_operator_decorator.py for tasks to queue
[2023-11-20T21:22:17.990+0500] {logging_mixin.py:154} INFO - [2023-11-20T21:22:17.989+0500] {dagbag.py:536} INFO - Filling up the DagBag from /usr/local/lib/python3.10/dist-packages/airflow/example_dags/example_branch_operator_decorator.py
[2023-11-20T21:22:18.041+0500] {processor.py:839} INFO - DAG(s) dict_keys(['example_branch_python_operator_decorator']) retrieved from /usr/local/lib/python3.10/dist-packages/airflow/example_dags/example_branch_operator_decorator.py
[2023-11-20T21:22:18.165+0500] {logging_mixin.py:154} INFO - [2023-11-20T21:22:18.164+0500] {dag.py:2941} INFO - Sync 1 DAGs
[2023-11-20T21:22:18.283+0500] {logging_mixin.py:154} INFO - [2023-11-20T21:22:18.282+0500] {dag.py:3722} INFO - Setting next_dagrun for example_branch_python_operator_decorator to 2023-11-19T00:00:00+00:00, run_after=2023-11-20T00:00:00+00:00
[2023-11-20T21:22:18.380+0500] {processor.py:179} INFO - Processing /usr/local/lib/python3.10/dist-packages/airflow/example_dags/example_branch_operator_decorator.py took 0.416 seconds
[2023-11-20T21:22:49.409+0500] {processor.py:157} INFO - Started process (PID=33322) to work on /usr/local/lib/python3.10/dist-packages/airflow/example_dags/example_branch_operator_decorator.py
[2023-11-20T21:22:49.412+0500] {processor.py:829} INFO - Processing file /usr/local/lib/python3.10/dist-packages/airflow/example_dags/example_branch_operator_decorator.py for tasks to queue
[2023-11-20T21:22:49.416+0500] {logging_mixin.py:154} INFO - [2023-11-20T21:22:49.414+0500] {dagbag.py:536} INFO - Filling up the DagBag from /usr/local/lib/python3.10/dist-packages/airflow/example_dags/example_branch_operator_decorator.py
[2023-11-20T21:22:49.461+0500] {processor.py:839} INFO - DAG(s) dict_keys(['example_branch_python_operator_decorator']) retrieved from /usr/local/lib/python3.10/dist-packages/airflow/example_dags/example_branch_operator_decorator.py
[2023-11-20T21:22:49.587+0500] {logging_mixin.py:154} INFO - [2023-11-20T21:22:49.586+0500] {dag.py:2941} INFO - Sync 1 DAGs
[2023-11-20T21:22:49.703+0500] {logging_mixin.py:154} INFO - [2023-11-20T21:22:49.702+0500] {dag.py:3722} INFO - Setting next_dagrun for example_branch_python_operator_decorator to 2023-11-19T00:00:00+00:00, run_after=2023-11-20T00:00:00+00:00
[2023-11-20T21:22:49.785+0500] {processor.py:179} INFO - Processing /usr/local/lib/python3.10/dist-packages/airflow/example_dags/example_branch_operator_decorator.py took 0.388 seconds
[2023-11-20T21:23:21.296+0500] {processor.py:157} INFO - Started process (PID=33466) to work on /usr/local/lib/python3.10/dist-packages/airflow/example_dags/example_branch_operator_decorator.py
[2023-11-20T21:23:21.299+0500] {processor.py:829} INFO - Processing file /usr/local/lib/python3.10/dist-packages/airflow/example_dags/example_branch_operator_decorator.py for tasks to queue
[2023-11-20T21:23:21.302+0500] {logging_mixin.py:154} INFO - [2023-11-20T21:23:21.301+0500] {dagbag.py:536} INFO - Filling up the DagBag from /usr/local/lib/python3.10/dist-packages/airflow/example_dags/example_branch_operator_decorator.py
[2023-11-20T21:23:21.346+0500] {processor.py:839} INFO - DAG(s) dict_keys(['example_branch_python_operator_decorator']) retrieved from /usr/local/lib/python3.10/dist-packages/airflow/example_dags/example_branch_operator_decorator.py
[2023-11-20T21:23:21.465+0500] {logging_mixin.py:154} INFO - [2023-11-20T21:23:21.464+0500] {dag.py:2941} INFO - Sync 1 DAGs
[2023-11-20T21:23:21.579+0500] {logging_mixin.py:154} INFO - [2023-11-20T21:23:21.577+0500] {dag.py:3722} INFO - Setting next_dagrun for example_branch_python_operator_decorator to 2023-11-19T00:00:00+00:00, run_after=2023-11-20T00:00:00+00:00
[2023-11-20T21:23:21.673+0500] {processor.py:179} INFO - Processing /usr/local/lib/python3.10/dist-packages/airflow/example_dags/example_branch_operator_decorator.py took 0.389 seconds
[2023-11-20T21:23:52.696+0500] {processor.py:157} INFO - Started process (PID=33579) to work on /usr/local/lib/python3.10/dist-packages/airflow/example_dags/example_branch_operator_decorator.py
[2023-11-20T21:23:52.700+0500] {processor.py:829} INFO - Processing file /usr/local/lib/python3.10/dist-packages/airflow/example_dags/example_branch_operator_decorator.py for tasks to queue
[2023-11-20T21:23:52.703+0500] {logging_mixin.py:154} INFO - [2023-11-20T21:23:52.702+0500] {dagbag.py:536} INFO - Filling up the DagBag from /usr/local/lib/python3.10/dist-packages/airflow/example_dags/example_branch_operator_decorator.py
[2023-11-20T21:23:52.749+0500] {processor.py:839} INFO - DAG(s) dict_keys(['example_branch_python_operator_decorator']) retrieved from /usr/local/lib/python3.10/dist-packages/airflow/example_dags/example_branch_operator_decorator.py
[2023-11-20T21:23:52.883+0500] {logging_mixin.py:154} INFO - [2023-11-20T21:23:52.883+0500] {dag.py:2941} INFO - Sync 1 DAGs
[2023-11-20T21:23:53.016+0500] {logging_mixin.py:154} INFO - [2023-11-20T21:23:53.015+0500] {dag.py:3722} INFO - Setting next_dagrun for example_branch_python_operator_decorator to 2023-11-19T00:00:00+00:00, run_after=2023-11-20T00:00:00+00:00
[2023-11-20T21:23:53.106+0500] {processor.py:179} INFO - Processing /usr/local/lib/python3.10/dist-packages/airflow/example_dags/example_branch_operator_decorator.py took 0.424 seconds
[2023-11-20T21:24:46.538+0500] {processor.py:157} INFO - Started process (PID=33711) to work on /usr/local/lib/python3.10/dist-packages/airflow/example_dags/example_branch_operator_decorator.py
[2023-11-20T21:24:46.543+0500] {processor.py:829} INFO - Processing file /usr/local/lib/python3.10/dist-packages/airflow/example_dags/example_branch_operator_decorator.py for tasks to queue
[2023-11-20T21:24:46.548+0500] {logging_mixin.py:154} INFO - [2023-11-20T21:24:46.545+0500] {dagbag.py:536} INFO - Filling up the DagBag from /usr/local/lib/python3.10/dist-packages/airflow/example_dags/example_branch_operator_decorator.py
[2023-11-20T21:24:46.697+0500] {processor.py:839} INFO - DAG(s) dict_keys(['example_branch_python_operator_decorator']) retrieved from /usr/local/lib/python3.10/dist-packages/airflow/example_dags/example_branch_operator_decorator.py
[2023-11-20T21:24:46.964+0500] {logging_mixin.py:154} INFO - [2023-11-20T21:24:46.963+0500] {dag.py:2941} INFO - Sync 1 DAGs
[2023-11-20T21:24:47.670+0500] {logging_mixin.py:154} INFO - [2023-11-20T21:24:47.658+0500] {dag.py:3722} INFO - Setting next_dagrun for example_branch_python_operator_decorator to 2023-11-19T00:00:00+00:00, run_after=2023-11-20T00:00:00+00:00
[2023-11-20T21:24:48.177+0500] {processor.py:179} INFO - Processing /usr/local/lib/python3.10/dist-packages/airflow/example_dags/example_branch_operator_decorator.py took 1.654 seconds
[2023-11-20T21:25:33.687+0500] {processor.py:157} INFO - Started process (PID=33825) to work on /usr/local/lib/python3.10/dist-packages/airflow/example_dags/example_branch_operator_decorator.py
[2023-11-20T21:25:33.739+0500] {processor.py:829} INFO - Processing file /usr/local/lib/python3.10/dist-packages/airflow/example_dags/example_branch_operator_decorator.py for tasks to queue
[2023-11-20T21:25:33.757+0500] {logging_mixin.py:154} INFO - [2023-11-20T21:25:33.744+0500] {dagbag.py:536} INFO - Filling up the DagBag from /usr/local/lib/python3.10/dist-packages/airflow/example_dags/example_branch_operator_decorator.py
[2023-11-20T21:25:33.868+0500] {processor.py:839} INFO - DAG(s) dict_keys(['example_branch_python_operator_decorator']) retrieved from /usr/local/lib/python3.10/dist-packages/airflow/example_dags/example_branch_operator_decorator.py
[2023-11-20T21:25:34.307+0500] {logging_mixin.py:154} INFO - [2023-11-20T21:25:34.307+0500] {dag.py:2941} INFO - Sync 1 DAGs
[2023-11-20T21:25:34.550+0500] {logging_mixin.py:154} INFO - [2023-11-20T21:25:34.549+0500] {dag.py:3722} INFO - Setting next_dagrun for example_branch_python_operator_decorator to 2023-11-19T00:00:00+00:00, run_after=2023-11-20T00:00:00+00:00
[2023-11-20T21:25:34.844+0500] {processor.py:179} INFO - Processing /usr/local/lib/python3.10/dist-packages/airflow/example_dags/example_branch_operator_decorator.py took 1.226 seconds
[2023-11-20T21:26:17.001+0500] {processor.py:157} INFO - Started process (PID=33993) to work on /usr/local/lib/python3.10/dist-packages/airflow/example_dags/example_branch_operator_decorator.py
[2023-11-20T21:26:17.020+0500] {processor.py:829} INFO - Processing file /usr/local/lib/python3.10/dist-packages/airflow/example_dags/example_branch_operator_decorator.py for tasks to queue
[2023-11-20T21:26:17.024+0500] {logging_mixin.py:154} INFO - [2023-11-20T21:26:17.023+0500] {dagbag.py:536} INFO - Filling up the DagBag from /usr/local/lib/python3.10/dist-packages/airflow/example_dags/example_branch_operator_decorator.py
[2023-11-20T21:26:17.105+0500] {processor.py:839} INFO - DAG(s) dict_keys(['example_branch_python_operator_decorator']) retrieved from /usr/local/lib/python3.10/dist-packages/airflow/example_dags/example_branch_operator_decorator.py
[2023-11-20T21:26:17.345+0500] {logging_mixin.py:154} INFO - [2023-11-20T21:26:17.344+0500] {dag.py:2941} INFO - Sync 1 DAGs
[2023-11-20T21:26:17.590+0500] {logging_mixin.py:154} INFO - [2023-11-20T21:26:17.589+0500] {dag.py:3722} INFO - Setting next_dagrun for example_branch_python_operator_decorator to 2023-11-19T00:00:00+00:00, run_after=2023-11-20T00:00:00+00:00
[2023-11-20T21:26:17.751+0500] {processor.py:179} INFO - Processing /usr/local/lib/python3.10/dist-packages/airflow/example_dags/example_branch_operator_decorator.py took 0.795 seconds
[2023-11-20T21:28:35.571+0500] {processor.py:157} INFO - Started process (PID=34330) to work on /usr/local/lib/python3.10/dist-packages/airflow/example_dags/example_branch_operator_decorator.py
[2023-11-20T21:28:35.574+0500] {processor.py:829} INFO - Processing file /usr/local/lib/python3.10/dist-packages/airflow/example_dags/example_branch_operator_decorator.py for tasks to queue
[2023-11-20T21:28:35.578+0500] {logging_mixin.py:154} INFO - [2023-11-20T21:28:35.576+0500] {dagbag.py:536} INFO - Filling up the DagBag from /usr/local/lib/python3.10/dist-packages/airflow/example_dags/example_branch_operator_decorator.py
[2023-11-20T21:28:35.626+0500] {processor.py:839} INFO - DAG(s) dict_keys(['example_branch_python_operator_decorator']) retrieved from /usr/local/lib/python3.10/dist-packages/airflow/example_dags/example_branch_operator_decorator.py
[2023-11-20T21:28:35.752+0500] {logging_mixin.py:154} INFO - [2023-11-20T21:28:35.751+0500] {dag.py:2941} INFO - Sync 1 DAGs
[2023-11-20T21:28:35.872+0500] {logging_mixin.py:154} INFO - [2023-11-20T21:28:35.871+0500] {dag.py:3722} INFO - Setting next_dagrun for example_branch_python_operator_decorator to 2023-11-19T00:00:00+00:00, run_after=2023-11-20T00:00:00+00:00
[2023-11-20T21:28:35.953+0500] {processor.py:179} INFO - Processing /usr/local/lib/python3.10/dist-packages/airflow/example_dags/example_branch_operator_decorator.py took 0.399 seconds
[2023-11-20T21:30:43.234+0500] {processor.py:157} INFO - Started process (PID=34543) to work on /usr/local/lib/python3.10/dist-packages/airflow/example_dags/example_branch_operator_decorator.py
[2023-11-20T21:30:43.238+0500] {processor.py:829} INFO - Processing file /usr/local/lib/python3.10/dist-packages/airflow/example_dags/example_branch_operator_decorator.py for tasks to queue
[2023-11-20T21:30:43.241+0500] {logging_mixin.py:154} INFO - [2023-11-20T21:30:43.240+0500] {dagbag.py:536} INFO - Filling up the DagBag from /usr/local/lib/python3.10/dist-packages/airflow/example_dags/example_branch_operator_decorator.py
[2023-11-20T21:30:43.282+0500] {processor.py:839} INFO - DAG(s) dict_keys(['example_branch_python_operator_decorator']) retrieved from /usr/local/lib/python3.10/dist-packages/airflow/example_dags/example_branch_operator_decorator.py
[2023-11-20T21:30:43.401+0500] {logging_mixin.py:154} INFO - [2023-11-20T21:30:43.401+0500] {dag.py:2941} INFO - Sync 1 DAGs
[2023-11-20T21:30:43.509+0500] {logging_mixin.py:154} INFO - [2023-11-20T21:30:43.508+0500] {dag.py:3722} INFO - Setting next_dagrun for example_branch_python_operator_decorator to 2023-11-19T00:00:00+00:00, run_after=2023-11-20T00:00:00+00:00
[2023-11-20T21:30:43.586+0500] {processor.py:179} INFO - Processing /usr/local/lib/python3.10/dist-packages/airflow/example_dags/example_branch_operator_decorator.py took 0.363 seconds
