[2023-11-20T21:05:51.443+0500] {processor.py:157} INFO - Started process (PID=27170) to work on /usr/local/lib/python3.10/dist-packages/airflow/example_dags/example_task_group.py
[2023-11-20T21:05:51.445+0500] {processor.py:829} INFO - Processing file /usr/local/lib/python3.10/dist-packages/airflow/example_dags/example_task_group.py for tasks to queue
[2023-11-20T21:05:51.449+0500] {logging_mixin.py:154} INFO - [2023-11-20T21:05:51.447+0500] {dagbag.py:536} INFO - Filling up the DagBag from /usr/local/lib/python3.10/dist-packages/airflow/example_dags/example_task_group.py
[2023-11-20T21:05:51.486+0500] {processor.py:839} INFO - DAG(s) dict_keys(['example_task_group']) retrieved from /usr/local/lib/python3.10/dist-packages/airflow/example_dags/example_task_group.py
[2023-11-20T21:05:51.967+0500] {logging_mixin.py:154} INFO - [2023-11-20T21:05:51.966+0500] {manager.py:499} INFO - Created Permission View: %s
[2023-11-20T21:05:52.007+0500] {logging_mixin.py:154} INFO - [2023-11-20T21:05:52.007+0500] {manager.py:499} INFO - Created Permission View: %s
[2023-11-20T21:05:52.042+0500] {logging_mixin.py:154} INFO - [2023-11-20T21:05:52.041+0500] {manager.py:499} INFO - Created Permission View: %s
[2023-11-20T21:05:52.044+0500] {logging_mixin.py:154} INFO - [2023-11-20T21:05:52.043+0500] {dag.py:2941} INFO - Sync 1 DAGs
[2023-11-20T21:05:52.093+0500] {logging_mixin.py:154} INFO - [2023-11-20T21:05:52.092+0500] {dag.py:2963} INFO - Creating ORM DAG for example_task_group
[2023-11-20T21:05:52.135+0500] {logging_mixin.py:154} INFO - [2023-11-20T21:05:52.134+0500] {dag.py:3722} INFO - Setting next_dagrun for example_task_group to 2023-11-19T16:05:52.133684+00:00, run_after=2023-11-20T16:05:52.133684+00:00
[2023-11-20T21:05:52.208+0500] {processor.py:179} INFO - Processing /usr/local/lib/python3.10/dist-packages/airflow/example_dags/example_task_group.py took 0.778 seconds
[2023-11-20T21:06:22.455+0500] {processor.py:157} INFO - Started process (PID=27277) to work on /usr/local/lib/python3.10/dist-packages/airflow/example_dags/example_task_group.py
[2023-11-20T21:06:22.458+0500] {processor.py:829} INFO - Processing file /usr/local/lib/python3.10/dist-packages/airflow/example_dags/example_task_group.py for tasks to queue
[2023-11-20T21:06:22.461+0500] {logging_mixin.py:154} INFO - [2023-11-20T21:06:22.460+0500] {dagbag.py:536} INFO - Filling up the DagBag from /usr/local/lib/python3.10/dist-packages/airflow/example_dags/example_task_group.py
[2023-11-20T21:06:22.495+0500] {processor.py:839} INFO - DAG(s) dict_keys(['example_task_group']) retrieved from /usr/local/lib/python3.10/dist-packages/airflow/example_dags/example_task_group.py
[2023-11-20T21:06:22.611+0500] {logging_mixin.py:154} INFO - [2023-11-20T21:06:22.611+0500] {dag.py:2941} INFO - Sync 1 DAGs
[2023-11-20T21:06:22.717+0500] {logging_mixin.py:154} INFO - [2023-11-20T21:06:22.716+0500] {dag.py:3722} INFO - Setting next_dagrun for example_task_group to 2023-11-19T16:06:22.715728+00:00, run_after=2023-11-20T16:06:22.715728+00:00
[2023-11-20T21:06:22.821+0500] {processor.py:179} INFO - Processing /usr/local/lib/python3.10/dist-packages/airflow/example_dags/example_task_group.py took 0.379 seconds
[2023-11-20T21:06:53.506+0500] {processor.py:157} INFO - Started process (PID=27729) to work on /usr/local/lib/python3.10/dist-packages/airflow/example_dags/example_task_group.py
[2023-11-20T21:06:53.510+0500] {processor.py:829} INFO - Processing file /usr/local/lib/python3.10/dist-packages/airflow/example_dags/example_task_group.py for tasks to queue
[2023-11-20T21:06:53.513+0500] {logging_mixin.py:154} INFO - [2023-11-20T21:06:53.512+0500] {dagbag.py:536} INFO - Filling up the DagBag from /usr/local/lib/python3.10/dist-packages/airflow/example_dags/example_task_group.py
[2023-11-20T21:06:53.548+0500] {processor.py:839} INFO - DAG(s) dict_keys(['example_task_group']) retrieved from /usr/local/lib/python3.10/dist-packages/airflow/example_dags/example_task_group.py
[2023-11-20T21:06:53.667+0500] {logging_mixin.py:154} INFO - [2023-11-20T21:06:53.667+0500] {dag.py:2941} INFO - Sync 1 DAGs
[2023-11-20T21:06:53.776+0500] {logging_mixin.py:154} INFO - [2023-11-20T21:06:53.775+0500] {dag.py:3722} INFO - Setting next_dagrun for example_task_group to 2023-11-19T16:06:53.774554+00:00, run_after=2023-11-20T16:06:53.774554+00:00
[2023-11-20T21:06:53.853+0500] {processor.py:179} INFO - Processing /usr/local/lib/python3.10/dist-packages/airflow/example_dags/example_task_group.py took 0.359 seconds
[2023-11-20T21:07:24.876+0500] {processor.py:157} INFO - Started process (PID=27987) to work on /usr/local/lib/python3.10/dist-packages/airflow/example_dags/example_task_group.py
[2023-11-20T21:07:24.879+0500] {processor.py:829} INFO - Processing file /usr/local/lib/python3.10/dist-packages/airflow/example_dags/example_task_group.py for tasks to queue
[2023-11-20T21:07:24.887+0500] {logging_mixin.py:154} INFO - [2023-11-20T21:07:24.885+0500] {dagbag.py:536} INFO - Filling up the DagBag from /usr/local/lib/python3.10/dist-packages/airflow/example_dags/example_task_group.py
[2023-11-20T21:07:24.933+0500] {processor.py:839} INFO - DAG(s) dict_keys(['example_task_group']) retrieved from /usr/local/lib/python3.10/dist-packages/airflow/example_dags/example_task_group.py
[2023-11-20T21:07:25.089+0500] {logging_mixin.py:154} INFO - [2023-11-20T21:07:25.087+0500] {dag.py:2941} INFO - Sync 1 DAGs
[2023-11-20T21:07:25.210+0500] {logging_mixin.py:154} INFO - [2023-11-20T21:07:25.209+0500] {dag.py:3722} INFO - Setting next_dagrun for example_task_group to 2023-11-19T16:07:25.208007+00:00, run_after=2023-11-20T16:07:25.208007+00:00
[2023-11-20T21:07:25.332+0500] {processor.py:179} INFO - Processing /usr/local/lib/python3.10/dist-packages/airflow/example_dags/example_task_group.py took 0.471 seconds
[2023-11-20T21:07:56.097+0500] {processor.py:157} INFO - Started process (PID=28171) to work on /usr/local/lib/python3.10/dist-packages/airflow/example_dags/example_task_group.py
[2023-11-20T21:07:56.101+0500] {processor.py:829} INFO - Processing file /usr/local/lib/python3.10/dist-packages/airflow/example_dags/example_task_group.py for tasks to queue
[2023-11-20T21:07:56.104+0500] {logging_mixin.py:154} INFO - [2023-11-20T21:07:56.102+0500] {dagbag.py:536} INFO - Filling up the DagBag from /usr/local/lib/python3.10/dist-packages/airflow/example_dags/example_task_group.py
[2023-11-20T21:07:56.138+0500] {processor.py:839} INFO - DAG(s) dict_keys(['example_task_group']) retrieved from /usr/local/lib/python3.10/dist-packages/airflow/example_dags/example_task_group.py
[2023-11-20T21:07:56.266+0500] {logging_mixin.py:154} INFO - [2023-11-20T21:07:56.266+0500] {dag.py:2941} INFO - Sync 1 DAGs
[2023-11-20T21:07:56.373+0500] {logging_mixin.py:154} INFO - [2023-11-20T21:07:56.372+0500] {dag.py:3722} INFO - Setting next_dagrun for example_task_group to 2023-11-19T16:07:56.371631+00:00, run_after=2023-11-20T16:07:56.371631+00:00
[2023-11-20T21:07:56.502+0500] {processor.py:179} INFO - Processing /usr/local/lib/python3.10/dist-packages/airflow/example_dags/example_task_group.py took 0.417 seconds
[2023-11-20T21:08:26.744+0500] {processor.py:157} INFO - Started process (PID=28406) to work on /usr/local/lib/python3.10/dist-packages/airflow/example_dags/example_task_group.py
[2023-11-20T21:08:26.747+0500] {processor.py:829} INFO - Processing file /usr/local/lib/python3.10/dist-packages/airflow/example_dags/example_task_group.py for tasks to queue
[2023-11-20T21:08:26.750+0500] {logging_mixin.py:154} INFO - [2023-11-20T21:08:26.749+0500] {dagbag.py:536} INFO - Filling up the DagBag from /usr/local/lib/python3.10/dist-packages/airflow/example_dags/example_task_group.py
[2023-11-20T21:08:26.780+0500] {processor.py:839} INFO - DAG(s) dict_keys(['example_task_group']) retrieved from /usr/local/lib/python3.10/dist-packages/airflow/example_dags/example_task_group.py
[2023-11-20T21:08:26.890+0500] {logging_mixin.py:154} INFO - [2023-11-20T21:08:26.890+0500] {dag.py:2941} INFO - Sync 1 DAGs
[2023-11-20T21:08:26.987+0500] {logging_mixin.py:154} INFO - [2023-11-20T21:08:26.986+0500] {dag.py:3722} INFO - Setting next_dagrun for example_task_group to 2023-11-19T16:08:26.986180+00:00, run_after=2023-11-20T16:08:26.986180+00:00
[2023-11-20T21:08:27.066+0500] {processor.py:179} INFO - Processing /usr/local/lib/python3.10/dist-packages/airflow/example_dags/example_task_group.py took 0.333 seconds
[2023-11-20T21:08:57.251+0500] {processor.py:157} INFO - Started process (PID=28627) to work on /usr/local/lib/python3.10/dist-packages/airflow/example_dags/example_task_group.py
[2023-11-20T21:08:57.254+0500] {processor.py:829} INFO - Processing file /usr/local/lib/python3.10/dist-packages/airflow/example_dags/example_task_group.py for tasks to queue
[2023-11-20T21:08:57.257+0500] {logging_mixin.py:154} INFO - [2023-11-20T21:08:57.256+0500] {dagbag.py:536} INFO - Filling up the DagBag from /usr/local/lib/python3.10/dist-packages/airflow/example_dags/example_task_group.py
[2023-11-20T21:08:57.288+0500] {processor.py:839} INFO - DAG(s) dict_keys(['example_task_group']) retrieved from /usr/local/lib/python3.10/dist-packages/airflow/example_dags/example_task_group.py
[2023-11-20T21:08:57.402+0500] {logging_mixin.py:154} INFO - [2023-11-20T21:08:57.402+0500] {dag.py:2941} INFO - Sync 1 DAGs
[2023-11-20T21:08:57.498+0500] {logging_mixin.py:154} INFO - [2023-11-20T21:08:57.497+0500] {dag.py:3722} INFO - Setting next_dagrun for example_task_group to 2023-11-19T16:08:57.496935+00:00, run_after=2023-11-20T16:08:57.496935+00:00
[2023-11-20T21:08:57.579+0500] {processor.py:179} INFO - Processing /usr/local/lib/python3.10/dist-packages/airflow/example_dags/example_task_group.py took 0.339 seconds
[2023-11-20T21:09:28.220+0500] {processor.py:157} INFO - Started process (PID=28813) to work on /usr/local/lib/python3.10/dist-packages/airflow/example_dags/example_task_group.py
[2023-11-20T21:09:28.223+0500] {processor.py:829} INFO - Processing file /usr/local/lib/python3.10/dist-packages/airflow/example_dags/example_task_group.py for tasks to queue
[2023-11-20T21:09:28.226+0500] {logging_mixin.py:154} INFO - [2023-11-20T21:09:28.225+0500] {dagbag.py:536} INFO - Filling up the DagBag from /usr/local/lib/python3.10/dist-packages/airflow/example_dags/example_task_group.py
[2023-11-20T21:09:28.260+0500] {processor.py:839} INFO - DAG(s) dict_keys(['example_task_group']) retrieved from /usr/local/lib/python3.10/dist-packages/airflow/example_dags/example_task_group.py
[2023-11-20T21:09:28.381+0500] {logging_mixin.py:154} INFO - [2023-11-20T21:09:28.380+0500] {dag.py:2941} INFO - Sync 1 DAGs
[2023-11-20T21:09:28.499+0500] {logging_mixin.py:154} INFO - [2023-11-20T21:09:28.498+0500] {dag.py:3722} INFO - Setting next_dagrun for example_task_group to 2023-11-19T16:09:28.497823+00:00, run_after=2023-11-20T16:09:28.497823+00:00
[2023-11-20T21:09:28.585+0500] {processor.py:179} INFO - Processing /usr/local/lib/python3.10/dist-packages/airflow/example_dags/example_task_group.py took 0.377 seconds
[2023-11-20T21:10:02.125+0500] {processor.py:157} INFO - Started process (PID=29109) to work on /usr/local/lib/python3.10/dist-packages/airflow/example_dags/example_task_group.py
[2023-11-20T21:10:02.129+0500] {processor.py:829} INFO - Processing file /usr/local/lib/python3.10/dist-packages/airflow/example_dags/example_task_group.py for tasks to queue
[2023-11-20T21:10:02.133+0500] {logging_mixin.py:154} INFO - [2023-11-20T21:10:02.132+0500] {dagbag.py:536} INFO - Filling up the DagBag from /usr/local/lib/python3.10/dist-packages/airflow/example_dags/example_task_group.py
[2023-11-20T21:10:02.178+0500] {processor.py:839} INFO - DAG(s) dict_keys(['example_task_group']) retrieved from /usr/local/lib/python3.10/dist-packages/airflow/example_dags/example_task_group.py
[2023-11-20T21:10:02.305+0500] {logging_mixin.py:154} INFO - [2023-11-20T21:10:02.304+0500] {dag.py:2941} INFO - Sync 1 DAGs
[2023-11-20T21:10:02.448+0500] {logging_mixin.py:154} INFO - [2023-11-20T21:10:02.448+0500] {dag.py:3722} INFO - Setting next_dagrun for example_task_group to 2023-11-19T16:10:02.446869+00:00, run_after=2023-11-20T16:10:02.446869+00:00
[2023-11-20T21:10:02.583+0500] {processor.py:179} INFO - Processing /usr/local/lib/python3.10/dist-packages/airflow/example_dags/example_task_group.py took 0.471 seconds
[2023-11-20T21:10:33.284+0500] {processor.py:157} INFO - Started process (PID=29342) to work on /usr/local/lib/python3.10/dist-packages/airflow/example_dags/example_task_group.py
[2023-11-20T21:10:33.287+0500] {processor.py:829} INFO - Processing file /usr/local/lib/python3.10/dist-packages/airflow/example_dags/example_task_group.py for tasks to queue
[2023-11-20T21:10:33.290+0500] {logging_mixin.py:154} INFO - [2023-11-20T21:10:33.289+0500] {dagbag.py:536} INFO - Filling up the DagBag from /usr/local/lib/python3.10/dist-packages/airflow/example_dags/example_task_group.py
[2023-11-20T21:10:33.323+0500] {processor.py:839} INFO - DAG(s) dict_keys(['example_task_group']) retrieved from /usr/local/lib/python3.10/dist-packages/airflow/example_dags/example_task_group.py
[2023-11-20T21:10:33.433+0500] {logging_mixin.py:154} INFO - [2023-11-20T21:10:33.433+0500] {dag.py:2941} INFO - Sync 1 DAGs
[2023-11-20T21:10:33.535+0500] {logging_mixin.py:154} INFO - [2023-11-20T21:10:33.534+0500] {dag.py:3722} INFO - Setting next_dagrun for example_task_group to 2023-11-19T16:10:33.533804+00:00, run_after=2023-11-20T16:10:33.533804+00:00
[2023-11-20T21:10:33.624+0500] {processor.py:179} INFO - Processing /usr/local/lib/python3.10/dist-packages/airflow/example_dags/example_task_group.py took 0.352 seconds
[2023-11-20T21:11:03.955+0500] {processor.py:157} INFO - Started process (PID=29498) to work on /usr/local/lib/python3.10/dist-packages/airflow/example_dags/example_task_group.py
[2023-11-20T21:11:03.958+0500] {processor.py:829} INFO - Processing file /usr/local/lib/python3.10/dist-packages/airflow/example_dags/example_task_group.py for tasks to queue
[2023-11-20T21:11:03.961+0500] {logging_mixin.py:154} INFO - [2023-11-20T21:11:03.960+0500] {dagbag.py:536} INFO - Filling up the DagBag from /usr/local/lib/python3.10/dist-packages/airflow/example_dags/example_task_group.py
[2023-11-20T21:11:03.993+0500] {processor.py:839} INFO - DAG(s) dict_keys(['example_task_group']) retrieved from /usr/local/lib/python3.10/dist-packages/airflow/example_dags/example_task_group.py
[2023-11-20T21:11:04.102+0500] {logging_mixin.py:154} INFO - [2023-11-20T21:11:04.102+0500] {dag.py:2941} INFO - Sync 1 DAGs
[2023-11-20T21:11:04.210+0500] {logging_mixin.py:154} INFO - [2023-11-20T21:11:04.209+0500] {dag.py:3722} INFO - Setting next_dagrun for example_task_group to 2023-11-19T16:11:04.209023+00:00, run_after=2023-11-20T16:11:04.209023+00:00
[2023-11-20T21:11:04.304+0500] {processor.py:179} INFO - Processing /usr/local/lib/python3.10/dist-packages/airflow/example_dags/example_task_group.py took 0.361 seconds
[2023-11-20T21:11:38.484+0500] {processor.py:157} INFO - Started process (PID=29619) to work on /usr/local/lib/python3.10/dist-packages/airflow/example_dags/example_task_group.py
[2023-11-20T21:11:38.488+0500] {processor.py:829} INFO - Processing file /usr/local/lib/python3.10/dist-packages/airflow/example_dags/example_task_group.py for tasks to queue
[2023-11-20T21:11:38.492+0500] {logging_mixin.py:154} INFO - [2023-11-20T21:11:38.491+0500] {dagbag.py:536} INFO - Filling up the DagBag from /usr/local/lib/python3.10/dist-packages/airflow/example_dags/example_task_group.py
[2023-11-20T21:11:38.528+0500] {processor.py:839} INFO - DAG(s) dict_keys(['example_task_group']) retrieved from /usr/local/lib/python3.10/dist-packages/airflow/example_dags/example_task_group.py
[2023-11-20T21:11:38.682+0500] {logging_mixin.py:154} INFO - [2023-11-20T21:11:38.681+0500] {dag.py:2941} INFO - Sync 1 DAGs
[2023-11-20T21:11:39.014+0500] {logging_mixin.py:154} INFO - [2023-11-20T21:11:39.012+0500] {dag.py:3722} INFO - Setting next_dagrun for example_task_group to 2023-11-19T16:11:39.011767+00:00, run_after=2023-11-20T16:11:39.011767+00:00
[2023-11-20T21:11:39.173+0500] {processor.py:179} INFO - Processing /usr/local/lib/python3.10/dist-packages/airflow/example_dags/example_task_group.py took 0.699 seconds
[2023-11-20T21:12:09.455+0500] {processor.py:157} INFO - Started process (PID=29843) to work on /usr/local/lib/python3.10/dist-packages/airflow/example_dags/example_task_group.py
[2023-11-20T21:12:09.458+0500] {processor.py:829} INFO - Processing file /usr/local/lib/python3.10/dist-packages/airflow/example_dags/example_task_group.py for tasks to queue
[2023-11-20T21:12:09.461+0500] {logging_mixin.py:154} INFO - [2023-11-20T21:12:09.460+0500] {dagbag.py:536} INFO - Filling up the DagBag from /usr/local/lib/python3.10/dist-packages/airflow/example_dags/example_task_group.py
[2023-11-20T21:12:09.492+0500] {processor.py:839} INFO - DAG(s) dict_keys(['example_task_group']) retrieved from /usr/local/lib/python3.10/dist-packages/airflow/example_dags/example_task_group.py
[2023-11-20T21:12:09.603+0500] {logging_mixin.py:154} INFO - [2023-11-20T21:12:09.602+0500] {dag.py:2941} INFO - Sync 1 DAGs
[2023-11-20T21:12:09.699+0500] {logging_mixin.py:154} INFO - [2023-11-20T21:12:09.698+0500] {dag.py:3722} INFO - Setting next_dagrun for example_task_group to 2023-11-19T16:12:09.698116+00:00, run_after=2023-11-20T16:12:09.698116+00:00
[2023-11-20T21:12:09.782+0500] {processor.py:179} INFO - Processing /usr/local/lib/python3.10/dist-packages/airflow/example_dags/example_task_group.py took 0.338 seconds
[2023-11-20T21:12:41.259+0500] {processor.py:157} INFO - Started process (PID=30067) to work on /usr/local/lib/python3.10/dist-packages/airflow/example_dags/example_task_group.py
[2023-11-20T21:12:41.261+0500] {processor.py:829} INFO - Processing file /usr/local/lib/python3.10/dist-packages/airflow/example_dags/example_task_group.py for tasks to queue
[2023-11-20T21:12:41.265+0500] {logging_mixin.py:154} INFO - [2023-11-20T21:12:41.264+0500] {dagbag.py:536} INFO - Filling up the DagBag from /usr/local/lib/python3.10/dist-packages/airflow/example_dags/example_task_group.py
[2023-11-20T21:12:41.295+0500] {processor.py:839} INFO - DAG(s) dict_keys(['example_task_group']) retrieved from /usr/local/lib/python3.10/dist-packages/airflow/example_dags/example_task_group.py
[2023-11-20T21:12:41.404+0500] {logging_mixin.py:154} INFO - [2023-11-20T21:12:41.403+0500] {dag.py:2941} INFO - Sync 1 DAGs
[2023-11-20T21:12:41.506+0500] {logging_mixin.py:154} INFO - [2023-11-20T21:12:41.505+0500] {dag.py:3722} INFO - Setting next_dagrun for example_task_group to 2023-11-19T16:12:41.504403+00:00, run_after=2023-11-20T16:12:41.504403+00:00
[2023-11-20T21:12:41.590+0500] {processor.py:179} INFO - Processing /usr/local/lib/python3.10/dist-packages/airflow/example_dags/example_task_group.py took 0.343 seconds
[2023-11-20T21:13:14.445+0500] {processor.py:157} INFO - Started process (PID=30200) to work on /usr/local/lib/python3.10/dist-packages/airflow/example_dags/example_task_group.py
[2023-11-20T21:13:14.448+0500] {processor.py:829} INFO - Processing file /usr/local/lib/python3.10/dist-packages/airflow/example_dags/example_task_group.py for tasks to queue
[2023-11-20T21:13:14.451+0500] {logging_mixin.py:154} INFO - [2023-11-20T21:13:14.450+0500] {dagbag.py:536} INFO - Filling up the DagBag from /usr/local/lib/python3.10/dist-packages/airflow/example_dags/example_task_group.py
[2023-11-20T21:13:14.514+0500] {processor.py:839} INFO - DAG(s) dict_keys(['example_task_group']) retrieved from /usr/local/lib/python3.10/dist-packages/airflow/example_dags/example_task_group.py
[2023-11-20T21:13:14.632+0500] {logging_mixin.py:154} INFO - [2023-11-20T21:13:14.632+0500] {dag.py:2941} INFO - Sync 1 DAGs
[2023-11-20T21:13:14.749+0500] {logging_mixin.py:154} INFO - [2023-11-20T21:13:14.748+0500] {dag.py:3722} INFO - Setting next_dagrun for example_task_group to 2023-11-19T16:13:14.747949+00:00, run_after=2023-11-20T16:13:14.747949+00:00
[2023-11-20T21:13:14.824+0500] {processor.py:179} INFO - Processing /usr/local/lib/python3.10/dist-packages/airflow/example_dags/example_task_group.py took 0.397 seconds
[2023-11-20T21:13:45.522+0500] {processor.py:157} INFO - Started process (PID=30332) to work on /usr/local/lib/python3.10/dist-packages/airflow/example_dags/example_task_group.py
[2023-11-20T21:13:45.525+0500] {processor.py:829} INFO - Processing file /usr/local/lib/python3.10/dist-packages/airflow/example_dags/example_task_group.py for tasks to queue
[2023-11-20T21:13:45.528+0500] {logging_mixin.py:154} INFO - [2023-11-20T21:13:45.527+0500] {dagbag.py:536} INFO - Filling up the DagBag from /usr/local/lib/python3.10/dist-packages/airflow/example_dags/example_task_group.py
[2023-11-20T21:13:45.570+0500] {processor.py:839} INFO - DAG(s) dict_keys(['example_task_group']) retrieved from /usr/local/lib/python3.10/dist-packages/airflow/example_dags/example_task_group.py
[2023-11-20T21:13:45.731+0500] {logging_mixin.py:154} INFO - [2023-11-20T21:13:45.730+0500] {dag.py:2941} INFO - Sync 1 DAGs
[2023-11-20T21:13:45.851+0500] {logging_mixin.py:154} INFO - [2023-11-20T21:13:45.850+0500] {dag.py:3722} INFO - Setting next_dagrun for example_task_group to 2023-11-19T16:13:45.849724+00:00, run_after=2023-11-20T16:13:45.849724+00:00
[2023-11-20T21:13:45.937+0500] {processor.py:179} INFO - Processing /usr/local/lib/python3.10/dist-packages/airflow/example_dags/example_task_group.py took 0.427 seconds
[2023-11-20T21:14:16.171+0500] {processor.py:157} INFO - Started process (PID=30434) to work on /usr/local/lib/python3.10/dist-packages/airflow/example_dags/example_task_group.py
[2023-11-20T21:14:16.174+0500] {processor.py:829} INFO - Processing file /usr/local/lib/python3.10/dist-packages/airflow/example_dags/example_task_group.py for tasks to queue
[2023-11-20T21:14:16.177+0500] {logging_mixin.py:154} INFO - [2023-11-20T21:14:16.176+0500] {dagbag.py:536} INFO - Filling up the DagBag from /usr/local/lib/python3.10/dist-packages/airflow/example_dags/example_task_group.py
[2023-11-20T21:14:16.208+0500] {processor.py:839} INFO - DAG(s) dict_keys(['example_task_group']) retrieved from /usr/local/lib/python3.10/dist-packages/airflow/example_dags/example_task_group.py
[2023-11-20T21:14:16.315+0500] {logging_mixin.py:154} INFO - [2023-11-20T21:14:16.314+0500] {dag.py:2941} INFO - Sync 1 DAGs
[2023-11-20T21:14:16.417+0500] {logging_mixin.py:154} INFO - [2023-11-20T21:14:16.416+0500] {dag.py:3722} INFO - Setting next_dagrun for example_task_group to 2023-11-19T16:14:16.415520+00:00, run_after=2023-11-20T16:14:16.415520+00:00
[2023-11-20T21:14:16.494+0500] {processor.py:179} INFO - Processing /usr/local/lib/python3.10/dist-packages/airflow/example_dags/example_task_group.py took 0.336 seconds
[2023-11-20T21:14:50.669+0500] {processor.py:157} INFO - Started process (PID=30551) to work on /usr/local/lib/python3.10/dist-packages/airflow/example_dags/example_task_group.py
[2023-11-20T21:14:50.687+0500] {processor.py:829} INFO - Processing file /usr/local/lib/python3.10/dist-packages/airflow/example_dags/example_task_group.py for tasks to queue
[2023-11-20T21:14:50.690+0500] {logging_mixin.py:154} INFO - [2023-11-20T21:14:50.689+0500] {dagbag.py:536} INFO - Filling up the DagBag from /usr/local/lib/python3.10/dist-packages/airflow/example_dags/example_task_group.py
[2023-11-20T21:14:50.817+0500] {processor.py:839} INFO - DAG(s) dict_keys(['example_task_group']) retrieved from /usr/local/lib/python3.10/dist-packages/airflow/example_dags/example_task_group.py
[2023-11-20T21:14:51.092+0500] {logging_mixin.py:154} INFO - [2023-11-20T21:14:51.092+0500] {dag.py:2941} INFO - Sync 1 DAGs
[2023-11-20T21:14:51.331+0500] {logging_mixin.py:154} INFO - [2023-11-20T21:14:51.330+0500] {dag.py:3722} INFO - Setting next_dagrun for example_task_group to 2023-11-19T16:14:51.329721+00:00, run_after=2023-11-20T16:14:51.329721+00:00
[2023-11-20T21:14:51.531+0500] {processor.py:179} INFO - Processing /usr/local/lib/python3.10/dist-packages/airflow/example_dags/example_task_group.py took 0.996 seconds
[2023-11-20T21:15:21.726+0500] {processor.py:157} INFO - Started process (PID=30905) to work on /usr/local/lib/python3.10/dist-packages/airflow/example_dags/example_task_group.py
[2023-11-20T21:15:21.729+0500] {processor.py:829} INFO - Processing file /usr/local/lib/python3.10/dist-packages/airflow/example_dags/example_task_group.py for tasks to queue
[2023-11-20T21:15:21.731+0500] {logging_mixin.py:154} INFO - [2023-11-20T21:15:21.730+0500] {dagbag.py:536} INFO - Filling up the DagBag from /usr/local/lib/python3.10/dist-packages/airflow/example_dags/example_task_group.py
[2023-11-20T21:15:21.762+0500] {processor.py:839} INFO - DAG(s) dict_keys(['example_task_group']) retrieved from /usr/local/lib/python3.10/dist-packages/airflow/example_dags/example_task_group.py
[2023-11-20T21:15:21.872+0500] {logging_mixin.py:154} INFO - [2023-11-20T21:15:21.872+0500] {dag.py:2941} INFO - Sync 1 DAGs
[2023-11-20T21:15:21.980+0500] {logging_mixin.py:154} INFO - [2023-11-20T21:15:21.979+0500] {dag.py:3722} INFO - Setting next_dagrun for example_task_group to 2023-11-19T16:15:21.978719+00:00, run_after=2023-11-20T16:15:21.978719+00:00
[2023-11-20T21:15:22.109+0500] {processor.py:179} INFO - Processing /usr/local/lib/python3.10/dist-packages/airflow/example_dags/example_task_group.py took 0.396 seconds
[2023-11-20T21:15:52.576+0500] {processor.py:157} INFO - Started process (PID=31102) to work on /usr/local/lib/python3.10/dist-packages/airflow/example_dags/example_task_group.py
[2023-11-20T21:15:52.593+0500] {processor.py:829} INFO - Processing file /usr/local/lib/python3.10/dist-packages/airflow/example_dags/example_task_group.py for tasks to queue
[2023-11-20T21:15:52.596+0500] {logging_mixin.py:154} INFO - [2023-11-20T21:15:52.595+0500] {dagbag.py:536} INFO - Filling up the DagBag from /usr/local/lib/python3.10/dist-packages/airflow/example_dags/example_task_group.py
[2023-11-20T21:15:52.631+0500] {processor.py:839} INFO - DAG(s) dict_keys(['example_task_group']) retrieved from /usr/local/lib/python3.10/dist-packages/airflow/example_dags/example_task_group.py
[2023-11-20T21:15:52.744+0500] {logging_mixin.py:154} INFO - [2023-11-20T21:15:52.743+0500] {dag.py:2941} INFO - Sync 1 DAGs
[2023-11-20T21:15:52.845+0500] {logging_mixin.py:154} INFO - [2023-11-20T21:15:52.844+0500] {dag.py:3722} INFO - Setting next_dagrun for example_task_group to 2023-11-19T16:15:52.843364+00:00, run_after=2023-11-20T16:15:52.843364+00:00
[2023-11-20T21:15:52.930+0500] {processor.py:179} INFO - Processing /usr/local/lib/python3.10/dist-packages/airflow/example_dags/example_task_group.py took 0.367 seconds
[2023-11-20T21:16:23.150+0500] {processor.py:157} INFO - Started process (PID=31202) to work on /usr/local/lib/python3.10/dist-packages/airflow/example_dags/example_task_group.py
[2023-11-20T21:16:23.152+0500] {processor.py:829} INFO - Processing file /usr/local/lib/python3.10/dist-packages/airflow/example_dags/example_task_group.py for tasks to queue
[2023-11-20T21:16:23.156+0500] {logging_mixin.py:154} INFO - [2023-11-20T21:16:23.154+0500] {dagbag.py:536} INFO - Filling up the DagBag from /usr/local/lib/python3.10/dist-packages/airflow/example_dags/example_task_group.py
[2023-11-20T21:16:23.186+0500] {processor.py:839} INFO - DAG(s) dict_keys(['example_task_group']) retrieved from /usr/local/lib/python3.10/dist-packages/airflow/example_dags/example_task_group.py
[2023-11-20T21:16:23.297+0500] {logging_mixin.py:154} INFO - [2023-11-20T21:16:23.296+0500] {dag.py:2941} INFO - Sync 1 DAGs
[2023-11-20T21:16:23.399+0500] {logging_mixin.py:154} INFO - [2023-11-20T21:16:23.398+0500] {dag.py:3722} INFO - Setting next_dagrun for example_task_group to 2023-11-19T16:16:23.397981+00:00, run_after=2023-11-20T16:16:23.397981+00:00
[2023-11-20T21:16:23.482+0500] {processor.py:179} INFO - Processing /usr/local/lib/python3.10/dist-packages/airflow/example_dags/example_task_group.py took 0.343 seconds
[2023-11-20T21:16:54.349+0500] {processor.py:157} INFO - Started process (PID=31305) to work on /usr/local/lib/python3.10/dist-packages/airflow/example_dags/example_task_group.py
[2023-11-20T21:16:54.353+0500] {processor.py:829} INFO - Processing file /usr/local/lib/python3.10/dist-packages/airflow/example_dags/example_task_group.py for tasks to queue
[2023-11-20T21:16:54.356+0500] {logging_mixin.py:154} INFO - [2023-11-20T21:16:54.355+0500] {dagbag.py:536} INFO - Filling up the DagBag from /usr/local/lib/python3.10/dist-packages/airflow/example_dags/example_task_group.py
[2023-11-20T21:16:54.396+0500] {processor.py:839} INFO - DAG(s) dict_keys(['example_task_group']) retrieved from /usr/local/lib/python3.10/dist-packages/airflow/example_dags/example_task_group.py
[2023-11-20T21:16:54.557+0500] {logging_mixin.py:154} INFO - [2023-11-20T21:16:54.557+0500] {dag.py:2941} INFO - Sync 1 DAGs
[2023-11-20T21:16:54.707+0500] {logging_mixin.py:154} INFO - [2023-11-20T21:16:54.706+0500] {dag.py:3722} INFO - Setting next_dagrun for example_task_group to 2023-11-19T16:16:54.705170+00:00, run_after=2023-11-20T16:16:54.705170+00:00
[2023-11-20T21:16:54.857+0500] {processor.py:179} INFO - Processing /usr/local/lib/python3.10/dist-packages/airflow/example_dags/example_task_group.py took 0.520 seconds
[2023-11-20T21:17:25.450+0500] {processor.py:157} INFO - Started process (PID=31434) to work on /usr/local/lib/python3.10/dist-packages/airflow/example_dags/example_task_group.py
[2023-11-20T21:17:25.454+0500] {processor.py:829} INFO - Processing file /usr/local/lib/python3.10/dist-packages/airflow/example_dags/example_task_group.py for tasks to queue
[2023-11-20T21:17:25.457+0500] {logging_mixin.py:154} INFO - [2023-11-20T21:17:25.456+0500] {dagbag.py:536} INFO - Filling up the DagBag from /usr/local/lib/python3.10/dist-packages/airflow/example_dags/example_task_group.py
[2023-11-20T21:17:25.491+0500] {processor.py:839} INFO - DAG(s) dict_keys(['example_task_group']) retrieved from /usr/local/lib/python3.10/dist-packages/airflow/example_dags/example_task_group.py
[2023-11-20T21:17:25.603+0500] {logging_mixin.py:154} INFO - [2023-11-20T21:17:25.602+0500] {dag.py:2941} INFO - Sync 1 DAGs
[2023-11-20T21:17:25.707+0500] {logging_mixin.py:154} INFO - [2023-11-20T21:17:25.706+0500] {dag.py:3722} INFO - Setting next_dagrun for example_task_group to 2023-11-19T16:17:25.705165+00:00, run_after=2023-11-20T16:17:25.705165+00:00
[2023-11-20T21:17:25.793+0500] {processor.py:179} INFO - Processing /usr/local/lib/python3.10/dist-packages/airflow/example_dags/example_task_group.py took 0.355 seconds
[2023-11-20T21:17:57.074+0500] {processor.py:157} INFO - Started process (PID=31543) to work on /usr/local/lib/python3.10/dist-packages/airflow/example_dags/example_task_group.py
[2023-11-20T21:17:57.077+0500] {processor.py:829} INFO - Processing file /usr/local/lib/python3.10/dist-packages/airflow/example_dags/example_task_group.py for tasks to queue
[2023-11-20T21:17:57.080+0500] {logging_mixin.py:154} INFO - [2023-11-20T21:17:57.079+0500] {dagbag.py:536} INFO - Filling up the DagBag from /usr/local/lib/python3.10/dist-packages/airflow/example_dags/example_task_group.py
[2023-11-20T21:17:57.111+0500] {processor.py:839} INFO - DAG(s) dict_keys(['example_task_group']) retrieved from /usr/local/lib/python3.10/dist-packages/airflow/example_dags/example_task_group.py
[2023-11-20T21:17:57.224+0500] {logging_mixin.py:154} INFO - [2023-11-20T21:17:57.223+0500] {dag.py:2941} INFO - Sync 1 DAGs
[2023-11-20T21:17:57.323+0500] {logging_mixin.py:154} INFO - [2023-11-20T21:17:57.322+0500] {dag.py:3722} INFO - Setting next_dagrun for example_task_group to 2023-11-19T16:17:57.322000+00:00, run_after=2023-11-20T16:17:57.322000+00:00
[2023-11-20T21:17:57.402+0500] {processor.py:179} INFO - Processing /usr/local/lib/python3.10/dist-packages/airflow/example_dags/example_task_group.py took 0.340 seconds
[2023-11-20T21:18:30.283+0500] {processor.py:157} INFO - Started process (PID=31647) to work on /usr/local/lib/python3.10/dist-packages/airflow/example_dags/example_task_group.py
[2023-11-20T21:18:30.287+0500] {processor.py:829} INFO - Processing file /usr/local/lib/python3.10/dist-packages/airflow/example_dags/example_task_group.py for tasks to queue
[2023-11-20T21:18:30.290+0500] {logging_mixin.py:154} INFO - [2023-11-20T21:18:30.289+0500] {dagbag.py:536} INFO - Filling up the DagBag from /usr/local/lib/python3.10/dist-packages/airflow/example_dags/example_task_group.py
[2023-11-20T21:18:30.337+0500] {processor.py:839} INFO - DAG(s) dict_keys(['example_task_group']) retrieved from /usr/local/lib/python3.10/dist-packages/airflow/example_dags/example_task_group.py
[2023-11-20T21:18:30.532+0500] {logging_mixin.py:154} INFO - [2023-11-20T21:18:30.528+0500] {dag.py:2941} INFO - Sync 1 DAGs
[2023-11-20T21:18:30.683+0500] {logging_mixin.py:154} INFO - [2023-11-20T21:18:30.683+0500] {dag.py:3722} INFO - Setting next_dagrun for example_task_group to 2023-11-19T16:18:30.682107+00:00, run_after=2023-11-20T16:18:30.682107+00:00
[2023-11-20T21:18:30.968+0500] {processor.py:179} INFO - Processing /usr/local/lib/python3.10/dist-packages/airflow/example_dags/example_task_group.py took 0.722 seconds
[2023-11-20T21:19:02.930+0500] {processor.py:157} INFO - Started process (PID=31756) to work on /usr/local/lib/python3.10/dist-packages/airflow/example_dags/example_task_group.py
[2023-11-20T21:19:02.933+0500] {processor.py:829} INFO - Processing file /usr/local/lib/python3.10/dist-packages/airflow/example_dags/example_task_group.py for tasks to queue
[2023-11-20T21:19:02.936+0500] {logging_mixin.py:154} INFO - [2023-11-20T21:19:02.935+0500] {dagbag.py:536} INFO - Filling up the DagBag from /usr/local/lib/python3.10/dist-packages/airflow/example_dags/example_task_group.py
[2023-11-20T21:19:02.976+0500] {processor.py:839} INFO - DAG(s) dict_keys(['example_task_group']) retrieved from /usr/local/lib/python3.10/dist-packages/airflow/example_dags/example_task_group.py
[2023-11-20T21:19:03.107+0500] {logging_mixin.py:154} INFO - [2023-11-20T21:19:03.106+0500] {dag.py:2941} INFO - Sync 1 DAGs
[2023-11-20T21:19:03.230+0500] {logging_mixin.py:154} INFO - [2023-11-20T21:19:03.229+0500] {dag.py:3722} INFO - Setting next_dagrun for example_task_group to 2023-11-19T16:19:03.228864+00:00, run_after=2023-11-20T16:19:03.228864+00:00
[2023-11-20T21:19:03.312+0500] {processor.py:179} INFO - Processing /usr/local/lib/python3.10/dist-packages/airflow/example_dags/example_task_group.py took 0.399 seconds
[2023-11-20T21:19:33.878+0500] {processor.py:157} INFO - Started process (PID=31919) to work on /usr/local/lib/python3.10/dist-packages/airflow/example_dags/example_task_group.py
[2023-11-20T21:19:33.881+0500] {processor.py:829} INFO - Processing file /usr/local/lib/python3.10/dist-packages/airflow/example_dags/example_task_group.py for tasks to queue
[2023-11-20T21:19:33.884+0500] {logging_mixin.py:154} INFO - [2023-11-20T21:19:33.882+0500] {dagbag.py:536} INFO - Filling up the DagBag from /usr/local/lib/python3.10/dist-packages/airflow/example_dags/example_task_group.py
[2023-11-20T21:19:33.914+0500] {processor.py:839} INFO - DAG(s) dict_keys(['example_task_group']) retrieved from /usr/local/lib/python3.10/dist-packages/airflow/example_dags/example_task_group.py
[2023-11-20T21:19:34.024+0500] {logging_mixin.py:154} INFO - [2023-11-20T21:19:34.023+0500] {dag.py:2941} INFO - Sync 1 DAGs
[2023-11-20T21:19:34.130+0500] {logging_mixin.py:154} INFO - [2023-11-20T21:19:34.129+0500] {dag.py:3722} INFO - Setting next_dagrun for example_task_group to 2023-11-19T16:19:34.128921+00:00, run_after=2023-11-20T16:19:34.128921+00:00
[2023-11-20T21:19:34.217+0500] {processor.py:179} INFO - Processing /usr/local/lib/python3.10/dist-packages/airflow/example_dags/example_task_group.py took 0.351 seconds
[2023-11-20T21:20:07.355+0500] {processor.py:157} INFO - Started process (PID=32447) to work on /usr/local/lib/python3.10/dist-packages/airflow/example_dags/example_task_group.py
[2023-11-20T21:20:07.360+0500] {processor.py:829} INFO - Processing file /usr/local/lib/python3.10/dist-packages/airflow/example_dags/example_task_group.py for tasks to queue
[2023-11-20T21:20:07.365+0500] {logging_mixin.py:154} INFO - [2023-11-20T21:20:07.363+0500] {dagbag.py:536} INFO - Filling up the DagBag from /usr/local/lib/python3.10/dist-packages/airflow/example_dags/example_task_group.py
[2023-11-20T21:20:07.398+0500] {processor.py:839} INFO - DAG(s) dict_keys(['example_task_group']) retrieved from /usr/local/lib/python3.10/dist-packages/airflow/example_dags/example_task_group.py
[2023-11-20T21:20:07.512+0500] {logging_mixin.py:154} INFO - [2023-11-20T21:20:07.512+0500] {dag.py:2941} INFO - Sync 1 DAGs
[2023-11-20T21:20:07.615+0500] {logging_mixin.py:154} INFO - [2023-11-20T21:20:07.614+0500] {dag.py:3722} INFO - Setting next_dagrun for example_task_group to 2023-11-19T16:20:07.614017+00:00, run_after=2023-11-20T16:20:07.614017+00:00
[2023-11-20T21:20:07.692+0500] {processor.py:179} INFO - Processing /usr/local/lib/python3.10/dist-packages/airflow/example_dags/example_task_group.py took 0.349 seconds
[2023-11-20T21:20:38.534+0500] {processor.py:157} INFO - Started process (PID=32661) to work on /usr/local/lib/python3.10/dist-packages/airflow/example_dags/example_task_group.py
[2023-11-20T21:20:38.541+0500] {processor.py:829} INFO - Processing file /usr/local/lib/python3.10/dist-packages/airflow/example_dags/example_task_group.py for tasks to queue
[2023-11-20T21:20:38.546+0500] {logging_mixin.py:154} INFO - [2023-11-20T21:20:38.545+0500] {dagbag.py:536} INFO - Filling up the DagBag from /usr/local/lib/python3.10/dist-packages/airflow/example_dags/example_task_group.py
[2023-11-20T21:20:38.592+0500] {processor.py:839} INFO - DAG(s) dict_keys(['example_task_group']) retrieved from /usr/local/lib/python3.10/dist-packages/airflow/example_dags/example_task_group.py
[2023-11-20T21:20:38.722+0500] {logging_mixin.py:154} INFO - [2023-11-20T21:20:38.721+0500] {dag.py:2941} INFO - Sync 1 DAGs
[2023-11-20T21:20:38.835+0500] {logging_mixin.py:154} INFO - [2023-11-20T21:20:38.835+0500] {dag.py:3722} INFO - Setting next_dagrun for example_task_group to 2023-11-19T16:20:38.834145+00:00, run_after=2023-11-20T16:20:38.834145+00:00
[2023-11-20T21:20:38.934+0500] {processor.py:179} INFO - Processing /usr/local/lib/python3.10/dist-packages/airflow/example_dags/example_task_group.py took 0.413 seconds
[2023-11-20T21:21:32.187+0500] {processor.py:157} INFO - Started process (PID=32974) to work on /usr/local/lib/python3.10/dist-packages/airflow/example_dags/example_task_group.py
[2023-11-20T21:21:32.199+0500] {processor.py:829} INFO - Processing file /usr/local/lib/python3.10/dist-packages/airflow/example_dags/example_task_group.py for tasks to queue
[2023-11-20T21:21:32.202+0500] {logging_mixin.py:154} INFO - [2023-11-20T21:21:32.201+0500] {dagbag.py:536} INFO - Filling up the DagBag from /usr/local/lib/python3.10/dist-packages/airflow/example_dags/example_task_group.py
[2023-11-20T21:21:32.272+0500] {processor.py:839} INFO - DAG(s) dict_keys(['example_task_group']) retrieved from /usr/local/lib/python3.10/dist-packages/airflow/example_dags/example_task_group.py
[2023-11-20T21:21:32.449+0500] {logging_mixin.py:154} INFO - [2023-11-20T21:21:32.448+0500] {dag.py:2941} INFO - Sync 1 DAGs
[2023-11-20T21:21:32.590+0500] {logging_mixin.py:154} INFO - [2023-11-20T21:21:32.589+0500] {dag.py:3722} INFO - Setting next_dagrun for example_task_group to 2023-11-19T16:21:32.588237+00:00, run_after=2023-11-20T16:21:32.588237+00:00
[2023-11-20T21:21:32.747+0500] {processor.py:179} INFO - Processing /usr/local/lib/python3.10/dist-packages/airflow/example_dags/example_task_group.py took 0.586 seconds
[2023-11-20T21:22:07.594+0500] {processor.py:157} INFO - Started process (PID=33129) to work on /usr/local/lib/python3.10/dist-packages/airflow/example_dags/example_task_group.py
[2023-11-20T21:22:07.597+0500] {processor.py:829} INFO - Processing file /usr/local/lib/python3.10/dist-packages/airflow/example_dags/example_task_group.py for tasks to queue
[2023-11-20T21:22:07.601+0500] {logging_mixin.py:154} INFO - [2023-11-20T21:22:07.600+0500] {dagbag.py:536} INFO - Filling up the DagBag from /usr/local/lib/python3.10/dist-packages/airflow/example_dags/example_task_group.py
[2023-11-20T21:22:07.637+0500] {processor.py:839} INFO - DAG(s) dict_keys(['example_task_group']) retrieved from /usr/local/lib/python3.10/dist-packages/airflow/example_dags/example_task_group.py
[2023-11-20T21:22:07.770+0500] {logging_mixin.py:154} INFO - [2023-11-20T21:22:07.770+0500] {dag.py:2941} INFO - Sync 1 DAGs
[2023-11-20T21:22:07.886+0500] {logging_mixin.py:154} INFO - [2023-11-20T21:22:07.877+0500] {dag.py:3722} INFO - Setting next_dagrun for example_task_group to 2023-11-19T16:22:07.875415+00:00, run_after=2023-11-20T16:22:07.875415+00:00
[2023-11-20T21:22:08.127+0500] {processor.py:179} INFO - Processing /usr/local/lib/python3.10/dist-packages/airflow/example_dags/example_task_group.py took 0.548 seconds
[2023-11-20T21:22:38.816+0500] {processor.py:157} INFO - Started process (PID=33232) to work on /usr/local/lib/python3.10/dist-packages/airflow/example_dags/example_task_group.py
[2023-11-20T21:22:38.824+0500] {processor.py:829} INFO - Processing file /usr/local/lib/python3.10/dist-packages/airflow/example_dags/example_task_group.py for tasks to queue
[2023-11-20T21:22:38.827+0500] {logging_mixin.py:154} INFO - [2023-11-20T21:22:38.826+0500] {dagbag.py:536} INFO - Filling up the DagBag from /usr/local/lib/python3.10/dist-packages/airflow/example_dags/example_task_group.py
[2023-11-20T21:22:38.884+0500] {processor.py:839} INFO - DAG(s) dict_keys(['example_task_group']) retrieved from /usr/local/lib/python3.10/dist-packages/airflow/example_dags/example_task_group.py
[2023-11-20T21:22:39.031+0500] {logging_mixin.py:154} INFO - [2023-11-20T21:22:39.030+0500] {dag.py:2941} INFO - Sync 1 DAGs
[2023-11-20T21:22:39.248+0500] {logging_mixin.py:154} INFO - [2023-11-20T21:22:39.247+0500] {dag.py:3722} INFO - Setting next_dagrun for example_task_group to 2023-11-19T16:22:39.246914+00:00, run_after=2023-11-20T16:22:39.246914+00:00
[2023-11-20T21:22:39.370+0500] {processor.py:179} INFO - Processing /usr/local/lib/python3.10/dist-packages/airflow/example_dags/example_task_group.py took 0.579 seconds
[2023-11-20T21:23:09.918+0500] {processor.py:157} INFO - Started process (PID=33402) to work on /usr/local/lib/python3.10/dist-packages/airflow/example_dags/example_task_group.py
[2023-11-20T21:23:09.921+0500] {processor.py:829} INFO - Processing file /usr/local/lib/python3.10/dist-packages/airflow/example_dags/example_task_group.py for tasks to queue
[2023-11-20T21:23:09.924+0500] {logging_mixin.py:154} INFO - [2023-11-20T21:23:09.923+0500] {dagbag.py:536} INFO - Filling up the DagBag from /usr/local/lib/python3.10/dist-packages/airflow/example_dags/example_task_group.py
[2023-11-20T21:23:09.964+0500] {processor.py:839} INFO - DAG(s) dict_keys(['example_task_group']) retrieved from /usr/local/lib/python3.10/dist-packages/airflow/example_dags/example_task_group.py
[2023-11-20T21:23:10.088+0500] {logging_mixin.py:154} INFO - [2023-11-20T21:23:10.087+0500] {dag.py:2941} INFO - Sync 1 DAGs
[2023-11-20T21:23:10.206+0500] {logging_mixin.py:154} INFO - [2023-11-20T21:23:10.205+0500] {dag.py:3722} INFO - Setting next_dagrun for example_task_group to 2023-11-19T16:23:10.204902+00:00, run_after=2023-11-20T16:23:10.204902+00:00
[2023-11-20T21:23:10.304+0500] {processor.py:179} INFO - Processing /usr/local/lib/python3.10/dist-packages/airflow/example_dags/example_task_group.py took 0.398 seconds
[2023-11-20T21:23:40.433+0500] {processor.py:157} INFO - Started process (PID=33510) to work on /usr/local/lib/python3.10/dist-packages/airflow/example_dags/example_task_group.py
[2023-11-20T21:23:40.438+0500] {processor.py:829} INFO - Processing file /usr/local/lib/python3.10/dist-packages/airflow/example_dags/example_task_group.py for tasks to queue
[2023-11-20T21:23:40.441+0500] {logging_mixin.py:154} INFO - [2023-11-20T21:23:40.440+0500] {dagbag.py:536} INFO - Filling up the DagBag from /usr/local/lib/python3.10/dist-packages/airflow/example_dags/example_task_group.py
[2023-11-20T21:23:40.472+0500] {processor.py:839} INFO - DAG(s) dict_keys(['example_task_group']) retrieved from /usr/local/lib/python3.10/dist-packages/airflow/example_dags/example_task_group.py
[2023-11-20T21:23:40.597+0500] {logging_mixin.py:154} INFO - [2023-11-20T21:23:40.597+0500] {dag.py:2941} INFO - Sync 1 DAGs
[2023-11-20T21:23:40.700+0500] {logging_mixin.py:154} INFO - [2023-11-20T21:23:40.700+0500] {dag.py:3722} INFO - Setting next_dagrun for example_task_group to 2023-11-19T16:23:40.699039+00:00, run_after=2023-11-20T16:23:40.699039+00:00
[2023-11-20T21:23:40.800+0500] {processor.py:179} INFO - Processing /usr/local/lib/python3.10/dist-packages/airflow/example_dags/example_task_group.py took 0.379 seconds
[2023-11-20T21:24:13.068+0500] {processor.py:157} INFO - Started process (PID=33630) to work on /usr/local/lib/python3.10/dist-packages/airflow/example_dags/example_task_group.py
[2023-11-20T21:24:13.076+0500] {processor.py:829} INFO - Processing file /usr/local/lib/python3.10/dist-packages/airflow/example_dags/example_task_group.py for tasks to queue
[2023-11-20T21:24:13.127+0500] {logging_mixin.py:154} INFO - [2023-11-20T21:24:13.114+0500] {dagbag.py:536} INFO - Filling up the DagBag from /usr/local/lib/python3.10/dist-packages/airflow/example_dags/example_task_group.py
[2023-11-20T21:24:13.327+0500] {processor.py:839} INFO - DAG(s) dict_keys(['example_task_group']) retrieved from /usr/local/lib/python3.10/dist-packages/airflow/example_dags/example_task_group.py
[2023-11-20T21:24:13.744+0500] {logging_mixin.py:154} INFO - [2023-11-20T21:24:13.739+0500] {dag.py:2941} INFO - Sync 1 DAGs
[2023-11-20T21:24:14.336+0500] {logging_mixin.py:154} INFO - [2023-11-20T21:24:14.335+0500] {dag.py:3722} INFO - Setting next_dagrun for example_task_group to 2023-11-19T16:24:14.334680+00:00, run_after=2023-11-20T16:24:14.334680+00:00
[2023-11-20T21:24:14.560+0500] {processor.py:179} INFO - Processing /usr/local/lib/python3.10/dist-packages/airflow/example_dags/example_task_group.py took 1.542 seconds
[2023-11-20T21:25:01.469+0500] {processor.py:157} INFO - Started process (PID=33758) to work on /usr/local/lib/python3.10/dist-packages/airflow/example_dags/example_task_group.py
[2023-11-20T21:25:01.482+0500] {processor.py:829} INFO - Processing file /usr/local/lib/python3.10/dist-packages/airflow/example_dags/example_task_group.py for tasks to queue
[2023-11-20T21:25:01.528+0500] {logging_mixin.py:154} INFO - [2023-11-20T21:25:01.487+0500] {dagbag.py:536} INFO - Filling up the DagBag from /usr/local/lib/python3.10/dist-packages/airflow/example_dags/example_task_group.py
[2023-11-20T21:25:01.636+0500] {processor.py:839} INFO - DAG(s) dict_keys(['example_task_group']) retrieved from /usr/local/lib/python3.10/dist-packages/airflow/example_dags/example_task_group.py
[2023-11-20T21:25:02.178+0500] {logging_mixin.py:154} INFO - [2023-11-20T21:25:02.176+0500] {dag.py:2941} INFO - Sync 1 DAGs
[2023-11-20T21:25:02.385+0500] {logging_mixin.py:154} INFO - [2023-11-20T21:25:02.384+0500] {dag.py:3722} INFO - Setting next_dagrun for example_task_group to 2023-11-19T16:25:02.377853+00:00, run_after=2023-11-20T16:25:02.377853+00:00
[2023-11-20T21:25:02.577+0500] {processor.py:179} INFO - Processing /usr/local/lib/python3.10/dist-packages/airflow/example_dags/example_task_group.py took 1.216 seconds
[2023-11-20T21:25:46.774+0500] {processor.py:157} INFO - Started process (PID=33863) to work on /usr/local/lib/python3.10/dist-packages/airflow/example_dags/example_task_group.py
[2023-11-20T21:25:46.778+0500] {processor.py:829} INFO - Processing file /usr/local/lib/python3.10/dist-packages/airflow/example_dags/example_task_group.py for tasks to queue
[2023-11-20T21:25:46.806+0500] {logging_mixin.py:154} INFO - [2023-11-20T21:25:46.783+0500] {dagbag.py:536} INFO - Filling up the DagBag from /usr/local/lib/python3.10/dist-packages/airflow/example_dags/example_task_group.py
[2023-11-20T21:25:46.998+0500] {processor.py:839} INFO - DAG(s) dict_keys(['example_task_group']) retrieved from /usr/local/lib/python3.10/dist-packages/airflow/example_dags/example_task_group.py
[2023-11-20T21:25:47.541+0500] {logging_mixin.py:154} INFO - [2023-11-20T21:25:47.527+0500] {dag.py:2941} INFO - Sync 1 DAGs
[2023-11-20T21:25:47.929+0500] {logging_mixin.py:154} INFO - [2023-11-20T21:25:47.928+0500] {dag.py:3722} INFO - Setting next_dagrun for example_task_group to 2023-11-19T16:25:47.922911+00:00, run_after=2023-11-20T16:25:47.922911+00:00
[2023-11-20T21:25:48.197+0500] {processor.py:179} INFO - Processing /usr/local/lib/python3.10/dist-packages/airflow/example_dags/example_task_group.py took 1.468 seconds
[2023-11-20T21:26:21.371+0500] {processor.py:157} INFO - Started process (PID=34020) to work on /usr/local/lib/python3.10/dist-packages/airflow/example_dags/example_task_group.py
[2023-11-20T21:26:21.375+0500] {processor.py:829} INFO - Processing file /usr/local/lib/python3.10/dist-packages/airflow/example_dags/example_task_group.py for tasks to queue
[2023-11-20T21:26:21.378+0500] {logging_mixin.py:154} INFO - [2023-11-20T21:26:21.377+0500] {dagbag.py:536} INFO - Filling up the DagBag from /usr/local/lib/python3.10/dist-packages/airflow/example_dags/example_task_group.py
[2023-11-20T21:26:21.413+0500] {processor.py:839} INFO - DAG(s) dict_keys(['example_task_group']) retrieved from /usr/local/lib/python3.10/dist-packages/airflow/example_dags/example_task_group.py
[2023-11-20T21:26:21.575+0500] {logging_mixin.py:154} INFO - [2023-11-20T21:26:21.574+0500] {dag.py:2941} INFO - Sync 1 DAGs
[2023-11-20T21:26:21.765+0500] {logging_mixin.py:154} INFO - [2023-11-20T21:26:21.763+0500] {dag.py:3722} INFO - Setting next_dagrun for example_task_group to 2023-11-19T16:26:21.754696+00:00, run_after=2023-11-20T16:26:21.754696+00:00
[2023-11-20T21:26:22.344+0500] {processor.py:179} INFO - Processing /usr/local/lib/python3.10/dist-packages/airflow/example_dags/example_task_group.py took 0.988 seconds
[2023-11-20T21:28:28.814+0500] {processor.py:157} INFO - Started process (PID=34279) to work on /usr/local/lib/python3.10/dist-packages/airflow/example_dags/example_task_group.py
[2023-11-20T21:28:28.839+0500] {processor.py:829} INFO - Processing file /usr/local/lib/python3.10/dist-packages/airflow/example_dags/example_task_group.py for tasks to queue
[2023-11-20T21:28:28.855+0500] {logging_mixin.py:154} INFO - [2023-11-20T21:28:28.851+0500] {dagbag.py:536} INFO - Filling up the DagBag from /usr/local/lib/python3.10/dist-packages/airflow/example_dags/example_task_group.py
[2023-11-20T21:28:28.977+0500] {processor.py:839} INFO - DAG(s) dict_keys(['example_task_group']) retrieved from /usr/local/lib/python3.10/dist-packages/airflow/example_dags/example_task_group.py
[2023-11-20T21:28:29.201+0500] {logging_mixin.py:154} INFO - [2023-11-20T21:28:29.200+0500] {dag.py:2941} INFO - Sync 1 DAGs
[2023-11-20T21:28:29.422+0500] {logging_mixin.py:154} INFO - [2023-11-20T21:28:29.421+0500] {dag.py:3722} INFO - Setting next_dagrun for example_task_group to 2023-11-19T16:28:29.420866+00:00, run_after=2023-11-20T16:28:29.420866+00:00
[2023-11-20T21:28:29.589+0500] {processor.py:179} INFO - Processing /usr/local/lib/python3.10/dist-packages/airflow/example_dags/example_task_group.py took 0.843 seconds
[2023-11-20T21:30:37.313+0500] {processor.py:157} INFO - Started process (PID=34491) to work on /usr/local/lib/python3.10/dist-packages/airflow/example_dags/example_task_group.py
[2023-11-20T21:30:37.316+0500] {processor.py:829} INFO - Processing file /usr/local/lib/python3.10/dist-packages/airflow/example_dags/example_task_group.py for tasks to queue
[2023-11-20T21:30:37.319+0500] {logging_mixin.py:154} INFO - [2023-11-20T21:30:37.318+0500] {dagbag.py:536} INFO - Filling up the DagBag from /usr/local/lib/python3.10/dist-packages/airflow/example_dags/example_task_group.py
[2023-11-20T21:30:37.352+0500] {processor.py:839} INFO - DAG(s) dict_keys(['example_task_group']) retrieved from /usr/local/lib/python3.10/dist-packages/airflow/example_dags/example_task_group.py
[2023-11-20T21:30:37.467+0500] {logging_mixin.py:154} INFO - [2023-11-20T21:30:37.466+0500] {dag.py:2941} INFO - Sync 1 DAGs
[2023-11-20T21:30:37.575+0500] {logging_mixin.py:154} INFO - [2023-11-20T21:30:37.574+0500] {dag.py:3722} INFO - Setting next_dagrun for example_task_group to 2023-11-19T16:30:37.573301+00:00, run_after=2023-11-20T16:30:37.573301+00:00
[2023-11-20T21:30:37.657+0500] {processor.py:179} INFO - Processing /usr/local/lib/python3.10/dist-packages/airflow/example_dags/example_task_group.py took 0.356 seconds
