[2023-11-20T21:06:01.589+0500] {processor.py:157} INFO - Started process (PID=27211) to work on /usr/local/lib/python3.10/dist-packages/airflow/example_dags/example_datasets.py
[2023-11-20T21:06:01.591+0500] {processor.py:829} INFO - Processing file /usr/local/lib/python3.10/dist-packages/airflow/example_dags/example_datasets.py for tasks to queue
[2023-11-20T21:06:01.594+0500] {logging_mixin.py:154} INFO - [2023-11-20T21:06:01.593+0500] {dagbag.py:536} INFO - Filling up the DagBag from /usr/local/lib/python3.10/dist-packages/airflow/example_dags/example_datasets.py
[2023-11-20T21:06:01.634+0500] {processor.py:839} INFO - DAG(s) dict_keys(['dataset_consumes_1_and_2', 'dataset_consumes_1_never_scheduled', 'dataset_produces_2', 'dataset_consumes_unknown_never_scheduled', 'dataset_consumes_1', 'dataset_produces_1']) retrieved from /usr/local/lib/python3.10/dist-packages/airflow/example_dags/example_datasets.py
[2023-11-20T21:06:02.092+0500] {logging_mixin.py:154} INFO - [2023-11-20T21:06:02.091+0500] {manager.py:499} INFO - Created Permission View: %s
[2023-11-20T21:06:02.134+0500] {logging_mixin.py:154} INFO - [2023-11-20T21:06:02.133+0500] {manager.py:499} INFO - Created Permission View: %s
[2023-11-20T21:06:02.165+0500] {logging_mixin.py:154} INFO - [2023-11-20T21:06:02.164+0500] {manager.py:499} INFO - Created Permission View: %s
[2023-11-20T21:06:02.219+0500] {logging_mixin.py:154} INFO - [2023-11-20T21:06:02.218+0500] {manager.py:499} INFO - Created Permission View: %s
[2023-11-20T21:06:02.248+0500] {logging_mixin.py:154} INFO - [2023-11-20T21:06:02.247+0500] {manager.py:499} INFO - Created Permission View: %s
[2023-11-20T21:06:02.277+0500] {logging_mixin.py:154} INFO - [2023-11-20T21:06:02.276+0500] {manager.py:499} INFO - Created Permission View: %s
[2023-11-20T21:06:02.328+0500] {logging_mixin.py:154} INFO - [2023-11-20T21:06:02.327+0500] {manager.py:499} INFO - Created Permission View: %s
[2023-11-20T21:06:02.356+0500] {logging_mixin.py:154} INFO - [2023-11-20T21:06:02.355+0500] {manager.py:499} INFO - Created Permission View: %s
[2023-11-20T21:06:02.385+0500] {logging_mixin.py:154} INFO - [2023-11-20T21:06:02.384+0500] {manager.py:499} INFO - Created Permission View: %s
[2023-11-20T21:06:02.438+0500] {logging_mixin.py:154} INFO - [2023-11-20T21:06:02.437+0500] {manager.py:499} INFO - Created Permission View: %s
[2023-11-20T21:06:02.467+0500] {logging_mixin.py:154} INFO - [2023-11-20T21:06:02.466+0500] {manager.py:499} INFO - Created Permission View: %s
[2023-11-20T21:06:02.498+0500] {logging_mixin.py:154} INFO - [2023-11-20T21:06:02.497+0500] {manager.py:499} INFO - Created Permission View: %s
[2023-11-20T21:06:02.550+0500] {logging_mixin.py:154} INFO - [2023-11-20T21:06:02.550+0500] {manager.py:499} INFO - Created Permission View: %s
[2023-11-20T21:06:02.580+0500] {logging_mixin.py:154} INFO - [2023-11-20T21:06:02.579+0500] {manager.py:499} INFO - Created Permission View: %s
[2023-11-20T21:06:02.607+0500] {logging_mixin.py:154} INFO - [2023-11-20T21:06:02.607+0500] {manager.py:499} INFO - Created Permission View: %s
[2023-11-20T21:06:02.658+0500] {logging_mixin.py:154} INFO - [2023-11-20T21:06:02.657+0500] {manager.py:499} INFO - Created Permission View: %s
[2023-11-20T21:06:02.687+0500] {logging_mixin.py:154} INFO - [2023-11-20T21:06:02.686+0500] {manager.py:499} INFO - Created Permission View: %s
[2023-11-20T21:06:02.715+0500] {logging_mixin.py:154} INFO - [2023-11-20T21:06:02.714+0500] {manager.py:499} INFO - Created Permission View: %s
[2023-11-20T21:06:02.716+0500] {logging_mixin.py:154} INFO - [2023-11-20T21:06:02.715+0500] {dag.py:2941} INFO - Sync 6 DAGs
[2023-11-20T21:06:02.779+0500] {logging_mixin.py:154} INFO - [2023-11-20T21:06:02.778+0500] {dag.py:2963} INFO - Creating ORM DAG for dataset_produces_2
[2023-11-20T21:06:02.782+0500] {logging_mixin.py:154} INFO - [2023-11-20T21:06:02.781+0500] {dag.py:2963} INFO - Creating ORM DAG for dataset_consumes_1
[2023-11-20T21:06:02.784+0500] {logging_mixin.py:154} INFO - [2023-11-20T21:06:02.783+0500] {dag.py:2963} INFO - Creating ORM DAG for dataset_produces_1
[2023-11-20T21:06:02.787+0500] {logging_mixin.py:154} INFO - [2023-11-20T21:06:02.786+0500] {dag.py:2963} INFO - Creating ORM DAG for dataset_consumes_1_never_scheduled
[2023-11-20T21:06:02.789+0500] {logging_mixin.py:154} INFO - [2023-11-20T21:06:02.788+0500] {dag.py:2963} INFO - Creating ORM DAG for dataset_consumes_unknown_never_scheduled
[2023-11-20T21:06:02.791+0500] {logging_mixin.py:154} INFO - [2023-11-20T21:06:02.791+0500] {dag.py:2963} INFO - Creating ORM DAG for dataset_consumes_1_and_2
[2023-11-20T21:06:02.832+0500] {logging_mixin.py:154} INFO - [2023-11-20T21:06:02.831+0500] {dag.py:3722} INFO - Setting next_dagrun for dataset_consumes_1 to None, run_after=None
[2023-11-20T21:06:02.835+0500] {logging_mixin.py:154} INFO - [2023-11-20T21:06:02.834+0500] {dag.py:3722} INFO - Setting next_dagrun for dataset_consumes_1_and_2 to None, run_after=None
[2023-11-20T21:06:02.838+0500] {logging_mixin.py:154} INFO - [2023-11-20T21:06:02.837+0500] {dag.py:3722} INFO - Setting next_dagrun for dataset_consumes_1_never_scheduled to None, run_after=None
[2023-11-20T21:06:02.840+0500] {logging_mixin.py:154} INFO - [2023-11-20T21:06:02.840+0500] {dag.py:3722} INFO - Setting next_dagrun for dataset_consumes_unknown_never_scheduled to None, run_after=None
[2023-11-20T21:06:02.852+0500] {logging_mixin.py:154} INFO - [2023-11-20T21:06:02.851+0500] {dag.py:3722} INFO - Setting next_dagrun for dataset_produces_1 to 2023-11-19T00:00:00+00:00, run_after=2023-11-20T00:00:00+00:00
[2023-11-20T21:06:02.854+0500] {logging_mixin.py:154} INFO - [2023-11-20T21:06:02.854+0500] {dag.py:3722} INFO - Setting next_dagrun for dataset_produces_2 to None, run_after=None
[2023-11-20T21:06:03.043+0500] {processor.py:179} INFO - Processing /usr/local/lib/python3.10/dist-packages/airflow/example_dags/example_datasets.py took 1.465 seconds
[2023-11-20T21:06:35.861+0500] {processor.py:157} INFO - Started process (PID=27542) to work on /usr/local/lib/python3.10/dist-packages/airflow/example_dags/example_datasets.py
[2023-11-20T21:06:35.866+0500] {processor.py:829} INFO - Processing file /usr/local/lib/python3.10/dist-packages/airflow/example_dags/example_datasets.py for tasks to queue
[2023-11-20T21:06:35.875+0500] {logging_mixin.py:154} INFO - [2023-11-20T21:06:35.874+0500] {dagbag.py:536} INFO - Filling up the DagBag from /usr/local/lib/python3.10/dist-packages/airflow/example_dags/example_datasets.py
[2023-11-20T21:06:35.919+0500] {processor.py:839} INFO - DAG(s) dict_keys(['dataset_consumes_unknown_never_scheduled', 'dataset_produces_2', 'dataset_consumes_1', 'dataset_consumes_1_never_scheduled', 'dataset_consumes_1_and_2', 'dataset_produces_1']) retrieved from /usr/local/lib/python3.10/dist-packages/airflow/example_dags/example_datasets.py
[2023-11-20T21:06:36.135+0500] {logging_mixin.py:154} INFO - [2023-11-20T21:06:36.134+0500] {dag.py:2941} INFO - Sync 6 DAGs
[2023-11-20T21:06:36.324+0500] {logging_mixin.py:154} INFO - [2023-11-20T21:06:36.323+0500] {dag.py:3722} INFO - Setting next_dagrun for dataset_consumes_1 to None, run_after=None
[2023-11-20T21:06:36.342+0500] {logging_mixin.py:154} INFO - [2023-11-20T21:06:36.341+0500] {dag.py:3722} INFO - Setting next_dagrun for dataset_consumes_1_and_2 to None, run_after=None
[2023-11-20T21:06:36.348+0500] {logging_mixin.py:154} INFO - [2023-11-20T21:06:36.347+0500] {dag.py:3722} INFO - Setting next_dagrun for dataset_consumes_1_never_scheduled to None, run_after=None
[2023-11-20T21:06:36.354+0500] {logging_mixin.py:154} INFO - [2023-11-20T21:06:36.353+0500] {dag.py:3722} INFO - Setting next_dagrun for dataset_consumes_unknown_never_scheduled to None, run_after=None
[2023-11-20T21:06:36.405+0500] {logging_mixin.py:154} INFO - [2023-11-20T21:06:36.404+0500] {dag.py:3722} INFO - Setting next_dagrun for dataset_produces_1 to 2023-11-19T00:00:00+00:00, run_after=2023-11-20T00:00:00+00:00
[2023-11-20T21:06:36.418+0500] {logging_mixin.py:154} INFO - [2023-11-20T21:06:36.418+0500] {dag.py:3722} INFO - Setting next_dagrun for dataset_produces_2 to None, run_after=None
[2023-11-20T21:06:36.751+0500] {processor.py:179} INFO - Processing /usr/local/lib/python3.10/dist-packages/airflow/example_dags/example_datasets.py took 0.903 seconds
[2023-11-20T21:07:10.171+0500] {processor.py:157} INFO - Started process (PID=27872) to work on /usr/local/lib/python3.10/dist-packages/airflow/example_dags/example_datasets.py
[2023-11-20T21:07:10.177+0500] {processor.py:829} INFO - Processing file /usr/local/lib/python3.10/dist-packages/airflow/example_dags/example_datasets.py for tasks to queue
[2023-11-20T21:07:10.187+0500] {logging_mixin.py:154} INFO - [2023-11-20T21:07:10.180+0500] {dagbag.py:536} INFO - Filling up the DagBag from /usr/local/lib/python3.10/dist-packages/airflow/example_dags/example_datasets.py
[2023-11-20T21:07:10.275+0500] {processor.py:839} INFO - DAG(s) dict_keys(['dataset_produces_2', 'dataset_produces_1', 'dataset_consumes_1_and_2', 'dataset_consumes_unknown_never_scheduled', 'dataset_consumes_1_never_scheduled', 'dataset_consumes_1']) retrieved from /usr/local/lib/python3.10/dist-packages/airflow/example_dags/example_datasets.py
[2023-11-20T21:07:10.488+0500] {logging_mixin.py:154} INFO - [2023-11-20T21:07:10.488+0500] {dag.py:2941} INFO - Sync 6 DAGs
[2023-11-20T21:07:10.662+0500] {logging_mixin.py:154} INFO - [2023-11-20T21:07:10.661+0500] {dag.py:3722} INFO - Setting next_dagrun for dataset_consumes_1 to None, run_after=None
[2023-11-20T21:07:10.704+0500] {logging_mixin.py:154} INFO - [2023-11-20T21:07:10.703+0500] {dag.py:3722} INFO - Setting next_dagrun for dataset_consumes_1_and_2 to None, run_after=None
[2023-11-20T21:07:10.734+0500] {logging_mixin.py:154} INFO - [2023-11-20T21:07:10.733+0500] {dag.py:3722} INFO - Setting next_dagrun for dataset_consumes_1_never_scheduled to None, run_after=None
[2023-11-20T21:07:10.751+0500] {logging_mixin.py:154} INFO - [2023-11-20T21:07:10.745+0500] {dag.py:3722} INFO - Setting next_dagrun for dataset_consumes_unknown_never_scheduled to None, run_after=None
[2023-11-20T21:07:10.801+0500] {logging_mixin.py:154} INFO - [2023-11-20T21:07:10.800+0500] {dag.py:3722} INFO - Setting next_dagrun for dataset_produces_1 to 2023-11-19T00:00:00+00:00, run_after=2023-11-20T00:00:00+00:00
[2023-11-20T21:07:10.810+0500] {logging_mixin.py:154} INFO - [2023-11-20T21:07:10.809+0500] {dag.py:3722} INFO - Setting next_dagrun for dataset_produces_2 to None, run_after=None
[2023-11-20T21:07:10.981+0500] {processor.py:179} INFO - Processing /usr/local/lib/python3.10/dist-packages/airflow/example_dags/example_datasets.py took 0.824 seconds
[2023-11-20T21:07:42.657+0500] {processor.py:157} INFO - Started process (PID=28094) to work on /usr/local/lib/python3.10/dist-packages/airflow/example_dags/example_datasets.py
[2023-11-20T21:07:42.662+0500] {processor.py:829} INFO - Processing file /usr/local/lib/python3.10/dist-packages/airflow/example_dags/example_datasets.py for tasks to queue
[2023-11-20T21:07:42.672+0500] {logging_mixin.py:154} INFO - [2023-11-20T21:07:42.671+0500] {dagbag.py:536} INFO - Filling up the DagBag from /usr/local/lib/python3.10/dist-packages/airflow/example_dags/example_datasets.py
[2023-11-20T21:07:42.714+0500] {processor.py:839} INFO - DAG(s) dict_keys(['dataset_produces_1', 'dataset_consumes_unknown_never_scheduled', 'dataset_consumes_1_never_scheduled', 'dataset_consumes_1_and_2', 'dataset_produces_2', 'dataset_consumes_1']) retrieved from /usr/local/lib/python3.10/dist-packages/airflow/example_dags/example_datasets.py
[2023-11-20T21:07:42.901+0500] {logging_mixin.py:154} INFO - [2023-11-20T21:07:42.900+0500] {dag.py:2941} INFO - Sync 6 DAGs
[2023-11-20T21:07:43.012+0500] {logging_mixin.py:154} INFO - [2023-11-20T21:07:43.011+0500] {dag.py:3722} INFO - Setting next_dagrun for dataset_consumes_1 to None, run_after=None
[2023-11-20T21:07:43.027+0500] {logging_mixin.py:154} INFO - [2023-11-20T21:07:43.026+0500] {dag.py:3722} INFO - Setting next_dagrun for dataset_consumes_1_and_2 to None, run_after=None
[2023-11-20T21:07:43.033+0500] {logging_mixin.py:154} INFO - [2023-11-20T21:07:43.032+0500] {dag.py:3722} INFO - Setting next_dagrun for dataset_consumes_1_never_scheduled to None, run_after=None
[2023-11-20T21:07:43.039+0500] {logging_mixin.py:154} INFO - [2023-11-20T21:07:43.038+0500] {dag.py:3722} INFO - Setting next_dagrun for dataset_consumes_unknown_never_scheduled to None, run_after=None
[2023-11-20T21:07:43.056+0500] {logging_mixin.py:154} INFO - [2023-11-20T21:07:43.055+0500] {dag.py:3722} INFO - Setting next_dagrun for dataset_produces_1 to 2023-11-19T00:00:00+00:00, run_after=2023-11-20T00:00:00+00:00
[2023-11-20T21:07:43.062+0500] {logging_mixin.py:154} INFO - [2023-11-20T21:07:43.061+0500] {dag.py:3722} INFO - Setting next_dagrun for dataset_produces_2 to None, run_after=None
[2023-11-20T21:07:43.246+0500] {processor.py:179} INFO - Processing /usr/local/lib/python3.10/dist-packages/airflow/example_dags/example_datasets.py took 0.605 seconds
[2023-11-20T21:08:16.070+0500] {processor.py:157} INFO - Started process (PID=28327) to work on /usr/local/lib/python3.10/dist-packages/airflow/example_dags/example_datasets.py
[2023-11-20T21:08:16.073+0500] {processor.py:829} INFO - Processing file /usr/local/lib/python3.10/dist-packages/airflow/example_dags/example_datasets.py for tasks to queue
[2023-11-20T21:08:16.076+0500] {logging_mixin.py:154} INFO - [2023-11-20T21:08:16.075+0500] {dagbag.py:536} INFO - Filling up the DagBag from /usr/local/lib/python3.10/dist-packages/airflow/example_dags/example_datasets.py
[2023-11-20T21:08:16.116+0500] {processor.py:839} INFO - DAG(s) dict_keys(['dataset_produces_1', 'dataset_consumes_1', 'dataset_consumes_1_never_scheduled', 'dataset_produces_2', 'dataset_consumes_unknown_never_scheduled', 'dataset_consumes_1_and_2']) retrieved from /usr/local/lib/python3.10/dist-packages/airflow/example_dags/example_datasets.py
[2023-11-20T21:08:16.288+0500] {logging_mixin.py:154} INFO - [2023-11-20T21:08:16.287+0500] {dag.py:2941} INFO - Sync 6 DAGs
[2023-11-20T21:08:16.393+0500] {logging_mixin.py:154} INFO - [2023-11-20T21:08:16.393+0500] {dag.py:3722} INFO - Setting next_dagrun for dataset_consumes_1 to None, run_after=None
[2023-11-20T21:08:16.408+0500] {logging_mixin.py:154} INFO - [2023-11-20T21:08:16.408+0500] {dag.py:3722} INFO - Setting next_dagrun for dataset_consumes_1_and_2 to None, run_after=None
[2023-11-20T21:08:16.414+0500] {logging_mixin.py:154} INFO - [2023-11-20T21:08:16.413+0500] {dag.py:3722} INFO - Setting next_dagrun for dataset_consumes_1_never_scheduled to None, run_after=None
[2023-11-20T21:08:16.420+0500] {logging_mixin.py:154} INFO - [2023-11-20T21:08:16.419+0500] {dag.py:3722} INFO - Setting next_dagrun for dataset_consumes_unknown_never_scheduled to None, run_after=None
[2023-11-20T21:08:16.435+0500] {logging_mixin.py:154} INFO - [2023-11-20T21:08:16.434+0500] {dag.py:3722} INFO - Setting next_dagrun for dataset_produces_1 to 2023-11-19T00:00:00+00:00, run_after=2023-11-20T00:00:00+00:00
[2023-11-20T21:08:16.440+0500] {logging_mixin.py:154} INFO - [2023-11-20T21:08:16.440+0500] {dag.py:3722} INFO - Setting next_dagrun for dataset_produces_2 to None, run_after=None
[2023-11-20T21:08:16.583+0500] {processor.py:179} INFO - Processing /usr/local/lib/python3.10/dist-packages/airflow/example_dags/example_datasets.py took 0.524 seconds
[2023-11-20T21:08:48.318+0500] {processor.py:157} INFO - Started process (PID=28515) to work on /usr/local/lib/python3.10/dist-packages/airflow/example_dags/example_datasets.py
[2023-11-20T21:08:48.324+0500] {processor.py:829} INFO - Processing file /usr/local/lib/python3.10/dist-packages/airflow/example_dags/example_datasets.py for tasks to queue
[2023-11-20T21:08:48.328+0500] {logging_mixin.py:154} INFO - [2023-11-20T21:08:48.326+0500] {dagbag.py:536} INFO - Filling up the DagBag from /usr/local/lib/python3.10/dist-packages/airflow/example_dags/example_datasets.py
[2023-11-20T21:08:48.377+0500] {processor.py:839} INFO - DAG(s) dict_keys(['dataset_consumes_1', 'dataset_consumes_unknown_never_scheduled', 'dataset_produces_1', 'dataset_consumes_1_never_scheduled', 'dataset_consumes_1_and_2', 'dataset_produces_2']) retrieved from /usr/local/lib/python3.10/dist-packages/airflow/example_dags/example_datasets.py
[2023-11-20T21:08:48.584+0500] {logging_mixin.py:154} INFO - [2023-11-20T21:08:48.583+0500] {dag.py:2941} INFO - Sync 6 DAGs
[2023-11-20T21:08:48.721+0500] {logging_mixin.py:154} INFO - [2023-11-20T21:08:48.720+0500] {dag.py:3722} INFO - Setting next_dagrun for dataset_consumes_1 to None, run_after=None
[2023-11-20T21:08:48.740+0500] {logging_mixin.py:154} INFO - [2023-11-20T21:08:48.739+0500] {dag.py:3722} INFO - Setting next_dagrun for dataset_consumes_1_and_2 to None, run_after=None
[2023-11-20T21:08:48.747+0500] {logging_mixin.py:154} INFO - [2023-11-20T21:08:48.746+0500] {dag.py:3722} INFO - Setting next_dagrun for dataset_consumes_1_never_scheduled to None, run_after=None
[2023-11-20T21:08:48.754+0500] {logging_mixin.py:154} INFO - [2023-11-20T21:08:48.753+0500] {dag.py:3722} INFO - Setting next_dagrun for dataset_consumes_unknown_never_scheduled to None, run_after=None
[2023-11-20T21:08:48.774+0500] {logging_mixin.py:154} INFO - [2023-11-20T21:08:48.773+0500] {dag.py:3722} INFO - Setting next_dagrun for dataset_produces_1 to 2023-11-19T00:00:00+00:00, run_after=2023-11-20T00:00:00+00:00
[2023-11-20T21:08:48.780+0500] {logging_mixin.py:154} INFO - [2023-11-20T21:08:48.780+0500] {dag.py:3722} INFO - Setting next_dagrun for dataset_produces_2 to None, run_after=None
[2023-11-20T21:08:48.980+0500] {processor.py:179} INFO - Processing /usr/local/lib/python3.10/dist-packages/airflow/example_dags/example_datasets.py took 0.678 seconds
[2023-11-20T21:09:20.974+0500] {processor.py:157} INFO - Started process (PID=28719) to work on /usr/local/lib/python3.10/dist-packages/airflow/example_dags/example_datasets.py
[2023-11-20T21:09:20.977+0500] {processor.py:829} INFO - Processing file /usr/local/lib/python3.10/dist-packages/airflow/example_dags/example_datasets.py for tasks to queue
[2023-11-20T21:09:20.980+0500] {logging_mixin.py:154} INFO - [2023-11-20T21:09:20.979+0500] {dagbag.py:536} INFO - Filling up the DagBag from /usr/local/lib/python3.10/dist-packages/airflow/example_dags/example_datasets.py
[2023-11-20T21:09:21.023+0500] {processor.py:839} INFO - DAG(s) dict_keys(['dataset_produces_1', 'dataset_consumes_unknown_never_scheduled', 'dataset_consumes_1_and_2', 'dataset_produces_2', 'dataset_consumes_1_never_scheduled', 'dataset_consumes_1']) retrieved from /usr/local/lib/python3.10/dist-packages/airflow/example_dags/example_datasets.py
[2023-11-20T21:09:21.210+0500] {logging_mixin.py:154} INFO - [2023-11-20T21:09:21.209+0500] {dag.py:2941} INFO - Sync 6 DAGs
[2023-11-20T21:09:21.385+0500] {logging_mixin.py:154} INFO - [2023-11-20T21:09:21.384+0500] {dag.py:3722} INFO - Setting next_dagrun for dataset_consumes_1 to None, run_after=None
[2023-11-20T21:09:21.422+0500] {logging_mixin.py:154} INFO - [2023-11-20T21:09:21.422+0500] {dag.py:3722} INFO - Setting next_dagrun for dataset_consumes_1_and_2 to None, run_after=None
[2023-11-20T21:09:21.430+0500] {logging_mixin.py:154} INFO - [2023-11-20T21:09:21.429+0500] {dag.py:3722} INFO - Setting next_dagrun for dataset_consumes_1_never_scheduled to None, run_after=None
[2023-11-20T21:09:21.446+0500] {logging_mixin.py:154} INFO - [2023-11-20T21:09:21.439+0500] {dag.py:3722} INFO - Setting next_dagrun for dataset_consumes_unknown_never_scheduled to None, run_after=None
[2023-11-20T21:09:21.478+0500] {logging_mixin.py:154} INFO - [2023-11-20T21:09:21.477+0500] {dag.py:3722} INFO - Setting next_dagrun for dataset_produces_1 to 2023-11-19T00:00:00+00:00, run_after=2023-11-20T00:00:00+00:00
[2023-11-20T21:09:21.484+0500] {logging_mixin.py:154} INFO - [2023-11-20T21:09:21.483+0500] {dag.py:3722} INFO - Setting next_dagrun for dataset_produces_2 to None, run_after=None
[2023-11-20T21:09:21.668+0500] {processor.py:179} INFO - Processing /usr/local/lib/python3.10/dist-packages/airflow/example_dags/example_datasets.py took 0.707 seconds
[2023-11-20T21:09:53.876+0500] {processor.py:157} INFO - Started process (PID=29003) to work on /usr/local/lib/python3.10/dist-packages/airflow/example_dags/example_datasets.py
[2023-11-20T21:09:53.880+0500] {processor.py:829} INFO - Processing file /usr/local/lib/python3.10/dist-packages/airflow/example_dags/example_datasets.py for tasks to queue
[2023-11-20T21:09:53.906+0500] {logging_mixin.py:154} INFO - [2023-11-20T21:09:53.882+0500] {dagbag.py:536} INFO - Filling up the DagBag from /usr/local/lib/python3.10/dist-packages/airflow/example_dags/example_datasets.py
[2023-11-20T21:09:54.116+0500] {processor.py:839} INFO - DAG(s) dict_keys(['dataset_consumes_1', 'dataset_consumes_unknown_never_scheduled', 'dataset_consumes_1_never_scheduled', 'dataset_produces_2', 'dataset_consumes_1_and_2', 'dataset_produces_1']) retrieved from /usr/local/lib/python3.10/dist-packages/airflow/example_dags/example_datasets.py
[2023-11-20T21:09:54.456+0500] {logging_mixin.py:154} INFO - [2023-11-20T21:09:54.455+0500] {dag.py:2941} INFO - Sync 6 DAGs
[2023-11-20T21:09:54.645+0500] {logging_mixin.py:154} INFO - [2023-11-20T21:09:54.644+0500] {dag.py:3722} INFO - Setting next_dagrun for dataset_consumes_1 to None, run_after=None
[2023-11-20T21:09:54.666+0500] {logging_mixin.py:154} INFO - [2023-11-20T21:09:54.665+0500] {dag.py:3722} INFO - Setting next_dagrun for dataset_consumes_1_and_2 to None, run_after=None
[2023-11-20T21:09:54.672+0500] {logging_mixin.py:154} INFO - [2023-11-20T21:09:54.671+0500] {dag.py:3722} INFO - Setting next_dagrun for dataset_consumes_1_never_scheduled to None, run_after=None
[2023-11-20T21:09:54.679+0500] {logging_mixin.py:154} INFO - [2023-11-20T21:09:54.678+0500] {dag.py:3722} INFO - Setting next_dagrun for dataset_consumes_unknown_never_scheduled to None, run_after=None
[2023-11-20T21:09:54.737+0500] {logging_mixin.py:154} INFO - [2023-11-20T21:09:54.725+0500] {dag.py:3722} INFO - Setting next_dagrun for dataset_produces_1 to 2023-11-19T00:00:00+00:00, run_after=2023-11-20T00:00:00+00:00
[2023-11-20T21:09:54.753+0500] {logging_mixin.py:154} INFO - [2023-11-20T21:09:54.752+0500] {dag.py:3722} INFO - Setting next_dagrun for dataset_produces_2 to None, run_after=None
[2023-11-20T21:09:55.412+0500] {processor.py:179} INFO - Processing /usr/local/lib/python3.10/dist-packages/airflow/example_dags/example_datasets.py took 1.586 seconds
[2023-11-20T21:10:26.153+0500] {processor.py:157} INFO - Started process (PID=29282) to work on /usr/local/lib/python3.10/dist-packages/airflow/example_dags/example_datasets.py
[2023-11-20T21:10:26.159+0500] {processor.py:829} INFO - Processing file /usr/local/lib/python3.10/dist-packages/airflow/example_dags/example_datasets.py for tasks to queue
[2023-11-20T21:10:26.163+0500] {logging_mixin.py:154} INFO - [2023-11-20T21:10:26.161+0500] {dagbag.py:536} INFO - Filling up the DagBag from /usr/local/lib/python3.10/dist-packages/airflow/example_dags/example_datasets.py
[2023-11-20T21:10:26.238+0500] {processor.py:839} INFO - DAG(s) dict_keys(['dataset_consumes_unknown_never_scheduled', 'dataset_produces_1', 'dataset_consumes_1_never_scheduled', 'dataset_consumes_1_and_2', 'dataset_produces_2', 'dataset_consumes_1']) retrieved from /usr/local/lib/python3.10/dist-packages/airflow/example_dags/example_datasets.py
[2023-11-20T21:10:26.441+0500] {logging_mixin.py:154} INFO - [2023-11-20T21:10:26.440+0500] {dag.py:2941} INFO - Sync 6 DAGs
[2023-11-20T21:10:26.556+0500] {logging_mixin.py:154} INFO - [2023-11-20T21:10:26.555+0500] {dag.py:3722} INFO - Setting next_dagrun for dataset_consumes_1 to None, run_after=None
[2023-11-20T21:10:26.573+0500] {logging_mixin.py:154} INFO - [2023-11-20T21:10:26.572+0500] {dag.py:3722} INFO - Setting next_dagrun for dataset_consumes_1_and_2 to None, run_after=None
[2023-11-20T21:10:26.579+0500] {logging_mixin.py:154} INFO - [2023-11-20T21:10:26.578+0500] {dag.py:3722} INFO - Setting next_dagrun for dataset_consumes_1_never_scheduled to None, run_after=None
[2023-11-20T21:10:26.586+0500] {logging_mixin.py:154} INFO - [2023-11-20T21:10:26.585+0500] {dag.py:3722} INFO - Setting next_dagrun for dataset_consumes_unknown_never_scheduled to None, run_after=None
[2023-11-20T21:10:26.605+0500] {logging_mixin.py:154} INFO - [2023-11-20T21:10:26.604+0500] {dag.py:3722} INFO - Setting next_dagrun for dataset_produces_1 to 2023-11-19T00:00:00+00:00, run_after=2023-11-20T00:00:00+00:00
[2023-11-20T21:10:26.611+0500] {logging_mixin.py:154} INFO - [2023-11-20T21:10:26.610+0500] {dag.py:3722} INFO - Setting next_dagrun for dataset_produces_2 to None, run_after=None
[2023-11-20T21:10:26.806+0500] {processor.py:179} INFO - Processing /usr/local/lib/python3.10/dist-packages/airflow/example_dags/example_datasets.py took 0.670 seconds
[2023-11-20T21:10:58.629+0500] {processor.py:157} INFO - Started process (PID=29451) to work on /usr/local/lib/python3.10/dist-packages/airflow/example_dags/example_datasets.py
[2023-11-20T21:10:58.632+0500] {processor.py:829} INFO - Processing file /usr/local/lib/python3.10/dist-packages/airflow/example_dags/example_datasets.py for tasks to queue
[2023-11-20T21:10:58.635+0500] {logging_mixin.py:154} INFO - [2023-11-20T21:10:58.634+0500] {dagbag.py:536} INFO - Filling up the DagBag from /usr/local/lib/python3.10/dist-packages/airflow/example_dags/example_datasets.py
[2023-11-20T21:10:58.677+0500] {processor.py:839} INFO - DAG(s) dict_keys(['dataset_produces_2', 'dataset_produces_1', 'dataset_consumes_1_and_2', 'dataset_consumes_1', 'dataset_consumes_unknown_never_scheduled', 'dataset_consumes_1_never_scheduled']) retrieved from /usr/local/lib/python3.10/dist-packages/airflow/example_dags/example_datasets.py
[2023-11-20T21:10:58.854+0500] {logging_mixin.py:154} INFO - [2023-11-20T21:10:58.853+0500] {dag.py:2941} INFO - Sync 6 DAGs
[2023-11-20T21:10:58.959+0500] {logging_mixin.py:154} INFO - [2023-11-20T21:10:58.959+0500] {dag.py:3722} INFO - Setting next_dagrun for dataset_consumes_1 to None, run_after=None
[2023-11-20T21:10:58.978+0500] {logging_mixin.py:154} INFO - [2023-11-20T21:10:58.978+0500] {dag.py:3722} INFO - Setting next_dagrun for dataset_consumes_1_and_2 to None, run_after=None
[2023-11-20T21:10:58.984+0500] {logging_mixin.py:154} INFO - [2023-11-20T21:10:58.984+0500] {dag.py:3722} INFO - Setting next_dagrun for dataset_consumes_1_never_scheduled to None, run_after=None
[2023-11-20T21:10:58.991+0500] {logging_mixin.py:154} INFO - [2023-11-20T21:10:58.990+0500] {dag.py:3722} INFO - Setting next_dagrun for dataset_consumes_unknown_never_scheduled to None, run_after=None
[2023-11-20T21:10:59.010+0500] {logging_mixin.py:154} INFO - [2023-11-20T21:10:59.009+0500] {dag.py:3722} INFO - Setting next_dagrun for dataset_produces_1 to 2023-11-19T00:00:00+00:00, run_after=2023-11-20T00:00:00+00:00
[2023-11-20T21:10:59.016+0500] {logging_mixin.py:154} INFO - [2023-11-20T21:10:59.015+0500] {dag.py:3722} INFO - Setting next_dagrun for dataset_produces_2 to None, run_after=None
[2023-11-20T21:10:59.160+0500] {processor.py:179} INFO - Processing /usr/local/lib/python3.10/dist-packages/airflow/example_dags/example_datasets.py took 0.542 seconds
[2023-11-20T21:11:31.882+0500] {processor.py:157} INFO - Started process (PID=29565) to work on /usr/local/lib/python3.10/dist-packages/airflow/example_dags/example_datasets.py
[2023-11-20T21:11:31.920+0500] {processor.py:829} INFO - Processing file /usr/local/lib/python3.10/dist-packages/airflow/example_dags/example_datasets.py for tasks to queue
[2023-11-20T21:11:31.925+0500] {logging_mixin.py:154} INFO - [2023-11-20T21:11:31.922+0500] {dagbag.py:536} INFO - Filling up the DagBag from /usr/local/lib/python3.10/dist-packages/airflow/example_dags/example_datasets.py
[2023-11-20T21:11:32.029+0500] {processor.py:839} INFO - DAG(s) dict_keys(['dataset_consumes_1_never_scheduled', 'dataset_consumes_unknown_never_scheduled', 'dataset_consumes_1', 'dataset_consumes_1_and_2', 'dataset_produces_1', 'dataset_produces_2']) retrieved from /usr/local/lib/python3.10/dist-packages/airflow/example_dags/example_datasets.py
[2023-11-20T21:11:32.243+0500] {logging_mixin.py:154} INFO - [2023-11-20T21:11:32.242+0500] {dag.py:2941} INFO - Sync 6 DAGs
[2023-11-20T21:11:32.466+0500] {logging_mixin.py:154} INFO - [2023-11-20T21:11:32.465+0500] {dag.py:3722} INFO - Setting next_dagrun for dataset_consumes_1 to None, run_after=None
[2023-11-20T21:11:32.496+0500] {logging_mixin.py:154} INFO - [2023-11-20T21:11:32.495+0500] {dag.py:3722} INFO - Setting next_dagrun for dataset_consumes_1_and_2 to None, run_after=None
[2023-11-20T21:11:32.504+0500] {logging_mixin.py:154} INFO - [2023-11-20T21:11:32.503+0500] {dag.py:3722} INFO - Setting next_dagrun for dataset_consumes_1_never_scheduled to None, run_after=None
[2023-11-20T21:11:32.520+0500] {logging_mixin.py:154} INFO - [2023-11-20T21:11:32.513+0500] {dag.py:3722} INFO - Setting next_dagrun for dataset_consumes_unknown_never_scheduled to None, run_after=None
[2023-11-20T21:11:32.543+0500] {logging_mixin.py:154} INFO - [2023-11-20T21:11:32.542+0500] {dag.py:3722} INFO - Setting next_dagrun for dataset_produces_1 to 2023-11-19T00:00:00+00:00, run_after=2023-11-20T00:00:00+00:00
[2023-11-20T21:11:32.549+0500] {logging_mixin.py:154} INFO - [2023-11-20T21:11:32.548+0500] {dag.py:3722} INFO - Setting next_dagrun for dataset_produces_2 to None, run_after=None
[2023-11-20T21:11:33.038+0500] {processor.py:179} INFO - Processing /usr/local/lib/python3.10/dist-packages/airflow/example_dags/example_datasets.py took 1.169 seconds
[2023-11-20T21:12:04.357+0500] {processor.py:157} INFO - Started process (PID=29808) to work on /usr/local/lib/python3.10/dist-packages/airflow/example_dags/example_datasets.py
[2023-11-20T21:12:04.360+0500] {processor.py:829} INFO - Processing file /usr/local/lib/python3.10/dist-packages/airflow/example_dags/example_datasets.py for tasks to queue
[2023-11-20T21:12:04.363+0500] {logging_mixin.py:154} INFO - [2023-11-20T21:12:04.362+0500] {dagbag.py:536} INFO - Filling up the DagBag from /usr/local/lib/python3.10/dist-packages/airflow/example_dags/example_datasets.py
[2023-11-20T21:12:04.406+0500] {processor.py:839} INFO - DAG(s) dict_keys(['dataset_consumes_1', 'dataset_consumes_unknown_never_scheduled', 'dataset_consumes_1_never_scheduled', 'dataset_consumes_1_and_2', 'dataset_produces_1', 'dataset_produces_2']) retrieved from /usr/local/lib/python3.10/dist-packages/airflow/example_dags/example_datasets.py
[2023-11-20T21:12:04.575+0500] {logging_mixin.py:154} INFO - [2023-11-20T21:12:04.574+0500] {dag.py:2941} INFO - Sync 6 DAGs
[2023-11-20T21:12:04.683+0500] {logging_mixin.py:154} INFO - [2023-11-20T21:12:04.682+0500] {dag.py:3722} INFO - Setting next_dagrun for dataset_consumes_1 to None, run_after=None
[2023-11-20T21:12:04.700+0500] {logging_mixin.py:154} INFO - [2023-11-20T21:12:04.699+0500] {dag.py:3722} INFO - Setting next_dagrun for dataset_consumes_1_and_2 to None, run_after=None
[2023-11-20T21:12:04.706+0500] {logging_mixin.py:154} INFO - [2023-11-20T21:12:04.705+0500] {dag.py:3722} INFO - Setting next_dagrun for dataset_consumes_1_never_scheduled to None, run_after=None
[2023-11-20T21:12:04.711+0500] {logging_mixin.py:154} INFO - [2023-11-20T21:12:04.711+0500] {dag.py:3722} INFO - Setting next_dagrun for dataset_consumes_unknown_never_scheduled to None, run_after=None
[2023-11-20T21:12:04.727+0500] {logging_mixin.py:154} INFO - [2023-11-20T21:12:04.726+0500] {dag.py:3722} INFO - Setting next_dagrun for dataset_produces_1 to 2023-11-19T00:00:00+00:00, run_after=2023-11-20T00:00:00+00:00
[2023-11-20T21:12:04.732+0500] {logging_mixin.py:154} INFO - [2023-11-20T21:12:04.732+0500] {dag.py:3722} INFO - Setting next_dagrun for dataset_produces_2 to None, run_after=None
[2023-11-20T21:12:04.896+0500] {processor.py:179} INFO - Processing /usr/local/lib/python3.10/dist-packages/airflow/example_dags/example_datasets.py took 0.551 seconds
[2023-11-20T21:12:35.307+0500] {processor.py:157} INFO - Started process (PID=30027) to work on /usr/local/lib/python3.10/dist-packages/airflow/example_dags/example_datasets.py
[2023-11-20T21:12:35.313+0500] {processor.py:829} INFO - Processing file /usr/local/lib/python3.10/dist-packages/airflow/example_dags/example_datasets.py for tasks to queue
[2023-11-20T21:12:35.316+0500] {logging_mixin.py:154} INFO - [2023-11-20T21:12:35.315+0500] {dagbag.py:536} INFO - Filling up the DagBag from /usr/local/lib/python3.10/dist-packages/airflow/example_dags/example_datasets.py
[2023-11-20T21:12:35.362+0500] {processor.py:839} INFO - DAG(s) dict_keys(['dataset_consumes_1_and_2', 'dataset_consumes_unknown_never_scheduled', 'dataset_produces_1', 'dataset_consumes_1_never_scheduled', 'dataset_produces_2', 'dataset_consumes_1']) retrieved from /usr/local/lib/python3.10/dist-packages/airflow/example_dags/example_datasets.py
[2023-11-20T21:12:35.581+0500] {logging_mixin.py:154} INFO - [2023-11-20T21:12:35.581+0500] {dag.py:2941} INFO - Sync 6 DAGs
[2023-11-20T21:12:35.697+0500] {logging_mixin.py:154} INFO - [2023-11-20T21:12:35.696+0500] {dag.py:3722} INFO - Setting next_dagrun for dataset_consumes_1 to None, run_after=None
[2023-11-20T21:12:35.713+0500] {logging_mixin.py:154} INFO - [2023-11-20T21:12:35.712+0500] {dag.py:3722} INFO - Setting next_dagrun for dataset_consumes_1_and_2 to None, run_after=None
[2023-11-20T21:12:35.718+0500] {logging_mixin.py:154} INFO - [2023-11-20T21:12:35.717+0500] {dag.py:3722} INFO - Setting next_dagrun for dataset_consumes_1_never_scheduled to None, run_after=None
[2023-11-20T21:12:35.724+0500] {logging_mixin.py:154} INFO - [2023-11-20T21:12:35.723+0500] {dag.py:3722} INFO - Setting next_dagrun for dataset_consumes_unknown_never_scheduled to None, run_after=None
[2023-11-20T21:12:35.741+0500] {logging_mixin.py:154} INFO - [2023-11-20T21:12:35.740+0500] {dag.py:3722} INFO - Setting next_dagrun for dataset_produces_1 to 2023-11-19T00:00:00+00:00, run_after=2023-11-20T00:00:00+00:00
[2023-11-20T21:12:35.747+0500] {logging_mixin.py:154} INFO - [2023-11-20T21:12:35.746+0500] {dag.py:3722} INFO - Setting next_dagrun for dataset_produces_2 to None, run_after=None
[2023-11-20T21:12:35.907+0500] {processor.py:179} INFO - Processing /usr/local/lib/python3.10/dist-packages/airflow/example_dags/example_datasets.py took 0.612 seconds
[2023-11-20T21:13:06.052+0500] {processor.py:157} INFO - Started process (PID=30141) to work on /usr/local/lib/python3.10/dist-packages/airflow/example_dags/example_datasets.py
[2023-11-20T21:13:06.056+0500] {processor.py:829} INFO - Processing file /usr/local/lib/python3.10/dist-packages/airflow/example_dags/example_datasets.py for tasks to queue
[2023-11-20T21:13:06.061+0500] {logging_mixin.py:154} INFO - [2023-11-20T21:13:06.060+0500] {dagbag.py:536} INFO - Filling up the DagBag from /usr/local/lib/python3.10/dist-packages/airflow/example_dags/example_datasets.py
[2023-11-20T21:13:06.115+0500] {processor.py:839} INFO - DAG(s) dict_keys(['dataset_consumes_1_never_scheduled', 'dataset_consumes_unknown_never_scheduled', 'dataset_consumes_1', 'dataset_produces_2', 'dataset_produces_1', 'dataset_consumes_1_and_2']) retrieved from /usr/local/lib/python3.10/dist-packages/airflow/example_dags/example_datasets.py
[2023-11-20T21:13:06.460+0500] {logging_mixin.py:154} INFO - [2023-11-20T21:13:06.459+0500] {dag.py:2941} INFO - Sync 6 DAGs
[2023-11-20T21:13:06.610+0500] {logging_mixin.py:154} INFO - [2023-11-20T21:13:06.609+0500] {dag.py:3722} INFO - Setting next_dagrun for dataset_consumes_1 to None, run_after=None
[2023-11-20T21:13:06.651+0500] {logging_mixin.py:154} INFO - [2023-11-20T21:13:06.650+0500] {dag.py:3722} INFO - Setting next_dagrun for dataset_consumes_1_and_2 to None, run_after=None
[2023-11-20T21:13:06.668+0500] {logging_mixin.py:154} INFO - [2023-11-20T21:13:06.667+0500] {dag.py:3722} INFO - Setting next_dagrun for dataset_consumes_1_never_scheduled to None, run_after=None
[2023-11-20T21:13:06.685+0500] {logging_mixin.py:154} INFO - [2023-11-20T21:13:06.684+0500] {dag.py:3722} INFO - Setting next_dagrun for dataset_consumes_unknown_never_scheduled to None, run_after=None
[2023-11-20T21:13:06.703+0500] {logging_mixin.py:154} INFO - [2023-11-20T21:13:06.703+0500] {dag.py:3722} INFO - Setting next_dagrun for dataset_produces_1 to 2023-11-19T00:00:00+00:00, run_after=2023-11-20T00:00:00+00:00
[2023-11-20T21:13:06.709+0500] {logging_mixin.py:154} INFO - [2023-11-20T21:13:06.709+0500] {dag.py:3722} INFO - Setting next_dagrun for dataset_produces_2 to None, run_after=None
[2023-11-20T21:13:06.867+0500] {processor.py:179} INFO - Processing /usr/local/lib/python3.10/dist-packages/airflow/example_dags/example_datasets.py took 0.835 seconds
[2023-11-20T21:13:37.081+0500] {processor.py:157} INFO - Started process (PID=30300) to work on /usr/local/lib/python3.10/dist-packages/airflow/example_dags/example_datasets.py
[2023-11-20T21:13:37.084+0500] {processor.py:829} INFO - Processing file /usr/local/lib/python3.10/dist-packages/airflow/example_dags/example_datasets.py for tasks to queue
[2023-11-20T21:13:37.087+0500] {logging_mixin.py:154} INFO - [2023-11-20T21:13:37.086+0500] {dagbag.py:536} INFO - Filling up the DagBag from /usr/local/lib/python3.10/dist-packages/airflow/example_dags/example_datasets.py
[2023-11-20T21:13:37.128+0500] {processor.py:839} INFO - DAG(s) dict_keys(['dataset_produces_1', 'dataset_consumes_1', 'dataset_consumes_1_and_2', 'dataset_produces_2', 'dataset_consumes_unknown_never_scheduled', 'dataset_consumes_1_never_scheduled']) retrieved from /usr/local/lib/python3.10/dist-packages/airflow/example_dags/example_datasets.py
[2023-11-20T21:13:37.299+0500] {logging_mixin.py:154} INFO - [2023-11-20T21:13:37.298+0500] {dag.py:2941} INFO - Sync 6 DAGs
[2023-11-20T21:13:37.404+0500] {logging_mixin.py:154} INFO - [2023-11-20T21:13:37.403+0500] {dag.py:3722} INFO - Setting next_dagrun for dataset_consumes_1 to None, run_after=None
[2023-11-20T21:13:37.419+0500] {logging_mixin.py:154} INFO - [2023-11-20T21:13:37.419+0500] {dag.py:3722} INFO - Setting next_dagrun for dataset_consumes_1_and_2 to None, run_after=None
[2023-11-20T21:13:37.425+0500] {logging_mixin.py:154} INFO - [2023-11-20T21:13:37.424+0500] {dag.py:3722} INFO - Setting next_dagrun for dataset_consumes_1_never_scheduled to None, run_after=None
[2023-11-20T21:13:37.430+0500] {logging_mixin.py:154} INFO - [2023-11-20T21:13:37.430+0500] {dag.py:3722} INFO - Setting next_dagrun for dataset_consumes_unknown_never_scheduled to None, run_after=None
[2023-11-20T21:13:37.446+0500] {logging_mixin.py:154} INFO - [2023-11-20T21:13:37.445+0500] {dag.py:3722} INFO - Setting next_dagrun for dataset_produces_1 to 2023-11-19T00:00:00+00:00, run_after=2023-11-20T00:00:00+00:00
[2023-11-20T21:13:37.452+0500] {logging_mixin.py:154} INFO - [2023-11-20T21:13:37.451+0500] {dag.py:3722} INFO - Setting next_dagrun for dataset_produces_2 to None, run_after=None
[2023-11-20T21:13:37.598+0500] {processor.py:179} INFO - Processing /usr/local/lib/python3.10/dist-packages/airflow/example_dags/example_datasets.py took 0.530 seconds
[2023-11-20T21:14:07.925+0500] {processor.py:157} INFO - Started process (PID=30405) to work on /usr/local/lib/python3.10/dist-packages/airflow/example_dags/example_datasets.py
[2023-11-20T21:14:07.948+0500] {processor.py:829} INFO - Processing file /usr/local/lib/python3.10/dist-packages/airflow/example_dags/example_datasets.py for tasks to queue
[2023-11-20T21:14:07.951+0500] {logging_mixin.py:154} INFO - [2023-11-20T21:14:07.950+0500] {dagbag.py:536} INFO - Filling up the DagBag from /usr/local/lib/python3.10/dist-packages/airflow/example_dags/example_datasets.py
[2023-11-20T21:14:08.027+0500] {processor.py:839} INFO - DAG(s) dict_keys(['dataset_produces_2', 'dataset_consumes_1_and_2', 'dataset_consumes_unknown_never_scheduled', 'dataset_consumes_1', 'dataset_consumes_1_never_scheduled', 'dataset_produces_1']) retrieved from /usr/local/lib/python3.10/dist-packages/airflow/example_dags/example_datasets.py
[2023-11-20T21:14:08.218+0500] {logging_mixin.py:154} INFO - [2023-11-20T21:14:08.217+0500] {dag.py:2941} INFO - Sync 6 DAGs
[2023-11-20T21:14:08.350+0500] {logging_mixin.py:154} INFO - [2023-11-20T21:14:08.349+0500] {dag.py:3722} INFO - Setting next_dagrun for dataset_consumes_1 to None, run_after=None
[2023-11-20T21:14:08.381+0500] {logging_mixin.py:154} INFO - [2023-11-20T21:14:08.379+0500] {dag.py:3722} INFO - Setting next_dagrun for dataset_consumes_1_and_2 to None, run_after=None
[2023-11-20T21:14:08.390+0500] {logging_mixin.py:154} INFO - [2023-11-20T21:14:08.389+0500] {dag.py:3722} INFO - Setting next_dagrun for dataset_consumes_1_never_scheduled to None, run_after=None
[2023-11-20T21:14:08.397+0500] {logging_mixin.py:154} INFO - [2023-11-20T21:14:08.396+0500] {dag.py:3722} INFO - Setting next_dagrun for dataset_consumes_unknown_never_scheduled to None, run_after=None
[2023-11-20T21:14:08.434+0500] {logging_mixin.py:154} INFO - [2023-11-20T21:14:08.420+0500] {dag.py:3722} INFO - Setting next_dagrun for dataset_produces_1 to 2023-11-19T00:00:00+00:00, run_after=2023-11-20T00:00:00+00:00
[2023-11-20T21:14:08.446+0500] {logging_mixin.py:154} INFO - [2023-11-20T21:14:08.445+0500] {dag.py:3722} INFO - Setting next_dagrun for dataset_produces_2 to None, run_after=None
[2023-11-20T21:14:08.597+0500] {processor.py:179} INFO - Processing /usr/local/lib/python3.10/dist-packages/airflow/example_dags/example_datasets.py took 0.698 seconds
[2023-11-20T21:14:38.879+0500] {processor.py:157} INFO - Started process (PID=30517) to work on /usr/local/lib/python3.10/dist-packages/airflow/example_dags/example_datasets.py
[2023-11-20T21:14:38.883+0500] {processor.py:829} INFO - Processing file /usr/local/lib/python3.10/dist-packages/airflow/example_dags/example_datasets.py for tasks to queue
[2023-11-20T21:14:38.886+0500] {logging_mixin.py:154} INFO - [2023-11-20T21:14:38.885+0500] {dagbag.py:536} INFO - Filling up the DagBag from /usr/local/lib/python3.10/dist-packages/airflow/example_dags/example_datasets.py
[2023-11-20T21:14:38.928+0500] {processor.py:839} INFO - DAG(s) dict_keys(['dataset_consumes_unknown_never_scheduled', 'dataset_produces_1', 'dataset_consumes_1_and_2', 'dataset_consumes_1_never_scheduled', 'dataset_produces_2', 'dataset_consumes_1']) retrieved from /usr/local/lib/python3.10/dist-packages/airflow/example_dags/example_datasets.py
[2023-11-20T21:14:39.114+0500] {logging_mixin.py:154} INFO - [2023-11-20T21:14:39.113+0500] {dag.py:2941} INFO - Sync 6 DAGs
[2023-11-20T21:14:39.228+0500] {logging_mixin.py:154} INFO - [2023-11-20T21:14:39.227+0500] {dag.py:3722} INFO - Setting next_dagrun for dataset_consumes_1 to None, run_after=None
[2023-11-20T21:14:39.244+0500] {logging_mixin.py:154} INFO - [2023-11-20T21:14:39.243+0500] {dag.py:3722} INFO - Setting next_dagrun for dataset_consumes_1_and_2 to None, run_after=None
[2023-11-20T21:14:39.250+0500] {logging_mixin.py:154} INFO - [2023-11-20T21:14:39.249+0500] {dag.py:3722} INFO - Setting next_dagrun for dataset_consumes_1_never_scheduled to None, run_after=None
[2023-11-20T21:14:39.255+0500] {logging_mixin.py:154} INFO - [2023-11-20T21:14:39.254+0500] {dag.py:3722} INFO - Setting next_dagrun for dataset_consumes_unknown_never_scheduled to None, run_after=None
[2023-11-20T21:14:39.272+0500] {logging_mixin.py:154} INFO - [2023-11-20T21:14:39.271+0500] {dag.py:3722} INFO - Setting next_dagrun for dataset_produces_1 to 2023-11-19T00:00:00+00:00, run_after=2023-11-20T00:00:00+00:00
[2023-11-20T21:14:39.278+0500] {logging_mixin.py:154} INFO - [2023-11-20T21:14:39.277+0500] {dag.py:3722} INFO - Setting next_dagrun for dataset_produces_2 to None, run_after=None
[2023-11-20T21:14:39.430+0500] {processor.py:179} INFO - Processing /usr/local/lib/python3.10/dist-packages/airflow/example_dags/example_datasets.py took 0.564 seconds
[2023-11-20T21:15:16.561+0500] {processor.py:157} INFO - Started process (PID=30840) to work on /usr/local/lib/python3.10/dist-packages/airflow/example_dags/example_datasets.py
[2023-11-20T21:15:16.564+0500] {processor.py:829} INFO - Processing file /usr/local/lib/python3.10/dist-packages/airflow/example_dags/example_datasets.py for tasks to queue
[2023-11-20T21:15:16.567+0500] {logging_mixin.py:154} INFO - [2023-11-20T21:15:16.566+0500] {dagbag.py:536} INFO - Filling up the DagBag from /usr/local/lib/python3.10/dist-packages/airflow/example_dags/example_datasets.py
[2023-11-20T21:15:16.622+0500] {processor.py:839} INFO - DAG(s) dict_keys(['dataset_consumes_unknown_never_scheduled', 'dataset_produces_1', 'dataset_consumes_1_and_2', 'dataset_consumes_1_never_scheduled', 'dataset_consumes_1', 'dataset_produces_2']) retrieved from /usr/local/lib/python3.10/dist-packages/airflow/example_dags/example_datasets.py
[2023-11-20T21:15:16.846+0500] {logging_mixin.py:154} INFO - [2023-11-20T21:15:16.845+0500] {dag.py:2941} INFO - Sync 6 DAGs
[2023-11-20T21:15:16.975+0500] {logging_mixin.py:154} INFO - [2023-11-20T21:15:16.974+0500] {dag.py:3722} INFO - Setting next_dagrun for dataset_consumes_1 to None, run_after=None
[2023-11-20T21:15:16.992+0500] {logging_mixin.py:154} INFO - [2023-11-20T21:15:16.991+0500] {dag.py:3722} INFO - Setting next_dagrun for dataset_consumes_1_and_2 to None, run_after=None
[2023-11-20T21:15:16.998+0500] {logging_mixin.py:154} INFO - [2023-11-20T21:15:16.997+0500] {dag.py:3722} INFO - Setting next_dagrun for dataset_consumes_1_never_scheduled to None, run_after=None
[2023-11-20T21:15:17.004+0500] {logging_mixin.py:154} INFO - [2023-11-20T21:15:17.003+0500] {dag.py:3722} INFO - Setting next_dagrun for dataset_consumes_unknown_never_scheduled to None, run_after=None
[2023-11-20T21:15:17.020+0500] {logging_mixin.py:154} INFO - [2023-11-20T21:15:17.019+0500] {dag.py:3722} INFO - Setting next_dagrun for dataset_produces_1 to 2023-11-19T00:00:00+00:00, run_after=2023-11-20T00:00:00+00:00
[2023-11-20T21:15:17.026+0500] {logging_mixin.py:154} INFO - [2023-11-20T21:15:17.025+0500] {dag.py:3722} INFO - Setting next_dagrun for dataset_produces_2 to None, run_after=None
[2023-11-20T21:15:17.202+0500] {processor.py:179} INFO - Processing /usr/local/lib/python3.10/dist-packages/airflow/example_dags/example_datasets.py took 0.653 seconds
[2023-11-20T21:15:47.521+0500] {processor.py:157} INFO - Started process (PID=31092) to work on /usr/local/lib/python3.10/dist-packages/airflow/example_dags/example_datasets.py
[2023-11-20T21:15:47.524+0500] {processor.py:829} INFO - Processing file /usr/local/lib/python3.10/dist-packages/airflow/example_dags/example_datasets.py for tasks to queue
[2023-11-20T21:15:47.527+0500] {logging_mixin.py:154} INFO - [2023-11-20T21:15:47.526+0500] {dagbag.py:536} INFO - Filling up the DagBag from /usr/local/lib/python3.10/dist-packages/airflow/example_dags/example_datasets.py
[2023-11-20T21:15:47.571+0500] {processor.py:839} INFO - DAG(s) dict_keys(['dataset_consumes_1_and_2', 'dataset_produces_1', 'dataset_consumes_1', 'dataset_consumes_unknown_never_scheduled', 'dataset_consumes_1_never_scheduled', 'dataset_produces_2']) retrieved from /usr/local/lib/python3.10/dist-packages/airflow/example_dags/example_datasets.py
[2023-11-20T21:15:47.755+0500] {logging_mixin.py:154} INFO - [2023-11-20T21:15:47.754+0500] {dag.py:2941} INFO - Sync 6 DAGs
[2023-11-20T21:15:47.865+0500] {logging_mixin.py:154} INFO - [2023-11-20T21:15:47.864+0500] {dag.py:3722} INFO - Setting next_dagrun for dataset_consumes_1 to None, run_after=None
[2023-11-20T21:15:47.880+0500] {logging_mixin.py:154} INFO - [2023-11-20T21:15:47.879+0500] {dag.py:3722} INFO - Setting next_dagrun for dataset_consumes_1_and_2 to None, run_after=None
[2023-11-20T21:15:47.886+0500] {logging_mixin.py:154} INFO - [2023-11-20T21:15:47.885+0500] {dag.py:3722} INFO - Setting next_dagrun for dataset_consumes_1_never_scheduled to None, run_after=None
[2023-11-20T21:15:47.891+0500] {logging_mixin.py:154} INFO - [2023-11-20T21:15:47.891+0500] {dag.py:3722} INFO - Setting next_dagrun for dataset_consumes_unknown_never_scheduled to None, run_after=None
[2023-11-20T21:15:47.911+0500] {logging_mixin.py:154} INFO - [2023-11-20T21:15:47.911+0500] {dag.py:3722} INFO - Setting next_dagrun for dataset_produces_1 to 2023-11-19T00:00:00+00:00, run_after=2023-11-20T00:00:00+00:00
[2023-11-20T21:15:47.918+0500] {logging_mixin.py:154} INFO - [2023-11-20T21:15:47.917+0500] {dag.py:3722} INFO - Setting next_dagrun for dataset_produces_2 to None, run_after=None
[2023-11-20T21:15:48.066+0500] {processor.py:179} INFO - Processing /usr/local/lib/python3.10/dist-packages/airflow/example_dags/example_datasets.py took 0.559 seconds
[2023-11-20T21:16:18.733+0500] {processor.py:157} INFO - Started process (PID=31194) to work on /usr/local/lib/python3.10/dist-packages/airflow/example_dags/example_datasets.py
[2023-11-20T21:16:18.736+0500] {processor.py:829} INFO - Processing file /usr/local/lib/python3.10/dist-packages/airflow/example_dags/example_datasets.py for tasks to queue
[2023-11-20T21:16:18.739+0500] {logging_mixin.py:154} INFO - [2023-11-20T21:16:18.738+0500] {dagbag.py:536} INFO - Filling up the DagBag from /usr/local/lib/python3.10/dist-packages/airflow/example_dags/example_datasets.py
[2023-11-20T21:16:18.782+0500] {processor.py:839} INFO - DAG(s) dict_keys(['dataset_consumes_1', 'dataset_produces_2', 'dataset_produces_1', 'dataset_consumes_1_never_scheduled', 'dataset_consumes_unknown_never_scheduled', 'dataset_consumes_1_and_2']) retrieved from /usr/local/lib/python3.10/dist-packages/airflow/example_dags/example_datasets.py
[2023-11-20T21:16:18.959+0500] {logging_mixin.py:154} INFO - [2023-11-20T21:16:18.958+0500] {dag.py:2941} INFO - Sync 6 DAGs
[2023-11-20T21:16:19.067+0500] {logging_mixin.py:154} INFO - [2023-11-20T21:16:19.066+0500] {dag.py:3722} INFO - Setting next_dagrun for dataset_consumes_1 to None, run_after=None
[2023-11-20T21:16:19.083+0500] {logging_mixin.py:154} INFO - [2023-11-20T21:16:19.082+0500] {dag.py:3722} INFO - Setting next_dagrun for dataset_consumes_1_and_2 to None, run_after=None
[2023-11-20T21:16:19.089+0500] {logging_mixin.py:154} INFO - [2023-11-20T21:16:19.088+0500] {dag.py:3722} INFO - Setting next_dagrun for dataset_consumes_1_never_scheduled to None, run_after=None
[2023-11-20T21:16:19.095+0500] {logging_mixin.py:154} INFO - [2023-11-20T21:16:19.094+0500] {dag.py:3722} INFO - Setting next_dagrun for dataset_consumes_unknown_never_scheduled to None, run_after=None
[2023-11-20T21:16:19.112+0500] {logging_mixin.py:154} INFO - [2023-11-20T21:16:19.111+0500] {dag.py:3722} INFO - Setting next_dagrun for dataset_produces_1 to 2023-11-19T00:00:00+00:00, run_after=2023-11-20T00:00:00+00:00
[2023-11-20T21:16:19.118+0500] {logging_mixin.py:154} INFO - [2023-11-20T21:16:19.117+0500] {dag.py:3722} INFO - Setting next_dagrun for dataset_produces_2 to None, run_after=None
[2023-11-20T21:16:19.271+0500] {processor.py:179} INFO - Processing /usr/local/lib/python3.10/dist-packages/airflow/example_dags/example_datasets.py took 0.550 seconds
[2023-11-20T21:16:53.387+0500] {processor.py:157} INFO - Started process (PID=31300) to work on /usr/local/lib/python3.10/dist-packages/airflow/example_dags/example_datasets.py
[2023-11-20T21:16:53.408+0500] {processor.py:829} INFO - Processing file /usr/local/lib/python3.10/dist-packages/airflow/example_dags/example_datasets.py for tasks to queue
[2023-11-20T21:16:53.423+0500] {logging_mixin.py:154} INFO - [2023-11-20T21:16:53.410+0500] {dagbag.py:536} INFO - Filling up the DagBag from /usr/local/lib/python3.10/dist-packages/airflow/example_dags/example_datasets.py
[2023-11-20T21:16:53.517+0500] {processor.py:839} INFO - DAG(s) dict_keys(['dataset_consumes_1_never_scheduled', 'dataset_produces_1', 'dataset_produces_2', 'dataset_consumes_unknown_never_scheduled', 'dataset_consumes_1', 'dataset_consumes_1_and_2']) retrieved from /usr/local/lib/python3.10/dist-packages/airflow/example_dags/example_datasets.py
[2023-11-20T21:16:53.796+0500] {logging_mixin.py:154} INFO - [2023-11-20T21:16:53.795+0500] {dag.py:2941} INFO - Sync 6 DAGs
[2023-11-20T21:16:53.930+0500] {logging_mixin.py:154} INFO - [2023-11-20T21:16:53.930+0500] {dag.py:3722} INFO - Setting next_dagrun for dataset_consumes_1 to None, run_after=None
[2023-11-20T21:16:53.964+0500] {logging_mixin.py:154} INFO - [2023-11-20T21:16:53.963+0500] {dag.py:3722} INFO - Setting next_dagrun for dataset_consumes_1_and_2 to None, run_after=None
[2023-11-20T21:16:53.971+0500] {logging_mixin.py:154} INFO - [2023-11-20T21:16:53.970+0500] {dag.py:3722} INFO - Setting next_dagrun for dataset_consumes_1_never_scheduled to None, run_after=None
[2023-11-20T21:16:53.977+0500] {logging_mixin.py:154} INFO - [2023-11-20T21:16:53.976+0500] {dag.py:3722} INFO - Setting next_dagrun for dataset_consumes_unknown_never_scheduled to None, run_after=None
[2023-11-20T21:16:53.994+0500] {logging_mixin.py:154} INFO - [2023-11-20T21:16:53.993+0500] {dag.py:3722} INFO - Setting next_dagrun for dataset_produces_1 to 2023-11-19T00:00:00+00:00, run_after=2023-11-20T00:00:00+00:00
[2023-11-20T21:16:54.001+0500] {logging_mixin.py:154} INFO - [2023-11-20T21:16:54.000+0500] {dag.py:3722} INFO - Setting next_dagrun for dataset_produces_2 to None, run_after=None
[2023-11-20T21:16:54.211+0500] {processor.py:179} INFO - Processing /usr/local/lib/python3.10/dist-packages/airflow/example_dags/example_datasets.py took 0.879 seconds
[2023-11-20T21:17:24.533+0500] {processor.py:157} INFO - Started process (PID=31427) to work on /usr/local/lib/python3.10/dist-packages/airflow/example_dags/example_datasets.py
[2023-11-20T21:17:24.540+0500] {processor.py:829} INFO - Processing file /usr/local/lib/python3.10/dist-packages/airflow/example_dags/example_datasets.py for tasks to queue
[2023-11-20T21:17:24.549+0500] {logging_mixin.py:154} INFO - [2023-11-20T21:17:24.546+0500] {dagbag.py:536} INFO - Filling up the DagBag from /usr/local/lib/python3.10/dist-packages/airflow/example_dags/example_datasets.py
[2023-11-20T21:17:24.656+0500] {processor.py:839} INFO - DAG(s) dict_keys(['dataset_produces_1', 'dataset_produces_2', 'dataset_consumes_unknown_never_scheduled', 'dataset_consumes_1_never_scheduled', 'dataset_consumes_1', 'dataset_consumes_1_and_2']) retrieved from /usr/local/lib/python3.10/dist-packages/airflow/example_dags/example_datasets.py
[2023-11-20T21:17:24.985+0500] {logging_mixin.py:154} INFO - [2023-11-20T21:17:24.984+0500] {dag.py:2941} INFO - Sync 6 DAGs
[2023-11-20T21:17:25.120+0500] {logging_mixin.py:154} INFO - [2023-11-20T21:17:25.118+0500] {dag.py:3722} INFO - Setting next_dagrun for dataset_consumes_1 to None, run_after=None
[2023-11-20T21:17:25.150+0500] {logging_mixin.py:154} INFO - [2023-11-20T21:17:25.149+0500] {dag.py:3722} INFO - Setting next_dagrun for dataset_consumes_1_and_2 to None, run_after=None
[2023-11-20T21:17:25.158+0500] {logging_mixin.py:154} INFO - [2023-11-20T21:17:25.155+0500] {dag.py:3722} INFO - Setting next_dagrun for dataset_consumes_1_never_scheduled to None, run_after=None
[2023-11-20T21:17:25.173+0500] {logging_mixin.py:154} INFO - [2023-11-20T21:17:25.171+0500] {dag.py:3722} INFO - Setting next_dagrun for dataset_consumes_unknown_never_scheduled to None, run_after=None
[2023-11-20T21:17:25.190+0500] {logging_mixin.py:154} INFO - [2023-11-20T21:17:25.189+0500] {dag.py:3722} INFO - Setting next_dagrun for dataset_produces_1 to 2023-11-19T00:00:00+00:00, run_after=2023-11-20T00:00:00+00:00
[2023-11-20T21:17:25.196+0500] {logging_mixin.py:154} INFO - [2023-11-20T21:17:25.195+0500] {dag.py:3722} INFO - Setting next_dagrun for dataset_produces_2 to None, run_after=None
[2023-11-20T21:17:25.376+0500] {processor.py:179} INFO - Processing /usr/local/lib/python3.10/dist-packages/airflow/example_dags/example_datasets.py took 0.861 seconds
[2023-11-20T21:17:55.972+0500] {processor.py:157} INFO - Started process (PID=31535) to work on /usr/local/lib/python3.10/dist-packages/airflow/example_dags/example_datasets.py
[2023-11-20T21:17:55.976+0500] {processor.py:829} INFO - Processing file /usr/local/lib/python3.10/dist-packages/airflow/example_dags/example_datasets.py for tasks to queue
[2023-11-20T21:17:55.980+0500] {logging_mixin.py:154} INFO - [2023-11-20T21:17:55.979+0500] {dagbag.py:536} INFO - Filling up the DagBag from /usr/local/lib/python3.10/dist-packages/airflow/example_dags/example_datasets.py
[2023-11-20T21:17:56.028+0500] {processor.py:839} INFO - DAG(s) dict_keys(['dataset_consumes_unknown_never_scheduled', 'dataset_consumes_1_and_2', 'dataset_produces_2', 'dataset_produces_1', 'dataset_consumes_1_never_scheduled', 'dataset_consumes_1']) retrieved from /usr/local/lib/python3.10/dist-packages/airflow/example_dags/example_datasets.py
[2023-11-20T21:17:56.218+0500] {logging_mixin.py:154} INFO - [2023-11-20T21:17:56.218+0500] {dag.py:2941} INFO - Sync 6 DAGs
[2023-11-20T21:17:56.338+0500] {logging_mixin.py:154} INFO - [2023-11-20T21:17:56.337+0500] {dag.py:3722} INFO - Setting next_dagrun for dataset_consumes_1 to None, run_after=None
[2023-11-20T21:17:56.356+0500] {logging_mixin.py:154} INFO - [2023-11-20T21:17:56.355+0500] {dag.py:3722} INFO - Setting next_dagrun for dataset_consumes_1_and_2 to None, run_after=None
[2023-11-20T21:17:56.362+0500] {logging_mixin.py:154} INFO - [2023-11-20T21:17:56.361+0500] {dag.py:3722} INFO - Setting next_dagrun for dataset_consumes_1_never_scheduled to None, run_after=None
[2023-11-20T21:17:56.367+0500] {logging_mixin.py:154} INFO - [2023-11-20T21:17:56.367+0500] {dag.py:3722} INFO - Setting next_dagrun for dataset_consumes_unknown_never_scheduled to None, run_after=None
[2023-11-20T21:17:56.383+0500] {logging_mixin.py:154} INFO - [2023-11-20T21:17:56.382+0500] {dag.py:3722} INFO - Setting next_dagrun for dataset_produces_1 to 2023-11-19T00:00:00+00:00, run_after=2023-11-20T00:00:00+00:00
[2023-11-20T21:17:56.389+0500] {logging_mixin.py:154} INFO - [2023-11-20T21:17:56.388+0500] {dag.py:3722} INFO - Setting next_dagrun for dataset_produces_2 to None, run_after=None
[2023-11-20T21:17:56.545+0500] {processor.py:179} INFO - Processing /usr/local/lib/python3.10/dist-packages/airflow/example_dags/example_datasets.py took 0.587 seconds
[2023-11-20T21:18:32.043+0500] {processor.py:157} INFO - Started process (PID=31659) to work on /usr/local/lib/python3.10/dist-packages/airflow/example_dags/example_datasets.py
[2023-11-20T21:18:32.047+0500] {processor.py:829} INFO - Processing file /usr/local/lib/python3.10/dist-packages/airflow/example_dags/example_datasets.py for tasks to queue
[2023-11-20T21:18:32.050+0500] {logging_mixin.py:154} INFO - [2023-11-20T21:18:32.049+0500] {dagbag.py:536} INFO - Filling up the DagBag from /usr/local/lib/python3.10/dist-packages/airflow/example_dags/example_datasets.py
[2023-11-20T21:18:32.096+0500] {processor.py:839} INFO - DAG(s) dict_keys(['dataset_consumes_1', 'dataset_consumes_1_never_scheduled', 'dataset_consumes_unknown_never_scheduled', 'dataset_consumes_1_and_2', 'dataset_produces_1', 'dataset_produces_2']) retrieved from /usr/local/lib/python3.10/dist-packages/airflow/example_dags/example_datasets.py
[2023-11-20T21:18:32.423+0500] {logging_mixin.py:154} INFO - [2023-11-20T21:18:32.421+0500] {dag.py:2941} INFO - Sync 6 DAGs
[2023-11-20T21:18:32.572+0500] {logging_mixin.py:154} INFO - [2023-11-20T21:18:32.571+0500] {dag.py:3722} INFO - Setting next_dagrun for dataset_consumes_1 to None, run_after=None
[2023-11-20T21:18:32.588+0500] {logging_mixin.py:154} INFO - [2023-11-20T21:18:32.587+0500] {dag.py:3722} INFO - Setting next_dagrun for dataset_consumes_1_and_2 to None, run_after=None
[2023-11-20T21:18:32.594+0500] {logging_mixin.py:154} INFO - [2023-11-20T21:18:32.593+0500] {dag.py:3722} INFO - Setting next_dagrun for dataset_consumes_1_never_scheduled to None, run_after=None
[2023-11-20T21:18:32.600+0500] {logging_mixin.py:154} INFO - [2023-11-20T21:18:32.599+0500] {dag.py:3722} INFO - Setting next_dagrun for dataset_consumes_unknown_never_scheduled to None, run_after=None
[2023-11-20T21:18:32.620+0500] {logging_mixin.py:154} INFO - [2023-11-20T21:18:32.619+0500] {dag.py:3722} INFO - Setting next_dagrun for dataset_produces_1 to 2023-11-19T00:00:00+00:00, run_after=2023-11-20T00:00:00+00:00
[2023-11-20T21:18:32.627+0500] {logging_mixin.py:154} INFO - [2023-11-20T21:18:32.626+0500] {dag.py:3722} INFO - Setting next_dagrun for dataset_produces_2 to None, run_after=None
[2023-11-20T21:18:32.790+0500] {processor.py:179} INFO - Processing /usr/local/lib/python3.10/dist-packages/airflow/example_dags/example_datasets.py took 0.759 seconds
[2023-11-20T21:19:04.191+0500] {processor.py:157} INFO - Started process (PID=31766) to work on /usr/local/lib/python3.10/dist-packages/airflow/example_dags/example_datasets.py
[2023-11-20T21:19:04.194+0500] {processor.py:829} INFO - Processing file /usr/local/lib/python3.10/dist-packages/airflow/example_dags/example_datasets.py for tasks to queue
[2023-11-20T21:19:04.198+0500] {logging_mixin.py:154} INFO - [2023-11-20T21:19:04.197+0500] {dagbag.py:536} INFO - Filling up the DagBag from /usr/local/lib/python3.10/dist-packages/airflow/example_dags/example_datasets.py
[2023-11-20T21:19:04.247+0500] {processor.py:839} INFO - DAG(s) dict_keys(['dataset_consumes_unknown_never_scheduled', 'dataset_consumes_1', 'dataset_consumes_1_and_2', 'dataset_produces_2', 'dataset_produces_1', 'dataset_consumes_1_never_scheduled']) retrieved from /usr/local/lib/python3.10/dist-packages/airflow/example_dags/example_datasets.py
[2023-11-20T21:19:04.443+0500] {logging_mixin.py:154} INFO - [2023-11-20T21:19:04.442+0500] {dag.py:2941} INFO - Sync 6 DAGs
[2023-11-20T21:19:04.558+0500] {logging_mixin.py:154} INFO - [2023-11-20T21:19:04.558+0500] {dag.py:3722} INFO - Setting next_dagrun for dataset_consumes_1 to None, run_after=None
[2023-11-20T21:19:04.573+0500] {logging_mixin.py:154} INFO - [2023-11-20T21:19:04.573+0500] {dag.py:3722} INFO - Setting next_dagrun for dataset_consumes_1_and_2 to None, run_after=None
[2023-11-20T21:19:04.586+0500] {logging_mixin.py:154} INFO - [2023-11-20T21:19:04.585+0500] {dag.py:3722} INFO - Setting next_dagrun for dataset_consumes_1_never_scheduled to None, run_after=None
[2023-11-20T21:19:04.592+0500] {logging_mixin.py:154} INFO - [2023-11-20T21:19:04.591+0500] {dag.py:3722} INFO - Setting next_dagrun for dataset_consumes_unknown_never_scheduled to None, run_after=None
[2023-11-20T21:19:04.623+0500] {logging_mixin.py:154} INFO - [2023-11-20T21:19:04.622+0500] {dag.py:3722} INFO - Setting next_dagrun for dataset_produces_1 to 2023-11-19T00:00:00+00:00, run_after=2023-11-20T00:00:00+00:00
[2023-11-20T21:19:04.651+0500] {logging_mixin.py:154} INFO - [2023-11-20T21:19:04.650+0500] {dag.py:3722} INFO - Setting next_dagrun for dataset_produces_2 to None, run_after=None
[2023-11-20T21:19:04.825+0500] {processor.py:179} INFO - Processing /usr/local/lib/python3.10/dist-packages/airflow/example_dags/example_datasets.py took 0.648 seconds
[2023-11-20T21:19:35.235+0500] {processor.py:157} INFO - Started process (PID=31930) to work on /usr/local/lib/python3.10/dist-packages/airflow/example_dags/example_datasets.py
[2023-11-20T21:19:35.238+0500] {processor.py:829} INFO - Processing file /usr/local/lib/python3.10/dist-packages/airflow/example_dags/example_datasets.py for tasks to queue
[2023-11-20T21:19:35.241+0500] {logging_mixin.py:154} INFO - [2023-11-20T21:19:35.240+0500] {dagbag.py:536} INFO - Filling up the DagBag from /usr/local/lib/python3.10/dist-packages/airflow/example_dags/example_datasets.py
[2023-11-20T21:19:35.281+0500] {processor.py:839} INFO - DAG(s) dict_keys(['dataset_consumes_1', 'dataset_consumes_unknown_never_scheduled', 'dataset_consumes_1_and_2', 'dataset_produces_2', 'dataset_produces_1', 'dataset_consumes_1_never_scheduled']) retrieved from /usr/local/lib/python3.10/dist-packages/airflow/example_dags/example_datasets.py
[2023-11-20T21:19:35.483+0500] {logging_mixin.py:154} INFO - [2023-11-20T21:19:35.483+0500] {dag.py:2941} INFO - Sync 6 DAGs
[2023-11-20T21:19:35.599+0500] {logging_mixin.py:154} INFO - [2023-11-20T21:19:35.598+0500] {dag.py:3722} INFO - Setting next_dagrun for dataset_consumes_1 to None, run_after=None
[2023-11-20T21:19:35.617+0500] {logging_mixin.py:154} INFO - [2023-11-20T21:19:35.616+0500] {dag.py:3722} INFO - Setting next_dagrun for dataset_consumes_1_and_2 to None, run_after=None
[2023-11-20T21:19:35.623+0500] {logging_mixin.py:154} INFO - [2023-11-20T21:19:35.623+0500] {dag.py:3722} INFO - Setting next_dagrun for dataset_consumes_1_never_scheduled to None, run_after=None
[2023-11-20T21:19:35.629+0500] {logging_mixin.py:154} INFO - [2023-11-20T21:19:35.629+0500] {dag.py:3722} INFO - Setting next_dagrun for dataset_consumes_unknown_never_scheduled to None, run_after=None
[2023-11-20T21:19:35.647+0500] {logging_mixin.py:154} INFO - [2023-11-20T21:19:35.646+0500] {dag.py:3722} INFO - Setting next_dagrun for dataset_produces_1 to 2023-11-19T00:00:00+00:00, run_after=2023-11-20T00:00:00+00:00
[2023-11-20T21:19:35.652+0500] {logging_mixin.py:154} INFO - [2023-11-20T21:19:35.652+0500] {dag.py:3722} INFO - Setting next_dagrun for dataset_produces_2 to None, run_after=None
[2023-11-20T21:19:35.826+0500] {processor.py:179} INFO - Processing /usr/local/lib/python3.10/dist-packages/airflow/example_dags/example_datasets.py took 0.603 seconds
[2023-11-20T21:20:08.609+0500] {processor.py:157} INFO - Started process (PID=32459) to work on /usr/local/lib/python3.10/dist-packages/airflow/example_dags/example_datasets.py
[2023-11-20T21:20:08.612+0500] {processor.py:829} INFO - Processing file /usr/local/lib/python3.10/dist-packages/airflow/example_dags/example_datasets.py for tasks to queue
[2023-11-20T21:20:08.615+0500] {logging_mixin.py:154} INFO - [2023-11-20T21:20:08.614+0500] {dagbag.py:536} INFO - Filling up the DagBag from /usr/local/lib/python3.10/dist-packages/airflow/example_dags/example_datasets.py
[2023-11-20T21:20:08.655+0500] {processor.py:839} INFO - DAG(s) dict_keys(['dataset_consumes_1', 'dataset_consumes_1_and_2', 'dataset_produces_2', 'dataset_consumes_unknown_never_scheduled', 'dataset_consumes_1_never_scheduled', 'dataset_produces_1']) retrieved from /usr/local/lib/python3.10/dist-packages/airflow/example_dags/example_datasets.py
[2023-11-20T21:20:08.841+0500] {logging_mixin.py:154} INFO - [2023-11-20T21:20:08.840+0500] {dag.py:2941} INFO - Sync 6 DAGs
[2023-11-20T21:20:08.956+0500] {logging_mixin.py:154} INFO - [2023-11-20T21:20:08.955+0500] {dag.py:3722} INFO - Setting next_dagrun for dataset_consumes_1 to None, run_after=None
[2023-11-20T21:20:08.972+0500] {logging_mixin.py:154} INFO - [2023-11-20T21:20:08.971+0500] {dag.py:3722} INFO - Setting next_dagrun for dataset_consumes_1_and_2 to None, run_after=None
[2023-11-20T21:20:08.977+0500] {logging_mixin.py:154} INFO - [2023-11-20T21:20:08.977+0500] {dag.py:3722} INFO - Setting next_dagrun for dataset_consumes_1_never_scheduled to None, run_after=None
[2023-11-20T21:20:08.983+0500] {logging_mixin.py:154} INFO - [2023-11-20T21:20:08.982+0500] {dag.py:3722} INFO - Setting next_dagrun for dataset_consumes_unknown_never_scheduled to None, run_after=None
[2023-11-20T21:20:09.001+0500] {logging_mixin.py:154} INFO - [2023-11-20T21:20:09.000+0500] {dag.py:3722} INFO - Setting next_dagrun for dataset_produces_1 to 2023-11-19T00:00:00+00:00, run_after=2023-11-20T00:00:00+00:00
[2023-11-20T21:20:09.006+0500] {logging_mixin.py:154} INFO - [2023-11-20T21:20:09.006+0500] {dag.py:3722} INFO - Setting next_dagrun for dataset_produces_2 to None, run_after=None
[2023-11-20T21:20:09.157+0500] {processor.py:179} INFO - Processing /usr/local/lib/python3.10/dist-packages/airflow/example_dags/example_datasets.py took 0.561 seconds
[2023-11-20T21:20:40.935+0500] {processor.py:157} INFO - Started process (PID=32680) to work on /usr/local/lib/python3.10/dist-packages/airflow/example_dags/example_datasets.py
[2023-11-20T21:20:40.939+0500] {processor.py:829} INFO - Processing file /usr/local/lib/python3.10/dist-packages/airflow/example_dags/example_datasets.py for tasks to queue
[2023-11-20T21:20:40.942+0500] {logging_mixin.py:154} INFO - [2023-11-20T21:20:40.941+0500] {dagbag.py:536} INFO - Filling up the DagBag from /usr/local/lib/python3.10/dist-packages/airflow/example_dags/example_datasets.py
[2023-11-20T21:20:40.992+0500] {processor.py:839} INFO - DAG(s) dict_keys(['dataset_produces_2', 'dataset_consumes_1_never_scheduled', 'dataset_produces_1', 'dataset_consumes_unknown_never_scheduled', 'dataset_consumes_1_and_2', 'dataset_consumes_1']) retrieved from /usr/local/lib/python3.10/dist-packages/airflow/example_dags/example_datasets.py
[2023-11-20T21:20:41.224+0500] {logging_mixin.py:154} INFO - [2023-11-20T21:20:41.223+0500] {dag.py:2941} INFO - Sync 6 DAGs
[2023-11-20T21:20:41.366+0500] {logging_mixin.py:154} INFO - [2023-11-20T21:20:41.365+0500] {dag.py:3722} INFO - Setting next_dagrun for dataset_consumes_1 to None, run_after=None
[2023-11-20T21:20:41.382+0500] {logging_mixin.py:154} INFO - [2023-11-20T21:20:41.382+0500] {dag.py:3722} INFO - Setting next_dagrun for dataset_consumes_1_and_2 to None, run_after=None
[2023-11-20T21:20:41.388+0500] {logging_mixin.py:154} INFO - [2023-11-20T21:20:41.388+0500] {dag.py:3722} INFO - Setting next_dagrun for dataset_consumes_1_never_scheduled to None, run_after=None
[2023-11-20T21:20:41.394+0500] {logging_mixin.py:154} INFO - [2023-11-20T21:20:41.393+0500] {dag.py:3722} INFO - Setting next_dagrun for dataset_consumes_unknown_never_scheduled to None, run_after=None
[2023-11-20T21:20:41.418+0500] {logging_mixin.py:154} INFO - [2023-11-20T21:20:41.417+0500] {dag.py:3722} INFO - Setting next_dagrun for dataset_produces_1 to 2023-11-19T00:00:00+00:00, run_after=2023-11-20T00:00:00+00:00
[2023-11-20T21:20:41.427+0500] {logging_mixin.py:154} INFO - [2023-11-20T21:20:41.425+0500] {dag.py:3722} INFO - Setting next_dagrun for dataset_produces_2 to None, run_after=None
[2023-11-20T21:20:41.664+0500] {processor.py:179} INFO - Processing /usr/local/lib/python3.10/dist-packages/airflow/example_dags/example_datasets.py took 0.741 seconds
[2023-11-20T21:21:37.316+0500] {processor.py:157} INFO - Started process (PID=33004) to work on /usr/local/lib/python3.10/dist-packages/airflow/example_dags/example_datasets.py
[2023-11-20T21:21:37.319+0500] {processor.py:829} INFO - Processing file /usr/local/lib/python3.10/dist-packages/airflow/example_dags/example_datasets.py for tasks to queue
[2023-11-20T21:21:37.324+0500] {logging_mixin.py:154} INFO - [2023-11-20T21:21:37.322+0500] {dagbag.py:536} INFO - Filling up the DagBag from /usr/local/lib/python3.10/dist-packages/airflow/example_dags/example_datasets.py
[2023-11-20T21:21:37.374+0500] {processor.py:839} INFO - DAG(s) dict_keys(['dataset_consumes_1', 'dataset_consumes_unknown_never_scheduled', 'dataset_consumes_1_never_scheduled', 'dataset_produces_1', 'dataset_produces_2', 'dataset_consumes_1_and_2']) retrieved from /usr/local/lib/python3.10/dist-packages/airflow/example_dags/example_datasets.py
[2023-11-20T21:21:37.607+0500] {logging_mixin.py:154} INFO - [2023-11-20T21:21:37.605+0500] {dag.py:2941} INFO - Sync 6 DAGs
[2023-11-20T21:21:37.723+0500] {logging_mixin.py:154} INFO - [2023-11-20T21:21:37.722+0500] {dag.py:3722} INFO - Setting next_dagrun for dataset_consumes_1 to None, run_after=None
[2023-11-20T21:21:37.781+0500] {logging_mixin.py:154} INFO - [2023-11-20T21:21:37.779+0500] {dag.py:3722} INFO - Setting next_dagrun for dataset_consumes_1_and_2 to None, run_after=None
[2023-11-20T21:21:37.794+0500] {logging_mixin.py:154} INFO - [2023-11-20T21:21:37.793+0500] {dag.py:3722} INFO - Setting next_dagrun for dataset_consumes_1_never_scheduled to None, run_after=None
[2023-11-20T21:21:37.807+0500] {logging_mixin.py:154} INFO - [2023-11-20T21:21:37.804+0500] {dag.py:3722} INFO - Setting next_dagrun for dataset_consumes_unknown_never_scheduled to None, run_after=None
[2023-11-20T21:21:37.841+0500] {logging_mixin.py:154} INFO - [2023-11-20T21:21:37.840+0500] {dag.py:3722} INFO - Setting next_dagrun for dataset_produces_1 to 2023-11-19T00:00:00+00:00, run_after=2023-11-20T00:00:00+00:00
[2023-11-20T21:21:37.850+0500] {logging_mixin.py:154} INFO - [2023-11-20T21:21:37.849+0500] {dag.py:3722} INFO - Setting next_dagrun for dataset_produces_2 to None, run_after=None
[2023-11-20T21:21:38.133+0500] {processor.py:179} INFO - Processing /usr/local/lib/python3.10/dist-packages/airflow/example_dags/example_datasets.py took 0.830 seconds
[2023-11-20T21:22:13.407+0500] {processor.py:157} INFO - Started process (PID=33156) to work on /usr/local/lib/python3.10/dist-packages/airflow/example_dags/example_datasets.py
[2023-11-20T21:22:13.415+0500] {processor.py:829} INFO - Processing file /usr/local/lib/python3.10/dist-packages/airflow/example_dags/example_datasets.py for tasks to queue
[2023-11-20T21:22:13.419+0500] {logging_mixin.py:154} INFO - [2023-11-20T21:22:13.418+0500] {dagbag.py:536} INFO - Filling up the DagBag from /usr/local/lib/python3.10/dist-packages/airflow/example_dags/example_datasets.py
[2023-11-20T21:22:13.504+0500] {processor.py:839} INFO - DAG(s) dict_keys(['dataset_consumes_1', 'dataset_consumes_unknown_never_scheduled', 'dataset_produces_2', 'dataset_produces_1', 'dataset_consumes_1_and_2', 'dataset_consumes_1_never_scheduled']) retrieved from /usr/local/lib/python3.10/dist-packages/airflow/example_dags/example_datasets.py
[2023-11-20T21:22:13.734+0500] {logging_mixin.py:154} INFO - [2023-11-20T21:22:13.733+0500] {dag.py:2941} INFO - Sync 6 DAGs
[2023-11-20T21:22:13.874+0500] {logging_mixin.py:154} INFO - [2023-11-20T21:22:13.873+0500] {dag.py:3722} INFO - Setting next_dagrun for dataset_consumes_1 to None, run_after=None
[2023-11-20T21:22:13.900+0500] {logging_mixin.py:154} INFO - [2023-11-20T21:22:13.900+0500] {dag.py:3722} INFO - Setting next_dagrun for dataset_consumes_1_and_2 to None, run_after=None
[2023-11-20T21:22:13.914+0500] {logging_mixin.py:154} INFO - [2023-11-20T21:22:13.911+0500] {dag.py:3722} INFO - Setting next_dagrun for dataset_consumes_1_never_scheduled to None, run_after=None
[2023-11-20T21:22:13.926+0500] {logging_mixin.py:154} INFO - [2023-11-20T21:22:13.926+0500] {dag.py:3722} INFO - Setting next_dagrun for dataset_consumes_unknown_never_scheduled to None, run_after=None
[2023-11-20T21:22:13.948+0500] {logging_mixin.py:154} INFO - [2023-11-20T21:22:13.946+0500] {dag.py:3722} INFO - Setting next_dagrun for dataset_produces_1 to 2023-11-19T00:00:00+00:00, run_after=2023-11-20T00:00:00+00:00
[2023-11-20T21:22:13.954+0500] {logging_mixin.py:154} INFO - [2023-11-20T21:22:13.953+0500] {dag.py:3722} INFO - Setting next_dagrun for dataset_produces_2 to None, run_after=None
[2023-11-20T21:22:14.144+0500] {processor.py:179} INFO - Processing /usr/local/lib/python3.10/dist-packages/airflow/example_dags/example_datasets.py took 0.766 seconds
[2023-11-20T21:22:45.726+0500] {processor.py:157} INFO - Started process (PID=33264) to work on /usr/local/lib/python3.10/dist-packages/airflow/example_dags/example_datasets.py
[2023-11-20T21:22:45.729+0500] {processor.py:829} INFO - Processing file /usr/local/lib/python3.10/dist-packages/airflow/example_dags/example_datasets.py for tasks to queue
[2023-11-20T21:22:45.732+0500] {logging_mixin.py:154} INFO - [2023-11-20T21:22:45.731+0500] {dagbag.py:536} INFO - Filling up the DagBag from /usr/local/lib/python3.10/dist-packages/airflow/example_dags/example_datasets.py
[2023-11-20T21:22:45.774+0500] {processor.py:839} INFO - DAG(s) dict_keys(['dataset_consumes_unknown_never_scheduled', 'dataset_consumes_1', 'dataset_consumes_1_and_2', 'dataset_produces_1', 'dataset_produces_2', 'dataset_consumes_1_never_scheduled']) retrieved from /usr/local/lib/python3.10/dist-packages/airflow/example_dags/example_datasets.py
[2023-11-20T21:22:45.965+0500] {logging_mixin.py:154} INFO - [2023-11-20T21:22:45.964+0500] {dag.py:2941} INFO - Sync 6 DAGs
[2023-11-20T21:22:46.110+0500] {logging_mixin.py:154} INFO - [2023-11-20T21:22:46.107+0500] {dag.py:3722} INFO - Setting next_dagrun for dataset_consumes_1 to None, run_after=None
[2023-11-20T21:22:46.180+0500] {logging_mixin.py:154} INFO - [2023-11-20T21:22:46.179+0500] {dag.py:3722} INFO - Setting next_dagrun for dataset_consumes_1_and_2 to None, run_after=None
[2023-11-20T21:22:46.187+0500] {logging_mixin.py:154} INFO - [2023-11-20T21:22:46.186+0500] {dag.py:3722} INFO - Setting next_dagrun for dataset_consumes_1_never_scheduled to None, run_after=None
[2023-11-20T21:22:46.207+0500] {logging_mixin.py:154} INFO - [2023-11-20T21:22:46.205+0500] {dag.py:3722} INFO - Setting next_dagrun for dataset_consumes_unknown_never_scheduled to None, run_after=None
[2023-11-20T21:22:46.224+0500] {logging_mixin.py:154} INFO - [2023-11-20T21:22:46.223+0500] {dag.py:3722} INFO - Setting next_dagrun for dataset_produces_1 to 2023-11-19T00:00:00+00:00, run_after=2023-11-20T00:00:00+00:00
[2023-11-20T21:22:46.230+0500] {logging_mixin.py:154} INFO - [2023-11-20T21:22:46.229+0500] {dag.py:3722} INFO - Setting next_dagrun for dataset_produces_2 to None, run_after=None
[2023-11-20T21:22:46.474+0500] {processor.py:179} INFO - Processing /usr/local/lib/python3.10/dist-packages/airflow/example_dags/example_datasets.py took 0.762 seconds
[2023-11-20T21:23:17.113+0500] {processor.py:157} INFO - Started process (PID=33441) to work on /usr/local/lib/python3.10/dist-packages/airflow/example_dags/example_datasets.py
[2023-11-20T21:23:17.116+0500] {processor.py:829} INFO - Processing file /usr/local/lib/python3.10/dist-packages/airflow/example_dags/example_datasets.py for tasks to queue
[2023-11-20T21:23:17.121+0500] {logging_mixin.py:154} INFO - [2023-11-20T21:23:17.118+0500] {dagbag.py:536} INFO - Filling up the DagBag from /usr/local/lib/python3.10/dist-packages/airflow/example_dags/example_datasets.py
[2023-11-20T21:23:17.182+0500] {processor.py:839} INFO - DAG(s) dict_keys(['dataset_produces_1', 'dataset_consumes_unknown_never_scheduled', 'dataset_consumes_1', 'dataset_consumes_1_never_scheduled', 'dataset_produces_2', 'dataset_consumes_1_and_2']) retrieved from /usr/local/lib/python3.10/dist-packages/airflow/example_dags/example_datasets.py
[2023-11-20T21:23:17.369+0500] {logging_mixin.py:154} INFO - [2023-11-20T21:23:17.368+0500] {dag.py:2941} INFO - Sync 6 DAGs
[2023-11-20T21:23:17.490+0500] {logging_mixin.py:154} INFO - [2023-11-20T21:23:17.489+0500] {dag.py:3722} INFO - Setting next_dagrun for dataset_consumes_1 to None, run_after=None
[2023-11-20T21:23:17.507+0500] {logging_mixin.py:154} INFO - [2023-11-20T21:23:17.506+0500] {dag.py:3722} INFO - Setting next_dagrun for dataset_consumes_1_and_2 to None, run_after=None
[2023-11-20T21:23:17.513+0500] {logging_mixin.py:154} INFO - [2023-11-20T21:23:17.512+0500] {dag.py:3722} INFO - Setting next_dagrun for dataset_consumes_1_never_scheduled to None, run_after=None
[2023-11-20T21:23:17.520+0500] {logging_mixin.py:154} INFO - [2023-11-20T21:23:17.519+0500] {dag.py:3722} INFO - Setting next_dagrun for dataset_consumes_unknown_never_scheduled to None, run_after=None
[2023-11-20T21:23:17.541+0500] {logging_mixin.py:154} INFO - [2023-11-20T21:23:17.540+0500] {dag.py:3722} INFO - Setting next_dagrun for dataset_produces_1 to 2023-11-19T00:00:00+00:00, run_after=2023-11-20T00:00:00+00:00
[2023-11-20T21:23:17.548+0500] {logging_mixin.py:154} INFO - [2023-11-20T21:23:17.547+0500] {dag.py:3722} INFO - Setting next_dagrun for dataset_produces_2 to None, run_after=None
[2023-11-20T21:23:17.716+0500] {processor.py:179} INFO - Processing /usr/local/lib/python3.10/dist-packages/airflow/example_dags/example_datasets.py took 0.621 seconds
[2023-11-20T21:23:48.024+0500] {processor.py:157} INFO - Started process (PID=33550) to work on /usr/local/lib/python3.10/dist-packages/airflow/example_dags/example_datasets.py
[2023-11-20T21:23:48.028+0500] {processor.py:829} INFO - Processing file /usr/local/lib/python3.10/dist-packages/airflow/example_dags/example_datasets.py for tasks to queue
[2023-11-20T21:23:48.036+0500] {logging_mixin.py:154} INFO - [2023-11-20T21:23:48.031+0500] {dagbag.py:536} INFO - Filling up the DagBag from /usr/local/lib/python3.10/dist-packages/airflow/example_dags/example_datasets.py
[2023-11-20T21:23:48.128+0500] {processor.py:839} INFO - DAG(s) dict_keys(['dataset_consumes_1_never_scheduled', 'dataset_consumes_1', 'dataset_produces_1', 'dataset_produces_2', 'dataset_consumes_unknown_never_scheduled', 'dataset_consumes_1_and_2']) retrieved from /usr/local/lib/python3.10/dist-packages/airflow/example_dags/example_datasets.py
[2023-11-20T21:23:48.309+0500] {logging_mixin.py:154} INFO - [2023-11-20T21:23:48.308+0500] {dag.py:2941} INFO - Sync 6 DAGs
[2023-11-20T21:23:48.438+0500] {logging_mixin.py:154} INFO - [2023-11-20T21:23:48.437+0500] {dag.py:3722} INFO - Setting next_dagrun for dataset_consumes_1 to None, run_after=None
[2023-11-20T21:23:48.479+0500] {logging_mixin.py:154} INFO - [2023-11-20T21:23:48.478+0500] {dag.py:3722} INFO - Setting next_dagrun for dataset_consumes_1_and_2 to None, run_after=None
[2023-11-20T21:23:48.485+0500] {logging_mixin.py:154} INFO - [2023-11-20T21:23:48.484+0500] {dag.py:3722} INFO - Setting next_dagrun for dataset_consumes_1_never_scheduled to None, run_after=None
[2023-11-20T21:23:48.491+0500] {logging_mixin.py:154} INFO - [2023-11-20T21:23:48.491+0500] {dag.py:3722} INFO - Setting next_dagrun for dataset_consumes_unknown_never_scheduled to None, run_after=None
[2023-11-20T21:23:48.512+0500] {logging_mixin.py:154} INFO - [2023-11-20T21:23:48.509+0500] {dag.py:3722} INFO - Setting next_dagrun for dataset_produces_1 to 2023-11-19T00:00:00+00:00, run_after=2023-11-20T00:00:00+00:00
[2023-11-20T21:23:48.520+0500] {logging_mixin.py:154} INFO - [2023-11-20T21:23:48.520+0500] {dag.py:3722} INFO - Setting next_dagrun for dataset_produces_2 to None, run_after=None
[2023-11-20T21:23:48.818+0500] {processor.py:179} INFO - Processing /usr/local/lib/python3.10/dist-packages/airflow/example_dags/example_datasets.py took 0.806 seconds
[2023-11-20T21:24:35.467+0500] {processor.py:157} INFO - Started process (PID=33685) to work on /usr/local/lib/python3.10/dist-packages/airflow/example_dags/example_datasets.py
[2023-11-20T21:24:35.508+0500] {processor.py:829} INFO - Processing file /usr/local/lib/python3.10/dist-packages/airflow/example_dags/example_datasets.py for tasks to queue
[2023-11-20T21:24:35.514+0500] {logging_mixin.py:154} INFO - [2023-11-20T21:24:35.513+0500] {dagbag.py:536} INFO - Filling up the DagBag from /usr/local/lib/python3.10/dist-packages/airflow/example_dags/example_datasets.py
[2023-11-20T21:24:35.629+0500] {processor.py:839} INFO - DAG(s) dict_keys(['dataset_produces_2', 'dataset_consumes_1', 'dataset_consumes_1_and_2', 'dataset_consumes_unknown_never_scheduled', 'dataset_produces_1', 'dataset_consumes_1_never_scheduled']) retrieved from /usr/local/lib/python3.10/dist-packages/airflow/example_dags/example_datasets.py
[2023-11-20T21:24:36.348+0500] {logging_mixin.py:154} INFO - [2023-11-20T21:24:36.347+0500] {dag.py:2941} INFO - Sync 6 DAGs
[2023-11-20T21:24:36.630+0500] {logging_mixin.py:154} INFO - [2023-11-20T21:24:36.629+0500] {dag.py:3722} INFO - Setting next_dagrun for dataset_consumes_1 to None, run_after=None
[2023-11-20T21:24:36.672+0500] {logging_mixin.py:154} INFO - [2023-11-20T21:24:36.671+0500] {dag.py:3722} INFO - Setting next_dagrun for dataset_consumes_1_and_2 to None, run_after=None
[2023-11-20T21:24:36.698+0500] {logging_mixin.py:154} INFO - [2023-11-20T21:24:36.697+0500] {dag.py:3722} INFO - Setting next_dagrun for dataset_consumes_1_never_scheduled to None, run_after=None
[2023-11-20T21:24:36.725+0500] {logging_mixin.py:154} INFO - [2023-11-20T21:24:36.725+0500] {dag.py:3722} INFO - Setting next_dagrun for dataset_consumes_unknown_never_scheduled to None, run_after=None
[2023-11-20T21:24:36.852+0500] {logging_mixin.py:154} INFO - [2023-11-20T21:24:36.851+0500] {dag.py:3722} INFO - Setting next_dagrun for dataset_produces_1 to 2023-11-19T00:00:00+00:00, run_after=2023-11-20T00:00:00+00:00
[2023-11-20T21:24:36.867+0500] {logging_mixin.py:154} INFO - [2023-11-20T21:24:36.866+0500] {dag.py:3722} INFO - Setting next_dagrun for dataset_produces_2 to None, run_after=None
[2023-11-20T21:24:37.484+0500] {processor.py:179} INFO - Processing /usr/local/lib/python3.10/dist-packages/airflow/example_dags/example_datasets.py took 2.070 seconds
[2023-11-20T21:25:19.756+0500] {processor.py:157} INFO - Started process (PID=33804) to work on /usr/local/lib/python3.10/dist-packages/airflow/example_dags/example_datasets.py
[2023-11-20T21:25:19.764+0500] {processor.py:829} INFO - Processing file /usr/local/lib/python3.10/dist-packages/airflow/example_dags/example_datasets.py for tasks to queue
[2023-11-20T21:25:19.768+0500] {logging_mixin.py:154} INFO - [2023-11-20T21:25:19.766+0500] {dagbag.py:536} INFO - Filling up the DagBag from /usr/local/lib/python3.10/dist-packages/airflow/example_dags/example_datasets.py
[2023-11-20T21:25:20.032+0500] {processor.py:839} INFO - DAG(s) dict_keys(['dataset_produces_1', 'dataset_consumes_1_and_2', 'dataset_consumes_1', 'dataset_consumes_1_never_scheduled', 'dataset_produces_2', 'dataset_consumes_unknown_never_scheduled']) retrieved from /usr/local/lib/python3.10/dist-packages/airflow/example_dags/example_datasets.py
[2023-11-20T21:25:20.312+0500] {logging_mixin.py:154} INFO - [2023-11-20T21:25:20.312+0500] {dag.py:2941} INFO - Sync 6 DAGs
[2023-11-20T21:25:20.480+0500] {logging_mixin.py:154} INFO - [2023-11-20T21:25:20.479+0500] {dag.py:3722} INFO - Setting next_dagrun for dataset_consumes_1 to None, run_after=None
[2023-11-20T21:25:20.514+0500] {logging_mixin.py:154} INFO - [2023-11-20T21:25:20.514+0500] {dag.py:3722} INFO - Setting next_dagrun for dataset_consumes_1_and_2 to None, run_after=None
[2023-11-20T21:25:20.545+0500] {logging_mixin.py:154} INFO - [2023-11-20T21:25:20.545+0500] {dag.py:3722} INFO - Setting next_dagrun for dataset_consumes_1_never_scheduled to None, run_after=None
[2023-11-20T21:25:20.562+0500] {logging_mixin.py:154} INFO - [2023-11-20T21:25:20.559+0500] {dag.py:3722} INFO - Setting next_dagrun for dataset_consumes_unknown_never_scheduled to None, run_after=None
[2023-11-20T21:25:20.599+0500] {logging_mixin.py:154} INFO - [2023-11-20T21:25:20.598+0500] {dag.py:3722} INFO - Setting next_dagrun for dataset_produces_1 to 2023-11-19T00:00:00+00:00, run_after=2023-11-20T00:00:00+00:00
[2023-11-20T21:25:20.615+0500] {logging_mixin.py:154} INFO - [2023-11-20T21:25:20.612+0500] {dag.py:3722} INFO - Setting next_dagrun for dataset_produces_2 to None, run_after=None
[2023-11-20T21:25:21.176+0500] {processor.py:179} INFO - Processing /usr/local/lib/python3.10/dist-packages/airflow/example_dags/example_datasets.py took 1.433 seconds
[2023-11-20T21:26:04.763+0500] {processor.py:157} INFO - Started process (PID=33967) to work on /usr/local/lib/python3.10/dist-packages/airflow/example_dags/example_datasets.py
[2023-11-20T21:26:04.772+0500] {processor.py:829} INFO - Processing file /usr/local/lib/python3.10/dist-packages/airflow/example_dags/example_datasets.py for tasks to queue
[2023-11-20T21:26:04.776+0500] {logging_mixin.py:154} INFO - [2023-11-20T21:26:04.774+0500] {dagbag.py:536} INFO - Filling up the DagBag from /usr/local/lib/python3.10/dist-packages/airflow/example_dags/example_datasets.py
[2023-11-20T21:26:04.828+0500] {processor.py:839} INFO - DAG(s) dict_keys(['dataset_consumes_unknown_never_scheduled', 'dataset_consumes_1', 'dataset_produces_2', 'dataset_produces_1', 'dataset_consumes_1_and_2', 'dataset_consumes_1_never_scheduled']) retrieved from /usr/local/lib/python3.10/dist-packages/airflow/example_dags/example_datasets.py
[2023-11-20T21:26:05.080+0500] {logging_mixin.py:154} INFO - [2023-11-20T21:26:05.079+0500] {dag.py:2941} INFO - Sync 6 DAGs
[2023-11-20T21:26:05.306+0500] {logging_mixin.py:154} INFO - [2023-11-20T21:26:05.306+0500] {dag.py:3722} INFO - Setting next_dagrun for dataset_consumes_1 to None, run_after=None
[2023-11-20T21:26:05.365+0500] {logging_mixin.py:154} INFO - [2023-11-20T21:26:05.364+0500] {dag.py:3722} INFO - Setting next_dagrun for dataset_consumes_1_and_2 to None, run_after=None
[2023-11-20T21:26:05.371+0500] {logging_mixin.py:154} INFO - [2023-11-20T21:26:05.371+0500] {dag.py:3722} INFO - Setting next_dagrun for dataset_consumes_1_never_scheduled to None, run_after=None
[2023-11-20T21:26:05.378+0500] {logging_mixin.py:154} INFO - [2023-11-20T21:26:05.377+0500] {dag.py:3722} INFO - Setting next_dagrun for dataset_consumes_unknown_never_scheduled to None, run_after=None
[2023-11-20T21:26:05.406+0500] {logging_mixin.py:154} INFO - [2023-11-20T21:26:05.405+0500] {dag.py:3722} INFO - Setting next_dagrun for dataset_produces_1 to 2023-11-19T00:00:00+00:00, run_after=2023-11-20T00:00:00+00:00
[2023-11-20T21:26:05.413+0500] {logging_mixin.py:154} INFO - [2023-11-20T21:26:05.412+0500] {dag.py:3722} INFO - Setting next_dagrun for dataset_produces_2 to None, run_after=None
[2023-11-20T21:26:05.582+0500] {processor.py:179} INFO - Processing /usr/local/lib/python3.10/dist-packages/airflow/example_dags/example_datasets.py took 0.832 seconds
[2023-11-20T21:26:46.735+0500] {processor.py:157} INFO - Started process (PID=34068) to work on /usr/local/lib/python3.10/dist-packages/airflow/example_dags/example_datasets.py
[2023-11-20T21:26:46.748+0500] {processor.py:829} INFO - Processing file /usr/local/lib/python3.10/dist-packages/airflow/example_dags/example_datasets.py for tasks to queue
[2023-11-20T21:26:46.752+0500] {logging_mixin.py:154} INFO - [2023-11-20T21:26:46.751+0500] {dagbag.py:536} INFO - Filling up the DagBag from /usr/local/lib/python3.10/dist-packages/airflow/example_dags/example_datasets.py
[2023-11-20T21:26:46.869+0500] {processor.py:839} INFO - DAG(s) dict_keys(['dataset_produces_1', 'dataset_consumes_unknown_never_scheduled', 'dataset_consumes_1', 'dataset_consumes_1_never_scheduled', 'dataset_produces_2', 'dataset_consumes_1_and_2']) retrieved from /usr/local/lib/python3.10/dist-packages/airflow/example_dags/example_datasets.py
[2023-11-20T21:26:47.258+0500] {logging_mixin.py:154} INFO - [2023-11-20T21:26:47.257+0500] {dag.py:2941} INFO - Sync 6 DAGs
[2023-11-20T21:26:47.392+0500] {logging_mixin.py:154} INFO - [2023-11-20T21:26:47.391+0500] {dag.py:3722} INFO - Setting next_dagrun for dataset_consumes_1 to None, run_after=None
[2023-11-20T21:26:47.415+0500] {logging_mixin.py:154} INFO - [2023-11-20T21:26:47.414+0500] {dag.py:3722} INFO - Setting next_dagrun for dataset_consumes_1_and_2 to None, run_after=None
[2023-11-20T21:26:47.422+0500] {logging_mixin.py:154} INFO - [2023-11-20T21:26:47.421+0500] {dag.py:3722} INFO - Setting next_dagrun for dataset_consumes_1_never_scheduled to None, run_after=None
[2023-11-20T21:26:47.428+0500] {logging_mixin.py:154} INFO - [2023-11-20T21:26:47.427+0500] {dag.py:3722} INFO - Setting next_dagrun for dataset_consumes_unknown_never_scheduled to None, run_after=None
[2023-11-20T21:26:47.517+0500] {logging_mixin.py:154} INFO - [2023-11-20T21:26:47.505+0500] {dag.py:3722} INFO - Setting next_dagrun for dataset_produces_1 to 2023-11-19T00:00:00+00:00, run_after=2023-11-20T00:00:00+00:00
[2023-11-20T21:26:47.532+0500] {logging_mixin.py:154} INFO - [2023-11-20T21:26:47.531+0500] {dag.py:3722} INFO - Setting next_dagrun for dataset_produces_2 to None, run_after=None
[2023-11-20T21:26:48.329+0500] {processor.py:179} INFO - Processing /usr/local/lib/python3.10/dist-packages/airflow/example_dags/example_datasets.py took 1.607 seconds
[2023-11-20T21:28:35.082+0500] {processor.py:157} INFO - Started process (PID=34326) to work on /usr/local/lib/python3.10/dist-packages/airflow/example_dags/example_datasets.py
[2023-11-20T21:28:35.087+0500] {processor.py:829} INFO - Processing file /usr/local/lib/python3.10/dist-packages/airflow/example_dags/example_datasets.py for tasks to queue
[2023-11-20T21:28:35.090+0500] {logging_mixin.py:154} INFO - [2023-11-20T21:28:35.089+0500] {dagbag.py:536} INFO - Filling up the DagBag from /usr/local/lib/python3.10/dist-packages/airflow/example_dags/example_datasets.py
[2023-11-20T21:28:35.128+0500] {processor.py:839} INFO - DAG(s) dict_keys(['dataset_produces_2', 'dataset_consumes_1', 'dataset_consumes_unknown_never_scheduled', 'dataset_produces_1', 'dataset_consumes_1_and_2', 'dataset_consumes_1_never_scheduled']) retrieved from /usr/local/lib/python3.10/dist-packages/airflow/example_dags/example_datasets.py
[2023-11-20T21:28:35.316+0500] {logging_mixin.py:154} INFO - [2023-11-20T21:28:35.315+0500] {dag.py:2941} INFO - Sync 6 DAGs
[2023-11-20T21:28:35.434+0500] {logging_mixin.py:154} INFO - [2023-11-20T21:28:35.433+0500] {dag.py:3722} INFO - Setting next_dagrun for dataset_consumes_1 to None, run_after=None
[2023-11-20T21:28:35.451+0500] {logging_mixin.py:154} INFO - [2023-11-20T21:28:35.450+0500] {dag.py:3722} INFO - Setting next_dagrun for dataset_consumes_1_and_2 to None, run_after=None
[2023-11-20T21:28:35.457+0500] {logging_mixin.py:154} INFO - [2023-11-20T21:28:35.456+0500] {dag.py:3722} INFO - Setting next_dagrun for dataset_consumes_1_never_scheduled to None, run_after=None
[2023-11-20T21:28:35.462+0500] {logging_mixin.py:154} INFO - [2023-11-20T21:28:35.462+0500] {dag.py:3722} INFO - Setting next_dagrun for dataset_consumes_unknown_never_scheduled to None, run_after=None
[2023-11-20T21:28:35.480+0500] {logging_mixin.py:154} INFO - [2023-11-20T21:28:35.479+0500] {dag.py:3722} INFO - Setting next_dagrun for dataset_produces_1 to 2023-11-19T00:00:00+00:00, run_after=2023-11-20T00:00:00+00:00
[2023-11-20T21:28:35.485+0500] {logging_mixin.py:154} INFO - [2023-11-20T21:28:35.485+0500] {dag.py:3722} INFO - Setting next_dagrun for dataset_produces_2 to None, run_after=None
[2023-11-20T21:28:35.640+0500] {processor.py:179} INFO - Processing /usr/local/lib/python3.10/dist-packages/airflow/example_dags/example_datasets.py took 0.571 seconds
[2023-11-20T21:30:42.192+0500] {processor.py:157} INFO - Started process (PID=34535) to work on /usr/local/lib/python3.10/dist-packages/airflow/example_dags/example_datasets.py
[2023-11-20T21:30:42.196+0500] {processor.py:829} INFO - Processing file /usr/local/lib/python3.10/dist-packages/airflow/example_dags/example_datasets.py for tasks to queue
[2023-11-20T21:30:42.199+0500] {logging_mixin.py:154} INFO - [2023-11-20T21:30:42.198+0500] {dagbag.py:536} INFO - Filling up the DagBag from /usr/local/lib/python3.10/dist-packages/airflow/example_dags/example_datasets.py
[2023-11-20T21:30:42.243+0500] {processor.py:839} INFO - DAG(s) dict_keys(['dataset_produces_1', 'dataset_consumes_unknown_never_scheduled', 'dataset_consumes_1_and_2', 'dataset_consumes_1_never_scheduled', 'dataset_produces_2', 'dataset_consumes_1']) retrieved from /usr/local/lib/python3.10/dist-packages/airflow/example_dags/example_datasets.py
[2023-11-20T21:30:42.437+0500] {logging_mixin.py:154} INFO - [2023-11-20T21:30:42.436+0500] {dag.py:2941} INFO - Sync 6 DAGs
[2023-11-20T21:30:42.544+0500] {logging_mixin.py:154} INFO - [2023-11-20T21:30:42.543+0500] {dag.py:3722} INFO - Setting next_dagrun for dataset_consumes_1 to None, run_after=None
[2023-11-20T21:30:42.559+0500] {logging_mixin.py:154} INFO - [2023-11-20T21:30:42.558+0500] {dag.py:3722} INFO - Setting next_dagrun for dataset_consumes_1_and_2 to None, run_after=None
[2023-11-20T21:30:42.564+0500] {logging_mixin.py:154} INFO - [2023-11-20T21:30:42.564+0500] {dag.py:3722} INFO - Setting next_dagrun for dataset_consumes_1_never_scheduled to None, run_after=None
[2023-11-20T21:30:42.570+0500] {logging_mixin.py:154} INFO - [2023-11-20T21:30:42.569+0500] {dag.py:3722} INFO - Setting next_dagrun for dataset_consumes_unknown_never_scheduled to None, run_after=None
[2023-11-20T21:30:42.585+0500] {logging_mixin.py:154} INFO - [2023-11-20T21:30:42.584+0500] {dag.py:3722} INFO - Setting next_dagrun for dataset_produces_1 to 2023-11-19T00:00:00+00:00, run_after=2023-11-20T00:00:00+00:00
[2023-11-20T21:30:42.590+0500] {logging_mixin.py:154} INFO - [2023-11-20T21:30:42.590+0500] {dag.py:3722} INFO - Setting next_dagrun for dataset_produces_2 to None, run_after=None
[2023-11-20T21:30:42.732+0500] {processor.py:179} INFO - Processing /usr/local/lib/python3.10/dist-packages/airflow/example_dags/example_datasets.py took 0.551 seconds
