[2023-11-22T15:27:08.186+0500] {processor.py:157} INFO - Started process (PID=9901) to work on /usr/local/lib/python3.10/dist-packages/airflow/example_dags/plugins/event_listener.py
[2023-11-22T15:27:08.188+0500] {processor.py:829} INFO - Processing file /usr/local/lib/python3.10/dist-packages/airflow/example_dags/plugins/event_listener.py for tasks to queue
[2023-11-22T15:27:08.191+0500] {logging_mixin.py:154} INFO - [2023-11-22T15:27:08.190+0500] {dagbag.py:536} INFO - Filling up the DagBag from /usr/local/lib/python3.10/dist-packages/airflow/example_dags/plugins/event_listener.py
[2023-11-22T15:27:08.198+0500] {processor.py:841} WARNING - No viable dags retrieved from /usr/local/lib/python3.10/dist-packages/airflow/example_dags/plugins/event_listener.py
[2023-11-22T15:27:08.260+0500] {processor.py:179} INFO - Processing /usr/local/lib/python3.10/dist-packages/airflow/example_dags/plugins/event_listener.py took 0.084 seconds
[2023-11-22T15:27:39.027+0500] {processor.py:157} INFO - Started process (PID=10029) to work on /usr/local/lib/python3.10/dist-packages/airflow/example_dags/plugins/event_listener.py
[2023-11-22T15:27:39.031+0500] {processor.py:829} INFO - Processing file /usr/local/lib/python3.10/dist-packages/airflow/example_dags/plugins/event_listener.py for tasks to queue
[2023-11-22T15:27:39.034+0500] {logging_mixin.py:154} INFO - [2023-11-22T15:27:39.033+0500] {dagbag.py:536} INFO - Filling up the DagBag from /usr/local/lib/python3.10/dist-packages/airflow/example_dags/plugins/event_listener.py
[2023-11-22T15:27:39.043+0500] {processor.py:841} WARNING - No viable dags retrieved from /usr/local/lib/python3.10/dist-packages/airflow/example_dags/plugins/event_listener.py
[2023-11-22T15:27:39.119+0500] {processor.py:179} INFO - Processing /usr/local/lib/python3.10/dist-packages/airflow/example_dags/plugins/event_listener.py took 0.105 seconds
[2023-11-22T15:28:09.336+0500] {processor.py:157} INFO - Started process (PID=10141) to work on /usr/local/lib/python3.10/dist-packages/airflow/example_dags/plugins/event_listener.py
[2023-11-22T15:28:09.339+0500] {processor.py:829} INFO - Processing file /usr/local/lib/python3.10/dist-packages/airflow/example_dags/plugins/event_listener.py for tasks to queue
[2023-11-22T15:28:09.341+0500] {logging_mixin.py:154} INFO - [2023-11-22T15:28:09.340+0500] {dagbag.py:536} INFO - Filling up the DagBag from /usr/local/lib/python3.10/dist-packages/airflow/example_dags/plugins/event_listener.py
[2023-11-22T15:28:09.348+0500] {processor.py:841} WARNING - No viable dags retrieved from /usr/local/lib/python3.10/dist-packages/airflow/example_dags/plugins/event_listener.py
[2023-11-22T15:28:09.419+0500] {processor.py:179} INFO - Processing /usr/local/lib/python3.10/dist-packages/airflow/example_dags/plugins/event_listener.py took 0.094 seconds
[2023-11-22T15:28:39.525+0500] {processor.py:157} INFO - Started process (PID=10272) to work on /usr/local/lib/python3.10/dist-packages/airflow/example_dags/plugins/event_listener.py
[2023-11-22T15:28:39.528+0500] {processor.py:829} INFO - Processing file /usr/local/lib/python3.10/dist-packages/airflow/example_dags/plugins/event_listener.py for tasks to queue
[2023-11-22T15:28:39.531+0500] {logging_mixin.py:154} INFO - [2023-11-22T15:28:39.530+0500] {dagbag.py:536} INFO - Filling up the DagBag from /usr/local/lib/python3.10/dist-packages/airflow/example_dags/plugins/event_listener.py
[2023-11-22T15:28:39.538+0500] {processor.py:841} WARNING - No viable dags retrieved from /usr/local/lib/python3.10/dist-packages/airflow/example_dags/plugins/event_listener.py
[2023-11-22T15:28:39.610+0500] {processor.py:179} INFO - Processing /usr/local/lib/python3.10/dist-packages/airflow/example_dags/plugins/event_listener.py took 0.098 seconds
[2023-11-22T15:29:10.046+0500] {processor.py:157} INFO - Started process (PID=10392) to work on /usr/local/lib/python3.10/dist-packages/airflow/example_dags/plugins/event_listener.py
[2023-11-22T15:29:10.049+0500] {processor.py:829} INFO - Processing file /usr/local/lib/python3.10/dist-packages/airflow/example_dags/plugins/event_listener.py for tasks to queue
[2023-11-22T15:29:10.053+0500] {logging_mixin.py:154} INFO - [2023-11-22T15:29:10.052+0500] {dagbag.py:536} INFO - Filling up the DagBag from /usr/local/lib/python3.10/dist-packages/airflow/example_dags/plugins/event_listener.py
[2023-11-22T15:29:10.061+0500] {processor.py:841} WARNING - No viable dags retrieved from /usr/local/lib/python3.10/dist-packages/airflow/example_dags/plugins/event_listener.py
[2023-11-22T15:29:10.140+0500] {processor.py:179} INFO - Processing /usr/local/lib/python3.10/dist-packages/airflow/example_dags/plugins/event_listener.py took 0.110 seconds
[2023-11-22T15:29:40.839+0500] {processor.py:157} INFO - Started process (PID=10537) to work on /usr/local/lib/python3.10/dist-packages/airflow/example_dags/plugins/event_listener.py
[2023-11-22T15:29:40.844+0500] {processor.py:829} INFO - Processing file /usr/local/lib/python3.10/dist-packages/airflow/example_dags/plugins/event_listener.py for tasks to queue
[2023-11-22T15:29:40.847+0500] {logging_mixin.py:154} INFO - [2023-11-22T15:29:40.846+0500] {dagbag.py:536} INFO - Filling up the DagBag from /usr/local/lib/python3.10/dist-packages/airflow/example_dags/plugins/event_listener.py
[2023-11-22T15:29:40.855+0500] {processor.py:841} WARNING - No viable dags retrieved from /usr/local/lib/python3.10/dist-packages/airflow/example_dags/plugins/event_listener.py
[2023-11-22T15:29:40.934+0500] {processor.py:179} INFO - Processing /usr/local/lib/python3.10/dist-packages/airflow/example_dags/plugins/event_listener.py took 0.108 seconds
[2023-11-22T15:30:11.221+0500] {processor.py:157} INFO - Started process (PID=10927) to work on /usr/local/lib/python3.10/dist-packages/airflow/example_dags/plugins/event_listener.py
[2023-11-22T15:30:11.223+0500] {processor.py:829} INFO - Processing file /usr/local/lib/python3.10/dist-packages/airflow/example_dags/plugins/event_listener.py for tasks to queue
[2023-11-22T15:30:11.226+0500] {logging_mixin.py:154} INFO - [2023-11-22T15:30:11.225+0500] {dagbag.py:536} INFO - Filling up the DagBag from /usr/local/lib/python3.10/dist-packages/airflow/example_dags/plugins/event_listener.py
[2023-11-22T15:30:11.233+0500] {processor.py:841} WARNING - No viable dags retrieved from /usr/local/lib/python3.10/dist-packages/airflow/example_dags/plugins/event_listener.py
[2023-11-22T15:30:11.300+0500] {processor.py:179} INFO - Processing /usr/local/lib/python3.10/dist-packages/airflow/example_dags/plugins/event_listener.py took 0.092 seconds
[2023-11-22T15:30:41.852+0500] {processor.py:157} INFO - Started process (PID=11102) to work on /usr/local/lib/python3.10/dist-packages/airflow/example_dags/plugins/event_listener.py
[2023-11-22T15:30:41.857+0500] {processor.py:829} INFO - Processing file /usr/local/lib/python3.10/dist-packages/airflow/example_dags/plugins/event_listener.py for tasks to queue
[2023-11-22T15:30:41.861+0500] {logging_mixin.py:154} INFO - [2023-11-22T15:30:41.860+0500] {dagbag.py:536} INFO - Filling up the DagBag from /usr/local/lib/python3.10/dist-packages/airflow/example_dags/plugins/event_listener.py
[2023-11-22T15:30:41.880+0500] {processor.py:841} WARNING - No viable dags retrieved from /usr/local/lib/python3.10/dist-packages/airflow/example_dags/plugins/event_listener.py
[2023-11-22T15:30:42.019+0500] {processor.py:179} INFO - Processing /usr/local/lib/python3.10/dist-packages/airflow/example_dags/plugins/event_listener.py took 0.191 seconds
[2023-11-22T15:31:12.909+0500] {processor.py:157} INFO - Started process (PID=11275) to work on /usr/local/lib/python3.10/dist-packages/airflow/example_dags/plugins/event_listener.py
[2023-11-22T15:31:12.912+0500] {processor.py:829} INFO - Processing file /usr/local/lib/python3.10/dist-packages/airflow/example_dags/plugins/event_listener.py for tasks to queue
[2023-11-22T15:31:12.915+0500] {logging_mixin.py:154} INFO - [2023-11-22T15:31:12.914+0500] {dagbag.py:536} INFO - Filling up the DagBag from /usr/local/lib/python3.10/dist-packages/airflow/example_dags/plugins/event_listener.py
[2023-11-22T15:31:12.925+0500] {processor.py:841} WARNING - No viable dags retrieved from /usr/local/lib/python3.10/dist-packages/airflow/example_dags/plugins/event_listener.py
[2023-11-22T15:31:13.005+0500] {processor.py:179} INFO - Processing /usr/local/lib/python3.10/dist-packages/airflow/example_dags/plugins/event_listener.py took 0.120 seconds
[2023-11-22T15:31:43.265+0500] {processor.py:157} INFO - Started process (PID=11427) to work on /usr/local/lib/python3.10/dist-packages/airflow/example_dags/plugins/event_listener.py
[2023-11-22T15:31:43.273+0500] {processor.py:829} INFO - Processing file /usr/local/lib/python3.10/dist-packages/airflow/example_dags/plugins/event_listener.py for tasks to queue
[2023-11-22T15:31:43.282+0500] {logging_mixin.py:154} INFO - [2023-11-22T15:31:43.275+0500] {dagbag.py:536} INFO - Filling up the DagBag from /usr/local/lib/python3.10/dist-packages/airflow/example_dags/plugins/event_listener.py
[2023-11-22T15:31:43.291+0500] {processor.py:841} WARNING - No viable dags retrieved from /usr/local/lib/python3.10/dist-packages/airflow/example_dags/plugins/event_listener.py
[2023-11-22T15:31:43.369+0500] {processor.py:179} INFO - Processing /usr/local/lib/python3.10/dist-packages/airflow/example_dags/plugins/event_listener.py took 0.123 seconds
[2023-11-22T15:32:13.625+0500] {processor.py:157} INFO - Started process (PID=11589) to work on /usr/local/lib/python3.10/dist-packages/airflow/example_dags/plugins/event_listener.py
[2023-11-22T15:32:13.714+0500] {processor.py:829} INFO - Processing file /usr/local/lib/python3.10/dist-packages/airflow/example_dags/plugins/event_listener.py for tasks to queue
[2023-11-22T15:32:13.717+0500] {logging_mixin.py:154} INFO - [2023-11-22T15:32:13.716+0500] {dagbag.py:536} INFO - Filling up the DagBag from /usr/local/lib/python3.10/dist-packages/airflow/example_dags/plugins/event_listener.py
[2023-11-22T15:32:13.724+0500] {processor.py:841} WARNING - No viable dags retrieved from /usr/local/lib/python3.10/dist-packages/airflow/example_dags/plugins/event_listener.py
[2023-11-22T15:32:13.802+0500] {processor.py:179} INFO - Processing /usr/local/lib/python3.10/dist-packages/airflow/example_dags/plugins/event_listener.py took 0.193 seconds
[2023-11-22T15:32:44.807+0500] {processor.py:157} INFO - Started process (PID=11747) to work on /usr/local/lib/python3.10/dist-packages/airflow/example_dags/plugins/event_listener.py
[2023-11-22T15:32:44.810+0500] {processor.py:829} INFO - Processing file /usr/local/lib/python3.10/dist-packages/airflow/example_dags/plugins/event_listener.py for tasks to queue
[2023-11-22T15:32:44.813+0500] {logging_mixin.py:154} INFO - [2023-11-22T15:32:44.812+0500] {dagbag.py:536} INFO - Filling up the DagBag from /usr/local/lib/python3.10/dist-packages/airflow/example_dags/plugins/event_listener.py
[2023-11-22T15:32:44.821+0500] {processor.py:841} WARNING - No viable dags retrieved from /usr/local/lib/python3.10/dist-packages/airflow/example_dags/plugins/event_listener.py
[2023-11-22T15:32:44.891+0500] {processor.py:179} INFO - Processing /usr/local/lib/python3.10/dist-packages/airflow/example_dags/plugins/event_listener.py took 0.096 seconds
[2023-11-22T15:33:15.387+0500] {processor.py:157} INFO - Started process (PID=11880) to work on /usr/local/lib/python3.10/dist-packages/airflow/example_dags/plugins/event_listener.py
[2023-11-22T15:33:15.390+0500] {processor.py:829} INFO - Processing file /usr/local/lib/python3.10/dist-packages/airflow/example_dags/plugins/event_listener.py for tasks to queue
[2023-11-22T15:33:15.394+0500] {logging_mixin.py:154} INFO - [2023-11-22T15:33:15.393+0500] {dagbag.py:536} INFO - Filling up the DagBag from /usr/local/lib/python3.10/dist-packages/airflow/example_dags/plugins/event_listener.py
[2023-11-22T15:33:15.402+0500] {processor.py:841} WARNING - No viable dags retrieved from /usr/local/lib/python3.10/dist-packages/airflow/example_dags/plugins/event_listener.py
[2023-11-22T15:33:15.472+0500] {processor.py:179} INFO - Processing /usr/local/lib/python3.10/dist-packages/airflow/example_dags/plugins/event_listener.py took 0.108 seconds
[2023-11-22T15:33:46.230+0500] {processor.py:157} INFO - Started process (PID=12034) to work on /usr/local/lib/python3.10/dist-packages/airflow/example_dags/plugins/event_listener.py
[2023-11-22T15:33:46.233+0500] {processor.py:829} INFO - Processing file /usr/local/lib/python3.10/dist-packages/airflow/example_dags/plugins/event_listener.py for tasks to queue
[2023-11-22T15:33:46.236+0500] {logging_mixin.py:154} INFO - [2023-11-22T15:33:46.235+0500] {dagbag.py:536} INFO - Filling up the DagBag from /usr/local/lib/python3.10/dist-packages/airflow/example_dags/plugins/event_listener.py
[2023-11-22T15:33:46.245+0500] {processor.py:841} WARNING - No viable dags retrieved from /usr/local/lib/python3.10/dist-packages/airflow/example_dags/plugins/event_listener.py
[2023-11-22T15:33:46.333+0500] {processor.py:179} INFO - Processing /usr/local/lib/python3.10/dist-packages/airflow/example_dags/plugins/event_listener.py took 0.116 seconds
[2023-11-22T15:34:18.766+0500] {processor.py:157} INFO - Started process (PID=12181) to work on /usr/local/lib/python3.10/dist-packages/airflow/example_dags/plugins/event_listener.py
[2023-11-22T15:34:18.773+0500] {processor.py:829} INFO - Processing file /usr/local/lib/python3.10/dist-packages/airflow/example_dags/plugins/event_listener.py for tasks to queue
[2023-11-22T15:34:18.776+0500] {logging_mixin.py:154} INFO - [2023-11-22T15:34:18.775+0500] {dagbag.py:536} INFO - Filling up the DagBag from /usr/local/lib/python3.10/dist-packages/airflow/example_dags/plugins/event_listener.py
[2023-11-22T15:34:18.793+0500] {processor.py:841} WARNING - No viable dags retrieved from /usr/local/lib/python3.10/dist-packages/airflow/example_dags/plugins/event_listener.py
[2023-11-22T15:34:18.862+0500] {processor.py:179} INFO - Processing /usr/local/lib/python3.10/dist-packages/airflow/example_dags/plugins/event_listener.py took 0.110 seconds
[2023-11-22T15:34:50.583+0500] {processor.py:157} INFO - Started process (PID=12334) to work on /usr/local/lib/python3.10/dist-packages/airflow/example_dags/plugins/event_listener.py
[2023-11-22T15:34:50.588+0500] {processor.py:829} INFO - Processing file /usr/local/lib/python3.10/dist-packages/airflow/example_dags/plugins/event_listener.py for tasks to queue
[2023-11-22T15:34:50.593+0500] {logging_mixin.py:154} INFO - [2023-11-22T15:34:50.592+0500] {dagbag.py:536} INFO - Filling up the DagBag from /usr/local/lib/python3.10/dist-packages/airflow/example_dags/plugins/event_listener.py
[2023-11-22T15:34:50.603+0500] {processor.py:841} WARNING - No viable dags retrieved from /usr/local/lib/python3.10/dist-packages/airflow/example_dags/plugins/event_listener.py
[2023-11-22T15:34:50.721+0500] {processor.py:179} INFO - Processing /usr/local/lib/python3.10/dist-packages/airflow/example_dags/plugins/event_listener.py took 0.155 seconds
[2023-11-22T15:35:21.633+0500] {processor.py:157} INFO - Started process (PID=12911) to work on /usr/local/lib/python3.10/dist-packages/airflow/example_dags/plugins/event_listener.py
[2023-11-22T15:35:21.636+0500] {processor.py:829} INFO - Processing file /usr/local/lib/python3.10/dist-packages/airflow/example_dags/plugins/event_listener.py for tasks to queue
[2023-11-22T15:35:21.639+0500] {logging_mixin.py:154} INFO - [2023-11-22T15:35:21.638+0500] {dagbag.py:536} INFO - Filling up the DagBag from /usr/local/lib/python3.10/dist-packages/airflow/example_dags/plugins/event_listener.py
[2023-11-22T15:35:21.680+0500] {processor.py:841} WARNING - No viable dags retrieved from /usr/local/lib/python3.10/dist-packages/airflow/example_dags/plugins/event_listener.py
[2023-11-22T15:35:21.890+0500] {processor.py:179} INFO - Processing /usr/local/lib/python3.10/dist-packages/airflow/example_dags/plugins/event_listener.py took 0.273 seconds
[2023-11-22T15:40:02.867+0500] {processor.py:157} INFO - Started process (PID=13440) to work on /usr/local/lib/python3.10/dist-packages/airflow/example_dags/plugins/event_listener.py
[2023-11-22T15:40:02.875+0500] {processor.py:829} INFO - Processing file /usr/local/lib/python3.10/dist-packages/airflow/example_dags/plugins/event_listener.py for tasks to queue
[2023-11-22T15:40:02.878+0500] {logging_mixin.py:154} INFO - [2023-11-22T15:40:02.877+0500] {dagbag.py:536} INFO - Filling up the DagBag from /usr/local/lib/python3.10/dist-packages/airflow/example_dags/plugins/event_listener.py
[2023-11-22T15:40:02.892+0500] {processor.py:841} WARNING - No viable dags retrieved from /usr/local/lib/python3.10/dist-packages/airflow/example_dags/plugins/event_listener.py
[2023-11-22T15:40:02.960+0500] {processor.py:179} INFO - Processing /usr/local/lib/python3.10/dist-packages/airflow/example_dags/plugins/event_listener.py took 0.108 seconds
[2023-11-22T15:40:33.473+0500] {processor.py:157} INFO - Started process (PID=13577) to work on /usr/local/lib/python3.10/dist-packages/airflow/example_dags/plugins/event_listener.py
[2023-11-22T15:40:33.481+0500] {processor.py:829} INFO - Processing file /usr/local/lib/python3.10/dist-packages/airflow/example_dags/plugins/event_listener.py for tasks to queue
[2023-11-22T15:40:33.485+0500] {logging_mixin.py:154} INFO - [2023-11-22T15:40:33.483+0500] {dagbag.py:536} INFO - Filling up the DagBag from /usr/local/lib/python3.10/dist-packages/airflow/example_dags/plugins/event_listener.py
[2023-11-22T15:40:33.493+0500] {processor.py:841} WARNING - No viable dags retrieved from /usr/local/lib/python3.10/dist-packages/airflow/example_dags/plugins/event_listener.py
[2023-11-22T15:40:33.593+0500] {processor.py:179} INFO - Processing /usr/local/lib/python3.10/dist-packages/airflow/example_dags/plugins/event_listener.py took 0.136 seconds
[2023-11-22T15:41:04.167+0500] {processor.py:157} INFO - Started process (PID=13719) to work on /usr/local/lib/python3.10/dist-packages/airflow/example_dags/plugins/event_listener.py
[2023-11-22T15:41:04.169+0500] {processor.py:829} INFO - Processing file /usr/local/lib/python3.10/dist-packages/airflow/example_dags/plugins/event_listener.py for tasks to queue
[2023-11-22T15:41:04.173+0500] {logging_mixin.py:154} INFO - [2023-11-22T15:41:04.172+0500] {dagbag.py:536} INFO - Filling up the DagBag from /usr/local/lib/python3.10/dist-packages/airflow/example_dags/plugins/event_listener.py
[2023-11-22T15:41:04.180+0500] {processor.py:841} WARNING - No viable dags retrieved from /usr/local/lib/python3.10/dist-packages/airflow/example_dags/plugins/event_listener.py
[2023-11-22T15:41:04.255+0500] {processor.py:179} INFO - Processing /usr/local/lib/python3.10/dist-packages/airflow/example_dags/plugins/event_listener.py took 0.102 seconds
[2023-11-22T15:41:34.643+0500] {processor.py:157} INFO - Started process (PID=13859) to work on /usr/local/lib/python3.10/dist-packages/airflow/example_dags/plugins/event_listener.py
[2023-11-22T15:41:34.649+0500] {processor.py:829} INFO - Processing file /usr/local/lib/python3.10/dist-packages/airflow/example_dags/plugins/event_listener.py for tasks to queue
[2023-11-22T15:41:34.651+0500] {logging_mixin.py:154} INFO - [2023-11-22T15:41:34.650+0500] {dagbag.py:536} INFO - Filling up the DagBag from /usr/local/lib/python3.10/dist-packages/airflow/example_dags/plugins/event_listener.py
[2023-11-22T15:41:34.662+0500] {processor.py:841} WARNING - No viable dags retrieved from /usr/local/lib/python3.10/dist-packages/airflow/example_dags/plugins/event_listener.py
[2023-11-22T15:41:34.735+0500] {processor.py:179} INFO - Processing /usr/local/lib/python3.10/dist-packages/airflow/example_dags/plugins/event_listener.py took 0.108 seconds
[2023-11-22T15:42:05.453+0500] {processor.py:157} INFO - Started process (PID=14034) to work on /usr/local/lib/python3.10/dist-packages/airflow/example_dags/plugins/event_listener.py
[2023-11-22T15:42:05.455+0500] {processor.py:829} INFO - Processing file /usr/local/lib/python3.10/dist-packages/airflow/example_dags/plugins/event_listener.py for tasks to queue
[2023-11-22T15:42:05.459+0500] {logging_mixin.py:154} INFO - [2023-11-22T15:42:05.458+0500] {dagbag.py:536} INFO - Filling up the DagBag from /usr/local/lib/python3.10/dist-packages/airflow/example_dags/plugins/event_listener.py
[2023-11-22T15:42:05.466+0500] {processor.py:841} WARNING - No viable dags retrieved from /usr/local/lib/python3.10/dist-packages/airflow/example_dags/plugins/event_listener.py
[2023-11-22T15:42:05.536+0500] {processor.py:179} INFO - Processing /usr/local/lib/python3.10/dist-packages/airflow/example_dags/plugins/event_listener.py took 0.096 seconds
[2023-11-22T15:42:36.292+0500] {processor.py:157} INFO - Started process (PID=14191) to work on /usr/local/lib/python3.10/dist-packages/airflow/example_dags/plugins/event_listener.py
[2023-11-22T15:42:36.295+0500] {processor.py:829} INFO - Processing file /usr/local/lib/python3.10/dist-packages/airflow/example_dags/plugins/event_listener.py for tasks to queue
[2023-11-22T15:42:36.298+0500] {logging_mixin.py:154} INFO - [2023-11-22T15:42:36.297+0500] {dagbag.py:536} INFO - Filling up the DagBag from /usr/local/lib/python3.10/dist-packages/airflow/example_dags/plugins/event_listener.py
[2023-11-22T15:42:36.308+0500] {processor.py:841} WARNING - No viable dags retrieved from /usr/local/lib/python3.10/dist-packages/airflow/example_dags/plugins/event_listener.py
[2023-11-22T15:42:36.384+0500] {processor.py:179} INFO - Processing /usr/local/lib/python3.10/dist-packages/airflow/example_dags/plugins/event_listener.py took 0.106 seconds
[2023-11-22T15:43:06.530+0500] {processor.py:157} INFO - Started process (PID=14317) to work on /usr/local/lib/python3.10/dist-packages/airflow/example_dags/plugins/event_listener.py
[2023-11-22T15:43:06.536+0500] {processor.py:829} INFO - Processing file /usr/local/lib/python3.10/dist-packages/airflow/example_dags/plugins/event_listener.py for tasks to queue
[2023-11-22T15:43:06.541+0500] {logging_mixin.py:154} INFO - [2023-11-22T15:43:06.540+0500] {dagbag.py:536} INFO - Filling up the DagBag from /usr/local/lib/python3.10/dist-packages/airflow/example_dags/plugins/event_listener.py
[2023-11-22T15:43:06.549+0500] {processor.py:841} WARNING - No viable dags retrieved from /usr/local/lib/python3.10/dist-packages/airflow/example_dags/plugins/event_listener.py
[2023-11-22T15:43:06.617+0500] {processor.py:179} INFO - Processing /usr/local/lib/python3.10/dist-packages/airflow/example_dags/plugins/event_listener.py took 0.101 seconds
[2023-11-22T15:43:36.740+0500] {processor.py:157} INFO - Started process (PID=14452) to work on /usr/local/lib/python3.10/dist-packages/airflow/example_dags/plugins/event_listener.py
[2023-11-22T15:43:36.745+0500] {processor.py:829} INFO - Processing file /usr/local/lib/python3.10/dist-packages/airflow/example_dags/plugins/event_listener.py for tasks to queue
[2023-11-22T15:43:36.748+0500] {logging_mixin.py:154} INFO - [2023-11-22T15:43:36.747+0500] {dagbag.py:536} INFO - Filling up the DagBag from /usr/local/lib/python3.10/dist-packages/airflow/example_dags/plugins/event_listener.py
[2023-11-22T15:43:36.754+0500] {processor.py:841} WARNING - No viable dags retrieved from /usr/local/lib/python3.10/dist-packages/airflow/example_dags/plugins/event_listener.py
[2023-11-22T15:43:36.817+0500] {processor.py:179} INFO - Processing /usr/local/lib/python3.10/dist-packages/airflow/example_dags/plugins/event_listener.py took 0.092 seconds
[2023-11-22T15:44:06.922+0500] {processor.py:157} INFO - Started process (PID=14594) to work on /usr/local/lib/python3.10/dist-packages/airflow/example_dags/plugins/event_listener.py
[2023-11-22T15:44:06.927+0500] {processor.py:829} INFO - Processing file /usr/local/lib/python3.10/dist-packages/airflow/example_dags/plugins/event_listener.py for tasks to queue
[2023-11-22T15:44:06.931+0500] {logging_mixin.py:154} INFO - [2023-11-22T15:44:06.929+0500] {dagbag.py:536} INFO - Filling up the DagBag from /usr/local/lib/python3.10/dist-packages/airflow/example_dags/plugins/event_listener.py
[2023-11-22T15:44:06.937+0500] {processor.py:841} WARNING - No viable dags retrieved from /usr/local/lib/python3.10/dist-packages/airflow/example_dags/plugins/event_listener.py
[2023-11-22T15:44:07.008+0500] {processor.py:179} INFO - Processing /usr/local/lib/python3.10/dist-packages/airflow/example_dags/plugins/event_listener.py took 0.097 seconds
[2023-11-22T15:44:37.287+0500] {processor.py:157} INFO - Started process (PID=14749) to work on /usr/local/lib/python3.10/dist-packages/airflow/example_dags/plugins/event_listener.py
[2023-11-22T15:44:37.299+0500] {processor.py:829} INFO - Processing file /usr/local/lib/python3.10/dist-packages/airflow/example_dags/plugins/event_listener.py for tasks to queue
[2023-11-22T15:44:37.302+0500] {logging_mixin.py:154} INFO - [2023-11-22T15:44:37.301+0500] {dagbag.py:536} INFO - Filling up the DagBag from /usr/local/lib/python3.10/dist-packages/airflow/example_dags/plugins/event_listener.py
[2023-11-22T15:44:37.313+0500] {processor.py:841} WARNING - No viable dags retrieved from /usr/local/lib/python3.10/dist-packages/airflow/example_dags/plugins/event_listener.py
[2023-11-22T15:44:37.384+0500] {processor.py:179} INFO - Processing /usr/local/lib/python3.10/dist-packages/airflow/example_dags/plugins/event_listener.py took 0.112 seconds
[2023-11-22T15:45:07.572+0500] {processor.py:157} INFO - Started process (PID=14898) to work on /usr/local/lib/python3.10/dist-packages/airflow/example_dags/plugins/event_listener.py
[2023-11-22T15:45:07.574+0500] {processor.py:829} INFO - Processing file /usr/local/lib/python3.10/dist-packages/airflow/example_dags/plugins/event_listener.py for tasks to queue
[2023-11-22T15:45:07.577+0500] {logging_mixin.py:154} INFO - [2023-11-22T15:45:07.576+0500] {dagbag.py:536} INFO - Filling up the DagBag from /usr/local/lib/python3.10/dist-packages/airflow/example_dags/plugins/event_listener.py
[2023-11-22T15:45:07.587+0500] {processor.py:841} WARNING - No viable dags retrieved from /usr/local/lib/python3.10/dist-packages/airflow/example_dags/plugins/event_listener.py
[2023-11-22T15:45:07.657+0500] {processor.py:179} INFO - Processing /usr/local/lib/python3.10/dist-packages/airflow/example_dags/plugins/event_listener.py took 0.099 seconds
[2023-11-22T15:45:38.007+0500] {processor.py:157} INFO - Started process (PID=15051) to work on /usr/local/lib/python3.10/dist-packages/airflow/example_dags/plugins/event_listener.py
[2023-11-22T15:45:38.010+0500] {processor.py:829} INFO - Processing file /usr/local/lib/python3.10/dist-packages/airflow/example_dags/plugins/event_listener.py for tasks to queue
[2023-11-22T15:45:38.013+0500] {logging_mixin.py:154} INFO - [2023-11-22T15:45:38.012+0500] {dagbag.py:536} INFO - Filling up the DagBag from /usr/local/lib/python3.10/dist-packages/airflow/example_dags/plugins/event_listener.py
[2023-11-22T15:45:38.021+0500] {processor.py:841} WARNING - No viable dags retrieved from /usr/local/lib/python3.10/dist-packages/airflow/example_dags/plugins/event_listener.py
[2023-11-22T15:45:38.105+0500] {processor.py:179} INFO - Processing /usr/local/lib/python3.10/dist-packages/airflow/example_dags/plugins/event_listener.py took 0.114 seconds
[2023-11-22T15:46:09.781+0500] {processor.py:157} INFO - Started process (PID=15172) to work on /usr/local/lib/python3.10/dist-packages/airflow/example_dags/plugins/event_listener.py
[2023-11-22T15:46:09.785+0500] {processor.py:829} INFO - Processing file /usr/local/lib/python3.10/dist-packages/airflow/example_dags/plugins/event_listener.py for tasks to queue
[2023-11-22T15:46:09.789+0500] {logging_mixin.py:154} INFO - [2023-11-22T15:46:09.788+0500] {dagbag.py:536} INFO - Filling up the DagBag from /usr/local/lib/python3.10/dist-packages/airflow/example_dags/plugins/event_listener.py
[2023-11-22T15:46:09.797+0500] {processor.py:841} WARNING - No viable dags retrieved from /usr/local/lib/python3.10/dist-packages/airflow/example_dags/plugins/event_listener.py
[2023-11-22T15:46:09.905+0500] {processor.py:179} INFO - Processing /usr/local/lib/python3.10/dist-packages/airflow/example_dags/plugins/event_listener.py took 0.134 seconds
[2023-11-22T15:46:40.378+0500] {processor.py:157} INFO - Started process (PID=15315) to work on /usr/local/lib/python3.10/dist-packages/airflow/example_dags/plugins/event_listener.py
[2023-11-22T15:46:40.381+0500] {processor.py:829} INFO - Processing file /usr/local/lib/python3.10/dist-packages/airflow/example_dags/plugins/event_listener.py for tasks to queue
[2023-11-22T15:46:40.384+0500] {logging_mixin.py:154} INFO - [2023-11-22T15:46:40.383+0500] {dagbag.py:536} INFO - Filling up the DagBag from /usr/local/lib/python3.10/dist-packages/airflow/example_dags/plugins/event_listener.py
[2023-11-22T15:46:40.392+0500] {processor.py:841} WARNING - No viable dags retrieved from /usr/local/lib/python3.10/dist-packages/airflow/example_dags/plugins/event_listener.py
[2023-11-22T15:46:40.486+0500] {processor.py:179} INFO - Processing /usr/local/lib/python3.10/dist-packages/airflow/example_dags/plugins/event_listener.py took 0.122 seconds
[2023-11-22T15:47:10.947+0500] {processor.py:157} INFO - Started process (PID=15480) to work on /usr/local/lib/python3.10/dist-packages/airflow/example_dags/plugins/event_listener.py
[2023-11-22T15:47:10.949+0500] {processor.py:829} INFO - Processing file /usr/local/lib/python3.10/dist-packages/airflow/example_dags/plugins/event_listener.py for tasks to queue
[2023-11-22T15:47:10.953+0500] {logging_mixin.py:154} INFO - [2023-11-22T15:47:10.952+0500] {dagbag.py:536} INFO - Filling up the DagBag from /usr/local/lib/python3.10/dist-packages/airflow/example_dags/plugins/event_listener.py
[2023-11-22T15:47:10.961+0500] {processor.py:841} WARNING - No viable dags retrieved from /usr/local/lib/python3.10/dist-packages/airflow/example_dags/plugins/event_listener.py
[2023-11-22T15:47:11.032+0500] {processor.py:179} INFO - Processing /usr/local/lib/python3.10/dist-packages/airflow/example_dags/plugins/event_listener.py took 0.097 seconds
[2023-11-22T15:47:41.285+0500] {processor.py:157} INFO - Started process (PID=15625) to work on /usr/local/lib/python3.10/dist-packages/airflow/example_dags/plugins/event_listener.py
[2023-11-22T15:47:41.287+0500] {processor.py:829} INFO - Processing file /usr/local/lib/python3.10/dist-packages/airflow/example_dags/plugins/event_listener.py for tasks to queue
[2023-11-22T15:47:41.290+0500] {logging_mixin.py:154} INFO - [2023-11-22T15:47:41.289+0500] {dagbag.py:536} INFO - Filling up the DagBag from /usr/local/lib/python3.10/dist-packages/airflow/example_dags/plugins/event_listener.py
[2023-11-22T15:47:41.298+0500] {processor.py:841} WARNING - No viable dags retrieved from /usr/local/lib/python3.10/dist-packages/airflow/example_dags/plugins/event_listener.py
[2023-11-22T15:47:41.359+0500] {processor.py:179} INFO - Processing /usr/local/lib/python3.10/dist-packages/airflow/example_dags/plugins/event_listener.py took 0.088 seconds
[2023-11-22T15:48:11.530+0500] {processor.py:157} INFO - Started process (PID=15767) to work on /usr/local/lib/python3.10/dist-packages/airflow/example_dags/plugins/event_listener.py
[2023-11-22T15:48:11.533+0500] {processor.py:829} INFO - Processing file /usr/local/lib/python3.10/dist-packages/airflow/example_dags/plugins/event_listener.py for tasks to queue
[2023-11-22T15:48:11.536+0500] {logging_mixin.py:154} INFO - [2023-11-22T15:48:11.535+0500] {dagbag.py:536} INFO - Filling up the DagBag from /usr/local/lib/python3.10/dist-packages/airflow/example_dags/plugins/event_listener.py
[2023-11-22T15:48:11.543+0500] {processor.py:841} WARNING - No viable dags retrieved from /usr/local/lib/python3.10/dist-packages/airflow/example_dags/plugins/event_listener.py
[2023-11-22T15:48:11.612+0500] {processor.py:179} INFO - Processing /usr/local/lib/python3.10/dist-packages/airflow/example_dags/plugins/event_listener.py took 0.093 seconds
[2023-11-22T15:48:41.820+0500] {processor.py:157} INFO - Started process (PID=15889) to work on /usr/local/lib/python3.10/dist-packages/airflow/example_dags/plugins/event_listener.py
[2023-11-22T15:48:41.823+0500] {processor.py:829} INFO - Processing file /usr/local/lib/python3.10/dist-packages/airflow/example_dags/plugins/event_listener.py for tasks to queue
[2023-11-22T15:48:41.826+0500] {logging_mixin.py:154} INFO - [2023-11-22T15:48:41.825+0500] {dagbag.py:536} INFO - Filling up the DagBag from /usr/local/lib/python3.10/dist-packages/airflow/example_dags/plugins/event_listener.py
[2023-11-22T15:48:41.833+0500] {processor.py:841} WARNING - No viable dags retrieved from /usr/local/lib/python3.10/dist-packages/airflow/example_dags/plugins/event_listener.py
[2023-11-22T15:48:41.896+0500] {processor.py:179} INFO - Processing /usr/local/lib/python3.10/dist-packages/airflow/example_dags/plugins/event_listener.py took 0.087 seconds
[2023-11-22T15:49:12.039+0500] {processor.py:157} INFO - Started process (PID=16036) to work on /usr/local/lib/python3.10/dist-packages/airflow/example_dags/plugins/event_listener.py
[2023-11-22T15:49:12.042+0500] {processor.py:829} INFO - Processing file /usr/local/lib/python3.10/dist-packages/airflow/example_dags/plugins/event_listener.py for tasks to queue
[2023-11-22T15:49:12.045+0500] {logging_mixin.py:154} INFO - [2023-11-22T15:49:12.044+0500] {dagbag.py:536} INFO - Filling up the DagBag from /usr/local/lib/python3.10/dist-packages/airflow/example_dags/plugins/event_listener.py
[2023-11-22T15:49:12.053+0500] {processor.py:841} WARNING - No viable dags retrieved from /usr/local/lib/python3.10/dist-packages/airflow/example_dags/plugins/event_listener.py
[2023-11-22T15:49:12.127+0500] {processor.py:179} INFO - Processing /usr/local/lib/python3.10/dist-packages/airflow/example_dags/plugins/event_listener.py took 0.100 seconds
[2023-11-22T15:49:42.940+0500] {processor.py:157} INFO - Started process (PID=16147) to work on /usr/local/lib/python3.10/dist-packages/airflow/example_dags/plugins/event_listener.py
[2023-11-22T15:49:42.956+0500] {processor.py:829} INFO - Processing file /usr/local/lib/python3.10/dist-packages/airflow/example_dags/plugins/event_listener.py for tasks to queue
[2023-11-22T15:49:42.977+0500] {logging_mixin.py:154} INFO - [2023-11-22T15:49:42.958+0500] {dagbag.py:536} INFO - Filling up the DagBag from /usr/local/lib/python3.10/dist-packages/airflow/example_dags/plugins/event_listener.py
[2023-11-22T15:49:42.996+0500] {processor.py:841} WARNING - No viable dags retrieved from /usr/local/lib/python3.10/dist-packages/airflow/example_dags/plugins/event_listener.py
[2023-11-22T15:49:43.158+0500] {processor.py:179} INFO - Processing /usr/local/lib/python3.10/dist-packages/airflow/example_dags/plugins/event_listener.py took 0.235 seconds
[2023-11-22T15:50:13.315+0500] {processor.py:157} INFO - Started process (PID=16284) to work on /usr/local/lib/python3.10/dist-packages/airflow/example_dags/plugins/event_listener.py
[2023-11-22T15:50:13.319+0500] {processor.py:829} INFO - Processing file /usr/local/lib/python3.10/dist-packages/airflow/example_dags/plugins/event_listener.py for tasks to queue
[2023-11-22T15:50:13.321+0500] {logging_mixin.py:154} INFO - [2023-11-22T15:50:13.320+0500] {dagbag.py:536} INFO - Filling up the DagBag from /usr/local/lib/python3.10/dist-packages/airflow/example_dags/plugins/event_listener.py
[2023-11-22T15:50:13.331+0500] {processor.py:841} WARNING - No viable dags retrieved from /usr/local/lib/python3.10/dist-packages/airflow/example_dags/plugins/event_listener.py
[2023-11-22T15:50:13.403+0500] {processor.py:179} INFO - Processing /usr/local/lib/python3.10/dist-packages/airflow/example_dags/plugins/event_listener.py took 0.106 seconds
[2023-11-22T15:50:43.745+0500] {processor.py:157} INFO - Started process (PID=16431) to work on /usr/local/lib/python3.10/dist-packages/airflow/example_dags/plugins/event_listener.py
[2023-11-22T15:50:43.751+0500] {processor.py:829} INFO - Processing file /usr/local/lib/python3.10/dist-packages/airflow/example_dags/plugins/event_listener.py for tasks to queue
[2023-11-22T15:50:43.756+0500] {logging_mixin.py:154} INFO - [2023-11-22T15:50:43.755+0500] {dagbag.py:536} INFO - Filling up the DagBag from /usr/local/lib/python3.10/dist-packages/airflow/example_dags/plugins/event_listener.py
[2023-11-22T15:50:43.769+0500] {processor.py:841} WARNING - No viable dags retrieved from /usr/local/lib/python3.10/dist-packages/airflow/example_dags/plugins/event_listener.py
[2023-11-22T15:50:43.851+0500] {processor.py:179} INFO - Processing /usr/local/lib/python3.10/dist-packages/airflow/example_dags/plugins/event_listener.py took 0.129 seconds
[2023-11-22T15:51:14.082+0500] {processor.py:157} INFO - Started process (PID=16530) to work on /usr/local/lib/python3.10/dist-packages/airflow/example_dags/plugins/event_listener.py
[2023-11-22T15:51:14.086+0500] {processor.py:829} INFO - Processing file /usr/local/lib/python3.10/dist-packages/airflow/example_dags/plugins/event_listener.py for tasks to queue
[2023-11-22T15:51:14.089+0500] {logging_mixin.py:154} INFO - [2023-11-22T15:51:14.088+0500] {dagbag.py:536} INFO - Filling up the DagBag from /usr/local/lib/python3.10/dist-packages/airflow/example_dags/plugins/event_listener.py
[2023-11-22T15:51:14.098+0500] {processor.py:841} WARNING - No viable dags retrieved from /usr/local/lib/python3.10/dist-packages/airflow/example_dags/plugins/event_listener.py
[2023-11-22T15:51:14.190+0500] {processor.py:179} INFO - Processing /usr/local/lib/python3.10/dist-packages/airflow/example_dags/plugins/event_listener.py took 0.123 seconds
[2023-11-22T15:51:45.464+0500] {processor.py:157} INFO - Started process (PID=16683) to work on /usr/local/lib/python3.10/dist-packages/airflow/example_dags/plugins/event_listener.py
[2023-11-22T15:51:45.467+0500] {processor.py:829} INFO - Processing file /usr/local/lib/python3.10/dist-packages/airflow/example_dags/plugins/event_listener.py for tasks to queue
[2023-11-22T15:51:45.470+0500] {logging_mixin.py:154} INFO - [2023-11-22T15:51:45.469+0500] {dagbag.py:536} INFO - Filling up the DagBag from /usr/local/lib/python3.10/dist-packages/airflow/example_dags/plugins/event_listener.py
[2023-11-22T15:51:45.482+0500] {processor.py:841} WARNING - No viable dags retrieved from /usr/local/lib/python3.10/dist-packages/airflow/example_dags/plugins/event_listener.py
[2023-11-22T15:51:45.571+0500] {processor.py:179} INFO - Processing /usr/local/lib/python3.10/dist-packages/airflow/example_dags/plugins/event_listener.py took 0.120 seconds
[2023-11-22T15:52:16.008+0500] {processor.py:157} INFO - Started process (PID=16818) to work on /usr/local/lib/python3.10/dist-packages/airflow/example_dags/plugins/event_listener.py
[2023-11-22T15:52:16.010+0500] {processor.py:829} INFO - Processing file /usr/local/lib/python3.10/dist-packages/airflow/example_dags/plugins/event_listener.py for tasks to queue
[2023-11-22T15:52:16.013+0500] {logging_mixin.py:154} INFO - [2023-11-22T15:52:16.012+0500] {dagbag.py:536} INFO - Filling up the DagBag from /usr/local/lib/python3.10/dist-packages/airflow/example_dags/plugins/event_listener.py
[2023-11-22T15:52:16.021+0500] {processor.py:841} WARNING - No viable dags retrieved from /usr/local/lib/python3.10/dist-packages/airflow/example_dags/plugins/event_listener.py
[2023-11-22T15:52:16.094+0500] {processor.py:179} INFO - Processing /usr/local/lib/python3.10/dist-packages/airflow/example_dags/plugins/event_listener.py took 0.097 seconds
[2023-11-22T15:52:46.734+0500] {processor.py:157} INFO - Started process (PID=16956) to work on /usr/local/lib/python3.10/dist-packages/airflow/example_dags/plugins/event_listener.py
[2023-11-22T15:52:46.736+0500] {processor.py:829} INFO - Processing file /usr/local/lib/python3.10/dist-packages/airflow/example_dags/plugins/event_listener.py for tasks to queue
[2023-11-22T15:52:46.741+0500] {logging_mixin.py:154} INFO - [2023-11-22T15:52:46.740+0500] {dagbag.py:536} INFO - Filling up the DagBag from /usr/local/lib/python3.10/dist-packages/airflow/example_dags/plugins/event_listener.py
[2023-11-22T15:52:46.752+0500] {processor.py:841} WARNING - No viable dags retrieved from /usr/local/lib/python3.10/dist-packages/airflow/example_dags/plugins/event_listener.py
[2023-11-22T15:52:46.827+0500] {processor.py:179} INFO - Processing /usr/local/lib/python3.10/dist-packages/airflow/example_dags/plugins/event_listener.py took 0.106 seconds
[2023-11-22T15:53:18.769+0500] {processor.py:157} INFO - Started process (PID=17116) to work on /usr/local/lib/python3.10/dist-packages/airflow/example_dags/plugins/event_listener.py
[2023-11-22T15:53:18.772+0500] {processor.py:829} INFO - Processing file /usr/local/lib/python3.10/dist-packages/airflow/example_dags/plugins/event_listener.py for tasks to queue
[2023-11-22T15:53:18.775+0500] {logging_mixin.py:154} INFO - [2023-11-22T15:53:18.773+0500] {dagbag.py:536} INFO - Filling up the DagBag from /usr/local/lib/python3.10/dist-packages/airflow/example_dags/plugins/event_listener.py
[2023-11-22T15:53:18.782+0500] {processor.py:841} WARNING - No viable dags retrieved from /usr/local/lib/python3.10/dist-packages/airflow/example_dags/plugins/event_listener.py
[2023-11-22T15:53:18.845+0500] {processor.py:179} INFO - Processing /usr/local/lib/python3.10/dist-packages/airflow/example_dags/plugins/event_listener.py took 0.087 seconds
[2023-11-22T15:53:49.264+0500] {processor.py:157} INFO - Started process (PID=17313) to work on /usr/local/lib/python3.10/dist-packages/airflow/example_dags/plugins/event_listener.py
[2023-11-22T15:53:49.267+0500] {processor.py:829} INFO - Processing file /usr/local/lib/python3.10/dist-packages/airflow/example_dags/plugins/event_listener.py for tasks to queue
[2023-11-22T15:53:49.270+0500] {logging_mixin.py:154} INFO - [2023-11-22T15:53:49.268+0500] {dagbag.py:536} INFO - Filling up the DagBag from /usr/local/lib/python3.10/dist-packages/airflow/example_dags/plugins/event_listener.py
[2023-11-22T15:53:49.301+0500] {processor.py:841} WARNING - No viable dags retrieved from /usr/local/lib/python3.10/dist-packages/airflow/example_dags/plugins/event_listener.py
[2023-11-22T15:53:49.462+0500] {processor.py:179} INFO - Processing /usr/local/lib/python3.10/dist-packages/airflow/example_dags/plugins/event_listener.py took 0.240 seconds
[2023-11-22T15:54:20.013+0500] {processor.py:157} INFO - Started process (PID=17511) to work on /usr/local/lib/python3.10/dist-packages/airflow/example_dags/plugins/event_listener.py
[2023-11-22T15:54:20.016+0500] {processor.py:829} INFO - Processing file /usr/local/lib/python3.10/dist-packages/airflow/example_dags/plugins/event_listener.py for tasks to queue
[2023-11-22T15:54:20.019+0500] {logging_mixin.py:154} INFO - [2023-11-22T15:54:20.018+0500] {dagbag.py:536} INFO - Filling up the DagBag from /usr/local/lib/python3.10/dist-packages/airflow/example_dags/plugins/event_listener.py
[2023-11-22T15:54:20.028+0500] {processor.py:841} WARNING - No viable dags retrieved from /usr/local/lib/python3.10/dist-packages/airflow/example_dags/plugins/event_listener.py
[2023-11-22T15:54:20.093+0500] {processor.py:179} INFO - Processing /usr/local/lib/python3.10/dist-packages/airflow/example_dags/plugins/event_listener.py took 0.091 seconds
[2023-11-22T15:54:50.456+0500] {processor.py:157} INFO - Started process (PID=17670) to work on /usr/local/lib/python3.10/dist-packages/airflow/example_dags/plugins/event_listener.py
[2023-11-22T15:54:50.459+0500] {processor.py:829} INFO - Processing file /usr/local/lib/python3.10/dist-packages/airflow/example_dags/plugins/event_listener.py for tasks to queue
[2023-11-22T15:54:50.462+0500] {logging_mixin.py:154} INFO - [2023-11-22T15:54:50.461+0500] {dagbag.py:536} INFO - Filling up the DagBag from /usr/local/lib/python3.10/dist-packages/airflow/example_dags/plugins/event_listener.py
[2023-11-22T15:54:50.470+0500] {processor.py:841} WARNING - No viable dags retrieved from /usr/local/lib/python3.10/dist-packages/airflow/example_dags/plugins/event_listener.py
[2023-11-22T15:54:50.537+0500] {processor.py:179} INFO - Processing /usr/local/lib/python3.10/dist-packages/airflow/example_dags/plugins/event_listener.py took 0.092 seconds
[2023-11-22T15:55:21.003+0500] {processor.py:157} INFO - Started process (PID=18068) to work on /usr/local/lib/python3.10/dist-packages/airflow/example_dags/plugins/event_listener.py
[2023-11-22T15:55:21.006+0500] {processor.py:829} INFO - Processing file /usr/local/lib/python3.10/dist-packages/airflow/example_dags/plugins/event_listener.py for tasks to queue
[2023-11-22T15:55:21.010+0500] {logging_mixin.py:154} INFO - [2023-11-22T15:55:21.008+0500] {dagbag.py:536} INFO - Filling up the DagBag from /usr/local/lib/python3.10/dist-packages/airflow/example_dags/plugins/event_listener.py
[2023-11-22T15:55:21.018+0500] {processor.py:841} WARNING - No viable dags retrieved from /usr/local/lib/python3.10/dist-packages/airflow/example_dags/plugins/event_listener.py
[2023-11-22T15:55:21.083+0500] {processor.py:179} INFO - Processing /usr/local/lib/python3.10/dist-packages/airflow/example_dags/plugins/event_listener.py took 0.094 seconds
[2023-11-22T15:55:51.227+0500] {processor.py:157} INFO - Started process (PID=18223) to work on /usr/local/lib/python3.10/dist-packages/airflow/example_dags/plugins/event_listener.py
[2023-11-22T15:55:51.231+0500] {processor.py:829} INFO - Processing file /usr/local/lib/python3.10/dist-packages/airflow/example_dags/plugins/event_listener.py for tasks to queue
[2023-11-22T15:55:51.234+0500] {logging_mixin.py:154} INFO - [2023-11-22T15:55:51.233+0500] {dagbag.py:536} INFO - Filling up the DagBag from /usr/local/lib/python3.10/dist-packages/airflow/example_dags/plugins/event_listener.py
[2023-11-22T15:55:51.241+0500] {processor.py:841} WARNING - No viable dags retrieved from /usr/local/lib/python3.10/dist-packages/airflow/example_dags/plugins/event_listener.py
[2023-11-22T15:55:51.303+0500] {processor.py:179} INFO - Processing /usr/local/lib/python3.10/dist-packages/airflow/example_dags/plugins/event_listener.py took 0.088 seconds
[2023-11-22T15:56:21.732+0500] {processor.py:157} INFO - Started process (PID=18327) to work on /usr/local/lib/python3.10/dist-packages/airflow/example_dags/plugins/event_listener.py
[2023-11-22T15:56:21.735+0500] {processor.py:829} INFO - Processing file /usr/local/lib/python3.10/dist-packages/airflow/example_dags/plugins/event_listener.py for tasks to queue
[2023-11-22T15:56:21.738+0500] {logging_mixin.py:154} INFO - [2023-11-22T15:56:21.737+0500] {dagbag.py:536} INFO - Filling up the DagBag from /usr/local/lib/python3.10/dist-packages/airflow/example_dags/plugins/event_listener.py
[2023-11-22T15:56:21.745+0500] {processor.py:841} WARNING - No viable dags retrieved from /usr/local/lib/python3.10/dist-packages/airflow/example_dags/plugins/event_listener.py
[2023-11-22T15:56:21.817+0500] {processor.py:179} INFO - Processing /usr/local/lib/python3.10/dist-packages/airflow/example_dags/plugins/event_listener.py took 0.104 seconds
[2023-11-22T15:56:52.516+0500] {processor.py:157} INFO - Started process (PID=18433) to work on /usr/local/lib/python3.10/dist-packages/airflow/example_dags/plugins/event_listener.py
[2023-11-22T15:56:52.522+0500] {processor.py:829} INFO - Processing file /usr/local/lib/python3.10/dist-packages/airflow/example_dags/plugins/event_listener.py for tasks to queue
[2023-11-22T15:56:52.526+0500] {logging_mixin.py:154} INFO - [2023-11-22T15:56:52.525+0500] {dagbag.py:536} INFO - Filling up the DagBag from /usr/local/lib/python3.10/dist-packages/airflow/example_dags/plugins/event_listener.py
[2023-11-22T15:56:52.535+0500] {processor.py:841} WARNING - No viable dags retrieved from /usr/local/lib/python3.10/dist-packages/airflow/example_dags/plugins/event_listener.py
[2023-11-22T15:56:52.595+0500] {processor.py:179} INFO - Processing /usr/local/lib/python3.10/dist-packages/airflow/example_dags/plugins/event_listener.py took 0.093 seconds
[2023-11-22T15:57:23.528+0500] {processor.py:157} INFO - Started process (PID=18551) to work on /usr/local/lib/python3.10/dist-packages/airflow/example_dags/plugins/event_listener.py
[2023-11-22T15:57:23.530+0500] {processor.py:829} INFO - Processing file /usr/local/lib/python3.10/dist-packages/airflow/example_dags/plugins/event_listener.py for tasks to queue
[2023-11-22T15:57:23.533+0500] {logging_mixin.py:154} INFO - [2023-11-22T15:57:23.532+0500] {dagbag.py:536} INFO - Filling up the DagBag from /usr/local/lib/python3.10/dist-packages/airflow/example_dags/plugins/event_listener.py
[2023-11-22T15:57:23.541+0500] {processor.py:841} WARNING - No viable dags retrieved from /usr/local/lib/python3.10/dist-packages/airflow/example_dags/plugins/event_listener.py
[2023-11-22T15:57:23.615+0500] {processor.py:179} INFO - Processing /usr/local/lib/python3.10/dist-packages/airflow/example_dags/plugins/event_listener.py took 0.100 seconds
[2023-11-22T15:57:53.935+0500] {processor.py:157} INFO - Started process (PID=18651) to work on /usr/local/lib/python3.10/dist-packages/airflow/example_dags/plugins/event_listener.py
[2023-11-22T15:57:53.938+0500] {processor.py:829} INFO - Processing file /usr/local/lib/python3.10/dist-packages/airflow/example_dags/plugins/event_listener.py for tasks to queue
[2023-11-22T15:57:53.942+0500] {logging_mixin.py:154} INFO - [2023-11-22T15:57:53.940+0500] {dagbag.py:536} INFO - Filling up the DagBag from /usr/local/lib/python3.10/dist-packages/airflow/example_dags/plugins/event_listener.py
[2023-11-22T15:57:53.950+0500] {processor.py:841} WARNING - No viable dags retrieved from /usr/local/lib/python3.10/dist-packages/airflow/example_dags/plugins/event_listener.py
[2023-11-22T15:57:54.023+0500] {processor.py:179} INFO - Processing /usr/local/lib/python3.10/dist-packages/airflow/example_dags/plugins/event_listener.py took 0.101 seconds
[2023-11-22T15:58:24.199+0500] {processor.py:157} INFO - Started process (PID=18752) to work on /usr/local/lib/python3.10/dist-packages/airflow/example_dags/plugins/event_listener.py
[2023-11-22T15:58:24.202+0500] {processor.py:829} INFO - Processing file /usr/local/lib/python3.10/dist-packages/airflow/example_dags/plugins/event_listener.py for tasks to queue
[2023-11-22T15:58:24.205+0500] {logging_mixin.py:154} INFO - [2023-11-22T15:58:24.204+0500] {dagbag.py:536} INFO - Filling up the DagBag from /usr/local/lib/python3.10/dist-packages/airflow/example_dags/plugins/event_listener.py
[2023-11-22T15:58:24.212+0500] {processor.py:841} WARNING - No viable dags retrieved from /usr/local/lib/python3.10/dist-packages/airflow/example_dags/plugins/event_listener.py
[2023-11-22T15:58:24.273+0500] {processor.py:179} INFO - Processing /usr/local/lib/python3.10/dist-packages/airflow/example_dags/plugins/event_listener.py took 0.085 seconds
[2023-11-22T15:58:54.691+0500] {processor.py:157} INFO - Started process (PID=18852) to work on /usr/local/lib/python3.10/dist-packages/airflow/example_dags/plugins/event_listener.py
[2023-11-22T15:58:54.694+0500] {processor.py:829} INFO - Processing file /usr/local/lib/python3.10/dist-packages/airflow/example_dags/plugins/event_listener.py for tasks to queue
[2023-11-22T15:58:54.698+0500] {logging_mixin.py:154} INFO - [2023-11-22T15:58:54.696+0500] {dagbag.py:536} INFO - Filling up the DagBag from /usr/local/lib/python3.10/dist-packages/airflow/example_dags/plugins/event_listener.py
[2023-11-22T15:58:54.708+0500] {processor.py:841} WARNING - No viable dags retrieved from /usr/local/lib/python3.10/dist-packages/airflow/example_dags/plugins/event_listener.py
[2023-11-22T15:58:54.773+0500] {processor.py:179} INFO - Processing /usr/local/lib/python3.10/dist-packages/airflow/example_dags/plugins/event_listener.py took 0.095 seconds
[2023-11-22T15:59:25.166+0500] {processor.py:157} INFO - Started process (PID=18947) to work on /usr/local/lib/python3.10/dist-packages/airflow/example_dags/plugins/event_listener.py
[2023-11-22T15:59:25.170+0500] {processor.py:829} INFO - Processing file /usr/local/lib/python3.10/dist-packages/airflow/example_dags/plugins/event_listener.py for tasks to queue
[2023-11-22T15:59:25.173+0500] {logging_mixin.py:154} INFO - [2023-11-22T15:59:25.172+0500] {dagbag.py:536} INFO - Filling up the DagBag from /usr/local/lib/python3.10/dist-packages/airflow/example_dags/plugins/event_listener.py
[2023-11-22T15:59:25.181+0500] {processor.py:841} WARNING - No viable dags retrieved from /usr/local/lib/python3.10/dist-packages/airflow/example_dags/plugins/event_listener.py
[2023-11-22T15:59:25.291+0500] {processor.py:179} INFO - Processing /usr/local/lib/python3.10/dist-packages/airflow/example_dags/plugins/event_listener.py took 0.138 seconds
[2023-11-22T15:59:55.460+0500] {processor.py:157} INFO - Started process (PID=19047) to work on /usr/local/lib/python3.10/dist-packages/airflow/example_dags/plugins/event_listener.py
[2023-11-22T15:59:55.462+0500] {processor.py:829} INFO - Processing file /usr/local/lib/python3.10/dist-packages/airflow/example_dags/plugins/event_listener.py for tasks to queue
[2023-11-22T15:59:55.465+0500] {logging_mixin.py:154} INFO - [2023-11-22T15:59:55.464+0500] {dagbag.py:536} INFO - Filling up the DagBag from /usr/local/lib/python3.10/dist-packages/airflow/example_dags/plugins/event_listener.py
[2023-11-22T15:59:55.473+0500] {processor.py:841} WARNING - No viable dags retrieved from /usr/local/lib/python3.10/dist-packages/airflow/example_dags/plugins/event_listener.py
[2023-11-22T15:59:55.538+0500] {processor.py:179} INFO - Processing /usr/local/lib/python3.10/dist-packages/airflow/example_dags/plugins/event_listener.py took 0.089 seconds
[2023-11-22T16:00:26.143+0500] {processor.py:157} INFO - Started process (PID=19153) to work on /usr/local/lib/python3.10/dist-packages/airflow/example_dags/plugins/event_listener.py
[2023-11-22T16:00:26.146+0500] {processor.py:829} INFO - Processing file /usr/local/lib/python3.10/dist-packages/airflow/example_dags/plugins/event_listener.py for tasks to queue
[2023-11-22T16:00:26.149+0500] {logging_mixin.py:154} INFO - [2023-11-22T16:00:26.148+0500] {dagbag.py:536} INFO - Filling up the DagBag from /usr/local/lib/python3.10/dist-packages/airflow/example_dags/plugins/event_listener.py
[2023-11-22T16:00:26.157+0500] {processor.py:841} WARNING - No viable dags retrieved from /usr/local/lib/python3.10/dist-packages/airflow/example_dags/plugins/event_listener.py
[2023-11-22T16:00:26.223+0500] {processor.py:179} INFO - Processing /usr/local/lib/python3.10/dist-packages/airflow/example_dags/plugins/event_listener.py took 0.094 seconds
[2023-11-22T16:00:56.585+0500] {processor.py:157} INFO - Started process (PID=19253) to work on /usr/local/lib/python3.10/dist-packages/airflow/example_dags/plugins/event_listener.py
[2023-11-22T16:00:56.588+0500] {processor.py:829} INFO - Processing file /usr/local/lib/python3.10/dist-packages/airflow/example_dags/plugins/event_listener.py for tasks to queue
[2023-11-22T16:00:56.590+0500] {logging_mixin.py:154} INFO - [2023-11-22T16:00:56.589+0500] {dagbag.py:536} INFO - Filling up the DagBag from /usr/local/lib/python3.10/dist-packages/airflow/example_dags/plugins/event_listener.py
[2023-11-22T16:00:56.598+0500] {processor.py:841} WARNING - No viable dags retrieved from /usr/local/lib/python3.10/dist-packages/airflow/example_dags/plugins/event_listener.py
[2023-11-22T16:00:56.662+0500] {processor.py:179} INFO - Processing /usr/local/lib/python3.10/dist-packages/airflow/example_dags/plugins/event_listener.py took 0.090 seconds
[2023-11-22T16:01:27.203+0500] {processor.py:157} INFO - Started process (PID=19351) to work on /usr/local/lib/python3.10/dist-packages/airflow/example_dags/plugins/event_listener.py
[2023-11-22T16:01:27.205+0500] {processor.py:829} INFO - Processing file /usr/local/lib/python3.10/dist-packages/airflow/example_dags/plugins/event_listener.py for tasks to queue
[2023-11-22T16:01:27.208+0500] {logging_mixin.py:154} INFO - [2023-11-22T16:01:27.207+0500] {dagbag.py:536} INFO - Filling up the DagBag from /usr/local/lib/python3.10/dist-packages/airflow/example_dags/plugins/event_listener.py
[2023-11-22T16:01:27.215+0500] {processor.py:841} WARNING - No viable dags retrieved from /usr/local/lib/python3.10/dist-packages/airflow/example_dags/plugins/event_listener.py
[2023-11-22T16:01:27.291+0500] {processor.py:179} INFO - Processing /usr/local/lib/python3.10/dist-packages/airflow/example_dags/plugins/event_listener.py took 0.108 seconds
[2023-11-22T16:01:57.637+0500] {processor.py:157} INFO - Started process (PID=19447) to work on /usr/local/lib/python3.10/dist-packages/airflow/example_dags/plugins/event_listener.py
[2023-11-22T16:01:57.640+0500] {processor.py:829} INFO - Processing file /usr/local/lib/python3.10/dist-packages/airflow/example_dags/plugins/event_listener.py for tasks to queue
[2023-11-22T16:01:57.644+0500] {logging_mixin.py:154} INFO - [2023-11-22T16:01:57.643+0500] {dagbag.py:536} INFO - Filling up the DagBag from /usr/local/lib/python3.10/dist-packages/airflow/example_dags/plugins/event_listener.py
[2023-11-22T16:01:57.652+0500] {processor.py:841} WARNING - No viable dags retrieved from /usr/local/lib/python3.10/dist-packages/airflow/example_dags/plugins/event_listener.py
[2023-11-22T16:01:57.720+0500] {processor.py:179} INFO - Processing /usr/local/lib/python3.10/dist-packages/airflow/example_dags/plugins/event_listener.py took 0.098 seconds
[2023-11-22T16:02:28.153+0500] {processor.py:157} INFO - Started process (PID=19571) to work on /usr/local/lib/python3.10/dist-packages/airflow/example_dags/plugins/event_listener.py
[2023-11-22T16:02:28.156+0500] {processor.py:829} INFO - Processing file /usr/local/lib/python3.10/dist-packages/airflow/example_dags/plugins/event_listener.py for tasks to queue
[2023-11-22T16:02:28.159+0500] {logging_mixin.py:154} INFO - [2023-11-22T16:02:28.158+0500] {dagbag.py:536} INFO - Filling up the DagBag from /usr/local/lib/python3.10/dist-packages/airflow/example_dags/plugins/event_listener.py
[2023-11-22T16:02:28.166+0500] {processor.py:841} WARNING - No viable dags retrieved from /usr/local/lib/python3.10/dist-packages/airflow/example_dags/plugins/event_listener.py
[2023-11-22T16:02:28.236+0500] {processor.py:179} INFO - Processing /usr/local/lib/python3.10/dist-packages/airflow/example_dags/plugins/event_listener.py took 0.094 seconds
[2023-11-22T16:02:58.598+0500] {processor.py:157} INFO - Started process (PID=19667) to work on /usr/local/lib/python3.10/dist-packages/airflow/example_dags/plugins/event_listener.py
[2023-11-22T16:02:58.600+0500] {processor.py:829} INFO - Processing file /usr/local/lib/python3.10/dist-packages/airflow/example_dags/plugins/event_listener.py for tasks to queue
[2023-11-22T16:02:58.603+0500] {logging_mixin.py:154} INFO - [2023-11-22T16:02:58.602+0500] {dagbag.py:536} INFO - Filling up the DagBag from /usr/local/lib/python3.10/dist-packages/airflow/example_dags/plugins/event_listener.py
[2023-11-22T16:02:58.611+0500] {processor.py:841} WARNING - No viable dags retrieved from /usr/local/lib/python3.10/dist-packages/airflow/example_dags/plugins/event_listener.py
[2023-11-22T16:02:58.673+0500] {processor.py:179} INFO - Processing /usr/local/lib/python3.10/dist-packages/airflow/example_dags/plugins/event_listener.py took 0.088 seconds
[2023-11-22T16:03:29.891+0500] {processor.py:157} INFO - Started process (PID=19763) to work on /usr/local/lib/python3.10/dist-packages/airflow/example_dags/plugins/event_listener.py
[2023-11-22T16:03:29.893+0500] {processor.py:829} INFO - Processing file /usr/local/lib/python3.10/dist-packages/airflow/example_dags/plugins/event_listener.py for tasks to queue
[2023-11-22T16:03:29.897+0500] {logging_mixin.py:154} INFO - [2023-11-22T16:03:29.895+0500] {dagbag.py:536} INFO - Filling up the DagBag from /usr/local/lib/python3.10/dist-packages/airflow/example_dags/plugins/event_listener.py
[2023-11-22T16:03:29.905+0500] {processor.py:841} WARNING - No viable dags retrieved from /usr/local/lib/python3.10/dist-packages/airflow/example_dags/plugins/event_listener.py
[2023-11-22T16:03:29.968+0500] {processor.py:179} INFO - Processing /usr/local/lib/python3.10/dist-packages/airflow/example_dags/plugins/event_listener.py took 0.090 seconds
[2023-11-22T16:04:00.242+0500] {processor.py:157} INFO - Started process (PID=19858) to work on /usr/local/lib/python3.10/dist-packages/airflow/example_dags/plugins/event_listener.py
[2023-11-22T16:04:00.245+0500] {processor.py:829} INFO - Processing file /usr/local/lib/python3.10/dist-packages/airflow/example_dags/plugins/event_listener.py for tasks to queue
[2023-11-22T16:04:00.248+0500] {logging_mixin.py:154} INFO - [2023-11-22T16:04:00.247+0500] {dagbag.py:536} INFO - Filling up the DagBag from /usr/local/lib/python3.10/dist-packages/airflow/example_dags/plugins/event_listener.py
[2023-11-22T16:04:00.258+0500] {processor.py:841} WARNING - No viable dags retrieved from /usr/local/lib/python3.10/dist-packages/airflow/example_dags/plugins/event_listener.py
[2023-11-22T16:04:00.328+0500] {processor.py:179} INFO - Processing /usr/local/lib/python3.10/dist-packages/airflow/example_dags/plugins/event_listener.py took 0.097 seconds
[2023-11-22T16:04:30.877+0500] {processor.py:157} INFO - Started process (PID=20010) to work on /usr/local/lib/python3.10/dist-packages/airflow/example_dags/plugins/event_listener.py
[2023-11-22T16:04:30.880+0500] {processor.py:829} INFO - Processing file /usr/local/lib/python3.10/dist-packages/airflow/example_dags/plugins/event_listener.py for tasks to queue
[2023-11-22T16:04:30.883+0500] {logging_mixin.py:154} INFO - [2023-11-22T16:04:30.882+0500] {dagbag.py:536} INFO - Filling up the DagBag from /usr/local/lib/python3.10/dist-packages/airflow/example_dags/plugins/event_listener.py
[2023-11-22T16:04:30.890+0500] {processor.py:841} WARNING - No viable dags retrieved from /usr/local/lib/python3.10/dist-packages/airflow/example_dags/plugins/event_listener.py
[2023-11-22T16:04:30.957+0500] {processor.py:179} INFO - Processing /usr/local/lib/python3.10/dist-packages/airflow/example_dags/plugins/event_listener.py took 0.091 seconds
[2023-11-22T16:05:01.492+0500] {processor.py:157} INFO - Started process (PID=20118) to work on /usr/local/lib/python3.10/dist-packages/airflow/example_dags/plugins/event_listener.py
[2023-11-22T16:05:01.494+0500] {processor.py:829} INFO - Processing file /usr/local/lib/python3.10/dist-packages/airflow/example_dags/plugins/event_listener.py for tasks to queue
[2023-11-22T16:05:01.497+0500] {logging_mixin.py:154} INFO - [2023-11-22T16:05:01.496+0500] {dagbag.py:536} INFO - Filling up the DagBag from /usr/local/lib/python3.10/dist-packages/airflow/example_dags/plugins/event_listener.py
[2023-11-22T16:05:01.505+0500] {processor.py:841} WARNING - No viable dags retrieved from /usr/local/lib/python3.10/dist-packages/airflow/example_dags/plugins/event_listener.py
[2023-11-22T16:05:01.567+0500] {processor.py:179} INFO - Processing /usr/local/lib/python3.10/dist-packages/airflow/example_dags/plugins/event_listener.py took 0.086 seconds
[2023-11-22T16:05:32.210+0500] {processor.py:157} INFO - Started process (PID=20227) to work on /usr/local/lib/python3.10/dist-packages/airflow/example_dags/plugins/event_listener.py
[2023-11-22T16:05:32.215+0500] {processor.py:829} INFO - Processing file /usr/local/lib/python3.10/dist-packages/airflow/example_dags/plugins/event_listener.py for tasks to queue
[2023-11-22T16:05:32.218+0500] {logging_mixin.py:154} INFO - [2023-11-22T16:05:32.217+0500] {dagbag.py:536} INFO - Filling up the DagBag from /usr/local/lib/python3.10/dist-packages/airflow/example_dags/plugins/event_listener.py
[2023-11-22T16:05:32.225+0500] {processor.py:841} WARNING - No viable dags retrieved from /usr/local/lib/python3.10/dist-packages/airflow/example_dags/plugins/event_listener.py
[2023-11-22T16:05:32.293+0500] {processor.py:179} INFO - Processing /usr/local/lib/python3.10/dist-packages/airflow/example_dags/plugins/event_listener.py took 0.095 seconds
[2023-11-22T16:06:02.980+0500] {processor.py:157} INFO - Started process (PID=20330) to work on /usr/local/lib/python3.10/dist-packages/airflow/example_dags/plugins/event_listener.py
[2023-11-22T16:06:02.983+0500] {processor.py:829} INFO - Processing file /usr/local/lib/python3.10/dist-packages/airflow/example_dags/plugins/event_listener.py for tasks to queue
[2023-11-22T16:06:02.986+0500] {logging_mixin.py:154} INFO - [2023-11-22T16:06:02.985+0500] {dagbag.py:536} INFO - Filling up the DagBag from /usr/local/lib/python3.10/dist-packages/airflow/example_dags/plugins/event_listener.py
[2023-11-22T16:06:02.994+0500] {processor.py:841} WARNING - No viable dags retrieved from /usr/local/lib/python3.10/dist-packages/airflow/example_dags/plugins/event_listener.py
[2023-11-22T16:06:03.063+0500] {processor.py:179} INFO - Processing /usr/local/lib/python3.10/dist-packages/airflow/example_dags/plugins/event_listener.py took 0.100 seconds
