[2023-11-22T15:27:07.563+0500] {processor.py:157} INFO - Started process (PID=9897) to work on /usr/local/lib/python3.10/dist-packages/airflow/example_dags/plugins/workday.py
[2023-11-22T15:27:07.565+0500] {processor.py:829} INFO - Processing file /usr/local/lib/python3.10/dist-packages/airflow/example_dags/plugins/workday.py for tasks to queue
[2023-11-22T15:27:07.568+0500] {logging_mixin.py:154} INFO - [2023-11-22T15:27:07.567+0500] {dagbag.py:536} INFO - Filling up the DagBag from /usr/local/lib/python3.10/dist-packages/airflow/example_dags/plugins/workday.py
[2023-11-22T15:27:10.036+0500] {processor.py:841} WARNING - No viable dags retrieved from /usr/local/lib/python3.10/dist-packages/airflow/example_dags/plugins/workday.py
[2023-11-22T15:27:10.089+0500] {processor.py:179} INFO - Processing /usr/local/lib/python3.10/dist-packages/airflow/example_dags/plugins/workday.py took 2.537 seconds
[2023-11-22T15:27:40.422+0500] {processor.py:157} INFO - Started process (PID=10044) to work on /usr/local/lib/python3.10/dist-packages/airflow/example_dags/plugins/workday.py
[2023-11-22T15:27:40.425+0500] {processor.py:829} INFO - Processing file /usr/local/lib/python3.10/dist-packages/airflow/example_dags/plugins/workday.py for tasks to queue
[2023-11-22T15:27:40.428+0500] {logging_mixin.py:154} INFO - [2023-11-22T15:27:40.427+0500] {dagbag.py:536} INFO - Filling up the DagBag from /usr/local/lib/python3.10/dist-packages/airflow/example_dags/plugins/workday.py
[2023-11-22T15:27:42.609+0500] {processor.py:841} WARNING - No viable dags retrieved from /usr/local/lib/python3.10/dist-packages/airflow/example_dags/plugins/workday.py
[2023-11-22T15:27:42.685+0500] {processor.py:179} INFO - Processing /usr/local/lib/python3.10/dist-packages/airflow/example_dags/plugins/workday.py took 2.278 seconds
[2023-11-22T15:28:12.790+0500] {processor.py:157} INFO - Started process (PID=10165) to work on /usr/local/lib/python3.10/dist-packages/airflow/example_dags/plugins/workday.py
[2023-11-22T15:28:12.793+0500] {processor.py:829} INFO - Processing file /usr/local/lib/python3.10/dist-packages/airflow/example_dags/plugins/workday.py for tasks to queue
[2023-11-22T15:28:12.795+0500] {logging_mixin.py:154} INFO - [2023-11-22T15:28:12.794+0500] {dagbag.py:536} INFO - Filling up the DagBag from /usr/local/lib/python3.10/dist-packages/airflow/example_dags/plugins/workday.py
[2023-11-22T15:28:14.828+0500] {processor.py:841} WARNING - No viable dags retrieved from /usr/local/lib/python3.10/dist-packages/airflow/example_dags/plugins/workday.py
[2023-11-22T15:28:14.886+0500] {processor.py:179} INFO - Processing /usr/local/lib/python3.10/dist-packages/airflow/example_dags/plugins/workday.py took 2.107 seconds
[2023-11-22T15:28:45.250+0500] {processor.py:157} INFO - Started process (PID=10309) to work on /usr/local/lib/python3.10/dist-packages/airflow/example_dags/plugins/workday.py
[2023-11-22T15:28:45.253+0500] {processor.py:829} INFO - Processing file /usr/local/lib/python3.10/dist-packages/airflow/example_dags/plugins/workday.py for tasks to queue
[2023-11-22T15:28:45.255+0500] {logging_mixin.py:154} INFO - [2023-11-22T15:28:45.254+0500] {dagbag.py:536} INFO - Filling up the DagBag from /usr/local/lib/python3.10/dist-packages/airflow/example_dags/plugins/workday.py
[2023-11-22T15:28:47.558+0500] {processor.py:841} WARNING - No viable dags retrieved from /usr/local/lib/python3.10/dist-packages/airflow/example_dags/plugins/workday.py
[2023-11-22T15:28:47.633+0500] {processor.py:179} INFO - Processing /usr/local/lib/python3.10/dist-packages/airflow/example_dags/plugins/workday.py took 2.394 seconds
[2023-11-22T15:29:17.867+0500] {processor.py:157} INFO - Started process (PID=10426) to work on /usr/local/lib/python3.10/dist-packages/airflow/example_dags/plugins/workday.py
[2023-11-22T15:29:17.870+0500] {processor.py:829} INFO - Processing file /usr/local/lib/python3.10/dist-packages/airflow/example_dags/plugins/workday.py for tasks to queue
[2023-11-22T15:29:17.873+0500] {logging_mixin.py:154} INFO - [2023-11-22T15:29:17.872+0500] {dagbag.py:536} INFO - Filling up the DagBag from /usr/local/lib/python3.10/dist-packages/airflow/example_dags/plugins/workday.py
[2023-11-22T15:29:19.876+0500] {processor.py:841} WARNING - No viable dags retrieved from /usr/local/lib/python3.10/dist-packages/airflow/example_dags/plugins/workday.py
[2023-11-22T15:29:19.950+0500] {processor.py:179} INFO - Processing /usr/local/lib/python3.10/dist-packages/airflow/example_dags/plugins/workday.py took 2.094 seconds
[2023-11-22T15:29:50.416+0500] {processor.py:157} INFO - Started process (PID=10836) to work on /usr/local/lib/python3.10/dist-packages/airflow/example_dags/plugins/workday.py
[2023-11-22T15:29:50.420+0500] {processor.py:829} INFO - Processing file /usr/local/lib/python3.10/dist-packages/airflow/example_dags/plugins/workday.py for tasks to queue
[2023-11-22T15:29:50.423+0500] {logging_mixin.py:154} INFO - [2023-11-22T15:29:50.422+0500] {dagbag.py:536} INFO - Filling up the DagBag from /usr/local/lib/python3.10/dist-packages/airflow/example_dags/plugins/workday.py
[2023-11-22T15:29:52.456+0500] {processor.py:841} WARNING - No viable dags retrieved from /usr/local/lib/python3.10/dist-packages/airflow/example_dags/plugins/workday.py
[2023-11-22T15:29:52.517+0500] {processor.py:179} INFO - Processing /usr/local/lib/python3.10/dist-packages/airflow/example_dags/plugins/workday.py took 2.115 seconds
[2023-11-22T15:30:22.759+0500] {processor.py:157} INFO - Started process (PID=10982) to work on /usr/local/lib/python3.10/dist-packages/airflow/example_dags/plugins/workday.py
[2023-11-22T15:30:22.761+0500] {processor.py:829} INFO - Processing file /usr/local/lib/python3.10/dist-packages/airflow/example_dags/plugins/workday.py for tasks to queue
[2023-11-22T15:30:22.764+0500] {logging_mixin.py:154} INFO - [2023-11-22T15:30:22.763+0500] {dagbag.py:536} INFO - Filling up the DagBag from /usr/local/lib/python3.10/dist-packages/airflow/example_dags/plugins/workday.py
[2023-11-22T15:30:26.651+0500] {processor.py:841} WARNING - No viable dags retrieved from /usr/local/lib/python3.10/dist-packages/airflow/example_dags/plugins/workday.py
[2023-11-22T15:30:26.721+0500] {processor.py:179} INFO - Processing /usr/local/lib/python3.10/dist-packages/airflow/example_dags/plugins/workday.py took 3.988 seconds
[2023-11-22T15:30:57.097+0500] {processor.py:157} INFO - Started process (PID=11207) to work on /usr/local/lib/python3.10/dist-packages/airflow/example_dags/plugins/workday.py
[2023-11-22T15:30:57.113+0500] {processor.py:829} INFO - Processing file /usr/local/lib/python3.10/dist-packages/airflow/example_dags/plugins/workday.py for tasks to queue
[2023-11-22T15:30:57.126+0500] {logging_mixin.py:154} INFO - [2023-11-22T15:30:57.125+0500] {dagbag.py:536} INFO - Filling up the DagBag from /usr/local/lib/python3.10/dist-packages/airflow/example_dags/plugins/workday.py
[2023-11-22T15:31:00.721+0500] {processor.py:841} WARNING - No viable dags retrieved from /usr/local/lib/python3.10/dist-packages/airflow/example_dags/plugins/workday.py
[2023-11-22T15:31:00.786+0500] {processor.py:179} INFO - Processing /usr/local/lib/python3.10/dist-packages/airflow/example_dags/plugins/workday.py took 3.702 seconds
[2023-11-22T15:31:31.207+0500] {processor.py:157} INFO - Started process (PID=11362) to work on /usr/local/lib/python3.10/dist-packages/airflow/example_dags/plugins/workday.py
[2023-11-22T15:31:31.212+0500] {processor.py:829} INFO - Processing file /usr/local/lib/python3.10/dist-packages/airflow/example_dags/plugins/workday.py for tasks to queue
[2023-11-22T15:31:31.215+0500] {logging_mixin.py:154} INFO - [2023-11-22T15:31:31.214+0500] {dagbag.py:536} INFO - Filling up the DagBag from /usr/local/lib/python3.10/dist-packages/airflow/example_dags/plugins/workday.py
[2023-11-22T15:31:34.138+0500] {processor.py:841} WARNING - No viable dags retrieved from /usr/local/lib/python3.10/dist-packages/airflow/example_dags/plugins/workday.py
[2023-11-22T15:31:34.205+0500] {processor.py:179} INFO - Processing /usr/local/lib/python3.10/dist-packages/airflow/example_dags/plugins/workday.py took 3.012 seconds
[2023-11-22T15:32:04.917+0500] {processor.py:157} INFO - Started process (PID=11559) to work on /usr/local/lib/python3.10/dist-packages/airflow/example_dags/plugins/workday.py
[2023-11-22T15:32:04.935+0500] {processor.py:829} INFO - Processing file /usr/local/lib/python3.10/dist-packages/airflow/example_dags/plugins/workday.py for tasks to queue
[2023-11-22T15:32:04.939+0500] {logging_mixin.py:154} INFO - [2023-11-22T15:32:04.937+0500] {dagbag.py:536} INFO - Filling up the DagBag from /usr/local/lib/python3.10/dist-packages/airflow/example_dags/plugins/workday.py
[2023-11-22T15:32:08.273+0500] {processor.py:841} WARNING - No viable dags retrieved from /usr/local/lib/python3.10/dist-packages/airflow/example_dags/plugins/workday.py
[2023-11-22T15:32:08.341+0500] {processor.py:179} INFO - Processing /usr/local/lib/python3.10/dist-packages/airflow/example_dags/plugins/workday.py took 3.438 seconds
[2023-11-22T15:32:38.545+0500] {processor.py:157} INFO - Started process (PID=11714) to work on /usr/local/lib/python3.10/dist-packages/airflow/example_dags/plugins/workday.py
[2023-11-22T15:32:38.547+0500] {processor.py:829} INFO - Processing file /usr/local/lib/python3.10/dist-packages/airflow/example_dags/plugins/workday.py for tasks to queue
[2023-11-22T15:32:38.552+0500] {logging_mixin.py:154} INFO - [2023-11-22T15:32:38.550+0500] {dagbag.py:536} INFO - Filling up the DagBag from /usr/local/lib/python3.10/dist-packages/airflow/example_dags/plugins/workday.py
[2023-11-22T15:32:41.585+0500] {processor.py:841} WARNING - No viable dags retrieved from /usr/local/lib/python3.10/dist-packages/airflow/example_dags/plugins/workday.py
[2023-11-22T15:32:41.653+0500] {processor.py:179} INFO - Processing /usr/local/lib/python3.10/dist-packages/airflow/example_dags/plugins/workday.py took 3.122 seconds
[2023-11-22T15:33:12.127+0500] {processor.py:157} INFO - Started process (PID=11861) to work on /usr/local/lib/python3.10/dist-packages/airflow/example_dags/plugins/workday.py
[2023-11-22T15:33:12.129+0500] {processor.py:829} INFO - Processing file /usr/local/lib/python3.10/dist-packages/airflow/example_dags/plugins/workday.py for tasks to queue
[2023-11-22T15:33:12.132+0500] {logging_mixin.py:154} INFO - [2023-11-22T15:33:12.131+0500] {dagbag.py:536} INFO - Filling up the DagBag from /usr/local/lib/python3.10/dist-packages/airflow/example_dags/plugins/workday.py
[2023-11-22T15:33:14.677+0500] {processor.py:841} WARNING - No viable dags retrieved from /usr/local/lib/python3.10/dist-packages/airflow/example_dags/plugins/workday.py
[2023-11-22T15:33:14.742+0500] {processor.py:179} INFO - Processing /usr/local/lib/python3.10/dist-packages/airflow/example_dags/plugins/workday.py took 2.629 seconds
[2023-11-22T15:33:45.181+0500] {processor.py:157} INFO - Started process (PID=12024) to work on /usr/local/lib/python3.10/dist-packages/airflow/example_dags/plugins/workday.py
[2023-11-22T15:33:45.184+0500] {processor.py:829} INFO - Processing file /usr/local/lib/python3.10/dist-packages/airflow/example_dags/plugins/workday.py for tasks to queue
[2023-11-22T15:33:45.187+0500] {logging_mixin.py:154} INFO - [2023-11-22T15:33:45.186+0500] {dagbag.py:536} INFO - Filling up the DagBag from /usr/local/lib/python3.10/dist-packages/airflow/example_dags/plugins/workday.py
[2023-11-22T15:33:47.088+0500] {processor.py:841} WARNING - No viable dags retrieved from /usr/local/lib/python3.10/dist-packages/airflow/example_dags/plugins/workday.py
[2023-11-22T15:33:47.169+0500] {processor.py:179} INFO - Processing /usr/local/lib/python3.10/dist-packages/airflow/example_dags/plugins/workday.py took 2.000 seconds
[2023-11-22T15:34:18.473+0500] {processor.py:157} INFO - Started process (PID=12176) to work on /usr/local/lib/python3.10/dist-packages/airflow/example_dags/plugins/workday.py
[2023-11-22T15:34:18.479+0500] {processor.py:829} INFO - Processing file /usr/local/lib/python3.10/dist-packages/airflow/example_dags/plugins/workday.py for tasks to queue
[2023-11-22T15:34:18.482+0500] {logging_mixin.py:154} INFO - [2023-11-22T15:34:18.481+0500] {dagbag.py:536} INFO - Filling up the DagBag from /usr/local/lib/python3.10/dist-packages/airflow/example_dags/plugins/workday.py
[2023-11-22T15:34:21.513+0500] {processor.py:841} WARNING - No viable dags retrieved from /usr/local/lib/python3.10/dist-packages/airflow/example_dags/plugins/workday.py
[2023-11-22T15:34:21.608+0500] {processor.py:179} INFO - Processing /usr/local/lib/python3.10/dist-packages/airflow/example_dags/plugins/workday.py took 3.155 seconds
[2023-11-22T15:34:51.821+0500] {processor.py:157} INFO - Started process (PID=12342) to work on /usr/local/lib/python3.10/dist-packages/airflow/example_dags/plugins/workday.py
[2023-11-22T15:34:51.824+0500] {processor.py:829} INFO - Processing file /usr/local/lib/python3.10/dist-packages/airflow/example_dags/plugins/workday.py for tasks to queue
[2023-11-22T15:34:51.827+0500] {logging_mixin.py:154} INFO - [2023-11-22T15:34:51.826+0500] {dagbag.py:536} INFO - Filling up the DagBag from /usr/local/lib/python3.10/dist-packages/airflow/example_dags/plugins/workday.py
[2023-11-22T15:34:54.985+0500] {processor.py:841} WARNING - No viable dags retrieved from /usr/local/lib/python3.10/dist-packages/airflow/example_dags/plugins/workday.py
[2023-11-22T15:34:55.051+0500] {processor.py:179} INFO - Processing /usr/local/lib/python3.10/dist-packages/airflow/example_dags/plugins/workday.py took 3.243 seconds
[2023-11-22T15:35:26.555+0500] {processor.py:157} INFO - Started process (PID=12932) to work on /usr/local/lib/python3.10/dist-packages/airflow/example_dags/plugins/workday.py
[2023-11-22T15:35:26.559+0500] {processor.py:829} INFO - Processing file /usr/local/lib/python3.10/dist-packages/airflow/example_dags/plugins/workday.py for tasks to queue
[2023-11-22T15:35:26.562+0500] {logging_mixin.py:154} INFO - [2023-11-22T15:35:26.561+0500] {dagbag.py:536} INFO - Filling up the DagBag from /usr/local/lib/python3.10/dist-packages/airflow/example_dags/plugins/workday.py
[2023-11-22T15:35:32.355+0500] {processor.py:841} WARNING - No viable dags retrieved from /usr/local/lib/python3.10/dist-packages/airflow/example_dags/plugins/workday.py
[2023-11-22T15:35:32.446+0500] {processor.py:179} INFO - Processing /usr/local/lib/python3.10/dist-packages/airflow/example_dags/plugins/workday.py took 5.904 seconds
[2023-11-22T15:40:02.243+0500] {processor.py:157} INFO - Started process (PID=13435) to work on /usr/local/lib/python3.10/dist-packages/airflow/example_dags/plugins/workday.py
[2023-11-22T15:40:02.247+0500] {processor.py:829} INFO - Processing file /usr/local/lib/python3.10/dist-packages/airflow/example_dags/plugins/workday.py for tasks to queue
[2023-11-22T15:40:02.251+0500] {logging_mixin.py:154} INFO - [2023-11-22T15:40:02.250+0500] {dagbag.py:536} INFO - Filling up the DagBag from /usr/local/lib/python3.10/dist-packages/airflow/example_dags/plugins/workday.py
[2023-11-22T15:40:04.813+0500] {processor.py:841} WARNING - No viable dags retrieved from /usr/local/lib/python3.10/dist-packages/airflow/example_dags/plugins/workday.py
[2023-11-22T15:40:04.911+0500] {processor.py:179} INFO - Processing /usr/local/lib/python3.10/dist-packages/airflow/example_dags/plugins/workday.py took 2.680 seconds
[2023-11-22T15:40:35.238+0500] {processor.py:157} INFO - Started process (PID=13587) to work on /usr/local/lib/python3.10/dist-packages/airflow/example_dags/plugins/workday.py
[2023-11-22T15:40:35.243+0500] {processor.py:829} INFO - Processing file /usr/local/lib/python3.10/dist-packages/airflow/example_dags/plugins/workday.py for tasks to queue
[2023-11-22T15:40:35.246+0500] {logging_mixin.py:154} INFO - [2023-11-22T15:40:35.245+0500] {dagbag.py:536} INFO - Filling up the DagBag from /usr/local/lib/python3.10/dist-packages/airflow/example_dags/plugins/workday.py
[2023-11-22T15:40:38.005+0500] {processor.py:841} WARNING - No viable dags retrieved from /usr/local/lib/python3.10/dist-packages/airflow/example_dags/plugins/workday.py
[2023-11-22T15:40:38.069+0500] {processor.py:179} INFO - Processing /usr/local/lib/python3.10/dist-packages/airflow/example_dags/plugins/workday.py took 2.843 seconds
[2023-11-22T15:41:08.529+0500] {processor.py:157} INFO - Started process (PID=13737) to work on /usr/local/lib/python3.10/dist-packages/airflow/example_dags/plugins/workday.py
[2023-11-22T15:41:08.547+0500] {processor.py:829} INFO - Processing file /usr/local/lib/python3.10/dist-packages/airflow/example_dags/plugins/workday.py for tasks to queue
[2023-11-22T15:41:08.563+0500] {logging_mixin.py:154} INFO - [2023-11-22T15:41:08.549+0500] {dagbag.py:536} INFO - Filling up the DagBag from /usr/local/lib/python3.10/dist-packages/airflow/example_dags/plugins/workday.py
[2023-11-22T15:41:11.072+0500] {processor.py:841} WARNING - No viable dags retrieved from /usr/local/lib/python3.10/dist-packages/airflow/example_dags/plugins/workday.py
[2023-11-22T15:41:11.148+0500] {processor.py:179} INFO - Processing /usr/local/lib/python3.10/dist-packages/airflow/example_dags/plugins/workday.py took 2.637 seconds
[2023-11-22T15:41:41.815+0500] {processor.py:157} INFO - Started process (PID=13912) to work on /usr/local/lib/python3.10/dist-packages/airflow/example_dags/plugins/workday.py
[2023-11-22T15:41:41.819+0500] {processor.py:829} INFO - Processing file /usr/local/lib/python3.10/dist-packages/airflow/example_dags/plugins/workday.py for tasks to queue
[2023-11-22T15:41:41.822+0500] {logging_mixin.py:154} INFO - [2023-11-22T15:41:41.821+0500] {dagbag.py:536} INFO - Filling up the DagBag from /usr/local/lib/python3.10/dist-packages/airflow/example_dags/plugins/workday.py
[2023-11-22T15:41:44.129+0500] {processor.py:841} WARNING - No viable dags retrieved from /usr/local/lib/python3.10/dist-packages/airflow/example_dags/plugins/workday.py
[2023-11-22T15:41:44.196+0500] {processor.py:179} INFO - Processing /usr/local/lib/python3.10/dist-packages/airflow/example_dags/plugins/workday.py took 2.395 seconds
[2023-11-22T15:42:14.432+0500] {processor.py:157} INFO - Started process (PID=14091) to work on /usr/local/lib/python3.10/dist-packages/airflow/example_dags/plugins/workday.py
[2023-11-22T15:42:14.435+0500] {processor.py:829} INFO - Processing file /usr/local/lib/python3.10/dist-packages/airflow/example_dags/plugins/workday.py for tasks to queue
[2023-11-22T15:42:14.438+0500] {logging_mixin.py:154} INFO - [2023-11-22T15:42:14.437+0500] {dagbag.py:536} INFO - Filling up the DagBag from /usr/local/lib/python3.10/dist-packages/airflow/example_dags/plugins/workday.py
[2023-11-22T15:42:16.323+0500] {processor.py:841} WARNING - No viable dags retrieved from /usr/local/lib/python3.10/dist-packages/airflow/example_dags/plugins/workday.py
[2023-11-22T15:42:16.386+0500] {processor.py:179} INFO - Processing /usr/local/lib/python3.10/dist-packages/airflow/example_dags/plugins/workday.py took 1.966 seconds
[2023-11-22T15:42:47.007+0500] {processor.py:157} INFO - Started process (PID=14238) to work on /usr/local/lib/python3.10/dist-packages/airflow/example_dags/plugins/workday.py
[2023-11-22T15:42:47.011+0500] {processor.py:829} INFO - Processing file /usr/local/lib/python3.10/dist-packages/airflow/example_dags/plugins/workday.py for tasks to queue
[2023-11-22T15:42:47.018+0500] {logging_mixin.py:154} INFO - [2023-11-22T15:42:47.013+0500] {dagbag.py:536} INFO - Filling up the DagBag from /usr/local/lib/python3.10/dist-packages/airflow/example_dags/plugins/workday.py
[2023-11-22T15:42:49.838+0500] {processor.py:841} WARNING - No viable dags retrieved from /usr/local/lib/python3.10/dist-packages/airflow/example_dags/plugins/workday.py
[2023-11-22T15:42:49.904+0500] {processor.py:179} INFO - Processing /usr/local/lib/python3.10/dist-packages/airflow/example_dags/plugins/workday.py took 2.922 seconds
[2023-11-22T15:43:20.266+0500] {processor.py:157} INFO - Started process (PID=14370) to work on /usr/local/lib/python3.10/dist-packages/airflow/example_dags/plugins/workday.py
[2023-11-22T15:43:20.271+0500] {processor.py:829} INFO - Processing file /usr/local/lib/python3.10/dist-packages/airflow/example_dags/plugins/workday.py for tasks to queue
[2023-11-22T15:43:20.274+0500] {logging_mixin.py:154} INFO - [2023-11-22T15:43:20.273+0500] {dagbag.py:536} INFO - Filling up the DagBag from /usr/local/lib/python3.10/dist-packages/airflow/example_dags/plugins/workday.py
[2023-11-22T15:43:22.900+0500] {processor.py:841} WARNING - No viable dags retrieved from /usr/local/lib/python3.10/dist-packages/airflow/example_dags/plugins/workday.py
[2023-11-22T15:43:22.959+0500] {processor.py:179} INFO - Processing /usr/local/lib/python3.10/dist-packages/airflow/example_dags/plugins/workday.py took 2.705 seconds
[2023-11-22T15:43:53.264+0500] {processor.py:157} INFO - Started process (PID=14519) to work on /usr/local/lib/python3.10/dist-packages/airflow/example_dags/plugins/workday.py
[2023-11-22T15:43:53.267+0500] {processor.py:829} INFO - Processing file /usr/local/lib/python3.10/dist-packages/airflow/example_dags/plugins/workday.py for tasks to queue
[2023-11-22T15:43:53.270+0500] {logging_mixin.py:154} INFO - [2023-11-22T15:43:53.269+0500] {dagbag.py:536} INFO - Filling up the DagBag from /usr/local/lib/python3.10/dist-packages/airflow/example_dags/plugins/workday.py
[2023-11-22T15:43:55.777+0500] {processor.py:841} WARNING - No viable dags retrieved from /usr/local/lib/python3.10/dist-packages/airflow/example_dags/plugins/workday.py
[2023-11-22T15:43:55.840+0500] {processor.py:179} INFO - Processing /usr/local/lib/python3.10/dist-packages/airflow/example_dags/plugins/workday.py took 2.594 seconds
[2023-11-22T15:44:26.077+0500] {processor.py:157} INFO - Started process (PID=14675) to work on /usr/local/lib/python3.10/dist-packages/airflow/example_dags/plugins/workday.py
[2023-11-22T15:44:26.080+0500] {processor.py:829} INFO - Processing file /usr/local/lib/python3.10/dist-packages/airflow/example_dags/plugins/workday.py for tasks to queue
[2023-11-22T15:44:26.083+0500] {logging_mixin.py:154} INFO - [2023-11-22T15:44:26.082+0500] {dagbag.py:536} INFO - Filling up the DagBag from /usr/local/lib/python3.10/dist-packages/airflow/example_dags/plugins/workday.py
[2023-11-22T15:44:28.034+0500] {processor.py:841} WARNING - No viable dags retrieved from /usr/local/lib/python3.10/dist-packages/airflow/example_dags/plugins/workday.py
[2023-11-22T15:44:28.105+0500] {processor.py:179} INFO - Processing /usr/local/lib/python3.10/dist-packages/airflow/example_dags/plugins/workday.py took 2.041 seconds
[2023-11-22T15:44:58.670+0500] {processor.py:157} INFO - Started process (PID=14841) to work on /usr/local/lib/python3.10/dist-packages/airflow/example_dags/plugins/workday.py
[2023-11-22T15:44:58.673+0500] {processor.py:829} INFO - Processing file /usr/local/lib/python3.10/dist-packages/airflow/example_dags/plugins/workday.py for tasks to queue
[2023-11-22T15:44:58.676+0500] {logging_mixin.py:154} INFO - [2023-11-22T15:44:58.675+0500] {dagbag.py:536} INFO - Filling up the DagBag from /usr/local/lib/python3.10/dist-packages/airflow/example_dags/plugins/workday.py
[2023-11-22T15:45:00.878+0500] {processor.py:841} WARNING - No viable dags retrieved from /usr/local/lib/python3.10/dist-packages/airflow/example_dags/plugins/workday.py
[2023-11-22T15:45:00.946+0500] {processor.py:179} INFO - Processing /usr/local/lib/python3.10/dist-packages/airflow/example_dags/plugins/workday.py took 2.301 seconds
[2023-11-22T15:45:31.515+0500] {processor.py:157} INFO - Started process (PID=15009) to work on /usr/local/lib/python3.10/dist-packages/airflow/example_dags/plugins/workday.py
[2023-11-22T15:45:31.519+0500] {processor.py:829} INFO - Processing file /usr/local/lib/python3.10/dist-packages/airflow/example_dags/plugins/workday.py for tasks to queue
[2023-11-22T15:45:31.522+0500] {logging_mixin.py:154} INFO - [2023-11-22T15:45:31.521+0500] {dagbag.py:536} INFO - Filling up the DagBag from /usr/local/lib/python3.10/dist-packages/airflow/example_dags/plugins/workday.py
[2023-11-22T15:45:33.782+0500] {processor.py:841} WARNING - No viable dags retrieved from /usr/local/lib/python3.10/dist-packages/airflow/example_dags/plugins/workday.py
[2023-11-22T15:45:33.841+0500] {processor.py:179} INFO - Processing /usr/local/lib/python3.10/dist-packages/airflow/example_dags/plugins/workday.py took 2.341 seconds
[2023-11-22T15:46:04.601+0500] {processor.py:157} INFO - Started process (PID=15143) to work on /usr/local/lib/python3.10/dist-packages/airflow/example_dags/plugins/workday.py
[2023-11-22T15:46:04.605+0500] {processor.py:829} INFO - Processing file /usr/local/lib/python3.10/dist-packages/airflow/example_dags/plugins/workday.py for tasks to queue
[2023-11-22T15:46:04.609+0500] {logging_mixin.py:154} INFO - [2023-11-22T15:46:04.607+0500] {dagbag.py:536} INFO - Filling up the DagBag from /usr/local/lib/python3.10/dist-packages/airflow/example_dags/plugins/workday.py
[2023-11-22T15:46:07.282+0500] {processor.py:841} WARNING - No viable dags retrieved from /usr/local/lib/python3.10/dist-packages/airflow/example_dags/plugins/workday.py
[2023-11-22T15:46:07.373+0500] {processor.py:179} INFO - Processing /usr/local/lib/python3.10/dist-packages/airflow/example_dags/plugins/workday.py took 2.785 seconds
[2023-11-22T15:46:37.505+0500] {processor.py:157} INFO - Started process (PID=15293) to work on /usr/local/lib/python3.10/dist-packages/airflow/example_dags/plugins/workday.py
[2023-11-22T15:46:37.508+0500] {processor.py:829} INFO - Processing file /usr/local/lib/python3.10/dist-packages/airflow/example_dags/plugins/workday.py for tasks to queue
[2023-11-22T15:46:37.511+0500] {logging_mixin.py:154} INFO - [2023-11-22T15:46:37.510+0500] {dagbag.py:536} INFO - Filling up the DagBag from /usr/local/lib/python3.10/dist-packages/airflow/example_dags/plugins/workday.py
[2023-11-22T15:46:39.551+0500] {processor.py:841} WARNING - No viable dags retrieved from /usr/local/lib/python3.10/dist-packages/airflow/example_dags/plugins/workday.py
[2023-11-22T15:46:39.628+0500] {processor.py:179} INFO - Processing /usr/local/lib/python3.10/dist-packages/airflow/example_dags/plugins/workday.py took 2.137 seconds
[2023-11-22T15:47:09.919+0500] {processor.py:157} INFO - Started process (PID=15463) to work on /usr/local/lib/python3.10/dist-packages/airflow/example_dags/plugins/workday.py
[2023-11-22T15:47:09.922+0500] {processor.py:829} INFO - Processing file /usr/local/lib/python3.10/dist-packages/airflow/example_dags/plugins/workday.py for tasks to queue
[2023-11-22T15:47:09.926+0500] {logging_mixin.py:154} INFO - [2023-11-22T15:47:09.923+0500] {dagbag.py:536} INFO - Filling up the DagBag from /usr/local/lib/python3.10/dist-packages/airflow/example_dags/plugins/workday.py
[2023-11-22T15:47:12.023+0500] {processor.py:841} WARNING - No viable dags retrieved from /usr/local/lib/python3.10/dist-packages/airflow/example_dags/plugins/workday.py
[2023-11-22T15:47:12.123+0500] {processor.py:179} INFO - Processing /usr/local/lib/python3.10/dist-packages/airflow/example_dags/plugins/workday.py took 2.214 seconds
[2023-11-22T15:47:42.611+0500] {processor.py:157} INFO - Started process (PID=15629) to work on /usr/local/lib/python3.10/dist-packages/airflow/example_dags/plugins/workday.py
[2023-11-22T15:47:42.613+0500] {processor.py:829} INFO - Processing file /usr/local/lib/python3.10/dist-packages/airflow/example_dags/plugins/workday.py for tasks to queue
[2023-11-22T15:47:42.617+0500] {logging_mixin.py:154} INFO - [2023-11-22T15:47:42.616+0500] {dagbag.py:536} INFO - Filling up the DagBag from /usr/local/lib/python3.10/dist-packages/airflow/example_dags/plugins/workday.py
[2023-11-22T15:47:44.519+0500] {processor.py:841} WARNING - No viable dags retrieved from /usr/local/lib/python3.10/dist-packages/airflow/example_dags/plugins/workday.py
[2023-11-22T15:47:44.577+0500] {processor.py:179} INFO - Processing /usr/local/lib/python3.10/dist-packages/airflow/example_dags/plugins/workday.py took 1.977 seconds
[2023-11-22T15:48:15.128+0500] {processor.py:157} INFO - Started process (PID=15786) to work on /usr/local/lib/python3.10/dist-packages/airflow/example_dags/plugins/workday.py
[2023-11-22T15:48:15.130+0500] {processor.py:829} INFO - Processing file /usr/local/lib/python3.10/dist-packages/airflow/example_dags/plugins/workday.py for tasks to queue
[2023-11-22T15:48:15.133+0500] {logging_mixin.py:154} INFO - [2023-11-22T15:48:15.132+0500] {dagbag.py:536} INFO - Filling up the DagBag from /usr/local/lib/python3.10/dist-packages/airflow/example_dags/plugins/workday.py
[2023-11-22T15:48:18.172+0500] {processor.py:841} WARNING - No viable dags retrieved from /usr/local/lib/python3.10/dist-packages/airflow/example_dags/plugins/workday.py
[2023-11-22T15:48:18.230+0500] {processor.py:179} INFO - Processing /usr/local/lib/python3.10/dist-packages/airflow/example_dags/plugins/workday.py took 3.114 seconds
[2023-11-22T15:48:49.121+0500] {processor.py:157} INFO - Started process (PID=15919) to work on /usr/local/lib/python3.10/dist-packages/airflow/example_dags/plugins/workday.py
[2023-11-22T15:48:49.124+0500] {processor.py:829} INFO - Processing file /usr/local/lib/python3.10/dist-packages/airflow/example_dags/plugins/workday.py for tasks to queue
[2023-11-22T15:48:49.127+0500] {logging_mixin.py:154} INFO - [2023-11-22T15:48:49.126+0500] {dagbag.py:536} INFO - Filling up the DagBag from /usr/local/lib/python3.10/dist-packages/airflow/example_dags/plugins/workday.py
[2023-11-22T15:48:51.256+0500] {processor.py:841} WARNING - No viable dags retrieved from /usr/local/lib/python3.10/dist-packages/airflow/example_dags/plugins/workday.py
[2023-11-22T15:48:51.320+0500] {processor.py:179} INFO - Processing /usr/local/lib/python3.10/dist-packages/airflow/example_dags/plugins/workday.py took 2.212 seconds
[2023-11-22T15:49:22.095+0500] {processor.py:157} INFO - Started process (PID=16059) to work on /usr/local/lib/python3.10/dist-packages/airflow/example_dags/plugins/workday.py
[2023-11-22T15:49:22.101+0500] {processor.py:829} INFO - Processing file /usr/local/lib/python3.10/dist-packages/airflow/example_dags/plugins/workday.py for tasks to queue
[2023-11-22T15:49:22.111+0500] {logging_mixin.py:154} INFO - [2023-11-22T15:49:22.103+0500] {dagbag.py:536} INFO - Filling up the DagBag from /usr/local/lib/python3.10/dist-packages/airflow/example_dags/plugins/workday.py
[2023-11-22T15:49:25.856+0500] {processor.py:841} WARNING - No viable dags retrieved from /usr/local/lib/python3.10/dist-packages/airflow/example_dags/plugins/workday.py
[2023-11-22T15:49:25.943+0500] {processor.py:179} INFO - Processing /usr/local/lib/python3.10/dist-packages/airflow/example_dags/plugins/workday.py took 3.879 seconds
[2023-11-22T15:49:56.244+0500] {processor.py:157} INFO - Started process (PID=16198) to work on /usr/local/lib/python3.10/dist-packages/airflow/example_dags/plugins/workday.py
[2023-11-22T15:49:56.250+0500] {processor.py:829} INFO - Processing file /usr/local/lib/python3.10/dist-packages/airflow/example_dags/plugins/workday.py for tasks to queue
[2023-11-22T15:49:56.253+0500] {logging_mixin.py:154} INFO - [2023-11-22T15:49:56.252+0500] {dagbag.py:536} INFO - Filling up the DagBag from /usr/local/lib/python3.10/dist-packages/airflow/example_dags/plugins/workday.py
[2023-11-22T15:49:58.242+0500] {processor.py:841} WARNING - No viable dags retrieved from /usr/local/lib/python3.10/dist-packages/airflow/example_dags/plugins/workday.py
[2023-11-22T15:49:58.301+0500] {processor.py:179} INFO - Processing /usr/local/lib/python3.10/dist-packages/airflow/example_dags/plugins/workday.py took 2.072 seconds
[2023-11-22T15:50:28.477+0500] {processor.py:157} INFO - Started process (PID=16344) to work on /usr/local/lib/python3.10/dist-packages/airflow/example_dags/plugins/workday.py
[2023-11-22T15:50:28.479+0500] {processor.py:829} INFO - Processing file /usr/local/lib/python3.10/dist-packages/airflow/example_dags/plugins/workday.py for tasks to queue
[2023-11-22T15:50:28.482+0500] {logging_mixin.py:154} INFO - [2023-11-22T15:50:28.481+0500] {dagbag.py:536} INFO - Filling up the DagBag from /usr/local/lib/python3.10/dist-packages/airflow/example_dags/plugins/workday.py
[2023-11-22T15:50:31.114+0500] {processor.py:841} WARNING - No viable dags retrieved from /usr/local/lib/python3.10/dist-packages/airflow/example_dags/plugins/workday.py
[2023-11-22T15:50:31.176+0500] {processor.py:179} INFO - Processing /usr/local/lib/python3.10/dist-packages/airflow/example_dags/plugins/workday.py took 2.710 seconds
[2023-11-22T15:51:02.062+0500] {processor.py:157} INFO - Started process (PID=16476) to work on /usr/local/lib/python3.10/dist-packages/airflow/example_dags/plugins/workday.py
[2023-11-22T15:51:02.065+0500] {processor.py:829} INFO - Processing file /usr/local/lib/python3.10/dist-packages/airflow/example_dags/plugins/workday.py for tasks to queue
[2023-11-22T15:51:02.069+0500] {logging_mixin.py:154} INFO - [2023-11-22T15:51:02.068+0500] {dagbag.py:536} INFO - Filling up the DagBag from /usr/local/lib/python3.10/dist-packages/airflow/example_dags/plugins/workday.py
[2023-11-22T15:51:06.134+0500] {processor.py:841} WARNING - No viable dags retrieved from /usr/local/lib/python3.10/dist-packages/airflow/example_dags/plugins/workday.py
[2023-11-22T15:51:06.263+0500] {processor.py:179} INFO - Processing /usr/local/lib/python3.10/dist-packages/airflow/example_dags/plugins/workday.py took 4.227 seconds
[2023-11-22T15:51:36.945+0500] {processor.py:157} INFO - Started process (PID=16621) to work on /usr/local/lib/python3.10/dist-packages/airflow/example_dags/plugins/workday.py
[2023-11-22T15:51:36.948+0500] {processor.py:829} INFO - Processing file /usr/local/lib/python3.10/dist-packages/airflow/example_dags/plugins/workday.py for tasks to queue
[2023-11-22T15:51:36.951+0500] {logging_mixin.py:154} INFO - [2023-11-22T15:51:36.950+0500] {dagbag.py:536} INFO - Filling up the DagBag from /usr/local/lib/python3.10/dist-packages/airflow/example_dags/plugins/workday.py
[2023-11-22T15:51:38.833+0500] {processor.py:841} WARNING - No viable dags retrieved from /usr/local/lib/python3.10/dist-packages/airflow/example_dags/plugins/workday.py
[2023-11-22T15:51:38.891+0500] {processor.py:179} INFO - Processing /usr/local/lib/python3.10/dist-packages/airflow/example_dags/plugins/workday.py took 1.962 seconds
[2023-11-22T15:52:09.314+0500] {processor.py:157} INFO - Started process (PID=16778) to work on /usr/local/lib/python3.10/dist-packages/airflow/example_dags/plugins/workday.py
[2023-11-22T15:52:09.316+0500] {processor.py:829} INFO - Processing file /usr/local/lib/python3.10/dist-packages/airflow/example_dags/plugins/workday.py for tasks to queue
[2023-11-22T15:52:09.321+0500] {logging_mixin.py:154} INFO - [2023-11-22T15:52:09.319+0500] {dagbag.py:536} INFO - Filling up the DagBag from /usr/local/lib/python3.10/dist-packages/airflow/example_dags/plugins/workday.py
[2023-11-22T15:52:11.656+0500] {processor.py:841} WARNING - No viable dags retrieved from /usr/local/lib/python3.10/dist-packages/airflow/example_dags/plugins/workday.py
[2023-11-22T15:52:11.717+0500] {processor.py:179} INFO - Processing /usr/local/lib/python3.10/dist-packages/airflow/example_dags/plugins/workday.py took 2.416 seconds
[2023-11-22T15:52:42.444+0500] {processor.py:157} INFO - Started process (PID=16927) to work on /usr/local/lib/python3.10/dist-packages/airflow/example_dags/plugins/workday.py
[2023-11-22T15:52:42.451+0500] {processor.py:829} INFO - Processing file /usr/local/lib/python3.10/dist-packages/airflow/example_dags/plugins/workday.py for tasks to queue
[2023-11-22T15:52:42.455+0500] {logging_mixin.py:154} INFO - [2023-11-22T15:52:42.453+0500] {dagbag.py:536} INFO - Filling up the DagBag from /usr/local/lib/python3.10/dist-packages/airflow/example_dags/plugins/workday.py
[2023-11-22T15:52:44.587+0500] {processor.py:841} WARNING - No viable dags retrieved from /usr/local/lib/python3.10/dist-packages/airflow/example_dags/plugins/workday.py
[2023-11-22T15:52:44.647+0500] {processor.py:179} INFO - Processing /usr/local/lib/python3.10/dist-packages/airflow/example_dags/plugins/workday.py took 2.219 seconds
[2023-11-22T15:53:15.698+0500] {processor.py:157} INFO - Started process (PID=17097) to work on /usr/local/lib/python3.10/dist-packages/airflow/example_dags/plugins/workday.py
[2023-11-22T15:53:15.715+0500] {processor.py:829} INFO - Processing file /usr/local/lib/python3.10/dist-packages/airflow/example_dags/plugins/workday.py for tasks to queue
[2023-11-22T15:53:15.718+0500] {logging_mixin.py:154} INFO - [2023-11-22T15:53:15.717+0500] {dagbag.py:536} INFO - Filling up the DagBag from /usr/local/lib/python3.10/dist-packages/airflow/example_dags/plugins/workday.py
[2023-11-22T15:53:18.646+0500] {processor.py:841} WARNING - No viable dags retrieved from /usr/local/lib/python3.10/dist-packages/airflow/example_dags/plugins/workday.py
[2023-11-22T15:53:18.706+0500] {processor.py:179} INFO - Processing /usr/local/lib/python3.10/dist-packages/airflow/example_dags/plugins/workday.py took 3.021 seconds
[2023-11-22T15:53:49.037+0500] {processor.py:157} INFO - Started process (PID=17308) to work on /usr/local/lib/python3.10/dist-packages/airflow/example_dags/plugins/workday.py
[2023-11-22T15:53:49.046+0500] {processor.py:829} INFO - Processing file /usr/local/lib/python3.10/dist-packages/airflow/example_dags/plugins/workday.py for tasks to queue
[2023-11-22T15:53:49.049+0500] {logging_mixin.py:154} INFO - [2023-11-22T15:53:49.048+0500] {dagbag.py:536} INFO - Filling up the DagBag from /usr/local/lib/python3.10/dist-packages/airflow/example_dags/plugins/workday.py
[2023-11-22T15:53:53.337+0500] {processor.py:841} WARNING - No viable dags retrieved from /usr/local/lib/python3.10/dist-packages/airflow/example_dags/plugins/workday.py
[2023-11-22T15:53:53.408+0500] {processor.py:179} INFO - Processing /usr/local/lib/python3.10/dist-packages/airflow/example_dags/plugins/workday.py took 4.386 seconds
[2023-11-22T15:54:23.553+0500] {processor.py:157} INFO - Started process (PID=17522) to work on /usr/local/lib/python3.10/dist-packages/airflow/example_dags/plugins/workday.py
[2023-11-22T15:54:23.559+0500] {processor.py:829} INFO - Processing file /usr/local/lib/python3.10/dist-packages/airflow/example_dags/plugins/workday.py for tasks to queue
[2023-11-22T15:54:23.562+0500] {logging_mixin.py:154} INFO - [2023-11-22T15:54:23.560+0500] {dagbag.py:536} INFO - Filling up the DagBag from /usr/local/lib/python3.10/dist-packages/airflow/example_dags/plugins/workday.py
[2023-11-22T15:54:27.273+0500] {processor.py:841} WARNING - No viable dags retrieved from /usr/local/lib/python3.10/dist-packages/airflow/example_dags/plugins/workday.py
[2023-11-22T15:54:27.361+0500] {processor.py:179} INFO - Processing /usr/local/lib/python3.10/dist-packages/airflow/example_dags/plugins/workday.py took 3.822 seconds
[2023-11-22T15:54:57.782+0500] {processor.py:157} INFO - Started process (PID=17679) to work on /usr/local/lib/python3.10/dist-packages/airflow/example_dags/plugins/workday.py
[2023-11-22T15:54:57.787+0500] {processor.py:829} INFO - Processing file /usr/local/lib/python3.10/dist-packages/airflow/example_dags/plugins/workday.py for tasks to queue
[2023-11-22T15:54:57.791+0500] {logging_mixin.py:154} INFO - [2023-11-22T15:54:57.789+0500] {dagbag.py:536} INFO - Filling up the DagBag from /usr/local/lib/python3.10/dist-packages/airflow/example_dags/plugins/workday.py
[2023-11-22T15:55:00.516+0500] {processor.py:841} WARNING - No viable dags retrieved from /usr/local/lib/python3.10/dist-packages/airflow/example_dags/plugins/workday.py
[2023-11-22T15:55:00.574+0500] {processor.py:179} INFO - Processing /usr/local/lib/python3.10/dist-packages/airflow/example_dags/plugins/workday.py took 2.807 seconds
[2023-11-22T15:55:30.687+0500] {processor.py:157} INFO - Started process (PID=18122) to work on /usr/local/lib/python3.10/dist-packages/airflow/example_dags/plugins/workday.py
[2023-11-22T15:55:30.690+0500] {processor.py:829} INFO - Processing file /usr/local/lib/python3.10/dist-packages/airflow/example_dags/plugins/workday.py for tasks to queue
[2023-11-22T15:55:30.694+0500] {logging_mixin.py:154} INFO - [2023-11-22T15:55:30.693+0500] {dagbag.py:536} INFO - Filling up the DagBag from /usr/local/lib/python3.10/dist-packages/airflow/example_dags/plugins/workday.py
[2023-11-22T15:55:32.848+0500] {processor.py:841} WARNING - No viable dags retrieved from /usr/local/lib/python3.10/dist-packages/airflow/example_dags/plugins/workday.py
[2023-11-22T15:55:32.905+0500] {processor.py:179} INFO - Processing /usr/local/lib/python3.10/dist-packages/airflow/example_dags/plugins/workday.py took 2.233 seconds
[2023-11-22T15:56:03.065+0500] {processor.py:157} INFO - Started process (PID=18246) to work on /usr/local/lib/python3.10/dist-packages/airflow/example_dags/plugins/workday.py
[2023-11-22T15:56:03.067+0500] {processor.py:829} INFO - Processing file /usr/local/lib/python3.10/dist-packages/airflow/example_dags/plugins/workday.py for tasks to queue
[2023-11-22T15:56:03.071+0500] {logging_mixin.py:154} INFO - [2023-11-22T15:56:03.069+0500] {dagbag.py:536} INFO - Filling up the DagBag from /usr/local/lib/python3.10/dist-packages/airflow/example_dags/plugins/workday.py
[2023-11-22T15:56:05.073+0500] {processor.py:841} WARNING - No viable dags retrieved from /usr/local/lib/python3.10/dist-packages/airflow/example_dags/plugins/workday.py
[2023-11-22T15:56:05.130+0500] {processor.py:179} INFO - Processing /usr/local/lib/python3.10/dist-packages/airflow/example_dags/plugins/workday.py took 2.077 seconds
[2023-11-22T15:56:35.976+0500] {processor.py:157} INFO - Started process (PID=18357) to work on /usr/local/lib/python3.10/dist-packages/airflow/example_dags/plugins/workday.py
[2023-11-22T15:56:35.979+0500] {processor.py:829} INFO - Processing file /usr/local/lib/python3.10/dist-packages/airflow/example_dags/plugins/workday.py for tasks to queue
[2023-11-22T15:56:35.982+0500] {logging_mixin.py:154} INFO - [2023-11-22T15:56:35.981+0500] {dagbag.py:536} INFO - Filling up the DagBag from /usr/local/lib/python3.10/dist-packages/airflow/example_dags/plugins/workday.py
[2023-11-22T15:56:38.026+0500] {processor.py:841} WARNING - No viable dags retrieved from /usr/local/lib/python3.10/dist-packages/airflow/example_dags/plugins/workday.py
[2023-11-22T15:56:38.084+0500] {processor.py:179} INFO - Processing /usr/local/lib/python3.10/dist-packages/airflow/example_dags/plugins/workday.py took 2.120 seconds
[2023-11-22T15:57:08.513+0500] {processor.py:157} INFO - Started process (PID=18483) to work on /usr/local/lib/python3.10/dist-packages/airflow/example_dags/plugins/workday.py
[2023-11-22T15:57:08.516+0500] {processor.py:829} INFO - Processing file /usr/local/lib/python3.10/dist-packages/airflow/example_dags/plugins/workday.py for tasks to queue
[2023-11-22T15:57:08.520+0500] {logging_mixin.py:154} INFO - [2023-11-22T15:57:08.519+0500] {dagbag.py:536} INFO - Filling up the DagBag from /usr/local/lib/python3.10/dist-packages/airflow/example_dags/plugins/workday.py
[2023-11-22T15:57:10.637+0500] {processor.py:841} WARNING - No viable dags retrieved from /usr/local/lib/python3.10/dist-packages/airflow/example_dags/plugins/workday.py
[2023-11-22T15:57:10.705+0500] {processor.py:179} INFO - Processing /usr/local/lib/python3.10/dist-packages/airflow/example_dags/plugins/workday.py took 2.209 seconds
[2023-11-22T15:57:40.984+0500] {processor.py:157} INFO - Started process (PID=18593) to work on /usr/local/lib/python3.10/dist-packages/airflow/example_dags/plugins/workday.py
[2023-11-22T15:57:40.987+0500] {processor.py:829} INFO - Processing file /usr/local/lib/python3.10/dist-packages/airflow/example_dags/plugins/workday.py for tasks to queue
[2023-11-22T15:57:40.990+0500] {logging_mixin.py:154} INFO - [2023-11-22T15:57:40.989+0500] {dagbag.py:536} INFO - Filling up the DagBag from /usr/local/lib/python3.10/dist-packages/airflow/example_dags/plugins/workday.py
[2023-11-22T15:57:42.862+0500] {processor.py:841} WARNING - No viable dags retrieved from /usr/local/lib/python3.10/dist-packages/airflow/example_dags/plugins/workday.py
[2023-11-22T15:57:42.916+0500] {processor.py:179} INFO - Processing /usr/local/lib/python3.10/dist-packages/airflow/example_dags/plugins/workday.py took 1.943 seconds
[2023-11-22T15:58:13.244+0500] {processor.py:157} INFO - Started process (PID=18697) to work on /usr/local/lib/python3.10/dist-packages/airflow/example_dags/plugins/workday.py
[2023-11-22T15:58:13.247+0500] {processor.py:829} INFO - Processing file /usr/local/lib/python3.10/dist-packages/airflow/example_dags/plugins/workday.py for tasks to queue
[2023-11-22T15:58:13.250+0500] {logging_mixin.py:154} INFO - [2023-11-22T15:58:13.249+0500] {dagbag.py:536} INFO - Filling up the DagBag from /usr/local/lib/python3.10/dist-packages/airflow/example_dags/plugins/workday.py
[2023-11-22T15:58:15.217+0500] {processor.py:841} WARNING - No viable dags retrieved from /usr/local/lib/python3.10/dist-packages/airflow/example_dags/plugins/workday.py
[2023-11-22T15:58:15.280+0500] {processor.py:179} INFO - Processing /usr/local/lib/python3.10/dist-packages/airflow/example_dags/plugins/workday.py took 2.049 seconds
[2023-11-22T15:58:45.709+0500] {processor.py:157} INFO - Started process (PID=18805) to work on /usr/local/lib/python3.10/dist-packages/airflow/example_dags/plugins/workday.py
[2023-11-22T15:58:45.712+0500] {processor.py:829} INFO - Processing file /usr/local/lib/python3.10/dist-packages/airflow/example_dags/plugins/workday.py for tasks to queue
[2023-11-22T15:58:45.715+0500] {logging_mixin.py:154} INFO - [2023-11-22T15:58:45.714+0500] {dagbag.py:536} INFO - Filling up the DagBag from /usr/local/lib/python3.10/dist-packages/airflow/example_dags/plugins/workday.py
[2023-11-22T15:58:47.641+0500] {processor.py:841} WARNING - No viable dags retrieved from /usr/local/lib/python3.10/dist-packages/airflow/example_dags/plugins/workday.py
[2023-11-22T15:58:47.696+0500] {processor.py:179} INFO - Processing /usr/local/lib/python3.10/dist-packages/airflow/example_dags/plugins/workday.py took 1.999 seconds
[2023-11-22T15:59:18.016+0500] {processor.py:157} INFO - Started process (PID=18913) to work on /usr/local/lib/python3.10/dist-packages/airflow/example_dags/plugins/workday.py
[2023-11-22T15:59:18.019+0500] {processor.py:829} INFO - Processing file /usr/local/lib/python3.10/dist-packages/airflow/example_dags/plugins/workday.py for tasks to queue
[2023-11-22T15:59:18.022+0500] {logging_mixin.py:154} INFO - [2023-11-22T15:59:18.021+0500] {dagbag.py:536} INFO - Filling up the DagBag from /usr/local/lib/python3.10/dist-packages/airflow/example_dags/plugins/workday.py
[2023-11-22T15:59:19.931+0500] {processor.py:841} WARNING - No viable dags retrieved from /usr/local/lib/python3.10/dist-packages/airflow/example_dags/plugins/workday.py
[2023-11-22T15:59:19.988+0500] {processor.py:179} INFO - Processing /usr/local/lib/python3.10/dist-packages/airflow/example_dags/plugins/workday.py took 1.984 seconds
[2023-11-22T15:59:50.120+0500] {processor.py:157} INFO - Started process (PID=19018) to work on /usr/local/lib/python3.10/dist-packages/airflow/example_dags/plugins/workday.py
[2023-11-22T15:59:50.123+0500] {processor.py:829} INFO - Processing file /usr/local/lib/python3.10/dist-packages/airflow/example_dags/plugins/workday.py for tasks to queue
[2023-11-22T15:59:50.126+0500] {logging_mixin.py:154} INFO - [2023-11-22T15:59:50.125+0500] {dagbag.py:536} INFO - Filling up the DagBag from /usr/local/lib/python3.10/dist-packages/airflow/example_dags/plugins/workday.py
[2023-11-22T15:59:52.055+0500] {processor.py:841} WARNING - No viable dags retrieved from /usr/local/lib/python3.10/dist-packages/airflow/example_dags/plugins/workday.py
[2023-11-22T15:59:52.114+0500] {processor.py:179} INFO - Processing /usr/local/lib/python3.10/dist-packages/airflow/example_dags/plugins/workday.py took 2.006 seconds
[2023-11-22T16:00:22.456+0500] {processor.py:157} INFO - Started process (PID=19129) to work on /usr/local/lib/python3.10/dist-packages/airflow/example_dags/plugins/workday.py
[2023-11-22T16:00:22.459+0500] {processor.py:829} INFO - Processing file /usr/local/lib/python3.10/dist-packages/airflow/example_dags/plugins/workday.py for tasks to queue
[2023-11-22T16:00:22.462+0500] {logging_mixin.py:154} INFO - [2023-11-22T16:00:22.461+0500] {dagbag.py:536} INFO - Filling up the DagBag from /usr/local/lib/python3.10/dist-packages/airflow/example_dags/plugins/workday.py
[2023-11-22T16:00:24.269+0500] {processor.py:841} WARNING - No viable dags retrieved from /usr/local/lib/python3.10/dist-packages/airflow/example_dags/plugins/workday.py
[2023-11-22T16:00:24.324+0500] {processor.py:179} INFO - Processing /usr/local/lib/python3.10/dist-packages/airflow/example_dags/plugins/workday.py took 1.881 seconds
[2023-11-22T16:00:54.603+0500] {processor.py:157} INFO - Started process (PID=19237) to work on /usr/local/lib/python3.10/dist-packages/airflow/example_dags/plugins/workday.py
[2023-11-22T16:00:54.606+0500] {processor.py:829} INFO - Processing file /usr/local/lib/python3.10/dist-packages/airflow/example_dags/plugins/workday.py for tasks to queue
[2023-11-22T16:00:54.609+0500] {logging_mixin.py:154} INFO - [2023-11-22T16:00:54.608+0500] {dagbag.py:536} INFO - Filling up the DagBag from /usr/local/lib/python3.10/dist-packages/airflow/example_dags/plugins/workday.py
[2023-11-22T16:00:56.455+0500] {processor.py:841} WARNING - No viable dags retrieved from /usr/local/lib/python3.10/dist-packages/airflow/example_dags/plugins/workday.py
[2023-11-22T16:00:56.511+0500] {processor.py:179} INFO - Processing /usr/local/lib/python3.10/dist-packages/airflow/example_dags/plugins/workday.py took 1.921 seconds
[2023-11-22T16:01:27.050+0500] {processor.py:157} INFO - Started process (PID=19346) to work on /usr/local/lib/python3.10/dist-packages/airflow/example_dags/plugins/workday.py
[2023-11-22T16:01:27.053+0500] {processor.py:829} INFO - Processing file /usr/local/lib/python3.10/dist-packages/airflow/example_dags/plugins/workday.py for tasks to queue
[2023-11-22T16:01:27.056+0500] {logging_mixin.py:154} INFO - [2023-11-22T16:01:27.054+0500] {dagbag.py:536} INFO - Filling up the DagBag from /usr/local/lib/python3.10/dist-packages/airflow/example_dags/plugins/workday.py
[2023-11-22T16:01:28.765+0500] {processor.py:841} WARNING - No viable dags retrieved from /usr/local/lib/python3.10/dist-packages/airflow/example_dags/plugins/workday.py
[2023-11-22T16:01:28.820+0500] {processor.py:179} INFO - Processing /usr/local/lib/python3.10/dist-packages/airflow/example_dags/plugins/workday.py took 1.781 seconds
[2023-11-22T16:01:59.675+0500] {processor.py:157} INFO - Started process (PID=19449) to work on /usr/local/lib/python3.10/dist-packages/airflow/example_dags/plugins/workday.py
[2023-11-22T16:01:59.678+0500] {processor.py:829} INFO - Processing file /usr/local/lib/python3.10/dist-packages/airflow/example_dags/plugins/workday.py for tasks to queue
[2023-11-22T16:01:59.681+0500] {logging_mixin.py:154} INFO - [2023-11-22T16:01:59.680+0500] {dagbag.py:536} INFO - Filling up the DagBag from /usr/local/lib/python3.10/dist-packages/airflow/example_dags/plugins/workday.py
[2023-11-22T16:02:01.507+0500] {processor.py:841} WARNING - No viable dags retrieved from /usr/local/lib/python3.10/dist-packages/airflow/example_dags/plugins/workday.py
[2023-11-22T16:02:01.565+0500] {processor.py:179} INFO - Processing /usr/local/lib/python3.10/dist-packages/airflow/example_dags/plugins/workday.py took 1.902 seconds
[2023-11-22T16:02:32.216+0500] {processor.py:157} INFO - Started process (PID=19581) to work on /usr/local/lib/python3.10/dist-packages/airflow/example_dags/plugins/workday.py
[2023-11-22T16:02:32.220+0500] {processor.py:829} INFO - Processing file /usr/local/lib/python3.10/dist-packages/airflow/example_dags/plugins/workday.py for tasks to queue
[2023-11-22T16:02:32.223+0500] {logging_mixin.py:154} INFO - [2023-11-22T16:02:32.222+0500] {dagbag.py:536} INFO - Filling up the DagBag from /usr/local/lib/python3.10/dist-packages/airflow/example_dags/plugins/workday.py
[2023-11-22T16:02:34.173+0500] {processor.py:841} WARNING - No viable dags retrieved from /usr/local/lib/python3.10/dist-packages/airflow/example_dags/plugins/workday.py
[2023-11-22T16:02:34.230+0500] {processor.py:179} INFO - Processing /usr/local/lib/python3.10/dist-packages/airflow/example_dags/plugins/workday.py took 2.029 seconds
[2023-11-22T16:03:05.110+0500] {processor.py:157} INFO - Started process (PID=19684) to work on /usr/local/lib/python3.10/dist-packages/airflow/example_dags/plugins/workday.py
[2023-11-22T16:03:05.113+0500] {processor.py:829} INFO - Processing file /usr/local/lib/python3.10/dist-packages/airflow/example_dags/plugins/workday.py for tasks to queue
[2023-11-22T16:03:05.116+0500] {logging_mixin.py:154} INFO - [2023-11-22T16:03:05.115+0500] {dagbag.py:536} INFO - Filling up the DagBag from /usr/local/lib/python3.10/dist-packages/airflow/example_dags/plugins/workday.py
[2023-11-22T16:03:07.001+0500] {processor.py:841} WARNING - No viable dags retrieved from /usr/local/lib/python3.10/dist-packages/airflow/example_dags/plugins/workday.py
[2023-11-22T16:03:07.057+0500] {processor.py:179} INFO - Processing /usr/local/lib/python3.10/dist-packages/airflow/example_dags/plugins/workday.py took 1.962 seconds
[2023-11-22T16:03:37.818+0500] {processor.py:157} INFO - Started process (PID=19785) to work on /usr/local/lib/python3.10/dist-packages/airflow/example_dags/plugins/workday.py
[2023-11-22T16:03:37.821+0500] {processor.py:829} INFO - Processing file /usr/local/lib/python3.10/dist-packages/airflow/example_dags/plugins/workday.py for tasks to queue
[2023-11-22T16:03:37.824+0500] {logging_mixin.py:154} INFO - [2023-11-22T16:03:37.823+0500] {dagbag.py:536} INFO - Filling up the DagBag from /usr/local/lib/python3.10/dist-packages/airflow/example_dags/plugins/workday.py
[2023-11-22T16:03:39.604+0500] {processor.py:841} WARNING - No viable dags retrieved from /usr/local/lib/python3.10/dist-packages/airflow/example_dags/plugins/workday.py
[2023-11-22T16:03:39.659+0500] {processor.py:179} INFO - Processing /usr/local/lib/python3.10/dist-packages/airflow/example_dags/plugins/workday.py took 1.853 seconds
[2023-11-22T16:04:09.793+0500] {processor.py:157} INFO - Started process (PID=19935) to work on /usr/local/lib/python3.10/dist-packages/airflow/example_dags/plugins/workday.py
[2023-11-22T16:04:09.796+0500] {processor.py:829} INFO - Processing file /usr/local/lib/python3.10/dist-packages/airflow/example_dags/plugins/workday.py for tasks to queue
[2023-11-22T16:04:09.799+0500] {logging_mixin.py:154} INFO - [2023-11-22T16:04:09.798+0500] {dagbag.py:536} INFO - Filling up the DagBag from /usr/local/lib/python3.10/dist-packages/airflow/example_dags/plugins/workday.py
[2023-11-22T16:04:12.176+0500] {processor.py:841} WARNING - No viable dags retrieved from /usr/local/lib/python3.10/dist-packages/airflow/example_dags/plugins/workday.py
[2023-11-22T16:04:12.244+0500] {processor.py:179} INFO - Processing /usr/local/lib/python3.10/dist-packages/airflow/example_dags/plugins/workday.py took 2.464 seconds
[2023-11-22T16:04:42.487+0500] {processor.py:157} INFO - Started process (PID=20040) to work on /usr/local/lib/python3.10/dist-packages/airflow/example_dags/plugins/workday.py
[2023-11-22T16:04:42.490+0500] {processor.py:829} INFO - Processing file /usr/local/lib/python3.10/dist-packages/airflow/example_dags/plugins/workday.py for tasks to queue
[2023-11-22T16:04:42.493+0500] {logging_mixin.py:154} INFO - [2023-11-22T16:04:42.492+0500] {dagbag.py:536} INFO - Filling up the DagBag from /usr/local/lib/python3.10/dist-packages/airflow/example_dags/plugins/workday.py
[2023-11-22T16:04:44.286+0500] {processor.py:841} WARNING - No viable dags retrieved from /usr/local/lib/python3.10/dist-packages/airflow/example_dags/plugins/workday.py
[2023-11-22T16:04:44.343+0500] {processor.py:179} INFO - Processing /usr/local/lib/python3.10/dist-packages/airflow/example_dags/plugins/workday.py took 1.867 seconds
[2023-11-22T16:05:14.470+0500] {processor.py:157} INFO - Started process (PID=20157) to work on /usr/local/lib/python3.10/dist-packages/airflow/example_dags/plugins/workday.py
[2023-11-22T16:05:14.473+0500] {processor.py:829} INFO - Processing file /usr/local/lib/python3.10/dist-packages/airflow/example_dags/plugins/workday.py for tasks to queue
[2023-11-22T16:05:14.476+0500] {logging_mixin.py:154} INFO - [2023-11-22T16:05:14.475+0500] {dagbag.py:536} INFO - Filling up the DagBag from /usr/local/lib/python3.10/dist-packages/airflow/example_dags/plugins/workday.py
[2023-11-22T16:05:16.272+0500] {processor.py:841} WARNING - No viable dags retrieved from /usr/local/lib/python3.10/dist-packages/airflow/example_dags/plugins/workday.py
[2023-11-22T16:05:16.328+0500] {processor.py:179} INFO - Processing /usr/local/lib/python3.10/dist-packages/airflow/example_dags/plugins/workday.py took 1.870 seconds
[2023-11-22T16:05:46.689+0500] {processor.py:157} INFO - Started process (PID=20267) to work on /usr/local/lib/python3.10/dist-packages/airflow/example_dags/plugins/workday.py
[2023-11-22T16:05:46.691+0500] {processor.py:829} INFO - Processing file /usr/local/lib/python3.10/dist-packages/airflow/example_dags/plugins/workday.py for tasks to queue
[2023-11-22T16:05:46.695+0500] {logging_mixin.py:154} INFO - [2023-11-22T16:05:46.694+0500] {dagbag.py:536} INFO - Filling up the DagBag from /usr/local/lib/python3.10/dist-packages/airflow/example_dags/plugins/workday.py
[2023-11-22T16:05:48.456+0500] {processor.py:841} WARNING - No viable dags retrieved from /usr/local/lib/python3.10/dist-packages/airflow/example_dags/plugins/workday.py
[2023-11-22T16:05:48.512+0500] {processor.py:179} INFO - Processing /usr/local/lib/python3.10/dist-packages/airflow/example_dags/plugins/workday.py took 1.838 seconds
[2023-11-22T16:06:18.864+0500] {processor.py:157} INFO - Started process (PID=20419) to work on /usr/local/lib/python3.10/dist-packages/airflow/example_dags/plugins/workday.py
[2023-11-22T16:06:18.867+0500] {processor.py:829} INFO - Processing file /usr/local/lib/python3.10/dist-packages/airflow/example_dags/plugins/workday.py for tasks to queue
[2023-11-22T16:06:18.870+0500] {logging_mixin.py:154} INFO - [2023-11-22T16:06:18.869+0500] {dagbag.py:536} INFO - Filling up the DagBag from /usr/local/lib/python3.10/dist-packages/airflow/example_dags/plugins/workday.py
[2023-11-22T16:06:20.697+0500] {processor.py:841} WARNING - No viable dags retrieved from /usr/local/lib/python3.10/dist-packages/airflow/example_dags/plugins/workday.py
[2023-11-22T16:06:20.758+0500] {processor.py:179} INFO - Processing /usr/local/lib/python3.10/dist-packages/airflow/example_dags/plugins/workday.py took 1.905 seconds
